<?xml version="1.0" encoding="UTF-8"?>
<!-- Generated by org.testng.reporters.JUnitReportReporter -->
<testsuite hostname="LAPTOP-SPH6G305" failures="0" tests="1" name="testNG.PriorityBeforeClass" time="0.017" errors="0" timestamp="2024-08-28T11:58:02 IST" skipped="0">
  <testcase classname="testNG.PriorityBeforeClass" name="testCase2" time="0.017"/>
  <system-out/>
</testsuite> <!-- testNG.PriorityBeforeClass -->
