<?xml version="1.0" encoding="UTF-8"?>
<!-- Generated by org.testng.reporters.JUnitReportReporter -->
<testsuite hostname="LAPTOP-SPH6G305" failures="0" tests="10004" name="seleniumpractice.WaitsInSelenium.Parameterized" time="18.454" errors="1" timestamp="2024-03-22T08:54:56 IST" skipped="0">
  <testcase classname="seleniumpractice.WaitsInSelenium.Parameterized" name="TestCase4" time="0.000"/>
  <testcase classname="seleniumpractice.WaitsInSelenium.Parameterized" name="TestCase4" time="0.000"/>
  <testcase classname="seleniumpractice.WaitsInSelenium.Parameterized" name="TestCase4" time="0.000"/>
  <testcase classname="seleniumpractice.WaitsInSelenium.Parameterized" name="TestCase4" time="0.001"/>
  <testcase classname="seleniumpractice.WaitsInSelenium.Parameterized" name="TestCase4" time="0.001"/>
  <testcase classname="seleniumpractice.WaitsInSelenium.Parameterized" name="TestCase4" time="0.001"/>
  <testcase classname="seleniumpractice.WaitsInSelenium.Parameterized" name="TestCase4" time="0.001"/>
  <testcase classname="seleniumpractice.WaitsInSelenium.Parameterized" name="TestCase4" time="0.000"/>
  <testcase classname="seleniumpractice.WaitsInSelenium.Parameterized" name="TestCase4" time="0.000"/>
  <testcase classname="seleniumpractice.WaitsInSelenium.Parameterized" name="TestCase4" time="0.000"/>
  <testcase classname="seleniumpractice.WaitsInSelenium.Parameterized" name="TestCase4" time="0.000"/>
  <testcase classname="seleniumpractice.WaitsInSelenium.Parameterized" name="TestCase4" time="0.001"/>
  <testcase classname="seleniumpractice.WaitsInSelenium.Parameterized" name="TestCase4" time="0.000"/>
  <testcase classname="seleniumpractice.WaitsInSelenium.Parameterized" name="TestCase4" time="0.000"/>
  <testcase classname="seleniumpractice.WaitsInSelenium.Parameterized" name="TestCase4" time="0.000"/>
  <testcase classname="seleniumpractice.WaitsInSelenium.Parameterized" name="TestCase4" time="0.000"/>
  <testcase classname="seleniumpractice.WaitsInSelenium.Parameterized" name="TestCase4" time="0.000"/>
  <testcase classname="seleniumpractice.WaitsInSelenium.Parameterized" name="TestCase4" time="0.000"/>
  <testcase classname="seleniumpractice.WaitsInSelenium.Parameterized" name="TestCase4" time="0.000"/>
  <testcase classname="seleniumpractice.WaitsInSelenium.Parameterized" name="TestCase4" time="0.000"/>
  <testcase classname="seleniumpractice.WaitsInSelenium.Parameterized" name="TestCase4" time="0.000"/>
  <testcase classname="seleniumpractice.WaitsInSelenium.Parameterized" name="TestCase4" time="0.000"/>
  <testcase classname="seleniumpractice.WaitsInSelenium.Parameterized" name="TestCase4" time="0.001"/>
  <testcase classname="seleniumpractice.WaitsInSelenium.Parameterized" name="TestCase4" time="0.000"/>
  <testcase classname="seleniumpractice.WaitsInSelenium.Parameterized" name="TestCase4" time="0.001"/>
  <testcase classname="seleniumpractice.WaitsInSelenium.Parameterized" name="TestCase4" time="0.001"/>
  <testcase classname="seleniumpractice.WaitsInSelenium.Parameterized" name="TestCase4" time="0.001"/>
  <testcase classname="seleniumpractice.WaitsInSelenium.Parameterized" name="TestCase4" time="0.000"/>
  <testcase classname="seleniumpractice.WaitsInSelenium.Parameterized" name="TestCase4" time="0.000"/>
  <testcase classname="seleniumpractice.WaitsInSelenium.Parameterized" name="TestCase4" time="0.000"/>
  <testcase classname="seleniumpractice.WaitsInSelenium.Parameterized" name="TestCase4" time="0.000"/>
  <testcase classname="seleniumpractice.WaitsInSelenium.Parameterized" name="TestCase4" time="0.000"/>
  <testcase classname="seleniumpractice.WaitsInSelenium.Parameterized" name="TestCase4" time="0.001"/>
  <testcase classname="seleniumpractice.WaitsInSelenium.Parameterized" name="TestCase4" time="0.000"/>
  <testcase classname="seleniumpractice.WaitsInSelenium.Parameterized" name="TestCase4" time="0.000"/>
  <testcase classname="seleniumpractice.WaitsInSelenium.Parameterized" name="TestCase4" time="0.000"/>
  <testcase classname="seleniumpractice.WaitsInSelenium.Parameterized" name="TestCase4" time="0.000"/>
  <testcase classname="seleniumpractice.WaitsInSelenium.Parameterized" name="TestCase4" time="0.000"/>
  <testcase classname="seleniumpractice.WaitsInSelenium.Parameterized" name="TestCase4" time="0.000"/>
  <testcase classname="seleniumpractice.WaitsInSelenium.Parameterized" name="TestCase4" time="0.000"/>
  <testcase classname="seleniumpractice.WaitsInSelenium.Parameterized" name="TestCase4" time="0.000"/>
  <testcase classname="seleniumpractice.WaitsInSelenium.Parameterized" name="TestCase4" time="0.000"/>
  <testcase classname="seleniumpractice.WaitsInSelenium.Parameterized" name="TestCase4" time="0.000"/>
  <testcase classname="seleniumpractice.WaitsInSelenium.Parameterized" name="TestCase4" time="0.000"/>
  <testcase classname="seleniumpractice.WaitsInSelenium.Parameterized" name="TestCase4" time="0.001"/>
  <testcase classname="seleniumpractice.WaitsInSelenium.Parameterized" name="TestCase4" time="0.001"/>
  <testcase classname="seleniumpractice.WaitsInSelenium.Parameterized" name="TestCase4" time="0.001"/>
  <testcase classname="seleniumpractice.WaitsInSelenium.Parameterized" name="TestCase4" time="0.000"/>
  <testcase classname="seleniumpractice.WaitsInSelenium.Parameterized" name="TestCase4" time="0.000"/>
  <testcase classname="seleniumpractice.WaitsInSelenium.Parameterized" name="TestCase4" time="0.000"/>
  <testcase classname="seleniumpractice.WaitsInSelenium.Parameterized" name="TestCase4" time="0.001"/>
  <testcase classname="seleniumpractice.WaitsInSelenium.Parameterized" name="TestCase4" time="0.000"/>
  <testcase classname="seleniumpractice.WaitsInSelenium.Parameterized" name="TestCase4" time="0.000"/>
  <testcase classname="seleniumpractice.WaitsInSelenium.Parameterized" name="TestCase4" time="0.000"/>
  <testcase classname="seleniumpractice.WaitsInSelenium.Parameterized" name="TestCase4" time="0.001"/>
  <testcase classname="seleniumpractice.WaitsInSelenium.Parameterized" name="TestCase4" time="0.001"/>
  <testcase classname="seleniumpractice.WaitsInSelenium.Parameterized" name="TestCase4" time="0.000"/>
  <testcase classname="seleniumpractice.WaitsInSelenium.Parameterized" name="TestCase4" time="0.000"/>
  <testcase classname="seleniumpractice.WaitsInSelenium.Parameterized" name="TestCase4" time="0.000"/>
  <testcase classname="seleniumpractice.WaitsInSelenium.Parameterized" name="TestCase4" time="0.000"/>
  <testcase classname="seleniumpractice.WaitsInSelenium.Parameterized" name="TestCase4" time="0.000"/>
  <testcase classname="seleniumpractice.WaitsInSelenium.Parameterized" name="TestCase4" time="0.000"/>
  <testcase classname="seleniumpractice.WaitsInSelenium.Parameterized" name="TestCase4" time="0.000"/>
  <testcase classname="seleniumpractice.WaitsInSelenium.Parameterized" name="TestCase4" time="0.000"/>
  <testcase classname="seleniumpractice.WaitsInSelenium.Parameterized" name="TestCase4" time="0.000"/>
  <testcase classname="seleniumpractice.WaitsInSelenium.Parameterized" name="TestCase4" time="0.001"/>
  <testcase classname="seleniumpractice.WaitsInSelenium.Parameterized" name="TestCase4" time="0.000"/>
  <testcase classname="seleniumpractice.WaitsInSelenium.Parameterized" name="TestCase4" time="0.000"/>
  <testcase classname="seleniumpractice.WaitsInSelenium.Parameterized" name="TestCase4" time="0.000"/>
  <testcase classname="seleniumpractice.WaitsInSelenium.Parameterized" name="TestCase4" time="0.000"/>
  <testcase classname="seleniumpractice.WaitsInSelenium.Parameterized" name="TestCase4" time="0.000"/>
  <testcase classname="seleniumpractice.WaitsInSelenium.Parameterized" name="TestCase4" time="0.000"/>
  <testcase classname="seleniumpractice.WaitsInSelenium.Parameterized" name="TestCase4" time="0.001"/>
  <testcase classname="seleniumpractice.WaitsInSelenium.Parameterized" name="TestCase4" time="0.000"/>
  <testcase classname="seleniumpractice.WaitsInSelenium.Parameterized" name="TestCase4" time="0.001"/>
  <testcase classname="seleniumpractice.WaitsInSelenium.Parameterized" name="TestCase4" time="0.000"/>
  <testcase classname="seleniumpractice.WaitsInSelenium.Parameterized" name="TestCase4" time="0.000"/>
  <testcase classname="seleniumpractice.WaitsInSelenium.Parameterized" name="TestCase4" time="0.000"/>
  <testcase classname="seleniumpractice.WaitsInSelenium.Parameterized" name="TestCase4" time="0.000"/>
  <testcase classname="seleniumpractice.WaitsInSelenium.Parameterized" name="TestCase4" time="0.000"/>
  <testcase classname="seleniumpractice.WaitsInSelenium.Parameterized" name="TestCase4" time="0.000"/>
  <testcase classname="seleniumpractice.WaitsInSelenium.Parameterized" name="TestCase4" time="0.000"/>
  <testcase classname="seleniumpractice.WaitsInSelenium.Parameterized" name="TestCase4" time="0.000"/>
  <testcase classname="seleniumpractice.WaitsInSelenium.Parameterized" name="TestCase4" time="0.000"/>
  <testcase classname="seleniumpractice.WaitsInSelenium.Parameterized" name="TestCase4" time="0.001"/>
  <testcase classname="seleniumpractice.WaitsInSelenium.Parameterized" name="TestCase4" time="0.000"/>
  <testcase classname="seleniumpractice.WaitsInSelenium.Parameterized" name="TestCase4" time="0.000"/>
  <testcase classname="seleniumpractice.WaitsInSelenium.Parameterized" name="TestCase4" time="0.000"/>
  <testcase classname="seleniumpractice.WaitsInSelenium.Parameterized" name="TestCase4" time="0.000"/>
  <testcase classname="seleniumpractice.WaitsInSelenium.Parameterized" name="TestCase4" time="0.001"/>
  <testcase classname="seleniumpractice.WaitsInSelenium.Parameterized" name="TestCase4" time="0.000"/>
  <testcase classname="seleniumpractice.WaitsInSelenium.Parameterized" name="TestCase4" time="0.000"/>
  <testcase classname="seleniumpractice.WaitsInSelenium.Parameterized" name="TestCase4" time="0.001"/>
  <testcase classname="seleniumpractice.WaitsInSelenium.Parameterized" name="TestCase4" time="0.000"/>
  <testcase classname="seleniumpractice.WaitsInSelenium.Parameterized" name="TestCase4" time="0.000"/>
  <testcase classname="seleniumpractice.WaitsInSelenium.Parameterized" name="TestCase4" time="0.001"/>
  <testcase classname="seleniumpractice.WaitsInSelenium.Parameterized" name="TestCase4" time="0.001"/>
  <testcase classname="seleniumpractice.WaitsInSelenium.Parameterized" name="TestCase4" time="0.000"/>
  <testcase classname="seleniumpractice.WaitsInSelenium.Parameterized" name="TestCase4" time="0.001"/>
  <testcase classname="seleniumpractice.WaitsInSelenium.Parameterized" name="TestCase4" time="0.000"/>
  <testcase classname="seleniumpractice.WaitsInSelenium.Parameterized" name="TestCase4" time="0.000"/>
  <testcase classname="seleniumpractice.WaitsInSelenium.Parameterized" name="TestCase4" time="0.000"/>
  <testcase classname="seleniumpractice.WaitsInSelenium.Parameterized" name="TestCase4" time="0.000"/>
  <testcase classname="seleniumpractice.WaitsInSelenium.Parameterized" name="TestCase4" time="0.001"/>
  <testcase classname="seleniumpractice.WaitsInSelenium.Parameterized" name="TestCase4" time="0.000"/>
  <testcase classname="seleniumpractice.WaitsInSelenium.Parameterized" name="TestCase4" time="0.001"/>
  <testcase classname="seleniumpractice.WaitsInSelenium.Parameterized" name="TestCase4" time="0.000"/>
  <testcase classname="seleniumpractice.WaitsInSelenium.Parameterized" name="TestCase4" time="0.000"/>
  <testcase classname="seleniumpractice.WaitsInSelenium.Parameterized" name="TestCase4" time="0.001"/>
  <testcase classname="seleniumpractice.WaitsInSelenium.Parameterized" name="TestCase4" time="0.000"/>
  <testcase classname="seleniumpractice.WaitsInSelenium.Parameterized" name="TestCase4" time="0.000"/>
  <testcase classname="seleniumpractice.WaitsInSelenium.Parameterized" name="TestCase4" time="0.000"/>
  <testcase classname="seleniumpractice.WaitsInSelenium.Parameterized" name="TestCase4" time="0.000"/>
  <testcase classname="seleniumpractice.WaitsInSelenium.Parameterized" name="TestCase4" time="0.000"/>
  <testcase classname="seleniumpractice.WaitsInSelenium.Parameterized" name="TestCase4" time="0.000"/>
  <testcase classname="seleniumpractice.WaitsInSelenium.Parameterized" name="TestCase4" time="0.000"/>
  <testcase classname="seleniumpractice.WaitsInSelenium.Parameterized" name="TestCase4" time="0.000"/>
  <testcase classname="seleniumpractice.WaitsInSelenium.Parameterized" name="TestCase4" time="0.001"/>
  <testcase classname="seleniumpractice.WaitsInSelenium.Parameterized" name="TestCase4" time="0.002"/>
  <testcase classname="seleniumpractice.WaitsInSelenium.Parameterized" name="TestCase4" time="0.001"/>
  <testcase classname="seleniumpractice.WaitsInSelenium.Parameterized" name="TestCase4" time="0.000"/>
  <testcase classname="seleniumpractice.WaitsInSelenium.Parameterized" name="TestCase4" time="0.000"/>
  <testcase classname="seleniumpractice.WaitsInSelenium.Parameterized" name="TestCase4" time="0.001"/>
  <testcase classname="seleniumpractice.WaitsInSelenium.Parameterized" name="TestCase4" time="0.000"/>
  <testcase classname="seleniumpractice.WaitsInSelenium.Parameterized" name="TestCase4" time="0.000"/>
  <testcase classname="seleniumpractice.WaitsInSelenium.Parameterized" name="TestCase4" time="0.000"/>
  <testcase classname="seleniumpractice.WaitsInSelenium.Parameterized" name="TestCase4" time="0.000"/>
  <testcase classname="seleniumpractice.WaitsInSelenium.Parameterized" name="TestCase4" time="0.000"/>
  <testcase classname="seleniumpractice.WaitsInSelenium.Parameterized" name="TestCase4" time="0.000"/>
  <testcase classname="seleniumpractice.WaitsInSelenium.Parameterized" name="TestCase4" time="0.000"/>
  <testcase classname="seleniumpractice.WaitsInSelenium.Parameterized" name="TestCase4" time="0.000"/>
  <testcase classname="seleniumpractice.WaitsInSelenium.Parameterized" name="TestCase4" time="0.001"/>
  <testcase classname="seleniumpractice.WaitsInSelenium.Parameterized" name="TestCase4" time="0.000"/>
  <testcase classname="seleniumpractice.WaitsInSelenium.Parameterized" name="TestCase4" time="0.001"/>
  <testcase classname="seleniumpractice.WaitsInSelenium.Parameterized" name="TestCase4" time="0.001"/>
  <testcase classname="seleniumpractice.WaitsInSelenium.Parameterized" name="TestCase4" time="0.000"/>
  <testcase classname="seleniumpractice.WaitsInSelenium.Parameterized" name="TestCase4" time="0.001"/>
  <testcase classname="seleniumpractice.WaitsInSelenium.Parameterized" name="TestCase4" time="0.001"/>
  <testcase classname="seleniumpractice.WaitsInSelenium.Parameterized" name="TestCase4" time="0.000"/>
  <testcase classname="seleniumpractice.WaitsInSelenium.Parameterized" name="TestCase4" time="0.000"/>
  <testcase classname="seleniumpractice.WaitsInSelenium.Parameterized" name="TestCase4" time="0.000"/>
  <testcase classname="seleniumpractice.WaitsInSelenium.Parameterized" name="TestCase4" time="0.000"/>
  <testcase classname="seleniumpractice.WaitsInSelenium.Parameterized" name="TestCase4" time="0.002"/>
  <testcase classname="seleniumpractice.WaitsInSelenium.Parameterized" name="TestCase4" time="0.000"/>
  <testcase classname="seleniumpractice.WaitsInSelenium.Parameterized" name="TestCase4" time="0.001"/>
  <testcase classname="seleniumpractice.WaitsInSelenium.Parameterized" name="TestCase4" time="0.000"/>
  <testcase classname="seleniumpractice.WaitsInSelenium.Parameterized" name="TestCase4" time="0.000"/>
  <testcase classname="seleniumpractice.WaitsInSelenium.Parameterized" name="TestCase4" time="0.000"/>
  <testcase classname="seleniumpractice.WaitsInSelenium.Parameterized" name="TestCase4" time="0.000"/>
  <testcase classname="seleniumpractice.WaitsInSelenium.Parameterized" name="TestCase4" time="0.000"/>
  <testcase classname="seleniumpractice.WaitsInSelenium.Parameterized" name="TestCase4" time="0.001"/>
  <testcase classname="seleniumpractice.WaitsInSelenium.Parameterized" name="TestCase4" time="0.000"/>
  <testcase classname="seleniumpractice.WaitsInSelenium.Parameterized" name="TestCase4" time="0.002"/>
  <testcase classname="seleniumpractice.WaitsInSelenium.Parameterized" name="TestCase4" time="0.000"/>
  <testcase classname="seleniumpractice.WaitsInSelenium.Parameterized" name="TestCase4" time="0.000"/>
  <testcase classname="seleniumpractice.WaitsInSelenium.Parameterized" name="TestCase4" time="0.000"/>
  <testcase classname="seleniumpractice.WaitsInSelenium.Parameterized" name="TestCase4" time="0.000"/>
  <testcase classname="seleniumpractice.WaitsInSelenium.Parameterized" name="TestCase4" time="0.001"/>
  <testcase classname="seleniumpractice.WaitsInSelenium.Parameterized" name="TestCase4" time="0.001"/>
  <testcase classname="seleniumpractice.WaitsInSelenium.Parameterized" name="TestCase4" time="0.000"/>
  <testcase classname="seleniumpractice.WaitsInSelenium.Parameterized" name="TestCase4" time="0.000"/>
  <testcase classname="seleniumpractice.WaitsInSelenium.Parameterized" name="TestCase4" time="0.000"/>
  <testcase classname="seleniumpractice.WaitsInSelenium.Parameterized" name="TestCase4" time="0.001"/>
  <testcase classname="seleniumpractice.WaitsInSelenium.Parameterized" name="TestCase4" time="0.000"/>
  <testcase classname="seleniumpractice.WaitsInSelenium.Parameterized" name="TestCase4" time="0.001"/>
  <testcase classname="seleniumpractice.WaitsInSelenium.Parameterized" name="TestCase4" time="0.000"/>
  <testcase classname="seleniumpractice.WaitsInSelenium.Parameterized" name="TestCase4" time="0.000"/>
  <testcase classname="seleniumpractice.WaitsInSelenium.Parameterized" name="TestCase4" time="0.001"/>
  <testcase classname="seleniumpractice.WaitsInSelenium.Parameterized" name="TestCase4" time="0.000"/>
  <testcase classname="seleniumpractice.WaitsInSelenium.Parameterized" name="TestCase4" time="0.000"/>
  <testcase classname="seleniumpractice.WaitsInSelenium.Parameterized" name="TestCase4" time="0.001"/>
  <testcase classname="seleniumpractice.WaitsInSelenium.Parameterized" name="TestCase4" time="0.000"/>
  <testcase classname="seleniumpractice.WaitsInSelenium.Parameterized" name="TestCase4" time="0.000"/>
  <testcase classname="seleniumpractice.WaitsInSelenium.Parameterized" name="TestCase4" time="0.001"/>
  <testcase classname="seleniumpractice.WaitsInSelenium.Parameterized" name="TestCase4" time="0.000"/>
  <testcase classname="seleniumpractice.WaitsInSelenium.Parameterized" name="TestCase4" time="0.000"/>
  <testcase classname="seleniumpractice.WaitsInSelenium.Parameterized" name="TestCase4" time="0.000"/>
  <testcase classname="seleniumpractice.WaitsInSelenium.Parameterized" name="TestCase4" time="0.001"/>
  <testcase classname="seleniumpractice.WaitsInSelenium.Parameterized" name="TestCase4" time="0.000"/>
  <testcase classname="seleniumpractice.WaitsInSelenium.Parameterized" name="TestCase4" time="0.000"/>
  <testcase classname="seleniumpractice.WaitsInSelenium.Parameterized" name="TestCase4" time="0.001"/>
  <testcase classname="seleniumpractice.WaitsInSelenium.Parameterized" name="TestCase4" time="0.002"/>
  <testcase classname="seleniumpractice.WaitsInSelenium.Parameterized" name="TestCase4" time="0.000"/>
  <testcase classname="seleniumpractice.WaitsInSelenium.Parameterized" name="TestCase4" time="0.000"/>
  <testcase classname="seleniumpractice.WaitsInSelenium.Parameterized" name="TestCase4" time="0.000"/>
  <testcase classname="seleniumpractice.WaitsInSelenium.Parameterized" name="TestCase4" time="0.000"/>
  <testcase classname="seleniumpractice.WaitsInSelenium.Parameterized" name="TestCase4" time="0.001"/>
  <testcase classname="seleniumpractice.WaitsInSelenium.Parameterized" name="TestCase4" time="0.000"/>
  <testcase classname="seleniumpractice.WaitsInSelenium.Parameterized" name="TestCase4" time="0.001"/>
  <testcase classname="seleniumpractice.WaitsInSelenium.Parameterized" name="TestCase4" time="0.000"/>
  <testcase classname="seleniumpractice.WaitsInSelenium.Parameterized" name="TestCase4" time="0.000"/>
  <testcase classname="seleniumpractice.WaitsInSelenium.Parameterized" name="TestCase4" time="0.000"/>
  <testcase classname="seleniumpractice.WaitsInSelenium.Parameterized" name="TestCase4" time="0.000"/>
  <testcase classname="seleniumpractice.WaitsInSelenium.Parameterized" name="TestCase4" time="0.000"/>
  <testcase classname="seleniumpractice.WaitsInSelenium.Parameterized" name="TestCase4" time="0.000"/>
  <testcase classname="seleniumpractice.WaitsInSelenium.Parameterized" name="TestCase4" time="0.000"/>
  <testcase classname="seleniumpractice.WaitsInSelenium.Parameterized" name="TestCase4" time="0.000"/>
  <testcase classname="seleniumpractice.WaitsInSelenium.Parameterized" name="TestCase4" time="0.000"/>
  <testcase classname="seleniumpractice.WaitsInSelenium.Parameterized" name="TestCase4" time="0.001"/>
  <testcase classname="seleniumpractice.WaitsInSelenium.Parameterized" name="TestCase4" time="0.001"/>
  <testcase classname="seleniumpractice.WaitsInSelenium.Parameterized" name="TestCase4" time="0.000"/>
  <testcase classname="seleniumpractice.WaitsInSelenium.Parameterized" name="TestCase4" time="0.000"/>
  <testcase classname="seleniumpractice.WaitsInSelenium.Parameterized" name="TestCase4" time="0.001"/>
  <testcase classname="seleniumpractice.WaitsInSelenium.Parameterized" name="TestCase4" time="0.000"/>
  <testcase classname="seleniumpractice.WaitsInSelenium.Parameterized" name="TestCase4" time="0.001"/>
  <testcase classname="seleniumpractice.WaitsInSelenium.Parameterized" name="TestCase4" time="0.000"/>
  <testcase classname="seleniumpractice.WaitsInSelenium.Parameterized" name="TestCase4" time="0.000"/>
  <testcase classname="seleniumpractice.WaitsInSelenium.Parameterized" name="TestCase4" time="0.001"/>
  <testcase classname="seleniumpractice.WaitsInSelenium.Parameterized" name="TestCase4" time="0.001"/>
  <testcase classname="seleniumpractice.WaitsInSelenium.Parameterized" name="TestCase4" time="0.000"/>
  <testcase classname="seleniumpractice.WaitsInSelenium.Parameterized" name="TestCase4" time="0.001"/>
  <testcase classname="seleniumpractice.WaitsInSelenium.Parameterized" name="TestCase4" time="0.000"/>
  <testcase classname="seleniumpractice.WaitsInSelenium.Parameterized" name="TestCase4" time="0.001"/>
  <testcase classname="seleniumpractice.WaitsInSelenium.Parameterized" name="TestCase4" time="0.001"/>
  <testcase classname="seleniumpractice.WaitsInSelenium.Parameterized" name="TestCase4" time="0.000"/>
  <testcase classname="seleniumpractice.WaitsInSelenium.Parameterized" name="TestCase4" time="0.000"/>
  <testcase classname="seleniumpractice.WaitsInSelenium.Parameterized" name="TestCase4" time="0.001"/>
  <testcase classname="seleniumpractice.WaitsInSelenium.Parameterized" name="TestCase4" time="0.000"/>
  <testcase classname="seleniumpractice.WaitsInSelenium.Parameterized" name="TestCase4" time="0.000"/>
  <testcase classname="seleniumpractice.WaitsInSelenium.Parameterized" name="TestCase4" time="0.000"/>
  <testcase classname="seleniumpractice.WaitsInSelenium.Parameterized" name="TestCase4" time="0.000"/>
  <testcase classname="seleniumpractice.WaitsInSelenium.Parameterized" name="TestCase4" time="0.000"/>
  <testcase classname="seleniumpractice.WaitsInSelenium.Parameterized" name="TestCase4" time="0.000"/>
  <testcase classname="seleniumpractice.WaitsInSelenium.Parameterized" name="TestCase4" time="0.001"/>
  <testcase classname="seleniumpractice.WaitsInSelenium.Parameterized" name="TestCase4" time="0.000"/>
  <testcase classname="seleniumpractice.WaitsInSelenium.Parameterized" name="TestCase4" time="0.000"/>
  <testcase classname="seleniumpractice.WaitsInSelenium.Parameterized" name="TestCase4" time="0.000"/>
  <testcase classname="seleniumpractice.WaitsInSelenium.Parameterized" name="TestCase4" time="0.001"/>
  <testcase classname="seleniumpractice.WaitsInSelenium.Parameterized" name="TestCase4" time="0.000"/>
  <testcase classname="seleniumpractice.WaitsInSelenium.Parameterized" name="TestCase4" time="0.000"/>
  <testcase classname="seleniumpractice.WaitsInSelenium.Parameterized" name="TestCase4" time="0.000"/>
  <testcase classname="seleniumpractice.WaitsInSelenium.Parameterized" name="TestCase4" time="0.000"/>
  <testcase classname="seleniumpractice.WaitsInSelenium.Parameterized" name="TestCase4" time="0.001"/>
  <testcase classname="seleniumpractice.WaitsInSelenium.Parameterized" name="TestCase4" time="0.000"/>
  <testcase classname="seleniumpractice.WaitsInSelenium.Parameterized" name="TestCase4" time="0.000"/>
  <testcase classname="seleniumpractice.WaitsInSelenium.Parameterized" name="TestCase4" time="0.001"/>
  <testcase classname="seleniumpractice.WaitsInSelenium.Parameterized" name="TestCase4" time="0.000"/>
  <testcase classname="seleniumpractice.WaitsInSelenium.Parameterized" name="TestCase4" time="0.000"/>
  <testcase classname="seleniumpractice.WaitsInSelenium.Parameterized" name="TestCase4" time="0.000"/>
  <testcase classname="seleniumpractice.WaitsInSelenium.Parameterized" name="TestCase4" time="0.001"/>
  <testcase classname="seleniumpractice.WaitsInSelenium.Parameterized" name="TestCase4" time="0.000"/>
  <testcase classname="seleniumpractice.WaitsInSelenium.Parameterized" name="TestCase4" time="0.001"/>
  <testcase classname="seleniumpractice.WaitsInSelenium.Parameterized" name="TestCase4" time="0.000"/>
  <testcase classname="seleniumpractice.WaitsInSelenium.Parameterized" name="TestCase4" time="0.000"/>
  <testcase classname="seleniumpractice.WaitsInSelenium.Parameterized" name="TestCase4" time="0.000"/>
  <testcase classname="seleniumpractice.WaitsInSelenium.Parameterized" name="TestCase4" time="0.000"/>
  <testcase classname="seleniumpractice.WaitsInSelenium.Parameterized" name="TestCase4" time="0.000"/>
  <testcase classname="seleniumpractice.WaitsInSelenium.Parameterized" name="TestCase4" time="0.000"/>
  <testcase classname="seleniumpractice.WaitsInSelenium.Parameterized" name="TestCase4" time="0.000"/>
  <testcase classname="seleniumpractice.WaitsInSelenium.Parameterized" name="TestCase4" time="0.000"/>
  <testcase classname="seleniumpractice.WaitsInSelenium.Parameterized" name="TestCase4" time="0.001"/>
  <testcase classname="seleniumpractice.WaitsInSelenium.Parameterized" name="TestCase4" time="0.000"/>
  <testcase classname="seleniumpractice.WaitsInSelenium.Parameterized" name="TestCase4" time="0.000"/>
  <testcase classname="seleniumpractice.WaitsInSelenium.Parameterized" name="TestCase4" time="0.001"/>
  <testcase classname="seleniumpractice.WaitsInSelenium.Parameterized" name="TestCase4" time="0.000"/>
  <testcase classname="seleniumpractice.WaitsInSelenium.Parameterized" name="TestCase4" time="0.001"/>
  <testcase classname="seleniumpractice.WaitsInSelenium.Parameterized" name="TestCase4" time="0.000"/>
  <testcase classname="seleniumpractice.WaitsInSelenium.Parameterized" name="TestCase4" time="0.000"/>
  <testcase classname="seleniumpractice.WaitsInSelenium.Parameterized" name="TestCase4" time="0.000"/>
  <testcase classname="seleniumpractice.WaitsInSelenium.Parameterized" name="TestCase4" time="0.001"/>
  <testcase classname="seleniumpractice.WaitsInSelenium.Parameterized" name="TestCase4" time="0.000"/>
  <testcase classname="seleniumpractice.WaitsInSelenium.Parameterized" name="TestCase4" time="0.000"/>
  <testcase classname="seleniumpractice.WaitsInSelenium.Parameterized" name="TestCase4" time="0.000"/>
  <testcase classname="seleniumpractice.WaitsInSelenium.Parameterized" name="TestCase4" time="0.000"/>
  <testcase classname="seleniumpractice.WaitsInSelenium.Parameterized" name="TestCase4" time="0.000"/>
  <testcase classname="seleniumpractice.WaitsInSelenium.Parameterized" name="TestCase4" time="0.000"/>
  <testcase classname="seleniumpractice.WaitsInSelenium.Parameterized" name="TestCase4" time="0.000"/>
  <testcase classname="seleniumpractice.WaitsInSelenium.Parameterized" name="TestCase4" time="0.000"/>
  <testcase classname="seleniumpractice.WaitsInSelenium.Parameterized" name="TestCase4" time="0.001"/>
  <testcase classname="seleniumpractice.WaitsInSelenium.Parameterized" name="TestCase4" time="0.000"/>
  <testcase classname="seleniumpractice.WaitsInSelenium.Parameterized" name="TestCase4" time="0.001"/>
  <testcase classname="seleniumpractice.WaitsInSelenium.Parameterized" name="TestCase4" time="0.001"/>
  <testcase classname="seleniumpractice.WaitsInSelenium.Parameterized" name="TestCase4" time="0.000"/>
  <testcase classname="seleniumpractice.WaitsInSelenium.Parameterized" name="TestCase4" time="0.001"/>
  <testcase classname="seleniumpractice.WaitsInSelenium.Parameterized" name="TestCase4" time="0.000"/>
  <testcase classname="seleniumpractice.WaitsInSelenium.Parameterized" name="TestCase4" time="0.000"/>
  <testcase classname="seleniumpractice.WaitsInSelenium.Parameterized" name="TestCase4" time="0.000"/>
  <testcase classname="seleniumpractice.WaitsInSelenium.Parameterized" name="TestCase4" time="0.000"/>
  <testcase classname="seleniumpractice.WaitsInSelenium.Parameterized" name="TestCase4" time="0.000"/>
  <testcase classname="seleniumpractice.WaitsInSelenium.Parameterized" name="TestCase4" time="0.000"/>
  <testcase classname="seleniumpractice.WaitsInSelenium.Parameterized" name="TestCase4" time="0.000"/>
  <testcase classname="seleniumpractice.WaitsInSelenium.Parameterized" name="TestCase4" time="0.001"/>
  <testcase classname="seleniumpractice.WaitsInSelenium.Parameterized" name="TestCase4" time="0.000"/>
  <testcase classname="seleniumpractice.WaitsInSelenium.Parameterized" name="TestCase4" time="0.000"/>
  <testcase classname="seleniumpractice.WaitsInSelenium.Parameterized" name="TestCase4" time="0.000"/>
  <testcase classname="seleniumpractice.WaitsInSelenium.Parameterized" name="TestCase4" time="0.000"/>
  <testcase classname="seleniumpractice.WaitsInSelenium.Parameterized" name="TestCase4" time="0.001"/>
  <testcase classname="seleniumpractice.WaitsInSelenium.Parameterized" name="TestCase4" time="0.000"/>
  <testcase classname="seleniumpractice.WaitsInSelenium.Parameterized" name="TestCase4" time="0.000"/>
  <testcase classname="seleniumpractice.WaitsInSelenium.Parameterized" name="TestCase4" time="0.000"/>
  <testcase classname="seleniumpractice.WaitsInSelenium.Parameterized" name="TestCase4" time="0.000"/>
  <testcase classname="seleniumpractice.WaitsInSelenium.Parameterized" name="TestCase4" time="0.000"/>
  <testcase classname="seleniumpractice.WaitsInSelenium.Parameterized" name="TestCase4" time="0.000"/>
  <testcase classname="seleniumpractice.WaitsInSelenium.Parameterized" name="TestCase4" time="0.000"/>
  <testcase classname="seleniumpractice.WaitsInSelenium.Parameterized" name="TestCase4" time="0.001"/>
  <testcase classname="seleniumpractice.WaitsInSelenium.Parameterized" name="TestCase4" time="0.001"/>
  <testcase classname="seleniumpractice.WaitsInSelenium.Parameterized" name="TestCase4" time="0.000"/>
  <testcase classname="seleniumpractice.WaitsInSelenium.Parameterized" name="TestCase4" time="0.000"/>
  <testcase classname="seleniumpractice.WaitsInSelenium.Parameterized" name="TestCase4" time="0.001"/>
  <testcase classname="seleniumpractice.WaitsInSelenium.Parameterized" name="TestCase4" time="0.000"/>
  <testcase classname="seleniumpractice.WaitsInSelenium.Parameterized" name="TestCase4" time="0.000"/>
  <testcase classname="seleniumpractice.WaitsInSelenium.Parameterized" name="TestCase4" time="0.000"/>
  <testcase classname="seleniumpractice.WaitsInSelenium.Parameterized" name="TestCase4" time="0.000"/>
  <testcase classname="seleniumpractice.WaitsInSelenium.Parameterized" name="TestCase4" time="0.000"/>
  <testcase classname="seleniumpractice.WaitsInSelenium.Parameterized" name="TestCase4" time="0.000"/>
  <testcase classname="seleniumpractice.WaitsInSelenium.Parameterized" name="TestCase4" time="0.000"/>
  <testcase classname="seleniumpractice.WaitsInSelenium.Parameterized" name="TestCase4" time="0.001"/>
  <testcase classname="seleniumpractice.WaitsInSelenium.Parameterized" name="TestCase4" time="0.001"/>
  <testcase classname="seleniumpractice.WaitsInSelenium.Parameterized" name="TestCase4" time="0.000"/>
  <testcase classname="seleniumpractice.WaitsInSelenium.Parameterized" name="TestCase4" time="0.001"/>
  <testcase classname="seleniumpractice.WaitsInSelenium.Parameterized" name="TestCase4" time="0.000"/>
  <testcase classname="seleniumpractice.WaitsInSelenium.Parameterized" name="TestCase4" time="0.000"/>
  <testcase classname="seleniumpractice.WaitsInSelenium.Parameterized" name="TestCase4" time="0.001"/>
  <testcase classname="seleniumpractice.WaitsInSelenium.Parameterized" name="TestCase4" time="0.000"/>
  <testcase classname="seleniumpractice.WaitsInSelenium.Parameterized" name="TestCase4" time="0.001"/>
  <testcase classname="seleniumpractice.WaitsInSelenium.Parameterized" name="TestCase4" time="0.001"/>
  <testcase classname="seleniumpractice.WaitsInSelenium.Parameterized" name="TestCase4" time="0.000"/>
  <testcase classname="seleniumpractice.WaitsInSelenium.Parameterized" name="TestCase4" time="0.000"/>
  <testcase classname="seleniumpractice.WaitsInSelenium.Parameterized" name="TestCase4" time="0.000"/>
  <testcase classname="seleniumpractice.WaitsInSelenium.Parameterized" name="TestCase4" time="0.000"/>
  <testcase classname="seleniumpractice.WaitsInSelenium.Parameterized" name="TestCase4" time="0.000"/>
  <testcase classname="seleniumpractice.WaitsInSelenium.Parameterized" name="TestCase4" time="0.000"/>
  <testcase classname="seleniumpractice.WaitsInSelenium.Parameterized" name="TestCase4" time="0.000"/>
  <testcase classname="seleniumpractice.WaitsInSelenium.Parameterized" name="TestCase4" time="0.000"/>
  <testcase classname="seleniumpractice.WaitsInSelenium.Parameterized" name="TestCase4" time="0.001"/>
  <testcase classname="seleniumpractice.WaitsInSelenium.Parameterized" name="TestCase4" time="0.001"/>
  <testcase classname="seleniumpractice.WaitsInSelenium.Parameterized" name="TestCase4" time="0.001"/>
  <testcase classname="seleniumpractice.WaitsInSelenium.Parameterized" name="TestCase4" time="0.000"/>
  <testcase classname="seleniumpractice.WaitsInSelenium.Parameterized" name="TestCase4" time="0.001"/>
  <testcase classname="seleniumpractice.WaitsInSelenium.Parameterized" name="TestCase4" time="0.001"/>
  <testcase classname="seleniumpractice.WaitsInSelenium.Parameterized" name="TestCase4" time="0.000"/>
  <testcase classname="seleniumpractice.WaitsInSelenium.Parameterized" name="TestCase4" time="0.000"/>
  <testcase classname="seleniumpractice.WaitsInSelenium.Parameterized" name="TestCase4" time="0.000"/>
  <testcase classname="seleniumpractice.WaitsInSelenium.Parameterized" name="TestCase4" time="0.001"/>
  <testcase classname="seleniumpractice.WaitsInSelenium.Parameterized" name="TestCase4" time="0.001"/>
  <testcase classname="seleniumpractice.WaitsInSelenium.Parameterized" name="TestCase4" time="0.000"/>
  <testcase classname="seleniumpractice.WaitsInSelenium.Parameterized" name="TestCase4" time="0.001"/>
  <testcase classname="seleniumpractice.WaitsInSelenium.Parameterized" name="TestCase4" time="0.001"/>
  <testcase classname="seleniumpractice.WaitsInSelenium.Parameterized" name="TestCase4" time="0.000"/>
  <testcase classname="seleniumpractice.WaitsInSelenium.Parameterized" name="TestCase4" time="0.001"/>
  <testcase classname="seleniumpractice.WaitsInSelenium.Parameterized" name="TestCase4" time="0.001"/>
  <testcase classname="seleniumpractice.WaitsInSelenium.Parameterized" name="TestCase4" time="0.000"/>
  <testcase classname="seleniumpractice.WaitsInSelenium.Parameterized" name="TestCase4" time="0.000"/>
  <testcase classname="seleniumpractice.WaitsInSelenium.Parameterized" name="TestCase4" time="0.000"/>
  <testcase classname="seleniumpractice.WaitsInSelenium.Parameterized" name="TestCase4" time="0.000"/>
  <testcase classname="seleniumpractice.WaitsInSelenium.Parameterized" name="TestCase4" time="0.000"/>
  <testcase classname="seleniumpractice.WaitsInSelenium.Parameterized" name="TestCase4" time="0.001"/>
  <testcase classname="seleniumpractice.WaitsInSelenium.Parameterized" name="TestCase4" time="0.000"/>
  <testcase classname="seleniumpractice.WaitsInSelenium.Parameterized" name="TestCase4" time="0.002"/>
  <testcase classname="seleniumpractice.WaitsInSelenium.Parameterized" name="TestCase4" time="0.000"/>
  <testcase classname="seleniumpractice.WaitsInSelenium.Parameterized" name="TestCase4" time="0.000"/>
  <testcase classname="seleniumpractice.WaitsInSelenium.Parameterized" name="TestCase4" time="0.000"/>
  <testcase classname="seleniumpractice.WaitsInSelenium.Parameterized" name="TestCase4" time="0.001"/>
  <testcase classname="seleniumpractice.WaitsInSelenium.Parameterized" name="TestCase4" time="0.000"/>
  <testcase classname="seleniumpractice.WaitsInSelenium.Parameterized" name="TestCase4" time="0.000"/>
  <testcase classname="seleniumpractice.WaitsInSelenium.Parameterized" name="TestCase4" time="0.001"/>
  <testcase classname="seleniumpractice.WaitsInSelenium.Parameterized" name="TestCase4" time="0.001"/>
  <testcase classname="seleniumpractice.WaitsInSelenium.Parameterized" name="TestCase4" time="0.000"/>
  <testcase classname="seleniumpractice.WaitsInSelenium.Parameterized" name="TestCase4" time="0.001"/>
  <testcase classname="seleniumpractice.WaitsInSelenium.Parameterized" name="TestCase4" time="0.000"/>
  <testcase classname="seleniumpractice.WaitsInSelenium.Parameterized" name="TestCase4" time="0.001"/>
  <testcase classname="seleniumpractice.WaitsInSelenium.Parameterized" name="TestCase4" time="0.000"/>
  <testcase classname="seleniumpractice.WaitsInSelenium.Parameterized" name="TestCase4" time="0.000"/>
  <testcase classname="seleniumpractice.WaitsInSelenium.Parameterized" name="TestCase4" time="0.000"/>
  <testcase classname="seleniumpractice.WaitsInSelenium.Parameterized" name="TestCase4" time="0.000"/>
  <testcase classname="seleniumpractice.WaitsInSelenium.Parameterized" name="TestCase4" time="0.000"/>
  <testcase classname="seleniumpractice.WaitsInSelenium.Parameterized" name="TestCase4" time="0.001"/>
  <testcase classname="seleniumpractice.WaitsInSelenium.Parameterized" name="TestCase4" time="0.000"/>
  <testcase classname="seleniumpractice.WaitsInSelenium.Parameterized" name="TestCase4" time="0.000"/>
  <testcase classname="seleniumpractice.WaitsInSelenium.Parameterized" name="TestCase4" time="0.000"/>
  <testcase classname="seleniumpractice.WaitsInSelenium.Parameterized" name="TestCase4" time="0.000"/>
  <testcase classname="seleniumpractice.WaitsInSelenium.Parameterized" name="TestCase4" time="0.000"/>
  <testcase classname="seleniumpractice.WaitsInSelenium.Parameterized" name="TestCase4" time="0.001"/>
  <testcase classname="seleniumpractice.WaitsInSelenium.Parameterized" name="TestCase4" time="0.000"/>
  <testcase classname="seleniumpractice.WaitsInSelenium.Parameterized" name="TestCase4" time="0.000"/>
  <testcase classname="seleniumpractice.WaitsInSelenium.Parameterized" name="TestCase4" time="0.000"/>
  <testcase classname="seleniumpractice.WaitsInSelenium.Parameterized" name="TestCase4" time="0.000"/>
  <testcase classname="seleniumpractice.WaitsInSelenium.Parameterized" name="TestCase4" time="0.000"/>
  <testcase classname="seleniumpractice.WaitsInSelenium.Parameterized" name="TestCase4" time="0.000"/>
  <testcase classname="seleniumpractice.WaitsInSelenium.Parameterized" name="TestCase4" time="0.000"/>
  <testcase classname="seleniumpractice.WaitsInSelenium.Parameterized" name="TestCase4" time="0.000"/>
  <testcase classname="seleniumpractice.WaitsInSelenium.Parameterized" name="TestCase4" time="0.000"/>
  <testcase classname="seleniumpractice.WaitsInSelenium.Parameterized" name="TestCase4" time="0.000"/>
  <testcase classname="seleniumpractice.WaitsInSelenium.Parameterized" name="TestCase4" time="0.000"/>
  <testcase classname="seleniumpractice.WaitsInSelenium.Parameterized" name="TestCase4" time="0.000"/>
  <testcase classname="seleniumpractice.WaitsInSelenium.Parameterized" name="TestCase4" time="0.001"/>
  <testcase classname="seleniumpractice.WaitsInSelenium.Parameterized" name="TestCase4" time="0.001"/>
  <testcase classname="seleniumpractice.WaitsInSelenium.Parameterized" name="TestCase4" time="0.000"/>
  <testcase classname="seleniumpractice.WaitsInSelenium.Parameterized" name="TestCase4" time="0.001"/>
  <testcase classname="seleniumpractice.WaitsInSelenium.Parameterized" name="TestCase4" time="0.000"/>
  <testcase classname="seleniumpractice.WaitsInSelenium.Parameterized" name="TestCase4" time="0.000"/>
  <testcase classname="seleniumpractice.WaitsInSelenium.Parameterized" name="TestCase4" time="0.000"/>
  <testcase classname="seleniumpractice.WaitsInSelenium.Parameterized" name="TestCase4" time="0.000"/>
  <testcase classname="seleniumpractice.WaitsInSelenium.Parameterized" name="TestCase4" time="0.001"/>
  <testcase classname="seleniumpractice.WaitsInSelenium.Parameterized" name="TestCase4" time="0.001"/>
  <testcase classname="seleniumpractice.WaitsInSelenium.Parameterized" name="TestCase4" time="0.002"/>
  <testcase classname="seleniumpractice.WaitsInSelenium.Parameterized" name="TestCase4" time="0.000"/>
  <testcase classname="seleniumpractice.WaitsInSelenium.Parameterized" name="TestCase4" time="0.000"/>
  <testcase classname="seleniumpractice.WaitsInSelenium.Parameterized" name="TestCase4" time="0.001"/>
  <testcase classname="seleniumpractice.WaitsInSelenium.Parameterized" name="TestCase4" time="0.000"/>
  <testcase classname="seleniumpractice.WaitsInSelenium.Parameterized" name="TestCase4" time="0.001"/>
  <testcase classname="seleniumpractice.WaitsInSelenium.Parameterized" name="TestCase4" time="0.000"/>
  <testcase classname="seleniumpractice.WaitsInSelenium.Parameterized" name="TestCase4" time="0.000"/>
  <testcase classname="seleniumpractice.WaitsInSelenium.Parameterized" name="TestCase4" time="0.000"/>
  <testcase classname="seleniumpractice.WaitsInSelenium.Parameterized" name="TestCase4" time="0.001"/>
  <testcase classname="seleniumpractice.WaitsInSelenium.Parameterized" name="TestCase4" time="0.000"/>
  <testcase classname="seleniumpractice.WaitsInSelenium.Parameterized" name="TestCase4" time="0.000"/>
  <testcase classname="seleniumpractice.WaitsInSelenium.Parameterized" name="TestCase4" time="0.001"/>
  <testcase classname="seleniumpractice.WaitsInSelenium.Parameterized" name="TestCase4" time="0.000"/>
  <testcase classname="seleniumpractice.WaitsInSelenium.Parameterized" name="TestCase4" time="0.000"/>
  <testcase classname="seleniumpractice.WaitsInSelenium.Parameterized" name="TestCase4" time="0.000"/>
  <testcase classname="seleniumpractice.WaitsInSelenium.Parameterized" name="TestCase4" time="0.001"/>
  <testcase classname="seleniumpractice.WaitsInSelenium.Parameterized" name="TestCase4" time="0.000"/>
  <testcase classname="seleniumpractice.WaitsInSelenium.Parameterized" name="TestCase4" time="0.000"/>
  <testcase classname="seleniumpractice.WaitsInSelenium.Parameterized" name="TestCase4" time="0.001"/>
  <testcase classname="seleniumpractice.WaitsInSelenium.Parameterized" name="TestCase4" time="0.001"/>
  <testcase classname="seleniumpractice.WaitsInSelenium.Parameterized" name="TestCase4" time="0.001"/>
  <testcase classname="seleniumpractice.WaitsInSelenium.Parameterized" name="TestCase4" time="0.000"/>
  <testcase classname="seleniumpractice.WaitsInSelenium.Parameterized" name="TestCase4" time="0.000"/>
  <testcase classname="seleniumpractice.WaitsInSelenium.Parameterized" name="TestCase4" time="0.000"/>
  <testcase classname="seleniumpractice.WaitsInSelenium.Parameterized" name="TestCase4" time="0.000"/>
  <testcase classname="seleniumpractice.WaitsInSelenium.Parameterized" name="TestCase4" time="0.001"/>
  <testcase classname="seleniumpractice.WaitsInSelenium.Parameterized" name="TestCase4" time="0.000"/>
  <testcase classname="seleniumpractice.WaitsInSelenium.Parameterized" name="TestCase4" time="0.001"/>
  <testcase classname="seleniumpractice.WaitsInSelenium.Parameterized" name="TestCase4" time="0.000"/>
  <testcase classname="seleniumpractice.WaitsInSelenium.Parameterized" name="TestCase4" time="0.000"/>
  <testcase classname="seleniumpractice.WaitsInSelenium.Parameterized" name="TestCase4" time="0.000"/>
  <testcase classname="seleniumpractice.WaitsInSelenium.Parameterized" name="TestCase4" time="0.000"/>
  <testcase classname="seleniumpractice.WaitsInSelenium.Parameterized" name="TestCase4" time="0.000"/>
  <testcase classname="seleniumpractice.WaitsInSelenium.Parameterized" name="TestCase4" time="0.000"/>
  <testcase classname="seleniumpractice.WaitsInSelenium.Parameterized" name="TestCase4" time="0.000"/>
  <testcase classname="seleniumpractice.WaitsInSelenium.Parameterized" name="TestCase4" time="0.000"/>
  <testcase classname="seleniumpractice.WaitsInSelenium.Parameterized" name="TestCase4" time="0.001"/>
  <testcase classname="seleniumpractice.WaitsInSelenium.Parameterized" name="TestCase4" time="0.000"/>
  <testcase classname="seleniumpractice.WaitsInSelenium.Parameterized" name="TestCase4" time="0.000"/>
  <testcase classname="seleniumpractice.WaitsInSelenium.Parameterized" name="TestCase4" time="0.000"/>
  <testcase classname="seleniumpractice.WaitsInSelenium.Parameterized" name="TestCase4" time="0.000"/>
  <testcase classname="seleniumpractice.WaitsInSelenium.Parameterized" name="TestCase4" time="0.000"/>
  <testcase classname="seleniumpractice.WaitsInSelenium.Parameterized" name="TestCase4" time="0.001"/>
  <testcase classname="seleniumpractice.WaitsInSelenium.Parameterized" name="TestCase4" time="0.000"/>
  <testcase classname="seleniumpractice.WaitsInSelenium.Parameterized" name="TestCase4" time="0.001"/>
  <testcase classname="seleniumpractice.WaitsInSelenium.Parameterized" name="TestCase4" time="0.000"/>
  <testcase classname="seleniumpractice.WaitsInSelenium.Parameterized" name="TestCase4" time="0.000"/>
  <testcase classname="seleniumpractice.WaitsInSelenium.Parameterized" name="TestCase4" time="0.001"/>
  <testcase classname="seleniumpractice.WaitsInSelenium.Parameterized" name="TestCase4" time="0.001"/>
  <testcase classname="seleniumpractice.WaitsInSelenium.Parameterized" name="TestCase4" time="0.001"/>
  <testcase classname="seleniumpractice.WaitsInSelenium.Parameterized" name="TestCase4" time="0.000"/>
  <testcase classname="seleniumpractice.WaitsInSelenium.Parameterized" name="TestCase4" time="0.000"/>
  <testcase classname="seleniumpractice.WaitsInSelenium.Parameterized" name="TestCase4" time="0.000"/>
  <testcase classname="seleniumpractice.WaitsInSelenium.Parameterized" name="TestCase4" time="0.000"/>
  <testcase classname="seleniumpractice.WaitsInSelenium.Parameterized" name="TestCase4" time="0.000"/>
  <testcase classname="seleniumpractice.WaitsInSelenium.Parameterized" name="TestCase4" time="0.000"/>
  <testcase classname="seleniumpractice.WaitsInSelenium.Parameterized" name="TestCase4" time="0.000"/>
  <testcase classname="seleniumpractice.WaitsInSelenium.Parameterized" name="TestCase4" time="0.000"/>
  <testcase classname="seleniumpractice.WaitsInSelenium.Parameterized" name="TestCase4" time="0.000"/>
  <testcase classname="seleniumpractice.WaitsInSelenium.Parameterized" name="TestCase4" time="0.000"/>
  <testcase classname="seleniumpractice.WaitsInSelenium.Parameterized" name="TestCase4" time="0.001"/>
  <testcase classname="seleniumpractice.WaitsInSelenium.Parameterized" name="TestCase4" time="0.001"/>
  <testcase classname="seleniumpractice.WaitsInSelenium.Parameterized" name="TestCase4" time="0.000"/>
  <testcase classname="seleniumpractice.WaitsInSelenium.Parameterized" name="TestCase4" time="0.000"/>
  <testcase classname="seleniumpractice.WaitsInSelenium.Parameterized" name="TestCase4" time="0.000"/>
  <testcase classname="seleniumpractice.WaitsInSelenium.Parameterized" name="TestCase4" time="0.000"/>
  <testcase classname="seleniumpractice.WaitsInSelenium.Parameterized" name="TestCase4" time="0.001"/>
  <testcase classname="seleniumpractice.WaitsInSelenium.Parameterized" name="TestCase4" time="0.000"/>
  <testcase classname="seleniumpractice.WaitsInSelenium.Parameterized" name="TestCase4" time="0.000"/>
  <testcase classname="seleniumpractice.WaitsInSelenium.Parameterized" name="TestCase4" time="0.000"/>
  <testcase classname="seleniumpractice.WaitsInSelenium.Parameterized" name="TestCase4" time="0.000"/>
  <testcase classname="seleniumpractice.WaitsInSelenium.Parameterized" name="TestCase4" time="0.001"/>
  <testcase classname="seleniumpractice.WaitsInSelenium.Parameterized" name="TestCase4" time="0.001"/>
  <testcase classname="seleniumpractice.WaitsInSelenium.Parameterized" name="TestCase4" time="0.000"/>
  <testcase classname="seleniumpractice.WaitsInSelenium.Parameterized" name="TestCase4" time="0.000"/>
  <testcase classname="seleniumpractice.WaitsInSelenium.Parameterized" name="TestCase4" time="0.001"/>
  <testcase classname="seleniumpractice.WaitsInSelenium.Parameterized" name="TestCase4" time="0.000"/>
  <testcase classname="seleniumpractice.WaitsInSelenium.Parameterized" name="TestCase4" time="0.000"/>
  <testcase classname="seleniumpractice.WaitsInSelenium.Parameterized" name="TestCase4" time="0.000"/>
  <testcase classname="seleniumpractice.WaitsInSelenium.Parameterized" name="TestCase4" time="0.001"/>
  <testcase classname="seleniumpractice.WaitsInSelenium.Parameterized" name="TestCase4" time="0.000"/>
  <testcase classname="seleniumpractice.WaitsInSelenium.Parameterized" name="TestCase4" time="0.000"/>
  <testcase classname="seleniumpractice.WaitsInSelenium.Parameterized" name="TestCase4" time="0.001"/>
  <testcase classname="seleniumpractice.WaitsInSelenium.Parameterized" name="TestCase4" time="0.001"/>
  <testcase classname="seleniumpractice.WaitsInSelenium.Parameterized" name="TestCase4" time="0.000"/>
  <testcase classname="seleniumpractice.WaitsInSelenium.Parameterized" name="TestCase4" time="0.000"/>
  <testcase classname="seleniumpractice.WaitsInSelenium.Parameterized" name="TestCase4" time="0.000"/>
  <testcase classname="seleniumpractice.WaitsInSelenium.Parameterized" name="TestCase4" time="0.000"/>
  <testcase classname="seleniumpractice.WaitsInSelenium.Parameterized" name="TestCase4" time="0.000"/>
  <testcase classname="seleniumpractice.WaitsInSelenium.Parameterized" name="TestCase4" time="0.000"/>
  <testcase classname="seleniumpractice.WaitsInSelenium.Parameterized" name="TestCase4" time="0.000"/>
  <testcase classname="seleniumpractice.WaitsInSelenium.Parameterized" name="TestCase4" time="0.001"/>
  <testcase classname="seleniumpractice.WaitsInSelenium.Parameterized" name="TestCase4" time="0.000"/>
  <testcase classname="seleniumpractice.WaitsInSelenium.Parameterized" name="TestCase4" time="0.001"/>
  <testcase classname="seleniumpractice.WaitsInSelenium.Parameterized" name="TestCase4" time="0.000"/>
  <testcase classname="seleniumpractice.WaitsInSelenium.Parameterized" name="TestCase4" time="0.000"/>
  <testcase classname="seleniumpractice.WaitsInSelenium.Parameterized" name="TestCase4" time="0.001"/>
  <testcase classname="seleniumpractice.WaitsInSelenium.Parameterized" name="TestCase4" time="0.000"/>
  <testcase classname="seleniumpractice.WaitsInSelenium.Parameterized" name="TestCase4" time="0.001"/>
  <testcase classname="seleniumpractice.WaitsInSelenium.Parameterized" name="TestCase4" time="0.000"/>
  <testcase classname="seleniumpractice.WaitsInSelenium.Parameterized" name="TestCase4" time="0.000"/>
  <testcase classname="seleniumpractice.WaitsInSelenium.Parameterized" name="TestCase4" time="0.000"/>
  <testcase classname="seleniumpractice.WaitsInSelenium.Parameterized" name="TestCase4" time="0.000"/>
  <testcase classname="seleniumpractice.WaitsInSelenium.Parameterized" name="TestCase4" time="0.000"/>
  <testcase classname="seleniumpractice.WaitsInSelenium.Parameterized" name="TestCase4" time="0.001"/>
  <testcase classname="seleniumpractice.WaitsInSelenium.Parameterized" name="TestCase4" time="0.000"/>
  <testcase classname="seleniumpractice.WaitsInSelenium.Parameterized" name="TestCase4" time="0.000"/>
  <testcase classname="seleniumpractice.WaitsInSelenium.Parameterized" name="TestCase4" time="0.000"/>
  <testcase classname="seleniumpractice.WaitsInSelenium.Parameterized" name="TestCase4" time="0.000"/>
  <testcase classname="seleniumpractice.WaitsInSelenium.Parameterized" name="TestCase4" time="0.000"/>
  <testcase classname="seleniumpractice.WaitsInSelenium.Parameterized" name="TestCase4" time="0.001"/>
  <testcase classname="seleniumpractice.WaitsInSelenium.Parameterized" name="TestCase4" time="0.000"/>
  <testcase classname="seleniumpractice.WaitsInSelenium.Parameterized" name="TestCase4" time="0.000"/>
  <testcase classname="seleniumpractice.WaitsInSelenium.Parameterized" name="TestCase4" time="0.001"/>
  <testcase classname="seleniumpractice.WaitsInSelenium.Parameterized" name="TestCase4" time="0.000"/>
  <testcase classname="seleniumpractice.WaitsInSelenium.Parameterized" name="TestCase4" time="0.001"/>
  <testcase classname="seleniumpractice.WaitsInSelenium.Parameterized" name="TestCase4" time="0.000"/>
  <testcase classname="seleniumpractice.WaitsInSelenium.Parameterized" name="TestCase4" time="0.000"/>
  <testcase classname="seleniumpractice.WaitsInSelenium.Parameterized" name="TestCase4" time="0.000"/>
  <testcase classname="seleniumpractice.WaitsInSelenium.Parameterized" name="TestCase4" time="0.001"/>
  <testcase classname="seleniumpractice.WaitsInSelenium.Parameterized" name="TestCase4" time="0.000"/>
  <testcase classname="seleniumpractice.WaitsInSelenium.Parameterized" name="TestCase4" time="0.001"/>
  <testcase classname="seleniumpractice.WaitsInSelenium.Parameterized" name="TestCase4" time="0.001"/>
  <testcase classname="seleniumpractice.WaitsInSelenium.Parameterized" name="TestCase4" time="0.000"/>
  <testcase classname="seleniumpractice.WaitsInSelenium.Parameterized" name="TestCase4" time="0.001"/>
  <testcase classname="seleniumpractice.WaitsInSelenium.Parameterized" name="TestCase4" time="0.000"/>
  <testcase classname="seleniumpractice.WaitsInSelenium.Parameterized" name="TestCase4" time="0.001"/>
  <testcase classname="seleniumpractice.WaitsInSelenium.Parameterized" name="TestCase4" time="0.000"/>
  <testcase classname="seleniumpractice.WaitsInSelenium.Parameterized" name="TestCase4" time="0.001"/>
  <testcase classname="seleniumpractice.WaitsInSelenium.Parameterized" name="TestCase4" time="0.006"/>
  <testcase classname="seleniumpractice.WaitsInSelenium.Parameterized" name="TestCase4" time="0.000"/>
  <testcase classname="seleniumpractice.WaitsInSelenium.Parameterized" name="TestCase4" time="0.000"/>
  <testcase classname="seleniumpractice.WaitsInSelenium.Parameterized" name="TestCase4" time="0.001"/>
  <testcase classname="seleniumpractice.WaitsInSelenium.Parameterized" name="TestCase4" time="0.000"/>
  <testcase classname="seleniumpractice.WaitsInSelenium.Parameterized" name="TestCase4" time="0.000"/>
  <testcase classname="seleniumpractice.WaitsInSelenium.Parameterized" name="TestCase4" time="0.000"/>
  <testcase classname="seleniumpractice.WaitsInSelenium.Parameterized" name="TestCase4" time="0.000"/>
  <testcase classname="seleniumpractice.WaitsInSelenium.Parameterized" name="TestCase4" time="0.000"/>
  <testcase classname="seleniumpractice.WaitsInSelenium.Parameterized" name="TestCase4" time="0.000"/>
  <testcase classname="seleniumpractice.WaitsInSelenium.Parameterized" name="TestCase4" time="0.000"/>
  <testcase classname="seleniumpractice.WaitsInSelenium.Parameterized" name="TestCase4" time="0.000"/>
  <testcase classname="seleniumpractice.WaitsInSelenium.Parameterized" name="TestCase4" time="0.000"/>
  <testcase classname="seleniumpractice.WaitsInSelenium.Parameterized" name="TestCase4" time="0.001"/>
  <testcase classname="seleniumpractice.WaitsInSelenium.Parameterized" name="TestCase4" time="0.001"/>
  <testcase classname="seleniumpractice.WaitsInSelenium.Parameterized" name="TestCase4" time="0.000"/>
  <testcase classname="seleniumpractice.WaitsInSelenium.Parameterized" name="TestCase4" time="0.000"/>
  <testcase classname="seleniumpractice.WaitsInSelenium.Parameterized" name="TestCase4" time="0.000"/>
  <testcase classname="seleniumpractice.WaitsInSelenium.Parameterized" name="TestCase4" time="0.000"/>
  <testcase classname="seleniumpractice.WaitsInSelenium.Parameterized" name="TestCase4" time="0.000"/>
  <testcase classname="seleniumpractice.WaitsInSelenium.Parameterized" name="TestCase4" time="0.000"/>
  <testcase classname="seleniumpractice.WaitsInSelenium.Parameterized" name="TestCase4" time="0.000"/>
  <testcase classname="seleniumpractice.WaitsInSelenium.Parameterized" name="TestCase4" time="0.000"/>
  <testcase classname="seleniumpractice.WaitsInSelenium.Parameterized" name="TestCase4" time="0.000"/>
  <testcase classname="seleniumpractice.WaitsInSelenium.Parameterized" name="TestCase4" time="0.000"/>
  <testcase classname="seleniumpractice.WaitsInSelenium.Parameterized" name="TestCase4" time="0.000"/>
  <testcase classname="seleniumpractice.WaitsInSelenium.Parameterized" name="TestCase4" time="0.000"/>
  <testcase classname="seleniumpractice.WaitsInSelenium.Parameterized" name="TestCase4" time="0.001"/>
  <testcase classname="seleniumpractice.WaitsInSelenium.Parameterized" name="TestCase4" time="0.001"/>
  <testcase classname="seleniumpractice.WaitsInSelenium.Parameterized" name="TestCase4" time="0.000"/>
  <testcase classname="seleniumpractice.WaitsInSelenium.Parameterized" name="TestCase4" time="0.001"/>
  <testcase classname="seleniumpractice.WaitsInSelenium.Parameterized" name="TestCase4" time="0.000"/>
  <testcase classname="seleniumpractice.WaitsInSelenium.Parameterized" name="TestCase4" time="0.000"/>
  <testcase classname="seleniumpractice.WaitsInSelenium.Parameterized" name="TestCase4" time="0.001"/>
  <testcase classname="seleniumpractice.WaitsInSelenium.Parameterized" name="TestCase4" time="0.000"/>
  <testcase classname="seleniumpractice.WaitsInSelenium.Parameterized" name="TestCase4" time="0.000"/>
  <testcase classname="seleniumpractice.WaitsInSelenium.Parameterized" name="TestCase4" time="0.000"/>
  <testcase classname="seleniumpractice.WaitsInSelenium.Parameterized" name="TestCase4" time="0.000"/>
  <testcase classname="seleniumpractice.WaitsInSelenium.Parameterized" name="TestCase4" time="0.000"/>
  <testcase classname="seleniumpractice.WaitsInSelenium.Parameterized" name="TestCase4" time="0.000"/>
  <testcase classname="seleniumpractice.WaitsInSelenium.Parameterized" name="TestCase4" time="0.000"/>
  <testcase classname="seleniumpractice.WaitsInSelenium.Parameterized" name="TestCase4" time="0.000"/>
  <testcase classname="seleniumpractice.WaitsInSelenium.Parameterized" name="TestCase4" time="0.000"/>
  <testcase classname="seleniumpractice.WaitsInSelenium.Parameterized" name="TestCase4" time="0.001"/>
  <testcase classname="seleniumpractice.WaitsInSelenium.Parameterized" name="TestCase4" time="0.001"/>
  <testcase classname="seleniumpractice.WaitsInSelenium.Parameterized" name="TestCase4" time="0.001"/>
  <testcase classname="seleniumpractice.WaitsInSelenium.Parameterized" name="TestCase4" time="0.000"/>
  <testcase classname="seleniumpractice.WaitsInSelenium.Parameterized" name="TestCase4" time="0.000"/>
  <testcase classname="seleniumpractice.WaitsInSelenium.Parameterized" name="TestCase4" time="0.000"/>
  <testcase classname="seleniumpractice.WaitsInSelenium.Parameterized" name="TestCase4" time="0.000"/>
  <testcase classname="seleniumpractice.WaitsInSelenium.Parameterized" name="TestCase4" time="0.000"/>
  <testcase classname="seleniumpractice.WaitsInSelenium.Parameterized" name="TestCase4" time="0.000"/>
  <testcase classname="seleniumpractice.WaitsInSelenium.Parameterized" name="TestCase4" time="0.001"/>
  <testcase classname="seleniumpractice.WaitsInSelenium.Parameterized" name="TestCase4" time="0.000"/>
  <testcase classname="seleniumpractice.WaitsInSelenium.Parameterized" name="TestCase4" time="0.000"/>
  <testcase classname="seleniumpractice.WaitsInSelenium.Parameterized" name="TestCase4" time="0.000"/>
  <testcase classname="seleniumpractice.WaitsInSelenium.Parameterized" name="TestCase4" time="0.001"/>
  <testcase classname="seleniumpractice.WaitsInSelenium.Parameterized" name="TestCase4" time="0.001"/>
  <testcase classname="seleniumpractice.WaitsInSelenium.Parameterized" name="TestCase4" time="0.000"/>
  <testcase classname="seleniumpractice.WaitsInSelenium.Parameterized" name="TestCase4" time="0.000"/>
  <testcase classname="seleniumpractice.WaitsInSelenium.Parameterized" name="TestCase4" time="0.000"/>
  <testcase classname="seleniumpractice.WaitsInSelenium.Parameterized" name="TestCase4" time="0.000"/>
  <testcase classname="seleniumpractice.WaitsInSelenium.Parameterized" name="TestCase4" time="0.000"/>
  <testcase classname="seleniumpractice.WaitsInSelenium.Parameterized" name="TestCase4" time="0.001"/>
  <testcase classname="seleniumpractice.WaitsInSelenium.Parameterized" name="TestCase4" time="0.001"/>
  <testcase classname="seleniumpractice.WaitsInSelenium.Parameterized" name="TestCase4" time="0.001"/>
  <testcase classname="seleniumpractice.WaitsInSelenium.Parameterized" name="TestCase4" time="0.000"/>
  <testcase classname="seleniumpractice.WaitsInSelenium.Parameterized" name="TestCase4" time="0.001"/>
  <testcase classname="seleniumpractice.WaitsInSelenium.Parameterized" name="TestCase4" time="0.001"/>
  <testcase classname="seleniumpractice.WaitsInSelenium.Parameterized" name="TestCase4" time="0.000"/>
  <testcase classname="seleniumpractice.WaitsInSelenium.Parameterized" name="TestCase4" time="0.000"/>
  <testcase classname="seleniumpractice.WaitsInSelenium.Parameterized" name="TestCase4" time="0.001"/>
  <testcase classname="seleniumpractice.WaitsInSelenium.Parameterized" name="TestCase4" time="0.000"/>
  <testcase classname="seleniumpractice.WaitsInSelenium.Parameterized" name="TestCase4" time="0.000"/>
  <testcase classname="seleniumpractice.WaitsInSelenium.Parameterized" name="TestCase4" time="0.000"/>
  <testcase classname="seleniumpractice.WaitsInSelenium.Parameterized" name="TestCase4" time="0.000"/>
  <testcase classname="seleniumpractice.WaitsInSelenium.Parameterized" name="TestCase4" time="0.001"/>
  <testcase classname="seleniumpractice.WaitsInSelenium.Parameterized" name="TestCase4" time="0.001"/>
  <testcase classname="seleniumpractice.WaitsInSelenium.Parameterized" name="TestCase4" time="0.000"/>
  <testcase classname="seleniumpractice.WaitsInSelenium.Parameterized" name="TestCase4" time="0.000"/>
  <testcase classname="seleniumpractice.WaitsInSelenium.Parameterized" name="TestCase4" time="0.008"/>
  <testcase classname="seleniumpractice.WaitsInSelenium.Parameterized" name="TestCase4" time="0.001"/>
  <testcase classname="seleniumpractice.WaitsInSelenium.Parameterized" name="TestCase4" time="0.000"/>
  <testcase classname="seleniumpractice.WaitsInSelenium.Parameterized" name="TestCase4" time="0.001"/>
  <testcase classname="seleniumpractice.WaitsInSelenium.Parameterized" name="TestCase4" time="0.000"/>
  <testcase classname="seleniumpractice.WaitsInSelenium.Parameterized" name="TestCase4" time="0.000"/>
  <testcase classname="seleniumpractice.WaitsInSelenium.Parameterized" name="TestCase4" time="0.000"/>
  <testcase classname="seleniumpractice.WaitsInSelenium.Parameterized" name="TestCase4" time="0.001"/>
  <testcase classname="seleniumpractice.WaitsInSelenium.Parameterized" name="TestCase4" time="0.000"/>
  <testcase classname="seleniumpractice.WaitsInSelenium.Parameterized" name="TestCase4" time="0.000"/>
  <testcase classname="seleniumpractice.WaitsInSelenium.Parameterized" name="TestCase4" time="0.000"/>
  <testcase classname="seleniumpractice.WaitsInSelenium.Parameterized" name="TestCase4" time="0.000"/>
  <testcase classname="seleniumpractice.WaitsInSelenium.Parameterized" name="TestCase4" time="0.000"/>
  <testcase classname="seleniumpractice.WaitsInSelenium.Parameterized" name="TestCase4" time="0.000"/>
  <testcase classname="seleniumpractice.WaitsInSelenium.Parameterized" name="TestCase4" time="0.000"/>
  <testcase classname="seleniumpractice.WaitsInSelenium.Parameterized" name="TestCase4" time="0.000"/>
  <testcase classname="seleniumpractice.WaitsInSelenium.Parameterized" name="TestCase4" time="0.000"/>
  <testcase classname="seleniumpractice.WaitsInSelenium.Parameterized" name="TestCase4" time="0.003"/>
  <testcase classname="seleniumpractice.WaitsInSelenium.Parameterized" name="TestCase4" time="0.000"/>
  <testcase classname="seleniumpractice.WaitsInSelenium.Parameterized" name="TestCase4" time="0.000"/>
  <testcase classname="seleniumpractice.WaitsInSelenium.Parameterized" name="TestCase4" time="0.001"/>
  <testcase classname="seleniumpractice.WaitsInSelenium.Parameterized" name="TestCase4" time="0.000"/>
  <testcase classname="seleniumpractice.WaitsInSelenium.Parameterized" name="TestCase4" time="0.000"/>
  <testcase classname="seleniumpractice.WaitsInSelenium.Parameterized" name="TestCase4" time="0.000"/>
  <testcase classname="seleniumpractice.WaitsInSelenium.Parameterized" name="TestCase4" time="0.002"/>
  <testcase classname="seleniumpractice.WaitsInSelenium.Parameterized" name="TestCase4" time="0.000"/>
  <testcase classname="seleniumpractice.WaitsInSelenium.Parameterized" name="TestCase4" time="0.000"/>
  <testcase classname="seleniumpractice.WaitsInSelenium.Parameterized" name="TestCase4" time="0.001"/>
  <testcase classname="seleniumpractice.WaitsInSelenium.Parameterized" name="TestCase4" time="0.000"/>
  <testcase classname="seleniumpractice.WaitsInSelenium.Parameterized" name="TestCase4" time="0.000"/>
  <testcase classname="seleniumpractice.WaitsInSelenium.Parameterized" name="TestCase4" time="0.000"/>
  <testcase classname="seleniumpractice.WaitsInSelenium.Parameterized" name="TestCase4" time="0.000"/>
  <testcase classname="seleniumpractice.WaitsInSelenium.Parameterized" name="TestCase4" time="0.001"/>
  <testcase classname="seleniumpractice.WaitsInSelenium.Parameterized" name="TestCase4" time="0.000"/>
  <testcase classname="seleniumpractice.WaitsInSelenium.Parameterized" name="TestCase4" time="0.000"/>
  <testcase classname="seleniumpractice.WaitsInSelenium.Parameterized" name="TestCase4" time="0.000"/>
  <testcase classname="seleniumpractice.WaitsInSelenium.Parameterized" name="TestCase4" time="0.000"/>
  <testcase classname="seleniumpractice.WaitsInSelenium.Parameterized" name="TestCase4" time="0.000"/>
  <testcase classname="seleniumpractice.WaitsInSelenium.Parameterized" name="TestCase4" time="0.001"/>
  <testcase classname="seleniumpractice.WaitsInSelenium.Parameterized" name="TestCase4" time="0.000"/>
  <testcase classname="seleniumpractice.WaitsInSelenium.Parameterized" name="TestCase4" time="0.000"/>
  <testcase classname="seleniumpractice.WaitsInSelenium.Parameterized" name="TestCase4" time="0.001"/>
  <testcase classname="seleniumpractice.WaitsInSelenium.Parameterized" name="TestCase4" time="0.000"/>
  <testcase classname="seleniumpractice.WaitsInSelenium.Parameterized" name="TestCase4" time="0.001"/>
  <testcase classname="seleniumpractice.WaitsInSelenium.Parameterized" name="TestCase4" time="0.000"/>
  <testcase classname="seleniumpractice.WaitsInSelenium.Parameterized" name="TestCase4" time="0.000"/>
  <testcase classname="seleniumpractice.WaitsInSelenium.Parameterized" name="TestCase4" time="0.001"/>
  <testcase classname="seleniumpractice.WaitsInSelenium.Parameterized" name="TestCase4" time="0.001"/>
  <testcase classname="seleniumpractice.WaitsInSelenium.Parameterized" name="TestCase4" time="0.001"/>
  <testcase classname="seleniumpractice.WaitsInSelenium.Parameterized" name="TestCase4" time="0.000"/>
  <testcase classname="seleniumpractice.WaitsInSelenium.Parameterized" name="TestCase4" time="0.000"/>
  <testcase classname="seleniumpractice.WaitsInSelenium.Parameterized" name="TestCase4" time="0.000"/>
  <testcase classname="seleniumpractice.WaitsInSelenium.Parameterized" name="TestCase4" time="0.001"/>
  <testcase classname="seleniumpractice.WaitsInSelenium.Parameterized" name="TestCase4" time="0.000"/>
  <testcase classname="seleniumpractice.WaitsInSelenium.Parameterized" name="TestCase4" time="0.003"/>
  <testcase classname="seleniumpractice.WaitsInSelenium.Parameterized" name="TestCase4" time="0.001"/>
  <testcase classname="seleniumpractice.WaitsInSelenium.Parameterized" name="TestCase4" time="0.000"/>
  <testcase classname="seleniumpractice.WaitsInSelenium.Parameterized" name="TestCase4" time="0.000"/>
  <testcase classname="seleniumpractice.WaitsInSelenium.Parameterized" name="TestCase4" time="0.000"/>
  <testcase classname="seleniumpractice.WaitsInSelenium.Parameterized" name="TestCase4" time="0.000"/>
  <testcase classname="seleniumpractice.WaitsInSelenium.Parameterized" name="TestCase4" time="0.000"/>
  <testcase classname="seleniumpractice.WaitsInSelenium.Parameterized" name="TestCase4" time="0.000"/>
  <testcase classname="seleniumpractice.WaitsInSelenium.Parameterized" name="TestCase4" time="0.001"/>
  <testcase classname="seleniumpractice.WaitsInSelenium.Parameterized" name="TestCase4" time="0.001"/>
  <testcase classname="seleniumpractice.WaitsInSelenium.Parameterized" name="TestCase4" time="0.000"/>
  <testcase classname="seleniumpractice.WaitsInSelenium.Parameterized" name="TestCase4" time="0.000"/>
  <testcase classname="seleniumpractice.WaitsInSelenium.Parameterized" name="TestCase4" time="0.000"/>
  <testcase classname="seleniumpractice.WaitsInSelenium.Parameterized" name="TestCase4" time="0.000"/>
  <testcase classname="seleniumpractice.WaitsInSelenium.Parameterized" name="TestCase4" time="0.000"/>
  <testcase classname="seleniumpractice.WaitsInSelenium.Parameterized" name="TestCase4" time="0.000"/>
  <testcase classname="seleniumpractice.WaitsInSelenium.Parameterized" name="TestCase4" time="0.000"/>
  <testcase classname="seleniumpractice.WaitsInSelenium.Parameterized" name="TestCase4" time="0.000"/>
  <testcase classname="seleniumpractice.WaitsInSelenium.Parameterized" name="TestCase4" time="0.000"/>
  <testcase classname="seleniumpractice.WaitsInSelenium.Parameterized" name="TestCase4" time="0.001"/>
  <testcase classname="seleniumpractice.WaitsInSelenium.Parameterized" name="TestCase4" time="0.001"/>
  <testcase classname="seleniumpractice.WaitsInSelenium.Parameterized" name="TestCase4" time="0.000"/>
  <testcase classname="seleniumpractice.WaitsInSelenium.Parameterized" name="TestCase4" time="0.001"/>
  <testcase classname="seleniumpractice.WaitsInSelenium.Parameterized" name="TestCase4" time="0.000"/>
  <testcase classname="seleniumpractice.WaitsInSelenium.Parameterized" name="TestCase4" time="0.000"/>
  <testcase classname="seleniumpractice.WaitsInSelenium.Parameterized" name="TestCase4" time="0.000"/>
  <testcase classname="seleniumpractice.WaitsInSelenium.Parameterized" name="TestCase4" time="0.000"/>
  <testcase classname="seleniumpractice.WaitsInSelenium.Parameterized" name="TestCase4" time="0.000"/>
  <testcase classname="seleniumpractice.WaitsInSelenium.Parameterized" name="TestCase4" time="0.000"/>
  <testcase classname="seleniumpractice.WaitsInSelenium.Parameterized" name="TestCase4" time="0.001"/>
  <testcase classname="seleniumpractice.WaitsInSelenium.Parameterized" name="TestCase4" time="0.000"/>
  <testcase classname="seleniumpractice.WaitsInSelenium.Parameterized" name="TestCase4" time="0.000"/>
  <testcase classname="seleniumpractice.WaitsInSelenium.Parameterized" name="TestCase4" time="0.000"/>
  <testcase classname="seleniumpractice.WaitsInSelenium.Parameterized" name="TestCase4" time="0.000"/>
  <testcase classname="seleniumpractice.WaitsInSelenium.Parameterized" name="TestCase4" time="0.001"/>
  <testcase classname="seleniumpractice.WaitsInSelenium.Parameterized" name="TestCase4" time="0.000"/>
  <testcase classname="seleniumpractice.WaitsInSelenium.Parameterized" name="TestCase4" time="0.001"/>
  <testcase classname="seleniumpractice.WaitsInSelenium.Parameterized" name="TestCase4" time="0.000"/>
  <testcase classname="seleniumpractice.WaitsInSelenium.Parameterized" name="TestCase4" time="0.000"/>
  <testcase classname="seleniumpractice.WaitsInSelenium.Parameterized" name="TestCase4" time="0.001"/>
  <testcase classname="seleniumpractice.WaitsInSelenium.Parameterized" name="TestCase4" time="0.001"/>
  <testcase classname="seleniumpractice.WaitsInSelenium.Parameterized" name="TestCase4" time="0.001"/>
  <testcase classname="seleniumpractice.WaitsInSelenium.Parameterized" name="TestCase4" time="0.001"/>
  <testcase classname="seleniumpractice.WaitsInSelenium.Parameterized" name="TestCase4" time="0.000"/>
  <testcase classname="seleniumpractice.WaitsInSelenium.Parameterized" name="TestCase4" time="0.000"/>
  <testcase classname="seleniumpractice.WaitsInSelenium.Parameterized" name="TestCase4" time="0.000"/>
  <testcase classname="seleniumpractice.WaitsInSelenium.Parameterized" name="TestCase4" time="0.000"/>
  <testcase classname="seleniumpractice.WaitsInSelenium.Parameterized" name="TestCase4" time="0.000"/>
  <testcase classname="seleniumpractice.WaitsInSelenium.Parameterized" name="TestCase4" time="0.000"/>
  <testcase classname="seleniumpractice.WaitsInSelenium.Parameterized" name="TestCase4" time="0.001"/>
  <testcase classname="seleniumpractice.WaitsInSelenium.Parameterized" name="TestCase4" time="0.000"/>
  <testcase classname="seleniumpractice.WaitsInSelenium.Parameterized" name="TestCase4" time="0.001"/>
  <testcase classname="seleniumpractice.WaitsInSelenium.Parameterized" name="TestCase4" time="0.000"/>
  <testcase classname="seleniumpractice.WaitsInSelenium.Parameterized" name="TestCase4" time="0.000"/>
  <testcase classname="seleniumpractice.WaitsInSelenium.Parameterized" name="TestCase4" time="0.001"/>
  <testcase classname="seleniumpractice.WaitsInSelenium.Parameterized" name="TestCase4" time="0.000"/>
  <testcase classname="seleniumpractice.WaitsInSelenium.Parameterized" name="TestCase4" time="0.000"/>
  <testcase classname="seleniumpractice.WaitsInSelenium.Parameterized" name="TestCase4" time="0.000"/>
  <testcase classname="seleniumpractice.WaitsInSelenium.Parameterized" name="TestCase4" time="0.000"/>
  <testcase classname="seleniumpractice.WaitsInSelenium.Parameterized" name="TestCase4" time="0.000"/>
  <testcase classname="seleniumpractice.WaitsInSelenium.Parameterized" name="TestCase4" time="0.001"/>
  <testcase classname="seleniumpractice.WaitsInSelenium.Parameterized" name="TestCase4" time="0.000"/>
  <testcase classname="seleniumpractice.WaitsInSelenium.Parameterized" name="TestCase4" time="0.001"/>
  <testcase classname="seleniumpractice.WaitsInSelenium.Parameterized" name="TestCase4" time="0.000"/>
  <testcase classname="seleniumpractice.WaitsInSelenium.Parameterized" name="TestCase4" time="0.000"/>
  <testcase classname="seleniumpractice.WaitsInSelenium.Parameterized" name="TestCase4" time="0.001"/>
  <testcase classname="seleniumpractice.WaitsInSelenium.Parameterized" name="TestCase4" time="0.000"/>
  <testcase classname="seleniumpractice.WaitsInSelenium.Parameterized" name="TestCase4" time="0.001"/>
  <testcase classname="seleniumpractice.WaitsInSelenium.Parameterized" name="TestCase4" time="0.000"/>
  <testcase classname="seleniumpractice.WaitsInSelenium.Parameterized" name="TestCase4" time="0.000"/>
  <testcase classname="seleniumpractice.WaitsInSelenium.Parameterized" name="TestCase4" time="0.000"/>
  <testcase classname="seleniumpractice.WaitsInSelenium.Parameterized" name="TestCase4" time="0.000"/>
  <testcase classname="seleniumpractice.WaitsInSelenium.Parameterized" name="TestCase4" time="0.000"/>
  <testcase classname="seleniumpractice.WaitsInSelenium.Parameterized" name="TestCase4" time="0.001"/>
  <testcase classname="seleniumpractice.WaitsInSelenium.Parameterized" name="TestCase4" time="0.000"/>
  <testcase classname="seleniumpractice.WaitsInSelenium.Parameterized" name="TestCase4" time="0.001"/>
  <testcase classname="seleniumpractice.WaitsInSelenium.Parameterized" name="TestCase4" time="0.000"/>
  <testcase classname="seleniumpractice.WaitsInSelenium.Parameterized" name="TestCase4" time="0.001"/>
  <testcase classname="seleniumpractice.WaitsInSelenium.Parameterized" name="TestCase4" time="0.001"/>
  <testcase classname="seleniumpractice.WaitsInSelenium.Parameterized" name="TestCase4" time="0.000"/>
  <testcase classname="seleniumpractice.WaitsInSelenium.Parameterized" name="TestCase4" time="0.000"/>
  <testcase classname="seleniumpractice.WaitsInSelenium.Parameterized" name="TestCase4" time="0.000"/>
  <testcase classname="seleniumpractice.WaitsInSelenium.Parameterized" name="TestCase4" time="0.001"/>
  <testcase classname="seleniumpractice.WaitsInSelenium.Parameterized" name="TestCase4" time="0.000"/>
  <testcase classname="seleniumpractice.WaitsInSelenium.Parameterized" name="TestCase4" time="0.000"/>
  <testcase classname="seleniumpractice.WaitsInSelenium.Parameterized" name="TestCase4" time="0.000"/>
  <testcase classname="seleniumpractice.WaitsInSelenium.Parameterized" name="TestCase4" time="0.000"/>
  <testcase classname="seleniumpractice.WaitsInSelenium.Parameterized" name="TestCase4" time="0.000"/>
  <testcase classname="seleniumpractice.WaitsInSelenium.Parameterized" name="TestCase4" time="0.001"/>
  <testcase classname="seleniumpractice.WaitsInSelenium.Parameterized" name="TestCase4" time="0.000"/>
  <testcase classname="seleniumpractice.WaitsInSelenium.Parameterized" name="TestCase4" time="0.000"/>
  <testcase classname="seleniumpractice.WaitsInSelenium.Parameterized" name="TestCase4" time="0.000"/>
  <testcase classname="seleniumpractice.WaitsInSelenium.Parameterized" name="TestCase4" time="0.001"/>
  <testcase classname="seleniumpractice.WaitsInSelenium.Parameterized" name="TestCase4" time="0.001"/>
  <testcase classname="seleniumpractice.WaitsInSelenium.Parameterized" name="TestCase4" time="0.000"/>
  <testcase classname="seleniumpractice.WaitsInSelenium.Parameterized" name="TestCase4" time="0.000"/>
  <testcase classname="seleniumpractice.WaitsInSelenium.Parameterized" name="TestCase4" time="0.001"/>
  <testcase classname="seleniumpractice.WaitsInSelenium.Parameterized" name="TestCase4" time="0.001"/>
  <testcase classname="seleniumpractice.WaitsInSelenium.Parameterized" name="TestCase4" time="0.000"/>
  <testcase classname="seleniumpractice.WaitsInSelenium.Parameterized" name="TestCase4" time="0.000"/>
  <testcase classname="seleniumpractice.WaitsInSelenium.Parameterized" name="TestCase4" time="0.000"/>
  <testcase classname="seleniumpractice.WaitsInSelenium.Parameterized" name="TestCase4" time="0.000"/>
  <testcase classname="seleniumpractice.WaitsInSelenium.Parameterized" name="TestCase4" time="0.000"/>
  <testcase classname="seleniumpractice.WaitsInSelenium.Parameterized" name="TestCase4" time="0.000"/>
  <testcase classname="seleniumpractice.WaitsInSelenium.Parameterized" name="TestCase4" time="0.000"/>
  <testcase classname="seleniumpractice.WaitsInSelenium.Parameterized" name="TestCase4" time="0.001"/>
  <testcase classname="seleniumpractice.WaitsInSelenium.Parameterized" name="TestCase4" time="0.001"/>
  <testcase classname="seleniumpractice.WaitsInSelenium.Parameterized" name="TestCase4" time="0.000"/>
  <testcase classname="seleniumpractice.WaitsInSelenium.Parameterized" name="TestCase4" time="0.000"/>
  <testcase classname="seleniumpractice.WaitsInSelenium.Parameterized" name="TestCase4" time="0.000"/>
  <testcase classname="seleniumpractice.WaitsInSelenium.Parameterized" name="TestCase4" time="0.000"/>
  <testcase classname="seleniumpractice.WaitsInSelenium.Parameterized" name="TestCase4" time="0.000"/>
  <testcase classname="seleniumpractice.WaitsInSelenium.Parameterized" name="TestCase4" time="0.000"/>
  <testcase classname="seleniumpractice.WaitsInSelenium.Parameterized" name="TestCase4" time="0.001"/>
  <testcase classname="seleniumpractice.WaitsInSelenium.Parameterized" name="TestCase4" time="0.000"/>
  <testcase classname="seleniumpractice.WaitsInSelenium.Parameterized" name="TestCase4" time="0.001"/>
  <testcase classname="seleniumpractice.WaitsInSelenium.Parameterized" name="TestCase4" time="0.000"/>
  <testcase classname="seleniumpractice.WaitsInSelenium.Parameterized" name="TestCase4" time="0.001"/>
  <testcase classname="seleniumpractice.WaitsInSelenium.Parameterized" name="TestCase4" time="0.001"/>
  <testcase classname="seleniumpractice.WaitsInSelenium.Parameterized" name="TestCase4" time="0.001"/>
  <testcase classname="seleniumpractice.WaitsInSelenium.Parameterized" name="TestCase4" time="0.000"/>
  <testcase classname="seleniumpractice.WaitsInSelenium.Parameterized" name="TestCase4" time="0.000"/>
  <testcase classname="seleniumpractice.WaitsInSelenium.Parameterized" name="TestCase4" time="0.000"/>
  <testcase classname="seleniumpractice.WaitsInSelenium.Parameterized" name="TestCase4" time="0.000"/>
  <testcase classname="seleniumpractice.WaitsInSelenium.Parameterized" name="TestCase4" time="0.001"/>
  <testcase classname="seleniumpractice.WaitsInSelenium.Parameterized" name="TestCase4" time="0.001"/>
  <testcase classname="seleniumpractice.WaitsInSelenium.Parameterized" name="TestCase4" time="0.000"/>
  <testcase classname="seleniumpractice.WaitsInSelenium.Parameterized" name="TestCase4" time="0.000"/>
  <testcase classname="seleniumpractice.WaitsInSelenium.Parameterized" name="TestCase4" time="0.001"/>
  <testcase classname="seleniumpractice.WaitsInSelenium.Parameterized" name="TestCase4" time="0.000"/>
  <testcase classname="seleniumpractice.WaitsInSelenium.Parameterized" name="TestCase4" time="0.000"/>
  <testcase classname="seleniumpractice.WaitsInSelenium.Parameterized" name="TestCase4" time="0.000"/>
  <testcase classname="seleniumpractice.WaitsInSelenium.Parameterized" name="TestCase4" time="0.001"/>
  <testcase classname="seleniumpractice.WaitsInSelenium.Parameterized" name="TestCase4" time="0.001"/>
  <testcase classname="seleniumpractice.WaitsInSelenium.Parameterized" name="TestCase4" time="0.000"/>
  <testcase classname="seleniumpractice.WaitsInSelenium.Parameterized" name="TestCase4" time="0.001"/>
  <testcase classname="seleniumpractice.WaitsInSelenium.Parameterized" name="TestCase4" time="0.000"/>
  <testcase classname="seleniumpractice.WaitsInSelenium.Parameterized" name="TestCase4" time="0.000"/>
  <testcase classname="seleniumpractice.WaitsInSelenium.Parameterized" name="TestCase4" time="0.000"/>
  <testcase classname="seleniumpractice.WaitsInSelenium.Parameterized" name="TestCase4" time="0.000"/>
  <testcase classname="seleniumpractice.WaitsInSelenium.Parameterized" name="TestCase4" time="0.001"/>
  <testcase classname="seleniumpractice.WaitsInSelenium.Parameterized" name="TestCase4" time="0.001"/>
  <testcase classname="seleniumpractice.WaitsInSelenium.Parameterized" name="TestCase4" time="0.001"/>
  <testcase classname="seleniumpractice.WaitsInSelenium.Parameterized" name="TestCase4" time="0.001"/>
  <testcase classname="seleniumpractice.WaitsInSelenium.Parameterized" name="TestCase4" time="0.001"/>
  <testcase classname="seleniumpractice.WaitsInSelenium.Parameterized" name="TestCase4" time="0.000"/>
  <testcase classname="seleniumpractice.WaitsInSelenium.Parameterized" name="TestCase4" time="0.000"/>
  <testcase classname="seleniumpractice.WaitsInSelenium.Parameterized" name="TestCase4" time="0.000"/>
  <testcase classname="seleniumpractice.WaitsInSelenium.Parameterized" name="TestCase4" time="0.000"/>
  <testcase classname="seleniumpractice.WaitsInSelenium.Parameterized" name="TestCase4" time="0.000"/>
  <testcase classname="seleniumpractice.WaitsInSelenium.Parameterized" name="TestCase4" time="0.001"/>
  <testcase classname="seleniumpractice.WaitsInSelenium.Parameterized" name="TestCase4" time="0.000"/>
  <testcase classname="seleniumpractice.WaitsInSelenium.Parameterized" name="TestCase4" time="0.000"/>
  <testcase classname="seleniumpractice.WaitsInSelenium.Parameterized" name="TestCase4" time="0.000"/>
  <testcase classname="seleniumpractice.WaitsInSelenium.Parameterized" name="TestCase4" time="0.000"/>
  <testcase classname="seleniumpractice.WaitsInSelenium.Parameterized" name="TestCase4" time="0.001"/>
  <testcase classname="seleniumpractice.WaitsInSelenium.Parameterized" name="TestCase4" time="0.505"/>
  <testcase classname="seleniumpractice.WaitsInSelenium.Parameterized" name="TestCase4" time="0.000"/>
  <testcase classname="seleniumpractice.WaitsInSelenium.Parameterized" name="TestCase4" time="0.000"/>
  <testcase classname="seleniumpractice.WaitsInSelenium.Parameterized" name="TestCase4" time="0.000"/>
  <testcase classname="seleniumpractice.WaitsInSelenium.Parameterized" name="TestCase4" time="0.000"/>
  <testcase classname="seleniumpractice.WaitsInSelenium.Parameterized" name="TestCase4" time="0.000"/>
  <testcase classname="seleniumpractice.WaitsInSelenium.Parameterized" name="TestCase4" time="0.000"/>
  <testcase classname="seleniumpractice.WaitsInSelenium.Parameterized" name="TestCase4" time="0.001"/>
  <testcase classname="seleniumpractice.WaitsInSelenium.Parameterized" name="TestCase4" time="0.000"/>
  <testcase classname="seleniumpractice.WaitsInSelenium.Parameterized" name="TestCase4" time="0.000"/>
  <testcase classname="seleniumpractice.WaitsInSelenium.Parameterized" name="TestCase4" time="0.001"/>
  <testcase classname="seleniumpractice.WaitsInSelenium.Parameterized" name="TestCase4" time="0.000"/>
  <testcase classname="seleniumpractice.WaitsInSelenium.Parameterized" name="TestCase4" time="0.000"/>
  <testcase classname="seleniumpractice.WaitsInSelenium.Parameterized" name="TestCase4" time="0.000"/>
  <testcase classname="seleniumpractice.WaitsInSelenium.Parameterized" name="TestCase4" time="0.000"/>
  <testcase classname="seleniumpractice.WaitsInSelenium.Parameterized" name="TestCase4" time="0.000"/>
  <testcase classname="seleniumpractice.WaitsInSelenium.Parameterized" name="TestCase4" time="0.000"/>
  <testcase classname="seleniumpractice.WaitsInSelenium.Parameterized" name="TestCase4" time="0.000"/>
  <testcase classname="seleniumpractice.WaitsInSelenium.Parameterized" name="TestCase4" time="0.001"/>
  <testcase classname="seleniumpractice.WaitsInSelenium.Parameterized" name="TestCase4" time="0.000"/>
  <testcase classname="seleniumpractice.WaitsInSelenium.Parameterized" name="TestCase4" time="0.000"/>
  <testcase classname="seleniumpractice.WaitsInSelenium.Parameterized" name="TestCase4" time="0.000"/>
  <testcase classname="seleniumpractice.WaitsInSelenium.Parameterized" name="TestCase4" time="0.002"/>
  <testcase classname="seleniumpractice.WaitsInSelenium.Parameterized" name="TestCase4" time="0.001"/>
  <testcase classname="seleniumpractice.WaitsInSelenium.Parameterized" name="TestCase4" time="0.001"/>
  <testcase classname="seleniumpractice.WaitsInSelenium.Parameterized" name="TestCase4" time="0.000"/>
  <testcase classname="seleniumpractice.WaitsInSelenium.Parameterized" name="TestCase4" time="0.001"/>
  <testcase classname="seleniumpractice.WaitsInSelenium.Parameterized" name="TestCase4" time="0.000"/>
  <testcase classname="seleniumpractice.WaitsInSelenium.Parameterized" name="TestCase4" time="0.000"/>
  <testcase classname="seleniumpractice.WaitsInSelenium.Parameterized" name="TestCase4" time="0.000"/>
  <testcase classname="seleniumpractice.WaitsInSelenium.Parameterized" name="TestCase4" time="0.000"/>
  <testcase classname="seleniumpractice.WaitsInSelenium.Parameterized" name="TestCase4" time="0.000"/>
  <testcase classname="seleniumpractice.WaitsInSelenium.Parameterized" name="TestCase4" time="0.000"/>
  <testcase classname="seleniumpractice.WaitsInSelenium.Parameterized" name="TestCase4" time="0.000"/>
  <testcase classname="seleniumpractice.WaitsInSelenium.Parameterized" name="TestCase4" time="0.000"/>
  <testcase classname="seleniumpractice.WaitsInSelenium.Parameterized" name="TestCase4" time="0.001"/>
  <testcase classname="seleniumpractice.WaitsInSelenium.Parameterized" name="TestCase4" time="0.000"/>
  <testcase classname="seleniumpractice.WaitsInSelenium.Parameterized" name="TestCase4" time="0.000"/>
  <testcase classname="seleniumpractice.WaitsInSelenium.Parameterized" name="TestCase4" time="0.000"/>
  <testcase classname="seleniumpractice.WaitsInSelenium.Parameterized" name="TestCase4" time="0.001"/>
  <testcase classname="seleniumpractice.WaitsInSelenium.Parameterized" name="TestCase4" time="0.001"/>
  <testcase classname="seleniumpractice.WaitsInSelenium.Parameterized" name="TestCase4" time="0.000"/>
  <testcase classname="seleniumpractice.WaitsInSelenium.Parameterized" name="TestCase4" time="0.000"/>
  <testcase classname="seleniumpractice.WaitsInSelenium.Parameterized" name="TestCase4" time="0.000"/>
  <testcase classname="seleniumpractice.WaitsInSelenium.Parameterized" name="TestCase4" time="0.000"/>
  <testcase classname="seleniumpractice.WaitsInSelenium.Parameterized" name="TestCase4" time="0.000"/>
  <testcase classname="seleniumpractice.WaitsInSelenium.Parameterized" name="TestCase4" time="0.000"/>
  <testcase classname="seleniumpractice.WaitsInSelenium.Parameterized" name="TestCase4" time="0.000"/>
  <testcase classname="seleniumpractice.WaitsInSelenium.Parameterized" name="TestCase4" time="0.000"/>
  <testcase classname="seleniumpractice.WaitsInSelenium.Parameterized" name="TestCase4" time="0.000"/>
  <testcase classname="seleniumpractice.WaitsInSelenium.Parameterized" name="TestCase4" time="0.000"/>
  <testcase classname="seleniumpractice.WaitsInSelenium.Parameterized" name="TestCase4" time="0.000"/>
  <testcase classname="seleniumpractice.WaitsInSelenium.Parameterized" name="TestCase4" time="0.001"/>
  <testcase classname="seleniumpractice.WaitsInSelenium.Parameterized" name="TestCase4" time="0.000"/>
  <testcase classname="seleniumpractice.WaitsInSelenium.Parameterized" name="TestCase4" time="0.001"/>
  <testcase classname="seleniumpractice.WaitsInSelenium.Parameterized" name="TestCase4" time="0.000"/>
  <testcase classname="seleniumpractice.WaitsInSelenium.Parameterized" name="TestCase4" time="0.000"/>
  <testcase classname="seleniumpractice.WaitsInSelenium.Parameterized" name="TestCase4" time="0.001"/>
  <testcase classname="seleniumpractice.WaitsInSelenium.Parameterized" name="TestCase4" time="0.000"/>
  <testcase classname="seleniumpractice.WaitsInSelenium.Parameterized" name="TestCase4" time="0.001"/>
  <testcase classname="seleniumpractice.WaitsInSelenium.Parameterized" name="TestCase4" time="0.001"/>
  <testcase classname="seleniumpractice.WaitsInSelenium.Parameterized" name="TestCase4" time="0.000"/>
  <testcase classname="seleniumpractice.WaitsInSelenium.Parameterized" name="TestCase4" time="0.001"/>
  <testcase classname="seleniumpractice.WaitsInSelenium.Parameterized" name="TestCase4" time="0.000"/>
  <testcase classname="seleniumpractice.WaitsInSelenium.Parameterized" name="TestCase4" time="0.001"/>
  <testcase classname="seleniumpractice.WaitsInSelenium.Parameterized" name="TestCase4" time="0.000"/>
  <testcase classname="seleniumpractice.WaitsInSelenium.Parameterized" name="TestCase4" time="0.000"/>
  <testcase classname="seleniumpractice.WaitsInSelenium.Parameterized" name="TestCase4" time="0.000"/>
  <testcase classname="seleniumpractice.WaitsInSelenium.Parameterized" name="TestCase4" time="0.001"/>
  <testcase classname="seleniumpractice.WaitsInSelenium.Parameterized" name="TestCase4" time="0.000"/>
  <testcase classname="seleniumpractice.WaitsInSelenium.Parameterized" name="TestCase4" time="0.000"/>
  <testcase classname="seleniumpractice.WaitsInSelenium.Parameterized" name="TestCase4" time="0.000"/>
  <testcase classname="seleniumpractice.WaitsInSelenium.Parameterized" name="TestCase4" time="0.000"/>
  <testcase classname="seleniumpractice.WaitsInSelenium.Parameterized" name="TestCase4" time="0.000"/>
  <testcase classname="seleniumpractice.WaitsInSelenium.Parameterized" name="TestCase4" time="0.001"/>
  <testcase classname="seleniumpractice.WaitsInSelenium.Parameterized" name="TestCase4" time="0.000"/>
  <testcase classname="seleniumpractice.WaitsInSelenium.Parameterized" name="TestCase4" time="0.001"/>
  <testcase classname="seleniumpractice.WaitsInSelenium.Parameterized" name="TestCase4" time="0.000"/>
  <testcase classname="seleniumpractice.WaitsInSelenium.Parameterized" name="TestCase4" time="0.000"/>
  <testcase classname="seleniumpractice.WaitsInSelenium.Parameterized" name="TestCase4" time="0.000"/>
  <testcase classname="seleniumpractice.WaitsInSelenium.Parameterized" name="TestCase4" time="0.001"/>
  <testcase classname="seleniumpractice.WaitsInSelenium.Parameterized" name="TestCase4" time="0.000"/>
  <testcase classname="seleniumpractice.WaitsInSelenium.Parameterized" name="TestCase4" time="0.001"/>
  <testcase classname="seleniumpractice.WaitsInSelenium.Parameterized" name="TestCase4" time="0.000"/>
  <testcase classname="seleniumpractice.WaitsInSelenium.Parameterized" name="TestCase4" time="0.000"/>
  <testcase classname="seleniumpractice.WaitsInSelenium.Parameterized" name="TestCase4" time="0.000"/>
  <testcase classname="seleniumpractice.WaitsInSelenium.Parameterized" name="TestCase4" time="0.000"/>
  <testcase classname="seleniumpractice.WaitsInSelenium.Parameterized" name="TestCase4" time="0.001"/>
  <testcase classname="seleniumpractice.WaitsInSelenium.Parameterized" name="TestCase4" time="0.001"/>
  <testcase classname="seleniumpractice.WaitsInSelenium.Parameterized" name="TestCase4" time="0.000"/>
  <testcase classname="seleniumpractice.WaitsInSelenium.Parameterized" name="TestCase4" time="0.000"/>
  <testcase classname="seleniumpractice.WaitsInSelenium.Parameterized" name="TestCase4" time="0.001"/>
  <testcase classname="seleniumpractice.WaitsInSelenium.Parameterized" name="TestCase4" time="0.000"/>
  <testcase classname="seleniumpractice.WaitsInSelenium.Parameterized" name="TestCase4" time="0.000"/>
  <testcase classname="seleniumpractice.WaitsInSelenium.Parameterized" name="TestCase4" time="0.001"/>
  <testcase classname="seleniumpractice.WaitsInSelenium.Parameterized" name="TestCase4" time="0.000"/>
  <testcase classname="seleniumpractice.WaitsInSelenium.Parameterized" name="TestCase4" time="0.001"/>
  <testcase classname="seleniumpractice.WaitsInSelenium.Parameterized" name="TestCase4" time="0.000"/>
  <testcase classname="seleniumpractice.WaitsInSelenium.Parameterized" name="TestCase4" time="0.000"/>
  <testcase classname="seleniumpractice.WaitsInSelenium.Parameterized" name="TestCase4" time="0.001"/>
  <testcase classname="seleniumpractice.WaitsInSelenium.Parameterized" name="TestCase4" time="0.001"/>
  <testcase classname="seleniumpractice.WaitsInSelenium.Parameterized" name="TestCase4" time="0.001"/>
  <testcase classname="seleniumpractice.WaitsInSelenium.Parameterized" name="TestCase4" time="0.000"/>
  <testcase classname="seleniumpractice.WaitsInSelenium.Parameterized" name="TestCase4" time="0.000"/>
  <testcase classname="seleniumpractice.WaitsInSelenium.Parameterized" name="TestCase4" time="0.000"/>
  <testcase classname="seleniumpractice.WaitsInSelenium.Parameterized" name="TestCase4" time="0.000"/>
  <testcase classname="seleniumpractice.WaitsInSelenium.Parameterized" name="TestCase4" time="0.000"/>
  <testcase classname="seleniumpractice.WaitsInSelenium.Parameterized" name="TestCase4" time="0.000"/>
  <testcase classname="seleniumpractice.WaitsInSelenium.Parameterized" name="TestCase4" time="0.000"/>
  <testcase classname="seleniumpractice.WaitsInSelenium.Parameterized" name="TestCase4" time="0.001"/>
  <testcase classname="seleniumpractice.WaitsInSelenium.Parameterized" name="TestCase4" time="0.000"/>
  <testcase classname="seleniumpractice.WaitsInSelenium.Parameterized" name="TestCase4" time="0.000"/>
  <testcase classname="seleniumpractice.WaitsInSelenium.Parameterized" name="TestCase4" time="0.000"/>
  <testcase classname="seleniumpractice.WaitsInSelenium.Parameterized" name="TestCase4" time="0.000"/>
  <testcase classname="seleniumpractice.WaitsInSelenium.Parameterized" name="TestCase4" time="0.001"/>
  <testcase classname="seleniumpractice.WaitsInSelenium.Parameterized" name="TestCase4" time="0.000"/>
  <testcase classname="seleniumpractice.WaitsInSelenium.Parameterized" name="TestCase4" time="0.001"/>
  <testcase classname="seleniumpractice.WaitsInSelenium.Parameterized" name="TestCase4" time="0.000"/>
  <testcase classname="seleniumpractice.WaitsInSelenium.Parameterized" name="TestCase4" time="0.000"/>
  <testcase classname="seleniumpractice.WaitsInSelenium.Parameterized" name="TestCase4" time="0.000"/>
  <testcase classname="seleniumpractice.WaitsInSelenium.Parameterized" name="TestCase4" time="0.000"/>
  <testcase classname="seleniumpractice.WaitsInSelenium.Parameterized" name="TestCase4" time="0.001"/>
  <testcase classname="seleniumpractice.WaitsInSelenium.Parameterized" name="TestCase4" time="0.000"/>
  <testcase classname="seleniumpractice.WaitsInSelenium.Parameterized" name="TestCase4" time="0.001"/>
  <testcase classname="seleniumpractice.WaitsInSelenium.Parameterized" name="TestCase4" time="0.001"/>
  <testcase classname="seleniumpractice.WaitsInSelenium.Parameterized" name="TestCase4" time="0.000"/>
  <testcase classname="seleniumpractice.WaitsInSelenium.Parameterized" name="TestCase4" time="0.000"/>
  <testcase classname="seleniumpractice.WaitsInSelenium.Parameterized" name="TestCase4" time="0.000"/>
  <testcase classname="seleniumpractice.WaitsInSelenium.Parameterized" name="TestCase4" time="0.000"/>
  <testcase classname="seleniumpractice.WaitsInSelenium.Parameterized" name="TestCase4" time="0.000"/>
  <testcase classname="seleniumpractice.WaitsInSelenium.Parameterized" name="TestCase4" time="0.001"/>
  <testcase classname="seleniumpractice.WaitsInSelenium.Parameterized" name="TestCase4" time="0.001"/>
  <testcase classname="seleniumpractice.WaitsInSelenium.Parameterized" name="TestCase4" time="0.000"/>
  <testcase classname="seleniumpractice.WaitsInSelenium.Parameterized" name="TestCase4" time="0.001"/>
  <testcase classname="seleniumpractice.WaitsInSelenium.Parameterized" name="TestCase4" time="0.000"/>
  <testcase classname="seleniumpractice.WaitsInSelenium.Parameterized" name="TestCase4" time="0.001"/>
  <testcase classname="seleniumpractice.WaitsInSelenium.Parameterized" name="TestCase4" time="0.001"/>
  <testcase classname="seleniumpractice.WaitsInSelenium.Parameterized" name="TestCase4" time="0.001"/>
  <testcase classname="seleniumpractice.WaitsInSelenium.Parameterized" name="TestCase4" time="0.000"/>
  <testcase classname="seleniumpractice.WaitsInSelenium.Parameterized" name="TestCase4" time="0.000"/>
  <testcase classname="seleniumpractice.WaitsInSelenium.Parameterized" name="TestCase4" time="0.000"/>
  <testcase classname="seleniumpractice.WaitsInSelenium.Parameterized" name="TestCase4" time="0.000"/>
  <testcase classname="seleniumpractice.WaitsInSelenium.Parameterized" name="TestCase4" time="0.000"/>
  <testcase classname="seleniumpractice.WaitsInSelenium.Parameterized" name="TestCase4" time="0.001"/>
  <testcase classname="seleniumpractice.WaitsInSelenium.Parameterized" name="TestCase4" time="0.000"/>
  <testcase classname="seleniumpractice.WaitsInSelenium.Parameterized" name="TestCase4" time="0.000"/>
  <testcase classname="seleniumpractice.WaitsInSelenium.Parameterized" name="TestCase4" time="0.000"/>
  <testcase classname="seleniumpractice.WaitsInSelenium.Parameterized" name="TestCase4" time="0.000"/>
  <testcase classname="seleniumpractice.WaitsInSelenium.Parameterized" name="TestCase4" time="0.001"/>
  <testcase classname="seleniumpractice.WaitsInSelenium.Parameterized" name="TestCase4" time="0.001"/>
  <testcase classname="seleniumpractice.WaitsInSelenium.Parameterized" name="TestCase4" time="0.001"/>
  <testcase classname="seleniumpractice.WaitsInSelenium.Parameterized" name="TestCase4" time="0.000"/>
  <testcase classname="seleniumpractice.WaitsInSelenium.Parameterized" name="TestCase4" time="0.001"/>
  <testcase classname="seleniumpractice.WaitsInSelenium.Parameterized" name="TestCase4" time="0.000"/>
  <testcase classname="seleniumpractice.WaitsInSelenium.Parameterized" name="TestCase4" time="0.000"/>
  <testcase classname="seleniumpractice.WaitsInSelenium.Parameterized" name="TestCase4" time="0.000"/>
  <testcase classname="seleniumpractice.WaitsInSelenium.Parameterized" name="TestCase4" time="0.000"/>
  <testcase classname="seleniumpractice.WaitsInSelenium.Parameterized" name="TestCase4" time="0.000"/>
  <testcase classname="seleniumpractice.WaitsInSelenium.Parameterized" name="TestCase4" time="0.000"/>
  <testcase classname="seleniumpractice.WaitsInSelenium.Parameterized" name="TestCase4" time="0.000"/>
  <testcase classname="seleniumpractice.WaitsInSelenium.Parameterized" name="TestCase4" time="0.000"/>
  <testcase classname="seleniumpractice.WaitsInSelenium.Parameterized" name="TestCase4" time="0.001"/>
  <testcase classname="seleniumpractice.WaitsInSelenium.Parameterized" name="TestCase4" time="0.001"/>
  <testcase classname="seleniumpractice.WaitsInSelenium.Parameterized" name="TestCase4" time="0.000"/>
  <testcase classname="seleniumpractice.WaitsInSelenium.Parameterized" name="TestCase4" time="0.000"/>
  <testcase classname="seleniumpractice.WaitsInSelenium.Parameterized" name="TestCase4" time="0.000"/>
  <testcase classname="seleniumpractice.WaitsInSelenium.Parameterized" name="TestCase4" time="0.000"/>
  <testcase classname="seleniumpractice.WaitsInSelenium.Parameterized" name="TestCase4" time="0.000"/>
  <testcase classname="seleniumpractice.WaitsInSelenium.Parameterized" name="TestCase4" time="0.000"/>
  <testcase classname="seleniumpractice.WaitsInSelenium.Parameterized" name="TestCase4" time="0.002"/>
  <testcase classname="seleniumpractice.WaitsInSelenium.Parameterized" name="TestCase4" time="0.000"/>
  <testcase classname="seleniumpractice.WaitsInSelenium.Parameterized" name="TestCase4" time="0.001"/>
  <testcase classname="seleniumpractice.WaitsInSelenium.Parameterized" name="TestCase4" time="0.000"/>
  <testcase classname="seleniumpractice.WaitsInSelenium.Parameterized" name="TestCase4" time="0.001"/>
  <testcase classname="seleniumpractice.WaitsInSelenium.Parameterized" name="TestCase4" time="0.000"/>
  <testcase classname="seleniumpractice.WaitsInSelenium.Parameterized" name="TestCase4" time="0.000"/>
  <testcase classname="seleniumpractice.WaitsInSelenium.Parameterized" name="TestCase4" time="0.000"/>
  <testcase classname="seleniumpractice.WaitsInSelenium.Parameterized" name="TestCase4" time="0.000"/>
  <testcase classname="seleniumpractice.WaitsInSelenium.Parameterized" name="TestCase4" time="0.001"/>
  <testcase classname="seleniumpractice.WaitsInSelenium.Parameterized" name="TestCase4" time="0.000"/>
  <testcase classname="seleniumpractice.WaitsInSelenium.Parameterized" name="TestCase4" time="0.000"/>
  <testcase classname="seleniumpractice.WaitsInSelenium.Parameterized" name="TestCase4" time="0.000"/>
  <testcase classname="seleniumpractice.WaitsInSelenium.Parameterized" name="TestCase4" time="0.000"/>
  <testcase classname="seleniumpractice.WaitsInSelenium.Parameterized" name="TestCase4" time="0.000"/>
  <testcase classname="seleniumpractice.WaitsInSelenium.Parameterized" name="TestCase4" time="0.001"/>
  <testcase classname="seleniumpractice.WaitsInSelenium.Parameterized" name="TestCase4" time="0.000"/>
  <testcase classname="seleniumpractice.WaitsInSelenium.Parameterized" name="TestCase4" time="0.000"/>
  <testcase classname="seleniumpractice.WaitsInSelenium.Parameterized" name="TestCase4" time="0.000"/>
  <testcase classname="seleniumpractice.WaitsInSelenium.Parameterized" name="TestCase4" time="0.001"/>
  <testcase classname="seleniumpractice.WaitsInSelenium.Parameterized" name="TestCase4" time="0.000"/>
  <testcase classname="seleniumpractice.WaitsInSelenium.Parameterized" name="TestCase4" time="0.001"/>
  <testcase classname="seleniumpractice.WaitsInSelenium.Parameterized" name="TestCase4" time="0.001"/>
  <testcase classname="seleniumpractice.WaitsInSelenium.Parameterized" name="TestCase4" time="0.000"/>
  <testcase classname="seleniumpractice.WaitsInSelenium.Parameterized" name="TestCase4" time="0.003"/>
  <testcase classname="seleniumpractice.WaitsInSelenium.Parameterized" name="TestCase4" time="0.001"/>
  <testcase classname="seleniumpractice.WaitsInSelenium.Parameterized" name="TestCase4" time="0.000"/>
  <testcase classname="seleniumpractice.WaitsInSelenium.Parameterized" name="TestCase4" time="0.000"/>
  <testcase classname="seleniumpractice.WaitsInSelenium.Parameterized" name="TestCase4" time="0.000"/>
  <testcase classname="seleniumpractice.WaitsInSelenium.Parameterized" name="TestCase4" time="0.000"/>
  <testcase classname="seleniumpractice.WaitsInSelenium.Parameterized" name="TestCase4" time="0.001"/>
  <testcase classname="seleniumpractice.WaitsInSelenium.Parameterized" name="TestCase4" time="0.001"/>
  <testcase classname="seleniumpractice.WaitsInSelenium.Parameterized" name="TestCase4" time="0.001"/>
  <testcase classname="seleniumpractice.WaitsInSelenium.Parameterized" name="TestCase4" time="0.000"/>
  <testcase classname="seleniumpractice.WaitsInSelenium.Parameterized" name="TestCase4" time="0.001"/>
  <testcase classname="seleniumpractice.WaitsInSelenium.Parameterized" name="TestCase4" time="0.000"/>
  <testcase classname="seleniumpractice.WaitsInSelenium.Parameterized" name="TestCase4" time="0.000"/>
  <testcase classname="seleniumpractice.WaitsInSelenium.Parameterized" name="TestCase4" time="0.000"/>
  <testcase classname="seleniumpractice.WaitsInSelenium.Parameterized" name="TestCase4" time="0.000"/>
  <testcase classname="seleniumpractice.WaitsInSelenium.Parameterized" name="TestCase4" time="0.000"/>
  <testcase classname="seleniumpractice.WaitsInSelenium.Parameterized" name="TestCase4" time="0.000"/>
  <testcase classname="seleniumpractice.WaitsInSelenium.Parameterized" name="TestCase4" time="0.001"/>
  <testcase classname="seleniumpractice.WaitsInSelenium.Parameterized" name="TestCase4" time="0.000"/>
  <testcase classname="seleniumpractice.WaitsInSelenium.Parameterized" name="TestCase4" time="0.000"/>
  <testcase classname="seleniumpractice.WaitsInSelenium.Parameterized" name="TestCase4" time="0.000"/>
  <testcase classname="seleniumpractice.WaitsInSelenium.Parameterized" name="TestCase4" time="0.001"/>
  <testcase classname="seleniumpractice.WaitsInSelenium.Parameterized" name="TestCase4" time="0.000"/>
  <testcase classname="seleniumpractice.WaitsInSelenium.Parameterized" name="TestCase4" time="0.000"/>
  <testcase classname="seleniumpractice.WaitsInSelenium.Parameterized" name="TestCase4" time="0.001"/>
  <testcase classname="seleniumpractice.WaitsInSelenium.Parameterized" name="TestCase4" time="0.000"/>
  <testcase classname="seleniumpractice.WaitsInSelenium.Parameterized" name="TestCase4" time="0.000"/>
  <testcase classname="seleniumpractice.WaitsInSelenium.Parameterized" name="TestCase4" time="0.000"/>
  <testcase classname="seleniumpractice.WaitsInSelenium.Parameterized" name="TestCase4" time="0.001"/>
  <testcase classname="seleniumpractice.WaitsInSelenium.Parameterized" name="TestCase4" time="0.000"/>
  <testcase classname="seleniumpractice.WaitsInSelenium.Parameterized" name="TestCase4" time="0.000"/>
  <testcase classname="seleniumpractice.WaitsInSelenium.Parameterized" name="TestCase4" time="0.000"/>
  <testcase classname="seleniumpractice.WaitsInSelenium.Parameterized" name="TestCase4" time="0.000"/>
  <testcase classname="seleniumpractice.WaitsInSelenium.Parameterized" name="TestCase4" time="0.000"/>
  <testcase classname="seleniumpractice.WaitsInSelenium.Parameterized" name="TestCase4" time="0.002"/>
  <testcase classname="seleniumpractice.WaitsInSelenium.Parameterized" name="TestCase4" time="0.000"/>
  <testcase classname="seleniumpractice.WaitsInSelenium.Parameterized" name="TestCase4" time="0.001"/>
  <testcase classname="seleniumpractice.WaitsInSelenium.Parameterized" name="TestCase4" time="0.001"/>
  <testcase classname="seleniumpractice.WaitsInSelenium.Parameterized" name="TestCase4" time="0.000"/>
  <testcase classname="seleniumpractice.WaitsInSelenium.Parameterized" name="TestCase4" time="0.000"/>
  <testcase classname="seleniumpractice.WaitsInSelenium.Parameterized" name="TestCase4" time="0.001"/>
  <testcase classname="seleniumpractice.WaitsInSelenium.Parameterized" name="TestCase4" time="0.000"/>
  <testcase classname="seleniumpractice.WaitsInSelenium.Parameterized" name="TestCase4" time="0.000"/>
  <testcase classname="seleniumpractice.WaitsInSelenium.Parameterized" name="TestCase4" time="0.000"/>
  <testcase classname="seleniumpractice.WaitsInSelenium.Parameterized" name="TestCase4" time="0.001"/>
  <testcase classname="seleniumpractice.WaitsInSelenium.Parameterized" name="TestCase4" time="0.001"/>
  <testcase classname="seleniumpractice.WaitsInSelenium.Parameterized" name="TestCase4" time="0.000"/>
  <testcase classname="seleniumpractice.WaitsInSelenium.Parameterized" name="TestCase4" time="0.000"/>
  <testcase classname="seleniumpractice.WaitsInSelenium.Parameterized" name="TestCase4" time="0.001"/>
  <testcase classname="seleniumpractice.WaitsInSelenium.Parameterized" name="TestCase4" time="0.001"/>
  <testcase classname="seleniumpractice.WaitsInSelenium.Parameterized" name="TestCase4" time="0.000"/>
  <testcase classname="seleniumpractice.WaitsInSelenium.Parameterized" name="TestCase4" time="0.000"/>
  <testcase classname="seleniumpractice.WaitsInSelenium.Parameterized" name="TestCase4" time="0.000"/>
  <testcase classname="seleniumpractice.WaitsInSelenium.Parameterized" name="TestCase4" time="0.000"/>
  <testcase classname="seleniumpractice.WaitsInSelenium.Parameterized" name="TestCase4" time="0.000"/>
  <testcase classname="seleniumpractice.WaitsInSelenium.Parameterized" name="TestCase4" time="0.000"/>
  <testcase classname="seleniumpractice.WaitsInSelenium.Parameterized" name="TestCase4" time="0.000"/>
  <testcase classname="seleniumpractice.WaitsInSelenium.Parameterized" name="TestCase4" time="0.000"/>
  <testcase classname="seleniumpractice.WaitsInSelenium.Parameterized" name="TestCase4" time="0.000"/>
  <testcase classname="seleniumpractice.WaitsInSelenium.Parameterized" name="TestCase4" time="0.000"/>
  <testcase classname="seleniumpractice.WaitsInSelenium.Parameterized" name="TestCase4" time="0.000"/>
  <testcase classname="seleniumpractice.WaitsInSelenium.Parameterized" name="TestCase4" time="0.001"/>
  <testcase classname="seleniumpractice.WaitsInSelenium.Parameterized" name="TestCase4" time="0.000"/>
  <testcase classname="seleniumpractice.WaitsInSelenium.Parameterized" name="TestCase4" time="0.000"/>
  <testcase classname="seleniumpractice.WaitsInSelenium.Parameterized" name="TestCase4" time="0.000"/>
  <testcase classname="seleniumpractice.WaitsInSelenium.Parameterized" name="TestCase4" time="0.000"/>
  <testcase classname="seleniumpractice.WaitsInSelenium.Parameterized" name="TestCase4" time="0.000"/>
  <testcase classname="seleniumpractice.WaitsInSelenium.Parameterized" name="TestCase4" time="0.000"/>
  <testcase classname="seleniumpractice.WaitsInSelenium.Parameterized" name="TestCase4" time="0.000"/>
  <testcase classname="seleniumpractice.WaitsInSelenium.Parameterized" name="TestCase4" time="0.000"/>
  <testcase classname="seleniumpractice.WaitsInSelenium.Parameterized" name="TestCase4" time="0.001"/>
  <testcase classname="seleniumpractice.WaitsInSelenium.Parameterized" name="TestCase4" time="0.001"/>
  <testcase classname="seleniumpractice.WaitsInSelenium.Parameterized" name="TestCase4" time="0.000"/>
  <testcase classname="seleniumpractice.WaitsInSelenium.Parameterized" name="TestCase4" time="0.000"/>
  <testcase classname="seleniumpractice.WaitsInSelenium.Parameterized" name="TestCase4" time="0.000"/>
  <testcase classname="seleniumpractice.WaitsInSelenium.Parameterized" name="TestCase4" time="0.000"/>
  <testcase classname="seleniumpractice.WaitsInSelenium.Parameterized" name="TestCase4" time="0.001"/>
  <testcase classname="seleniumpractice.WaitsInSelenium.Parameterized" name="TestCase4" time="0.000"/>
  <testcase classname="seleniumpractice.WaitsInSelenium.Parameterized" name="TestCase4" time="0.000"/>
  <testcase classname="seleniumpractice.WaitsInSelenium.Parameterized" name="TestCase4" time="0.000"/>
  <testcase classname="seleniumpractice.WaitsInSelenium.Parameterized" name="TestCase4" time="0.001"/>
  <testcase classname="seleniumpractice.WaitsInSelenium.Parameterized" name="TestCase4" time="0.000"/>
  <testcase classname="seleniumpractice.WaitsInSelenium.Parameterized" name="TestCase4" time="0.000"/>
  <testcase classname="seleniumpractice.WaitsInSelenium.Parameterized" name="TestCase4" time="0.001"/>
  <testcase classname="seleniumpractice.WaitsInSelenium.Parameterized" name="TestCase4" time="0.001"/>
  <testcase classname="seleniumpractice.WaitsInSelenium.Parameterized" name="TestCase4" time="0.000"/>
  <testcase classname="seleniumpractice.WaitsInSelenium.Parameterized" name="TestCase4" time="0.001"/>
  <testcase classname="seleniumpractice.WaitsInSelenium.Parameterized" name="TestCase4" time="0.000"/>
  <testcase classname="seleniumpractice.WaitsInSelenium.Parameterized" name="TestCase4" time="0.002"/>
  <testcase classname="seleniumpractice.WaitsInSelenium.Parameterized" name="TestCase4" time="0.000"/>
  <testcase classname="seleniumpractice.WaitsInSelenium.Parameterized" name="TestCase4" time="0.000"/>
  <testcase classname="seleniumpractice.WaitsInSelenium.Parameterized" name="TestCase4" time="0.000"/>
  <testcase classname="seleniumpractice.WaitsInSelenium.Parameterized" name="TestCase4" time="0.001"/>
  <testcase classname="seleniumpractice.WaitsInSelenium.Parameterized" name="TestCase4" time="0.001"/>
  <testcase classname="seleniumpractice.WaitsInSelenium.Parameterized" name="TestCase4" time="0.000"/>
  <testcase classname="seleniumpractice.WaitsInSelenium.Parameterized" name="TestCase4" time="0.001"/>
  <testcase classname="seleniumpractice.WaitsInSelenium.Parameterized" name="TestCase4" time="0.000"/>
  <testcase classname="seleniumpractice.WaitsInSelenium.Parameterized" name="TestCase4" time="0.000"/>
  <testcase classname="seleniumpractice.WaitsInSelenium.Parameterized" name="TestCase4" time="0.000"/>
  <testcase classname="seleniumpractice.WaitsInSelenium.Parameterized" name="TestCase4" time="0.000"/>
  <testcase classname="seleniumpractice.WaitsInSelenium.Parameterized" name="TestCase4" time="0.000"/>
  <testcase classname="seleniumpractice.WaitsInSelenium.Parameterized" name="TestCase4" time="0.000"/>
  <testcase classname="seleniumpractice.WaitsInSelenium.Parameterized" name="TestCase4" time="0.000"/>
  <testcase classname="seleniumpractice.WaitsInSelenium.Parameterized" name="TestCase4" time="0.000"/>
  <testcase classname="seleniumpractice.WaitsInSelenium.Parameterized" name="TestCase4" time="0.000"/>
  <testcase classname="seleniumpractice.WaitsInSelenium.Parameterized" name="TestCase4" time="0.000"/>
  <testcase classname="seleniumpractice.WaitsInSelenium.Parameterized" name="TestCase4" time="0.000"/>
  <testcase classname="seleniumpractice.WaitsInSelenium.Parameterized" name="TestCase4" time="0.000"/>
  <testcase classname="seleniumpractice.WaitsInSelenium.Parameterized" name="TestCase4" time="0.000"/>
  <testcase classname="seleniumpractice.WaitsInSelenium.Parameterized" name="TestCase4" time="0.000"/>
  <testcase classname="seleniumpractice.WaitsInSelenium.Parameterized" name="TestCase4" time="0.000"/>
  <testcase classname="seleniumpractice.WaitsInSelenium.Parameterized" name="TestCase4" time="0.000"/>
  <testcase classname="seleniumpractice.WaitsInSelenium.Parameterized" name="TestCase4" time="0.000"/>
  <testcase classname="seleniumpractice.WaitsInSelenium.Parameterized" name="TestCase4" time="0.000"/>
  <testcase classname="seleniumpractice.WaitsInSelenium.Parameterized" name="TestCase4" time="0.000"/>
  <testcase classname="seleniumpractice.WaitsInSelenium.Parameterized" name="TestCase4" time="0.000"/>
  <testcase classname="seleniumpractice.WaitsInSelenium.Parameterized" name="TestCase4" time="0.000"/>
  <testcase classname="seleniumpractice.WaitsInSelenium.Parameterized" name="TestCase4" time="0.000"/>
  <testcase classname="seleniumpractice.WaitsInSelenium.Parameterized" name="TestCase4" time="0.001"/>
  <testcase classname="seleniumpractice.WaitsInSelenium.Parameterized" name="TestCase4" time="0.000"/>
  <testcase classname="seleniumpractice.WaitsInSelenium.Parameterized" name="TestCase4" time="0.000"/>
  <testcase classname="seleniumpractice.WaitsInSelenium.Parameterized" name="TestCase4" time="0.001"/>
  <testcase classname="seleniumpractice.WaitsInSelenium.Parameterized" name="TestCase4" time="0.001"/>
  <testcase classname="seleniumpractice.WaitsInSelenium.Parameterized" name="TestCase4" time="0.000"/>
  <testcase classname="seleniumpractice.WaitsInSelenium.Parameterized" name="TestCase4" time="0.000"/>
  <testcase classname="seleniumpractice.WaitsInSelenium.Parameterized" name="TestCase4" time="0.001"/>
  <testcase classname="seleniumpractice.WaitsInSelenium.Parameterized" name="TestCase4" time="0.001"/>
  <testcase classname="seleniumpractice.WaitsInSelenium.Parameterized" name="TestCase4" time="0.000"/>
  <testcase classname="seleniumpractice.WaitsInSelenium.Parameterized" name="TestCase4" time="0.000"/>
  <testcase classname="seleniumpractice.WaitsInSelenium.Parameterized" name="TestCase4" time="0.000"/>
  <testcase classname="seleniumpractice.WaitsInSelenium.Parameterized" name="TestCase4" time="0.000"/>
  <testcase classname="seleniumpractice.WaitsInSelenium.Parameterized" name="TestCase4" time="0.000"/>
  <testcase classname="seleniumpractice.WaitsInSelenium.Parameterized" name="TestCase4" time="0.000"/>
  <testcase classname="seleniumpractice.WaitsInSelenium.Parameterized" name="TestCase4" time="0.000"/>
  <testcase classname="seleniumpractice.WaitsInSelenium.Parameterized" name="TestCase4" time="0.000"/>
  <testcase classname="seleniumpractice.WaitsInSelenium.Parameterized" name="TestCase4" time="0.000"/>
  <testcase classname="seleniumpractice.WaitsInSelenium.Parameterized" name="TestCase4" time="0.001"/>
  <testcase classname="seleniumpractice.WaitsInSelenium.Parameterized" name="TestCase4" time="0.000"/>
  <testcase classname="seleniumpractice.WaitsInSelenium.Parameterized" name="TestCase4" time="0.000"/>
  <testcase classname="seleniumpractice.WaitsInSelenium.Parameterized" name="TestCase4" time="0.000"/>
  <testcase classname="seleniumpractice.WaitsInSelenium.Parameterized" name="TestCase4" time="0.000"/>
  <testcase classname="seleniumpractice.WaitsInSelenium.Parameterized" name="TestCase4" time="0.000"/>
  <testcase classname="seleniumpractice.WaitsInSelenium.Parameterized" name="TestCase4" time="0.001"/>
  <testcase classname="seleniumpractice.WaitsInSelenium.Parameterized" name="TestCase4" time="0.000"/>
  <testcase classname="seleniumpractice.WaitsInSelenium.Parameterized" name="TestCase4" time="0.001"/>
  <testcase classname="seleniumpractice.WaitsInSelenium.Parameterized" name="TestCase4" time="0.001"/>
  <testcase classname="seleniumpractice.WaitsInSelenium.Parameterized" name="TestCase4" time="0.001"/>
  <testcase classname="seleniumpractice.WaitsInSelenium.Parameterized" name="TestCase4" time="0.000"/>
  <testcase classname="seleniumpractice.WaitsInSelenium.Parameterized" name="TestCase4" time="0.001"/>
  <testcase classname="seleniumpractice.WaitsInSelenium.Parameterized" name="TestCase4" time="0.000"/>
  <testcase classname="seleniumpractice.WaitsInSelenium.Parameterized" name="TestCase4" time="0.001"/>
  <testcase classname="seleniumpractice.WaitsInSelenium.Parameterized" name="TestCase4" time="0.000"/>
  <testcase classname="seleniumpractice.WaitsInSelenium.Parameterized" name="TestCase4" time="0.000"/>
  <testcase classname="seleniumpractice.WaitsInSelenium.Parameterized" name="TestCase4" time="0.000"/>
  <testcase classname="seleniumpractice.WaitsInSelenium.Parameterized" name="TestCase4" time="0.000"/>
  <testcase classname="seleniumpractice.WaitsInSelenium.Parameterized" name="TestCase4" time="0.002"/>
  <testcase classname="seleniumpractice.WaitsInSelenium.Parameterized" name="TestCase4" time="0.000"/>
  <testcase classname="seleniumpractice.WaitsInSelenium.Parameterized" name="TestCase4" time="0.000"/>
  <testcase classname="seleniumpractice.WaitsInSelenium.Parameterized" name="TestCase4" time="0.000"/>
  <testcase classname="seleniumpractice.WaitsInSelenium.Parameterized" name="TestCase4" time="0.000"/>
  <testcase classname="seleniumpractice.WaitsInSelenium.Parameterized" name="TestCase4" time="0.001"/>
  <testcase classname="seleniumpractice.WaitsInSelenium.Parameterized" name="TestCase4" time="0.000"/>
  <testcase classname="seleniumpractice.WaitsInSelenium.Parameterized" name="TestCase4" time="0.000"/>
  <testcase classname="seleniumpractice.WaitsInSelenium.Parameterized" name="TestCase4" time="0.001"/>
  <testcase classname="seleniumpractice.WaitsInSelenium.Parameterized" name="TestCase4" time="0.000"/>
  <testcase classname="seleniumpractice.WaitsInSelenium.Parameterized" name="TestCase4" time="0.000"/>
  <testcase classname="seleniumpractice.WaitsInSelenium.Parameterized" name="TestCase4" time="0.000"/>
  <testcase classname="seleniumpractice.WaitsInSelenium.Parameterized" name="TestCase4" time="0.000"/>
  <testcase classname="seleniumpractice.WaitsInSelenium.Parameterized" name="TestCase4" time="0.000"/>
  <testcase classname="seleniumpractice.WaitsInSelenium.Parameterized" name="TestCase4" time="0.000"/>
  <testcase classname="seleniumpractice.WaitsInSelenium.Parameterized" name="TestCase4" time="0.000"/>
  <testcase classname="seleniumpractice.WaitsInSelenium.Parameterized" name="TestCase4" time="0.001"/>
  <testcase classname="seleniumpractice.WaitsInSelenium.Parameterized" name="TestCase4" time="0.000"/>
  <testcase classname="seleniumpractice.WaitsInSelenium.Parameterized" name="TestCase4" time="0.000"/>
  <testcase classname="seleniumpractice.WaitsInSelenium.Parameterized" name="TestCase4" time="0.001"/>
  <testcase classname="seleniumpractice.WaitsInSelenium.Parameterized" name="TestCase4" time="0.001"/>
  <testcase classname="seleniumpractice.WaitsInSelenium.Parameterized" name="TestCase4" time="0.000"/>
  <testcase classname="seleniumpractice.WaitsInSelenium.Parameterized" name="TestCase4" time="0.000"/>
  <testcase classname="seleniumpractice.WaitsInSelenium.Parameterized" name="TestCase4" time="0.000"/>
  <testcase classname="seleniumpractice.WaitsInSelenium.Parameterized" name="TestCase4" time="0.000"/>
  <testcase classname="seleniumpractice.WaitsInSelenium.Parameterized" name="TestCase4" time="0.000"/>
  <testcase classname="seleniumpractice.WaitsInSelenium.Parameterized" name="TestCase4" time="0.000"/>
  <testcase classname="seleniumpractice.WaitsInSelenium.Parameterized" name="TestCase4" time="0.001"/>
  <testcase classname="seleniumpractice.WaitsInSelenium.Parameterized" name="TestCase4" time="0.001"/>
  <testcase classname="seleniumpractice.WaitsInSelenium.Parameterized" name="TestCase4" time="0.000"/>
  <testcase classname="seleniumpractice.WaitsInSelenium.Parameterized" name="TestCase4" time="0.000"/>
  <testcase classname="seleniumpractice.WaitsInSelenium.Parameterized" name="TestCase4" time="0.000"/>
  <testcase classname="seleniumpractice.WaitsInSelenium.Parameterized" name="TestCase4" time="0.001"/>
  <testcase classname="seleniumpractice.WaitsInSelenium.Parameterized" name="TestCase4" time="0.000"/>
  <testcase classname="seleniumpractice.WaitsInSelenium.Parameterized" name="TestCase4" time="0.000"/>
  <testcase classname="seleniumpractice.WaitsInSelenium.Parameterized" name="TestCase4" time="0.000"/>
  <testcase classname="seleniumpractice.WaitsInSelenium.Parameterized" name="TestCase4" time="0.184"/>
  <testcase classname="seleniumpractice.WaitsInSelenium.Parameterized" name="TestCase4" time="0.000"/>
  <testcase classname="seleniumpractice.WaitsInSelenium.Parameterized" name="TestCase4" time="0.000"/>
  <testcase classname="seleniumpractice.WaitsInSelenium.Parameterized" name="TestCase4" time="0.000"/>
  <testcase classname="seleniumpractice.WaitsInSelenium.Parameterized" name="TestCase4" time="0.001"/>
  <testcase classname="seleniumpractice.WaitsInSelenium.Parameterized" name="TestCase4" time="0.001"/>
  <testcase classname="seleniumpractice.WaitsInSelenium.Parameterized" name="TestCase4" time="0.001"/>
  <testcase classname="seleniumpractice.WaitsInSelenium.Parameterized" name="TestCase4" time="0.000"/>
  <testcase classname="seleniumpractice.WaitsInSelenium.Parameterized" name="TestCase4" time="0.002"/>
  <testcase classname="seleniumpractice.WaitsInSelenium.Parameterized" name="TestCase4" time="0.000"/>
  <testcase classname="seleniumpractice.WaitsInSelenium.Parameterized" name="TestCase4" time="0.000"/>
  <testcase classname="seleniumpractice.WaitsInSelenium.Parameterized" name="TestCase4" time="0.001"/>
  <testcase classname="seleniumpractice.WaitsInSelenium.Parameterized" name="TestCase4" time="0.000"/>
  <testcase classname="seleniumpractice.WaitsInSelenium.Parameterized" name="TestCase4" time="0.001"/>
  <testcase classname="seleniumpractice.WaitsInSelenium.Parameterized" name="TestCase4" time="0.000"/>
  <testcase classname="seleniumpractice.WaitsInSelenium.Parameterized" name="TestCase4" time="0.001"/>
  <testcase classname="seleniumpractice.WaitsInSelenium.Parameterized" name="TestCase4" time="0.000"/>
  <testcase classname="seleniumpractice.WaitsInSelenium.Parameterized" name="TestCase4" time="0.001"/>
  <testcase classname="seleniumpractice.WaitsInSelenium.Parameterized" name="TestCase4" time="0.001"/>
  <testcase classname="seleniumpractice.WaitsInSelenium.Parameterized" name="TestCase4" time="0.000"/>
  <testcase classname="seleniumpractice.WaitsInSelenium.Parameterized" name="TestCase4" time="0.000"/>
  <testcase classname="seleniumpractice.WaitsInSelenium.Parameterized" name="TestCase4" time="0.000"/>
  <testcase classname="seleniumpractice.WaitsInSelenium.Parameterized" name="TestCase4" time="0.000"/>
  <testcase classname="seleniumpractice.WaitsInSelenium.Parameterized" name="TestCase4" time="0.000"/>
  <testcase classname="seleniumpractice.WaitsInSelenium.Parameterized" name="TestCase4" time="0.001"/>
  <testcase classname="seleniumpractice.WaitsInSelenium.Parameterized" name="TestCase4" time="0.001"/>
  <testcase classname="seleniumpractice.WaitsInSelenium.Parameterized" name="TestCase4" time="0.000"/>
  <testcase classname="seleniumpractice.WaitsInSelenium.Parameterized" name="TestCase4" time="0.000"/>
  <testcase classname="seleniumpractice.WaitsInSelenium.Parameterized" name="TestCase4" time="0.001"/>
  <testcase classname="seleniumpractice.WaitsInSelenium.Parameterized" name="TestCase4" time="0.001"/>
  <testcase classname="seleniumpractice.WaitsInSelenium.Parameterized" name="TestCase4" time="0.001"/>
  <testcase classname="seleniumpractice.WaitsInSelenium.Parameterized" name="TestCase4" time="0.000"/>
  <testcase classname="seleniumpractice.WaitsInSelenium.Parameterized" name="TestCase4" time="0.000"/>
  <testcase classname="seleniumpractice.WaitsInSelenium.Parameterized" name="TestCase4" time="0.000"/>
  <testcase classname="seleniumpractice.WaitsInSelenium.Parameterized" name="TestCase4" time="0.000"/>
  <testcase classname="seleniumpractice.WaitsInSelenium.Parameterized" name="TestCase4" time="0.000"/>
  <testcase classname="seleniumpractice.WaitsInSelenium.Parameterized" name="TestCase4" time="0.000"/>
  <testcase classname="seleniumpractice.WaitsInSelenium.Parameterized" name="TestCase4" time="0.000"/>
  <testcase classname="seleniumpractice.WaitsInSelenium.Parameterized" name="TestCase4" time="0.001"/>
  <testcase classname="seleniumpractice.WaitsInSelenium.Parameterized" name="TestCase4" time="0.000"/>
  <testcase classname="seleniumpractice.WaitsInSelenium.Parameterized" name="TestCase4" time="0.007"/>
  <testcase classname="seleniumpractice.WaitsInSelenium.Parameterized" name="TestCase4" time="0.000"/>
  <testcase classname="seleniumpractice.WaitsInSelenium.Parameterized" name="TestCase4" time="0.000"/>
  <testcase classname="seleniumpractice.WaitsInSelenium.Parameterized" name="TestCase4" time="0.000"/>
  <testcase classname="seleniumpractice.WaitsInSelenium.Parameterized" name="TestCase4" time="0.000"/>
  <testcase classname="seleniumpractice.WaitsInSelenium.Parameterized" name="TestCase4" time="0.000"/>
  <testcase classname="seleniumpractice.WaitsInSelenium.Parameterized" name="TestCase4" time="0.000"/>
  <testcase classname="seleniumpractice.WaitsInSelenium.Parameterized" name="TestCase4" time="0.001"/>
  <testcase classname="seleniumpractice.WaitsInSelenium.Parameterized" name="TestCase4" time="0.000"/>
  <testcase classname="seleniumpractice.WaitsInSelenium.Parameterized" name="TestCase4" time="0.001"/>
  <testcase classname="seleniumpractice.WaitsInSelenium.Parameterized" name="TestCase4" time="0.000"/>
  <testcase classname="seleniumpractice.WaitsInSelenium.Parameterized" name="TestCase4" time="0.001"/>
  <testcase classname="seleniumpractice.WaitsInSelenium.Parameterized" name="TestCase4" time="0.000"/>
  <testcase classname="seleniumpractice.WaitsInSelenium.Parameterized" name="TestCase4" time="0.001"/>
  <testcase classname="seleniumpractice.WaitsInSelenium.Parameterized" name="TestCase4" time="0.000"/>
  <testcase classname="seleniumpractice.WaitsInSelenium.Parameterized" name="TestCase4" time="0.000"/>
  <testcase classname="seleniumpractice.WaitsInSelenium.Parameterized" name="TestCase4" time="0.000"/>
  <testcase classname="seleniumpractice.WaitsInSelenium.Parameterized" name="TestCase4" time="0.001"/>
  <testcase classname="seleniumpractice.WaitsInSelenium.Parameterized" name="TestCase4" time="0.001"/>
  <testcase classname="seleniumpractice.WaitsInSelenium.Parameterized" name="TestCase4" time="0.000"/>
  <testcase classname="seleniumpractice.WaitsInSelenium.Parameterized" name="TestCase4" time="0.000"/>
  <testcase classname="seleniumpractice.WaitsInSelenium.Parameterized" name="TestCase4" time="0.000"/>
  <testcase classname="seleniumpractice.WaitsInSelenium.Parameterized" name="TestCase4" time="0.001"/>
  <testcase classname="seleniumpractice.WaitsInSelenium.Parameterized" name="TestCase4" time="0.001"/>
  <testcase classname="seleniumpractice.WaitsInSelenium.Parameterized" name="TestCase4" time="0.000"/>
  <testcase classname="seleniumpractice.WaitsInSelenium.Parameterized" name="TestCase4" time="0.000"/>
  <testcase classname="seleniumpractice.WaitsInSelenium.Parameterized" name="TestCase4" time="0.001"/>
  <testcase classname="seleniumpractice.WaitsInSelenium.Parameterized" name="TestCase4" time="0.000"/>
  <testcase classname="seleniumpractice.WaitsInSelenium.Parameterized" name="TestCase4" time="0.000"/>
  <testcase classname="seleniumpractice.WaitsInSelenium.Parameterized" name="TestCase4" time="0.001"/>
  <testcase classname="seleniumpractice.WaitsInSelenium.Parameterized" name="TestCase4" time="0.000"/>
  <testcase classname="seleniumpractice.WaitsInSelenium.Parameterized" name="TestCase4" time="0.000"/>
  <testcase classname="seleniumpractice.WaitsInSelenium.Parameterized" name="TestCase4" time="0.001"/>
  <testcase classname="seleniumpractice.WaitsInSelenium.Parameterized" name="TestCase4" time="0.000"/>
  <testcase classname="seleniumpractice.WaitsInSelenium.Parameterized" name="TestCase4" time="0.000"/>
  <testcase classname="seleniumpractice.WaitsInSelenium.Parameterized" name="TestCase4" time="0.000"/>
  <testcase classname="seleniumpractice.WaitsInSelenium.Parameterized" name="TestCase4" time="0.000"/>
  <testcase classname="seleniumpractice.WaitsInSelenium.Parameterized" name="TestCase4" time="0.001"/>
  <testcase classname="seleniumpractice.WaitsInSelenium.Parameterized" name="TestCase4" time="0.001"/>
  <testcase classname="seleniumpractice.WaitsInSelenium.Parameterized" name="TestCase4" time="0.001"/>
  <testcase classname="seleniumpractice.WaitsInSelenium.Parameterized" name="TestCase4" time="0.000"/>
  <testcase classname="seleniumpractice.WaitsInSelenium.Parameterized" name="TestCase4" time="0.000"/>
  <testcase classname="seleniumpractice.WaitsInSelenium.Parameterized" name="TestCase4" time="0.000"/>
  <testcase classname="seleniumpractice.WaitsInSelenium.Parameterized" name="TestCase4" time="0.001"/>
  <testcase classname="seleniumpractice.WaitsInSelenium.Parameterized" name="TestCase4" time="0.000"/>
  <testcase classname="seleniumpractice.WaitsInSelenium.Parameterized" name="TestCase4" time="0.000"/>
  <testcase classname="seleniumpractice.WaitsInSelenium.Parameterized" name="TestCase4" time="0.001"/>
  <testcase classname="seleniumpractice.WaitsInSelenium.Parameterized" name="TestCase4" time="0.001"/>
  <testcase classname="seleniumpractice.WaitsInSelenium.Parameterized" name="TestCase4" time="0.000"/>
  <testcase classname="seleniumpractice.WaitsInSelenium.Parameterized" name="TestCase4" time="0.000"/>
  <testcase classname="seleniumpractice.WaitsInSelenium.Parameterized" name="TestCase4" time="0.000"/>
  <testcase classname="seleniumpractice.WaitsInSelenium.Parameterized" name="TestCase4" time="0.000"/>
  <testcase classname="seleniumpractice.WaitsInSelenium.Parameterized" name="TestCase4" time="0.000"/>
  <testcase classname="seleniumpractice.WaitsInSelenium.Parameterized" name="TestCase4" time="0.001"/>
  <testcase classname="seleniumpractice.WaitsInSelenium.Parameterized" name="TestCase4" time="0.000"/>
  <testcase classname="seleniumpractice.WaitsInSelenium.Parameterized" name="TestCase4" time="0.001"/>
  <testcase classname="seleniumpractice.WaitsInSelenium.Parameterized" name="TestCase4" time="0.000"/>
  <testcase classname="seleniumpractice.WaitsInSelenium.Parameterized" name="TestCase4" time="0.001"/>
  <testcase classname="seleniumpractice.WaitsInSelenium.Parameterized" name="TestCase4" time="0.000"/>
  <testcase classname="seleniumpractice.WaitsInSelenium.Parameterized" name="TestCase4" time="0.001"/>
  <testcase classname="seleniumpractice.WaitsInSelenium.Parameterized" name="TestCase4" time="0.000"/>
  <testcase classname="seleniumpractice.WaitsInSelenium.Parameterized" name="TestCase4" time="0.000"/>
  <testcase classname="seleniumpractice.WaitsInSelenium.Parameterized" name="TestCase4" time="0.000"/>
  <testcase classname="seleniumpractice.WaitsInSelenium.Parameterized" name="TestCase4" time="0.001"/>
  <testcase classname="seleniumpractice.WaitsInSelenium.Parameterized" name="TestCase4" time="0.000"/>
  <testcase classname="seleniumpractice.WaitsInSelenium.Parameterized" name="TestCase4" time="0.000"/>
  <testcase classname="seleniumpractice.WaitsInSelenium.Parameterized" name="TestCase4" time="0.000"/>
  <testcase classname="seleniumpractice.WaitsInSelenium.Parameterized" name="TestCase4" time="0.001"/>
  <testcase classname="seleniumpractice.WaitsInSelenium.Parameterized" name="TestCase4" time="0.003"/>
  <testcase classname="seleniumpractice.WaitsInSelenium.Parameterized" name="TestCase4" time="0.000"/>
  <testcase classname="seleniumpractice.WaitsInSelenium.Parameterized" name="TestCase4" time="0.001"/>
  <testcase classname="seleniumpractice.WaitsInSelenium.Parameterized" name="TestCase4" time="0.000"/>
  <testcase classname="seleniumpractice.WaitsInSelenium.Parameterized" name="TestCase4" time="0.000"/>
  <testcase classname="seleniumpractice.WaitsInSelenium.Parameterized" name="TestCase4" time="0.000"/>
  <testcase classname="seleniumpractice.WaitsInSelenium.Parameterized" name="TestCase4" time="0.000"/>
  <testcase classname="seleniumpractice.WaitsInSelenium.Parameterized" name="TestCase4" time="0.000"/>
  <testcase classname="seleniumpractice.WaitsInSelenium.Parameterized" name="TestCase4" time="0.000"/>
  <testcase classname="seleniumpractice.WaitsInSelenium.Parameterized" name="TestCase4" time="0.000"/>
  <testcase classname="seleniumpractice.WaitsInSelenium.Parameterized" name="TestCase4" time="0.000"/>
  <testcase classname="seleniumpractice.WaitsInSelenium.Parameterized" name="TestCase4" time="0.000"/>
  <testcase classname="seleniumpractice.WaitsInSelenium.Parameterized" name="TestCase4" time="0.000"/>
  <testcase classname="seleniumpractice.WaitsInSelenium.Parameterized" name="TestCase4" time="0.000"/>
  <testcase classname="seleniumpractice.WaitsInSelenium.Parameterized" name="TestCase4" time="0.000"/>
  <testcase classname="seleniumpractice.WaitsInSelenium.Parameterized" name="TestCase4" time="0.000"/>
  <testcase classname="seleniumpractice.WaitsInSelenium.Parameterized" name="TestCase4" time="0.001"/>
  <testcase classname="seleniumpractice.WaitsInSelenium.Parameterized" name="TestCase4" time="0.000"/>
  <testcase classname="seleniumpractice.WaitsInSelenium.Parameterized" name="TestCase4" time="0.002"/>
  <testcase classname="seleniumpractice.WaitsInSelenium.Parameterized" name="TestCase4" time="0.000"/>
  <testcase classname="seleniumpractice.WaitsInSelenium.Parameterized" name="TestCase4" time="0.000"/>
  <testcase classname="seleniumpractice.WaitsInSelenium.Parameterized" name="TestCase4" time="0.001"/>
  <testcase classname="seleniumpractice.WaitsInSelenium.Parameterized" name="TestCase4" time="0.001"/>
  <testcase classname="seleniumpractice.WaitsInSelenium.Parameterized" name="TestCase4" time="0.000"/>
  <testcase classname="seleniumpractice.WaitsInSelenium.Parameterized" name="TestCase4" time="0.000"/>
  <testcase classname="seleniumpractice.WaitsInSelenium.Parameterized" name="TestCase4" time="0.000"/>
  <testcase classname="seleniumpractice.WaitsInSelenium.Parameterized" name="TestCase4" time="0.000"/>
  <testcase classname="seleniumpractice.WaitsInSelenium.Parameterized" name="TestCase4" time="0.000"/>
  <testcase classname="seleniumpractice.WaitsInSelenium.Parameterized" name="TestCase4" time="0.000"/>
  <testcase classname="seleniumpractice.WaitsInSelenium.Parameterized" name="TestCase4" time="0.001"/>
  <testcase classname="seleniumpractice.WaitsInSelenium.Parameterized" name="TestCase4" time="0.000"/>
  <testcase classname="seleniumpractice.WaitsInSelenium.Parameterized" name="TestCase4" time="0.000"/>
  <testcase classname="seleniumpractice.WaitsInSelenium.Parameterized" name="TestCase4" time="0.000"/>
  <testcase classname="seleniumpractice.WaitsInSelenium.Parameterized" name="TestCase4" time="0.001"/>
  <testcase classname="seleniumpractice.WaitsInSelenium.Parameterized" name="TestCase4" time="0.000"/>
  <testcase classname="seleniumpractice.WaitsInSelenium.Parameterized" name="TestCase4" time="0.000"/>
  <testcase classname="seleniumpractice.WaitsInSelenium.Parameterized" name="TestCase4" time="0.000"/>
  <testcase classname="seleniumpractice.WaitsInSelenium.Parameterized" name="TestCase4" time="0.000"/>
  <testcase classname="seleniumpractice.WaitsInSelenium.Parameterized" name="TestCase4" time="0.000"/>
  <testcase classname="seleniumpractice.WaitsInSelenium.Parameterized" name="TestCase4" time="0.000"/>
  <testcase classname="seleniumpractice.WaitsInSelenium.Parameterized" name="TestCase4" time="0.000"/>
  <testcase classname="seleniumpractice.WaitsInSelenium.Parameterized" name="TestCase4" time="0.000"/>
  <testcase classname="seleniumpractice.WaitsInSelenium.Parameterized" name="TestCase4" time="0.000"/>
  <testcase classname="seleniumpractice.WaitsInSelenium.Parameterized" name="TestCase4" time="0.000"/>
  <testcase classname="seleniumpractice.WaitsInSelenium.Parameterized" name="TestCase4" time="0.000"/>
  <testcase classname="seleniumpractice.WaitsInSelenium.Parameterized" name="TestCase4" time="0.000"/>
  <testcase classname="seleniumpractice.WaitsInSelenium.Parameterized" name="TestCase4" time="0.000"/>
  <testcase classname="seleniumpractice.WaitsInSelenium.Parameterized" name="TestCase4" time="0.000"/>
  <testcase classname="seleniumpractice.WaitsInSelenium.Parameterized" name="TestCase4" time="0.000"/>
  <testcase classname="seleniumpractice.WaitsInSelenium.Parameterized" name="TestCase4" time="0.001"/>
  <testcase classname="seleniumpractice.WaitsInSelenium.Parameterized" name="TestCase4" time="0.000"/>
  <testcase classname="seleniumpractice.WaitsInSelenium.Parameterized" name="TestCase4" time="0.000"/>
  <testcase classname="seleniumpractice.WaitsInSelenium.Parameterized" name="TestCase4" time="0.001"/>
  <testcase classname="seleniumpractice.WaitsInSelenium.Parameterized" name="TestCase4" time="0.000"/>
  <testcase classname="seleniumpractice.WaitsInSelenium.Parameterized" name="TestCase4" time="0.000"/>
  <testcase classname="seleniumpractice.WaitsInSelenium.Parameterized" name="TestCase4" time="0.000"/>
  <testcase classname="seleniumpractice.WaitsInSelenium.Parameterized" name="TestCase4" time="0.000"/>
  <testcase classname="seleniumpractice.WaitsInSelenium.Parameterized" name="TestCase4" time="0.000"/>
  <testcase classname="seleniumpractice.WaitsInSelenium.Parameterized" name="TestCase4" time="0.001"/>
  <testcase classname="seleniumpractice.WaitsInSelenium.Parameterized" name="TestCase4" time="0.002"/>
  <testcase classname="seleniumpractice.WaitsInSelenium.Parameterized" name="TestCase4" time="0.001"/>
  <testcase classname="seleniumpractice.WaitsInSelenium.Parameterized" name="TestCase4" time="0.000"/>
  <testcase classname="seleniumpractice.WaitsInSelenium.Parameterized" name="TestCase4" time="0.000"/>
  <testcase classname="seleniumpractice.WaitsInSelenium.Parameterized" name="TestCase4" time="0.000"/>
  <testcase classname="seleniumpractice.WaitsInSelenium.Parameterized" name="TestCase4" time="0.000"/>
  <testcase classname="seleniumpractice.WaitsInSelenium.Parameterized" name="TestCase4" time="0.000"/>
  <testcase classname="seleniumpractice.WaitsInSelenium.Parameterized" name="TestCase4" time="0.000"/>
  <testcase classname="seleniumpractice.WaitsInSelenium.Parameterized" name="TestCase4" time="0.001"/>
  <testcase classname="seleniumpractice.WaitsInSelenium.Parameterized" name="TestCase4" time="0.000"/>
  <testcase classname="seleniumpractice.WaitsInSelenium.Parameterized" name="TestCase4" time="0.000"/>
  <testcase classname="seleniumpractice.WaitsInSelenium.Parameterized" name="TestCase4" time="0.000"/>
  <testcase classname="seleniumpractice.WaitsInSelenium.Parameterized" name="TestCase4" time="0.000"/>
  <testcase classname="seleniumpractice.WaitsInSelenium.Parameterized" name="TestCase4" time="0.001"/>
  <testcase classname="seleniumpractice.WaitsInSelenium.Parameterized" name="TestCase4" time="0.001"/>
  <testcase classname="seleniumpractice.WaitsInSelenium.Parameterized" name="TestCase4" time="0.001"/>
  <testcase classname="seleniumpractice.WaitsInSelenium.Parameterized" name="TestCase4" time="0.000"/>
  <testcase classname="seleniumpractice.WaitsInSelenium.Parameterized" name="TestCase4" time="0.000"/>
  <testcase classname="seleniumpractice.WaitsInSelenium.Parameterized" name="TestCase4" time="0.000"/>
  <testcase classname="seleniumpractice.WaitsInSelenium.Parameterized" name="TestCase4" time="0.001"/>
  <testcase classname="seleniumpractice.WaitsInSelenium.Parameterized" name="TestCase4" time="0.000"/>
  <testcase classname="seleniumpractice.WaitsInSelenium.Parameterized" name="TestCase4" time="0.000"/>
  <testcase classname="seleniumpractice.WaitsInSelenium.Parameterized" name="TestCase4" time="0.000"/>
  <testcase classname="seleniumpractice.WaitsInSelenium.Parameterized" name="TestCase4" time="0.000"/>
  <testcase classname="seleniumpractice.WaitsInSelenium.Parameterized" name="TestCase4" time="0.000"/>
  <testcase classname="seleniumpractice.WaitsInSelenium.Parameterized" name="TestCase4" time="0.000"/>
  <testcase classname="seleniumpractice.WaitsInSelenium.Parameterized" name="TestCase4" time="0.001"/>
  <testcase classname="seleniumpractice.WaitsInSelenium.Parameterized" name="TestCase4" time="0.001"/>
  <testcase classname="seleniumpractice.WaitsInSelenium.Parameterized" name="TestCase4" time="0.000"/>
  <testcase classname="seleniumpractice.WaitsInSelenium.Parameterized" name="TestCase4" time="0.000"/>
  <testcase classname="seleniumpractice.WaitsInSelenium.Parameterized" name="TestCase4" time="0.000"/>
  <testcase classname="seleniumpractice.WaitsInSelenium.Parameterized" name="TestCase4" time="0.001"/>
  <testcase classname="seleniumpractice.WaitsInSelenium.Parameterized" name="TestCase4" time="0.000"/>
  <testcase classname="seleniumpractice.WaitsInSelenium.Parameterized" name="TestCase4" time="0.001"/>
  <testcase classname="seleniumpractice.WaitsInSelenium.Parameterized" name="TestCase4" time="0.000"/>
  <testcase classname="seleniumpractice.WaitsInSelenium.Parameterized" name="TestCase4" time="0.000"/>
  <testcase classname="seleniumpractice.WaitsInSelenium.Parameterized" name="TestCase4" time="0.000"/>
  <testcase classname="seleniumpractice.WaitsInSelenium.Parameterized" name="TestCase4" time="0.000"/>
  <testcase classname="seleniumpractice.WaitsInSelenium.Parameterized" name="TestCase4" time="0.000"/>
  <testcase classname="seleniumpractice.WaitsInSelenium.Parameterized" name="TestCase4" time="0.000"/>
  <testcase classname="seleniumpractice.WaitsInSelenium.Parameterized" name="TestCase4" time="0.001"/>
  <testcase classname="seleniumpractice.WaitsInSelenium.Parameterized" name="TestCase4" time="0.000"/>
  <testcase classname="seleniumpractice.WaitsInSelenium.Parameterized" name="TestCase4" time="0.000"/>
  <testcase classname="seleniumpractice.WaitsInSelenium.Parameterized" name="TestCase4" time="0.000"/>
  <testcase classname="seleniumpractice.WaitsInSelenium.Parameterized" name="TestCase4" time="0.002"/>
  <testcase classname="seleniumpractice.WaitsInSelenium.Parameterized" name="TestCase4" time="0.000"/>
  <testcase classname="seleniumpractice.WaitsInSelenium.Parameterized" name="TestCase4" time="0.000"/>
  <testcase classname="seleniumpractice.WaitsInSelenium.Parameterized" name="TestCase4" time="0.000"/>
  <testcase classname="seleniumpractice.WaitsInSelenium.Parameterized" name="TestCase4" time="0.000"/>
  <testcase classname="seleniumpractice.WaitsInSelenium.Parameterized" name="TestCase4" time="0.000"/>
  <testcase classname="seleniumpractice.WaitsInSelenium.Parameterized" name="TestCase4" time="0.000"/>
  <testcase classname="seleniumpractice.WaitsInSelenium.Parameterized" name="TestCase4" time="0.000"/>
  <testcase classname="seleniumpractice.WaitsInSelenium.Parameterized" name="TestCase4" time="0.000"/>
  <testcase classname="seleniumpractice.WaitsInSelenium.Parameterized" name="TestCase4" time="0.000"/>
  <testcase classname="seleniumpractice.WaitsInSelenium.Parameterized" name="TestCase4" time="0.001"/>
  <testcase classname="seleniumpractice.WaitsInSelenium.Parameterized" name="TestCase4" time="0.000"/>
  <testcase classname="seleniumpractice.WaitsInSelenium.Parameterized" name="TestCase4" time="0.001"/>
  <testcase classname="seleniumpractice.WaitsInSelenium.Parameterized" name="TestCase4" time="0.000"/>
  <testcase classname="seleniumpractice.WaitsInSelenium.Parameterized" name="TestCase4" time="0.000"/>
  <testcase classname="seleniumpractice.WaitsInSelenium.Parameterized" name="TestCase4" time="0.000"/>
  <testcase classname="seleniumpractice.WaitsInSelenium.Parameterized" name="TestCase4" time="0.000"/>
  <testcase classname="seleniumpractice.WaitsInSelenium.Parameterized" name="TestCase4" time="0.000"/>
  <testcase classname="seleniumpractice.WaitsInSelenium.Parameterized" name="TestCase4" time="0.000"/>
  <testcase classname="seleniumpractice.WaitsInSelenium.Parameterized" name="TestCase4" time="0.000"/>
  <testcase classname="seleniumpractice.WaitsInSelenium.Parameterized" name="TestCase4" time="0.000"/>
  <testcase classname="seleniumpractice.WaitsInSelenium.Parameterized" name="TestCase4" time="0.000"/>
  <testcase classname="seleniumpractice.WaitsInSelenium.Parameterized" name="TestCase4" time="0.001"/>
  <testcase classname="seleniumpractice.WaitsInSelenium.Parameterized" name="TestCase4" time="0.000"/>
  <testcase classname="seleniumpractice.WaitsInSelenium.Parameterized" name="TestCase4" time="0.000"/>
  <testcase classname="seleniumpractice.WaitsInSelenium.Parameterized" name="TestCase4" time="0.001"/>
  <testcase classname="seleniumpractice.WaitsInSelenium.Parameterized" name="TestCase4" time="0.000"/>
  <testcase classname="seleniumpractice.WaitsInSelenium.Parameterized" name="TestCase4" time="0.000"/>
  <testcase classname="seleniumpractice.WaitsInSelenium.Parameterized" name="TestCase4" time="0.000"/>
  <testcase classname="seleniumpractice.WaitsInSelenium.Parameterized" name="TestCase4" time="0.000"/>
  <testcase classname="seleniumpractice.WaitsInSelenium.Parameterized" name="TestCase4" time="0.001"/>
  <testcase classname="seleniumpractice.WaitsInSelenium.Parameterized" name="TestCase4" time="0.000"/>
  <testcase classname="seleniumpractice.WaitsInSelenium.Parameterized" name="TestCase4" time="0.000"/>
  <testcase classname="seleniumpractice.WaitsInSelenium.Parameterized" name="TestCase4" time="0.001"/>
  <testcase classname="seleniumpractice.WaitsInSelenium.Parameterized" name="TestCase4" time="0.001"/>
  <testcase classname="seleniumpractice.WaitsInSelenium.Parameterized" name="TestCase4" time="0.000"/>
  <testcase classname="seleniumpractice.WaitsInSelenium.Parameterized" name="TestCase4" time="0.000"/>
  <testcase classname="seleniumpractice.WaitsInSelenium.Parameterized" name="TestCase4" time="0.000"/>
  <testcase classname="seleniumpractice.WaitsInSelenium.Parameterized" name="TestCase4" time="0.001"/>
  <testcase classname="seleniumpractice.WaitsInSelenium.Parameterized" name="TestCase4" time="0.001"/>
  <testcase classname="seleniumpractice.WaitsInSelenium.Parameterized" name="TestCase4" time="0.001"/>
  <testcase classname="seleniumpractice.WaitsInSelenium.Parameterized" name="TestCase4" time="0.000"/>
  <testcase classname="seleniumpractice.WaitsInSelenium.Parameterized" name="TestCase4" time="0.001"/>
  <testcase classname="seleniumpractice.WaitsInSelenium.Parameterized" name="TestCase4" time="0.000"/>
  <testcase classname="seleniumpractice.WaitsInSelenium.Parameterized" name="TestCase4" time="0.001"/>
  <testcase classname="seleniumpractice.WaitsInSelenium.Parameterized" name="TestCase4" time="0.002"/>
  <testcase classname="seleniumpractice.WaitsInSelenium.Parameterized" name="TestCase4" time="0.000"/>
  <testcase classname="seleniumpractice.WaitsInSelenium.Parameterized" name="TestCase4" time="0.000"/>
  <testcase classname="seleniumpractice.WaitsInSelenium.Parameterized" name="TestCase4" time="0.000"/>
  <testcase classname="seleniumpractice.WaitsInSelenium.Parameterized" name="TestCase4" time="0.000"/>
  <testcase classname="seleniumpractice.WaitsInSelenium.Parameterized" name="TestCase4" time="0.001"/>
  <testcase classname="seleniumpractice.WaitsInSelenium.Parameterized" name="TestCase4" time="0.000"/>
  <testcase classname="seleniumpractice.WaitsInSelenium.Parameterized" name="TestCase4" time="0.000"/>
  <testcase classname="seleniumpractice.WaitsInSelenium.Parameterized" name="TestCase4" time="0.000"/>
  <testcase classname="seleniumpractice.WaitsInSelenium.Parameterized" name="TestCase4" time="0.001"/>
  <testcase classname="seleniumpractice.WaitsInSelenium.Parameterized" name="TestCase4" time="0.001"/>
  <testcase classname="seleniumpractice.WaitsInSelenium.Parameterized" name="TestCase4" time="0.000"/>
  <testcase classname="seleniumpractice.WaitsInSelenium.Parameterized" name="TestCase4" time="0.000"/>
  <testcase classname="seleniumpractice.WaitsInSelenium.Parameterized" name="TestCase4" time="0.000"/>
  <testcase classname="seleniumpractice.WaitsInSelenium.Parameterized" name="TestCase4" time="0.000"/>
  <testcase classname="seleniumpractice.WaitsInSelenium.Parameterized" name="TestCase4" time="0.000"/>
  <testcase classname="seleniumpractice.WaitsInSelenium.Parameterized" name="TestCase4" time="0.000"/>
  <testcase classname="seleniumpractice.WaitsInSelenium.Parameterized" name="TestCase4" time="0.000"/>
  <testcase classname="seleniumpractice.WaitsInSelenium.Parameterized" name="TestCase4" time="0.001"/>
  <testcase classname="seleniumpractice.WaitsInSelenium.Parameterized" name="TestCase4" time="0.000"/>
  <testcase classname="seleniumpractice.WaitsInSelenium.Parameterized" name="TestCase4" time="0.000"/>
  <testcase classname="seleniumpractice.WaitsInSelenium.Parameterized" name="TestCase4" time="0.000"/>
  <testcase classname="seleniumpractice.WaitsInSelenium.Parameterized" name="TestCase4" time="0.000"/>
  <testcase classname="seleniumpractice.WaitsInSelenium.Parameterized" name="TestCase4" time="0.000"/>
  <testcase classname="seleniumpractice.WaitsInSelenium.Parameterized" name="TestCase4" time="0.000"/>
  <testcase classname="seleniumpractice.WaitsInSelenium.Parameterized" name="TestCase4" time="0.000"/>
  <testcase classname="seleniumpractice.WaitsInSelenium.Parameterized" name="TestCase4" time="0.001"/>
  <testcase classname="seleniumpractice.WaitsInSelenium.Parameterized" name="TestCase4" time="0.000"/>
  <testcase classname="seleniumpractice.WaitsInSelenium.Parameterized" name="TestCase4" time="0.000"/>
  <testcase classname="seleniumpractice.WaitsInSelenium.Parameterized" name="TestCase4" time="0.000"/>
  <testcase classname="seleniumpractice.WaitsInSelenium.Parameterized" name="TestCase4" time="0.000"/>
  <testcase classname="seleniumpractice.WaitsInSelenium.Parameterized" name="TestCase4" time="0.000"/>
  <testcase classname="seleniumpractice.WaitsInSelenium.Parameterized" name="TestCase4" time="0.001"/>
  <testcase classname="seleniumpractice.WaitsInSelenium.Parameterized" name="TestCase4" time="0.000"/>
  <testcase classname="seleniumpractice.WaitsInSelenium.Parameterized" name="TestCase4" time="0.001"/>
  <testcase classname="seleniumpractice.WaitsInSelenium.Parameterized" name="TestCase4" time="0.001"/>
  <testcase classname="seleniumpractice.WaitsInSelenium.Parameterized" name="TestCase4" time="0.001"/>
  <testcase classname="seleniumpractice.WaitsInSelenium.Parameterized" name="TestCase4" time="0.000"/>
  <testcase classname="seleniumpractice.WaitsInSelenium.Parameterized" name="TestCase4" time="0.000"/>
  <testcase classname="seleniumpractice.WaitsInSelenium.Parameterized" name="TestCase4" time="0.000"/>
  <testcase classname="seleniumpractice.WaitsInSelenium.Parameterized" name="TestCase4" time="0.001"/>
  <testcase classname="seleniumpractice.WaitsInSelenium.Parameterized" name="TestCase4" time="0.000"/>
  <testcase classname="seleniumpractice.WaitsInSelenium.Parameterized" name="TestCase4" time="0.000"/>
  <testcase classname="seleniumpractice.WaitsInSelenium.Parameterized" name="TestCase4" time="0.001"/>
  <testcase classname="seleniumpractice.WaitsInSelenium.Parameterized" name="TestCase4" time="0.001"/>
  <testcase classname="seleniumpractice.WaitsInSelenium.Parameterized" name="TestCase4" time="0.000"/>
  <testcase classname="seleniumpractice.WaitsInSelenium.Parameterized" name="TestCase4" time="0.001"/>
  <testcase classname="seleniumpractice.WaitsInSelenium.Parameterized" name="TestCase4" time="0.003"/>
  <testcase classname="seleniumpractice.WaitsInSelenium.Parameterized" name="TestCase4" time="0.000"/>
  <testcase classname="seleniumpractice.WaitsInSelenium.Parameterized" name="TestCase4" time="0.000"/>
  <testcase classname="seleniumpractice.WaitsInSelenium.Parameterized" name="TestCase4" time="0.000"/>
  <testcase classname="seleniumpractice.WaitsInSelenium.Parameterized" name="TestCase4" time="0.001"/>
  <testcase classname="seleniumpractice.WaitsInSelenium.Parameterized" name="TestCase4" time="0.000"/>
  <testcase classname="seleniumpractice.WaitsInSelenium.Parameterized" name="TestCase4" time="0.002"/>
  <testcase classname="seleniumpractice.WaitsInSelenium.Parameterized" name="TestCase4" time="0.000"/>
  <testcase classname="seleniumpractice.WaitsInSelenium.Parameterized" name="TestCase4" time="0.000"/>
  <testcase classname="seleniumpractice.WaitsInSelenium.Parameterized" name="TestCase4" time="0.002"/>
  <testcase classname="seleniumpractice.WaitsInSelenium.Parameterized" name="TestCase4" time="0.001"/>
  <testcase classname="seleniumpractice.WaitsInSelenium.Parameterized" name="TestCase4" time="0.000"/>
  <testcase classname="seleniumpractice.WaitsInSelenium.Parameterized" name="TestCase4" time="0.000"/>
  <testcase classname="seleniumpractice.WaitsInSelenium.Parameterized" name="TestCase4" time="0.000"/>
  <testcase classname="seleniumpractice.WaitsInSelenium.Parameterized" name="TestCase4" time="0.000"/>
  <testcase classname="seleniumpractice.WaitsInSelenium.Parameterized" name="TestCase4" time="0.000"/>
  <testcase classname="seleniumpractice.WaitsInSelenium.Parameterized" name="TestCase4" time="0.000"/>
  <testcase classname="seleniumpractice.WaitsInSelenium.Parameterized" name="TestCase4" time="0.000"/>
  <testcase classname="seleniumpractice.WaitsInSelenium.Parameterized" name="TestCase4" time="0.000"/>
  <testcase classname="seleniumpractice.WaitsInSelenium.Parameterized" name="TestCase4" time="0.000"/>
  <testcase classname="seleniumpractice.WaitsInSelenium.Parameterized" name="TestCase4" time="0.000"/>
  <testcase classname="seleniumpractice.WaitsInSelenium.Parameterized" name="TestCase4" time="0.000"/>
  <testcase classname="seleniumpractice.WaitsInSelenium.Parameterized" name="TestCase4" time="0.000"/>
  <testcase classname="seleniumpractice.WaitsInSelenium.Parameterized" name="TestCase4" time="0.000"/>
  <testcase classname="seleniumpractice.WaitsInSelenium.Parameterized" name="TestCase4" time="0.001"/>
  <testcase classname="seleniumpractice.WaitsInSelenium.Parameterized" name="TestCase4" time="0.000"/>
  <testcase classname="seleniumpractice.WaitsInSelenium.Parameterized" name="TestCase4" time="0.001"/>
  <testcase classname="seleniumpractice.WaitsInSelenium.Parameterized" name="TestCase4" time="0.000"/>
  <testcase classname="seleniumpractice.WaitsInSelenium.Parameterized" name="TestCase4" time="0.000"/>
  <testcase classname="seleniumpractice.WaitsInSelenium.Parameterized" name="TestCase4" time="0.001"/>
  <testcase classname="seleniumpractice.WaitsInSelenium.Parameterized" name="TestCase4" time="0.000"/>
  <testcase classname="seleniumpractice.WaitsInSelenium.Parameterized" name="TestCase4" time="0.000"/>
  <testcase classname="seleniumpractice.WaitsInSelenium.Parameterized" name="TestCase4" time="0.000"/>
  <testcase classname="seleniumpractice.WaitsInSelenium.Parameterized" name="TestCase4" time="0.000"/>
  <testcase classname="seleniumpractice.WaitsInSelenium.Parameterized" name="TestCase4" time="0.000"/>
  <testcase classname="seleniumpractice.WaitsInSelenium.Parameterized" name="TestCase4" time="0.000"/>
  <testcase classname="seleniumpractice.WaitsInSelenium.Parameterized" name="TestCase4" time="0.001"/>
  <testcase classname="seleniumpractice.WaitsInSelenium.Parameterized" name="TestCase4" time="0.001"/>
  <testcase classname="seleniumpractice.WaitsInSelenium.Parameterized" name="TestCase4" time="0.000"/>
  <testcase classname="seleniumpractice.WaitsInSelenium.Parameterized" name="TestCase4" time="0.000"/>
  <testcase classname="seleniumpractice.WaitsInSelenium.Parameterized" name="TestCase4" time="0.000"/>
  <testcase classname="seleniumpractice.WaitsInSelenium.Parameterized" name="TestCase4" time="0.000"/>
  <testcase classname="seleniumpractice.WaitsInSelenium.Parameterized" name="TestCase4" time="0.001"/>
  <testcase classname="seleniumpractice.WaitsInSelenium.Parameterized" name="TestCase4" time="0.001"/>
  <testcase classname="seleniumpractice.WaitsInSelenium.Parameterized" name="TestCase4" time="0.000"/>
  <testcase classname="seleniumpractice.WaitsInSelenium.Parameterized" name="TestCase4" time="0.001"/>
  <testcase classname="seleniumpractice.WaitsInSelenium.Parameterized" name="TestCase4" time="0.001"/>
  <testcase classname="seleniumpractice.WaitsInSelenium.Parameterized" name="TestCase4" time="0.000"/>
  <testcase classname="seleniumpractice.WaitsInSelenium.Parameterized" name="TestCase4" time="0.000"/>
  <testcase classname="seleniumpractice.WaitsInSelenium.Parameterized" name="TestCase4" time="0.001"/>
  <testcase classname="seleniumpractice.WaitsInSelenium.Parameterized" name="TestCase4" time="0.000"/>
  <testcase classname="seleniumpractice.WaitsInSelenium.Parameterized" name="TestCase4" time="0.005"/>
  <testcase classname="seleniumpractice.WaitsInSelenium.Parameterized" name="TestCase4" time="0.000"/>
  <testcase classname="seleniumpractice.WaitsInSelenium.Parameterized" name="TestCase4" time="0.000"/>
  <testcase classname="seleniumpractice.WaitsInSelenium.Parameterized" name="TestCase4" time="0.001"/>
  <testcase classname="seleniumpractice.WaitsInSelenium.Parameterized" name="TestCase4" time="0.000"/>
  <testcase classname="seleniumpractice.WaitsInSelenium.Parameterized" name="TestCase4" time="0.001"/>
  <testcase classname="seleniumpractice.WaitsInSelenium.Parameterized" name="TestCase4" time="0.000"/>
  <testcase classname="seleniumpractice.WaitsInSelenium.Parameterized" name="TestCase4" time="0.000"/>
  <testcase classname="seleniumpractice.WaitsInSelenium.Parameterized" name="TestCase4" time="0.000"/>
  <testcase classname="seleniumpractice.WaitsInSelenium.Parameterized" name="TestCase4" time="0.000"/>
  <testcase classname="seleniumpractice.WaitsInSelenium.Parameterized" name="TestCase4" time="0.000"/>
  <testcase classname="seleniumpractice.WaitsInSelenium.Parameterized" name="TestCase4" time="0.000"/>
  <testcase classname="seleniumpractice.WaitsInSelenium.Parameterized" name="TestCase4" time="0.001"/>
  <testcase classname="seleniumpractice.WaitsInSelenium.Parameterized" name="TestCase4" time="0.001"/>
  <testcase classname="seleniumpractice.WaitsInSelenium.Parameterized" name="TestCase4" time="0.000"/>
  <testcase classname="seleniumpractice.WaitsInSelenium.Parameterized" name="TestCase4" time="0.000"/>
  <testcase classname="seleniumpractice.WaitsInSelenium.Parameterized" name="TestCase4" time="0.002"/>
  <testcase classname="seleniumpractice.WaitsInSelenium.Parameterized" name="TestCase4" time="0.001"/>
  <testcase classname="seleniumpractice.WaitsInSelenium.Parameterized" name="TestCase4" time="0.000"/>
  <testcase classname="seleniumpractice.WaitsInSelenium.Parameterized" name="TestCase4" time="0.001"/>
  <testcase classname="seleniumpractice.WaitsInSelenium.Parameterized" name="TestCase4" time="0.001"/>
  <testcase classname="seleniumpractice.WaitsInSelenium.Parameterized" name="TestCase4" time="0.000"/>
  <testcase classname="seleniumpractice.WaitsInSelenium.Parameterized" name="TestCase4" time="0.001"/>
  <testcase classname="seleniumpractice.WaitsInSelenium.Parameterized" name="TestCase4" time="0.001"/>
  <testcase classname="seleniumpractice.WaitsInSelenium.Parameterized" name="TestCase4" time="0.000"/>
  <testcase classname="seleniumpractice.WaitsInSelenium.Parameterized" name="TestCase4" time="0.001"/>
  <testcase classname="seleniumpractice.WaitsInSelenium.Parameterized" name="TestCase4" time="0.000"/>
  <testcase classname="seleniumpractice.WaitsInSelenium.Parameterized" name="TestCase4" time="0.000"/>
  <testcase classname="seleniumpractice.WaitsInSelenium.Parameterized" name="TestCase4" time="0.000"/>
  <testcase classname="seleniumpractice.WaitsInSelenium.Parameterized" name="TestCase4" time="0.001"/>
  <testcase classname="seleniumpractice.WaitsInSelenium.Parameterized" name="TestCase4" time="0.000"/>
  <testcase classname="seleniumpractice.WaitsInSelenium.Parameterized" name="TestCase4" time="0.000"/>
  <testcase classname="seleniumpractice.WaitsInSelenium.Parameterized" name="TestCase4" time="0.001"/>
  <testcase classname="seleniumpractice.WaitsInSelenium.Parameterized" name="TestCase4" time="0.002"/>
  <testcase classname="seleniumpractice.WaitsInSelenium.Parameterized" name="TestCase4" time="0.000"/>
  <testcase classname="seleniumpractice.WaitsInSelenium.Parameterized" name="TestCase4" time="0.001"/>
  <testcase classname="seleniumpractice.WaitsInSelenium.Parameterized" name="TestCase4" time="0.000"/>
  <testcase classname="seleniumpractice.WaitsInSelenium.Parameterized" name="TestCase4" time="0.000"/>
  <testcase classname="seleniumpractice.WaitsInSelenium.Parameterized" name="TestCase4" time="0.000"/>
  <testcase classname="seleniumpractice.WaitsInSelenium.Parameterized" name="TestCase4" time="0.000"/>
  <testcase classname="seleniumpractice.WaitsInSelenium.Parameterized" name="TestCase4" time="0.001"/>
  <testcase classname="seleniumpractice.WaitsInSelenium.Parameterized" name="TestCase4" time="0.000"/>
  <testcase classname="seleniumpractice.WaitsInSelenium.Parameterized" name="TestCase4" time="0.000"/>
  <testcase classname="seleniumpractice.WaitsInSelenium.Parameterized" name="TestCase4" time="0.001"/>
  <testcase classname="seleniumpractice.WaitsInSelenium.Parameterized" name="TestCase4" time="0.000"/>
  <testcase classname="seleniumpractice.WaitsInSelenium.Parameterized" name="TestCase4" time="0.000"/>
  <testcase classname="seleniumpractice.WaitsInSelenium.Parameterized" name="TestCase4" time="0.000"/>
  <testcase classname="seleniumpractice.WaitsInSelenium.Parameterized" name="TestCase4" time="0.000"/>
  <testcase classname="seleniumpractice.WaitsInSelenium.Parameterized" name="TestCase4" time="0.000"/>
  <testcase classname="seleniumpractice.WaitsInSelenium.Parameterized" name="TestCase4" time="0.000"/>
  <testcase classname="seleniumpractice.WaitsInSelenium.Parameterized" name="TestCase4" time="0.001"/>
  <testcase classname="seleniumpractice.WaitsInSelenium.Parameterized" name="TestCase4" time="0.001"/>
  <testcase classname="seleniumpractice.WaitsInSelenium.Parameterized" name="TestCase4" time="0.001"/>
  <testcase classname="seleniumpractice.WaitsInSelenium.Parameterized" name="TestCase4" time="0.000"/>
  <testcase classname="seleniumpractice.WaitsInSelenium.Parameterized" name="TestCase4" time="0.001"/>
  <testcase classname="seleniumpractice.WaitsInSelenium.Parameterized" name="TestCase4" time="0.000"/>
  <testcase classname="seleniumpractice.WaitsInSelenium.Parameterized" name="TestCase4" time="0.001"/>
  <testcase classname="seleniumpractice.WaitsInSelenium.Parameterized" name="TestCase4" time="0.000"/>
  <testcase classname="seleniumpractice.WaitsInSelenium.Parameterized" name="TestCase4" time="0.001"/>
  <testcase classname="seleniumpractice.WaitsInSelenium.Parameterized" name="TestCase4" time="0.000"/>
  <testcase classname="seleniumpractice.WaitsInSelenium.Parameterized" name="TestCase4" time="0.000"/>
  <testcase classname="seleniumpractice.WaitsInSelenium.Parameterized" name="TestCase4" time="0.000"/>
  <testcase classname="seleniumpractice.WaitsInSelenium.Parameterized" name="TestCase4" time="0.000"/>
  <testcase classname="seleniumpractice.WaitsInSelenium.Parameterized" name="TestCase4" time="0.000"/>
  <testcase classname="seleniumpractice.WaitsInSelenium.Parameterized" name="TestCase4" time="0.000"/>
  <testcase classname="seleniumpractice.WaitsInSelenium.Parameterized" name="TestCase4" time="0.000"/>
  <testcase classname="seleniumpractice.WaitsInSelenium.Parameterized" name="TestCase4" time="0.000"/>
  <testcase classname="seleniumpractice.WaitsInSelenium.Parameterized" name="TestCase4" time="0.000"/>
  <testcase classname="seleniumpractice.WaitsInSelenium.Parameterized" name="TestCase4" time="0.000"/>
  <testcase classname="seleniumpractice.WaitsInSelenium.Parameterized" name="TestCase4" time="0.001"/>
  <testcase classname="seleniumpractice.WaitsInSelenium.Parameterized" name="TestCase4" time="0.000"/>
  <testcase classname="seleniumpractice.WaitsInSelenium.Parameterized" name="TestCase4" time="0.001"/>
  <testcase classname="seleniumpractice.WaitsInSelenium.Parameterized" name="TestCase4" time="0.000"/>
  <testcase classname="seleniumpractice.WaitsInSelenium.Parameterized" name="TestCase4" time="0.000"/>
  <testcase classname="seleniumpractice.WaitsInSelenium.Parameterized" name="TestCase4" time="0.000"/>
  <testcase classname="seleniumpractice.WaitsInSelenium.Parameterized" name="TestCase4" time="0.000"/>
  <testcase classname="seleniumpractice.WaitsInSelenium.Parameterized" name="TestCase4" time="0.000"/>
  <testcase classname="seleniumpractice.WaitsInSelenium.Parameterized" name="TestCase4" time="0.001"/>
  <testcase classname="seleniumpractice.WaitsInSelenium.Parameterized" name="TestCase4" time="0.001"/>
  <testcase classname="seleniumpractice.WaitsInSelenium.Parameterized" name="TestCase4" time="0.001"/>
  <testcase classname="seleniumpractice.WaitsInSelenium.Parameterized" name="TestCase4" time="0.000"/>
  <testcase classname="seleniumpractice.WaitsInSelenium.Parameterized" name="TestCase4" time="0.001"/>
  <testcase classname="seleniumpractice.WaitsInSelenium.Parameterized" name="TestCase4" time="0.000"/>
  <testcase classname="seleniumpractice.WaitsInSelenium.Parameterized" name="TestCase4" time="0.000"/>
  <testcase classname="seleniumpractice.WaitsInSelenium.Parameterized" name="TestCase4" time="0.001"/>
  <testcase classname="seleniumpractice.WaitsInSelenium.Parameterized" name="TestCase4" time="0.001"/>
  <testcase classname="seleniumpractice.WaitsInSelenium.Parameterized" name="TestCase4" time="0.000"/>
  <testcase classname="seleniumpractice.WaitsInSelenium.Parameterized" name="TestCase4" time="0.002"/>
  <testcase classname="seleniumpractice.WaitsInSelenium.Parameterized" name="TestCase4" time="0.000"/>
  <testcase classname="seleniumpractice.WaitsInSelenium.Parameterized" name="TestCase4" time="0.001"/>
  <testcase classname="seleniumpractice.WaitsInSelenium.Parameterized" name="TestCase4" time="0.000"/>
  <testcase classname="seleniumpractice.WaitsInSelenium.Parameterized" name="TestCase4" time="0.001"/>
  <testcase classname="seleniumpractice.WaitsInSelenium.Parameterized" name="TestCase4" time="0.000"/>
  <testcase classname="seleniumpractice.WaitsInSelenium.Parameterized" name="TestCase4" time="0.001"/>
  <testcase classname="seleniumpractice.WaitsInSelenium.Parameterized" name="TestCase4" time="0.000"/>
  <testcase classname="seleniumpractice.WaitsInSelenium.Parameterized" name="TestCase4" time="0.001"/>
  <testcase classname="seleniumpractice.WaitsInSelenium.Parameterized" name="TestCase4" time="0.000"/>
  <testcase classname="seleniumpractice.WaitsInSelenium.Parameterized" name="TestCase4" time="0.000"/>
  <testcase classname="seleniumpractice.WaitsInSelenium.Parameterized" name="TestCase4" time="0.000"/>
  <testcase classname="seleniumpractice.WaitsInSelenium.Parameterized" name="TestCase4" time="0.000"/>
  <testcase classname="seleniumpractice.WaitsInSelenium.Parameterized" name="TestCase4" time="0.001"/>
  <testcase classname="seleniumpractice.WaitsInSelenium.Parameterized" name="TestCase4" time="0.000"/>
  <testcase classname="seleniumpractice.WaitsInSelenium.Parameterized" name="TestCase4" time="0.000"/>
  <testcase classname="seleniumpractice.WaitsInSelenium.Parameterized" name="TestCase4" time="0.001"/>
  <testcase classname="seleniumpractice.WaitsInSelenium.Parameterized" name="TestCase4" time="0.000"/>
  <testcase classname="seleniumpractice.WaitsInSelenium.Parameterized" name="TestCase4" time="0.000"/>
  <testcase classname="seleniumpractice.WaitsInSelenium.Parameterized" name="TestCase4" time="0.000"/>
  <testcase classname="seleniumpractice.WaitsInSelenium.Parameterized" name="TestCase4" time="0.001"/>
  <testcase classname="seleniumpractice.WaitsInSelenium.Parameterized" name="TestCase4" time="0.001"/>
  <testcase classname="seleniumpractice.WaitsInSelenium.Parameterized" name="TestCase4" time="0.001"/>
  <testcase classname="seleniumpractice.WaitsInSelenium.Parameterized" name="TestCase4" time="0.000"/>
  <testcase classname="seleniumpractice.WaitsInSelenium.Parameterized" name="TestCase4" time="0.000"/>
  <testcase classname="seleniumpractice.WaitsInSelenium.Parameterized" name="TestCase4" time="0.000"/>
  <testcase classname="seleniumpractice.WaitsInSelenium.Parameterized" name="TestCase4" time="0.001"/>
  <testcase classname="seleniumpractice.WaitsInSelenium.Parameterized" name="TestCase4" time="0.001"/>
  <testcase classname="seleniumpractice.WaitsInSelenium.Parameterized" name="TestCase4" time="0.000"/>
  <testcase classname="seleniumpractice.WaitsInSelenium.Parameterized" name="TestCase4" time="0.000"/>
  <testcase classname="seleniumpractice.WaitsInSelenium.Parameterized" name="TestCase4" time="0.001"/>
  <testcase classname="seleniumpractice.WaitsInSelenium.Parameterized" name="TestCase4" time="0.000"/>
  <testcase classname="seleniumpractice.WaitsInSelenium.Parameterized" name="TestCase4" time="0.001"/>
  <testcase classname="seleniumpractice.WaitsInSelenium.Parameterized" name="TestCase4" time="0.001"/>
  <testcase classname="seleniumpractice.WaitsInSelenium.Parameterized" name="TestCase4" time="0.001"/>
  <testcase classname="seleniumpractice.WaitsInSelenium.Parameterized" name="TestCase4" time="0.001"/>
  <testcase classname="seleniumpractice.WaitsInSelenium.Parameterized" name="TestCase4" time="0.000"/>
  <testcase classname="seleniumpractice.WaitsInSelenium.Parameterized" name="TestCase4" time="0.001"/>
  <testcase classname="seleniumpractice.WaitsInSelenium.Parameterized" name="TestCase4" time="0.000"/>
  <testcase classname="seleniumpractice.WaitsInSelenium.Parameterized" name="TestCase4" time="0.000"/>
  <testcase classname="seleniumpractice.WaitsInSelenium.Parameterized" name="TestCase4" time="0.000"/>
  <testcase classname="seleniumpractice.WaitsInSelenium.Parameterized" name="TestCase4" time="0.000"/>
  <testcase classname="seleniumpractice.WaitsInSelenium.Parameterized" name="TestCase4" time="0.000"/>
  <testcase classname="seleniumpractice.WaitsInSelenium.Parameterized" name="TestCase4" time="0.001"/>
  <testcase classname="seleniumpractice.WaitsInSelenium.Parameterized" name="TestCase4" time="0.003"/>
  <testcase classname="seleniumpractice.WaitsInSelenium.Parameterized" name="TestCase4" time="0.000"/>
  <testcase classname="seleniumpractice.WaitsInSelenium.Parameterized" name="TestCase4" time="0.000"/>
  <testcase classname="seleniumpractice.WaitsInSelenium.Parameterized" name="TestCase4" time="0.001"/>
  <testcase classname="seleniumpractice.WaitsInSelenium.Parameterized" name="TestCase4" time="0.002"/>
  <testcase classname="seleniumpractice.WaitsInSelenium.Parameterized" name="TestCase4" time="0.000"/>
  <testcase classname="seleniumpractice.WaitsInSelenium.Parameterized" name="TestCase4" time="0.000"/>
  <testcase classname="seleniumpractice.WaitsInSelenium.Parameterized" name="TestCase4" time="0.000"/>
  <testcase classname="seleniumpractice.WaitsInSelenium.Parameterized" name="TestCase4" time="0.000"/>
  <testcase classname="seleniumpractice.WaitsInSelenium.Parameterized" name="TestCase4" time="0.000"/>
  <testcase classname="seleniumpractice.WaitsInSelenium.Parameterized" name="TestCase4" time="0.001"/>
  <testcase classname="seleniumpractice.WaitsInSelenium.Parameterized" name="TestCase4" time="0.000"/>
  <testcase classname="seleniumpractice.WaitsInSelenium.Parameterized" name="TestCase4" time="0.000"/>
  <testcase classname="seleniumpractice.WaitsInSelenium.Parameterized" name="TestCase4" time="0.001"/>
  <testcase classname="seleniumpractice.WaitsInSelenium.Parameterized" name="TestCase4" time="0.000"/>
  <testcase classname="seleniumpractice.WaitsInSelenium.Parameterized" name="TestCase4" time="0.001"/>
  <testcase classname="seleniumpractice.WaitsInSelenium.Parameterized" name="TestCase4" time="0.000"/>
  <testcase classname="seleniumpractice.WaitsInSelenium.Parameterized" name="TestCase4" time="0.000"/>
  <testcase classname="seleniumpractice.WaitsInSelenium.Parameterized" name="TestCase4" time="0.000"/>
  <testcase classname="seleniumpractice.WaitsInSelenium.Parameterized" name="TestCase4" time="0.000"/>
  <testcase classname="seleniumpractice.WaitsInSelenium.Parameterized" name="TestCase4" time="0.000"/>
  <testcase classname="seleniumpractice.WaitsInSelenium.Parameterized" name="TestCase4" time="0.000"/>
  <testcase classname="seleniumpractice.WaitsInSelenium.Parameterized" name="TestCase4" time="0.001"/>
  <testcase classname="seleniumpractice.WaitsInSelenium.Parameterized" name="TestCase4" time="0.000"/>
  <testcase classname="seleniumpractice.WaitsInSelenium.Parameterized" name="TestCase4" time="0.000"/>
  <testcase classname="seleniumpractice.WaitsInSelenium.Parameterized" name="TestCase4" time="0.000"/>
  <testcase classname="seleniumpractice.WaitsInSelenium.Parameterized" name="TestCase4" time="0.001"/>
  <testcase classname="seleniumpractice.WaitsInSelenium.Parameterized" name="TestCase4" time="0.000"/>
  <testcase classname="seleniumpractice.WaitsInSelenium.Parameterized" name="TestCase4" time="0.000"/>
  <testcase classname="seleniumpractice.WaitsInSelenium.Parameterized" name="TestCase4" time="0.001"/>
  <testcase classname="seleniumpractice.WaitsInSelenium.Parameterized" name="TestCase4" time="0.001"/>
  <testcase classname="seleniumpractice.WaitsInSelenium.Parameterized" name="TestCase4" time="0.001"/>
  <testcase classname="seleniumpractice.WaitsInSelenium.Parameterized" name="TestCase4" time="0.000"/>
  <testcase classname="seleniumpractice.WaitsInSelenium.Parameterized" name="TestCase4" time="0.000"/>
  <testcase classname="seleniumpractice.WaitsInSelenium.Parameterized" name="TestCase4" time="0.000"/>
  <testcase classname="seleniumpractice.WaitsInSelenium.Parameterized" name="TestCase4" time="0.013"/>
  <testcase classname="seleniumpractice.WaitsInSelenium.Parameterized" name="TestCase4" time="0.000"/>
  <testcase classname="seleniumpractice.WaitsInSelenium.Parameterized" name="TestCase4" time="0.000"/>
  <testcase classname="seleniumpractice.WaitsInSelenium.Parameterized" name="TestCase4" time="0.000"/>
  <testcase classname="seleniumpractice.WaitsInSelenium.Parameterized" name="TestCase4" time="0.000"/>
  <testcase classname="seleniumpractice.WaitsInSelenium.Parameterized" name="TestCase4" time="0.000"/>
  <testcase classname="seleniumpractice.WaitsInSelenium.Parameterized" name="TestCase4" time="0.000"/>
  <testcase classname="seleniumpractice.WaitsInSelenium.Parameterized" name="TestCase4" time="0.000"/>
  <testcase classname="seleniumpractice.WaitsInSelenium.Parameterized" name="TestCase4" time="0.000"/>
  <testcase classname="seleniumpractice.WaitsInSelenium.Parameterized" name="TestCase4" time="0.001"/>
  <testcase classname="seleniumpractice.WaitsInSelenium.Parameterized" name="TestCase4" time="0.001"/>
  <testcase classname="seleniumpractice.WaitsInSelenium.Parameterized" name="TestCase4" time="0.001"/>
  <testcase classname="seleniumpractice.WaitsInSelenium.Parameterized" name="TestCase4" time="0.000"/>
  <testcase classname="seleniumpractice.WaitsInSelenium.Parameterized" name="TestCase4" time="0.001"/>
  <testcase classname="seleniumpractice.WaitsInSelenium.Parameterized" name="TestCase4" time="0.000"/>
  <testcase classname="seleniumpractice.WaitsInSelenium.Parameterized" name="TestCase4" time="0.000"/>
  <testcase classname="seleniumpractice.WaitsInSelenium.Parameterized" name="TestCase4" time="0.000"/>
  <testcase classname="seleniumpractice.WaitsInSelenium.Parameterized" name="TestCase4" time="0.000"/>
  <testcase classname="seleniumpractice.WaitsInSelenium.Parameterized" name="TestCase4" time="0.000"/>
  <testcase classname="seleniumpractice.WaitsInSelenium.Parameterized" name="TestCase4" time="0.001"/>
  <testcase classname="seleniumpractice.WaitsInSelenium.Parameterized" name="TestCase4" time="0.001"/>
  <testcase classname="seleniumpractice.WaitsInSelenium.Parameterized" name="TestCase4" time="0.000"/>
  <testcase classname="seleniumpractice.WaitsInSelenium.Parameterized" name="TestCase4" time="0.000"/>
  <testcase classname="seleniumpractice.WaitsInSelenium.Parameterized" name="TestCase4" time="0.000"/>
  <testcase classname="seleniumpractice.WaitsInSelenium.Parameterized" name="TestCase4" time="0.000"/>
  <testcase classname="seleniumpractice.WaitsInSelenium.Parameterized" name="TestCase4" time="0.000"/>
  <testcase classname="seleniumpractice.WaitsInSelenium.Parameterized" name="TestCase4" time="0.000"/>
  <testcase classname="seleniumpractice.WaitsInSelenium.Parameterized" name="TestCase4" time="0.000"/>
  <testcase classname="seleniumpractice.WaitsInSelenium.Parameterized" name="TestCase4" time="0.000"/>
  <testcase classname="seleniumpractice.WaitsInSelenium.Parameterized" name="TestCase4" time="0.000"/>
  <testcase classname="seleniumpractice.WaitsInSelenium.Parameterized" name="TestCase4" time="0.000"/>
  <testcase classname="seleniumpractice.WaitsInSelenium.Parameterized" name="TestCase4" time="0.000"/>
  <testcase classname="seleniumpractice.WaitsInSelenium.Parameterized" name="TestCase4" time="0.001"/>
  <testcase classname="seleniumpractice.WaitsInSelenium.Parameterized" name="TestCase4" time="0.000"/>
  <testcase classname="seleniumpractice.WaitsInSelenium.Parameterized" name="TestCase4" time="0.001"/>
  <testcase classname="seleniumpractice.WaitsInSelenium.Parameterized" name="TestCase4" time="0.000"/>
  <testcase classname="seleniumpractice.WaitsInSelenium.Parameterized" name="TestCase4" time="0.000"/>
  <testcase classname="seleniumpractice.WaitsInSelenium.Parameterized" name="TestCase4" time="0.000"/>
  <testcase classname="seleniumpractice.WaitsInSelenium.Parameterized" name="TestCase4" time="0.000"/>
  <testcase classname="seleniumpractice.WaitsInSelenium.Parameterized" name="TestCase4" time="0.000"/>
  <testcase classname="seleniumpractice.WaitsInSelenium.Parameterized" name="TestCase4" time="0.001"/>
  <testcase classname="seleniumpractice.WaitsInSelenium.Parameterized" name="TestCase4" time="0.001"/>
  <testcase classname="seleniumpractice.WaitsInSelenium.Parameterized" name="TestCase4" time="0.000"/>
  <testcase classname="seleniumpractice.WaitsInSelenium.Parameterized" name="TestCase4" time="0.000"/>
  <testcase classname="seleniumpractice.WaitsInSelenium.Parameterized" name="TestCase4" time="0.000"/>
  <testcase classname="seleniumpractice.WaitsInSelenium.Parameterized" name="TestCase4" time="0.000"/>
  <testcase classname="seleniumpractice.WaitsInSelenium.Parameterized" name="TestCase4" time="0.000"/>
  <testcase classname="seleniumpractice.WaitsInSelenium.Parameterized" name="TestCase4" time="0.000"/>
  <testcase classname="seleniumpractice.WaitsInSelenium.Parameterized" name="TestCase4" time="0.001"/>
  <testcase classname="seleniumpractice.WaitsInSelenium.Parameterized" name="TestCase4" time="0.000"/>
  <testcase classname="seleniumpractice.WaitsInSelenium.Parameterized" name="TestCase4" time="0.000"/>
  <testcase classname="seleniumpractice.WaitsInSelenium.Parameterized" name="TestCase4" time="0.000"/>
  <testcase classname="seleniumpractice.WaitsInSelenium.Parameterized" name="TestCase4" time="0.001"/>
  <testcase classname="seleniumpractice.WaitsInSelenium.Parameterized" name="TestCase4" time="0.001"/>
  <testcase classname="seleniumpractice.WaitsInSelenium.Parameterized" name="TestCase4" time="0.000"/>
  <testcase classname="seleniumpractice.WaitsInSelenium.Parameterized" name="TestCase4" time="0.000"/>
  <testcase classname="seleniumpractice.WaitsInSelenium.Parameterized" name="TestCase4" time="0.000"/>
  <testcase classname="seleniumpractice.WaitsInSelenium.Parameterized" name="TestCase4" time="0.000"/>
  <testcase classname="seleniumpractice.WaitsInSelenium.Parameterized" name="TestCase4" time="0.001"/>
  <testcase classname="seleniumpractice.WaitsInSelenium.Parameterized" name="TestCase4" time="0.000"/>
  <testcase classname="seleniumpractice.WaitsInSelenium.Parameterized" name="TestCase4" time="0.000"/>
  <testcase classname="seleniumpractice.WaitsInSelenium.Parameterized" name="TestCase4" time="0.003"/>
  <testcase classname="seleniumpractice.WaitsInSelenium.Parameterized" name="TestCase4" time="0.001"/>
  <testcase classname="seleniumpractice.WaitsInSelenium.Parameterized" name="TestCase4" time="0.000"/>
  <testcase classname="seleniumpractice.WaitsInSelenium.Parameterized" name="TestCase4" time="0.000"/>
  <testcase classname="seleniumpractice.WaitsInSelenium.Parameterized" name="TestCase4" time="0.000"/>
  <testcase classname="seleniumpractice.WaitsInSelenium.Parameterized" name="TestCase4" time="0.000"/>
  <testcase classname="seleniumpractice.WaitsInSelenium.Parameterized" name="TestCase4" time="0.000"/>
  <testcase classname="seleniumpractice.WaitsInSelenium.Parameterized" name="TestCase4" time="0.000"/>
  <testcase classname="seleniumpractice.WaitsInSelenium.Parameterized" name="TestCase4" time="0.001"/>
  <testcase classname="seleniumpractice.WaitsInSelenium.Parameterized" name="TestCase4" time="0.000"/>
  <testcase classname="seleniumpractice.WaitsInSelenium.Parameterized" name="TestCase4" time="0.000"/>
  <testcase classname="seleniumpractice.WaitsInSelenium.Parameterized" name="TestCase4" time="0.000"/>
  <testcase classname="seleniumpractice.WaitsInSelenium.Parameterized" name="TestCase4" time="0.000"/>
  <testcase classname="seleniumpractice.WaitsInSelenium.Parameterized" name="TestCase4" time="0.001"/>
  <testcase classname="seleniumpractice.WaitsInSelenium.Parameterized" name="TestCase4" time="0.000"/>
  <testcase classname="seleniumpractice.WaitsInSelenium.Parameterized" name="TestCase4" time="0.001"/>
  <testcase classname="seleniumpractice.WaitsInSelenium.Parameterized" name="TestCase4" time="0.000"/>
  <testcase classname="seleniumpractice.WaitsInSelenium.Parameterized" name="TestCase4" time="0.000"/>
  <testcase classname="seleniumpractice.WaitsInSelenium.Parameterized" name="TestCase4" time="0.000"/>
  <testcase classname="seleniumpractice.WaitsInSelenium.Parameterized" name="TestCase4" time="0.000"/>
  <testcase classname="seleniumpractice.WaitsInSelenium.Parameterized" name="TestCase4" time="0.000"/>
  <testcase classname="seleniumpractice.WaitsInSelenium.Parameterized" name="TestCase4" time="0.000"/>
  <testcase classname="seleniumpractice.WaitsInSelenium.Parameterized" name="TestCase4" time="0.001"/>
  <testcase classname="seleniumpractice.WaitsInSelenium.Parameterized" name="TestCase4" time="0.001"/>
  <testcase classname="seleniumpractice.WaitsInSelenium.Parameterized" name="TestCase4" time="0.000"/>
  <testcase classname="seleniumpractice.WaitsInSelenium.Parameterized" name="TestCase4" time="0.000"/>
  <testcase classname="seleniumpractice.WaitsInSelenium.Parameterized" name="TestCase4" time="0.000"/>
  <testcase classname="seleniumpractice.WaitsInSelenium.Parameterized" name="TestCase4" time="0.001"/>
  <testcase classname="seleniumpractice.WaitsInSelenium.Parameterized" name="TestCase4" time="0.000"/>
  <testcase classname="seleniumpractice.WaitsInSelenium.Parameterized" name="TestCase4" time="0.000"/>
  <testcase classname="seleniumpractice.WaitsInSelenium.Parameterized" name="TestCase4" time="0.000"/>
  <testcase classname="seleniumpractice.WaitsInSelenium.Parameterized" name="TestCase4" time="0.001"/>
  <testcase classname="seleniumpractice.WaitsInSelenium.Parameterized" name="TestCase4" time="0.000"/>
  <testcase classname="seleniumpractice.WaitsInSelenium.Parameterized" name="TestCase4" time="0.000"/>
  <testcase classname="seleniumpractice.WaitsInSelenium.Parameterized" name="TestCase4" time="0.000"/>
  <testcase classname="seleniumpractice.WaitsInSelenium.Parameterized" name="TestCase4" time="0.000"/>
  <testcase classname="seleniumpractice.WaitsInSelenium.Parameterized" name="TestCase4" time="0.000"/>
  <testcase classname="seleniumpractice.WaitsInSelenium.Parameterized" name="TestCase4" time="0.000"/>
  <testcase classname="seleniumpractice.WaitsInSelenium.Parameterized" name="TestCase4" time="0.001"/>
  <testcase classname="seleniumpractice.WaitsInSelenium.Parameterized" name="TestCase4" time="0.000"/>
  <testcase classname="seleniumpractice.WaitsInSelenium.Parameterized" name="TestCase4" time="0.001"/>
  <testcase classname="seleniumpractice.WaitsInSelenium.Parameterized" name="TestCase4" time="0.000"/>
  <testcase classname="seleniumpractice.WaitsInSelenium.Parameterized" name="TestCase4" time="0.000"/>
  <testcase classname="seleniumpractice.WaitsInSelenium.Parameterized" name="TestCase4" time="0.001"/>
  <testcase classname="seleniumpractice.WaitsInSelenium.Parameterized" name="TestCase4" time="0.001"/>
  <testcase classname="seleniumpractice.WaitsInSelenium.Parameterized" name="TestCase4" time="0.000"/>
  <testcase classname="seleniumpractice.WaitsInSelenium.Parameterized" name="TestCase4" time="0.000"/>
  <testcase classname="seleniumpractice.WaitsInSelenium.Parameterized" name="TestCase4" time="0.000"/>
  <testcase classname="seleniumpractice.WaitsInSelenium.Parameterized" name="TestCase4" time="0.000"/>
  <testcase classname="seleniumpractice.WaitsInSelenium.Parameterized" name="TestCase4" time="0.000"/>
  <testcase classname="seleniumpractice.WaitsInSelenium.Parameterized" name="TestCase4" time="0.000"/>
  <testcase classname="seleniumpractice.WaitsInSelenium.Parameterized" name="TestCase4" time="0.003"/>
  <testcase classname="seleniumpractice.WaitsInSelenium.Parameterized" name="TestCase4" time="0.000"/>
  <testcase classname="seleniumpractice.WaitsInSelenium.Parameterized" name="TestCase4" time="0.000"/>
  <testcase classname="seleniumpractice.WaitsInSelenium.Parameterized" name="TestCase4" time="0.001"/>
  <testcase classname="seleniumpractice.WaitsInSelenium.Parameterized" name="TestCase4" time="0.000"/>
  <testcase classname="seleniumpractice.WaitsInSelenium.Parameterized" name="TestCase4" time="0.000"/>
  <testcase classname="seleniumpractice.WaitsInSelenium.Parameterized" name="TestCase4" time="0.000"/>
  <testcase classname="seleniumpractice.WaitsInSelenium.Parameterized" name="TestCase4" time="0.000"/>
  <testcase classname="seleniumpractice.WaitsInSelenium.Parameterized" name="TestCase4" time="0.000"/>
  <testcase classname="seleniumpractice.WaitsInSelenium.Parameterized" name="TestCase4" time="0.000"/>
  <testcase classname="seleniumpractice.WaitsInSelenium.Parameterized" name="TestCase4" time="0.001"/>
  <testcase classname="seleniumpractice.WaitsInSelenium.Parameterized" name="TestCase4" time="0.000"/>
  <testcase classname="seleniumpractice.WaitsInSelenium.Parameterized" name="TestCase4" time="0.000"/>
  <testcase classname="seleniumpractice.WaitsInSelenium.Parameterized" name="TestCase4" time="0.000"/>
  <testcase classname="seleniumpractice.WaitsInSelenium.Parameterized" name="TestCase4" time="0.000"/>
  <testcase classname="seleniumpractice.WaitsInSelenium.Parameterized" name="TestCase4" time="0.000"/>
  <testcase classname="seleniumpractice.WaitsInSelenium.Parameterized" name="TestCase4" time="0.000"/>
  <testcase classname="seleniumpractice.WaitsInSelenium.Parameterized" name="TestCase4" time="0.000"/>
  <testcase classname="seleniumpractice.WaitsInSelenium.Parameterized" name="TestCase4" time="0.000"/>
  <testcase classname="seleniumpractice.WaitsInSelenium.Parameterized" name="TestCase4" time="0.000"/>
  <testcase classname="seleniumpractice.WaitsInSelenium.Parameterized" name="TestCase4" time="0.001"/>
  <testcase classname="seleniumpractice.WaitsInSelenium.Parameterized" name="TestCase4" time="0.000"/>
  <testcase classname="seleniumpractice.WaitsInSelenium.Parameterized" name="TestCase4" time="0.000"/>
  <testcase classname="seleniumpractice.WaitsInSelenium.Parameterized" name="TestCase4" time="0.000"/>
  <testcase classname="seleniumpractice.WaitsInSelenium.Parameterized" name="TestCase4" time="0.000"/>
  <testcase classname="seleniumpractice.WaitsInSelenium.Parameterized" name="TestCase4" time="0.001"/>
  <testcase classname="seleniumpractice.WaitsInSelenium.Parameterized" name="TestCase4" time="0.001"/>
  <testcase classname="seleniumpractice.WaitsInSelenium.Parameterized" name="TestCase4" time="0.005"/>
  <testcase classname="seleniumpractice.WaitsInSelenium.Parameterized" name="TestCase4" time="0.000"/>
  <testcase classname="seleniumpractice.WaitsInSelenium.Parameterized" name="TestCase4" time="0.001"/>
  <testcase classname="seleniumpractice.WaitsInSelenium.Parameterized" name="TestCase4" time="0.000"/>
  <testcase classname="seleniumpractice.WaitsInSelenium.Parameterized" name="TestCase4" time="0.000"/>
  <testcase classname="seleniumpractice.WaitsInSelenium.Parameterized" name="TestCase4" time="0.000"/>
  <testcase classname="seleniumpractice.WaitsInSelenium.Parameterized" name="TestCase4" time="0.001"/>
  <testcase classname="seleniumpractice.WaitsInSelenium.Parameterized" name="TestCase4" time="0.000"/>
  <testcase classname="seleniumpractice.WaitsInSelenium.Parameterized" name="TestCase4" time="0.000"/>
  <testcase classname="seleniumpractice.WaitsInSelenium.Parameterized" name="TestCase4" time="0.001"/>
  <testcase classname="seleniumpractice.WaitsInSelenium.Parameterized" name="TestCase4" time="0.000"/>
  <testcase classname="seleniumpractice.WaitsInSelenium.Parameterized" name="TestCase4" time="0.001"/>
  <testcase classname="seleniumpractice.WaitsInSelenium.Parameterized" name="TestCase4" time="0.000"/>
  <testcase classname="seleniumpractice.WaitsInSelenium.Parameterized" name="TestCase4" time="0.000"/>
  <testcase classname="seleniumpractice.WaitsInSelenium.Parameterized" name="TestCase4" time="0.001"/>
  <testcase classname="seleniumpractice.WaitsInSelenium.Parameterized" name="TestCase4" time="0.000"/>
  <testcase classname="seleniumpractice.WaitsInSelenium.Parameterized" name="TestCase4" time="0.000"/>
  <testcase classname="seleniumpractice.WaitsInSelenium.Parameterized" name="TestCase4" time="0.000"/>
  <testcase classname="seleniumpractice.WaitsInSelenium.Parameterized" name="TestCase4" time="0.001"/>
  <testcase classname="seleniumpractice.WaitsInSelenium.Parameterized" name="TestCase4" time="0.001"/>
  <testcase classname="seleniumpractice.WaitsInSelenium.Parameterized" name="TestCase4" time="0.000"/>
  <testcase classname="seleniumpractice.WaitsInSelenium.Parameterized" name="TestCase4" time="0.001"/>
  <testcase classname="seleniumpractice.WaitsInSelenium.Parameterized" name="TestCase4" time="0.000"/>
  <testcase classname="seleniumpractice.WaitsInSelenium.Parameterized" name="TestCase4" time="0.000"/>
  <testcase classname="seleniumpractice.WaitsInSelenium.Parameterized" name="TestCase4" time="0.001"/>
  <testcase classname="seleniumpractice.WaitsInSelenium.Parameterized" name="TestCase4" time="0.000"/>
  <testcase classname="seleniumpractice.WaitsInSelenium.Parameterized" name="TestCase4" time="0.000"/>
  <testcase classname="seleniumpractice.WaitsInSelenium.Parameterized" name="TestCase4" time="0.001"/>
  <testcase classname="seleniumpractice.WaitsInSelenium.Parameterized" name="TestCase4" time="0.000"/>
  <testcase classname="seleniumpractice.WaitsInSelenium.Parameterized" name="TestCase4" time="0.000"/>
  <testcase classname="seleniumpractice.WaitsInSelenium.Parameterized" name="TestCase4" time="0.001"/>
  <testcase classname="seleniumpractice.WaitsInSelenium.Parameterized" name="TestCase4" time="0.001"/>
  <testcase classname="seleniumpractice.WaitsInSelenium.Parameterized" name="TestCase4" time="0.000"/>
  <testcase classname="seleniumpractice.WaitsInSelenium.Parameterized" name="TestCase4" time="0.000"/>
  <testcase classname="seleniumpractice.WaitsInSelenium.Parameterized" name="TestCase4" time="0.000"/>
  <testcase classname="seleniumpractice.WaitsInSelenium.Parameterized" name="TestCase4" time="0.000"/>
  <testcase classname="seleniumpractice.WaitsInSelenium.Parameterized" name="TestCase4" time="0.000"/>
  <testcase classname="seleniumpractice.WaitsInSelenium.Parameterized" name="TestCase4" time="0.001"/>
  <testcase classname="seleniumpractice.WaitsInSelenium.Parameterized" name="TestCase4" time="0.000"/>
  <testcase classname="seleniumpractice.WaitsInSelenium.Parameterized" name="TestCase4" time="0.000"/>
  <testcase classname="seleniumpractice.WaitsInSelenium.Parameterized" name="TestCase4" time="0.000"/>
  <testcase classname="seleniumpractice.WaitsInSelenium.Parameterized" name="TestCase4" time="0.000"/>
  <testcase classname="seleniumpractice.WaitsInSelenium.Parameterized" name="TestCase4" time="0.000"/>
  <testcase classname="seleniumpractice.WaitsInSelenium.Parameterized" name="TestCase4" time="0.000"/>
  <testcase classname="seleniumpractice.WaitsInSelenium.Parameterized" name="TestCase4" time="0.001"/>
  <testcase classname="seleniumpractice.WaitsInSelenium.Parameterized" name="TestCase4" time="0.000"/>
  <testcase classname="seleniumpractice.WaitsInSelenium.Parameterized" name="TestCase4" time="0.000"/>
  <testcase classname="seleniumpractice.WaitsInSelenium.Parameterized" name="TestCase4" time="0.001"/>
  <testcase classname="seleniumpractice.WaitsInSelenium.Parameterized" name="TestCase4" time="0.000"/>
  <testcase classname="seleniumpractice.WaitsInSelenium.Parameterized" name="TestCase4" time="0.000"/>
  <testcase classname="seleniumpractice.WaitsInSelenium.Parameterized" name="TestCase4" time="0.000"/>
  <testcase classname="seleniumpractice.WaitsInSelenium.Parameterized" name="TestCase4" time="0.000"/>
  <testcase classname="seleniumpractice.WaitsInSelenium.Parameterized" name="TestCase4" time="0.000"/>
  <testcase classname="seleniumpractice.WaitsInSelenium.Parameterized" name="TestCase4" time="0.001"/>
  <testcase classname="seleniumpractice.WaitsInSelenium.Parameterized" name="TestCase4" time="0.001"/>
  <testcase classname="seleniumpractice.WaitsInSelenium.Parameterized" name="TestCase4" time="0.000"/>
  <testcase classname="seleniumpractice.WaitsInSelenium.Parameterized" name="TestCase4" time="0.001"/>
  <testcase classname="seleniumpractice.WaitsInSelenium.Parameterized" name="TestCase4" time="0.000"/>
  <testcase classname="seleniumpractice.WaitsInSelenium.Parameterized" name="TestCase4" time="0.000"/>
  <testcase classname="seleniumpractice.WaitsInSelenium.Parameterized" name="TestCase4" time="0.000"/>
  <testcase classname="seleniumpractice.WaitsInSelenium.Parameterized" name="TestCase4" time="0.000"/>
  <testcase classname="seleniumpractice.WaitsInSelenium.Parameterized" name="TestCase4" time="0.000"/>
  <testcase classname="seleniumpractice.WaitsInSelenium.Parameterized" name="TestCase4" time="0.000"/>
  <testcase classname="seleniumpractice.WaitsInSelenium.Parameterized" name="TestCase4" time="0.000"/>
  <testcase classname="seleniumpractice.WaitsInSelenium.Parameterized" name="TestCase4" time="0.000"/>
  <testcase classname="seleniumpractice.WaitsInSelenium.Parameterized" name="TestCase4" time="0.000"/>
  <testcase classname="seleniumpractice.WaitsInSelenium.Parameterized" name="TestCase4" time="0.001"/>
  <testcase classname="seleniumpractice.WaitsInSelenium.Parameterized" name="TestCase4" time="0.001"/>
  <testcase classname="seleniumpractice.WaitsInSelenium.Parameterized" name="TestCase4" time="0.000"/>
  <testcase classname="seleniumpractice.WaitsInSelenium.Parameterized" name="TestCase4" time="0.000"/>
  <testcase classname="seleniumpractice.WaitsInSelenium.Parameterized" name="TestCase4" time="0.001"/>
  <testcase classname="seleniumpractice.WaitsInSelenium.Parameterized" name="TestCase4" time="0.000"/>
  <testcase classname="seleniumpractice.WaitsInSelenium.Parameterized" name="TestCase4" time="0.000"/>
  <testcase classname="seleniumpractice.WaitsInSelenium.Parameterized" name="TestCase4" time="0.001"/>
  <testcase classname="seleniumpractice.WaitsInSelenium.Parameterized" name="TestCase4" time="0.000"/>
  <testcase classname="seleniumpractice.WaitsInSelenium.Parameterized" name="TestCase4" time="0.001"/>
  <testcase classname="seleniumpractice.WaitsInSelenium.Parameterized" name="TestCase4" time="0.000"/>
  <testcase classname="seleniumpractice.WaitsInSelenium.Parameterized" name="TestCase4" time="0.001"/>
  <testcase classname="seleniumpractice.WaitsInSelenium.Parameterized" name="TestCase4" time="0.001"/>
  <testcase classname="seleniumpractice.WaitsInSelenium.Parameterized" name="TestCase4" time="0.000"/>
  <testcase classname="seleniumpractice.WaitsInSelenium.Parameterized" name="TestCase4" time="0.000"/>
  <testcase classname="seleniumpractice.WaitsInSelenium.Parameterized" name="TestCase4" time="0.000"/>
  <testcase classname="seleniumpractice.WaitsInSelenium.Parameterized" name="TestCase4" time="0.000"/>
  <testcase classname="seleniumpractice.WaitsInSelenium.Parameterized" name="TestCase4" time="0.000"/>
  <testcase classname="seleniumpractice.WaitsInSelenium.Parameterized" name="TestCase4" time="0.000"/>
  <testcase classname="seleniumpractice.WaitsInSelenium.Parameterized" name="TestCase4" time="0.002"/>
  <testcase classname="seleniumpractice.WaitsInSelenium.Parameterized" name="TestCase4" time="0.000"/>
  <testcase classname="seleniumpractice.WaitsInSelenium.Parameterized" name="TestCase4" time="0.000"/>
  <testcase classname="seleniumpractice.WaitsInSelenium.Parameterized" name="TestCase4" time="0.000"/>
  <testcase classname="seleniumpractice.WaitsInSelenium.Parameterized" name="TestCase4" time="0.000"/>
  <testcase classname="seleniumpractice.WaitsInSelenium.Parameterized" name="TestCase4" time="0.000"/>
  <testcase classname="seleniumpractice.WaitsInSelenium.Parameterized" name="TestCase4" time="0.001"/>
  <testcase classname="seleniumpractice.WaitsInSelenium.Parameterized" name="TestCase4" time="0.000"/>
  <testcase classname="seleniumpractice.WaitsInSelenium.Parameterized" name="TestCase4" time="0.000"/>
  <testcase classname="seleniumpractice.WaitsInSelenium.Parameterized" name="TestCase4" time="0.000"/>
  <testcase classname="seleniumpractice.WaitsInSelenium.Parameterized" name="TestCase4" time="0.000"/>
  <testcase classname="seleniumpractice.WaitsInSelenium.Parameterized" name="TestCase4" time="0.001"/>
  <testcase classname="seleniumpractice.WaitsInSelenium.Parameterized" name="TestCase4" time="0.000"/>
  <testcase classname="seleniumpractice.WaitsInSelenium.Parameterized" name="TestCase4" time="0.000"/>
  <testcase classname="seleniumpractice.WaitsInSelenium.Parameterized" name="TestCase4" time="0.001"/>
  <testcase classname="seleniumpractice.WaitsInSelenium.Parameterized" name="TestCase4" time="0.001"/>
  <testcase classname="seleniumpractice.WaitsInSelenium.Parameterized" name="TestCase4" time="0.000"/>
  <testcase classname="seleniumpractice.WaitsInSelenium.Parameterized" name="TestCase4" time="0.001"/>
  <testcase classname="seleniumpractice.WaitsInSelenium.Parameterized" name="TestCase4" time="0.000"/>
  <testcase classname="seleniumpractice.WaitsInSelenium.Parameterized" name="TestCase4" time="0.001"/>
  <testcase classname="seleniumpractice.WaitsInSelenium.Parameterized" name="TestCase4" time="0.001"/>
  <testcase classname="seleniumpractice.WaitsInSelenium.Parameterized" name="TestCase4" time="0.000"/>
  <testcase classname="seleniumpractice.WaitsInSelenium.Parameterized" name="TestCase4" time="0.001"/>
  <testcase classname="seleniumpractice.WaitsInSelenium.Parameterized" name="TestCase4" time="0.001"/>
  <testcase classname="seleniumpractice.WaitsInSelenium.Parameterized" name="TestCase4" time="0.001"/>
  <testcase classname="seleniumpractice.WaitsInSelenium.Parameterized" name="TestCase4" time="0.001"/>
  <testcase classname="seleniumpractice.WaitsInSelenium.Parameterized" name="TestCase4" time="0.000"/>
  <testcase classname="seleniumpractice.WaitsInSelenium.Parameterized" name="TestCase4" time="0.000"/>
  <testcase classname="seleniumpractice.WaitsInSelenium.Parameterized" name="TestCase4" time="0.000"/>
  <testcase classname="seleniumpractice.WaitsInSelenium.Parameterized" name="TestCase4" time="0.001"/>
  <testcase classname="seleniumpractice.WaitsInSelenium.Parameterized" name="TestCase4" time="0.000"/>
  <testcase classname="seleniumpractice.WaitsInSelenium.Parameterized" name="TestCase4" time="0.000"/>
  <testcase classname="seleniumpractice.WaitsInSelenium.Parameterized" name="TestCase4" time="0.001"/>
  <testcase classname="seleniumpractice.WaitsInSelenium.Parameterized" name="TestCase4" time="0.000"/>
  <testcase classname="seleniumpractice.WaitsInSelenium.Parameterized" name="TestCase4" time="0.000"/>
  <testcase classname="seleniumpractice.WaitsInSelenium.Parameterized" name="TestCase4" time="0.001"/>
  <testcase classname="seleniumpractice.WaitsInSelenium.Parameterized" name="TestCase4" time="0.000"/>
  <testcase classname="seleniumpractice.WaitsInSelenium.Parameterized" name="TestCase4" time="0.000"/>
  <testcase classname="seleniumpractice.WaitsInSelenium.Parameterized" name="TestCase4" time="0.000"/>
  <testcase classname="seleniumpractice.WaitsInSelenium.Parameterized" name="TestCase4" time="0.000"/>
  <testcase classname="seleniumpractice.WaitsInSelenium.Parameterized" name="TestCase4" time="0.000"/>
  <testcase classname="seleniumpractice.WaitsInSelenium.Parameterized" name="TestCase4" time="0.001"/>
  <testcase classname="seleniumpractice.WaitsInSelenium.Parameterized" name="TestCase4" time="0.001"/>
  <testcase classname="seleniumpractice.WaitsInSelenium.Parameterized" name="TestCase4" time="0.000"/>
  <testcase classname="seleniumpractice.WaitsInSelenium.Parameterized" name="TestCase4" time="0.000"/>
  <testcase classname="seleniumpractice.WaitsInSelenium.Parameterized" name="TestCase4" time="0.000"/>
  <testcase classname="seleniumpractice.WaitsInSelenium.Parameterized" name="TestCase4" time="0.000"/>
  <testcase classname="seleniumpractice.WaitsInSelenium.Parameterized" name="TestCase4" time="0.001"/>
  <testcase classname="seleniumpractice.WaitsInSelenium.Parameterized" name="TestCase4" time="0.000"/>
  <testcase classname="seleniumpractice.WaitsInSelenium.Parameterized" name="TestCase4" time="0.000"/>
  <testcase classname="seleniumpractice.WaitsInSelenium.Parameterized" name="TestCase4" time="0.000"/>
  <testcase classname="seleniumpractice.WaitsInSelenium.Parameterized" name="TestCase4" time="0.000"/>
  <testcase classname="seleniumpractice.WaitsInSelenium.Parameterized" name="TestCase4" time="0.000"/>
  <testcase classname="seleniumpractice.WaitsInSelenium.Parameterized" name="TestCase4" time="0.001"/>
  <testcase classname="seleniumpractice.WaitsInSelenium.Parameterized" name="TestCase4" time="0.000"/>
  <testcase classname="seleniumpractice.WaitsInSelenium.Parameterized" name="TestCase4" time="0.001"/>
  <testcase classname="seleniumpractice.WaitsInSelenium.Parameterized" name="TestCase4" time="0.000"/>
  <testcase classname="seleniumpractice.WaitsInSelenium.Parameterized" name="TestCase4" time="0.000"/>
  <testcase classname="seleniumpractice.WaitsInSelenium.Parameterized" name="TestCase4" time="0.000"/>
  <testcase classname="seleniumpractice.WaitsInSelenium.Parameterized" name="TestCase4" time="0.000"/>
  <testcase classname="seleniumpractice.WaitsInSelenium.Parameterized" name="TestCase4" time="0.000"/>
  <testcase classname="seleniumpractice.WaitsInSelenium.Parameterized" name="TestCase4" time="0.000"/>
  <testcase classname="seleniumpractice.WaitsInSelenium.Parameterized" name="TestCase4" time="0.001"/>
  <testcase classname="seleniumpractice.WaitsInSelenium.Parameterized" name="TestCase4" time="0.000"/>
  <testcase classname="seleniumpractice.WaitsInSelenium.Parameterized" name="TestCase4" time="0.000"/>
  <testcase classname="seleniumpractice.WaitsInSelenium.Parameterized" name="TestCase4" time="0.000"/>
  <testcase classname="seleniumpractice.WaitsInSelenium.Parameterized" name="TestCase4" time="0.000"/>
  <testcase classname="seleniumpractice.WaitsInSelenium.Parameterized" name="TestCase4" time="0.001"/>
  <testcase classname="seleniumpractice.WaitsInSelenium.Parameterized" name="TestCase4" time="0.001"/>
  <testcase classname="seleniumpractice.WaitsInSelenium.Parameterized" name="TestCase4" time="0.001"/>
  <testcase classname="seleniumpractice.WaitsInSelenium.Parameterized" name="TestCase4" time="0.000"/>
  <testcase classname="seleniumpractice.WaitsInSelenium.Parameterized" name="TestCase4" time="0.000"/>
  <testcase classname="seleniumpractice.WaitsInSelenium.Parameterized" name="TestCase4" time="0.001"/>
  <testcase classname="seleniumpractice.WaitsInSelenium.Parameterized" name="TestCase4" time="0.000"/>
  <testcase classname="seleniumpractice.WaitsInSelenium.Parameterized" name="TestCase4" time="0.000"/>
  <testcase classname="seleniumpractice.WaitsInSelenium.Parameterized" name="TestCase4" time="0.000"/>
  <testcase classname="seleniumpractice.WaitsInSelenium.Parameterized" name="TestCase4" time="0.001"/>
  <testcase classname="seleniumpractice.WaitsInSelenium.Parameterized" name="TestCase4" time="0.002"/>
  <testcase classname="seleniumpractice.WaitsInSelenium.Parameterized" name="TestCase4" time="0.000"/>
  <testcase classname="seleniumpractice.WaitsInSelenium.Parameterized" name="TestCase4" time="0.000"/>
  <testcase classname="seleniumpractice.WaitsInSelenium.Parameterized" name="TestCase4" time="0.000"/>
  <testcase classname="seleniumpractice.WaitsInSelenium.Parameterized" name="TestCase4" time="0.000"/>
  <testcase classname="seleniumpractice.WaitsInSelenium.Parameterized" name="TestCase4" time="0.001"/>
  <testcase classname="seleniumpractice.WaitsInSelenium.Parameterized" name="TestCase4" time="0.000"/>
  <testcase classname="seleniumpractice.WaitsInSelenium.Parameterized" name="TestCase4" time="0.000"/>
  <testcase classname="seleniumpractice.WaitsInSelenium.Parameterized" name="TestCase4" time="0.000"/>
  <testcase classname="seleniumpractice.WaitsInSelenium.Parameterized" name="TestCase4" time="0.000"/>
  <testcase classname="seleniumpractice.WaitsInSelenium.Parameterized" name="TestCase4" time="0.000"/>
  <testcase classname="seleniumpractice.WaitsInSelenium.Parameterized" name="TestCase4" time="0.000"/>
  <testcase classname="seleniumpractice.WaitsInSelenium.Parameterized" name="TestCase4" time="0.000"/>
  <testcase classname="seleniumpractice.WaitsInSelenium.Parameterized" name="TestCase4" time="0.000"/>
  <testcase classname="seleniumpractice.WaitsInSelenium.Parameterized" name="TestCase4" time="0.001"/>
  <testcase classname="seleniumpractice.WaitsInSelenium.Parameterized" name="TestCase4" time="0.000"/>
  <testcase classname="seleniumpractice.WaitsInSelenium.Parameterized" name="TestCase4" time="0.000"/>
  <testcase classname="seleniumpractice.WaitsInSelenium.Parameterized" name="TestCase4" time="0.000"/>
  <testcase classname="seleniumpractice.WaitsInSelenium.Parameterized" name="TestCase4" time="0.000"/>
  <testcase classname="seleniumpractice.WaitsInSelenium.Parameterized" name="TestCase4" time="0.001"/>
  <testcase classname="seleniumpractice.WaitsInSelenium.Parameterized" name="TestCase4" time="0.000"/>
  <testcase classname="seleniumpractice.WaitsInSelenium.Parameterized" name="TestCase4" time="0.000"/>
  <testcase classname="seleniumpractice.WaitsInSelenium.Parameterized" name="TestCase4" time="0.000"/>
  <testcase classname="seleniumpractice.WaitsInSelenium.Parameterized" name="TestCase4" time="0.001"/>
  <testcase classname="seleniumpractice.WaitsInSelenium.Parameterized" name="TestCase4" time="0.000"/>
  <testcase classname="seleniumpractice.WaitsInSelenium.Parameterized" name="TestCase4" time="0.000"/>
  <testcase classname="seleniumpractice.WaitsInSelenium.Parameterized" name="TestCase4" time="0.000"/>
  <testcase classname="seleniumpractice.WaitsInSelenium.Parameterized" name="TestCase4" time="0.000"/>
  <testcase classname="seleniumpractice.WaitsInSelenium.Parameterized" name="TestCase4" time="0.000"/>
  <testcase classname="seleniumpractice.WaitsInSelenium.Parameterized" name="TestCase4" time="0.000"/>
  <testcase classname="seleniumpractice.WaitsInSelenium.Parameterized" name="TestCase4" time="0.000"/>
  <testcase classname="seleniumpractice.WaitsInSelenium.Parameterized" name="TestCase4" time="0.000"/>
  <testcase classname="seleniumpractice.WaitsInSelenium.Parameterized" name="TestCase4" time="0.000"/>
  <testcase classname="seleniumpractice.WaitsInSelenium.Parameterized" name="TestCase4" time="0.001"/>
  <testcase classname="seleniumpractice.WaitsInSelenium.Parameterized" name="TestCase4" time="0.000"/>
  <testcase classname="seleniumpractice.WaitsInSelenium.Parameterized" name="TestCase4" time="0.000"/>
  <testcase classname="seleniumpractice.WaitsInSelenium.Parameterized" name="TestCase4" time="0.000"/>
  <testcase classname="seleniumpractice.WaitsInSelenium.Parameterized" name="TestCase4" time="0.001"/>
  <testcase classname="seleniumpractice.WaitsInSelenium.Parameterized" name="TestCase4" time="0.000"/>
  <testcase classname="seleniumpractice.WaitsInSelenium.Parameterized" name="TestCase4" time="0.001"/>
  <testcase classname="seleniumpractice.WaitsInSelenium.Parameterized" name="TestCase4" time="0.001"/>
  <testcase classname="seleniumpractice.WaitsInSelenium.Parameterized" name="TestCase4" time="0.000"/>
  <testcase classname="seleniumpractice.WaitsInSelenium.Parameterized" name="TestCase4" time="0.001"/>
  <testcase classname="seleniumpractice.WaitsInSelenium.Parameterized" name="TestCase4" time="0.000"/>
  <testcase classname="seleniumpractice.WaitsInSelenium.Parameterized" name="TestCase4" time="0.001"/>
  <testcase classname="seleniumpractice.WaitsInSelenium.Parameterized" name="TestCase4" time="0.000"/>
  <testcase classname="seleniumpractice.WaitsInSelenium.Parameterized" name="TestCase4" time="0.000"/>
  <testcase classname="seleniumpractice.WaitsInSelenium.Parameterized" name="TestCase4" time="0.000"/>
  <testcase classname="seleniumpractice.WaitsInSelenium.Parameterized" name="TestCase4" time="0.000"/>
  <testcase classname="seleniumpractice.WaitsInSelenium.Parameterized" name="TestCase4" time="0.000"/>
  <testcase classname="seleniumpractice.WaitsInSelenium.Parameterized" name="TestCase4" time="0.000"/>
  <testcase classname="seleniumpractice.WaitsInSelenium.Parameterized" name="TestCase4" time="0.001"/>
  <testcase classname="seleniumpractice.WaitsInSelenium.Parameterized" name="TestCase4" time="0.000"/>
  <testcase classname="seleniumpractice.WaitsInSelenium.Parameterized" name="TestCase4" time="0.000"/>
  <testcase classname="seleniumpractice.WaitsInSelenium.Parameterized" name="TestCase4" time="0.002"/>
  <testcase classname="seleniumpractice.WaitsInSelenium.Parameterized" name="TestCase4" time="0.000"/>
  <testcase classname="seleniumpractice.WaitsInSelenium.Parameterized" name="TestCase4" time="0.000"/>
  <testcase classname="seleniumpractice.WaitsInSelenium.Parameterized" name="TestCase4" time="0.000"/>
  <testcase classname="seleniumpractice.WaitsInSelenium.Parameterized" name="TestCase4" time="0.001"/>
  <testcase classname="seleniumpractice.WaitsInSelenium.Parameterized" name="TestCase4" time="0.000"/>
  <testcase classname="seleniumpractice.WaitsInSelenium.Parameterized" name="TestCase4" time="0.000"/>
  <testcase classname="seleniumpractice.WaitsInSelenium.Parameterized" name="TestCase4" time="0.000"/>
  <testcase classname="seleniumpractice.WaitsInSelenium.Parameterized" name="TestCase4" time="0.000"/>
  <testcase classname="seleniumpractice.WaitsInSelenium.Parameterized" name="TestCase4" time="0.000"/>
  <testcase classname="seleniumpractice.WaitsInSelenium.Parameterized" name="TestCase4" time="0.000"/>
  <testcase classname="seleniumpractice.WaitsInSelenium.Parameterized" name="TestCase4" time="0.000"/>
  <testcase classname="seleniumpractice.WaitsInSelenium.Parameterized" name="TestCase4" time="0.000"/>
  <testcase classname="seleniumpractice.WaitsInSelenium.Parameterized" name="TestCase4" time="0.000"/>
  <testcase classname="seleniumpractice.WaitsInSelenium.Parameterized" name="TestCase4" time="0.000"/>
  <testcase classname="seleniumpractice.WaitsInSelenium.Parameterized" name="TestCase4" time="0.000"/>
  <testcase classname="seleniumpractice.WaitsInSelenium.Parameterized" name="TestCase4" time="0.000"/>
  <testcase classname="seleniumpractice.WaitsInSelenium.Parameterized" name="TestCase4" time="0.000"/>
  <testcase classname="seleniumpractice.WaitsInSelenium.Parameterized" name="TestCase4" time="0.001"/>
  <testcase classname="seleniumpractice.WaitsInSelenium.Parameterized" name="TestCase4" time="0.000"/>
  <testcase classname="seleniumpractice.WaitsInSelenium.Parameterized" name="TestCase4" time="0.001"/>
  <testcase classname="seleniumpractice.WaitsInSelenium.Parameterized" name="TestCase4" time="0.000"/>
  <testcase classname="seleniumpractice.WaitsInSelenium.Parameterized" name="TestCase4" time="0.000"/>
  <testcase classname="seleniumpractice.WaitsInSelenium.Parameterized" name="TestCase4" time="0.001"/>
  <testcase classname="seleniumpractice.WaitsInSelenium.Parameterized" name="TestCase4" time="0.000"/>
  <testcase classname="seleniumpractice.WaitsInSelenium.Parameterized" name="TestCase4" time="0.000"/>
  <testcase classname="seleniumpractice.WaitsInSelenium.Parameterized" name="TestCase4" time="0.000"/>
  <testcase classname="seleniumpractice.WaitsInSelenium.Parameterized" name="TestCase4" time="0.001"/>
  <testcase classname="seleniumpractice.WaitsInSelenium.Parameterized" name="TestCase4" time="0.001"/>
  <testcase classname="seleniumpractice.WaitsInSelenium.Parameterized" name="TestCase4" time="0.000"/>
  <testcase classname="seleniumpractice.WaitsInSelenium.Parameterized" name="TestCase4" time="0.000"/>
  <testcase classname="seleniumpractice.WaitsInSelenium.Parameterized" name="TestCase4" time="0.002"/>
  <testcase classname="seleniumpractice.WaitsInSelenium.Parameterized" name="TestCase4" time="0.000"/>
  <testcase classname="seleniumpractice.WaitsInSelenium.Parameterized" name="TestCase4" time="0.000"/>
  <testcase classname="seleniumpractice.WaitsInSelenium.Parameterized" name="TestCase4" time="0.000"/>
  <testcase classname="seleniumpractice.WaitsInSelenium.Parameterized" name="TestCase4" time="0.000"/>
  <testcase classname="seleniumpractice.WaitsInSelenium.Parameterized" name="TestCase4" time="0.001"/>
  <testcase classname="seleniumpractice.WaitsInSelenium.Parameterized" name="TestCase4" time="0.001"/>
  <testcase classname="seleniumpractice.WaitsInSelenium.Parameterized" name="TestCase4" time="0.001"/>
  <testcase classname="seleniumpractice.WaitsInSelenium.Parameterized" name="TestCase4" time="0.000"/>
  <testcase classname="seleniumpractice.WaitsInSelenium.Parameterized" name="TestCase4" time="0.000"/>
  <testcase classname="seleniumpractice.WaitsInSelenium.Parameterized" name="TestCase4" time="0.001"/>
  <testcase classname="seleniumpractice.WaitsInSelenium.Parameterized" name="TestCase4" time="0.000"/>
  <testcase classname="seleniumpractice.WaitsInSelenium.Parameterized" name="TestCase4" time="0.000"/>
  <testcase classname="seleniumpractice.WaitsInSelenium.Parameterized" name="TestCase4" time="0.000"/>
  <testcase classname="seleniumpractice.WaitsInSelenium.Parameterized" name="TestCase4" time="0.000"/>
  <testcase classname="seleniumpractice.WaitsInSelenium.Parameterized" name="TestCase4" time="0.000"/>
  <testcase classname="seleniumpractice.WaitsInSelenium.Parameterized" name="TestCase4" time="0.000"/>
  <testcase classname="seleniumpractice.WaitsInSelenium.Parameterized" name="TestCase4" time="0.000"/>
  <testcase classname="seleniumpractice.WaitsInSelenium.Parameterized" name="TestCase4" time="0.000"/>
  <testcase classname="seleniumpractice.WaitsInSelenium.Parameterized" name="TestCase4" time="0.000"/>
  <testcase classname="seleniumpractice.WaitsInSelenium.Parameterized" name="TestCase4" time="0.001"/>
  <testcase classname="seleniumpractice.WaitsInSelenium.Parameterized" name="TestCase4" time="0.001"/>
  <testcase classname="seleniumpractice.WaitsInSelenium.Parameterized" name="TestCase4" time="0.000"/>
  <testcase classname="seleniumpractice.WaitsInSelenium.Parameterized" name="TestCase4" time="0.001"/>
  <testcase classname="seleniumpractice.WaitsInSelenium.Parameterized" name="TestCase4" time="0.000"/>
  <testcase classname="seleniumpractice.WaitsInSelenium.Parameterized" name="TestCase4" time="0.000"/>
  <testcase classname="seleniumpractice.WaitsInSelenium.Parameterized" name="TestCase4" time="0.000"/>
  <testcase classname="seleniumpractice.WaitsInSelenium.Parameterized" name="TestCase4" time="0.000"/>
  <testcase classname="seleniumpractice.WaitsInSelenium.Parameterized" name="TestCase4" time="0.001"/>
  <testcase classname="seleniumpractice.WaitsInSelenium.Parameterized" name="TestCase4" time="0.000"/>
  <testcase classname="seleniumpractice.WaitsInSelenium.Parameterized" name="TestCase4" time="0.000"/>
  <testcase classname="seleniumpractice.WaitsInSelenium.Parameterized" name="TestCase4" time="0.000"/>
  <testcase classname="seleniumpractice.WaitsInSelenium.Parameterized" name="TestCase4" time="0.000"/>
  <testcase classname="seleniumpractice.WaitsInSelenium.Parameterized" name="TestCase4" time="0.001"/>
  <testcase classname="seleniumpractice.WaitsInSelenium.Parameterized" name="TestCase4" time="0.000"/>
  <testcase classname="seleniumpractice.WaitsInSelenium.Parameterized" name="TestCase4" time="0.000"/>
  <testcase classname="seleniumpractice.WaitsInSelenium.Parameterized" name="TestCase4" time="0.000"/>
  <testcase classname="seleniumpractice.WaitsInSelenium.Parameterized" name="TestCase4" time="0.000"/>
  <testcase classname="seleniumpractice.WaitsInSelenium.Parameterized" name="TestCase4" time="0.000"/>
  <testcase classname="seleniumpractice.WaitsInSelenium.Parameterized" name="TestCase4" time="0.000"/>
  <testcase classname="seleniumpractice.WaitsInSelenium.Parameterized" name="TestCase4" time="0.001"/>
  <testcase classname="seleniumpractice.WaitsInSelenium.Parameterized" name="TestCase4" time="0.000"/>
  <testcase classname="seleniumpractice.WaitsInSelenium.Parameterized" name="TestCase4" time="0.000"/>
  <testcase classname="seleniumpractice.WaitsInSelenium.Parameterized" name="TestCase4" time="0.000"/>
  <testcase classname="seleniumpractice.WaitsInSelenium.Parameterized" name="TestCase4" time="0.000"/>
  <testcase classname="seleniumpractice.WaitsInSelenium.Parameterized" name="TestCase4" time="0.000"/>
  <testcase classname="seleniumpractice.WaitsInSelenium.Parameterized" name="TestCase4" time="0.000"/>
  <testcase classname="seleniumpractice.WaitsInSelenium.Parameterized" name="TestCase4" time="0.000"/>
  <testcase classname="seleniumpractice.WaitsInSelenium.Parameterized" name="TestCase4" time="0.000"/>
  <testcase classname="seleniumpractice.WaitsInSelenium.Parameterized" name="TestCase4" time="0.000"/>
  <testcase classname="seleniumpractice.WaitsInSelenium.Parameterized" name="TestCase4" time="0.000"/>
  <testcase classname="seleniumpractice.WaitsInSelenium.Parameterized" name="TestCase4" time="0.000"/>
  <testcase classname="seleniumpractice.WaitsInSelenium.Parameterized" name="TestCase4" time="0.000"/>
  <testcase classname="seleniumpractice.WaitsInSelenium.Parameterized" name="TestCase4" time="0.001"/>
  <testcase classname="seleniumpractice.WaitsInSelenium.Parameterized" name="TestCase4" time="0.000"/>
  <testcase classname="seleniumpractice.WaitsInSelenium.Parameterized" name="TestCase4" time="0.000"/>
  <testcase classname="seleniumpractice.WaitsInSelenium.Parameterized" name="TestCase4" time="0.000"/>
  <testcase classname="seleniumpractice.WaitsInSelenium.Parameterized" name="TestCase4" time="0.001"/>
  <testcase classname="seleniumpractice.WaitsInSelenium.Parameterized" name="TestCase4" time="0.000"/>
  <testcase classname="seleniumpractice.WaitsInSelenium.Parameterized" name="TestCase4" time="0.001"/>
  <testcase classname="seleniumpractice.WaitsInSelenium.Parameterized" name="TestCase4" time="0.000"/>
  <testcase classname="seleniumpractice.WaitsInSelenium.Parameterized" name="TestCase4" time="0.000"/>
  <testcase classname="seleniumpractice.WaitsInSelenium.Parameterized" name="TestCase4" time="0.000"/>
  <testcase classname="seleniumpractice.WaitsInSelenium.Parameterized" name="TestCase4" time="0.000"/>
  <testcase classname="seleniumpractice.WaitsInSelenium.Parameterized" name="TestCase4" time="0.001"/>
  <testcase classname="seleniumpractice.WaitsInSelenium.Parameterized" name="TestCase4" time="0.001"/>
  <testcase classname="seleniumpractice.WaitsInSelenium.Parameterized" name="TestCase4" time="0.001"/>
  <testcase classname="seleniumpractice.WaitsInSelenium.Parameterized" name="TestCase4" time="0.001"/>
  <testcase classname="seleniumpractice.WaitsInSelenium.Parameterized" name="TestCase4" time="0.002"/>
  <testcase classname="seleniumpractice.WaitsInSelenium.Parameterized" name="TestCase4" time="0.000"/>
  <testcase classname="seleniumpractice.WaitsInSelenium.Parameterized" name="TestCase4" time="0.001"/>
  <testcase classname="seleniumpractice.WaitsInSelenium.Parameterized" name="TestCase4" time="0.000"/>
  <testcase classname="seleniumpractice.WaitsInSelenium.Parameterized" name="TestCase4" time="0.000"/>
  <testcase classname="seleniumpractice.WaitsInSelenium.Parameterized" name="TestCase4" time="0.001"/>
  <testcase classname="seleniumpractice.WaitsInSelenium.Parameterized" name="TestCase4" time="0.000"/>
  <testcase classname="seleniumpractice.WaitsInSelenium.Parameterized" name="TestCase4" time="0.001"/>
  <testcase classname="seleniumpractice.WaitsInSelenium.Parameterized" name="TestCase4" time="0.000"/>
  <testcase classname="seleniumpractice.WaitsInSelenium.Parameterized" name="TestCase4" time="0.001"/>
  <testcase classname="seleniumpractice.WaitsInSelenium.Parameterized" name="TestCase4" time="0.000"/>
  <testcase classname="seleniumpractice.WaitsInSelenium.Parameterized" name="TestCase4" time="0.000"/>
  <testcase classname="seleniumpractice.WaitsInSelenium.Parameterized" name="TestCase4" time="0.000"/>
  <testcase classname="seleniumpractice.WaitsInSelenium.Parameterized" name="TestCase4" time="0.000"/>
  <testcase classname="seleniumpractice.WaitsInSelenium.Parameterized" name="TestCase4" time="0.000"/>
  <testcase classname="seleniumpractice.WaitsInSelenium.Parameterized" name="TestCase4" time="0.001"/>
  <testcase classname="seleniumpractice.WaitsInSelenium.Parameterized" name="TestCase4" time="0.000"/>
  <testcase classname="seleniumpractice.WaitsInSelenium.Parameterized" name="TestCase4" time="0.000"/>
  <testcase classname="seleniumpractice.WaitsInSelenium.Parameterized" name="TestCase4" time="0.000"/>
  <testcase classname="seleniumpractice.WaitsInSelenium.Parameterized" name="TestCase4" time="0.000"/>
  <testcase classname="seleniumpractice.WaitsInSelenium.Parameterized" name="TestCase4" time="0.000"/>
  <testcase classname="seleniumpractice.WaitsInSelenium.Parameterized" name="TestCase4" time="0.000"/>
  <testcase classname="seleniumpractice.WaitsInSelenium.Parameterized" name="TestCase4" time="0.001"/>
  <testcase classname="seleniumpractice.WaitsInSelenium.Parameterized" name="TestCase4" time="0.000"/>
  <testcase classname="seleniumpractice.WaitsInSelenium.Parameterized" name="TestCase4" time="0.001"/>
  <testcase classname="seleniumpractice.WaitsInSelenium.Parameterized" name="TestCase4" time="0.001"/>
  <testcase classname="seleniumpractice.WaitsInSelenium.Parameterized" name="TestCase4" time="0.000"/>
  <testcase classname="seleniumpractice.WaitsInSelenium.Parameterized" name="TestCase4" time="0.001"/>
  <testcase classname="seleniumpractice.WaitsInSelenium.Parameterized" name="TestCase4" time="0.001"/>
  <testcase classname="seleniumpractice.WaitsInSelenium.Parameterized" name="TestCase4" time="0.001"/>
  <testcase classname="seleniumpractice.WaitsInSelenium.Parameterized" name="TestCase4" time="0.001"/>
  <testcase classname="seleniumpractice.WaitsInSelenium.Parameterized" name="TestCase4" time="0.001"/>
  <testcase classname="seleniumpractice.WaitsInSelenium.Parameterized" name="TestCase4" time="0.001"/>
  <testcase classname="seleniumpractice.WaitsInSelenium.Parameterized" name="TestCase4" time="0.001"/>
  <testcase classname="seleniumpractice.WaitsInSelenium.Parameterized" name="TestCase4" time="0.000"/>
  <testcase classname="seleniumpractice.WaitsInSelenium.Parameterized" name="TestCase4" time="0.000"/>
  <testcase classname="seleniumpractice.WaitsInSelenium.Parameterized" name="TestCase4" time="0.000"/>
  <testcase classname="seleniumpractice.WaitsInSelenium.Parameterized" name="TestCase4" time="0.000"/>
  <testcase classname="seleniumpractice.WaitsInSelenium.Parameterized" name="TestCase4" time="0.000"/>
  <testcase classname="seleniumpractice.WaitsInSelenium.Parameterized" name="TestCase4" time="0.000"/>
  <testcase classname="seleniumpractice.WaitsInSelenium.Parameterized" name="TestCase4" time="0.000"/>
  <testcase classname="seleniumpractice.WaitsInSelenium.Parameterized" name="TestCase4" time="0.000"/>
  <testcase classname="seleniumpractice.WaitsInSelenium.Parameterized" name="TestCase4" time="0.000"/>
  <testcase classname="seleniumpractice.WaitsInSelenium.Parameterized" name="TestCase4" time="0.000"/>
  <testcase classname="seleniumpractice.WaitsInSelenium.Parameterized" name="TestCase4" time="0.001"/>
  <testcase classname="seleniumpractice.WaitsInSelenium.Parameterized" name="TestCase4" time="0.000"/>
  <testcase classname="seleniumpractice.WaitsInSelenium.Parameterized" name="TestCase4" time="0.000"/>
  <testcase classname="seleniumpractice.WaitsInSelenium.Parameterized" name="TestCase4" time="0.000"/>
  <testcase classname="seleniumpractice.WaitsInSelenium.Parameterized" name="TestCase4" time="0.000"/>
  <testcase classname="seleniumpractice.WaitsInSelenium.Parameterized" name="TestCase4" time="0.000"/>
  <testcase classname="seleniumpractice.WaitsInSelenium.Parameterized" name="TestCase4" time="0.001"/>
  <testcase classname="seleniumpractice.WaitsInSelenium.Parameterized" name="TestCase4" time="0.001"/>
  <testcase classname="seleniumpractice.WaitsInSelenium.Parameterized" name="TestCase4" time="0.000"/>
  <testcase classname="seleniumpractice.WaitsInSelenium.Parameterized" name="TestCase4" time="0.000"/>
  <testcase classname="seleniumpractice.WaitsInSelenium.Parameterized" name="TestCase4" time="0.000"/>
  <testcase classname="seleniumpractice.WaitsInSelenium.Parameterized" name="TestCase4" time="0.000"/>
  <testcase classname="seleniumpractice.WaitsInSelenium.Parameterized" name="TestCase4" time="0.000"/>
  <testcase classname="seleniumpractice.WaitsInSelenium.Parameterized" name="TestCase4" time="0.001"/>
  <testcase classname="seleniumpractice.WaitsInSelenium.Parameterized" name="TestCase4" time="0.000"/>
  <testcase classname="seleniumpractice.WaitsInSelenium.Parameterized" name="TestCase4" time="0.000"/>
  <testcase classname="seleniumpractice.WaitsInSelenium.Parameterized" name="TestCase4" time="0.000"/>
  <testcase classname="seleniumpractice.WaitsInSelenium.Parameterized" name="TestCase4" time="0.000"/>
  <testcase classname="seleniumpractice.WaitsInSelenium.Parameterized" name="TestCase4" time="0.000"/>
  <testcase classname="seleniumpractice.WaitsInSelenium.Parameterized" name="TestCase4" time="0.000"/>
  <testcase classname="seleniumpractice.WaitsInSelenium.Parameterized" name="TestCase4" time="0.000"/>
  <testcase classname="seleniumpractice.WaitsInSelenium.Parameterized" name="TestCase4" time="0.000"/>
  <testcase classname="seleniumpractice.WaitsInSelenium.Parameterized" name="TestCase4" time="0.000"/>
  <testcase classname="seleniumpractice.WaitsInSelenium.Parameterized" name="TestCase4" time="0.000"/>
  <testcase classname="seleniumpractice.WaitsInSelenium.Parameterized" name="TestCase4" time="0.000"/>
  <testcase classname="seleniumpractice.WaitsInSelenium.Parameterized" name="TestCase4" time="0.000"/>
  <testcase classname="seleniumpractice.WaitsInSelenium.Parameterized" name="TestCase4" time="0.000"/>
  <testcase classname="seleniumpractice.WaitsInSelenium.Parameterized" name="TestCase4" time="0.000"/>
  <testcase classname="seleniumpractice.WaitsInSelenium.Parameterized" name="TestCase4" time="0.000"/>
  <testcase classname="seleniumpractice.WaitsInSelenium.Parameterized" name="TestCase4" time="0.000"/>
  <testcase classname="seleniumpractice.WaitsInSelenium.Parameterized" name="TestCase4" time="0.007"/>
  <testcase classname="seleniumpractice.WaitsInSelenium.Parameterized" name="TestCase4" time="0.000"/>
  <testcase classname="seleniumpractice.WaitsInSelenium.Parameterized" name="TestCase4" time="0.000"/>
  <testcase classname="seleniumpractice.WaitsInSelenium.Parameterized" name="TestCase4" time="0.000"/>
  <testcase classname="seleniumpractice.WaitsInSelenium.Parameterized" name="TestCase4" time="0.000"/>
  <testcase classname="seleniumpractice.WaitsInSelenium.Parameterized" name="TestCase4" time="0.000"/>
  <testcase classname="seleniumpractice.WaitsInSelenium.Parameterized" name="TestCase4" time="0.000"/>
  <testcase classname="seleniumpractice.WaitsInSelenium.Parameterized" name="TestCase4" time="0.000"/>
  <testcase classname="seleniumpractice.WaitsInSelenium.Parameterized" name="TestCase4" time="0.001"/>
  <testcase classname="seleniumpractice.WaitsInSelenium.Parameterized" name="TestCase4" time="0.001"/>
  <testcase classname="seleniumpractice.WaitsInSelenium.Parameterized" name="TestCase4" time="0.000"/>
  <testcase classname="seleniumpractice.WaitsInSelenium.Parameterized" name="TestCase4" time="0.000"/>
  <testcase classname="seleniumpractice.WaitsInSelenium.Parameterized" name="TestCase4" time="0.000"/>
  <testcase classname="seleniumpractice.WaitsInSelenium.Parameterized" name="TestCase4" time="0.000"/>
  <testcase classname="seleniumpractice.WaitsInSelenium.Parameterized" name="TestCase4" time="0.000"/>
  <testcase classname="seleniumpractice.WaitsInSelenium.Parameterized" name="TestCase4" time="0.000"/>
  <testcase classname="seleniumpractice.WaitsInSelenium.Parameterized" name="TestCase4" time="0.001"/>
  <testcase classname="seleniumpractice.WaitsInSelenium.Parameterized" name="TestCase4" time="0.000"/>
  <testcase classname="seleniumpractice.WaitsInSelenium.Parameterized" name="TestCase4" time="0.001"/>
  <testcase classname="seleniumpractice.WaitsInSelenium.Parameterized" name="TestCase4" time="0.000"/>
  <testcase classname="seleniumpractice.WaitsInSelenium.Parameterized" name="TestCase4" time="0.001"/>
  <testcase classname="seleniumpractice.WaitsInSelenium.Parameterized" name="TestCase4" time="0.000"/>
  <testcase classname="seleniumpractice.WaitsInSelenium.Parameterized" name="TestCase4" time="0.000"/>
  <testcase classname="seleniumpractice.WaitsInSelenium.Parameterized" name="TestCase4" time="0.000"/>
  <testcase classname="seleniumpractice.WaitsInSelenium.Parameterized" name="TestCase4" time="0.000"/>
  <testcase classname="seleniumpractice.WaitsInSelenium.Parameterized" name="TestCase4" time="0.000"/>
  <testcase classname="seleniumpractice.WaitsInSelenium.Parameterized" name="TestCase4" time="0.001"/>
  <testcase classname="seleniumpractice.WaitsInSelenium.Parameterized" name="TestCase4" time="0.000"/>
  <testcase classname="seleniumpractice.WaitsInSelenium.Parameterized" name="TestCase4" time="0.001"/>
  <testcase classname="seleniumpractice.WaitsInSelenium.Parameterized" name="TestCase4" time="0.000"/>
  <testcase classname="seleniumpractice.WaitsInSelenium.Parameterized" name="TestCase4" time="0.001"/>
  <testcase classname="seleniumpractice.WaitsInSelenium.Parameterized" name="TestCase4" time="0.000"/>
  <testcase classname="seleniumpractice.WaitsInSelenium.Parameterized" name="TestCase4" time="0.000"/>
  <testcase classname="seleniumpractice.WaitsInSelenium.Parameterized" name="TestCase4" time="0.001"/>
  <testcase classname="seleniumpractice.WaitsInSelenium.Parameterized" name="TestCase4" time="0.001"/>
  <testcase classname="seleniumpractice.WaitsInSelenium.Parameterized" name="TestCase4" time="0.001"/>
  <testcase classname="seleniumpractice.WaitsInSelenium.Parameterized" name="TestCase4" time="0.001"/>
  <testcase classname="seleniumpractice.WaitsInSelenium.Parameterized" name="TestCase4" time="0.001"/>
  <testcase classname="seleniumpractice.WaitsInSelenium.Parameterized" name="TestCase4" time="0.001"/>
  <testcase classname="seleniumpractice.WaitsInSelenium.Parameterized" name="TestCase4" time="0.001"/>
  <testcase classname="seleniumpractice.WaitsInSelenium.Parameterized" name="TestCase4" time="0.000"/>
  <testcase classname="seleniumpractice.WaitsInSelenium.Parameterized" name="TestCase4" time="0.000"/>
  <testcase classname="seleniumpractice.WaitsInSelenium.Parameterized" name="TestCase4" time="0.000"/>
  <testcase classname="seleniumpractice.WaitsInSelenium.Parameterized" name="TestCase4" time="0.000"/>
  <testcase classname="seleniumpractice.WaitsInSelenium.Parameterized" name="TestCase4" time="0.000"/>
  <testcase classname="seleniumpractice.WaitsInSelenium.Parameterized" name="TestCase4" time="0.000"/>
  <testcase classname="seleniumpractice.WaitsInSelenium.Parameterized" name="TestCase4" time="0.000"/>
  <testcase classname="seleniumpractice.WaitsInSelenium.Parameterized" name="TestCase4" time="0.000"/>
  <testcase classname="seleniumpractice.WaitsInSelenium.Parameterized" name="TestCase4" time="0.000"/>
  <testcase classname="seleniumpractice.WaitsInSelenium.Parameterized" name="TestCase4" time="0.001"/>
  <testcase classname="seleniumpractice.WaitsInSelenium.Parameterized" name="TestCase4" time="0.000"/>
  <testcase classname="seleniumpractice.WaitsInSelenium.Parameterized" name="TestCase4" time="0.001"/>
  <testcase classname="seleniumpractice.WaitsInSelenium.Parameterized" name="TestCase4" time="0.000"/>
  <testcase classname="seleniumpractice.WaitsInSelenium.Parameterized" name="TestCase4" time="0.000"/>
  <testcase classname="seleniumpractice.WaitsInSelenium.Parameterized" name="TestCase4" time="0.000"/>
  <testcase classname="seleniumpractice.WaitsInSelenium.Parameterized" name="TestCase4" time="0.001"/>
  <testcase classname="seleniumpractice.WaitsInSelenium.Parameterized" name="TestCase4" time="0.000"/>
  <testcase classname="seleniumpractice.WaitsInSelenium.Parameterized" name="TestCase4" time="0.000"/>
  <testcase classname="seleniumpractice.WaitsInSelenium.Parameterized" name="TestCase4" time="0.000"/>
  <testcase classname="seleniumpractice.WaitsInSelenium.Parameterized" name="TestCase4" time="0.000"/>
  <testcase classname="seleniumpractice.WaitsInSelenium.Parameterized" name="TestCase4" time="0.000"/>
  <testcase classname="seleniumpractice.WaitsInSelenium.Parameterized" name="TestCase4" time="0.000"/>
  <testcase classname="seleniumpractice.WaitsInSelenium.Parameterized" name="TestCase4" time="0.000"/>
  <testcase classname="seleniumpractice.WaitsInSelenium.Parameterized" name="TestCase4" time="0.000"/>
  <testcase classname="seleniumpractice.WaitsInSelenium.Parameterized" name="TestCase4" time="0.000"/>
  <testcase classname="seleniumpractice.WaitsInSelenium.Parameterized" name="TestCase4" time="0.000"/>
  <testcase classname="seleniumpractice.WaitsInSelenium.Parameterized" name="TestCase4" time="0.000"/>
  <testcase classname="seleniumpractice.WaitsInSelenium.Parameterized" name="TestCase4" time="0.001"/>
  <testcase classname="seleniumpractice.WaitsInSelenium.Parameterized" name="TestCase4" time="0.000"/>
  <testcase classname="seleniumpractice.WaitsInSelenium.Parameterized" name="TestCase4" time="0.001"/>
  <testcase classname="seleniumpractice.WaitsInSelenium.Parameterized" name="TestCase4" time="0.000"/>
  <testcase classname="seleniumpractice.WaitsInSelenium.Parameterized" name="TestCase4" time="0.001"/>
  <testcase classname="seleniumpractice.WaitsInSelenium.Parameterized" name="TestCase4" time="0.001"/>
  <testcase classname="seleniumpractice.WaitsInSelenium.Parameterized" name="TestCase4" time="0.000"/>
  <testcase classname="seleniumpractice.WaitsInSelenium.Parameterized" name="TestCase4" time="0.000"/>
  <testcase classname="seleniumpractice.WaitsInSelenium.Parameterized" name="TestCase4" time="0.000"/>
  <testcase classname="seleniumpractice.WaitsInSelenium.Parameterized" name="TestCase4" time="0.000"/>
  <testcase classname="seleniumpractice.WaitsInSelenium.Parameterized" name="TestCase4" time="0.000"/>
  <testcase classname="seleniumpractice.WaitsInSelenium.Parameterized" name="TestCase4" time="0.001"/>
  <testcase classname="seleniumpractice.WaitsInSelenium.Parameterized" name="TestCase4" time="0.000"/>
  <testcase classname="seleniumpractice.WaitsInSelenium.Parameterized" name="TestCase4" time="0.000"/>
  <testcase classname="seleniumpractice.WaitsInSelenium.Parameterized" name="TestCase4" time="0.000"/>
  <testcase classname="seleniumpractice.WaitsInSelenium.Parameterized" name="TestCase4" time="0.000"/>
  <testcase classname="seleniumpractice.WaitsInSelenium.Parameterized" name="TestCase4" time="0.000"/>
  <testcase classname="seleniumpractice.WaitsInSelenium.Parameterized" name="TestCase4" time="0.000"/>
  <testcase classname="seleniumpractice.WaitsInSelenium.Parameterized" name="TestCase4" time="0.000"/>
  <testcase classname="seleniumpractice.WaitsInSelenium.Parameterized" name="TestCase4" time="0.001"/>
  <testcase classname="seleniumpractice.WaitsInSelenium.Parameterized" name="TestCase4" time="0.000"/>
  <testcase classname="seleniumpractice.WaitsInSelenium.Parameterized" name="TestCase4" time="0.000"/>
  <testcase classname="seleniumpractice.WaitsInSelenium.Parameterized" name="TestCase4" time="0.001"/>
  <testcase classname="seleniumpractice.WaitsInSelenium.Parameterized" name="TestCase4" time="0.001"/>
  <testcase classname="seleniumpractice.WaitsInSelenium.Parameterized" name="TestCase4" time="0.000"/>
  <testcase classname="seleniumpractice.WaitsInSelenium.Parameterized" name="TestCase4" time="0.001"/>
  <testcase classname="seleniumpractice.WaitsInSelenium.Parameterized" name="TestCase4" time="0.000"/>
  <testcase classname="seleniumpractice.WaitsInSelenium.Parameterized" name="TestCase4" time="0.000"/>
  <testcase classname="seleniumpractice.WaitsInSelenium.Parameterized" name="TestCase4" time="0.001"/>
  <testcase classname="seleniumpractice.WaitsInSelenium.Parameterized" name="TestCase4" time="0.001"/>
  <testcase classname="seleniumpractice.WaitsInSelenium.Parameterized" name="TestCase4" time="0.001"/>
  <testcase classname="seleniumpractice.WaitsInSelenium.Parameterized" name="TestCase4" time="0.000"/>
  <testcase classname="seleniumpractice.WaitsInSelenium.Parameterized" name="TestCase4" time="0.001"/>
  <testcase classname="seleniumpractice.WaitsInSelenium.Parameterized" name="TestCase4" time="0.000"/>
  <testcase classname="seleniumpractice.WaitsInSelenium.Parameterized" name="TestCase4" time="0.000"/>
  <testcase classname="seleniumpractice.WaitsInSelenium.Parameterized" name="TestCase4" time="0.001"/>
  <testcase classname="seleniumpractice.WaitsInSelenium.Parameterized" name="TestCase4" time="0.000"/>
  <testcase classname="seleniumpractice.WaitsInSelenium.Parameterized" name="TestCase4" time="0.000"/>
  <testcase classname="seleniumpractice.WaitsInSelenium.Parameterized" name="TestCase4" time="0.000"/>
  <testcase classname="seleniumpractice.WaitsInSelenium.Parameterized" name="TestCase4" time="0.000"/>
  <testcase classname="seleniumpractice.WaitsInSelenium.Parameterized" name="TestCase4" time="0.000"/>
  <testcase classname="seleniumpractice.WaitsInSelenium.Parameterized" name="TestCase4" time="0.000"/>
  <testcase classname="seleniumpractice.WaitsInSelenium.Parameterized" name="TestCase4" time="0.001"/>
  <testcase classname="seleniumpractice.WaitsInSelenium.Parameterized" name="TestCase4" time="0.000"/>
  <testcase classname="seleniumpractice.WaitsInSelenium.Parameterized" name="TestCase4" time="0.000"/>
  <testcase classname="seleniumpractice.WaitsInSelenium.Parameterized" name="TestCase4" time="0.000"/>
  <testcase classname="seleniumpractice.WaitsInSelenium.Parameterized" name="TestCase4" time="0.000"/>
  <testcase classname="seleniumpractice.WaitsInSelenium.Parameterized" name="TestCase4" time="0.000"/>
  <testcase classname="seleniumpractice.WaitsInSelenium.Parameterized" name="TestCase4" time="0.000"/>
  <testcase classname="seleniumpractice.WaitsInSelenium.Parameterized" name="TestCase4" time="0.000"/>
  <testcase classname="seleniumpractice.WaitsInSelenium.Parameterized" name="TestCase4" time="0.000"/>
  <testcase classname="seleniumpractice.WaitsInSelenium.Parameterized" name="TestCase4" time="0.001"/>
  <testcase classname="seleniumpractice.WaitsInSelenium.Parameterized" name="TestCase4" time="0.001"/>
  <testcase classname="seleniumpractice.WaitsInSelenium.Parameterized" name="TestCase4" time="0.001"/>
  <testcase classname="seleniumpractice.WaitsInSelenium.Parameterized" name="TestCase4" time="0.001"/>
  <testcase classname="seleniumpractice.WaitsInSelenium.Parameterized" name="TestCase4" time="0.000"/>
  <testcase classname="seleniumpractice.WaitsInSelenium.Parameterized" name="TestCase4" time="0.000"/>
  <testcase classname="seleniumpractice.WaitsInSelenium.Parameterized" name="TestCase4" time="0.000"/>
  <testcase classname="seleniumpractice.WaitsInSelenium.Parameterized" name="TestCase4" time="0.001"/>
  <testcase classname="seleniumpractice.WaitsInSelenium.Parameterized" name="TestCase4" time="0.000"/>
  <testcase classname="seleniumpractice.WaitsInSelenium.Parameterized" name="TestCase4" time="0.000"/>
  <testcase classname="seleniumpractice.WaitsInSelenium.Parameterized" name="TestCase4" time="0.001"/>
  <testcase classname="seleniumpractice.WaitsInSelenium.Parameterized" name="TestCase4" time="0.000"/>
  <testcase classname="seleniumpractice.WaitsInSelenium.Parameterized" name="TestCase4" time="0.000"/>
  <testcase classname="seleniumpractice.WaitsInSelenium.Parameterized" name="TestCase4" time="0.000"/>
  <testcase classname="seleniumpractice.WaitsInSelenium.Parameterized" name="TestCase4" time="0.001"/>
  <testcase classname="seleniumpractice.WaitsInSelenium.Parameterized" name="TestCase4" time="0.001"/>
  <testcase classname="seleniumpractice.WaitsInSelenium.Parameterized" name="TestCase4" time="0.000"/>
  <testcase classname="seleniumpractice.WaitsInSelenium.Parameterized" name="TestCase4" time="0.000"/>
  <testcase classname="seleniumpractice.WaitsInSelenium.Parameterized" name="TestCase4" time="0.001"/>
  <testcase classname="seleniumpractice.WaitsInSelenium.Parameterized" name="TestCase4" time="0.000"/>
  <testcase classname="seleniumpractice.WaitsInSelenium.Parameterized" name="TestCase4" time="0.000"/>
  <testcase classname="seleniumpractice.WaitsInSelenium.Parameterized" name="TestCase4" time="0.001"/>
  <testcase classname="seleniumpractice.WaitsInSelenium.Parameterized" name="TestCase4" time="0.000"/>
  <testcase classname="seleniumpractice.WaitsInSelenium.Parameterized" name="TestCase4" time="0.001"/>
  <testcase classname="seleniumpractice.WaitsInSelenium.Parameterized" name="TestCase4" time="0.000"/>
  <testcase classname="seleniumpractice.WaitsInSelenium.Parameterized" name="TestCase4" time="0.000"/>
  <testcase classname="seleniumpractice.WaitsInSelenium.Parameterized" name="TestCase4" time="0.000"/>
  <testcase classname="seleniumpractice.WaitsInSelenium.Parameterized" name="TestCase4" time="0.000"/>
  <testcase classname="seleniumpractice.WaitsInSelenium.Parameterized" name="TestCase4" time="0.001"/>
  <testcase classname="seleniumpractice.WaitsInSelenium.Parameterized" name="TestCase4" time="0.001"/>
  <testcase classname="seleniumpractice.WaitsInSelenium.Parameterized" name="TestCase4" time="0.001"/>
  <testcase classname="seleniumpractice.WaitsInSelenium.Parameterized" name="TestCase4" time="0.000"/>
  <testcase classname="seleniumpractice.WaitsInSelenium.Parameterized" name="TestCase4" time="0.000"/>
  <testcase classname="seleniumpractice.WaitsInSelenium.Parameterized" name="TestCase4" time="4.472"/>
  <testcase classname="seleniumpractice.WaitsInSelenium.Parameterized" name="TestCase4" time="0.001"/>
  <testcase classname="seleniumpractice.WaitsInSelenium.Parameterized" name="TestCase4" time="0.000"/>
  <testcase classname="seleniumpractice.WaitsInSelenium.Parameterized" name="TestCase4" time="0.001"/>
  <testcase classname="seleniumpractice.WaitsInSelenium.Parameterized" name="TestCase4" time="0.001"/>
  <testcase classname="seleniumpractice.WaitsInSelenium.Parameterized" name="TestCase4" time="0.000"/>
  <testcase classname="seleniumpractice.WaitsInSelenium.Parameterized" name="TestCase4" time="0.000"/>
  <testcase classname="seleniumpractice.WaitsInSelenium.Parameterized" name="TestCase4" time="0.000"/>
  <testcase classname="seleniumpractice.WaitsInSelenium.Parameterized" name="TestCase4" time="0.000"/>
  <testcase classname="seleniumpractice.WaitsInSelenium.Parameterized" name="TestCase4" time="0.000"/>
  <testcase classname="seleniumpractice.WaitsInSelenium.Parameterized" name="TestCase4" time="0.000"/>
  <testcase classname="seleniumpractice.WaitsInSelenium.Parameterized" name="TestCase4" time="0.000"/>
  <testcase classname="seleniumpractice.WaitsInSelenium.Parameterized" name="TestCase4" time="0.000"/>
  <testcase classname="seleniumpractice.WaitsInSelenium.Parameterized" name="TestCase4" time="0.000"/>
  <testcase classname="seleniumpractice.WaitsInSelenium.Parameterized" name="TestCase4" time="0.000"/>
  <testcase classname="seleniumpractice.WaitsInSelenium.Parameterized" name="TestCase4" time="0.000"/>
  <testcase classname="seleniumpractice.WaitsInSelenium.Parameterized" name="TestCase4" time="0.001"/>
  <testcase classname="seleniumpractice.WaitsInSelenium.Parameterized" name="TestCase4" time="0.000"/>
  <testcase classname="seleniumpractice.WaitsInSelenium.Parameterized" name="TestCase4" time="0.000"/>
  <testcase classname="seleniumpractice.WaitsInSelenium.Parameterized" name="TestCase1" time="0.018"/>
  <testcase classname="seleniumpractice.WaitsInSelenium.Parameterized" name="TestCase4" time="0.000"/>
  <testcase classname="seleniumpractice.WaitsInSelenium.Parameterized" name="TestCase4" time="0.000"/>
  <testcase classname="seleniumpractice.WaitsInSelenium.Parameterized" name="TestCase4" time="0.000"/>
  <testcase classname="seleniumpractice.WaitsInSelenium.Parameterized" name="TestCase4" time="0.000"/>
  <testcase classname="seleniumpractice.WaitsInSelenium.Parameterized" name="TestCase4" time="0.000"/>
  <testcase classname="seleniumpractice.WaitsInSelenium.Parameterized" name="TestCase4" time="0.001"/>
  <testcase classname="seleniumpractice.WaitsInSelenium.Parameterized" name="TestCase4" time="0.000"/>
  <testcase classname="seleniumpractice.WaitsInSelenium.Parameterized" name="TestCase4" time="0.000"/>
  <testcase classname="seleniumpractice.WaitsInSelenium.Parameterized" name="TestCase4" time="0.000"/>
  <testcase classname="seleniumpractice.WaitsInSelenium.Parameterized" name="TestCase4" time="0.000"/>
  <testcase classname="seleniumpractice.WaitsInSelenium.Parameterized" name="TestCase4" time="0.000"/>
  <testcase classname="seleniumpractice.WaitsInSelenium.Parameterized" name="TestCase4" time="0.001"/>
  <testcase classname="seleniumpractice.WaitsInSelenium.Parameterized" name="TestCase4" time="0.000"/>
  <testcase classname="seleniumpractice.WaitsInSelenium.Parameterized" name="TestCase4" time="0.001"/>
  <testcase classname="seleniumpractice.WaitsInSelenium.Parameterized" name="TestCase4" time="0.001"/>
  <testcase classname="seleniumpractice.WaitsInSelenium.Parameterized" name="TestCase4" time="0.001"/>
  <testcase classname="seleniumpractice.WaitsInSelenium.Parameterized" name="TestCase4" time="0.000"/>
  <testcase classname="seleniumpractice.WaitsInSelenium.Parameterized" name="TestCase4" time="0.001"/>
  <testcase classname="seleniumpractice.WaitsInSelenium.Parameterized" name="TestCase4" time="0.001"/>
  <testcase classname="seleniumpractice.WaitsInSelenium.Parameterized" name="TestCase4" time="0.000"/>
  <testcase classname="seleniumpractice.WaitsInSelenium.Parameterized" name="TestCase4" time="0.001"/>
  <testcase classname="seleniumpractice.WaitsInSelenium.Parameterized" name="TestCase4" time="0.000"/>
  <testcase classname="seleniumpractice.WaitsInSelenium.Parameterized" name="TestCase4" time="0.000"/>
  <testcase classname="seleniumpractice.WaitsInSelenium.Parameterized" name="TestCase4" time="0.001"/>
  <testcase classname="seleniumpractice.WaitsInSelenium.Parameterized" name="TestCase4" time="0.001"/>
  <testcase classname="seleniumpractice.WaitsInSelenium.Parameterized" name="TestCase4" time="0.000"/>
  <testcase classname="seleniumpractice.WaitsInSelenium.Parameterized" name="TestCase4" time="0.000"/>
  <testcase classname="seleniumpractice.WaitsInSelenium.Parameterized" name="TestCase4" time="0.000"/>
  <testcase classname="seleniumpractice.WaitsInSelenium.Parameterized" name="TestCase4" time="0.001"/>
  <testcase classname="seleniumpractice.WaitsInSelenium.Parameterized" name="TestCase4" time="0.000"/>
  <testcase classname="seleniumpractice.WaitsInSelenium.Parameterized" name="TestCase4" time="0.000"/>
  <testcase classname="seleniumpractice.WaitsInSelenium.Parameterized" name="TestCase4" time="0.000"/>
  <testcase classname="seleniumpractice.WaitsInSelenium.Parameterized" name="TestCase4" time="0.001"/>
  <testcase classname="seleniumpractice.WaitsInSelenium.Parameterized" name="TestCase4" time="0.001"/>
  <testcase classname="seleniumpractice.WaitsInSelenium.Parameterized" name="TestCase4" time="0.000"/>
  <testcase classname="seleniumpractice.WaitsInSelenium.Parameterized" name="TestCase4" time="0.000"/>
  <testcase classname="seleniumpractice.WaitsInSelenium.Parameterized" name="TestCase4" time="0.000"/>
  <testcase classname="seleniumpractice.WaitsInSelenium.Parameterized" name="TestCase4" time="0.001"/>
  <testcase classname="seleniumpractice.WaitsInSelenium.Parameterized" name="TestCase4" time="0.001"/>
  <testcase classname="seleniumpractice.WaitsInSelenium.Parameterized" name="TestCase4" time="0.000"/>
  <testcase classname="seleniumpractice.WaitsInSelenium.Parameterized" name="TestCase4" time="0.001"/>
  <testcase classname="seleniumpractice.WaitsInSelenium.Parameterized" name="TestCase4" time="0.000"/>
  <testcase classname="seleniumpractice.WaitsInSelenium.Parameterized" name="TestCase4" time="0.000"/>
  <testcase classname="seleniumpractice.WaitsInSelenium.Parameterized" name="TestCase4" time="0.000"/>
  <testcase classname="seleniumpractice.WaitsInSelenium.Parameterized" name="TestCase4" time="0.000"/>
  <testcase classname="seleniumpractice.WaitsInSelenium.Parameterized" name="TestCase4" time="0.000"/>
  <testcase classname="seleniumpractice.WaitsInSelenium.Parameterized" name="TestCase4" time="0.000"/>
  <testcase classname="seleniumpractice.WaitsInSelenium.Parameterized" name="TestCase4" time="0.001"/>
  <testcase classname="seleniumpractice.WaitsInSelenium.Parameterized" name="TestCase4" time="0.000"/>
  <testcase classname="seleniumpractice.WaitsInSelenium.Parameterized" name="TestCase4" time="0.000"/>
  <testcase classname="seleniumpractice.WaitsInSelenium.Parameterized" name="TestCase4" time="0.000"/>
  <testcase classname="seleniumpractice.WaitsInSelenium.Parameterized" name="TestCase4" time="0.000"/>
  <testcase classname="seleniumpractice.WaitsInSelenium.Parameterized" name="TestCase4" time="0.000"/>
  <testcase classname="seleniumpractice.WaitsInSelenium.Parameterized" name="TestCase4" time="0.001"/>
  <testcase classname="seleniumpractice.WaitsInSelenium.Parameterized" name="TestCase4" time="0.001"/>
  <testcase classname="seleniumpractice.WaitsInSelenium.Parameterized" name="TestCase4" time="0.000"/>
  <testcase classname="seleniumpractice.WaitsInSelenium.Parameterized" name="TestCase4" time="0.000"/>
  <testcase classname="seleniumpractice.WaitsInSelenium.Parameterized" name="TestCase4" time="0.000"/>
  <testcase classname="seleniumpractice.WaitsInSelenium.Parameterized" name="TestCase4" time="0.000"/>
  <testcase classname="seleniumpractice.WaitsInSelenium.Parameterized" name="TestCase4" time="0.001"/>
  <testcase classname="seleniumpractice.WaitsInSelenium.Parameterized" name="TestCase4" time="0.000"/>
  <testcase classname="seleniumpractice.WaitsInSelenium.Parameterized" name="TestCase4" time="0.000"/>
  <testcase classname="seleniumpractice.WaitsInSelenium.Parameterized" name="TestCase4" time="0.001"/>
  <testcase classname="seleniumpractice.WaitsInSelenium.Parameterized" name="TestCase4" time="0.001"/>
  <testcase classname="seleniumpractice.WaitsInSelenium.Parameterized" name="TestCase4" time="0.000"/>
  <testcase classname="seleniumpractice.WaitsInSelenium.Parameterized" name="TestCase4" time="0.000"/>
  <testcase classname="seleniumpractice.WaitsInSelenium.Parameterized" name="TestCase4" time="0.000"/>
  <testcase classname="seleniumpractice.WaitsInSelenium.Parameterized" name="TestCase4" time="0.001"/>
  <testcase classname="seleniumpractice.WaitsInSelenium.Parameterized" name="TestCase4" time="0.000"/>
  <testcase classname="seleniumpractice.WaitsInSelenium.Parameterized" name="TestCase4" time="0.000"/>
  <testcase classname="seleniumpractice.WaitsInSelenium.Parameterized" name="TestCase4" time="0.000"/>
  <testcase classname="seleniumpractice.WaitsInSelenium.Parameterized" name="TestCase4" time="0.000"/>
  <testcase classname="seleniumpractice.WaitsInSelenium.Parameterized" name="TestCase4" time="0.000"/>
  <testcase classname="seleniumpractice.WaitsInSelenium.Parameterized" name="TestCase4" time="0.000"/>
  <testcase classname="seleniumpractice.WaitsInSelenium.Parameterized" name="TestCase4" time="0.001"/>
  <testcase classname="seleniumpractice.WaitsInSelenium.Parameterized" name="TestCase4" time="0.001"/>
  <testcase classname="seleniumpractice.WaitsInSelenium.Parameterized" name="TestCase4" time="0.000"/>
  <testcase classname="seleniumpractice.WaitsInSelenium.Parameterized" name="TestCase4" time="0.000"/>
  <testcase classname="seleniumpractice.WaitsInSelenium.Parameterized" name="TestCase4" time="0.000"/>
  <testcase classname="seleniumpractice.WaitsInSelenium.Parameterized" name="TestCase4" time="0.001"/>
  <testcase classname="seleniumpractice.WaitsInSelenium.Parameterized" name="TestCase4" time="0.001"/>
  <testcase classname="seleniumpractice.WaitsInSelenium.Parameterized" name="TestCase4" time="0.001"/>
  <testcase classname="seleniumpractice.WaitsInSelenium.Parameterized" name="TestCase4" time="0.001"/>
  <testcase classname="seleniumpractice.WaitsInSelenium.Parameterized" name="TestCase4" time="0.001"/>
  <testcase classname="seleniumpractice.WaitsInSelenium.Parameterized" name="TestCase4" time="0.001"/>
  <testcase classname="seleniumpractice.WaitsInSelenium.Parameterized" name="TestCase4" time="0.001"/>
  <testcase classname="seleniumpractice.WaitsInSelenium.Parameterized" name="TestCase4" time="0.001"/>
  <testcase classname="seleniumpractice.WaitsInSelenium.Parameterized" name="TestCase4" time="0.000"/>
  <testcase classname="seleniumpractice.WaitsInSelenium.Parameterized" name="TestCase4" time="0.000"/>
  <testcase classname="seleniumpractice.WaitsInSelenium.Parameterized" name="TestCase4" time="0.000"/>
  <testcase classname="seleniumpractice.WaitsInSelenium.Parameterized" name="TestCase4" time="0.000"/>
  <testcase classname="seleniumpractice.WaitsInSelenium.Parameterized" name="TestCase4" time="0.000"/>
  <testcase classname="seleniumpractice.WaitsInSelenium.Parameterized" name="TestCase4" time="0.000"/>
  <testcase classname="seleniumpractice.WaitsInSelenium.Parameterized" name="TestCase4" time="0.001"/>
  <testcase classname="seleniumpractice.WaitsInSelenium.Parameterized" name="TestCase4" time="0.001"/>
  <testcase classname="seleniumpractice.WaitsInSelenium.Parameterized" name="TestCase4" time="0.000"/>
  <testcase classname="seleniumpractice.WaitsInSelenium.Parameterized" name="TestCase4" time="0.000"/>
  <testcase classname="seleniumpractice.WaitsInSelenium.Parameterized" name="TestCase4" time="0.000"/>
  <testcase classname="seleniumpractice.WaitsInSelenium.Parameterized" name="TestCase4" time="0.000"/>
  <testcase classname="seleniumpractice.WaitsInSelenium.Parameterized" name="TestCase4" time="0.000"/>
  <testcase classname="seleniumpractice.WaitsInSelenium.Parameterized" name="TestCase4" time="0.001"/>
  <testcase classname="seleniumpractice.WaitsInSelenium.Parameterized" name="TestCase4" time="0.000"/>
  <testcase classname="seleniumpractice.WaitsInSelenium.Parameterized" name="TestCase4" time="0.001"/>
  <testcase classname="seleniumpractice.WaitsInSelenium.Parameterized" name="TestCase4" time="0.001"/>
  <testcase classname="seleniumpractice.WaitsInSelenium.Parameterized" name="TestCase4" time="0.001"/>
  <testcase classname="seleniumpractice.WaitsInSelenium.Parameterized" name="TestCase4" time="0.001"/>
  <testcase classname="seleniumpractice.WaitsInSelenium.Parameterized" name="TestCase4" time="0.001"/>
  <testcase classname="seleniumpractice.WaitsInSelenium.Parameterized" name="TestCase4" time="0.000"/>
  <testcase classname="seleniumpractice.WaitsInSelenium.Parameterized" name="TestCase4" time="0.000"/>
  <testcase classname="seleniumpractice.WaitsInSelenium.Parameterized" name="TestCase4" time="0.001"/>
  <testcase classname="seleniumpractice.WaitsInSelenium.Parameterized" name="TestCase4" time="0.000"/>
  <testcase classname="seleniumpractice.WaitsInSelenium.Parameterized" name="TestCase4" time="0.000"/>
  <testcase classname="seleniumpractice.WaitsInSelenium.Parameterized" name="TestCase4" time="0.000"/>
  <testcase classname="seleniumpractice.WaitsInSelenium.Parameterized" name="TestCase4" time="0.000"/>
  <testcase classname="seleniumpractice.WaitsInSelenium.Parameterized" name="TestCase4" time="0.001"/>
  <testcase classname="seleniumpractice.WaitsInSelenium.Parameterized" name="TestCase4" time="0.000"/>
  <testcase classname="seleniumpractice.WaitsInSelenium.Parameterized" name="TestCase4" time="0.000"/>
  <testcase classname="seleniumpractice.WaitsInSelenium.Parameterized" name="TestCase4" time="0.001"/>
  <testcase classname="seleniumpractice.WaitsInSelenium.Parameterized" name="TestCase4" time="0.000"/>
  <testcase classname="seleniumpractice.WaitsInSelenium.Parameterized" name="TestCase4" time="0.001"/>
  <testcase classname="seleniumpractice.WaitsInSelenium.Parameterized" name="TestCase4" time="0.000"/>
  <testcase classname="seleniumpractice.WaitsInSelenium.Parameterized" name="TestCase4" time="0.001"/>
  <testcase classname="seleniumpractice.WaitsInSelenium.Parameterized" name="TestCase4" time="0.002"/>
  <testcase classname="seleniumpractice.WaitsInSelenium.Parameterized" name="TestCase4" time="0.001"/>
  <testcase classname="seleniumpractice.WaitsInSelenium.Parameterized" name="TestCase4" time="0.001"/>
  <testcase classname="seleniumpractice.WaitsInSelenium.Parameterized" name="TestCase4" time="0.000"/>
  <testcase classname="seleniumpractice.WaitsInSelenium.Parameterized" name="TestCase4" time="0.001"/>
  <testcase classname="seleniumpractice.WaitsInSelenium.Parameterized" name="TestCase4" time="0.000"/>
  <testcase classname="seleniumpractice.WaitsInSelenium.Parameterized" name="TestCase4" time="0.000"/>
  <testcase classname="seleniumpractice.WaitsInSelenium.Parameterized" name="TestCase4" time="0.000"/>
  <testcase classname="seleniumpractice.WaitsInSelenium.Parameterized" name="TestCase4" time="0.000"/>
  <testcase classname="seleniumpractice.WaitsInSelenium.Parameterized" name="TestCase4" time="0.000"/>
  <testcase classname="seleniumpractice.WaitsInSelenium.Parameterized" name="TestCase4" time="0.000"/>
  <testcase classname="seleniumpractice.WaitsInSelenium.Parameterized" name="TestCase4" time="0.000"/>
  <testcase classname="seleniumpractice.WaitsInSelenium.Parameterized" name="TestCase4" time="0.001"/>
  <testcase classname="seleniumpractice.WaitsInSelenium.Parameterized" name="TestCase4" time="0.001"/>
  <testcase classname="seleniumpractice.WaitsInSelenium.Parameterized" name="TestCase4" time="0.001"/>
  <testcase classname="seleniumpractice.WaitsInSelenium.Parameterized" name="TestCase4" time="0.000"/>
  <testcase classname="seleniumpractice.WaitsInSelenium.Parameterized" name="TestCase4" time="0.000"/>
  <testcase classname="seleniumpractice.WaitsInSelenium.Parameterized" name="TestCase4" time="0.000"/>
  <testcase classname="seleniumpractice.WaitsInSelenium.Parameterized" name="TestCase4" time="0.000"/>
  <testcase classname="seleniumpractice.WaitsInSelenium.Parameterized" name="TestCase4" time="0.001"/>
  <testcase classname="seleniumpractice.WaitsInSelenium.Parameterized" name="TestCase4" time="0.000"/>
  <testcase classname="seleniumpractice.WaitsInSelenium.Parameterized" name="TestCase4" time="0.001"/>
  <testcase classname="seleniumpractice.WaitsInSelenium.Parameterized" name="TestCase4" time="0.001"/>
  <testcase classname="seleniumpractice.WaitsInSelenium.Parameterized" name="TestCase4" time="0.000"/>
  <testcase classname="seleniumpractice.WaitsInSelenium.Parameterized" name="TestCase4" time="0.001"/>
  <testcase classname="seleniumpractice.WaitsInSelenium.Parameterized" name="TestCase4" time="0.000"/>
  <testcase classname="seleniumpractice.WaitsInSelenium.Parameterized" name="TestCase4" time="0.000"/>
  <testcase classname="seleniumpractice.WaitsInSelenium.Parameterized" name="TestCase4" time="0.000"/>
  <testcase classname="seleniumpractice.WaitsInSelenium.Parameterized" name="TestCase4" time="0.001"/>
  <testcase classname="seleniumpractice.WaitsInSelenium.Parameterized" name="TestCase4" time="0.000"/>
  <testcase classname="seleniumpractice.WaitsInSelenium.Parameterized" name="TestCase4" time="0.000"/>
  <testcase classname="seleniumpractice.WaitsInSelenium.Parameterized" name="TestCase4" time="0.001"/>
  <testcase classname="seleniumpractice.WaitsInSelenium.Parameterized" name="TestCase4" time="0.001"/>
  <testcase classname="seleniumpractice.WaitsInSelenium.Parameterized" name="TestCase4" time="0.000"/>
  <testcase classname="seleniumpractice.WaitsInSelenium.Parameterized" name="TestCase4" time="0.002"/>
  <testcase classname="seleniumpractice.WaitsInSelenium.Parameterized" name="TestCase4" time="0.001"/>
  <testcase classname="seleniumpractice.WaitsInSelenium.Parameterized" name="TestCase4" time="0.001"/>
  <testcase classname="seleniumpractice.WaitsInSelenium.Parameterized" name="TestCase4" time="0.000"/>
  <testcase classname="seleniumpractice.WaitsInSelenium.Parameterized" name="TestCase4" time="0.001"/>
  <testcase classname="seleniumpractice.WaitsInSelenium.Parameterized" name="TestCase4" time="0.000"/>
  <testcase classname="seleniumpractice.WaitsInSelenium.Parameterized" name="TestCase4" time="0.000"/>
  <testcase classname="seleniumpractice.WaitsInSelenium.Parameterized" name="TestCase4" time="0.000"/>
  <testcase classname="seleniumpractice.WaitsInSelenium.Parameterized" name="TestCase4" time="0.000"/>
  <testcase classname="seleniumpractice.WaitsInSelenium.Parameterized" name="TestCase4" time="0.000"/>
  <testcase classname="seleniumpractice.WaitsInSelenium.Parameterized" name="TestCase4" time="0.000"/>
  <testcase classname="seleniumpractice.WaitsInSelenium.Parameterized" name="TestCase4" time="0.000"/>
  <testcase classname="seleniumpractice.WaitsInSelenium.Parameterized" name="TestCase4" time="0.000"/>
  <testcase classname="seleniumpractice.WaitsInSelenium.Parameterized" name="TestCase4" time="0.000"/>
  <testcase classname="seleniumpractice.WaitsInSelenium.Parameterized" name="TestCase4" time="0.001"/>
  <testcase classname="seleniumpractice.WaitsInSelenium.Parameterized" name="TestCase4" time="0.000"/>
  <testcase classname="seleniumpractice.WaitsInSelenium.Parameterized" name="TestCase4" time="0.000"/>
  <testcase classname="seleniumpractice.WaitsInSelenium.Parameterized" name="TestCase4" time="0.000"/>
  <testcase classname="seleniumpractice.WaitsInSelenium.Parameterized" name="TestCase4" time="0.000"/>
  <testcase classname="seleniumpractice.WaitsInSelenium.Parameterized" name="TestCase4" time="0.000"/>
  <testcase classname="seleniumpractice.WaitsInSelenium.Parameterized" name="TestCase4" time="0.001"/>
  <testcase classname="seleniumpractice.WaitsInSelenium.Parameterized" name="TestCase4" time="0.000"/>
  <testcase classname="seleniumpractice.WaitsInSelenium.Parameterized" name="TestCase4" time="0.000"/>
  <testcase classname="seleniumpractice.WaitsInSelenium.Parameterized" name="TestCase4" time="0.000"/>
  <testcase classname="seleniumpractice.WaitsInSelenium.Parameterized" name="TestCase4" time="0.000"/>
  <testcase classname="seleniumpractice.WaitsInSelenium.Parameterized" name="TestCase4" time="0.000"/>
  <testcase classname="seleniumpractice.WaitsInSelenium.Parameterized" name="TestCase4" time="0.000"/>
  <testcase classname="seleniumpractice.WaitsInSelenium.Parameterized" name="TestCase4" time="0.000"/>
  <testcase classname="seleniumpractice.WaitsInSelenium.Parameterized" name="TestCase4" time="0.001"/>
  <testcase classname="seleniumpractice.WaitsInSelenium.Parameterized" name="TestCase4" time="0.001"/>
  <testcase classname="seleniumpractice.WaitsInSelenium.Parameterized" name="TestCase4" time="0.000"/>
  <testcase classname="seleniumpractice.WaitsInSelenium.Parameterized" name="TestCase4" time="0.000"/>
  <testcase classname="seleniumpractice.WaitsInSelenium.Parameterized" name="TestCase4" time="0.000"/>
  <testcase classname="seleniumpractice.WaitsInSelenium.Parameterized" name="TestCase4" time="0.000"/>
  <testcase classname="seleniumpractice.WaitsInSelenium.Parameterized" name="TestCase4" time="0.000"/>
  <testcase classname="seleniumpractice.WaitsInSelenium.Parameterized" name="TestCase4" time="0.001"/>
  <testcase classname="seleniumpractice.WaitsInSelenium.Parameterized" name="TestCase4" time="0.000"/>
  <testcase classname="seleniumpractice.WaitsInSelenium.Parameterized" name="TestCase4" time="0.000"/>
  <testcase classname="seleniumpractice.WaitsInSelenium.Parameterized" name="TestCase4" time="0.000"/>
  <testcase classname="seleniumpractice.WaitsInSelenium.Parameterized" name="TestCase4" time="0.000"/>
  <testcase classname="seleniumpractice.WaitsInSelenium.Parameterized" name="TestCase4" time="0.001"/>
  <testcase classname="seleniumpractice.WaitsInSelenium.Parameterized" name="TestCase4" time="0.000"/>
  <testcase classname="seleniumpractice.WaitsInSelenium.Parameterized" name="TestCase4" time="0.000"/>
  <testcase classname="seleniumpractice.WaitsInSelenium.Parameterized" name="TestCase4" time="0.002"/>
  <testcase classname="seleniumpractice.WaitsInSelenium.Parameterized" name="TestCase4" time="0.000"/>
  <testcase classname="seleniumpractice.WaitsInSelenium.Parameterized" name="TestCase4" time="0.000"/>
  <testcase classname="seleniumpractice.WaitsInSelenium.Parameterized" name="TestCase4" time="0.001"/>
  <testcase classname="seleniumpractice.WaitsInSelenium.Parameterized" name="TestCase4" time="0.000"/>
  <testcase classname="seleniumpractice.WaitsInSelenium.Parameterized" name="TestCase4" time="0.000"/>
  <testcase classname="seleniumpractice.WaitsInSelenium.Parameterized" name="TestCase4" time="0.001"/>
  <testcase classname="seleniumpractice.WaitsInSelenium.Parameterized" name="TestCase4" time="0.000"/>
  <testcase classname="seleniumpractice.WaitsInSelenium.Parameterized" name="TestCase4" time="0.000"/>
  <testcase classname="seleniumpractice.WaitsInSelenium.Parameterized" name="TestCase4" time="0.000"/>
  <testcase classname="seleniumpractice.WaitsInSelenium.Parameterized" name="TestCase4" time="0.000"/>
  <testcase classname="seleniumpractice.WaitsInSelenium.Parameterized" name="TestCase4" time="0.000"/>
  <testcase classname="seleniumpractice.WaitsInSelenium.Parameterized" name="TestCase4" time="0.000"/>
  <testcase classname="seleniumpractice.WaitsInSelenium.Parameterized" name="TestCase4" time="0.000"/>
  <testcase classname="seleniumpractice.WaitsInSelenium.Parameterized" name="TestCase4" time="0.001"/>
  <testcase classname="seleniumpractice.WaitsInSelenium.Parameterized" name="TestCase4" time="0.000"/>
  <testcase classname="seleniumpractice.WaitsInSelenium.Parameterized" name="TestCase4" time="0.000"/>
  <testcase classname="seleniumpractice.WaitsInSelenium.Parameterized" name="TestCase4" time="0.001"/>
  <testcase classname="seleniumpractice.WaitsInSelenium.Parameterized" name="TestCase4" time="0.001"/>
  <testcase classname="seleniumpractice.WaitsInSelenium.Parameterized" name="TestCase4" time="0.000"/>
  <testcase classname="seleniumpractice.WaitsInSelenium.Parameterized" name="TestCase4" time="0.000"/>
  <testcase classname="seleniumpractice.WaitsInSelenium.Parameterized" name="TestCase4" time="0.001"/>
  <testcase classname="seleniumpractice.WaitsInSelenium.Parameterized" name="TestCase4" time="0.000"/>
  <testcase classname="seleniumpractice.WaitsInSelenium.Parameterized" name="TestCase4" time="0.002"/>
  <testcase classname="seleniumpractice.WaitsInSelenium.Parameterized" name="TestCase4" time="0.001"/>
  <testcase classname="seleniumpractice.WaitsInSelenium.Parameterized" name="TestCase4" time="0.000"/>
  <testcase classname="seleniumpractice.WaitsInSelenium.Parameterized" name="TestCase4" time="0.000"/>
  <testcase classname="seleniumpractice.WaitsInSelenium.Parameterized" name="TestCase4" time="0.000"/>
  <testcase classname="seleniumpractice.WaitsInSelenium.Parameterized" name="TestCase4" time="0.001"/>
  <testcase classname="seleniumpractice.WaitsInSelenium.Parameterized" name="TestCase4" time="0.001"/>
  <testcase classname="seleniumpractice.WaitsInSelenium.Parameterized" name="TestCase4" time="0.001"/>
  <testcase classname="seleniumpractice.WaitsInSelenium.Parameterized" name="TestCase4" time="0.000"/>
  <testcase classname="seleniumpractice.WaitsInSelenium.Parameterized" name="TestCase4" time="0.001"/>
  <testcase classname="seleniumpractice.WaitsInSelenium.Parameterized" name="TestCase4" time="0.000"/>
  <testcase classname="seleniumpractice.WaitsInSelenium.Parameterized" name="TestCase4" time="0.000"/>
  <testcase classname="seleniumpractice.WaitsInSelenium.Parameterized" name="TestCase4" time="0.001"/>
  <testcase classname="seleniumpractice.WaitsInSelenium.Parameterized" name="TestCase4" time="0.001"/>
  <testcase classname="seleniumpractice.WaitsInSelenium.Parameterized" name="TestCase4" time="0.000"/>
  <testcase classname="seleniumpractice.WaitsInSelenium.Parameterized" name="TestCase4" time="0.000"/>
  <testcase classname="seleniumpractice.WaitsInSelenium.Parameterized" name="TestCase4" time="0.000"/>
  <testcase classname="seleniumpractice.WaitsInSelenium.Parameterized" name="TestCase4" time="0.000"/>
  <testcase classname="seleniumpractice.WaitsInSelenium.Parameterized" name="TestCase4" time="0.000"/>
  <testcase classname="seleniumpractice.WaitsInSelenium.Parameterized" name="TestCase4" time="0.001"/>
  <testcase classname="seleniumpractice.WaitsInSelenium.Parameterized" name="TestCase4" time="0.001"/>
  <testcase classname="seleniumpractice.WaitsInSelenium.Parameterized" name="TestCase4" time="0.001"/>
  <testcase classname="seleniumpractice.WaitsInSelenium.Parameterized" name="TestCase4" time="0.000"/>
  <testcase classname="seleniumpractice.WaitsInSelenium.Parameterized" name="TestCase4" time="0.000"/>
  <testcase classname="seleniumpractice.WaitsInSelenium.Parameterized" name="TestCase4" time="0.000"/>
  <testcase classname="seleniumpractice.WaitsInSelenium.Parameterized" name="TestCase4" time="0.000"/>
  <testcase classname="seleniumpractice.WaitsInSelenium.Parameterized" name="TestCase4" time="0.001"/>
  <testcase classname="seleniumpractice.WaitsInSelenium.Parameterized" name="TestCase4" time="0.000"/>
  <testcase classname="seleniumpractice.WaitsInSelenium.Parameterized" name="TestCase4" time="0.001"/>
  <testcase classname="seleniumpractice.WaitsInSelenium.Parameterized" name="TestCase4" time="0.000"/>
  <testcase classname="seleniumpractice.WaitsInSelenium.Parameterized" name="TestCase4" time="0.000"/>
  <testcase classname="seleniumpractice.WaitsInSelenium.Parameterized" name="TestCase4" time="0.001"/>
  <testcase classname="seleniumpractice.WaitsInSelenium.Parameterized" name="TestCase4" time="0.001"/>
  <testcase classname="seleniumpractice.WaitsInSelenium.Parameterized" name="TestCase4" time="0.000"/>
  <testcase classname="seleniumpractice.WaitsInSelenium.Parameterized" name="TestCase4" time="0.000"/>
  <testcase classname="seleniumpractice.WaitsInSelenium.Parameterized" name="TestCase4" time="0.000"/>
  <testcase classname="seleniumpractice.WaitsInSelenium.Parameterized" name="TestCase4" time="0.001"/>
  <testcase classname="seleniumpractice.WaitsInSelenium.Parameterized" name="TestCase4" time="0.000"/>
  <testcase classname="seleniumpractice.WaitsInSelenium.Parameterized" name="TestCase4" time="0.000"/>
  <testcase classname="seleniumpractice.WaitsInSelenium.Parameterized" name="TestCase4" time="0.001"/>
  <testcase classname="seleniumpractice.WaitsInSelenium.Parameterized" name="TestCase4" time="0.000"/>
  <testcase classname="seleniumpractice.WaitsInSelenium.Parameterized" name="TestCase4" time="0.000"/>
  <testcase classname="seleniumpractice.WaitsInSelenium.Parameterized" name="TestCase4" time="0.000"/>
  <testcase classname="seleniumpractice.WaitsInSelenium.Parameterized" name="TestCase4" time="0.001"/>
  <testcase classname="seleniumpractice.WaitsInSelenium.Parameterized" name="TestCase4" time="0.000"/>
  <testcase classname="seleniumpractice.WaitsInSelenium.Parameterized" name="TestCase4" time="0.000"/>
  <testcase classname="seleniumpractice.WaitsInSelenium.Parameterized" name="TestCase4" time="0.000"/>
  <testcase classname="seleniumpractice.WaitsInSelenium.Parameterized" name="TestCase4" time="0.000"/>
  <testcase classname="seleniumpractice.WaitsInSelenium.Parameterized" name="TestCase4" time="0.000"/>
  <testcase classname="seleniumpractice.WaitsInSelenium.Parameterized" name="TestCase4" time="0.002"/>
  <testcase classname="seleniumpractice.WaitsInSelenium.Parameterized" name="TestCase4" time="0.000"/>
  <testcase classname="seleniumpractice.WaitsInSelenium.Parameterized" name="TestCase4" time="0.000"/>
  <testcase classname="seleniumpractice.WaitsInSelenium.Parameterized" name="TestCase4" time="0.001"/>
  <testcase classname="seleniumpractice.WaitsInSelenium.Parameterized" name="TestCase4" time="0.001"/>
  <testcase classname="seleniumpractice.WaitsInSelenium.Parameterized" name="TestCase4" time="0.000"/>
  <testcase classname="seleniumpractice.WaitsInSelenium.Parameterized" name="TestCase4" time="0.001"/>
  <testcase classname="seleniumpractice.WaitsInSelenium.Parameterized" name="TestCase4" time="4.695"/>
  <testcase classname="seleniumpractice.WaitsInSelenium.Parameterized" name="TestCase4" time="0.000"/>
  <testcase classname="seleniumpractice.WaitsInSelenium.Parameterized" name="TestCase4" time="0.000"/>
  <testcase classname="seleniumpractice.WaitsInSelenium.Parameterized" name="TestCase4" time="0.000"/>
  <testcase classname="seleniumpractice.WaitsInSelenium.Parameterized" name="TestCase4" time="0.000"/>
  <testcase classname="seleniumpractice.WaitsInSelenium.Parameterized" name="TestCase4" time="0.000"/>
  <testcase classname="seleniumpractice.WaitsInSelenium.Parameterized" name="TestCase4" time="0.001"/>
  <testcase classname="seleniumpractice.WaitsInSelenium.Parameterized" name="TestCase4" time="0.000"/>
  <testcase classname="seleniumpractice.WaitsInSelenium.Parameterized" name="TestCase4" time="0.001"/>
  <testcase classname="seleniumpractice.WaitsInSelenium.Parameterized" name="TestCase4" time="0.001"/>
  <testcase classname="seleniumpractice.WaitsInSelenium.Parameterized" name="TestCase4" time="0.000"/>
  <testcase classname="seleniumpractice.WaitsInSelenium.Parameterized" name="TestCase4" time="0.000"/>
  <testcase classname="seleniumpractice.WaitsInSelenium.Parameterized" name="TestCase4" time="0.000"/>
  <testcase classname="seleniumpractice.WaitsInSelenium.Parameterized" name="TestCase4" time="0.000"/>
  <testcase classname="seleniumpractice.WaitsInSelenium.Parameterized" name="TestCase4" time="0.001"/>
  <testcase classname="seleniumpractice.WaitsInSelenium.Parameterized" name="TestCase4" time="0.000"/>
  <testcase classname="seleniumpractice.WaitsInSelenium.Parameterized" name="TestCase4" time="0.000"/>
  <testcase classname="seleniumpractice.WaitsInSelenium.Parameterized" name="TestCase4" time="0.000"/>
  <testcase classname="seleniumpractice.WaitsInSelenium.Parameterized" name="TestCase4" time="0.000"/>
  <testcase classname="seleniumpractice.WaitsInSelenium.Parameterized" name="TestCase4" time="0.000"/>
  <testcase classname="seleniumpractice.WaitsInSelenium.Parameterized" name="TestCase4" time="0.000"/>
  <testcase classname="seleniumpractice.WaitsInSelenium.Parameterized" name="TestCase4" time="0.001"/>
  <testcase classname="seleniumpractice.WaitsInSelenium.Parameterized" name="TestCase4" time="0.001"/>
  <testcase classname="seleniumpractice.WaitsInSelenium.Parameterized" name="TestCase4" time="0.000"/>
  <testcase classname="seleniumpractice.WaitsInSelenium.Parameterized" name="TestCase4" time="0.001"/>
  <testcase classname="seleniumpractice.WaitsInSelenium.Parameterized" name="TestCase4" time="0.001"/>
  <testcase classname="seleniumpractice.WaitsInSelenium.Parameterized" name="TestCase4" time="0.000"/>
  <testcase classname="seleniumpractice.WaitsInSelenium.Parameterized" name="TestCase4" time="0.000"/>
  <testcase classname="seleniumpractice.WaitsInSelenium.Parameterized" name="TestCase4" time="0.002"/>
  <testcase classname="seleniumpractice.WaitsInSelenium.Parameterized" name="TestCase4" time="0.000"/>
  <testcase classname="seleniumpractice.WaitsInSelenium.Parameterized" name="TestCase4" time="0.001"/>
  <testcase classname="seleniumpractice.WaitsInSelenium.Parameterized" name="TestCase4" time="0.000"/>
  <testcase classname="seleniumpractice.WaitsInSelenium.Parameterized" name="TestCase4" time="0.000"/>
  <testcase classname="seleniumpractice.WaitsInSelenium.Parameterized" name="TestCase4" time="0.000"/>
  <testcase classname="seleniumpractice.WaitsInSelenium.Parameterized" name="TestCase4" time="0.000"/>
  <testcase classname="seleniumpractice.WaitsInSelenium.Parameterized" name="TestCase4" time="0.000"/>
  <testcase classname="seleniumpractice.WaitsInSelenium.Parameterized" name="TestCase4" time="0.000"/>
  <testcase classname="seleniumpractice.WaitsInSelenium.Parameterized" name="TestCase4" time="0.000"/>
  <testcase classname="seleniumpractice.WaitsInSelenium.Parameterized" name="TestCase4" time="0.000"/>
  <testcase classname="seleniumpractice.WaitsInSelenium.Parameterized" name="TestCase4" time="0.000"/>
  <testcase classname="seleniumpractice.WaitsInSelenium.Parameterized" name="TestCase4" time="0.001"/>
  <testcase classname="seleniumpractice.WaitsInSelenium.Parameterized" name="TestCase4" time="0.001"/>
  <testcase classname="seleniumpractice.WaitsInSelenium.Parameterized" name="TestCase4" time="0.000"/>
  <testcase classname="seleniumpractice.WaitsInSelenium.Parameterized" name="TestCase4" time="0.000"/>
  <testcase classname="seleniumpractice.WaitsInSelenium.Parameterized" name="TestCase4" time="0.000"/>
  <testcase classname="seleniumpractice.WaitsInSelenium.Parameterized" name="TestCase4" time="0.000"/>
  <testcase classname="seleniumpractice.WaitsInSelenium.Parameterized" name="TestCase4" time="0.001"/>
  <testcase classname="seleniumpractice.WaitsInSelenium.Parameterized" name="TestCase4" time="0.000"/>
  <testcase classname="seleniumpractice.WaitsInSelenium.Parameterized" name="TestCase4" time="0.001"/>
  <testcase classname="seleniumpractice.WaitsInSelenium.Parameterized" name="TestCase4" time="0.001"/>
  <testcase classname="seleniumpractice.WaitsInSelenium.Parameterized" name="TestCase4" time="0.000"/>
  <testcase classname="seleniumpractice.WaitsInSelenium.Parameterized" name="TestCase4" time="0.001"/>
  <testcase classname="seleniumpractice.WaitsInSelenium.Parameterized" name="TestCase4" time="0.000"/>
  <testcase classname="seleniumpractice.WaitsInSelenium.Parameterized" name="TestCase4" time="0.001"/>
  <testcase classname="seleniumpractice.WaitsInSelenium.Parameterized" name="TestCase4" time="0.000"/>
  <testcase classname="seleniumpractice.WaitsInSelenium.Parameterized" name="TestCase4" time="0.001"/>
  <testcase classname="seleniumpractice.WaitsInSelenium.Parameterized" name="TestCase4" time="0.000"/>
  <testcase classname="seleniumpractice.WaitsInSelenium.Parameterized" name="TestCase4" time="0.000"/>
  <testcase classname="seleniumpractice.WaitsInSelenium.Parameterized" name="TestCase4" time="0.000"/>
  <testcase classname="seleniumpractice.WaitsInSelenium.Parameterized" name="TestCase4" time="0.000"/>
  <testcase classname="seleniumpractice.WaitsInSelenium.Parameterized" name="TestCase4" time="0.000"/>
  <testcase classname="seleniumpractice.WaitsInSelenium.Parameterized" name="TestCase4" time="0.000"/>
  <testcase classname="seleniumpractice.WaitsInSelenium.Parameterized" name="TestCase4" time="0.000"/>
  <testcase classname="seleniumpractice.WaitsInSelenium.Parameterized" name="TestCase4" time="0.001"/>
  <testcase classname="seleniumpractice.WaitsInSelenium.Parameterized" name="TestCase4" time="0.000"/>
  <testcase classname="seleniumpractice.WaitsInSelenium.Parameterized" name="TestCase4" time="0.000"/>
  <testcase classname="seleniumpractice.WaitsInSelenium.Parameterized" name="TestCase4" time="0.001"/>
  <testcase classname="seleniumpractice.WaitsInSelenium.Parameterized" name="TestCase4" time="0.001"/>
  <testcase classname="seleniumpractice.WaitsInSelenium.Parameterized" name="TestCase4" time="0.000"/>
  <testcase classname="seleniumpractice.WaitsInSelenium.Parameterized" name="TestCase4" time="0.000"/>
  <testcase classname="seleniumpractice.WaitsInSelenium.Parameterized" name="TestCase4" time="0.001"/>
  <testcase classname="seleniumpractice.WaitsInSelenium.Parameterized" name="TestCase4" time="0.000"/>
  <testcase classname="seleniumpractice.WaitsInSelenium.Parameterized" name="TestCase4" time="0.001"/>
  <testcase classname="seleniumpractice.WaitsInSelenium.Parameterized" name="TestCase4" time="0.000"/>
  <testcase classname="seleniumpractice.WaitsInSelenium.Parameterized" name="TestCase4" time="0.000"/>
  <testcase classname="seleniumpractice.WaitsInSelenium.Parameterized" name="TestCase4" time="0.000"/>
  <testcase classname="seleniumpractice.WaitsInSelenium.Parameterized" name="TestCase4" time="0.000"/>
  <testcase classname="seleniumpractice.WaitsInSelenium.Parameterized" name="TestCase4" time="0.001"/>
  <testcase classname="seleniumpractice.WaitsInSelenium.Parameterized" name="TestCase4" time="0.000"/>
  <testcase classname="seleniumpractice.WaitsInSelenium.Parameterized" name="TestCase4" time="0.000"/>
  <testcase classname="seleniumpractice.WaitsInSelenium.Parameterized" name="TestCase4" time="0.000"/>
  <testcase classname="seleniumpractice.WaitsInSelenium.Parameterized" name="TestCase4" time="0.001"/>
  <testcase classname="seleniumpractice.WaitsInSelenium.Parameterized" name="TestCase4" time="0.001"/>
  <testcase classname="seleniumpractice.WaitsInSelenium.Parameterized" name="TestCase4" time="0.000"/>
  <testcase classname="seleniumpractice.WaitsInSelenium.Parameterized" name="TestCase4" time="0.000"/>
  <testcase classname="seleniumpractice.WaitsInSelenium.Parameterized" name="TestCase4" time="0.000"/>
  <testcase classname="seleniumpractice.WaitsInSelenium.Parameterized" name="TestCase4" time="0.000"/>
  <testcase classname="seleniumpractice.WaitsInSelenium.Parameterized" name="TestCase4" time="0.000"/>
  <testcase classname="seleniumpractice.WaitsInSelenium.Parameterized" name="TestCase4" time="0.002"/>
  <testcase classname="seleniumpractice.WaitsInSelenium.Parameterized" name="TestCase4" time="0.000"/>
  <testcase classname="seleniumpractice.WaitsInSelenium.Parameterized" name="TestCase4" time="0.001"/>
  <testcase classname="seleniumpractice.WaitsInSelenium.Parameterized" name="TestCase4" time="0.001"/>
  <testcase classname="seleniumpractice.WaitsInSelenium.Parameterized" name="TestCase4" time="0.001"/>
  <testcase classname="seleniumpractice.WaitsInSelenium.Parameterized" name="TestCase4" time="0.001"/>
  <testcase classname="seleniumpractice.WaitsInSelenium.Parameterized" name="TestCase4" time="0.001"/>
  <testcase classname="seleniumpractice.WaitsInSelenium.Parameterized" name="TestCase4" time="0.000"/>
  <testcase classname="seleniumpractice.WaitsInSelenium.Parameterized" name="TestCase4" time="0.001"/>
  <testcase classname="seleniumpractice.WaitsInSelenium.Parameterized" name="TestCase4" time="0.000"/>
  <testcase classname="seleniumpractice.WaitsInSelenium.Parameterized" name="TestCase4" time="0.000"/>
  <testcase classname="seleniumpractice.WaitsInSelenium.Parameterized" name="TestCase4" time="0.000"/>
  <testcase classname="seleniumpractice.WaitsInSelenium.Parameterized" name="TestCase4" time="0.000"/>
  <testcase classname="seleniumpractice.WaitsInSelenium.Parameterized" name="TestCase4" time="0.000"/>
  <testcase classname="seleniumpractice.WaitsInSelenium.Parameterized" name="TestCase4" time="0.001"/>
  <testcase classname="seleniumpractice.WaitsInSelenium.Parameterized" name="TestCase4" time="0.000"/>
  <testcase classname="seleniumpractice.WaitsInSelenium.Parameterized" name="TestCase4" time="0.000"/>
  <testcase classname="seleniumpractice.WaitsInSelenium.Parameterized" name="TestCase4" time="0.000"/>
  <testcase classname="seleniumpractice.WaitsInSelenium.Parameterized" name="TestCase4" time="0.000"/>
  <testcase classname="seleniumpractice.WaitsInSelenium.Parameterized" name="TestCase4" time="0.001"/>
  <testcase classname="seleniumpractice.WaitsInSelenium.Parameterized" name="TestCase4" time="0.000"/>
  <testcase classname="seleniumpractice.WaitsInSelenium.Parameterized" name="TestCase4" time="0.001"/>
  <testcase classname="seleniumpractice.WaitsInSelenium.Parameterized" name="TestCase4" time="0.000"/>
  <testcase classname="seleniumpractice.WaitsInSelenium.Parameterized" name="TestCase4" time="0.000"/>
  <testcase classname="seleniumpractice.WaitsInSelenium.Parameterized" name="TestCase4" time="0.000"/>
  <testcase classname="seleniumpractice.WaitsInSelenium.Parameterized" name="TestCase4" time="0.000"/>
  <testcase classname="seleniumpractice.WaitsInSelenium.Parameterized" name="TestCase4" time="0.000"/>
  <testcase classname="seleniumpractice.WaitsInSelenium.Parameterized" name="TestCase4" time="0.000"/>
  <testcase classname="seleniumpractice.WaitsInSelenium.Parameterized" name="TestCase4" time="0.000"/>
  <testcase classname="seleniumpractice.WaitsInSelenium.Parameterized" name="TestCase4" time="0.001"/>
  <testcase classname="seleniumpractice.WaitsInSelenium.Parameterized" name="TestCase4" time="0.001"/>
  <testcase classname="seleniumpractice.WaitsInSelenium.Parameterized" name="TestCase4" time="0.000"/>
  <testcase classname="seleniumpractice.WaitsInSelenium.Parameterized" name="TestCase4" time="0.000"/>
  <testcase classname="seleniumpractice.WaitsInSelenium.Parameterized" name="TestCase4" time="0.000"/>
  <testcase classname="seleniumpractice.WaitsInSelenium.Parameterized" name="TestCase4" time="0.001"/>
  <testcase classname="seleniumpractice.WaitsInSelenium.Parameterized" name="TestCase4" time="0.000"/>
  <testcase classname="seleniumpractice.WaitsInSelenium.Parameterized" name="TestCase4" time="0.001"/>
  <testcase classname="seleniumpractice.WaitsInSelenium.Parameterized" name="TestCase4" time="0.000"/>
  <testcase classname="seleniumpractice.WaitsInSelenium.Parameterized" name="TestCase4" time="0.000"/>
  <testcase classname="seleniumpractice.WaitsInSelenium.Parameterized" name="TestCase4" time="0.000"/>
  <testcase classname="seleniumpractice.WaitsInSelenium.Parameterized" name="TestCase4" time="0.000"/>
  <testcase classname="seleniumpractice.WaitsInSelenium.Parameterized" name="TestCase4" time="0.000"/>
  <testcase classname="seleniumpractice.WaitsInSelenium.Parameterized" name="TestCase4" time="0.000"/>
  <testcase classname="seleniumpractice.WaitsInSelenium.Parameterized" name="TestCase4" time="0.000"/>
  <testcase classname="seleniumpractice.WaitsInSelenium.Parameterized" name="TestCase4" time="0.001"/>
  <testcase classname="seleniumpractice.WaitsInSelenium.Parameterized" name="TestCase4" time="0.000"/>
  <testcase classname="seleniumpractice.WaitsInSelenium.Parameterized" name="TestCase4" time="0.001"/>
  <testcase classname="seleniumpractice.WaitsInSelenium.Parameterized" name="TestCase4" time="0.001"/>
  <testcase classname="seleniumpractice.WaitsInSelenium.Parameterized" name="TestCase4" time="0.000"/>
  <testcase classname="seleniumpractice.WaitsInSelenium.Parameterized" name="TestCase4" time="0.000"/>
  <testcase classname="seleniumpractice.WaitsInSelenium.Parameterized" name="TestCase4" time="0.000"/>
  <testcase classname="seleniumpractice.WaitsInSelenium.Parameterized" name="TestCase4" time="0.000"/>
  <testcase classname="seleniumpractice.WaitsInSelenium.Parameterized" name="TestCase4" time="0.001"/>
  <testcase classname="seleniumpractice.WaitsInSelenium.Parameterized" name="TestCase4" time="0.000"/>
  <testcase classname="seleniumpractice.WaitsInSelenium.Parameterized" name="TestCase4" time="0.000"/>
  <testcase classname="seleniumpractice.WaitsInSelenium.Parameterized" name="TestCase4" time="0.000"/>
  <testcase classname="seleniumpractice.WaitsInSelenium.Parameterized" name="TestCase4" time="0.001"/>
  <testcase classname="seleniumpractice.WaitsInSelenium.Parameterized" name="TestCase4" time="0.001"/>
  <testcase classname="seleniumpractice.WaitsInSelenium.Parameterized" name="TestCase4" time="0.000"/>
  <testcase classname="seleniumpractice.WaitsInSelenium.Parameterized" name="TestCase4" time="0.000"/>
  <testcase classname="seleniumpractice.WaitsInSelenium.Parameterized" name="TestCase4" time="0.000"/>
  <testcase classname="seleniumpractice.WaitsInSelenium.Parameterized" name="TestCase4" time="0.001"/>
  <testcase classname="seleniumpractice.WaitsInSelenium.Parameterized" name="TestCase4" time="0.000"/>
  <testcase classname="seleniumpractice.WaitsInSelenium.Parameterized" name="TestCase4" time="0.001"/>
  <testcase classname="seleniumpractice.WaitsInSelenium.Parameterized" name="TestCase4" time="0.000"/>
  <testcase classname="seleniumpractice.WaitsInSelenium.Parameterized" name="TestCase4" time="0.000"/>
  <testcase classname="seleniumpractice.WaitsInSelenium.Parameterized" name="TestCase4" time="0.000"/>
  <testcase classname="seleniumpractice.WaitsInSelenium.Parameterized" name="TestCase4" time="0.000"/>
  <testcase classname="seleniumpractice.WaitsInSelenium.Parameterized" name="TestCase4" time="0.000"/>
  <testcase classname="seleniumpractice.WaitsInSelenium.Parameterized" name="TestCase4" time="0.000"/>
  <testcase classname="seleniumpractice.WaitsInSelenium.Parameterized" name="TestCase4" time="0.000"/>
  <testcase classname="seleniumpractice.WaitsInSelenium.Parameterized" name="TestCase4" time="0.000"/>
  <testcase classname="seleniumpractice.WaitsInSelenium.Parameterized" name="TestCase4" time="0.001"/>
  <testcase classname="seleniumpractice.WaitsInSelenium.Parameterized" name="TestCase4" time="0.000"/>
  <testcase classname="seleniumpractice.WaitsInSelenium.Parameterized" name="TestCase4" time="0.001"/>
  <testcase classname="seleniumpractice.WaitsInSelenium.Parameterized" name="TestCase4" time="0.000"/>
  <testcase classname="seleniumpractice.WaitsInSelenium.Parameterized" name="TestCase4" time="0.001"/>
  <testcase classname="seleniumpractice.WaitsInSelenium.Parameterized" name="TestCase4" time="0.000"/>
  <testcase classname="seleniumpractice.WaitsInSelenium.Parameterized" name="TestCase4" time="0.000"/>
  <testcase classname="seleniumpractice.WaitsInSelenium.Parameterized" name="TestCase4" time="0.000"/>
  <testcase classname="seleniumpractice.WaitsInSelenium.Parameterized" name="TestCase4" time="0.001"/>
  <testcase classname="seleniumpractice.WaitsInSelenium.Parameterized" name="TestCase4" time="0.000"/>
  <testcase classname="seleniumpractice.WaitsInSelenium.Parameterized" name="TestCase4" time="0.000"/>
  <testcase classname="seleniumpractice.WaitsInSelenium.Parameterized" name="TestCase4" time="0.000"/>
  <testcase classname="seleniumpractice.WaitsInSelenium.Parameterized" name="TestCase4" time="0.001"/>
  <testcase classname="seleniumpractice.WaitsInSelenium.Parameterized" name="TestCase4" time="0.000"/>
  <testcase classname="seleniumpractice.WaitsInSelenium.Parameterized" name="TestCase4" time="0.000"/>
  <testcase classname="seleniumpractice.WaitsInSelenium.Parameterized" name="TestCase4" time="0.001"/>
  <testcase classname="seleniumpractice.WaitsInSelenium.Parameterized" name="TestCase4" time="0.000"/>
  <testcase classname="seleniumpractice.WaitsInSelenium.Parameterized" name="TestCase4" time="0.000"/>
  <testcase classname="seleniumpractice.WaitsInSelenium.Parameterized" name="TestCase4" time="0.001"/>
  <testcase classname="seleniumpractice.WaitsInSelenium.Parameterized" name="TestCase4" time="0.001"/>
  <testcase classname="seleniumpractice.WaitsInSelenium.Parameterized" name="TestCase4" time="0.000"/>
  <testcase classname="seleniumpractice.WaitsInSelenium.Parameterized" name="TestCase4" time="0.002"/>
  <testcase classname="seleniumpractice.WaitsInSelenium.Parameterized" name="TestCase4" time="0.001"/>
  <testcase classname="seleniumpractice.WaitsInSelenium.Parameterized" name="TestCase4" time="0.000"/>
  <testcase classname="seleniumpractice.WaitsInSelenium.Parameterized" name="TestCase4" time="0.001"/>
  <testcase classname="seleniumpractice.WaitsInSelenium.Parameterized" name="TestCase4" time="0.001"/>
  <testcase classname="seleniumpractice.WaitsInSelenium.Parameterized" name="TestCase4" time="0.000"/>
  <testcase classname="seleniumpractice.WaitsInSelenium.Parameterized" name="TestCase4" time="0.000"/>
  <testcase classname="seleniumpractice.WaitsInSelenium.Parameterized" name="TestCase4" time="0.000"/>
  <testcase classname="seleniumpractice.WaitsInSelenium.Parameterized" name="TestCase4" time="0.000"/>
  <testcase classname="seleniumpractice.WaitsInSelenium.Parameterized" name="TestCase4" time="0.000"/>
  <testcase classname="seleniumpractice.WaitsInSelenium.Parameterized" name="TestCase4" time="0.000"/>
  <testcase classname="seleniumpractice.WaitsInSelenium.Parameterized" name="TestCase4" time="0.000"/>
  <testcase classname="seleniumpractice.WaitsInSelenium.Parameterized" name="TestCase4" time="0.000"/>
  <testcase classname="seleniumpractice.WaitsInSelenium.Parameterized" name="TestCase4" time="0.000"/>
  <testcase classname="seleniumpractice.WaitsInSelenium.Parameterized" name="TestCase4" time="0.001"/>
  <testcase classname="seleniumpractice.WaitsInSelenium.Parameterized" name="TestCase4" time="0.000"/>
  <testcase classname="seleniumpractice.WaitsInSelenium.Parameterized" name="TestCase4" time="0.001"/>
  <testcase classname="seleniumpractice.WaitsInSelenium.Parameterized" name="TestCase4" time="0.000"/>
  <testcase classname="seleniumpractice.WaitsInSelenium.Parameterized" name="TestCase4" time="0.000"/>
  <testcase classname="seleniumpractice.WaitsInSelenium.Parameterized" name="TestCase4" time="0.000"/>
  <testcase classname="seleniumpractice.WaitsInSelenium.Parameterized" name="TestCase4" time="0.002"/>
  <testcase classname="seleniumpractice.WaitsInSelenium.Parameterized" name="TestCase4" time="0.001"/>
  <testcase classname="seleniumpractice.WaitsInSelenium.Parameterized" name="TestCase4" time="0.001"/>
  <testcase classname="seleniumpractice.WaitsInSelenium.Parameterized" name="TestCase4" time="0.000"/>
  <testcase classname="seleniumpractice.WaitsInSelenium.Parameterized" name="TestCase4" time="0.000"/>
  <testcase classname="seleniumpractice.WaitsInSelenium.Parameterized" name="TestCase4" time="0.000"/>
  <testcase classname="seleniumpractice.WaitsInSelenium.Parameterized" name="TestCase4" time="0.001"/>
  <testcase classname="seleniumpractice.WaitsInSelenium.Parameterized" name="TestCase4" time="0.000"/>
  <testcase classname="seleniumpractice.WaitsInSelenium.Parameterized" name="TestCase4" time="0.001"/>
  <testcase classname="seleniumpractice.WaitsInSelenium.Parameterized" name="TestCase4" time="0.001"/>
  <testcase classname="seleniumpractice.WaitsInSelenium.Parameterized" name="TestCase4" time="0.000"/>
  <testcase classname="seleniumpractice.WaitsInSelenium.Parameterized" name="TestCase4" time="0.000"/>
  <testcase classname="seleniumpractice.WaitsInSelenium.Parameterized" name="TestCase4" time="0.000"/>
  <testcase classname="seleniumpractice.WaitsInSelenium.Parameterized" name="TestCase4" time="0.000"/>
  <testcase classname="seleniumpractice.WaitsInSelenium.Parameterized" name="TestCase4" time="0.000"/>
  <testcase classname="seleniumpractice.WaitsInSelenium.Parameterized" name="TestCase4" time="0.000"/>
  <testcase classname="seleniumpractice.WaitsInSelenium.Parameterized" name="TestCase4" time="0.000"/>
  <testcase classname="seleniumpractice.WaitsInSelenium.Parameterized" name="TestCase4" time="0.000"/>
  <testcase classname="seleniumpractice.WaitsInSelenium.Parameterized" name="TestCase4" time="0.000"/>
  <testcase classname="seleniumpractice.WaitsInSelenium.Parameterized" name="TestCase4" time="0.000"/>
  <testcase classname="seleniumpractice.WaitsInSelenium.Parameterized" name="TestCase4" time="0.001"/>
  <testcase classname="seleniumpractice.WaitsInSelenium.Parameterized" name="TestCase4" time="0.001"/>
  <testcase classname="seleniumpractice.WaitsInSelenium.Parameterized" name="TestCase4" time="0.000"/>
  <testcase classname="seleniumpractice.WaitsInSelenium.Parameterized" name="TestCase4" time="0.000"/>
  <testcase classname="seleniumpractice.WaitsInSelenium.Parameterized" name="TestCase4" time="0.000"/>
  <testcase classname="seleniumpractice.WaitsInSelenium.Parameterized" name="TestCase4" time="0.000"/>
  <testcase classname="seleniumpractice.WaitsInSelenium.Parameterized" name="TestCase4" time="0.000"/>
  <testcase classname="seleniumpractice.WaitsInSelenium.Parameterized" name="TestCase4" time="0.000"/>
  <testcase classname="seleniumpractice.WaitsInSelenium.Parameterized" name="TestCase4" time="0.000"/>
  <testcase classname="seleniumpractice.WaitsInSelenium.Parameterized" name="TestCase4" time="0.000"/>
  <testcase classname="seleniumpractice.WaitsInSelenium.Parameterized" name="TestCase4" time="0.000"/>
  <testcase classname="seleniumpractice.WaitsInSelenium.Parameterized" name="TestCase4" time="0.000"/>
  <testcase classname="seleniumpractice.WaitsInSelenium.Parameterized" name="TestCase4" time="0.000"/>
  <testcase classname="seleniumpractice.WaitsInSelenium.Parameterized" name="TestCase4" time="0.001"/>
  <testcase classname="seleniumpractice.WaitsInSelenium.Parameterized" name="TestCase4" time="0.000"/>
  <testcase classname="seleniumpractice.WaitsInSelenium.Parameterized" name="TestCase4" time="0.000"/>
  <testcase classname="seleniumpractice.WaitsInSelenium.Parameterized" name="TestCase4" time="0.000"/>
  <testcase classname="seleniumpractice.WaitsInSelenium.Parameterized" name="TestCase4" time="0.000"/>
  <testcase classname="seleniumpractice.WaitsInSelenium.Parameterized" name="TestCase4" time="0.001"/>
  <testcase classname="seleniumpractice.WaitsInSelenium.Parameterized" name="TestCase4" time="0.000"/>
  <testcase classname="seleniumpractice.WaitsInSelenium.Parameterized" name="TestCase4" time="0.000"/>
  <testcase classname="seleniumpractice.WaitsInSelenium.Parameterized" name="TestCase4" time="0.000"/>
  <testcase classname="seleniumpractice.WaitsInSelenium.Parameterized" name="TestCase4" time="0.001"/>
  <testcase classname="seleniumpractice.WaitsInSelenium.Parameterized" name="TestCase4" time="0.001"/>
  <testcase classname="seleniumpractice.WaitsInSelenium.Parameterized" name="TestCase4" time="0.000"/>
  <testcase classname="seleniumpractice.WaitsInSelenium.Parameterized" name="TestCase4" time="0.000"/>
  <testcase classname="seleniumpractice.WaitsInSelenium.Parameterized" name="TestCase4" time="0.001"/>
  <testcase classname="seleniumpractice.WaitsInSelenium.Parameterized" name="TestCase4" time="0.000"/>
  <testcase classname="seleniumpractice.WaitsInSelenium.Parameterized" name="TestCase4" time="0.000"/>
  <testcase classname="seleniumpractice.WaitsInSelenium.Parameterized" name="TestCase4" time="0.000"/>
  <testcase classname="seleniumpractice.WaitsInSelenium.Parameterized" name="TestCase4" time="0.000"/>
  <testcase classname="seleniumpractice.WaitsInSelenium.Parameterized" name="TestCase4" time="0.000"/>
  <testcase classname="seleniumpractice.WaitsInSelenium.Parameterized" name="TestCase4" time="0.001"/>
  <testcase classname="seleniumpractice.WaitsInSelenium.Parameterized" name="TestCase4" time="0.000"/>
  <testcase classname="seleniumpractice.WaitsInSelenium.Parameterized" name="TestCase4" time="0.002"/>
  <testcase classname="seleniumpractice.WaitsInSelenium.Parameterized" name="TestCase4" time="0.000"/>
  <testcase classname="seleniumpractice.WaitsInSelenium.Parameterized" name="TestCase4" time="0.000"/>
  <testcase classname="seleniumpractice.WaitsInSelenium.Parameterized" name="TestCase4" time="0.000"/>
  <testcase classname="seleniumpractice.WaitsInSelenium.Parameterized" name="TestCase4" time="0.000"/>
  <testcase classname="seleniumpractice.WaitsInSelenium.Parameterized" name="TestCase4" time="0.001"/>
  <testcase classname="seleniumpractice.WaitsInSelenium.Parameterized" name="TestCase4" time="0.000"/>
  <testcase classname="seleniumpractice.WaitsInSelenium.Parameterized" name="TestCase4" time="0.001"/>
  <testcase classname="seleniumpractice.WaitsInSelenium.Parameterized" name="TestCase4" time="0.001"/>
  <testcase classname="seleniumpractice.WaitsInSelenium.Parameterized" name="TestCase4" time="0.000"/>
  <testcase classname="seleniumpractice.WaitsInSelenium.Parameterized" name="TestCase4" time="0.000"/>
  <testcase classname="seleniumpractice.WaitsInSelenium.Parameterized" name="TestCase4" time="0.000"/>
  <testcase classname="seleniumpractice.WaitsInSelenium.Parameterized" name="TestCase4" time="0.001"/>
  <testcase classname="seleniumpractice.WaitsInSelenium.Parameterized" name="TestCase4" time="0.000"/>
  <testcase classname="seleniumpractice.WaitsInSelenium.Parameterized" name="TestCase4" time="0.000"/>
  <testcase classname="seleniumpractice.WaitsInSelenium.Parameterized" name="TestCase4" time="0.001"/>
  <testcase classname="seleniumpractice.WaitsInSelenium.Parameterized" name="TestCase4" time="0.000"/>
  <testcase classname="seleniumpractice.WaitsInSelenium.Parameterized" name="TestCase4" time="0.000"/>
  <testcase classname="seleniumpractice.WaitsInSelenium.Parameterized" name="TestCase4" time="0.000"/>
  <testcase classname="seleniumpractice.WaitsInSelenium.Parameterized" name="TestCase4" time="0.001"/>
  <testcase classname="seleniumpractice.WaitsInSelenium.Parameterized" name="TestCase4" time="0.001"/>
  <testcase classname="seleniumpractice.WaitsInSelenium.Parameterized" name="TestCase4" time="0.000"/>
  <testcase classname="seleniumpractice.WaitsInSelenium.Parameterized" name="TestCase4" time="0.000"/>
  <testcase classname="seleniumpractice.WaitsInSelenium.Parameterized" name="TestCase4" time="0.000"/>
  <testcase classname="seleniumpractice.WaitsInSelenium.Parameterized" name="TestCase4" time="0.000"/>
  <testcase classname="seleniumpractice.WaitsInSelenium.Parameterized" name="TestCase4" time="0.000"/>
  <testcase classname="seleniumpractice.WaitsInSelenium.Parameterized" name="TestCase4" time="0.000"/>
  <testcase classname="seleniumpractice.WaitsInSelenium.Parameterized" name="TestCase4" time="0.000"/>
  <testcase classname="seleniumpractice.WaitsInSelenium.Parameterized" name="TestCase4" time="0.000"/>
  <testcase classname="seleniumpractice.WaitsInSelenium.Parameterized" name="TestCase4" time="0.001"/>
  <testcase classname="seleniumpractice.WaitsInSelenium.Parameterized" name="TestCase4" time="0.000"/>
  <testcase classname="seleniumpractice.WaitsInSelenium.Parameterized" name="TestCase4" time="0.000"/>
  <testcase classname="seleniumpractice.WaitsInSelenium.Parameterized" name="TestCase4" time="0.000"/>
  <testcase classname="seleniumpractice.WaitsInSelenium.Parameterized" name="TestCase4" time="0.000"/>
  <testcase classname="seleniumpractice.WaitsInSelenium.Parameterized" name="TestCase4" time="0.001"/>
  <testcase classname="seleniumpractice.WaitsInSelenium.Parameterized" name="TestCase4" time="0.001"/>
  <testcase classname="seleniumpractice.WaitsInSelenium.Parameterized" name="TestCase4" time="0.000"/>
  <testcase classname="seleniumpractice.WaitsInSelenium.Parameterized" name="TestCase4" time="0.000"/>
  <testcase classname="seleniumpractice.WaitsInSelenium.Parameterized" name="TestCase4" time="0.000"/>
  <testcase classname="seleniumpractice.WaitsInSelenium.Parameterized" name="TestCase4" time="0.000"/>
  <testcase classname="seleniumpractice.WaitsInSelenium.Parameterized" name="TestCase4" time="0.000"/>
  <testcase classname="seleniumpractice.WaitsInSelenium.Parameterized" name="TestCase4" time="0.001"/>
  <testcase classname="seleniumpractice.WaitsInSelenium.Parameterized" name="TestCase4" time="0.000"/>
  <testcase classname="seleniumpractice.WaitsInSelenium.Parameterized" name="TestCase4" time="0.001"/>
  <testcase classname="seleniumpractice.WaitsInSelenium.Parameterized" name="TestCase4" time="0.000"/>
  <testcase classname="seleniumpractice.WaitsInSelenium.Parameterized" name="TestCase4" time="0.000"/>
  <testcase classname="seleniumpractice.WaitsInSelenium.Parameterized" name="TestCase4" time="0.000"/>
  <testcase classname="seleniumpractice.WaitsInSelenium.Parameterized" name="TestCase4" time="0.000"/>
  <testcase classname="seleniumpractice.WaitsInSelenium.Parameterized" name="TestCase4" time="0.000"/>
  <testcase classname="seleniumpractice.WaitsInSelenium.Parameterized" name="TestCase4" time="0.000"/>
  <testcase classname="seleniumpractice.WaitsInSelenium.Parameterized" name="TestCase4" time="0.000"/>
  <testcase classname="seleniumpractice.WaitsInSelenium.Parameterized" name="TestCase4" time="0.000"/>
  <testcase classname="seleniumpractice.WaitsInSelenium.Parameterized" name="TestCase4" time="0.001"/>
  <testcase classname="seleniumpractice.WaitsInSelenium.Parameterized" name="TestCase4" time="0.000"/>
  <testcase classname="seleniumpractice.WaitsInSelenium.Parameterized" name="TestCase4" time="0.001"/>
  <testcase classname="seleniumpractice.WaitsInSelenium.Parameterized" name="TestCase4" time="0.000"/>
  <testcase classname="seleniumpractice.WaitsInSelenium.Parameterized" name="TestCase4" time="0.000"/>
  <testcase classname="seleniumpractice.WaitsInSelenium.Parameterized" name="TestCase4" time="0.001"/>
  <testcase classname="seleniumpractice.WaitsInSelenium.Parameterized" name="TestCase4" time="0.001"/>
  <testcase classname="seleniumpractice.WaitsInSelenium.Parameterized" name="TestCase4" time="0.000"/>
  <testcase classname="seleniumpractice.WaitsInSelenium.Parameterized" name="TestCase4" time="0.000"/>
  <testcase classname="seleniumpractice.WaitsInSelenium.Parameterized" name="TestCase4" time="0.001"/>
  <testcase classname="seleniumpractice.WaitsInSelenium.Parameterized" name="TestCase4" time="0.002"/>
  <testcase classname="seleniumpractice.WaitsInSelenium.Parameterized" name="TestCase4" time="0.000"/>
  <testcase classname="seleniumpractice.WaitsInSelenium.Parameterized" name="TestCase4" time="0.001"/>
  <testcase classname="seleniumpractice.WaitsInSelenium.Parameterized" name="TestCase4" time="0.000"/>
  <testcase classname="seleniumpractice.WaitsInSelenium.Parameterized" name="TestCase4" time="0.000"/>
  <testcase classname="seleniumpractice.WaitsInSelenium.Parameterized" name="TestCase4" time="0.000"/>
  <testcase classname="seleniumpractice.WaitsInSelenium.Parameterized" name="TestCase4" time="0.000"/>
  <testcase classname="seleniumpractice.WaitsInSelenium.Parameterized" name="TestCase4" time="0.000"/>
  <testcase classname="seleniumpractice.WaitsInSelenium.Parameterized" name="TestCase4" time="0.000"/>
  <testcase classname="seleniumpractice.WaitsInSelenium.Parameterized" name="TestCase4" time="0.000"/>
  <testcase classname="seleniumpractice.WaitsInSelenium.Parameterized" name="TestCase4" time="0.000"/>
  <testcase classname="seleniumpractice.WaitsInSelenium.Parameterized" name="TestCase4" time="0.000"/>
  <testcase classname="seleniumpractice.WaitsInSelenium.Parameterized" name="TestCase4" time="0.000"/>
  <testcase classname="seleniumpractice.WaitsInSelenium.Parameterized" name="TestCase4" time="0.000"/>
  <testcase classname="seleniumpractice.WaitsInSelenium.Parameterized" name="TestCase4" time="0.000"/>
  <testcase classname="seleniumpractice.WaitsInSelenium.Parameterized" name="TestCase4" time="0.001"/>
  <testcase classname="seleniumpractice.WaitsInSelenium.Parameterized" name="TestCase4" time="0.000"/>
  <testcase classname="seleniumpractice.WaitsInSelenium.Parameterized" name="TestCase4" time="0.000"/>
  <testcase classname="seleniumpractice.WaitsInSelenium.Parameterized" name="TestCase4" time="0.000"/>
  <testcase classname="seleniumpractice.WaitsInSelenium.Parameterized" name="TestCase4" time="0.001"/>
  <testcase classname="seleniumpractice.WaitsInSelenium.Parameterized" name="TestCase4" time="0.000"/>
  <testcase classname="seleniumpractice.WaitsInSelenium.Parameterized" name="TestCase4" time="0.000"/>
  <testcase classname="seleniumpractice.WaitsInSelenium.Parameterized" name="TestCase4" time="0.001"/>
  <testcase classname="seleniumpractice.WaitsInSelenium.Parameterized" name="TestCase4" time="0.001"/>
  <testcase classname="seleniumpractice.WaitsInSelenium.Parameterized" name="TestCase4" time="0.001"/>
  <testcase classname="seleniumpractice.WaitsInSelenium.Parameterized" name="TestCase4" time="0.000"/>
  <testcase classname="seleniumpractice.WaitsInSelenium.Parameterized" name="TestCase4" time="0.000"/>
  <testcase classname="seleniumpractice.WaitsInSelenium.Parameterized" name="TestCase4" time="0.000"/>
  <testcase classname="seleniumpractice.WaitsInSelenium.Parameterized" name="TestCase4" time="0.001"/>
  <testcase classname="seleniumpractice.WaitsInSelenium.Parameterized" name="TestCase4" time="0.000"/>
  <testcase classname="seleniumpractice.WaitsInSelenium.Parameterized" name="TestCase4" time="0.002"/>
  <testcase classname="seleniumpractice.WaitsInSelenium.Parameterized" name="TestCase4" time="0.000"/>
  <testcase classname="seleniumpractice.WaitsInSelenium.Parameterized" name="TestCase4" time="0.000"/>
  <testcase classname="seleniumpractice.WaitsInSelenium.Parameterized" name="TestCase4" time="0.000"/>
  <testcase classname="seleniumpractice.WaitsInSelenium.Parameterized" name="TestCase4" time="0.001"/>
  <testcase classname="seleniumpractice.WaitsInSelenium.Parameterized" name="TestCase4" time="0.000"/>
  <testcase classname="seleniumpractice.WaitsInSelenium.Parameterized" name="TestCase4" time="0.001"/>
  <testcase classname="seleniumpractice.WaitsInSelenium.Parameterized" name="TestCase4" time="0.000"/>
  <testcase classname="seleniumpractice.WaitsInSelenium.Parameterized" name="TestCase4" time="0.000"/>
  <testcase classname="seleniumpractice.WaitsInSelenium.Parameterized" name="TestCase4" time="0.000"/>
  <testcase classname="seleniumpractice.WaitsInSelenium.Parameterized" name="TestCase4" time="0.001"/>
  <testcase classname="seleniumpractice.WaitsInSelenium.Parameterized" name="TestCase4" time="0.001"/>
  <testcase classname="seleniumpractice.WaitsInSelenium.Parameterized" name="TestCase4" time="0.000"/>
  <testcase classname="seleniumpractice.WaitsInSelenium.Parameterized" name="TestCase4" time="0.000"/>
  <testcase classname="seleniumpractice.WaitsInSelenium.Parameterized" name="TestCase4" time="0.000"/>
  <testcase classname="seleniumpractice.WaitsInSelenium.Parameterized" name="TestCase4" time="0.000"/>
  <testcase classname="seleniumpractice.WaitsInSelenium.Parameterized" name="TestCase4" time="0.001"/>
  <testcase classname="seleniumpractice.WaitsInSelenium.Parameterized" name="TestCase4" time="0.000"/>
  <testcase classname="seleniumpractice.WaitsInSelenium.Parameterized" name="TestCase4" time="0.000"/>
  <testcase classname="seleniumpractice.WaitsInSelenium.Parameterized" name="TestCase4" time="0.000"/>
  <testcase classname="seleniumpractice.WaitsInSelenium.Parameterized" name="TestCase4" time="0.001"/>
  <testcase classname="seleniumpractice.WaitsInSelenium.Parameterized" name="TestCase4" time="0.000"/>
  <testcase classname="seleniumpractice.WaitsInSelenium.Parameterized" name="TestCase4" time="0.000"/>
  <testcase classname="seleniumpractice.WaitsInSelenium.Parameterized" name="TestCase4" time="0.000"/>
  <testcase classname="seleniumpractice.WaitsInSelenium.Parameterized" name="TestCase4" time="0.000"/>
  <testcase classname="seleniumpractice.WaitsInSelenium.Parameterized" name="TestCase4" time="0.001"/>
  <testcase classname="seleniumpractice.WaitsInSelenium.Parameterized" name="TestCase4" time="0.001"/>
  <testcase classname="seleniumpractice.WaitsInSelenium.Parameterized" name="TestCase4" time="0.000"/>
  <testcase classname="seleniumpractice.WaitsInSelenium.Parameterized" name="TestCase4" time="0.000"/>
  <testcase classname="seleniumpractice.WaitsInSelenium.Parameterized" name="TestCase4" time="0.001"/>
  <testcase classname="seleniumpractice.WaitsInSelenium.Parameterized" name="TestCase4" time="0.000"/>
  <testcase classname="seleniumpractice.WaitsInSelenium.Parameterized" name="TestCase4" time="0.001"/>
  <testcase classname="seleniumpractice.WaitsInSelenium.Parameterized" name="TestCase4" time="0.000"/>
  <testcase classname="seleniumpractice.WaitsInSelenium.Parameterized" name="TestCase4" time="0.000"/>
  <testcase classname="seleniumpractice.WaitsInSelenium.Parameterized" name="TestCase4" time="0.001"/>
  <testcase classname="seleniumpractice.WaitsInSelenium.Parameterized" name="TestCase4" time="0.000"/>
  <testcase classname="seleniumpractice.WaitsInSelenium.Parameterized" name="TestCase4" time="0.000"/>
  <testcase classname="seleniumpractice.WaitsInSelenium.Parameterized" name="TestCase4" time="0.000"/>
  <testcase classname="seleniumpractice.WaitsInSelenium.Parameterized" name="TestCase4" time="0.001"/>
  <testcase classname="seleniumpractice.WaitsInSelenium.Parameterized" name="TestCase4" time="0.000"/>
  <testcase classname="seleniumpractice.WaitsInSelenium.Parameterized" name="TestCase4" time="0.001"/>
  <testcase classname="seleniumpractice.WaitsInSelenium.Parameterized" name="TestCase4" time="0.001"/>
  <testcase classname="seleniumpractice.WaitsInSelenium.Parameterized" name="TestCase4" time="0.000"/>
  <testcase classname="seleniumpractice.WaitsInSelenium.Parameterized" name="TestCase4" time="0.000"/>
  <testcase classname="seleniumpractice.WaitsInSelenium.Parameterized" name="TestCase4" time="0.001"/>
  <testcase classname="seleniumpractice.WaitsInSelenium.Parameterized" name="TestCase4" time="0.001"/>
  <testcase classname="seleniumpractice.WaitsInSelenium.Parameterized" name="TestCase4" time="0.000"/>
  <testcase classname="seleniumpractice.WaitsInSelenium.Parameterized" name="TestCase4" time="0.000"/>
  <testcase classname="seleniumpractice.WaitsInSelenium.Parameterized" name="TestCase4" time="0.000"/>
  <testcase classname="seleniumpractice.WaitsInSelenium.Parameterized" name="TestCase4" time="0.001"/>
  <testcase classname="seleniumpractice.WaitsInSelenium.Parameterized" name="TestCase4" time="0.000"/>
  <testcase classname="seleniumpractice.WaitsInSelenium.Parameterized" name="TestCase4" time="0.000"/>
  <testcase classname="seleniumpractice.WaitsInSelenium.Parameterized" name="TestCase4" time="0.000"/>
  <testcase classname="seleniumpractice.WaitsInSelenium.Parameterized" name="TestCase4" time="0.000"/>
  <testcase classname="seleniumpractice.WaitsInSelenium.Parameterized" name="TestCase4" time="0.000"/>
  <testcase classname="seleniumpractice.WaitsInSelenium.Parameterized" name="TestCase4" time="0.001"/>
  <testcase classname="seleniumpractice.WaitsInSelenium.Parameterized" name="TestCase4" time="0.000"/>
  <testcase classname="seleniumpractice.WaitsInSelenium.Parameterized" name="TestCase4" time="0.000"/>
  <testcase classname="seleniumpractice.WaitsInSelenium.Parameterized" name="TestCase4" time="0.001"/>
  <testcase classname="seleniumpractice.WaitsInSelenium.Parameterized" name="TestCase4" time="0.000"/>
  <testcase classname="seleniumpractice.WaitsInSelenium.Parameterized" name="TestCase4" time="0.000"/>
  <testcase classname="seleniumpractice.WaitsInSelenium.Parameterized" name="TestCase4" time="0.000"/>
  <testcase classname="seleniumpractice.WaitsInSelenium.Parameterized" name="TestCase4" time="0.000"/>
  <testcase classname="seleniumpractice.WaitsInSelenium.Parameterized" name="TestCase4" time="0.000"/>
  <testcase classname="seleniumpractice.WaitsInSelenium.Parameterized" name="TestCase4" time="0.000"/>
  <testcase classname="seleniumpractice.WaitsInSelenium.Parameterized" name="TestCase4" time="0.000"/>
  <testcase classname="seleniumpractice.WaitsInSelenium.Parameterized" name="TestCase4" time="0.000"/>
  <testcase classname="seleniumpractice.WaitsInSelenium.Parameterized" name="TestCase4" time="0.001"/>
  <testcase classname="seleniumpractice.WaitsInSelenium.Parameterized" name="TestCase4" time="0.000"/>
  <testcase classname="seleniumpractice.WaitsInSelenium.Parameterized" name="TestCase4" time="0.003"/>
  <testcase classname="seleniumpractice.WaitsInSelenium.Parameterized" name="TestCase4" time="0.001"/>
  <testcase classname="seleniumpractice.WaitsInSelenium.Parameterized" name="TestCase4" time="0.000"/>
  <testcase classname="seleniumpractice.WaitsInSelenium.Parameterized" name="TestCase4" time="0.000"/>
  <testcase classname="seleniumpractice.WaitsInSelenium.Parameterized" name="TestCase4" time="0.000"/>
  <testcase classname="seleniumpractice.WaitsInSelenium.Parameterized" name="TestCase4" time="0.000"/>
  <testcase classname="seleniumpractice.WaitsInSelenium.Parameterized" name="TestCase4" time="0.000"/>
  <testcase classname="seleniumpractice.WaitsInSelenium.Parameterized" name="TestCase4" time="0.001"/>
  <testcase classname="seleniumpractice.WaitsInSelenium.Parameterized" name="TestCase4" time="0.001"/>
  <testcase classname="seleniumpractice.WaitsInSelenium.Parameterized" name="TestCase4" time="0.000"/>
  <testcase classname="seleniumpractice.WaitsInSelenium.Parameterized" name="TestCase4" time="0.001"/>
  <testcase classname="seleniumpractice.WaitsInSelenium.Parameterized" name="TestCase4" time="0.001"/>
  <testcase classname="seleniumpractice.WaitsInSelenium.Parameterized" name="TestCase4" time="0.000"/>
  <testcase classname="seleniumpractice.WaitsInSelenium.Parameterized" name="TestCase4" time="0.001"/>
  <testcase classname="seleniumpractice.WaitsInSelenium.Parameterized" name="TestCase4" time="0.000"/>
  <testcase classname="seleniumpractice.WaitsInSelenium.Parameterized" name="TestCase4" time="0.000"/>
  <testcase classname="seleniumpractice.WaitsInSelenium.Parameterized" name="TestCase4" time="0.000"/>
  <testcase classname="seleniumpractice.WaitsInSelenium.Parameterized" name="TestCase4" time="0.000"/>
  <testcase classname="seleniumpractice.WaitsInSelenium.Parameterized" name="TestCase4" time="0.000"/>
  <testcase classname="seleniumpractice.WaitsInSelenium.Parameterized" name="TestCase4" time="0.001"/>
  <testcase classname="seleniumpractice.WaitsInSelenium.Parameterized" name="TestCase4" time="0.000"/>
  <testcase classname="seleniumpractice.WaitsInSelenium.Parameterized" name="TestCase4" time="0.000"/>
  <testcase classname="seleniumpractice.WaitsInSelenium.Parameterized" name="TestCase2" time="0.001"/>
  <testcase classname="seleniumpractice.WaitsInSelenium.Parameterized" name="TestCase4" time="0.000"/>
  <testcase classname="seleniumpractice.WaitsInSelenium.Parameterized" name="TestCase4" time="0.000"/>
  <testcase classname="seleniumpractice.WaitsInSelenium.Parameterized" name="TestCase4" time="0.000"/>
  <testcase classname="seleniumpractice.WaitsInSelenium.Parameterized" name="TestCase4" time="0.001"/>
  <testcase classname="seleniumpractice.WaitsInSelenium.Parameterized" name="TestCase4" time="0.001"/>
  <testcase classname="seleniumpractice.WaitsInSelenium.Parameterized" name="TestCase4" time="0.000"/>
  <testcase classname="seleniumpractice.WaitsInSelenium.Parameterized" name="TestCase4" time="0.001"/>
  <testcase classname="seleniumpractice.WaitsInSelenium.Parameterized" name="TestCase4" time="0.000"/>
  <testcase classname="seleniumpractice.WaitsInSelenium.Parameterized" name="TestCase4" time="0.000"/>
  <testcase classname="seleniumpractice.WaitsInSelenium.Parameterized" name="TestCase4" time="0.001"/>
  <testcase classname="seleniumpractice.WaitsInSelenium.Parameterized" name="TestCase4" time="0.000"/>
  <testcase classname="seleniumpractice.WaitsInSelenium.Parameterized" name="TestCase4" time="0.000"/>
  <testcase classname="seleniumpractice.WaitsInSelenium.Parameterized" name="TestCase4" time="0.001"/>
  <testcase classname="seleniumpractice.WaitsInSelenium.Parameterized" name="TestCase4" time="0.000"/>
  <testcase classname="seleniumpractice.WaitsInSelenium.Parameterized" name="TestCase4" time="0.000"/>
  <testcase classname="seleniumpractice.WaitsInSelenium.Parameterized" name="TestCase4" time="0.000"/>
  <testcase classname="seleniumpractice.WaitsInSelenium.Parameterized" name="TestCase4" time="0.000"/>
  <testcase classname="seleniumpractice.WaitsInSelenium.Parameterized" name="TestCase4" time="0.000"/>
  <testcase classname="seleniumpractice.WaitsInSelenium.Parameterized" name="TestCase4" time="0.000"/>
  <testcase classname="seleniumpractice.WaitsInSelenium.Parameterized" name="TestCase4" time="0.004"/>
  <testcase classname="seleniumpractice.WaitsInSelenium.Parameterized" name="TestCase4" time="0.000"/>
  <testcase classname="seleniumpractice.WaitsInSelenium.Parameterized" name="TestCase4" time="0.000"/>
  <testcase classname="seleniumpractice.WaitsInSelenium.Parameterized" name="TestCase4" time="0.000"/>
  <testcase classname="seleniumpractice.WaitsInSelenium.Parameterized" name="TestCase4" time="0.001"/>
  <testcase classname="seleniumpractice.WaitsInSelenium.Parameterized" name="TestCase4" time="0.000"/>
  <testcase classname="seleniumpractice.WaitsInSelenium.Parameterized" name="TestCase4" time="0.000"/>
  <testcase classname="seleniumpractice.WaitsInSelenium.Parameterized" name="TestCase4" time="0.000"/>
  <testcase classname="seleniumpractice.WaitsInSelenium.Parameterized" name="TestCase4" time="0.000"/>
  <testcase classname="seleniumpractice.WaitsInSelenium.Parameterized" name="TestCase4" time="0.000"/>
  <testcase classname="seleniumpractice.WaitsInSelenium.Parameterized" name="TestCase4" time="0.000"/>
  <testcase classname="seleniumpractice.WaitsInSelenium.Parameterized" name="TestCase4" time="0.001"/>
  <testcase classname="seleniumpractice.WaitsInSelenium.Parameterized" name="TestCase4" time="0.000"/>
  <testcase classname="seleniumpractice.WaitsInSelenium.Parameterized" name="TestCase4" time="0.000"/>
  <testcase classname="seleniumpractice.WaitsInSelenium.Parameterized" name="TestCase4" time="0.000"/>
  <testcase classname="seleniumpractice.WaitsInSelenium.Parameterized" name="TestCase4" time="0.000"/>
  <testcase classname="seleniumpractice.WaitsInSelenium.Parameterized" name="TestCase4" time="0.000"/>
  <testcase classname="seleniumpractice.WaitsInSelenium.Parameterized" name="TestCase4" time="0.000"/>
  <testcase classname="seleniumpractice.WaitsInSelenium.Parameterized" name="TestCase4" time="0.000"/>
  <testcase classname="seleniumpractice.WaitsInSelenium.Parameterized" name="TestCase4" time="0.000"/>
  <testcase classname="seleniumpractice.WaitsInSelenium.Parameterized" name="TestCase4" time="0.000"/>
  <testcase classname="seleniumpractice.WaitsInSelenium.Parameterized" name="TestCase4" time="0.000"/>
  <testcase classname="seleniumpractice.WaitsInSelenium.Parameterized" name="TestCase4" time="0.000"/>
  <testcase classname="seleniumpractice.WaitsInSelenium.Parameterized" name="TestCase4" time="0.000"/>
  <testcase classname="seleniumpractice.WaitsInSelenium.Parameterized" name="TestCase4" time="0.000"/>
  <testcase classname="seleniumpractice.WaitsInSelenium.Parameterized" name="TestCase4" time="0.000"/>
  <testcase classname="seleniumpractice.WaitsInSelenium.Parameterized" name="TestCase4" time="0.001"/>
  <testcase classname="seleniumpractice.WaitsInSelenium.Parameterized" name="TestCase4" time="0.001"/>
  <testcase classname="seleniumpractice.WaitsInSelenium.Parameterized" name="TestCase4" time="0.000"/>
  <testcase classname="seleniumpractice.WaitsInSelenium.Parameterized" name="TestCase4" time="0.000"/>
  <testcase classname="seleniumpractice.WaitsInSelenium.Parameterized" name="TestCase4" time="0.000"/>
  <testcase classname="seleniumpractice.WaitsInSelenium.Parameterized" name="TestCase4" time="0.000"/>
  <testcase classname="seleniumpractice.WaitsInSelenium.Parameterized" name="TestCase4" time="0.000"/>
  <testcase classname="seleniumpractice.WaitsInSelenium.Parameterized" name="TestCase4" time="0.000"/>
  <testcase classname="seleniumpractice.WaitsInSelenium.Parameterized" name="TestCase4" time="0.000"/>
  <testcase classname="seleniumpractice.WaitsInSelenium.Parameterized" name="TestCase4" time="0.000"/>
  <testcase classname="seleniumpractice.WaitsInSelenium.Parameterized" name="TestCase4" time="0.001"/>
  <testcase classname="seleniumpractice.WaitsInSelenium.Parameterized" name="TestCase4" time="0.000"/>
  <testcase classname="seleniumpractice.WaitsInSelenium.Parameterized" name="TestCase4" time="0.000"/>
  <testcase classname="seleniumpractice.WaitsInSelenium.Parameterized" name="TestCase4" time="0.000"/>
  <testcase classname="seleniumpractice.WaitsInSelenium.Parameterized" name="TestCase4" time="0.000"/>
  <testcase classname="seleniumpractice.WaitsInSelenium.Parameterized" name="TestCase4" time="0.000"/>
  <testcase classname="seleniumpractice.WaitsInSelenium.Parameterized" name="TestCase4" time="0.000"/>
  <testcase classname="seleniumpractice.WaitsInSelenium.Parameterized" name="TestCase4" time="0.000"/>
  <testcase classname="seleniumpractice.WaitsInSelenium.Parameterized" name="TestCase4" time="0.000"/>
  <testcase classname="seleniumpractice.WaitsInSelenium.Parameterized" name="TestCase4" time="0.000"/>
  <testcase classname="seleniumpractice.WaitsInSelenium.Parameterized" name="TestCase4" time="0.001"/>
  <testcase classname="seleniumpractice.WaitsInSelenium.Parameterized" name="TestCase4" time="0.000"/>
  <testcase classname="seleniumpractice.WaitsInSelenium.Parameterized" name="TestCase4" time="0.000"/>
  <testcase classname="seleniumpractice.WaitsInSelenium.Parameterized" name="TestCase4" time="0.000"/>
  <testcase classname="seleniumpractice.WaitsInSelenium.Parameterized" name="TestCase4" time="0.000"/>
  <testcase classname="seleniumpractice.WaitsInSelenium.Parameterized" name="TestCase4" time="0.001"/>
  <testcase classname="seleniumpractice.WaitsInSelenium.Parameterized" name="TestCase4" time="0.000"/>
  <testcase classname="seleniumpractice.WaitsInSelenium.Parameterized" name="TestCase4" time="0.001"/>
  <testcase classname="seleniumpractice.WaitsInSelenium.Parameterized" name="TestCase4" time="0.000"/>
  <testcase classname="seleniumpractice.WaitsInSelenium.Parameterized" name="TestCase4" time="0.000"/>
  <testcase classname="seleniumpractice.WaitsInSelenium.Parameterized" name="TestCase4" time="0.000"/>
  <testcase classname="seleniumpractice.WaitsInSelenium.Parameterized" name="TestCase4" time="0.000"/>
  <testcase classname="seleniumpractice.WaitsInSelenium.Parameterized" name="TestCase4" time="0.000"/>
  <testcase classname="seleniumpractice.WaitsInSelenium.Parameterized" name="TestCase4" time="0.000"/>
  <testcase classname="seleniumpractice.WaitsInSelenium.Parameterized" name="TestCase4" time="0.000"/>
  <testcase classname="seleniumpractice.WaitsInSelenium.Parameterized" name="TestCase4" time="0.000"/>
  <testcase classname="seleniumpractice.WaitsInSelenium.Parameterized" name="TestCase4" time="0.001"/>
  <testcase classname="seleniumpractice.WaitsInSelenium.Parameterized" name="TestCase4" time="0.000"/>
  <testcase classname="seleniumpractice.WaitsInSelenium.Parameterized" name="TestCase4" time="0.000"/>
  <testcase classname="seleniumpractice.WaitsInSelenium.Parameterized" name="TestCase4" time="0.000"/>
  <testcase classname="seleniumpractice.WaitsInSelenium.Parameterized" name="TestCase4" time="0.000"/>
  <testcase classname="seleniumpractice.WaitsInSelenium.Parameterized" name="TestCase4" time="0.000"/>
  <testcase classname="seleniumpractice.WaitsInSelenium.Parameterized" name="TestCase4" time="0.000"/>
  <testcase classname="seleniumpractice.WaitsInSelenium.Parameterized" name="TestCase4" time="0.001"/>
  <testcase classname="seleniumpractice.WaitsInSelenium.Parameterized" name="TestCase4" time="0.001"/>
  <testcase classname="seleniumpractice.WaitsInSelenium.Parameterized" name="TestCase4" time="0.001"/>
  <testcase classname="seleniumpractice.WaitsInSelenium.Parameterized" name="TestCase4" time="0.000"/>
  <testcase classname="seleniumpractice.WaitsInSelenium.Parameterized" name="TestCase4" time="0.000"/>
  <testcase classname="seleniumpractice.WaitsInSelenium.Parameterized" name="TestCase4" time="0.000"/>
  <testcase classname="seleniumpractice.WaitsInSelenium.Parameterized" name="TestCase4" time="0.000"/>
  <testcase classname="seleniumpractice.WaitsInSelenium.Parameterized" name="TestCase4" time="0.000"/>
  <testcase classname="seleniumpractice.WaitsInSelenium.Parameterized" name="TestCase4" time="0.001"/>
  <testcase classname="seleniumpractice.WaitsInSelenium.Parameterized" name="TestCase4" time="0.001"/>
  <testcase classname="seleniumpractice.WaitsInSelenium.Parameterized" name="TestCase4" time="0.000"/>
  <testcase classname="seleniumpractice.WaitsInSelenium.Parameterized" name="TestCase4" time="0.000"/>
  <testcase classname="seleniumpractice.WaitsInSelenium.Parameterized" name="TestCase4" time="0.000"/>
  <testcase classname="seleniumpractice.WaitsInSelenium.Parameterized" name="TestCase4" time="0.000"/>
  <testcase classname="seleniumpractice.WaitsInSelenium.Parameterized" name="TestCase4" time="0.001"/>
  <testcase classname="seleniumpractice.WaitsInSelenium.Parameterized" name="TestCase4" time="0.000"/>
  <testcase classname="seleniumpractice.WaitsInSelenium.Parameterized" name="TestCase4" time="0.001"/>
  <testcase classname="seleniumpractice.WaitsInSelenium.Parameterized" name="TestCase4" time="0.000"/>
  <testcase classname="seleniumpractice.WaitsInSelenium.Parameterized" name="TestCase4" time="0.000"/>
  <testcase classname="seleniumpractice.WaitsInSelenium.Parameterized" name="TestCase4" time="0.000"/>
  <testcase classname="seleniumpractice.WaitsInSelenium.Parameterized" name="TestCase4" time="0.000"/>
  <testcase classname="seleniumpractice.WaitsInSelenium.Parameterized" name="TestCase4" time="0.000"/>
  <testcase classname="seleniumpractice.WaitsInSelenium.Parameterized" name="TestCase4" time="0.000"/>
  <testcase classname="seleniumpractice.WaitsInSelenium.Parameterized" name="TestCase4" time="0.000"/>
  <testcase classname="seleniumpractice.WaitsInSelenium.Parameterized" name="TestCase4" time="0.000"/>
  <testcase classname="seleniumpractice.WaitsInSelenium.Parameterized" name="TestCase4" time="0.000"/>
  <testcase classname="seleniumpractice.WaitsInSelenium.Parameterized" name="TestCase4" time="0.000"/>
  <testcase classname="seleniumpractice.WaitsInSelenium.Parameterized" name="TestCase4" time="0.001"/>
  <testcase classname="seleniumpractice.WaitsInSelenium.Parameterized" name="TestCase4" time="0.001"/>
  <testcase classname="seleniumpractice.WaitsInSelenium.Parameterized" name="TestCase4" time="0.000"/>
  <testcase classname="seleniumpractice.WaitsInSelenium.Parameterized" name="TestCase4" time="0.000"/>
  <testcase classname="seleniumpractice.WaitsInSelenium.Parameterized" name="TestCase4" time="0.000"/>
  <testcase classname="seleniumpractice.WaitsInSelenium.Parameterized" name="TestCase4" time="0.000"/>
  <testcase classname="seleniumpractice.WaitsInSelenium.Parameterized" name="TestCase4" time="0.001"/>
  <testcase classname="seleniumpractice.WaitsInSelenium.Parameterized" name="TestCase4" time="0.000"/>
  <testcase classname="seleniumpractice.WaitsInSelenium.Parameterized" name="TestCase4" time="0.000"/>
  <testcase classname="seleniumpractice.WaitsInSelenium.Parameterized" name="TestCase4" time="0.000"/>
  <testcase classname="seleniumpractice.WaitsInSelenium.Parameterized" name="TestCase4" time="0.001"/>
  <testcase classname="seleniumpractice.WaitsInSelenium.Parameterized" name="TestCase4" time="0.000"/>
  <testcase classname="seleniumpractice.WaitsInSelenium.Parameterized" name="TestCase4" time="0.001"/>
  <testcase classname="seleniumpractice.WaitsInSelenium.Parameterized" name="TestCase4" time="0.000"/>
  <testcase classname="seleniumpractice.WaitsInSelenium.Parameterized" name="TestCase4" time="0.000"/>
  <testcase classname="seleniumpractice.WaitsInSelenium.Parameterized" name="TestCase4" time="0.000"/>
  <testcase classname="seleniumpractice.WaitsInSelenium.Parameterized" name="TestCase4" time="0.000"/>
  <testcase classname="seleniumpractice.WaitsInSelenium.Parameterized" name="TestCase4" time="0.001"/>
  <testcase classname="seleniumpractice.WaitsInSelenium.Parameterized" name="TestCase4" time="0.001"/>
  <testcase classname="seleniumpractice.WaitsInSelenium.Parameterized" name="TestCase4" time="0.000"/>
  <testcase classname="seleniumpractice.WaitsInSelenium.Parameterized" name="TestCase4" time="0.001"/>
  <testcase classname="seleniumpractice.WaitsInSelenium.Parameterized" name="TestCase4" time="0.000"/>
  <testcase classname="seleniumpractice.WaitsInSelenium.Parameterized" name="TestCase4" time="0.000"/>
  <testcase classname="seleniumpractice.WaitsInSelenium.Parameterized" name="TestCase4" time="0.000"/>
  <testcase classname="seleniumpractice.WaitsInSelenium.Parameterized" name="TestCase4" time="0.000"/>
  <testcase classname="seleniumpractice.WaitsInSelenium.Parameterized" name="TestCase4" time="0.000"/>
  <testcase classname="seleniumpractice.WaitsInSelenium.Parameterized" name="TestCase4" time="0.000"/>
  <testcase classname="seleniumpractice.WaitsInSelenium.Parameterized" name="TestCase4" time="0.001"/>
  <testcase classname="seleniumpractice.WaitsInSelenium.Parameterized" name="TestCase4" time="0.000"/>
  <testcase classname="seleniumpractice.WaitsInSelenium.Parameterized" name="TestCase4" time="0.001"/>
  <testcase classname="seleniumpractice.WaitsInSelenium.Parameterized" name="TestCase4" time="0.001"/>
  <testcase classname="seleniumpractice.WaitsInSelenium.Parameterized" name="TestCase4" time="0.001"/>
  <testcase classname="seleniumpractice.WaitsInSelenium.Parameterized" name="TestCase4" time="0.001"/>
  <testcase classname="seleniumpractice.WaitsInSelenium.Parameterized" name="TestCase4" time="0.000"/>
  <testcase classname="seleniumpractice.WaitsInSelenium.Parameterized" name="TestCase4" time="0.000"/>
  <testcase classname="seleniumpractice.WaitsInSelenium.Parameterized" name="TestCase4" time="0.001"/>
  <testcase classname="seleniumpractice.WaitsInSelenium.Parameterized" name="TestCase4" time="0.001"/>
  <testcase classname="seleniumpractice.WaitsInSelenium.Parameterized" name="TestCase4" time="0.000"/>
  <testcase classname="seleniumpractice.WaitsInSelenium.Parameterized" name="TestCase4" time="0.000"/>
  <testcase classname="seleniumpractice.WaitsInSelenium.Parameterized" name="TestCase4" time="0.001"/>
  <testcase classname="seleniumpractice.WaitsInSelenium.Parameterized" name="TestCase4" time="0.000"/>
  <testcase classname="seleniumpractice.WaitsInSelenium.Parameterized" name="TestCase4" time="0.000"/>
  <testcase classname="seleniumpractice.WaitsInSelenium.Parameterized" name="TestCase4" time="0.000"/>
  <testcase classname="seleniumpractice.WaitsInSelenium.Parameterized" name="TestCase4" time="0.001"/>
  <testcase classname="seleniumpractice.WaitsInSelenium.Parameterized" name="TestCase4" time="0.001"/>
  <testcase classname="seleniumpractice.WaitsInSelenium.Parameterized" name="TestCase4" time="0.000"/>
  <testcase classname="seleniumpractice.WaitsInSelenium.Parameterized" name="TestCase4" time="0.000"/>
  <testcase classname="seleniumpractice.WaitsInSelenium.Parameterized" name="TestCase4" time="0.000"/>
  <testcase classname="seleniumpractice.WaitsInSelenium.Parameterized" name="TestCase4" time="0.001"/>
  <testcase classname="seleniumpractice.WaitsInSelenium.Parameterized" name="TestCase4" time="0.002"/>
  <testcase classname="seleniumpractice.WaitsInSelenium.Parameterized" name="TestCase4" time="0.001"/>
  <testcase classname="seleniumpractice.WaitsInSelenium.Parameterized" name="TestCase4" time="0.000"/>
  <testcase classname="seleniumpractice.WaitsInSelenium.Parameterized" name="TestCase4" time="0.000"/>
  <testcase classname="seleniumpractice.WaitsInSelenium.Parameterized" name="TestCase4" time="0.000"/>
  <testcase classname="seleniumpractice.WaitsInSelenium.Parameterized" name="TestCase4" time="0.001"/>
  <testcase classname="seleniumpractice.WaitsInSelenium.Parameterized" name="TestCase4" time="0.001"/>
  <testcase classname="seleniumpractice.WaitsInSelenium.Parameterized" name="TestCase4" time="0.001"/>
  <testcase classname="seleniumpractice.WaitsInSelenium.Parameterized" name="TestCase4" time="0.001"/>
  <testcase classname="seleniumpractice.WaitsInSelenium.Parameterized" name="TestCase4" time="0.000"/>
  <testcase classname="seleniumpractice.WaitsInSelenium.Parameterized" name="TestCase4" time="0.000"/>
  <testcase classname="seleniumpractice.WaitsInSelenium.Parameterized" name="TestCase4" time="0.000"/>
  <testcase classname="seleniumpractice.WaitsInSelenium.Parameterized" name="TestCase4" time="0.000"/>
  <testcase classname="seleniumpractice.WaitsInSelenium.Parameterized" name="TestCase4" time="0.000"/>
  <testcase classname="seleniumpractice.WaitsInSelenium.Parameterized" name="TestCase4" time="0.000"/>
  <testcase classname="seleniumpractice.WaitsInSelenium.Parameterized" name="TestCase4" time="0.000"/>
  <testcase classname="seleniumpractice.WaitsInSelenium.Parameterized" name="TestCase4" time="0.001"/>
  <testcase classname="seleniumpractice.WaitsInSelenium.Parameterized" name="TestCase4" time="0.000"/>
  <testcase classname="seleniumpractice.WaitsInSelenium.Parameterized" name="TestCase4" time="0.001"/>
  <testcase classname="seleniumpractice.WaitsInSelenium.Parameterized" name="TestCase4" time="0.000"/>
  <testcase classname="seleniumpractice.WaitsInSelenium.Parameterized" name="TestCase4" time="0.000"/>
  <testcase classname="seleniumpractice.WaitsInSelenium.Parameterized" name="TestCase4" time="0.000"/>
  <testcase classname="seleniumpractice.WaitsInSelenium.Parameterized" name="TestCase4" time="0.001"/>
  <testcase classname="seleniumpractice.WaitsInSelenium.Parameterized" name="TestCase4" time="0.000"/>
  <testcase classname="seleniumpractice.WaitsInSelenium.Parameterized" name="TestCase4" time="0.001"/>
  <testcase classname="seleniumpractice.WaitsInSelenium.Parameterized" name="TestCase4" time="0.000"/>
  <testcase classname="seleniumpractice.WaitsInSelenium.Parameterized" name="TestCase4" time="0.000"/>
  <testcase classname="seleniumpractice.WaitsInSelenium.Parameterized" name="TestCase4" time="0.001"/>
  <testcase classname="seleniumpractice.WaitsInSelenium.Parameterized" name="TestCase4" time="0.000"/>
  <testcase classname="seleniumpractice.WaitsInSelenium.Parameterized" name="TestCase4" time="0.001"/>
  <testcase classname="seleniumpractice.WaitsInSelenium.Parameterized" name="TestCase4" time="0.000"/>
  <testcase classname="seleniumpractice.WaitsInSelenium.Parameterized" name="TestCase4" time="0.000"/>
  <testcase classname="seleniumpractice.WaitsInSelenium.Parameterized" name="TestCase4" time="0.000"/>
  <testcase classname="seleniumpractice.WaitsInSelenium.Parameterized" name="TestCase4" time="0.000"/>
  <testcase classname="seleniumpractice.WaitsInSelenium.Parameterized" name="TestCase4" time="0.000"/>
  <testcase classname="seleniumpractice.WaitsInSelenium.Parameterized" name="TestCase4" time="0.000"/>
  <testcase classname="seleniumpractice.WaitsInSelenium.Parameterized" name="TestCase4" time="0.001"/>
  <testcase classname="seleniumpractice.WaitsInSelenium.Parameterized" name="TestCase4" time="0.000"/>
  <testcase classname="seleniumpractice.WaitsInSelenium.Parameterized" name="TestCase4" time="0.000"/>
  <testcase classname="seleniumpractice.WaitsInSelenium.Parameterized" name="TestCase4" time="0.000"/>
  <testcase classname="seleniumpractice.WaitsInSelenium.Parameterized" name="TestCase4" time="0.001"/>
  <testcase classname="seleniumpractice.WaitsInSelenium.Parameterized" name="TestCase4" time="0.000"/>
  <testcase classname="seleniumpractice.WaitsInSelenium.Parameterized" name="TestCase4" time="0.000"/>
  <testcase classname="seleniumpractice.WaitsInSelenium.Parameterized" name="TestCase4" time="0.001"/>
  <testcase classname="seleniumpractice.WaitsInSelenium.Parameterized" name="TestCase4" time="0.000"/>
  <testcase classname="seleniumpractice.WaitsInSelenium.Parameterized" name="TestCase4" time="0.001"/>
  <testcase classname="seleniumpractice.WaitsInSelenium.Parameterized" name="TestCase4" time="0.001"/>
  <testcase classname="seleniumpractice.WaitsInSelenium.Parameterized" name="TestCase4" time="0.000"/>
  <testcase classname="seleniumpractice.WaitsInSelenium.Parameterized" name="TestCase4" time="0.000"/>
  <testcase classname="seleniumpractice.WaitsInSelenium.Parameterized" name="TestCase4" time="0.000"/>
  <testcase classname="seleniumpractice.WaitsInSelenium.Parameterized" name="TestCase4" time="0.000"/>
  <testcase classname="seleniumpractice.WaitsInSelenium.Parameterized" name="TestCase4" time="0.000"/>
  <testcase classname="seleniumpractice.WaitsInSelenium.Parameterized" name="TestCase4" time="0.000"/>
  <testcase classname="seleniumpractice.WaitsInSelenium.Parameterized" name="TestCase4" time="0.000"/>
  <testcase classname="seleniumpractice.WaitsInSelenium.Parameterized" name="TestCase4" time="0.001"/>
  <testcase classname="seleniumpractice.WaitsInSelenium.Parameterized" name="TestCase4" time="0.001"/>
  <testcase classname="seleniumpractice.WaitsInSelenium.Parameterized" name="TestCase4" time="0.001"/>
  <testcase classname="seleniumpractice.WaitsInSelenium.Parameterized" name="TestCase4" time="0.001"/>
  <testcase classname="seleniumpractice.WaitsInSelenium.Parameterized" name="TestCase4" time="0.000"/>
  <testcase classname="seleniumpractice.WaitsInSelenium.Parameterized" name="TestCase4" time="0.000"/>
  <testcase classname="seleniumpractice.WaitsInSelenium.Parameterized" name="TestCase4" time="0.000"/>
  <testcase classname="seleniumpractice.WaitsInSelenium.Parameterized" name="TestCase4" time="0.000"/>
  <testcase classname="seleniumpractice.WaitsInSelenium.Parameterized" name="TestCase4" time="0.000"/>
  <testcase classname="seleniumpractice.WaitsInSelenium.Parameterized" name="TestCase4" time="0.000"/>
  <testcase classname="seleniumpractice.WaitsInSelenium.Parameterized" name="TestCase4" time="0.000"/>
  <testcase classname="seleniumpractice.WaitsInSelenium.Parameterized" name="TestCase4" time="0.000"/>
  <testcase classname="seleniumpractice.WaitsInSelenium.Parameterized" name="TestCase4" time="0.000"/>
  <testcase classname="seleniumpractice.WaitsInSelenium.Parameterized" name="TestCase4" time="0.000"/>
  <testcase classname="seleniumpractice.WaitsInSelenium.Parameterized" name="TestCase4" time="0.000"/>
  <testcase classname="seleniumpractice.WaitsInSelenium.Parameterized" name="TestCase4" time="0.000"/>
  <testcase classname="seleniumpractice.WaitsInSelenium.Parameterized" name="TestCase4" time="0.001"/>
  <testcase classname="seleniumpractice.WaitsInSelenium.Parameterized" name="TestCase4" time="0.001"/>
  <testcase classname="seleniumpractice.WaitsInSelenium.Parameterized" name="TestCase4" time="0.000"/>
  <testcase classname="seleniumpractice.WaitsInSelenium.Parameterized" name="TestCase4" time="0.000"/>
  <testcase classname="seleniumpractice.WaitsInSelenium.Parameterized" name="TestCase4" time="0.001"/>
  <testcase classname="seleniumpractice.WaitsInSelenium.Parameterized" name="TestCase4" time="0.000"/>
  <testcase classname="seleniumpractice.WaitsInSelenium.Parameterized" name="TestCase4" time="0.000"/>
  <testcase classname="seleniumpractice.WaitsInSelenium.Parameterized" name="TestCase4" time="0.003"/>
  <testcase classname="seleniumpractice.WaitsInSelenium.Parameterized" name="TestCase4" time="0.001"/>
  <testcase classname="seleniumpractice.WaitsInSelenium.Parameterized" name="TestCase4" time="0.000"/>
  <testcase classname="seleniumpractice.WaitsInSelenium.Parameterized" name="TestCase4" time="0.000"/>
  <testcase classname="seleniumpractice.WaitsInSelenium.Parameterized" name="TestCase4" time="0.000"/>
  <testcase classname="seleniumpractice.WaitsInSelenium.Parameterized" name="TestCase4" time="0.001"/>
  <testcase classname="seleniumpractice.WaitsInSelenium.Parameterized" name="TestCase4" time="0.000"/>
  <testcase classname="seleniumpractice.WaitsInSelenium.Parameterized" name="TestCase4" time="0.000"/>
  <testcase classname="seleniumpractice.WaitsInSelenium.Parameterized" name="TestCase4" time="0.000"/>
  <testcase classname="seleniumpractice.WaitsInSelenium.Parameterized" name="TestCase4" time="0.000"/>
  <testcase classname="seleniumpractice.WaitsInSelenium.Parameterized" name="TestCase4" time="0.000"/>
  <testcase classname="seleniumpractice.WaitsInSelenium.Parameterized" name="TestCase4" time="0.001"/>
  <testcase classname="seleniumpractice.WaitsInSelenium.Parameterized" name="TestCase4" time="0.000"/>
  <testcase classname="seleniumpractice.WaitsInSelenium.Parameterized" name="TestCase4" time="0.001"/>
  <testcase classname="seleniumpractice.WaitsInSelenium.Parameterized" name="TestCase4" time="0.001"/>
  <testcase classname="seleniumpractice.WaitsInSelenium.Parameterized" name="TestCase4" time="0.001"/>
  <testcase classname="seleniumpractice.WaitsInSelenium.Parameterized" name="TestCase4" time="0.001"/>
  <testcase classname="seleniumpractice.WaitsInSelenium.Parameterized" name="TestCase4" time="0.001"/>
  <testcase classname="seleniumpractice.WaitsInSelenium.Parameterized" name="TestCase4" time="0.000"/>
  <testcase classname="seleniumpractice.WaitsInSelenium.Parameterized" name="TestCase4" time="0.001"/>
  <testcase classname="seleniumpractice.WaitsInSelenium.Parameterized" name="TestCase4" time="0.000"/>
  <testcase classname="seleniumpractice.WaitsInSelenium.Parameterized" name="TestCase4" time="0.000"/>
  <testcase classname="seleniumpractice.WaitsInSelenium.Parameterized" name="TestCase4" time="0.000"/>
  <testcase classname="seleniumpractice.WaitsInSelenium.Parameterized" name="TestCase4" time="0.000"/>
  <testcase classname="seleniumpractice.WaitsInSelenium.Parameterized" name="TestCase4" time="0.001"/>
  <testcase classname="seleniumpractice.WaitsInSelenium.Parameterized" name="TestCase4" time="0.000"/>
  <testcase classname="seleniumpractice.WaitsInSelenium.Parameterized" name="TestCase4" time="0.001"/>
  <testcase classname="seleniumpractice.WaitsInSelenium.Parameterized" name="TestCase4" time="0.000"/>
  <testcase classname="seleniumpractice.WaitsInSelenium.Parameterized" name="TestCase4" time="0.000"/>
  <testcase classname="seleniumpractice.WaitsInSelenium.Parameterized" name="TestCase4" time="0.001"/>
  <testcase classname="seleniumpractice.WaitsInSelenium.Parameterized" name="TestCase4" time="0.000"/>
  <testcase classname="seleniumpractice.WaitsInSelenium.Parameterized" name="TestCase4" time="0.000"/>
  <testcase classname="seleniumpractice.WaitsInSelenium.Parameterized" name="TestCase4" time="0.000"/>
  <testcase classname="seleniumpractice.WaitsInSelenium.Parameterized" name="TestCase4" time="0.000"/>
  <testcase classname="seleniumpractice.WaitsInSelenium.Parameterized" name="TestCase4" time="0.001"/>
  <testcase classname="seleniumpractice.WaitsInSelenium.Parameterized" name="TestCase4" time="0.000"/>
  <testcase classname="seleniumpractice.WaitsInSelenium.Parameterized" name="TestCase4" time="0.000"/>
  <testcase classname="seleniumpractice.WaitsInSelenium.Parameterized" name="TestCase4" time="0.001"/>
  <testcase classname="seleniumpractice.WaitsInSelenium.Parameterized" name="TestCase4" time="0.001"/>
  <testcase classname="seleniumpractice.WaitsInSelenium.Parameterized" name="TestCase4" time="0.001"/>
  <testcase classname="seleniumpractice.WaitsInSelenium.Parameterized" name="TestCase4" time="0.000"/>
  <testcase classname="seleniumpractice.WaitsInSelenium.Parameterized" name="TestCase4" time="0.000"/>
  <testcase classname="seleniumpractice.WaitsInSelenium.Parameterized" name="TestCase4" time="0.000"/>
  <testcase classname="seleniumpractice.WaitsInSelenium.Parameterized" name="TestCase4" time="0.000"/>
  <testcase classname="seleniumpractice.WaitsInSelenium.Parameterized" name="TestCase4" time="0.000"/>
  <testcase classname="seleniumpractice.WaitsInSelenium.Parameterized" name="TestCase4" time="0.000"/>
  <testcase classname="seleniumpractice.WaitsInSelenium.Parameterized" name="TestCase4" time="0.001"/>
  <testcase classname="seleniumpractice.WaitsInSelenium.Parameterized" name="TestCase4" time="0.000"/>
  <testcase classname="seleniumpractice.WaitsInSelenium.Parameterized" name="TestCase4" time="0.000"/>
  <testcase classname="seleniumpractice.WaitsInSelenium.Parameterized" name="TestCase4" time="0.000"/>
  <testcase classname="seleniumpractice.WaitsInSelenium.Parameterized" name="TestCase4" time="0.000"/>
  <testcase classname="seleniumpractice.WaitsInSelenium.Parameterized" name="TestCase4" time="0.000"/>
  <testcase classname="seleniumpractice.WaitsInSelenium.Parameterized" name="TestCase4" time="0.001"/>
  <testcase classname="seleniumpractice.WaitsInSelenium.Parameterized" name="TestCase4" time="0.000"/>
  <testcase classname="seleniumpractice.WaitsInSelenium.Parameterized" name="TestCase4" time="0.000"/>
  <testcase classname="seleniumpractice.WaitsInSelenium.Parameterized" name="TestCase4" time="0.001"/>
  <testcase classname="seleniumpractice.WaitsInSelenium.Parameterized" name="TestCase4" time="0.000"/>
  <testcase classname="seleniumpractice.WaitsInSelenium.Parameterized" name="TestCase4" time="0.000"/>
  <testcase classname="seleniumpractice.WaitsInSelenium.Parameterized" name="TestCase4" time="0.001"/>
  <testcase classname="seleniumpractice.WaitsInSelenium.Parameterized" name="TestCase4" time="0.000"/>
  <testcase classname="seleniumpractice.WaitsInSelenium.Parameterized" name="TestCase4" time="0.000"/>
  <testcase classname="seleniumpractice.WaitsInSelenium.Parameterized" name="TestCase4" time="0.000"/>
  <testcase classname="seleniumpractice.WaitsInSelenium.Parameterized" name="TestCase4" time="0.001"/>
  <testcase classname="seleniumpractice.WaitsInSelenium.Parameterized" name="TestCase4" time="0.001"/>
  <testcase classname="seleniumpractice.WaitsInSelenium.Parameterized" name="TestCase4" time="0.000"/>
  <testcase classname="seleniumpractice.WaitsInSelenium.Parameterized" name="TestCase4" time="0.002"/>
  <testcase classname="seleniumpractice.WaitsInSelenium.Parameterized" name="TestCase4" time="0.001"/>
  <testcase classname="seleniumpractice.WaitsInSelenium.Parameterized" name="TestCase4" time="0.000"/>
  <testcase classname="seleniumpractice.WaitsInSelenium.Parameterized" name="TestCase4" time="0.000"/>
  <testcase classname="seleniumpractice.WaitsInSelenium.Parameterized" name="TestCase4" time="0.000"/>
  <testcase classname="seleniumpractice.WaitsInSelenium.Parameterized" name="TestCase4" time="0.000"/>
  <testcase classname="seleniumpractice.WaitsInSelenium.Parameterized" name="TestCase4" time="0.000"/>
  <testcase classname="seleniumpractice.WaitsInSelenium.Parameterized" name="TestCase4" time="0.000"/>
  <testcase classname="seleniumpractice.WaitsInSelenium.Parameterized" name="TestCase4" time="0.001"/>
  <testcase classname="seleniumpractice.WaitsInSelenium.Parameterized" name="TestCase4" time="0.000"/>
  <testcase classname="seleniumpractice.WaitsInSelenium.Parameterized" name="TestCase4" time="0.000"/>
  <testcase classname="seleniumpractice.WaitsInSelenium.Parameterized" name="TestCase4" time="0.001"/>
  <testcase classname="seleniumpractice.WaitsInSelenium.Parameterized" name="TestCase4" time="0.000"/>
  <testcase classname="seleniumpractice.WaitsInSelenium.Parameterized" name="TestCase4" time="0.000"/>
  <testcase classname="seleniumpractice.WaitsInSelenium.Parameterized" name="TestCase4" time="0.001"/>
  <testcase classname="seleniumpractice.WaitsInSelenium.Parameterized" name="TestCase4" time="0.001"/>
  <testcase classname="seleniumpractice.WaitsInSelenium.Parameterized" name="TestCase4" time="0.000"/>
  <testcase classname="seleniumpractice.WaitsInSelenium.Parameterized" name="TestCase4" time="0.000"/>
  <testcase classname="seleniumpractice.WaitsInSelenium.Parameterized" name="TestCase4" time="0.000"/>
  <testcase classname="seleniumpractice.WaitsInSelenium.Parameterized" name="TestCase4" time="0.000"/>
  <testcase classname="seleniumpractice.WaitsInSelenium.Parameterized" name="TestCase4" time="0.001"/>
  <testcase classname="seleniumpractice.WaitsInSelenium.Parameterized" name="TestCase4" time="0.001"/>
  <testcase classname="seleniumpractice.WaitsInSelenium.Parameterized" name="TestCase4" time="0.000"/>
  <testcase classname="seleniumpractice.WaitsInSelenium.Parameterized" name="TestCase4" time="0.000"/>
  <testcase classname="seleniumpractice.WaitsInSelenium.Parameterized" name="TestCase4" time="0.000"/>
  <testcase classname="seleniumpractice.WaitsInSelenium.Parameterized" name="TestCase4" time="0.000"/>
  <testcase classname="seleniumpractice.WaitsInSelenium.Parameterized" name="TestCase4" time="0.000"/>
  <testcase classname="seleniumpractice.WaitsInSelenium.Parameterized" name="TestCase4" time="0.000"/>
  <testcase classname="seleniumpractice.WaitsInSelenium.Parameterized" name="TestCase4" time="0.000"/>
  <testcase classname="seleniumpractice.WaitsInSelenium.Parameterized" name="TestCase4" time="0.000"/>
  <testcase classname="seleniumpractice.WaitsInSelenium.Parameterized" name="TestCase4" time="0.001"/>
  <testcase classname="seleniumpractice.WaitsInSelenium.Parameterized" name="TestCase4" time="0.001"/>
  <testcase classname="seleniumpractice.WaitsInSelenium.Parameterized" name="TestCase4" time="0.000"/>
  <testcase classname="seleniumpractice.WaitsInSelenium.Parameterized" name="TestCase4" time="0.001"/>
  <testcase classname="seleniumpractice.WaitsInSelenium.Parameterized" name="TestCase4" time="0.000"/>
  <testcase classname="seleniumpractice.WaitsInSelenium.Parameterized" name="TestCase4" time="0.001"/>
  <testcase classname="seleniumpractice.WaitsInSelenium.Parameterized" name="TestCase4" time="0.000"/>
  <testcase classname="seleniumpractice.WaitsInSelenium.Parameterized" name="TestCase4" time="0.000"/>
  <testcase classname="seleniumpractice.WaitsInSelenium.Parameterized" name="TestCase4" time="0.000"/>
  <testcase classname="seleniumpractice.WaitsInSelenium.Parameterized" name="TestCase4" time="0.000"/>
  <testcase classname="seleniumpractice.WaitsInSelenium.Parameterized" name="TestCase4" time="0.000"/>
  <testcase classname="seleniumpractice.WaitsInSelenium.Parameterized" name="TestCase4" time="0.000"/>
  <testcase classname="seleniumpractice.WaitsInSelenium.Parameterized" name="TestCase4" time="0.000"/>
  <testcase classname="seleniumpractice.WaitsInSelenium.Parameterized" name="TestCase4" time="0.000"/>
  <testcase classname="seleniumpractice.WaitsInSelenium.Parameterized" name="TestCase4" time="0.000"/>
  <testcase classname="seleniumpractice.WaitsInSelenium.Parameterized" name="TestCase4" time="0.000"/>
  <testcase classname="seleniumpractice.WaitsInSelenium.Parameterized" name="TestCase4" time="0.000"/>
  <testcase classname="seleniumpractice.WaitsInSelenium.Parameterized" name="TestCase4" time="0.000"/>
  <testcase classname="seleniumpractice.WaitsInSelenium.Parameterized" name="TestCase4" time="0.000"/>
  <testcase classname="seleniumpractice.WaitsInSelenium.Parameterized" name="TestCase4" time="0.001"/>
  <testcase classname="seleniumpractice.WaitsInSelenium.Parameterized" name="TestCase4" time="0.001"/>
  <testcase classname="seleniumpractice.WaitsInSelenium.Parameterized" name="TestCase4" time="0.000"/>
  <testcase classname="seleniumpractice.WaitsInSelenium.Parameterized" name="TestCase4" time="0.001"/>
  <testcase classname="seleniumpractice.WaitsInSelenium.Parameterized" name="TestCase4" time="0.000"/>
  <testcase classname="seleniumpractice.WaitsInSelenium.Parameterized" name="TestCase4" time="0.001"/>
  <testcase classname="seleniumpractice.WaitsInSelenium.Parameterized" name="TestCase4" time="0.001"/>
  <testcase classname="seleniumpractice.WaitsInSelenium.Parameterized" name="TestCase4" time="0.000"/>
  <testcase classname="seleniumpractice.WaitsInSelenium.Parameterized" name="TestCase4" time="0.000"/>
  <testcase classname="seleniumpractice.WaitsInSelenium.Parameterized" name="TestCase4" time="0.000"/>
  <testcase classname="seleniumpractice.WaitsInSelenium.Parameterized" name="TestCase4" time="0.001"/>
  <testcase classname="seleniumpractice.WaitsInSelenium.Parameterized" name="TestCase4" time="0.000"/>
  <testcase classname="seleniumpractice.WaitsInSelenium.Parameterized" name="TestCase4" time="0.000"/>
  <testcase classname="seleniumpractice.WaitsInSelenium.Parameterized" name="TestCase4" time="0.001"/>
  <testcase classname="seleniumpractice.WaitsInSelenium.Parameterized" name="TestCase4" time="0.000"/>
  <testcase classname="seleniumpractice.WaitsInSelenium.Parameterized" name="TestCase4" time="0.001"/>
  <testcase classname="seleniumpractice.WaitsInSelenium.Parameterized" name="TestCase4" time="0.001"/>
  <testcase classname="seleniumpractice.WaitsInSelenium.Parameterized" name="TestCase4" time="0.000"/>
  <testcase classname="seleniumpractice.WaitsInSelenium.Parameterized" name="TestCase4" time="0.000"/>
  <testcase classname="seleniumpractice.WaitsInSelenium.Parameterized" name="TestCase4" time="0.000"/>
  <testcase classname="seleniumpractice.WaitsInSelenium.Parameterized" name="TestCase4" time="0.000"/>
  <testcase classname="seleniumpractice.WaitsInSelenium.Parameterized" name="TestCase4" time="0.001"/>
  <testcase classname="seleniumpractice.WaitsInSelenium.Parameterized" name="TestCase4" time="0.001"/>
  <testcase classname="seleniumpractice.WaitsInSelenium.Parameterized" name="TestCase4" time="0.000"/>
  <testcase classname="seleniumpractice.WaitsInSelenium.Parameterized" name="TestCase4" time="0.000"/>
  <testcase classname="seleniumpractice.WaitsInSelenium.Parameterized" name="TestCase4" time="0.000"/>
  <testcase classname="seleniumpractice.WaitsInSelenium.Parameterized" name="TestCase4" time="0.000"/>
  <testcase classname="seleniumpractice.WaitsInSelenium.Parameterized" name="TestCase4" time="0.001"/>
  <testcase classname="seleniumpractice.WaitsInSelenium.Parameterized" name="TestCase4" time="0.001"/>
  <testcase classname="seleniumpractice.WaitsInSelenium.Parameterized" name="TestCase4" time="0.000"/>
  <testcase classname="seleniumpractice.WaitsInSelenium.Parameterized" name="TestCase4" time="0.001"/>
  <testcase classname="seleniumpractice.WaitsInSelenium.Parameterized" name="TestCase4" time="0.000"/>
  <testcase classname="seleniumpractice.WaitsInSelenium.Parameterized" name="TestCase4" time="0.000"/>
  <testcase classname="seleniumpractice.WaitsInSelenium.Parameterized" name="TestCase4" time="0.001"/>
  <testcase classname="seleniumpractice.WaitsInSelenium.Parameterized" name="TestCase4" time="0.001"/>
  <testcase classname="seleniumpractice.WaitsInSelenium.Parameterized" name="TestCase4" time="0.000"/>
  <testcase classname="seleniumpractice.WaitsInSelenium.Parameterized" name="TestCase4" time="0.000"/>
  <testcase classname="seleniumpractice.WaitsInSelenium.Parameterized" name="TestCase4" time="0.000"/>
  <testcase classname="seleniumpractice.WaitsInSelenium.Parameterized" name="TestCase4" time="0.000"/>
  <testcase classname="seleniumpractice.WaitsInSelenium.Parameterized" name="TestCase4" time="0.001"/>
  <testcase classname="seleniumpractice.WaitsInSelenium.Parameterized" name="TestCase4" time="0.000"/>
  <testcase classname="seleniumpractice.WaitsInSelenium.Parameterized" name="TestCase4" time="0.000"/>
  <testcase classname="seleniumpractice.WaitsInSelenium.Parameterized" name="TestCase4" time="0.000"/>
  <testcase classname="seleniumpractice.WaitsInSelenium.Parameterized" name="TestCase4" time="0.000"/>
  <testcase classname="seleniumpractice.WaitsInSelenium.Parameterized" name="TestCase4" time="0.000"/>
  <testcase classname="seleniumpractice.WaitsInSelenium.Parameterized" name="TestCase4" time="0.000"/>
  <testcase classname="seleniumpractice.WaitsInSelenium.Parameterized" name="TestCase4" time="0.000"/>
  <testcase classname="seleniumpractice.WaitsInSelenium.Parameterized" name="TestCase4" time="0.000"/>
  <testcase classname="seleniumpractice.WaitsInSelenium.Parameterized" name="TestCase4" time="0.000"/>
  <testcase classname="seleniumpractice.WaitsInSelenium.Parameterized" name="TestCase4" time="0.001"/>
  <testcase classname="seleniumpractice.WaitsInSelenium.Parameterized" name="TestCase4" time="0.000"/>
  <testcase classname="seleniumpractice.WaitsInSelenium.Parameterized" name="TestCase4" time="0.001"/>
  <testcase classname="seleniumpractice.WaitsInSelenium.Parameterized" name="TestCase4" time="0.000"/>
  <testcase classname="seleniumpractice.WaitsInSelenium.Parameterized" name="TestCase4" time="0.000"/>
  <testcase classname="seleniumpractice.WaitsInSelenium.Parameterized" name="TestCase4" time="0.001"/>
  <testcase classname="seleniumpractice.WaitsInSelenium.Parameterized" name="TestCase4" time="0.000"/>
  <testcase classname="seleniumpractice.WaitsInSelenium.Parameterized" name="TestCase4" time="0.000"/>
  <testcase classname="seleniumpractice.WaitsInSelenium.Parameterized" name="TestCase4" time="0.000"/>
  <testcase classname="seleniumpractice.WaitsInSelenium.Parameterized" name="TestCase4" time="0.000"/>
  <testcase classname="seleniumpractice.WaitsInSelenium.Parameterized" name="TestCase4" time="0.001"/>
  <testcase classname="seleniumpractice.WaitsInSelenium.Parameterized" name="TestCase4" time="0.000"/>
  <testcase classname="seleniumpractice.WaitsInSelenium.Parameterized" name="TestCase4" time="0.000"/>
  <testcase classname="seleniumpractice.WaitsInSelenium.Parameterized" name="TestCase4" time="0.000"/>
  <testcase classname="seleniumpractice.WaitsInSelenium.Parameterized" name="TestCase4" time="0.002"/>
  <testcase classname="seleniumpractice.WaitsInSelenium.Parameterized" name="TestCase4" time="0.000"/>
  <testcase classname="seleniumpractice.WaitsInSelenium.Parameterized" name="TestCase4" time="0.000"/>
  <testcase classname="seleniumpractice.WaitsInSelenium.Parameterized" name="TestCase4" time="0.000"/>
  <testcase classname="seleniumpractice.WaitsInSelenium.Parameterized" name="TestCase4" time="0.000"/>
  <testcase classname="seleniumpractice.WaitsInSelenium.Parameterized" name="TestCase4" time="0.000"/>
  <testcase classname="seleniumpractice.WaitsInSelenium.Parameterized" name="TestCase4" time="0.000"/>
  <testcase classname="seleniumpractice.WaitsInSelenium.Parameterized" name="TestCase4" time="0.001"/>
  <testcase classname="seleniumpractice.WaitsInSelenium.Parameterized" name="TestCase4" time="0.001"/>
  <testcase classname="seleniumpractice.WaitsInSelenium.Parameterized" name="TestCase4" time="0.000"/>
  <testcase classname="seleniumpractice.WaitsInSelenium.Parameterized" name="TestCase4" time="0.000"/>
  <testcase classname="seleniumpractice.WaitsInSelenium.Parameterized" name="TestCase4" time="0.000"/>
  <testcase classname="seleniumpractice.WaitsInSelenium.Parameterized" name="TestCase4" time="0.001"/>
  <testcase classname="seleniumpractice.WaitsInSelenium.Parameterized" name="TestCase4" time="0.001"/>
  <testcase classname="seleniumpractice.WaitsInSelenium.Parameterized" name="TestCase4" time="0.000"/>
  <testcase classname="seleniumpractice.WaitsInSelenium.Parameterized" name="TestCase4" time="0.000"/>
  <testcase classname="seleniumpractice.WaitsInSelenium.Parameterized" name="TestCase4" time="0.000"/>
  <testcase classname="seleniumpractice.WaitsInSelenium.Parameterized" name="TestCase4" time="0.001"/>
  <testcase classname="seleniumpractice.WaitsInSelenium.Parameterized" name="TestCase4" time="0.001"/>
  <testcase classname="seleniumpractice.WaitsInSelenium.Parameterized" name="TestCase4" time="0.001"/>
  <testcase classname="seleniumpractice.WaitsInSelenium.Parameterized" name="TestCase4" time="0.000"/>
  <testcase classname="seleniumpractice.WaitsInSelenium.Parameterized" name="TestCase4" time="0.000"/>
  <testcase classname="seleniumpractice.WaitsInSelenium.Parameterized" name="TestCase4" time="0.001"/>
  <testcase classname="seleniumpractice.WaitsInSelenium.Parameterized" name="TestCase4" time="0.000"/>
  <testcase classname="seleniumpractice.WaitsInSelenium.Parameterized" name="TestCase4" time="0.002"/>
  <testcase classname="seleniumpractice.WaitsInSelenium.Parameterized" name="TestCase4" time="0.000"/>
  <testcase classname="seleniumpractice.WaitsInSelenium.Parameterized" name="TestCase4" time="0.000"/>
  <testcase classname="seleniumpractice.WaitsInSelenium.Parameterized" name="TestCase4" time="0.000"/>
  <testcase classname="seleniumpractice.WaitsInSelenium.Parameterized" name="TestCase4" time="0.000"/>
  <testcase classname="seleniumpractice.WaitsInSelenium.Parameterized" name="TestCase4" time="0.000"/>
  <testcase classname="seleniumpractice.WaitsInSelenium.Parameterized" name="TestCase4" time="0.000"/>
  <testcase classname="seleniumpractice.WaitsInSelenium.Parameterized" name="TestCase4" time="0.000"/>
  <testcase classname="seleniumpractice.WaitsInSelenium.Parameterized" name="TestCase4" time="0.000"/>
  <testcase classname="seleniumpractice.WaitsInSelenium.Parameterized" name="TestCase4" time="0.000"/>
  <testcase classname="seleniumpractice.WaitsInSelenium.Parameterized" name="TestCase4" time="0.000"/>
  <testcase classname="seleniumpractice.WaitsInSelenium.Parameterized" name="TestCase4" time="0.000"/>
  <testcase classname="seleniumpractice.WaitsInSelenium.Parameterized" name="TestCase4" time="0.000"/>
  <testcase classname="seleniumpractice.WaitsInSelenium.Parameterized" name="TestCase4" time="0.000"/>
  <testcase classname="seleniumpractice.WaitsInSelenium.Parameterized" name="TestCase4" time="0.001"/>
  <testcase classname="seleniumpractice.WaitsInSelenium.Parameterized" name="TestCase4" time="0.000"/>
  <testcase classname="seleniumpractice.WaitsInSelenium.Parameterized" name="TestCase4" time="0.000"/>
  <testcase classname="seleniumpractice.WaitsInSelenium.Parameterized" name="TestCase4" time="0.000"/>
  <testcase classname="seleniumpractice.WaitsInSelenium.Parameterized" name="TestCase4" time="0.000"/>
  <testcase classname="seleniumpractice.WaitsInSelenium.Parameterized" name="TestCase4" time="0.000"/>
  <testcase classname="seleniumpractice.WaitsInSelenium.Parameterized" name="TestCase4" time="0.001"/>
  <testcase classname="seleniumpractice.WaitsInSelenium.Parameterized" name="TestCase4" time="0.000"/>
  <testcase classname="seleniumpractice.WaitsInSelenium.Parameterized" name="TestCase4" time="0.003"/>
  <testcase classname="seleniumpractice.WaitsInSelenium.Parameterized" name="TestCase4" time="0.000"/>
  <testcase classname="seleniumpractice.WaitsInSelenium.Parameterized" name="TestCase4" time="0.000"/>
  <testcase classname="seleniumpractice.WaitsInSelenium.Parameterized" name="TestCase4" time="0.000"/>
  <testcase classname="seleniumpractice.WaitsInSelenium.Parameterized" name="TestCase4" time="0.000"/>
  <testcase classname="seleniumpractice.WaitsInSelenium.Parameterized" name="TestCase4" time="0.001"/>
  <testcase classname="seleniumpractice.WaitsInSelenium.Parameterized" name="TestCase4" time="0.001"/>
  <testcase classname="seleniumpractice.WaitsInSelenium.Parameterized" name="TestCase4" time="0.000"/>
  <testcase classname="seleniumpractice.WaitsInSelenium.Parameterized" name="TestCase4" time="0.000"/>
  <testcase classname="seleniumpractice.WaitsInSelenium.Parameterized" name="TestCase4" time="0.001"/>
  <testcase classname="seleniumpractice.WaitsInSelenium.Parameterized" name="TestCase4" time="0.000"/>
  <testcase classname="seleniumpractice.WaitsInSelenium.Parameterized" name="TestCase4" time="0.000"/>
  <testcase classname="seleniumpractice.WaitsInSelenium.Parameterized" name="TestCase4" time="0.000"/>
  <testcase classname="seleniumpractice.WaitsInSelenium.Parameterized" name="TestCase4" time="0.000"/>
  <testcase classname="seleniumpractice.WaitsInSelenium.Parameterized" name="TestCase4" time="0.000"/>
  <testcase classname="seleniumpractice.WaitsInSelenium.Parameterized" name="TestCase4" time="0.001"/>
  <testcase classname="seleniumpractice.WaitsInSelenium.Parameterized" name="TestCase4" time="0.000"/>
  <testcase classname="seleniumpractice.WaitsInSelenium.Parameterized" name="TestCase4" time="0.000"/>
  <testcase classname="seleniumpractice.WaitsInSelenium.Parameterized" name="TestCase4" time="0.001"/>
  <testcase classname="seleniumpractice.WaitsInSelenium.Parameterized" name="TestCase4" time="0.000"/>
  <testcase classname="seleniumpractice.WaitsInSelenium.Parameterized" name="TestCase4" time="0.000"/>
  <testcase classname="seleniumpractice.WaitsInSelenium.Parameterized" name="TestCase4" time="0.000"/>
  <testcase classname="seleniumpractice.WaitsInSelenium.Parameterized" name="TestCase4" time="0.000"/>
  <testcase classname="seleniumpractice.WaitsInSelenium.Parameterized" name="TestCase4" time="0.001"/>
  <testcase classname="seleniumpractice.WaitsInSelenium.Parameterized" name="TestCase4" time="0.000"/>
  <testcase classname="seleniumpractice.WaitsInSelenium.Parameterized" name="TestCase4" time="0.000"/>
  <testcase classname="seleniumpractice.WaitsInSelenium.Parameterized" name="TestCase4" time="0.000"/>
  <testcase classname="seleniumpractice.WaitsInSelenium.Parameterized" name="TestCase4" time="0.001"/>
  <testcase classname="seleniumpractice.WaitsInSelenium.Parameterized" name="TestCase4" time="0.000"/>
  <testcase classname="seleniumpractice.WaitsInSelenium.Parameterized" name="TestCase4" time="0.000"/>
  <testcase classname="seleniumpractice.WaitsInSelenium.Parameterized" name="TestCase4" time="0.001"/>
  <testcase classname="seleniumpractice.WaitsInSelenium.Parameterized" name="TestCase4" time="0.001"/>
  <testcase classname="seleniumpractice.WaitsInSelenium.Parameterized" name="TestCase4" time="0.001"/>
  <testcase classname="seleniumpractice.WaitsInSelenium.Parameterized" name="TestCase4" time="0.001"/>
  <testcase classname="seleniumpractice.WaitsInSelenium.Parameterized" name="TestCase4" time="0.001"/>
  <testcase classname="seleniumpractice.WaitsInSelenium.Parameterized" name="TestCase4" time="0.000"/>
  <testcase classname="seleniumpractice.WaitsInSelenium.Parameterized" name="TestCase4" time="0.000"/>
  <testcase classname="seleniumpractice.WaitsInSelenium.Parameterized" name="TestCase4" time="0.001"/>
  <testcase classname="seleniumpractice.WaitsInSelenium.Parameterized" name="TestCase4" time="0.001"/>
  <testcase classname="seleniumpractice.WaitsInSelenium.Parameterized" name="TestCase4" time="0.000"/>
  <testcase classname="seleniumpractice.WaitsInSelenium.Parameterized" name="TestCase4" time="0.001"/>
  <testcase classname="seleniumpractice.WaitsInSelenium.Parameterized" name="TestCase4" time="0.000"/>
  <testcase classname="seleniumpractice.WaitsInSelenium.Parameterized" name="TestCase4" time="0.000"/>
  <testcase classname="seleniumpractice.WaitsInSelenium.Parameterized" name="TestCase4" time="0.000"/>
  <testcase classname="seleniumpractice.WaitsInSelenium.Parameterized" name="TestCase4" time="0.000"/>
  <testcase classname="seleniumpractice.WaitsInSelenium.Parameterized" name="TestCase4" time="0.001"/>
  <testcase classname="seleniumpractice.WaitsInSelenium.Parameterized" name="TestCase4" time="0.001"/>
  <testcase classname="seleniumpractice.WaitsInSelenium.Parameterized" name="TestCase4" time="0.000"/>
  <testcase classname="seleniumpractice.WaitsInSelenium.Parameterized" name="TestCase4" time="0.000"/>
  <testcase classname="seleniumpractice.WaitsInSelenium.Parameterized" name="TestCase4" time="0.000"/>
  <testcase classname="seleniumpractice.WaitsInSelenium.Parameterized" name="TestCase4" time="0.000"/>
  <testcase classname="seleniumpractice.WaitsInSelenium.Parameterized" name="TestCase4" time="0.000"/>
  <testcase classname="seleniumpractice.WaitsInSelenium.Parameterized" name="TestCase4" time="0.001"/>
  <testcase classname="seleniumpractice.WaitsInSelenium.Parameterized" name="TestCase4" time="0.000"/>
  <testcase classname="seleniumpractice.WaitsInSelenium.Parameterized" name="TestCase4" time="0.000"/>
  <testcase classname="seleniumpractice.WaitsInSelenium.Parameterized" name="TestCase4" time="0.000"/>
  <testcase classname="seleniumpractice.WaitsInSelenium.Parameterized" name="TestCase4" time="0.000"/>
  <testcase classname="seleniumpractice.WaitsInSelenium.Parameterized" name="TestCase4" time="0.001"/>
  <testcase classname="seleniumpractice.WaitsInSelenium.Parameterized" name="TestCase4" time="0.000"/>
  <testcase classname="seleniumpractice.WaitsInSelenium.Parameterized" name="TestCase4" time="0.000"/>
  <testcase classname="seleniumpractice.WaitsInSelenium.Parameterized" name="TestCase4" time="0.000"/>
  <testcase classname="seleniumpractice.WaitsInSelenium.Parameterized" name="TestCase4" time="0.001"/>
  <testcase classname="seleniumpractice.WaitsInSelenium.Parameterized" name="TestCase4" time="0.001"/>
  <testcase classname="seleniumpractice.WaitsInSelenium.Parameterized" name="TestCase4" time="0.000"/>
  <testcase classname="seleniumpractice.WaitsInSelenium.Parameterized" name="TestCase4" time="0.000"/>
  <testcase classname="seleniumpractice.WaitsInSelenium.Parameterized" name="TestCase4" time="0.000"/>
  <testcase classname="seleniumpractice.WaitsInSelenium.Parameterized" name="TestCase4" time="0.000"/>
  <testcase classname="seleniumpractice.WaitsInSelenium.Parameterized" name="TestCase4" time="0.000"/>
  <testcase classname="seleniumpractice.WaitsInSelenium.Parameterized" name="TestCase4" time="0.000"/>
  <testcase classname="seleniumpractice.WaitsInSelenium.Parameterized" name="TestCase4" time="0.001"/>
  <testcase classname="seleniumpractice.WaitsInSelenium.Parameterized" name="TestCase4" time="0.000"/>
  <testcase classname="seleniumpractice.WaitsInSelenium.Parameterized" name="TestCase4" time="0.000"/>
  <testcase classname="seleniumpractice.WaitsInSelenium.Parameterized" name="TestCase4" time="0.001"/>
  <testcase classname="seleniumpractice.WaitsInSelenium.Parameterized" name="TestCase4" time="0.000"/>
  <testcase classname="seleniumpractice.WaitsInSelenium.Parameterized" name="TestCase4" time="0.000"/>
  <testcase classname="seleniumpractice.WaitsInSelenium.Parameterized" name="TestCase4" time="0.000"/>
  <testcase classname="seleniumpractice.WaitsInSelenium.Parameterized" name="TestCase4" time="0.000"/>
  <testcase classname="seleniumpractice.WaitsInSelenium.Parameterized" name="TestCase4" time="0.000"/>
  <testcase classname="seleniumpractice.WaitsInSelenium.Parameterized" name="TestCase4" time="0.000"/>
  <testcase classname="seleniumpractice.WaitsInSelenium.Parameterized" name="TestCase4" time="0.001"/>
  <testcase classname="seleniumpractice.WaitsInSelenium.Parameterized" name="TestCase4" time="0.000"/>
  <testcase classname="seleniumpractice.WaitsInSelenium.Parameterized" name="TestCase4" time="0.001"/>
  <testcase classname="seleniumpractice.WaitsInSelenium.Parameterized" name="TestCase4" time="0.000"/>
  <testcase classname="seleniumpractice.WaitsInSelenium.Parameterized" name="TestCase4" time="0.000"/>
  <testcase classname="seleniumpractice.WaitsInSelenium.Parameterized" name="TestCase4" time="0.000"/>
  <testcase classname="seleniumpractice.WaitsInSelenium.Parameterized" name="TestCase4" time="0.571"/>
  <testcase classname="seleniumpractice.WaitsInSelenium.Parameterized" name="TestCase4" time="0.000"/>
  <testcase classname="seleniumpractice.WaitsInSelenium.Parameterized" name="TestCase4" time="0.001"/>
  <testcase classname="seleniumpractice.WaitsInSelenium.Parameterized" name="TestCase4" time="0.000"/>
  <testcase classname="seleniumpractice.WaitsInSelenium.Parameterized" name="TestCase4" time="0.000"/>
  <testcase classname="seleniumpractice.WaitsInSelenium.Parameterized" name="TestCase4" time="0.001"/>
  <testcase classname="seleniumpractice.WaitsInSelenium.Parameterized" name="TestCase4" time="0.000"/>
  <testcase classname="seleniumpractice.WaitsInSelenium.Parameterized" name="TestCase4" time="0.001"/>
  <testcase classname="seleniumpractice.WaitsInSelenium.Parameterized" name="TestCase4" time="0.000"/>
  <testcase classname="seleniumpractice.WaitsInSelenium.Parameterized" name="TestCase4" time="0.001"/>
  <testcase classname="seleniumpractice.WaitsInSelenium.Parameterized" name="TestCase4" time="0.000"/>
  <testcase classname="seleniumpractice.WaitsInSelenium.Parameterized" name="TestCase4" time="0.001"/>
  <testcase classname="seleniumpractice.WaitsInSelenium.Parameterized" name="TestCase4" time="0.000"/>
  <testcase classname="seleniumpractice.WaitsInSelenium.Parameterized" name="TestCase4" time="0.000"/>
  <testcase classname="seleniumpractice.WaitsInSelenium.Parameterized" name="TestCase4" time="0.001"/>
  <testcase classname="seleniumpractice.WaitsInSelenium.Parameterized" name="TestCase4" time="0.001"/>
  <testcase classname="seleniumpractice.WaitsInSelenium.Parameterized" name="TestCase4" time="0.000"/>
  <testcase classname="seleniumpractice.WaitsInSelenium.Parameterized" name="TestCase4" time="0.001"/>
  <testcase classname="seleniumpractice.WaitsInSelenium.Parameterized" name="TestCase4" time="0.002"/>
  <testcase classname="seleniumpractice.WaitsInSelenium.Parameterized" name="TestCase4" time="0.001"/>
  <testcase classname="seleniumpractice.WaitsInSelenium.Parameterized" name="TestCase4" time="0.001"/>
  <testcase classname="seleniumpractice.WaitsInSelenium.Parameterized" name="TestCase4" time="0.001"/>
  <testcase classname="seleniumpractice.WaitsInSelenium.Parameterized" name="TestCase4" time="0.000"/>
  <testcase classname="seleniumpractice.WaitsInSelenium.Parameterized" name="TestCase4" time="0.001"/>
  <testcase classname="seleniumpractice.WaitsInSelenium.Parameterized" name="TestCase4" time="0.000"/>
  <testcase classname="seleniumpractice.WaitsInSelenium.Parameterized" name="TestCase4" time="0.000"/>
  <testcase classname="seleniumpractice.WaitsInSelenium.Parameterized" name="TestCase4" time="0.001"/>
  <testcase classname="seleniumpractice.WaitsInSelenium.Parameterized" name="TestCase4" time="0.000"/>
  <testcase classname="seleniumpractice.WaitsInSelenium.Parameterized" name="TestCase4" time="0.000"/>
  <testcase classname="seleniumpractice.WaitsInSelenium.Parameterized" name="TestCase4" time="0.000"/>
  <testcase classname="seleniumpractice.WaitsInSelenium.Parameterized" name="TestCase4" time="0.000"/>
  <testcase classname="seleniumpractice.WaitsInSelenium.Parameterized" name="TestCase4" time="0.000"/>
  <testcase classname="seleniumpractice.WaitsInSelenium.Parameterized" name="TestCase4" time="0.000"/>
  <testcase classname="seleniumpractice.WaitsInSelenium.Parameterized" name="TestCase4" time="0.000"/>
  <testcase classname="seleniumpractice.WaitsInSelenium.Parameterized" name="TestCase4" time="0.000"/>
  <testcase classname="seleniumpractice.WaitsInSelenium.Parameterized" name="TestCase4" time="0.001"/>
  <testcase classname="seleniumpractice.WaitsInSelenium.Parameterized" name="TestCase4" time="0.000"/>
  <testcase classname="seleniumpractice.WaitsInSelenium.Parameterized" name="TestCase4" time="0.000"/>
  <testcase classname="seleniumpractice.WaitsInSelenium.Parameterized" name="TestCase4" time="0.000"/>
  <testcase classname="seleniumpractice.WaitsInSelenium.Parameterized" name="TestCase4" time="0.001"/>
  <testcase classname="seleniumpractice.WaitsInSelenium.Parameterized" name="TestCase4" time="0.001"/>
  <testcase classname="seleniumpractice.WaitsInSelenium.Parameterized" name="TestCase4" time="0.001"/>
  <testcase classname="seleniumpractice.WaitsInSelenium.Parameterized" name="TestCase4" time="0.001"/>
  <testcase classname="seleniumpractice.WaitsInSelenium.Parameterized" name="TestCase4" time="0.000"/>
  <testcase classname="seleniumpractice.WaitsInSelenium.Parameterized" name="TestCase4" time="0.000"/>
  <testcase classname="seleniumpractice.WaitsInSelenium.Parameterized" name="TestCase4" time="0.000"/>
  <testcase classname="seleniumpractice.WaitsInSelenium.Parameterized" name="TestCase4" time="0.001"/>
  <testcase classname="seleniumpractice.WaitsInSelenium.Parameterized" name="TestCase4" time="0.001"/>
  <testcase classname="seleniumpractice.WaitsInSelenium.Parameterized" name="TestCase4" time="0.000"/>
  <testcase classname="seleniumpractice.WaitsInSelenium.Parameterized" name="TestCase4" time="0.000"/>
  <testcase classname="seleniumpractice.WaitsInSelenium.Parameterized" name="TestCase4" time="0.001"/>
  <testcase classname="seleniumpractice.WaitsInSelenium.Parameterized" name="TestCase4" time="0.000"/>
  <testcase classname="seleniumpractice.WaitsInSelenium.Parameterized" name="TestCase4" time="0.000"/>
  <testcase classname="seleniumpractice.WaitsInSelenium.Parameterized" name="TestCase4" time="0.001"/>
  <testcase classname="seleniumpractice.WaitsInSelenium.Parameterized" name="TestCase4" time="0.000"/>
  <testcase classname="seleniumpractice.WaitsInSelenium.Parameterized" name="TestCase4" time="0.000"/>
  <testcase classname="seleniumpractice.WaitsInSelenium.Parameterized" name="TestCase4" time="0.000"/>
  <testcase classname="seleniumpractice.WaitsInSelenium.Parameterized" name="TestCase4" time="0.000"/>
  <testcase classname="seleniumpractice.WaitsInSelenium.Parameterized" name="TestCase4" time="0.000"/>
  <testcase classname="seleniumpractice.WaitsInSelenium.Parameterized" name="TestCase4" time="0.000"/>
  <testcase classname="seleniumpractice.WaitsInSelenium.Parameterized" name="TestCase4" time="0.001"/>
  <testcase classname="seleniumpractice.WaitsInSelenium.Parameterized" name="TestCase4" time="0.000"/>
  <testcase classname="seleniumpractice.WaitsInSelenium.Parameterized" name="TestCase4" time="0.001"/>
  <testcase classname="seleniumpractice.WaitsInSelenium.Parameterized" name="TestCase4" time="0.001"/>
  <testcase classname="seleniumpractice.WaitsInSelenium.Parameterized" name="TestCase4" time="0.000"/>
  <testcase classname="seleniumpractice.WaitsInSelenium.Parameterized" name="TestCase4" time="0.001"/>
  <testcase classname="seleniumpractice.WaitsInSelenium.Parameterized" name="TestCase4" time="0.002"/>
  <testcase classname="seleniumpractice.WaitsInSelenium.Parameterized" name="TestCase4" time="0.001"/>
  <testcase classname="seleniumpractice.WaitsInSelenium.Parameterized" name="TestCase4" time="0.000"/>
  <testcase classname="seleniumpractice.WaitsInSelenium.Parameterized" name="TestCase4" time="0.000"/>
  <testcase classname="seleniumpractice.WaitsInSelenium.Parameterized" name="TestCase4" time="0.000"/>
  <testcase classname="seleniumpractice.WaitsInSelenium.Parameterized" name="TestCase4" time="0.001"/>
  <testcase classname="seleniumpractice.WaitsInSelenium.Parameterized" name="TestCase4" time="0.000"/>
  <testcase classname="seleniumpractice.WaitsInSelenium.Parameterized" name="TestCase4" time="0.001"/>
  <testcase classname="seleniumpractice.WaitsInSelenium.Parameterized" name="TestCase4" time="0.001"/>
  <testcase classname="seleniumpractice.WaitsInSelenium.Parameterized" name="TestCase4" time="0.000"/>
  <testcase classname="seleniumpractice.WaitsInSelenium.Parameterized" name="TestCase4" time="0.001"/>
  <testcase classname="seleniumpractice.WaitsInSelenium.Parameterized" name="TestCase4" time="0.000"/>
  <testcase classname="seleniumpractice.WaitsInSelenium.Parameterized" name="TestCase4" time="0.001"/>
  <testcase classname="seleniumpractice.WaitsInSelenium.Parameterized" name="TestCase4" time="0.001"/>
  <testcase classname="seleniumpractice.WaitsInSelenium.Parameterized" name="TestCase4" time="0.001"/>
  <testcase classname="seleniumpractice.WaitsInSelenium.Parameterized" name="TestCase4" time="0.000"/>
  <testcase classname="seleniumpractice.WaitsInSelenium.Parameterized" name="TestCase4" time="0.001"/>
  <testcase classname="seleniumpractice.WaitsInSelenium.Parameterized" name="TestCase4" time="0.000"/>
  <testcase classname="seleniumpractice.WaitsInSelenium.Parameterized" name="TestCase4" time="0.000"/>
  <testcase classname="seleniumpractice.WaitsInSelenium.Parameterized" name="TestCase4" time="0.000"/>
  <testcase classname="seleniumpractice.WaitsInSelenium.Parameterized" name="TestCase4" time="0.000"/>
  <testcase classname="seleniumpractice.WaitsInSelenium.Parameterized" name="TestCase4" time="0.001"/>
  <testcase classname="seleniumpractice.WaitsInSelenium.Parameterized" name="TestCase4" time="0.000"/>
  <testcase classname="seleniumpractice.WaitsInSelenium.Parameterized" name="TestCase4" time="0.003"/>
  <testcase classname="seleniumpractice.WaitsInSelenium.Parameterized" name="TestCase4" time="0.001"/>
  <testcase classname="seleniumpractice.WaitsInSelenium.Parameterized" name="TestCase4" time="0.000"/>
  <testcase classname="seleniumpractice.WaitsInSelenium.Parameterized" name="TestCase4" time="0.000"/>
  <testcase classname="seleniumpractice.WaitsInSelenium.Parameterized" name="TestCase4" time="0.000"/>
  <testcase classname="seleniumpractice.WaitsInSelenium.Parameterized" name="TestCase4" time="0.002"/>
  <testcase classname="seleniumpractice.WaitsInSelenium.Parameterized" name="TestCase4" time="0.000"/>
  <testcase classname="seleniumpractice.WaitsInSelenium.Parameterized" name="TestCase4" time="0.000"/>
  <testcase classname="seleniumpractice.WaitsInSelenium.Parameterized" name="TestCase4" time="0.001"/>
  <testcase classname="seleniumpractice.WaitsInSelenium.Parameterized" name="TestCase4" time="0.000"/>
  <testcase classname="seleniumpractice.WaitsInSelenium.Parameterized" name="TestCase4" time="0.001"/>
  <testcase classname="seleniumpractice.WaitsInSelenium.Parameterized" name="TestCase4" time="0.000"/>
  <testcase classname="seleniumpractice.WaitsInSelenium.Parameterized" name="TestCase4" time="0.001"/>
  <testcase classname="seleniumpractice.WaitsInSelenium.Parameterized" name="TestCase4" time="0.000"/>
  <testcase classname="seleniumpractice.WaitsInSelenium.Parameterized" name="TestCase4" time="0.001"/>
  <testcase classname="seleniumpractice.WaitsInSelenium.Parameterized" name="TestCase4" time="0.000"/>
  <testcase classname="seleniumpractice.WaitsInSelenium.Parameterized" name="TestCase4" time="0.000"/>
  <testcase classname="seleniumpractice.WaitsInSelenium.Parameterized" name="TestCase4" time="0.001"/>
  <testcase classname="seleniumpractice.WaitsInSelenium.Parameterized" name="TestCase4" time="0.000"/>
  <testcase classname="seleniumpractice.WaitsInSelenium.Parameterized" name="TestCase4" time="0.000"/>
  <testcase classname="seleniumpractice.WaitsInSelenium.Parameterized" name="TestCase4" time="0.001"/>
  <testcase classname="seleniumpractice.WaitsInSelenium.Parameterized" name="TestCase4" time="0.000"/>
  <testcase classname="seleniumpractice.WaitsInSelenium.Parameterized" name="TestCase4" time="0.001"/>
  <testcase classname="seleniumpractice.WaitsInSelenium.Parameterized" name="TestCase4" time="0.001"/>
  <testcase classname="seleniumpractice.WaitsInSelenium.Parameterized" name="TestCase4" time="0.000"/>
  <testcase classname="seleniumpractice.WaitsInSelenium.Parameterized" name="TestCase4" time="0.000"/>
  <testcase classname="seleniumpractice.WaitsInSelenium.Parameterized" name="TestCase4" time="0.001"/>
  <testcase classname="seleniumpractice.WaitsInSelenium.Parameterized" name="TestCase4" time="0.001"/>
  <testcase classname="seleniumpractice.WaitsInSelenium.Parameterized" name="TestCase4" time="0.000"/>
  <testcase classname="seleniumpractice.WaitsInSelenium.Parameterized" name="TestCase4" time="0.000"/>
  <testcase classname="seleniumpractice.WaitsInSelenium.Parameterized" name="TestCase4" time="0.000"/>
  <testcase classname="seleniumpractice.WaitsInSelenium.Parameterized" name="TestCase4" time="0.000"/>
  <testcase classname="seleniumpractice.WaitsInSelenium.Parameterized" name="TestCase4" time="0.000"/>
  <testcase classname="seleniumpractice.WaitsInSelenium.Parameterized" name="TestCase4" time="0.000"/>
  <testcase classname="seleniumpractice.WaitsInSelenium.Parameterized" name="TestCase4" time="0.000"/>
  <testcase classname="seleniumpractice.WaitsInSelenium.Parameterized" name="TestCase4" time="0.000"/>
  <testcase classname="seleniumpractice.WaitsInSelenium.Parameterized" name="TestCase4" time="0.000"/>
  <testcase classname="seleniumpractice.WaitsInSelenium.Parameterized" name="TestCase4" time="0.000"/>
  <testcase classname="seleniumpractice.WaitsInSelenium.Parameterized" name="TestCase4" time="0.000"/>
  <testcase classname="seleniumpractice.WaitsInSelenium.Parameterized" name="TestCase4" time="0.000"/>
  <testcase classname="seleniumpractice.WaitsInSelenium.Parameterized" name="TestCase4" time="0.000"/>
  <testcase classname="seleniumpractice.WaitsInSelenium.Parameterized" name="TestCase4" time="0.001"/>
  <testcase classname="seleniumpractice.WaitsInSelenium.Parameterized" name="TestCase4" time="0.000"/>
  <testcase classname="seleniumpractice.WaitsInSelenium.Parameterized" name="TestCase4" time="0.000"/>
  <testcase classname="seleniumpractice.WaitsInSelenium.Parameterized" name="TestCase4" time="0.000"/>
  <testcase classname="seleniumpractice.WaitsInSelenium.Parameterized" name="TestCase4" time="0.000"/>
  <testcase classname="seleniumpractice.WaitsInSelenium.Parameterized" name="TestCase4" time="0.000"/>
  <testcase classname="seleniumpractice.WaitsInSelenium.Parameterized" name="TestCase4" time="0.000"/>
  <testcase classname="seleniumpractice.WaitsInSelenium.Parameterized" name="TestCase4" time="0.001"/>
  <testcase classname="seleniumpractice.WaitsInSelenium.Parameterized" name="TestCase4" time="0.000"/>
  <testcase classname="seleniumpractice.WaitsInSelenium.Parameterized" name="TestCase4" time="0.000"/>
  <testcase classname="seleniumpractice.WaitsInSelenium.Parameterized" name="TestCase4" time="0.001"/>
  <testcase classname="seleniumpractice.WaitsInSelenium.Parameterized" name="TestCase4" time="0.000"/>
  <testcase classname="seleniumpractice.WaitsInSelenium.Parameterized" name="TestCase4" time="0.001"/>
  <testcase classname="seleniumpractice.WaitsInSelenium.Parameterized" name="TestCase4" time="0.001"/>
  <testcase classname="seleniumpractice.WaitsInSelenium.Parameterized" name="TestCase4" time="0.001"/>
  <testcase classname="seleniumpractice.WaitsInSelenium.Parameterized" name="TestCase4" time="0.000"/>
  <testcase classname="seleniumpractice.WaitsInSelenium.Parameterized" name="TestCase4" time="0.000"/>
  <testcase classname="seleniumpractice.WaitsInSelenium.Parameterized" name="TestCase4" time="0.001"/>
  <testcase classname="seleniumpractice.WaitsInSelenium.Parameterized" name="TestCase4" time="0.000"/>
  <testcase classname="seleniumpractice.WaitsInSelenium.Parameterized" name="TestCase4" time="0.001"/>
  <testcase classname="seleniumpractice.WaitsInSelenium.Parameterized" name="TestCase4" time="0.000"/>
  <testcase classname="seleniumpractice.WaitsInSelenium.Parameterized" name="TestCase4" time="0.000"/>
  <testcase classname="seleniumpractice.WaitsInSelenium.Parameterized" name="TestCase4" time="0.000"/>
  <testcase classname="seleniumpractice.WaitsInSelenium.Parameterized" name="TestCase4" time="0.001"/>
  <testcase classname="seleniumpractice.WaitsInSelenium.Parameterized" name="TestCase4" time="0.001"/>
  <testcase classname="seleniumpractice.WaitsInSelenium.Parameterized" name="TestCase4" time="0.000"/>
  <testcase classname="seleniumpractice.WaitsInSelenium.Parameterized" name="TestCase4" time="0.001"/>
  <testcase classname="seleniumpractice.WaitsInSelenium.Parameterized" name="TestCase4" time="0.001"/>
  <testcase classname="seleniumpractice.WaitsInSelenium.Parameterized" name="TestCase4" time="0.001"/>
  <testcase classname="seleniumpractice.WaitsInSelenium.Parameterized" name="TestCase4" time="0.000"/>
  <testcase classname="seleniumpractice.WaitsInSelenium.Parameterized" name="TestCase4" time="0.000"/>
  <testcase classname="seleniumpractice.WaitsInSelenium.Parameterized" name="TestCase4" time="0.000"/>
  <testcase classname="seleniumpractice.WaitsInSelenium.Parameterized" name="TestCase4" time="0.000"/>
  <testcase classname="seleniumpractice.WaitsInSelenium.Parameterized" name="TestCase4" time="0.000"/>
  <testcase classname="seleniumpractice.WaitsInSelenium.Parameterized" name="TestCase4" time="0.000"/>
  <testcase classname="seleniumpractice.WaitsInSelenium.Parameterized" name="TestCase4" time="0.001"/>
  <testcase classname="seleniumpractice.WaitsInSelenium.Parameterized" name="TestCase4" time="0.000"/>
  <testcase classname="seleniumpractice.WaitsInSelenium.Parameterized" name="TestCase4" time="0.001"/>
  <testcase classname="seleniumpractice.WaitsInSelenium.Parameterized" name="TestCase4" time="0.000"/>
  <testcase classname="seleniumpractice.WaitsInSelenium.Parameterized" name="TestCase4" time="0.001"/>
  <testcase classname="seleniumpractice.WaitsInSelenium.Parameterized" name="TestCase4" time="0.000"/>
  <testcase classname="seleniumpractice.WaitsInSelenium.Parameterized" name="TestCase4" time="0.000"/>
  <testcase classname="seleniumpractice.WaitsInSelenium.Parameterized" name="TestCase4" time="0.000"/>
  <testcase classname="seleniumpractice.WaitsInSelenium.Parameterized" name="TestCase4" time="0.000"/>
  <testcase classname="seleniumpractice.WaitsInSelenium.Parameterized" name="TestCase4" time="0.000"/>
  <testcase classname="seleniumpractice.WaitsInSelenium.Parameterized" name="TestCase4" time="0.000"/>
  <testcase classname="seleniumpractice.WaitsInSelenium.Parameterized" name="TestCase4" time="0.000"/>
  <testcase classname="seleniumpractice.WaitsInSelenium.Parameterized" name="TestCase4" time="0.000"/>
  <testcase classname="seleniumpractice.WaitsInSelenium.Parameterized" name="TestCase4" time="0.000"/>
  <testcase classname="seleniumpractice.WaitsInSelenium.Parameterized" name="TestCase4" time="0.000"/>
  <testcase classname="seleniumpractice.WaitsInSelenium.Parameterized" name="TestCase4" time="0.001"/>
  <testcase classname="seleniumpractice.WaitsInSelenium.Parameterized" name="TestCase4" time="0.000"/>
  <testcase classname="seleniumpractice.WaitsInSelenium.Parameterized" name="TestCase4" time="0.000"/>
  <testcase classname="seleniumpractice.WaitsInSelenium.Parameterized" name="TestCase4" time="0.001"/>
  <testcase classname="seleniumpractice.WaitsInSelenium.Parameterized" name="TestCase4" time="0.000"/>
  <testcase classname="seleniumpractice.WaitsInSelenium.Parameterized" name="TestCase4" time="0.000"/>
  <testcase classname="seleniumpractice.WaitsInSelenium.Parameterized" name="TestCase4" time="0.001"/>
  <testcase classname="seleniumpractice.WaitsInSelenium.Parameterized" name="TestCase4" time="0.001"/>
  <testcase classname="seleniumpractice.WaitsInSelenium.Parameterized" name="TestCase4" time="0.000"/>
  <testcase classname="seleniumpractice.WaitsInSelenium.Parameterized" name="TestCase4" time="0.000"/>
  <testcase classname="seleniumpractice.WaitsInSelenium.Parameterized" name="TestCase4" time="0.000"/>
  <testcase classname="seleniumpractice.WaitsInSelenium.Parameterized" name="TestCase4" time="0.001"/>
  <testcase classname="seleniumpractice.WaitsInSelenium.Parameterized" name="TestCase4" time="0.000"/>
  <testcase classname="seleniumpractice.WaitsInSelenium.Parameterized" name="TestCase4" time="0.000"/>
  <testcase classname="seleniumpractice.WaitsInSelenium.Parameterized" name="TestCase4" time="0.000"/>
  <testcase classname="seleniumpractice.WaitsInSelenium.Parameterized" name="TestCase4" time="0.001"/>
  <testcase classname="seleniumpractice.WaitsInSelenium.Parameterized" name="TestCase4" time="0.001"/>
  <testcase classname="seleniumpractice.WaitsInSelenium.Parameterized" name="TestCase4" time="0.001"/>
  <testcase classname="seleniumpractice.WaitsInSelenium.Parameterized" name="TestCase4" time="0.000"/>
  <testcase classname="seleniumpractice.WaitsInSelenium.Parameterized" name="TestCase4" time="0.000"/>
  <testcase classname="seleniumpractice.WaitsInSelenium.Parameterized" name="TestCase4" time="0.000"/>
  <testcase classname="seleniumpractice.WaitsInSelenium.Parameterized" name="TestCase4" time="0.000"/>
  <testcase classname="seleniumpractice.WaitsInSelenium.Parameterized" name="TestCase4" time="0.000"/>
  <testcase classname="seleniumpractice.WaitsInSelenium.Parameterized" name="TestCase4" time="0.000"/>
  <testcase classname="seleniumpractice.WaitsInSelenium.Parameterized" name="TestCase4" time="0.000"/>
  <testcase classname="seleniumpractice.WaitsInSelenium.Parameterized" name="TestCase4" time="0.000"/>
  <testcase classname="seleniumpractice.WaitsInSelenium.Parameterized" name="TestCase4" time="0.001"/>
  <testcase classname="seleniumpractice.WaitsInSelenium.Parameterized" name="TestCase4" time="0.000"/>
  <testcase classname="seleniumpractice.WaitsInSelenium.Parameterized" name="TestCase4" time="0.001"/>
  <testcase classname="seleniumpractice.WaitsInSelenium.Parameterized" name="TestCase4" time="0.001"/>
  <testcase classname="seleniumpractice.WaitsInSelenium.Parameterized" name="TestCase4" time="0.001"/>
  <testcase classname="seleniumpractice.WaitsInSelenium.Parameterized" name="TestCase4" time="0.000"/>
  <testcase classname="seleniumpractice.WaitsInSelenium.Parameterized" name="TestCase4" time="0.001"/>
  <testcase classname="seleniumpractice.WaitsInSelenium.Parameterized" name="TestCase4" time="0.001"/>
  <testcase classname="seleniumpractice.WaitsInSelenium.Parameterized" name="TestCase4" time="0.001"/>
  <testcase classname="seleniumpractice.WaitsInSelenium.Parameterized" name="TestCase4" time="0.000"/>
  <testcase classname="seleniumpractice.WaitsInSelenium.Parameterized" name="TestCase4" time="0.001"/>
  <testcase classname="seleniumpractice.WaitsInSelenium.Parameterized" name="TestCase4" time="0.001"/>
  <testcase classname="seleniumpractice.WaitsInSelenium.Parameterized" name="TestCase4" time="0.000"/>
  <testcase classname="seleniumpractice.WaitsInSelenium.Parameterized" name="TestCase4" time="0.000"/>
  <testcase classname="seleniumpractice.WaitsInSelenium.Parameterized" name="TestCase4" time="0.001"/>
  <testcase classname="seleniumpractice.WaitsInSelenium.Parameterized" name="TestCase4" time="0.000"/>
  <testcase classname="seleniumpractice.WaitsInSelenium.Parameterized" name="TestCase4" time="0.001"/>
  <testcase classname="seleniumpractice.WaitsInSelenium.Parameterized" name="TestCase4" time="0.000"/>
  <testcase classname="seleniumpractice.WaitsInSelenium.Parameterized" name="TestCase4" time="0.000"/>
  <testcase classname="seleniumpractice.WaitsInSelenium.Parameterized" name="TestCase4" time="0.000"/>
  <testcase classname="seleniumpractice.WaitsInSelenium.Parameterized" name="TestCase4" time="0.000"/>
  <testcase classname="seleniumpractice.WaitsInSelenium.Parameterized" name="TestCase4" time="0.000"/>
  <testcase classname="seleniumpractice.WaitsInSelenium.Parameterized" name="TestCase4" time="0.001"/>
  <testcase classname="seleniumpractice.WaitsInSelenium.Parameterized" name="TestCase4" time="0.000"/>
  <testcase classname="seleniumpractice.WaitsInSelenium.Parameterized" name="TestCase4" time="0.000"/>
  <testcase classname="seleniumpractice.WaitsInSelenium.Parameterized" name="TestCase4" time="0.000"/>
  <testcase classname="seleniumpractice.WaitsInSelenium.Parameterized" name="TestCase4" time="0.000"/>
  <testcase classname="seleniumpractice.WaitsInSelenium.Parameterized" name="TestCase4" time="0.000"/>
  <testcase classname="seleniumpractice.WaitsInSelenium.Parameterized" name="TestCase4" time="0.000"/>
  <testcase classname="seleniumpractice.WaitsInSelenium.Parameterized" name="TestCase4" time="0.000"/>
  <testcase classname="seleniumpractice.WaitsInSelenium.Parameterized" name="TestCase4" time="0.000"/>
  <testcase classname="seleniumpractice.WaitsInSelenium.Parameterized" name="TestCase4" time="0.000"/>
  <testcase classname="seleniumpractice.WaitsInSelenium.Parameterized" name="TestCase4" time="0.000"/>
  <testcase classname="seleniumpractice.WaitsInSelenium.Parameterized" name="TestCase4" time="0.001"/>
  <testcase classname="seleniumpractice.WaitsInSelenium.Parameterized" name="TestCase4" time="0.001"/>
  <testcase classname="seleniumpractice.WaitsInSelenium.Parameterized" name="TestCase4" time="0.000"/>
  <testcase classname="seleniumpractice.WaitsInSelenium.Parameterized" name="TestCase4" time="0.000"/>
  <testcase classname="seleniumpractice.WaitsInSelenium.Parameterized" name="TestCase4" time="0.000"/>
  <testcase classname="seleniumpractice.WaitsInSelenium.Parameterized" name="TestCase4" time="0.000"/>
  <testcase classname="seleniumpractice.WaitsInSelenium.Parameterized" name="TestCase4" time="0.000"/>
  <testcase classname="seleniumpractice.WaitsInSelenium.Parameterized" name="TestCase4" time="0.000"/>
  <testcase classname="seleniumpractice.WaitsInSelenium.Parameterized" name="TestCase4" time="0.000"/>
  <testcase classname="seleniumpractice.WaitsInSelenium.Parameterized" name="TestCase4" time="0.001"/>
  <testcase classname="seleniumpractice.WaitsInSelenium.Parameterized" name="TestCase4" time="0.000"/>
  <testcase classname="seleniumpractice.WaitsInSelenium.Parameterized" name="TestCase4" time="0.001"/>
  <testcase classname="seleniumpractice.WaitsInSelenium.Parameterized" name="TestCase4" time="0.000"/>
  <testcase classname="seleniumpractice.WaitsInSelenium.Parameterized" name="TestCase4" time="0.000"/>
  <testcase classname="seleniumpractice.WaitsInSelenium.Parameterized" name="TestCase4" time="0.000"/>
  <testcase classname="seleniumpractice.WaitsInSelenium.Parameterized" name="TestCase4" time="0.000"/>
  <testcase classname="seleniumpractice.WaitsInSelenium.Parameterized" name="TestCase4" time="0.001"/>
  <testcase classname="seleniumpractice.WaitsInSelenium.Parameterized" name="TestCase4" time="0.000"/>
  <testcase classname="seleniumpractice.WaitsInSelenium.Parameterized" name="TestCase4" time="0.000"/>
  <testcase classname="seleniumpractice.WaitsInSelenium.Parameterized" name="TestCase4" time="0.000"/>
  <testcase classname="seleniumpractice.WaitsInSelenium.Parameterized" name="TestCase4" time="0.000"/>
  <testcase classname="seleniumpractice.WaitsInSelenium.Parameterized" name="TestCase4" time="0.000"/>
  <testcase classname="seleniumpractice.WaitsInSelenium.Parameterized" name="TestCase4" time="0.000"/>
  <testcase classname="seleniumpractice.WaitsInSelenium.Parameterized" name="TestCase4" time="0.001"/>
  <testcase classname="seleniumpractice.WaitsInSelenium.Parameterized" name="TestCase4" time="0.000"/>
  <testcase classname="seleniumpractice.WaitsInSelenium.Parameterized" name="TestCase4" time="0.000"/>
  <testcase classname="seleniumpractice.WaitsInSelenium.Parameterized" name="TestCase4" time="0.000"/>
  <testcase classname="seleniumpractice.WaitsInSelenium.Parameterized" name="TestCase4" time="0.000"/>
  <testcase classname="seleniumpractice.WaitsInSelenium.Parameterized" name="TestCase4" time="0.000"/>
  <testcase classname="seleniumpractice.WaitsInSelenium.Parameterized" name="TestCase4" time="0.001"/>
  <testcase classname="seleniumpractice.WaitsInSelenium.Parameterized" name="TestCase4" time="0.000"/>
  <testcase classname="seleniumpractice.WaitsInSelenium.Parameterized" name="TestCase4" time="0.000"/>
  <testcase classname="seleniumpractice.WaitsInSelenium.Parameterized" name="TestCase4" time="0.001"/>
  <testcase classname="seleniumpractice.WaitsInSelenium.Parameterized" name="TestCase4" time="0.000"/>
  <testcase classname="seleniumpractice.WaitsInSelenium.Parameterized" name="TestCase4" time="0.000"/>
  <testcase classname="seleniumpractice.WaitsInSelenium.Parameterized" name="TestCase4" time="0.000"/>
  <testcase classname="seleniumpractice.WaitsInSelenium.Parameterized" name="TestCase4" time="0.000"/>
  <testcase classname="seleniumpractice.WaitsInSelenium.Parameterized" name="TestCase4" time="0.007"/>
  <testcase classname="seleniumpractice.WaitsInSelenium.Parameterized" name="TestCase4" time="0.000"/>
  <testcase classname="seleniumpractice.WaitsInSelenium.Parameterized" name="TestCase4" time="0.000"/>
  <testcase classname="seleniumpractice.WaitsInSelenium.Parameterized" name="TestCase4" time="0.000"/>
  <testcase classname="seleniumpractice.WaitsInSelenium.Parameterized" name="TestCase4" time="0.000"/>
  <testcase classname="seleniumpractice.WaitsInSelenium.Parameterized" name="TestCase4" time="0.000"/>
  <testcase classname="seleniumpractice.WaitsInSelenium.Parameterized" name="TestCase4" time="0.000"/>
  <testcase classname="seleniumpractice.WaitsInSelenium.Parameterized" name="TestCase4" time="0.003"/>
  <testcase classname="seleniumpractice.WaitsInSelenium.Parameterized" name="TestCase4" time="0.000"/>
  <testcase classname="seleniumpractice.WaitsInSelenium.Parameterized" name="TestCase4" time="0.000"/>
  <testcase classname="seleniumpractice.WaitsInSelenium.Parameterized" name="TestCase4" time="0.001"/>
  <testcase classname="seleniumpractice.WaitsInSelenium.Parameterized" name="TestCase4" time="0.001"/>
  <testcase classname="seleniumpractice.WaitsInSelenium.Parameterized" name="TestCase4" time="0.000"/>
  <testcase classname="seleniumpractice.WaitsInSelenium.Parameterized" name="TestCase4" time="0.001"/>
  <testcase classname="seleniumpractice.WaitsInSelenium.Parameterized" name="TestCase4" time="0.000"/>
  <testcase classname="seleniumpractice.WaitsInSelenium.Parameterized" name="TestCase4" time="0.000"/>
  <testcase classname="seleniumpractice.WaitsInSelenium.Parameterized" name="TestCase4" time="0.000"/>
  <testcase classname="seleniumpractice.WaitsInSelenium.Parameterized" name="TestCase4" time="0.001"/>
  <testcase classname="seleniumpractice.WaitsInSelenium.Parameterized" name="TestCase4" time="0.001"/>
  <testcase classname="seleniumpractice.WaitsInSelenium.Parameterized" name="TestCase4" time="0.000"/>
  <testcase classname="seleniumpractice.WaitsInSelenium.Parameterized" name="TestCase4" time="0.000"/>
  <testcase classname="seleniumpractice.WaitsInSelenium.Parameterized" name="TestCase4" time="0.000"/>
  <testcase classname="seleniumpractice.WaitsInSelenium.Parameterized" name="TestCase4" time="0.000"/>
  <testcase classname="seleniumpractice.WaitsInSelenium.Parameterized" name="TestCase4" time="0.000"/>
  <testcase classname="seleniumpractice.WaitsInSelenium.Parameterized" name="TestCase4" time="0.000"/>
  <testcase classname="seleniumpractice.WaitsInSelenium.Parameterized" name="TestCase4" time="0.000"/>
  <testcase classname="seleniumpractice.WaitsInSelenium.Parameterized" name="TestCase4" time="0.000"/>
  <testcase classname="seleniumpractice.WaitsInSelenium.Parameterized" name="TestCase4" time="0.000"/>
  <testcase classname="seleniumpractice.WaitsInSelenium.Parameterized" name="TestCase4" time="0.001"/>
  <testcase classname="seleniumpractice.WaitsInSelenium.Parameterized" name="TestCase4" time="0.000"/>
  <testcase classname="seleniumpractice.WaitsInSelenium.Parameterized" name="TestCase4" time="0.000"/>
  <testcase classname="seleniumpractice.WaitsInSelenium.Parameterized" name="TestCase4" time="0.000"/>
  <testcase classname="seleniumpractice.WaitsInSelenium.Parameterized" name="TestCase4" time="0.001"/>
  <testcase classname="seleniumpractice.WaitsInSelenium.Parameterized" name="TestCase4" time="0.002"/>
  <testcase classname="seleniumpractice.WaitsInSelenium.Parameterized" name="TestCase4" time="0.000"/>
  <testcase classname="seleniumpractice.WaitsInSelenium.Parameterized" name="TestCase4" time="0.000"/>
  <testcase classname="seleniumpractice.WaitsInSelenium.Parameterized" name="TestCase4" time="0.001"/>
  <testcase classname="seleniumpractice.WaitsInSelenium.Parameterized" name="TestCase4" time="0.000"/>
  <testcase classname="seleniumpractice.WaitsInSelenium.Parameterized" name="TestCase4" time="0.000"/>
  <testcase classname="seleniumpractice.WaitsInSelenium.Parameterized" name="TestCase4" time="0.000"/>
  <testcase classname="seleniumpractice.WaitsInSelenium.Parameterized" name="TestCase4" time="0.001"/>
  <testcase classname="seleniumpractice.WaitsInSelenium.Parameterized" name="TestCase4" time="0.001"/>
  <testcase classname="seleniumpractice.WaitsInSelenium.Parameterized" name="TestCase4" time="0.000"/>
  <testcase classname="seleniumpractice.WaitsInSelenium.Parameterized" name="TestCase4" time="0.000"/>
  <testcase classname="seleniumpractice.WaitsInSelenium.Parameterized" name="TestCase4" time="0.000"/>
  <testcase classname="seleniumpractice.WaitsInSelenium.Parameterized" name="TestCase4" time="0.000"/>
  <testcase classname="seleniumpractice.WaitsInSelenium.Parameterized" name="TestCase4" time="0.000"/>
  <testcase classname="seleniumpractice.WaitsInSelenium.Parameterized" name="TestCase4" time="0.000"/>
  <testcase classname="seleniumpractice.WaitsInSelenium.Parameterized" name="TestCase4" time="0.000"/>
  <testcase classname="seleniumpractice.WaitsInSelenium.Parameterized" name="TestCase4" time="0.000"/>
  <testcase classname="seleniumpractice.WaitsInSelenium.Parameterized" name="TestCase4" time="0.001"/>
  <testcase classname="seleniumpractice.WaitsInSelenium.Parameterized" name="TestCase4" time="0.001"/>
  <testcase classname="seleniumpractice.WaitsInSelenium.Parameterized" name="TestCase4" time="0.000"/>
  <testcase classname="seleniumpractice.WaitsInSelenium.Parameterized" name="TestCase4" time="0.000"/>
  <testcase classname="seleniumpractice.WaitsInSelenium.Parameterized" name="TestCase4" time="0.000"/>
  <testcase classname="seleniumpractice.WaitsInSelenium.Parameterized" name="TestCase4" time="0.001"/>
  <testcase classname="seleniumpractice.WaitsInSelenium.Parameterized" name="TestCase4" time="0.001"/>
  <testcase classname="seleniumpractice.WaitsInSelenium.Parameterized" name="TestCase4" time="0.000"/>
  <testcase classname="seleniumpractice.WaitsInSelenium.Parameterized" name="TestCase4" time="0.000"/>
  <testcase classname="seleniumpractice.WaitsInSelenium.Parameterized" name="TestCase4" time="0.000"/>
  <testcase classname="seleniumpractice.WaitsInSelenium.Parameterized" name="TestCase4" time="0.001"/>
  <testcase classname="seleniumpractice.WaitsInSelenium.Parameterized" name="TestCase4" time="0.000"/>
  <testcase classname="seleniumpractice.WaitsInSelenium.Parameterized" name="TestCase4" time="0.000"/>
  <testcase classname="seleniumpractice.WaitsInSelenium.Parameterized" name="TestCase4" time="0.001"/>
  <testcase classname="seleniumpractice.WaitsInSelenium.Parameterized" name="TestCase4" time="0.000"/>
  <testcase classname="seleniumpractice.WaitsInSelenium.Parameterized" name="TestCase4" time="0.001"/>
  <testcase classname="seleniumpractice.WaitsInSelenium.Parameterized" name="TestCase4" time="0.001"/>
  <testcase classname="seleniumpractice.WaitsInSelenium.Parameterized" name="TestCase4" time="0.000"/>
  <testcase classname="seleniumpractice.WaitsInSelenium.Parameterized" name="TestCase4" time="0.000"/>
  <testcase classname="seleniumpractice.WaitsInSelenium.Parameterized" name="TestCase4" time="0.000"/>
  <testcase classname="seleniumpractice.WaitsInSelenium.Parameterized" name="TestCase4" time="0.000"/>
  <testcase classname="seleniumpractice.WaitsInSelenium.Parameterized" name="TestCase4" time="0.000"/>
  <testcase classname="seleniumpractice.WaitsInSelenium.Parameterized" name="TestCase4" time="0.000"/>
  <testcase classname="seleniumpractice.WaitsInSelenium.Parameterized" name="TestCase4" time="0.001"/>
  <testcase classname="seleniumpractice.WaitsInSelenium.Parameterized" name="TestCase4" time="0.001"/>
  <testcase classname="seleniumpractice.WaitsInSelenium.Parameterized" name="TestCase4" time="0.000"/>
  <testcase classname="seleniumpractice.WaitsInSelenium.Parameterized" name="TestCase4" time="0.001"/>
  <testcase classname="seleniumpractice.WaitsInSelenium.Parameterized" name="TestCase4" time="0.000"/>
  <testcase classname="seleniumpractice.WaitsInSelenium.Parameterized" name="TestCase4" time="0.000"/>
  <testcase classname="seleniumpractice.WaitsInSelenium.Parameterized" name="TestCase4" time="0.001"/>
  <testcase classname="seleniumpractice.WaitsInSelenium.Parameterized" name="TestCase4" time="0.000"/>
  <testcase classname="seleniumpractice.WaitsInSelenium.Parameterized" name="TestCase4" time="0.001"/>
  <testcase classname="seleniumpractice.WaitsInSelenium.Parameterized" name="TestCase4" time="0.000"/>
  <testcase classname="seleniumpractice.WaitsInSelenium.Parameterized" name="TestCase4" time="0.000"/>
  <testcase classname="seleniumpractice.WaitsInSelenium.Parameterized" name="TestCase4" time="0.000"/>
  <testcase classname="seleniumpractice.WaitsInSelenium.Parameterized" name="TestCase4" time="0.000"/>
  <testcase classname="seleniumpractice.WaitsInSelenium.Parameterized" name="TestCase4" time="0.001"/>
  <testcase classname="seleniumpractice.WaitsInSelenium.Parameterized" name="TestCase4" time="0.000"/>
  <testcase classname="seleniumpractice.WaitsInSelenium.Parameterized" name="TestCase4" time="0.000"/>
  <testcase classname="seleniumpractice.WaitsInSelenium.Parameterized" name="TestCase4" time="0.000"/>
  <testcase classname="seleniumpractice.WaitsInSelenium.Parameterized" name="TestCase4" time="0.000"/>
  <testcase classname="seleniumpractice.WaitsInSelenium.Parameterized" name="TestCase4" time="0.000"/>
  <testcase classname="seleniumpractice.WaitsInSelenium.Parameterized" name="TestCase4" time="0.002"/>
  <testcase classname="seleniumpractice.WaitsInSelenium.Parameterized" name="TestCase4" time="0.000"/>
  <testcase classname="seleniumpractice.WaitsInSelenium.Parameterized" name="TestCase4" time="0.000"/>
  <testcase classname="seleniumpractice.WaitsInSelenium.Parameterized" name="TestCase4" time="0.001"/>
  <testcase classname="seleniumpractice.WaitsInSelenium.Parameterized" name="TestCase4" time="0.000"/>
  <testcase classname="seleniumpractice.WaitsInSelenium.Parameterized" name="TestCase4" time="0.000"/>
  <testcase classname="seleniumpractice.WaitsInSelenium.Parameterized" name="TestCase4" time="0.000"/>
  <testcase classname="seleniumpractice.WaitsInSelenium.Parameterized" name="TestCase4" time="0.000"/>
  <testcase classname="seleniumpractice.WaitsInSelenium.Parameterized" name="TestCase4" time="0.000"/>
  <testcase classname="seleniumpractice.WaitsInSelenium.Parameterized" name="TestCase4" time="0.000"/>
  <testcase classname="seleniumpractice.WaitsInSelenium.Parameterized" name="TestCase4" time="0.000"/>
  <testcase classname="seleniumpractice.WaitsInSelenium.Parameterized" name="TestCase4" time="0.000"/>
  <testcase classname="seleniumpractice.WaitsInSelenium.Parameterized" name="TestCase4" time="0.001"/>
  <testcase classname="seleniumpractice.WaitsInSelenium.Parameterized" name="TestCase4" time="0.000"/>
  <testcase classname="seleniumpractice.WaitsInSelenium.Parameterized" name="TestCase4" time="0.001"/>
  <testcase classname="seleniumpractice.WaitsInSelenium.Parameterized" name="TestCase4" time="0.001"/>
  <testcase classname="seleniumpractice.WaitsInSelenium.Parameterized" name="TestCase4" time="0.000"/>
  <testcase classname="seleniumpractice.WaitsInSelenium.Parameterized" name="TestCase4" time="0.000"/>
  <testcase classname="seleniumpractice.WaitsInSelenium.Parameterized" name="TestCase4" time="0.001"/>
  <testcase classname="seleniumpractice.WaitsInSelenium.Parameterized" name="TestCase4" time="0.000"/>
  <testcase classname="seleniumpractice.WaitsInSelenium.Parameterized" name="TestCase4" time="0.000"/>
  <testcase classname="seleniumpractice.WaitsInSelenium.Parameterized" name="TestCase4" time="0.000"/>
  <testcase classname="seleniumpractice.WaitsInSelenium.Parameterized" name="TestCase4" time="0.000"/>
  <testcase classname="seleniumpractice.WaitsInSelenium.Parameterized" name="TestCase4" time="0.001"/>
  <testcase classname="seleniumpractice.WaitsInSelenium.Parameterized" name="TestCase4" time="0.000"/>
  <testcase classname="seleniumpractice.WaitsInSelenium.Parameterized" name="TestCase4" time="0.000"/>
  <testcase classname="seleniumpractice.WaitsInSelenium.Parameterized" name="TestCase4" time="0.000"/>
  <testcase classname="seleniumpractice.WaitsInSelenium.Parameterized" name="TestCase4" time="0.001"/>
  <testcase classname="seleniumpractice.WaitsInSelenium.Parameterized" name="TestCase4" time="0.001"/>
  <testcase classname="seleniumpractice.WaitsInSelenium.Parameterized" name="TestCase4" time="0.000"/>
  <testcase classname="seleniumpractice.WaitsInSelenium.Parameterized" name="TestCase4" time="0.000"/>
  <testcase classname="seleniumpractice.WaitsInSelenium.Parameterized" name="TestCase4" time="0.001"/>
  <testcase classname="seleniumpractice.WaitsInSelenium.Parameterized" name="TestCase4" time="0.000"/>
  <testcase classname="seleniumpractice.WaitsInSelenium.Parameterized" name="TestCase4" time="0.000"/>
  <testcase classname="seleniumpractice.WaitsInSelenium.Parameterized" name="TestCase4" time="0.000"/>
  <testcase classname="seleniumpractice.WaitsInSelenium.Parameterized" name="TestCase4" time="0.000"/>
  <testcase classname="seleniumpractice.WaitsInSelenium.Parameterized" name="TestCase4" time="0.001"/>
  <testcase classname="seleniumpractice.WaitsInSelenium.Parameterized" name="TestCase4" time="0.000"/>
  <testcase classname="seleniumpractice.WaitsInSelenium.Parameterized" name="TestCase4" time="0.001"/>
  <testcase classname="seleniumpractice.WaitsInSelenium.Parameterized" name="TestCase4" time="0.000"/>
  <testcase classname="seleniumpractice.WaitsInSelenium.Parameterized" name="TestCase4" time="0.000"/>
  <testcase classname="seleniumpractice.WaitsInSelenium.Parameterized" name="TestCase4" time="0.000"/>
  <testcase classname="seleniumpractice.WaitsInSelenium.Parameterized" name="TestCase4" time="0.000"/>
  <testcase classname="seleniumpractice.WaitsInSelenium.Parameterized" name="TestCase4" time="0.000"/>
  <testcase classname="seleniumpractice.WaitsInSelenium.Parameterized" name="TestCase4" time="0.000"/>
  <testcase classname="seleniumpractice.WaitsInSelenium.Parameterized" name="TestCase4" time="0.000"/>
  <testcase classname="seleniumpractice.WaitsInSelenium.Parameterized" name="TestCase4" time="0.000"/>
  <testcase classname="seleniumpractice.WaitsInSelenium.Parameterized" name="TestCase4" time="0.000"/>
  <testcase classname="seleniumpractice.WaitsInSelenium.Parameterized" name="TestCase4" time="0.000"/>
  <testcase classname="seleniumpractice.WaitsInSelenium.Parameterized" name="TestCase4" time="0.001"/>
  <testcase classname="seleniumpractice.WaitsInSelenium.Parameterized" name="TestCase4" time="0.001"/>
  <testcase classname="seleniumpractice.WaitsInSelenium.Parameterized" name="TestCase4" time="0.001"/>
  <testcase classname="seleniumpractice.WaitsInSelenium.Parameterized" name="TestCase4" time="0.000"/>
  <testcase classname="seleniumpractice.WaitsInSelenium.Parameterized" name="TestCase4" time="0.000"/>
  <testcase classname="seleniumpractice.WaitsInSelenium.Parameterized" name="TestCase4" time="0.000"/>
  <testcase classname="seleniumpractice.WaitsInSelenium.Parameterized" name="TestCase4" time="0.001"/>
  <testcase classname="seleniumpractice.WaitsInSelenium.Parameterized" name="TestCase4" time="0.000"/>
  <testcase classname="seleniumpractice.WaitsInSelenium.Parameterized" name="TestCase4" time="0.001"/>
  <testcase classname="seleniumpractice.WaitsInSelenium.Parameterized" name="TestCase4" time="0.001"/>
  <testcase classname="seleniumpractice.WaitsInSelenium.Parameterized" name="TestCase4" time="0.000"/>
  <testcase classname="seleniumpractice.WaitsInSelenium.Parameterized" name="TestCase4" time="0.001"/>
  <testcase classname="seleniumpractice.WaitsInSelenium.Parameterized" name="TestCase4" time="0.000"/>
  <testcase classname="seleniumpractice.WaitsInSelenium.Parameterized" name="TestCase4" time="0.000"/>
  <testcase classname="seleniumpractice.WaitsInSelenium.Parameterized" name="TestCase4" time="0.000"/>
  <testcase classname="seleniumpractice.WaitsInSelenium.Parameterized" name="TestCase4" time="0.000"/>
  <testcase classname="seleniumpractice.WaitsInSelenium.Parameterized" name="TestCase4" time="0.000"/>
  <testcase classname="seleniumpractice.WaitsInSelenium.Parameterized" name="TestCase4" time="0.000"/>
  <testcase classname="seleniumpractice.WaitsInSelenium.Parameterized" name="TestCase4" time="0.001"/>
  <testcase classname="seleniumpractice.WaitsInSelenium.Parameterized" name="TestCase4" time="0.000"/>
  <testcase classname="seleniumpractice.WaitsInSelenium.Parameterized" name="TestCase4" time="0.000"/>
  <testcase classname="seleniumpractice.WaitsInSelenium.Parameterized" name="TestCase4" time="0.000"/>
  <testcase classname="seleniumpractice.WaitsInSelenium.Parameterized" name="TestCase4" time="0.001"/>
  <testcase classname="seleniumpractice.WaitsInSelenium.Parameterized" name="TestCase4" time="0.000"/>
  <testcase classname="seleniumpractice.WaitsInSelenium.Parameterized" name="TestCase4" time="0.000"/>
  <testcase classname="seleniumpractice.WaitsInSelenium.Parameterized" name="TestCase4" time="0.000"/>
  <testcase classname="seleniumpractice.WaitsInSelenium.Parameterized" name="TestCase4" time="0.000"/>
  <testcase classname="seleniumpractice.WaitsInSelenium.Parameterized" name="TestCase4" time="0.000"/>
  <testcase classname="seleniumpractice.WaitsInSelenium.Parameterized" name="TestCase4" time="0.001"/>
  <testcase classname="seleniumpractice.WaitsInSelenium.Parameterized" name="TestCase4" time="0.003"/>
  <testcase classname="seleniumpractice.WaitsInSelenium.Parameterized" name="TestCase4" time="0.001"/>
  <testcase classname="seleniumpractice.WaitsInSelenium.Parameterized" name="TestCase4" time="0.000"/>
  <testcase classname="seleniumpractice.WaitsInSelenium.Parameterized" name="TestCase4" time="0.000"/>
  <testcase classname="seleniumpractice.WaitsInSelenium.Parameterized" name="TestCase4" time="0.000"/>
  <testcase classname="seleniumpractice.WaitsInSelenium.Parameterized" name="TestCase4" time="0.001"/>
  <testcase classname="seleniumpractice.WaitsInSelenium.Parameterized" name="TestCase4" time="0.000"/>
  <testcase classname="seleniumpractice.WaitsInSelenium.Parameterized" name="TestCase4" time="0.001"/>
  <testcase classname="seleniumpractice.WaitsInSelenium.Parameterized" name="TestCase4" time="0.000"/>
  <testcase classname="seleniumpractice.WaitsInSelenium.Parameterized" name="TestCase4" time="0.001"/>
  <testcase classname="seleniumpractice.WaitsInSelenium.Parameterized" name="TestCase4" time="0.000"/>
  <testcase classname="seleniumpractice.WaitsInSelenium.Parameterized" name="TestCase4" time="0.000"/>
  <testcase classname="seleniumpractice.WaitsInSelenium.Parameterized" name="TestCase4" time="0.000"/>
  <testcase classname="seleniumpractice.WaitsInSelenium.Parameterized" name="TestCase4" time="0.001"/>
  <testcase classname="seleniumpractice.WaitsInSelenium.Parameterized" name="TestCase4" time="0.001"/>
  <testcase classname="seleniumpractice.WaitsInSelenium.Parameterized" name="TestCase4" time="0.000"/>
  <testcase classname="seleniumpractice.WaitsInSelenium.Parameterized" name="TestCase4" time="0.001"/>
  <testcase classname="seleniumpractice.WaitsInSelenium.Parameterized" name="TestCase4" time="0.001"/>
  <testcase classname="seleniumpractice.WaitsInSelenium.Parameterized" name="TestCase4" time="0.000"/>
  <testcase classname="seleniumpractice.WaitsInSelenium.Parameterized" name="TestCase4" time="0.000"/>
  <testcase classname="seleniumpractice.WaitsInSelenium.Parameterized" name="TestCase4" time="0.001"/>
  <testcase classname="seleniumpractice.WaitsInSelenium.Parameterized" name="TestCase4" time="0.001"/>
  <testcase classname="seleniumpractice.WaitsInSelenium.Parameterized" name="TestCase4" time="0.000"/>
  <testcase classname="seleniumpractice.WaitsInSelenium.Parameterized" name="TestCase4" time="0.000"/>
  <testcase classname="seleniumpractice.WaitsInSelenium.Parameterized" name="TestCase4" time="0.000"/>
  <testcase classname="seleniumpractice.WaitsInSelenium.Parameterized" name="TestCase4" time="0.000"/>
  <testcase classname="seleniumpractice.WaitsInSelenium.Parameterized" name="TestCase4" time="0.000"/>
  <testcase classname="seleniumpractice.WaitsInSelenium.Parameterized" name="TestCase4" time="0.001"/>
  <testcase classname="seleniumpractice.WaitsInSelenium.Parameterized" name="TestCase4" time="0.000"/>
  <testcase classname="seleniumpractice.WaitsInSelenium.Parameterized" name="TestCase4" time="0.000"/>
  <testcase classname="seleniumpractice.WaitsInSelenium.Parameterized" name="TestCase4" time="0.001"/>
  <testcase classname="seleniumpractice.WaitsInSelenium.Parameterized" name="TestCase4" time="0.000"/>
  <testcase classname="seleniumpractice.WaitsInSelenium.Parameterized" name="TestCase4" time="0.001"/>
  <testcase classname="seleniumpractice.WaitsInSelenium.Parameterized" name="TestCase4" time="0.000"/>
  <testcase classname="seleniumpractice.WaitsInSelenium.Parameterized" name="TestCase4" time="0.001"/>
  <testcase classname="seleniumpractice.WaitsInSelenium.Parameterized" name="TestCase4" time="0.001"/>
  <testcase classname="seleniumpractice.WaitsInSelenium.Parameterized" name="TestCase4" time="0.000"/>
  <testcase classname="seleniumpractice.WaitsInSelenium.Parameterized" name="TestCase4" time="0.000"/>
  <testcase classname="seleniumpractice.WaitsInSelenium.Parameterized" name="TestCase4" time="0.000"/>
  <testcase classname="seleniumpractice.WaitsInSelenium.Parameterized" name="TestCase4" time="0.001"/>
  <testcase classname="seleniumpractice.WaitsInSelenium.Parameterized" name="TestCase4" time="0.000"/>
  <testcase classname="seleniumpractice.WaitsInSelenium.Parameterized" name="TestCase4" time="0.000"/>
  <testcase classname="seleniumpractice.WaitsInSelenium.Parameterized" name="TestCase4" time="0.000"/>
  <testcase classname="seleniumpractice.WaitsInSelenium.Parameterized" name="TestCase4" time="0.000"/>
  <testcase classname="seleniumpractice.WaitsInSelenium.Parameterized" name="TestCase4" time="0.001"/>
  <testcase classname="seleniumpractice.WaitsInSelenium.Parameterized" name="TestCase4" time="0.001"/>
  <testcase classname="seleniumpractice.WaitsInSelenium.Parameterized" name="TestCase4" time="0.001"/>
  <testcase classname="seleniumpractice.WaitsInSelenium.Parameterized" name="TestCase4" time="0.000"/>
  <testcase classname="seleniumpractice.WaitsInSelenium.Parameterized" name="TestCase4" time="0.000"/>
  <testcase classname="seleniumpractice.WaitsInSelenium.Parameterized" name="TestCase4" time="0.000"/>
  <testcase classname="seleniumpractice.WaitsInSelenium.Parameterized" name="TestCase4" time="0.000"/>
  <testcase classname="seleniumpractice.WaitsInSelenium.Parameterized" name="TestCase4" time="0.001"/>
  <testcase classname="seleniumpractice.WaitsInSelenium.Parameterized" name="TestCase4" time="0.001"/>
  <testcase classname="seleniumpractice.WaitsInSelenium.Parameterized" name="TestCase4" time="0.000"/>
  <testcase classname="seleniumpractice.WaitsInSelenium.Parameterized" name="TestCase4" time="0.001"/>
  <testcase classname="seleniumpractice.WaitsInSelenium.Parameterized" name="TestCase4" time="0.000"/>
  <testcase classname="seleniumpractice.WaitsInSelenium.Parameterized" name="TestCase4" time="0.000"/>
  <testcase classname="seleniumpractice.WaitsInSelenium.Parameterized" name="TestCase4" time="0.001"/>
  <testcase classname="seleniumpractice.WaitsInSelenium.Parameterized" name="TestCase4" time="0.000"/>
  <testcase classname="seleniumpractice.WaitsInSelenium.Parameterized" name="TestCase4" time="0.001"/>
  <testcase classname="seleniumpractice.WaitsInSelenium.Parameterized" name="TestCase4" time="0.004"/>
  <testcase classname="seleniumpractice.WaitsInSelenium.Parameterized" name="TestCase4" time="0.001"/>
  <testcase classname="seleniumpractice.WaitsInSelenium.Parameterized" name="TestCase4" time="0.000"/>
  <testcase classname="seleniumpractice.WaitsInSelenium.Parameterized" name="TestCase4" time="0.000"/>
  <testcase classname="seleniumpractice.WaitsInSelenium.Parameterized" name="TestCase4" time="0.000"/>
  <testcase classname="seleniumpractice.WaitsInSelenium.Parameterized" name="TestCase4" time="0.000"/>
  <testcase classname="seleniumpractice.WaitsInSelenium.Parameterized" name="TestCase4" time="0.000"/>
  <testcase classname="seleniumpractice.WaitsInSelenium.Parameterized" name="TestCase4" time="0.001"/>
  <testcase classname="seleniumpractice.WaitsInSelenium.Parameterized" name="TestCase4" time="0.000"/>
  <testcase classname="seleniumpractice.WaitsInSelenium.Parameterized" name="TestCase4" time="0.000"/>
  <testcase classname="seleniumpractice.WaitsInSelenium.Parameterized" name="TestCase4" time="0.000"/>
  <testcase classname="seleniumpractice.WaitsInSelenium.Parameterized" name="TestCase4" time="0.000"/>
  <testcase classname="seleniumpractice.WaitsInSelenium.Parameterized" name="TestCase4" time="0.000"/>
  <testcase classname="seleniumpractice.WaitsInSelenium.Parameterized" name="TestCase4" time="0.000"/>
  <testcase classname="seleniumpractice.WaitsInSelenium.Parameterized" name="TestCase4" time="0.001"/>
  <testcase classname="seleniumpractice.WaitsInSelenium.Parameterized" name="TestCase4" time="0.000"/>
  <testcase classname="seleniumpractice.WaitsInSelenium.Parameterized" name="TestCase4" time="0.000"/>
  <testcase classname="seleniumpractice.WaitsInSelenium.Parameterized" name="TestCase4" time="0.001"/>
  <testcase classname="seleniumpractice.WaitsInSelenium.Parameterized" name="TestCase4" time="0.000"/>
  <testcase classname="seleniumpractice.WaitsInSelenium.Parameterized" name="TestCase4" time="0.001"/>
  <testcase classname="seleniumpractice.WaitsInSelenium.Parameterized" name="TestCase4" time="0.000"/>
  <testcase classname="seleniumpractice.WaitsInSelenium.Parameterized" name="TestCase4" time="0.001"/>
  <testcase classname="seleniumpractice.WaitsInSelenium.Parameterized" name="TestCase4" time="0.001"/>
  <testcase classname="seleniumpractice.WaitsInSelenium.Parameterized" name="TestCase4" time="0.000"/>
  <testcase classname="seleniumpractice.WaitsInSelenium.Parameterized" name="TestCase4" time="0.000"/>
  <testcase classname="seleniumpractice.WaitsInSelenium.Parameterized" name="TestCase4" time="0.002"/>
  <testcase classname="seleniumpractice.WaitsInSelenium.Parameterized" name="TestCase4" time="0.000"/>
  <testcase classname="seleniumpractice.WaitsInSelenium.Parameterized" name="TestCase4" time="0.000"/>
  <testcase classname="seleniumpractice.WaitsInSelenium.Parameterized" name="TestCase4" time="0.000"/>
  <testcase classname="seleniumpractice.WaitsInSelenium.Parameterized" name="TestCase4" time="0.001"/>
  <testcase classname="seleniumpractice.WaitsInSelenium.Parameterized" name="TestCase4" time="0.001"/>
  <testcase classname="seleniumpractice.WaitsInSelenium.Parameterized" name="TestCase4" time="0.001"/>
  <testcase classname="seleniumpractice.WaitsInSelenium.Parameterized" name="TestCase4" time="0.000"/>
  <testcase classname="seleniumpractice.WaitsInSelenium.Parameterized" name="TestCase4" time="0.000"/>
  <testcase classname="seleniumpractice.WaitsInSelenium.Parameterized" name="TestCase4" time="0.000"/>
  <testcase classname="seleniumpractice.WaitsInSelenium.Parameterized" name="TestCase4" time="0.000"/>
  <testcase classname="seleniumpractice.WaitsInSelenium.Parameterized" name="TestCase4" time="0.000"/>
  <testcase classname="seleniumpractice.WaitsInSelenium.Parameterized" name="TestCase4" time="0.000"/>
  <testcase classname="seleniumpractice.WaitsInSelenium.Parameterized" name="TestCase4" time="0.000"/>
  <testcase classname="seleniumpractice.WaitsInSelenium.Parameterized" name="TestCase4" time="0.000"/>
  <testcase classname="seleniumpractice.WaitsInSelenium.Parameterized" name="TestCase4" time="0.000"/>
  <testcase classname="seleniumpractice.WaitsInSelenium.Parameterized" name="TestCase4" time="0.000"/>
  <testcase classname="seleniumpractice.WaitsInSelenium.Parameterized" name="TestCase4" time="0.000"/>
  <testcase classname="seleniumpractice.WaitsInSelenium.Parameterized" name="TestCase4" time="0.001"/>
  <testcase classname="seleniumpractice.WaitsInSelenium.Parameterized" name="TestCase4" time="0.000"/>
  <testcase classname="seleniumpractice.WaitsInSelenium.Parameterized" name="TestCase4" time="0.000"/>
  <testcase classname="seleniumpractice.WaitsInSelenium.Parameterized" name="TestCase4" time="0.000"/>
  <testcase classname="seleniumpractice.WaitsInSelenium.Parameterized" name="TestCase4" time="0.000"/>
  <testcase classname="seleniumpractice.WaitsInSelenium.Parameterized" name="TestCase4" time="0.000"/>
  <testcase classname="seleniumpractice.WaitsInSelenium.Parameterized" name="TestCase4" time="0.000"/>
  <testcase classname="seleniumpractice.WaitsInSelenium.Parameterized" name="TestCase4" time="0.000"/>
  <testcase classname="seleniumpractice.WaitsInSelenium.Parameterized" name="TestCase4" time="0.000"/>
  <testcase classname="seleniumpractice.WaitsInSelenium.Parameterized" name="TestCase4" time="0.000"/>
  <testcase classname="seleniumpractice.WaitsInSelenium.Parameterized" name="TestCase4" time="0.000"/>
  <testcase classname="seleniumpractice.WaitsInSelenium.Parameterized" name="TestCase4" time="0.001"/>
  <testcase classname="seleniumpractice.WaitsInSelenium.Parameterized" name="TestCase4" time="0.001"/>
  <testcase classname="seleniumpractice.WaitsInSelenium.Parameterized" name="TestCase4" time="0.001"/>
  <testcase classname="seleniumpractice.WaitsInSelenium.Parameterized" name="TestCase4" time="0.000"/>
  <testcase classname="seleniumpractice.WaitsInSelenium.Parameterized" name="TestCase4" time="0.000"/>
  <testcase classname="seleniumpractice.WaitsInSelenium.Parameterized" name="TestCase4" time="0.000"/>
  <testcase classname="seleniumpractice.WaitsInSelenium.Parameterized" name="TestCase4" time="0.000"/>
  <testcase classname="seleniumpractice.WaitsInSelenium.Parameterized" name="TestCase4" time="0.001"/>
  <testcase classname="seleniumpractice.WaitsInSelenium.Parameterized" name="TestCase4" time="0.001"/>
  <testcase classname="seleniumpractice.WaitsInSelenium.Parameterized" name="TestCase4" time="0.000"/>
  <testcase classname="seleniumpractice.WaitsInSelenium.Parameterized" name="TestCase4" time="0.001"/>
  <testcase classname="seleniumpractice.WaitsInSelenium.Parameterized" name="TestCase4" time="0.000"/>
  <testcase classname="seleniumpractice.WaitsInSelenium.Parameterized" name="TestCase4" time="0.000"/>
  <testcase classname="seleniumpractice.WaitsInSelenium.Parameterized" name="TestCase4" time="0.000"/>
  <testcase classname="seleniumpractice.WaitsInSelenium.Parameterized" name="TestCase4" time="0.000"/>
  <testcase classname="seleniumpractice.WaitsInSelenium.Parameterized" name="TestCase4" time="0.001"/>
  <testcase classname="seleniumpractice.WaitsInSelenium.Parameterized" name="TestCase4" time="0.000"/>
  <testcase classname="seleniumpractice.WaitsInSelenium.Parameterized" name="TestCase4" time="0.000"/>
  <testcase classname="seleniumpractice.WaitsInSelenium.Parameterized" name="TestCase4" time="0.000"/>
  <testcase classname="seleniumpractice.WaitsInSelenium.Parameterized" name="TestCase4" time="0.000"/>
  <testcase classname="seleniumpractice.WaitsInSelenium.Parameterized" name="TestCase4" time="0.002"/>
  <testcase classname="seleniumpractice.WaitsInSelenium.Parameterized" name="TestCase4" time="0.001"/>
  <testcase classname="seleniumpractice.WaitsInSelenium.Parameterized" name="TestCase4" time="0.000"/>
  <testcase classname="seleniumpractice.WaitsInSelenium.Parameterized" name="TestCase4" time="0.000"/>
  <testcase classname="seleniumpractice.WaitsInSelenium.Parameterized" name="TestCase4" time="0.000"/>
  <testcase classname="seleniumpractice.WaitsInSelenium.Parameterized" name="TestCase4" time="0.001"/>
  <testcase classname="seleniumpractice.WaitsInSelenium.Parameterized" name="TestCase4" time="0.000"/>
  <testcase classname="seleniumpractice.WaitsInSelenium.Parameterized" name="TestCase4" time="0.000"/>
  <testcase classname="seleniumpractice.WaitsInSelenium.Parameterized" name="TestCase4" time="0.000"/>
  <testcase classname="seleniumpractice.WaitsInSelenium.Parameterized" name="TestCase4" time="0.001"/>
  <testcase classname="seleniumpractice.WaitsInSelenium.Parameterized" name="TestCase4" time="0.000"/>
  <testcase classname="seleniumpractice.WaitsInSelenium.Parameterized" name="TestCase4" time="0.001"/>
  <testcase classname="seleniumpractice.WaitsInSelenium.Parameterized" name="TestCase4" time="0.001"/>
  <testcase classname="seleniumpractice.WaitsInSelenium.Parameterized" name="TestCase4" time="0.000"/>
  <testcase classname="seleniumpractice.WaitsInSelenium.Parameterized" name="TestCase4" time="0.000"/>
  <testcase classname="seleniumpractice.WaitsInSelenium.Parameterized" name="TestCase4" time="0.000"/>
  <testcase classname="seleniumpractice.WaitsInSelenium.Parameterized" name="TestCase4" time="0.000"/>
  <testcase classname="seleniumpractice.WaitsInSelenium.Parameterized" name="TestCase4" time="0.000"/>
  <testcase classname="seleniumpractice.WaitsInSelenium.Parameterized" name="TestCase4" time="0.000"/>
  <testcase classname="seleniumpractice.WaitsInSelenium.Parameterized" name="TestCase4" time="0.000"/>
  <testcase classname="seleniumpractice.WaitsInSelenium.Parameterized" name="TestCase4" time="0.000"/>
  <testcase classname="seleniumpractice.WaitsInSelenium.Parameterized" name="TestCase4" time="0.001"/>
  <testcase classname="seleniumpractice.WaitsInSelenium.Parameterized" name="TestCase4" time="0.002"/>
  <testcase classname="seleniumpractice.WaitsInSelenium.Parameterized" name="TestCase4" time="0.000"/>
  <testcase classname="seleniumpractice.WaitsInSelenium.Parameterized" name="TestCase4" time="0.000"/>
  <testcase classname="seleniumpractice.WaitsInSelenium.Parameterized" name="TestCase4" time="0.001"/>
  <testcase classname="seleniumpractice.WaitsInSelenium.Parameterized" name="TestCase4" time="0.000"/>
  <testcase classname="seleniumpractice.WaitsInSelenium.Parameterized" name="TestCase4" time="0.001"/>
  <testcase classname="seleniumpractice.WaitsInSelenium.Parameterized" name="TestCase4" time="0.000"/>
  <testcase classname="seleniumpractice.WaitsInSelenium.Parameterized" name="TestCase4" time="0.000"/>
  <testcase classname="seleniumpractice.WaitsInSelenium.Parameterized" name="TestCase4" time="0.000"/>
  <testcase classname="seleniumpractice.WaitsInSelenium.Parameterized" name="TestCase4" time="0.000"/>
  <testcase classname="seleniumpractice.WaitsInSelenium.Parameterized" name="TestCase4" time="0.000"/>
  <testcase classname="seleniumpractice.WaitsInSelenium.Parameterized" name="TestCase4" time="0.000"/>
  <testcase classname="seleniumpractice.WaitsInSelenium.Parameterized" name="TestCase4" time="0.000"/>
  <testcase classname="seleniumpractice.WaitsInSelenium.Parameterized" name="TestCase4" time="0.000"/>
  <testcase classname="seleniumpractice.WaitsInSelenium.Parameterized" name="TestCase4" time="0.001"/>
  <testcase classname="seleniumpractice.WaitsInSelenium.Parameterized" name="TestCase4" time="0.000"/>
  <testcase classname="seleniumpractice.WaitsInSelenium.Parameterized" name="TestCase4" time="0.001"/>
  <testcase classname="seleniumpractice.WaitsInSelenium.Parameterized" name="TestCase4" time="0.001"/>
  <testcase classname="seleniumpractice.WaitsInSelenium.Parameterized" name="TestCase4" time="0.001"/>
  <testcase classname="seleniumpractice.WaitsInSelenium.Parameterized" name="TestCase4" time="0.000"/>
  <testcase classname="seleniumpractice.WaitsInSelenium.Parameterized" name="TestCase4" time="0.000"/>
  <testcase classname="seleniumpractice.WaitsInSelenium.Parameterized" name="TestCase4" time="0.000"/>
  <testcase classname="seleniumpractice.WaitsInSelenium.Parameterized" name="TestCase4" time="0.001"/>
  <testcase classname="seleniumpractice.WaitsInSelenium.Parameterized" name="TestCase4" time="0.000"/>
  <testcase classname="seleniumpractice.WaitsInSelenium.Parameterized" name="TestCase4" time="0.001"/>
  <testcase classname="seleniumpractice.WaitsInSelenium.Parameterized" name="TestCase4" time="0.000"/>
  <testcase classname="seleniumpractice.WaitsInSelenium.Parameterized" name="TestCase4" time="0.000"/>
  <testcase classname="seleniumpractice.WaitsInSelenium.Parameterized" name="TestCase4" time="0.000"/>
  <testcase classname="seleniumpractice.WaitsInSelenium.Parameterized" name="TestCase4" time="0.000"/>
  <testcase classname="seleniumpractice.WaitsInSelenium.Parameterized" name="TestCase4" time="0.000"/>
  <testcase classname="seleniumpractice.WaitsInSelenium.Parameterized" name="TestCase4" time="0.000"/>
  <testcase classname="seleniumpractice.WaitsInSelenium.Parameterized" name="TestCase4" time="0.001"/>
  <testcase classname="seleniumpractice.WaitsInSelenium.Parameterized" name="TestCase4" time="0.000"/>
  <testcase classname="seleniumpractice.WaitsInSelenium.Parameterized" name="TestCase4" time="0.000"/>
  <testcase classname="seleniumpractice.WaitsInSelenium.Parameterized" name="TestCase4" time="0.001"/>
  <testcase classname="seleniumpractice.WaitsInSelenium.Parameterized" name="TestCase4" time="0.000"/>
  <testcase classname="seleniumpractice.WaitsInSelenium.Parameterized" name="TestCase4" time="0.000"/>
  <testcase classname="seleniumpractice.WaitsInSelenium.Parameterized" name="TestCase4" time="0.000"/>
  <testcase classname="seleniumpractice.WaitsInSelenium.Parameterized" name="TestCase4" time="0.000"/>
  <testcase classname="seleniumpractice.WaitsInSelenium.Parameterized" name="TestCase4" time="0.000"/>
  <testcase classname="seleniumpractice.WaitsInSelenium.Parameterized" name="TestCase4" time="0.000"/>
  <testcase classname="seleniumpractice.WaitsInSelenium.Parameterized" name="TestCase4" time="0.001"/>
  <testcase classname="seleniumpractice.WaitsInSelenium.Parameterized" name="TestCase4" time="0.000"/>
  <testcase classname="seleniumpractice.WaitsInSelenium.Parameterized" name="TestCase4" time="0.000"/>
  <testcase classname="seleniumpractice.WaitsInSelenium.Parameterized" name="TestCase4" time="0.001"/>
  <testcase classname="seleniumpractice.WaitsInSelenium.Parameterized" name="TestCase4" time="0.001"/>
  <testcase classname="seleniumpractice.WaitsInSelenium.Parameterized" name="TestCase4" time="0.000"/>
  <testcase classname="seleniumpractice.WaitsInSelenium.Parameterized" name="TestCase4" time="0.001"/>
  <testcase classname="seleniumpractice.WaitsInSelenium.Parameterized" name="TestCase4" time="0.000"/>
  <testcase classname="seleniumpractice.WaitsInSelenium.Parameterized" name="TestCase4" time="0.000"/>
  <testcase classname="seleniumpractice.WaitsInSelenium.Parameterized" name="TestCase4" time="0.001"/>
  <testcase classname="seleniumpractice.WaitsInSelenium.Parameterized" name="TestCase4" time="0.000"/>
  <testcase classname="seleniumpractice.WaitsInSelenium.Parameterized" name="TestCase4" time="0.000"/>
  <testcase classname="seleniumpractice.WaitsInSelenium.Parameterized" name="TestCase4" time="0.000"/>
  <testcase classname="seleniumpractice.WaitsInSelenium.Parameterized" name="TestCase4" time="0.000"/>
  <testcase classname="seleniumpractice.WaitsInSelenium.Parameterized" name="TestCase4" time="0.000"/>
  <testcase classname="seleniumpractice.WaitsInSelenium.Parameterized" name="TestCase4" time="0.001"/>
  <testcase classname="seleniumpractice.WaitsInSelenium.Parameterized" name="TestCase4" time="0.001"/>
  <testcase classname="seleniumpractice.WaitsInSelenium.Parameterized" name="TestCase4" time="0.001"/>
  <testcase classname="seleniumpractice.WaitsInSelenium.Parameterized" name="TestCase4" time="0.000"/>
  <testcase classname="seleniumpractice.WaitsInSelenium.Parameterized" name="TestCase4" time="0.000"/>
  <testcase classname="seleniumpractice.WaitsInSelenium.Parameterized" name="TestCase4" time="0.001"/>
  <testcase classname="seleniumpractice.WaitsInSelenium.Parameterized" name="TestCase4" time="0.001"/>
  <testcase classname="seleniumpractice.WaitsInSelenium.Parameterized" name="TestCase4" time="0.001"/>
  <testcase classname="seleniumpractice.WaitsInSelenium.Parameterized" name="TestCase4" time="0.000"/>
  <testcase classname="seleniumpractice.WaitsInSelenium.Parameterized" name="TestCase4" time="0.000"/>
  <testcase classname="seleniumpractice.WaitsInSelenium.Parameterized" name="TestCase4" time="0.000"/>
  <testcase classname="seleniumpractice.WaitsInSelenium.Parameterized" name="TestCase4" time="0.000"/>
  <testcase classname="seleniumpractice.WaitsInSelenium.Parameterized" name="TestCase4" time="0.000"/>
  <testcase classname="seleniumpractice.WaitsInSelenium.Parameterized" name="TestCase4" time="0.000"/>
  <testcase classname="seleniumpractice.WaitsInSelenium.Parameterized" name="TestCase4" time="0.001"/>
  <testcase classname="seleniumpractice.WaitsInSelenium.Parameterized" name="TestCase4" time="0.001"/>
  <testcase classname="seleniumpractice.WaitsInSelenium.Parameterized" name="TestCase4" time="0.000"/>
  <testcase classname="seleniumpractice.WaitsInSelenium.Parameterized" name="TestCase4" time="0.000"/>
  <testcase classname="seleniumpractice.WaitsInSelenium.Parameterized" name="TestCase4" time="0.000"/>
  <testcase classname="seleniumpractice.WaitsInSelenium.Parameterized" name="TestCase4" time="0.000"/>
  <testcase classname="seleniumpractice.WaitsInSelenium.Parameterized" name="TestCase4" time="0.000"/>
  <testcase classname="seleniumpractice.WaitsInSelenium.Parameterized" name="TestCase4" time="0.001"/>
  <testcase classname="seleniumpractice.WaitsInSelenium.Parameterized" name="TestCase4" time="0.000"/>
  <testcase classname="seleniumpractice.WaitsInSelenium.Parameterized" name="TestCase4" time="0.001"/>
  <testcase classname="seleniumpractice.WaitsInSelenium.Parameterized" name="TestCase4" time="0.000"/>
  <testcase classname="seleniumpractice.WaitsInSelenium.Parameterized" name="TestCase4" time="0.000"/>
  <testcase classname="seleniumpractice.WaitsInSelenium.Parameterized" name="TestCase4" time="0.001"/>
  <testcase classname="seleniumpractice.WaitsInSelenium.Parameterized" name="TestCase4" time="0.001"/>
  <testcase classname="seleniumpractice.WaitsInSelenium.Parameterized" name="TestCase4" time="0.000"/>
  <testcase classname="seleniumpractice.WaitsInSelenium.Parameterized" name="TestCase4" time="0.000"/>
  <testcase classname="seleniumpractice.WaitsInSelenium.Parameterized" name="TestCase4" time="0.001"/>
  <testcase classname="seleniumpractice.WaitsInSelenium.Parameterized" name="TestCase4" time="0.000"/>
  <testcase classname="seleniumpractice.WaitsInSelenium.Parameterized" name="TestCase4" time="0.001"/>
  <testcase classname="seleniumpractice.WaitsInSelenium.Parameterized" name="TestCase4" time="0.000"/>
  <testcase classname="seleniumpractice.WaitsInSelenium.Parameterized" name="TestCase4" time="0.000"/>
  <testcase classname="seleniumpractice.WaitsInSelenium.Parameterized" name="TestCase4" time="0.001"/>
  <testcase classname="seleniumpractice.WaitsInSelenium.Parameterized" name="TestCase4" time="0.000"/>
  <testcase classname="seleniumpractice.WaitsInSelenium.Parameterized" name="TestCase4" time="0.000"/>
  <testcase classname="seleniumpractice.WaitsInSelenium.Parameterized" name="TestCase4" time="0.000"/>
  <testcase classname="seleniumpractice.WaitsInSelenium.Parameterized" name="TestCase4" time="0.000"/>
  <testcase classname="seleniumpractice.WaitsInSelenium.Parameterized" name="TestCase4" time="0.000"/>
  <testcase classname="seleniumpractice.WaitsInSelenium.Parameterized" name="TestCase4" time="0.000"/>
  <testcase classname="seleniumpractice.WaitsInSelenium.Parameterized" name="TestCase4" time="0.001"/>
  <testcase classname="seleniumpractice.WaitsInSelenium.Parameterized" name="TestCase4" time="0.001"/>
  <testcase classname="seleniumpractice.WaitsInSelenium.Parameterized" name="TestCase4" time="0.000"/>
  <testcase classname="seleniumpractice.WaitsInSelenium.Parameterized" name="TestCase4" time="0.000"/>
  <testcase classname="seleniumpractice.WaitsInSelenium.Parameterized" name="TestCase4" time="0.000"/>
  <testcase classname="seleniumpractice.WaitsInSelenium.Parameterized" name="TestCase4" time="0.000"/>
  <testcase classname="seleniumpractice.WaitsInSelenium.Parameterized" name="TestCase4" time="0.002"/>
  <testcase classname="seleniumpractice.WaitsInSelenium.Parameterized" name="TestCase4" time="0.000"/>
  <testcase classname="seleniumpractice.WaitsInSelenium.Parameterized" name="TestCase4" time="0.000"/>
  <testcase classname="seleniumpractice.WaitsInSelenium.Parameterized" name="TestCase4" time="0.000"/>
  <testcase classname="seleniumpractice.WaitsInSelenium.Parameterized" name="TestCase4" time="0.000"/>
  <testcase classname="seleniumpractice.WaitsInSelenium.Parameterized" name="TestCase4" time="0.000"/>
  <testcase classname="seleniumpractice.WaitsInSelenium.Parameterized" name="TestCase4" time="0.001"/>
  <testcase classname="seleniumpractice.WaitsInSelenium.Parameterized" name="TestCase4" time="0.000"/>
  <testcase classname="seleniumpractice.WaitsInSelenium.Parameterized" name="TestCase4" time="0.000"/>
  <testcase classname="seleniumpractice.WaitsInSelenium.Parameterized" name="TestCase4" time="0.000"/>
  <testcase classname="seleniumpractice.WaitsInSelenium.Parameterized" name="TestCase4" time="0.000"/>
  <testcase classname="seleniumpractice.WaitsInSelenium.Parameterized" name="TestCase4" time="0.000"/>
  <testcase classname="seleniumpractice.WaitsInSelenium.Parameterized" name="TestCase4" time="0.000"/>
  <testcase classname="seleniumpractice.WaitsInSelenium.Parameterized" name="TestCase4" time="0.000"/>
  <testcase classname="seleniumpractice.WaitsInSelenium.Parameterized" name="TestCase4" time="0.000"/>
  <testcase classname="seleniumpractice.WaitsInSelenium.Parameterized" name="TestCase4" time="0.000"/>
  <testcase classname="seleniumpractice.WaitsInSelenium.Parameterized" name="TestCase4" time="0.000"/>
  <testcase classname="seleniumpractice.WaitsInSelenium.Parameterized" name="TestCase4" time="0.001"/>
  <testcase classname="seleniumpractice.WaitsInSelenium.Parameterized" name="TestCase4" time="0.000"/>
  <testcase classname="seleniumpractice.WaitsInSelenium.Parameterized" name="TestCase4" time="0.000"/>
  <testcase classname="seleniumpractice.WaitsInSelenium.Parameterized" name="TestCase4" time="0.000"/>
  <testcase classname="seleniumpractice.WaitsInSelenium.Parameterized" name="TestCase4" time="0.000"/>
  <testcase classname="seleniumpractice.WaitsInSelenium.Parameterized" name="TestCase4" time="0.001"/>
  <testcase classname="seleniumpractice.WaitsInSelenium.Parameterized" name="TestCase4" time="0.000"/>
  <testcase classname="seleniumpractice.WaitsInSelenium.Parameterized" name="TestCase4" time="0.002"/>
  <testcase classname="seleniumpractice.WaitsInSelenium.Parameterized" name="TestCase4" time="0.001"/>
  <testcase classname="seleniumpractice.WaitsInSelenium.Parameterized" name="TestCase4" time="0.000"/>
  <testcase classname="seleniumpractice.WaitsInSelenium.Parameterized" name="TestCase4" time="0.000"/>
  <testcase classname="seleniumpractice.WaitsInSelenium.Parameterized" name="TestCase4" time="0.000"/>
  <testcase classname="seleniumpractice.WaitsInSelenium.Parameterized" name="TestCase4" time="0.000"/>
  <testcase classname="seleniumpractice.WaitsInSelenium.Parameterized" name="TestCase4" time="0.001"/>
  <testcase classname="seleniumpractice.WaitsInSelenium.Parameterized" name="TestCase4" time="0.000"/>
  <testcase classname="seleniumpractice.WaitsInSelenium.Parameterized" name="TestCase4" time="0.000"/>
  <testcase classname="seleniumpractice.WaitsInSelenium.Parameterized" name="TestCase4" time="0.000"/>
  <testcase classname="seleniumpractice.WaitsInSelenium.Parameterized" name="TestCase4" time="0.001"/>
  <testcase classname="seleniumpractice.WaitsInSelenium.Parameterized" name="TestCase4" time="0.000"/>
  <testcase classname="seleniumpractice.WaitsInSelenium.Parameterized" name="TestCase4" time="0.000"/>
  <testcase classname="seleniumpractice.WaitsInSelenium.Parameterized" name="TestCase4" time="0.001"/>
  <testcase classname="seleniumpractice.WaitsInSelenium.Parameterized" name="TestCase4" time="0.000"/>
  <testcase classname="seleniumpractice.WaitsInSelenium.Parameterized" name="TestCase4" time="0.000"/>
  <testcase classname="seleniumpractice.WaitsInSelenium.Parameterized" name="TestCase4" time="0.000"/>
  <testcase classname="seleniumpractice.WaitsInSelenium.Parameterized" name="TestCase4" time="0.000"/>
  <testcase classname="seleniumpractice.WaitsInSelenium.Parameterized" name="TestCase4" time="0.000"/>
  <testcase classname="seleniumpractice.WaitsInSelenium.Parameterized" name="TestCase4" time="0.000"/>
  <testcase classname="seleniumpractice.WaitsInSelenium.Parameterized" name="TestCase4" time="0.000"/>
  <testcase classname="seleniumpractice.WaitsInSelenium.Parameterized" name="TestCase4" time="0.000"/>
  <testcase classname="seleniumpractice.WaitsInSelenium.Parameterized" name="TestCase4" time="0.000"/>
  <testcase classname="seleniumpractice.WaitsInSelenium.Parameterized" name="TestCase4" time="0.000"/>
  <testcase classname="seleniumpractice.WaitsInSelenium.Parameterized" name="TestCase4" time="0.000"/>
  <testcase classname="seleniumpractice.WaitsInSelenium.Parameterized" name="TestCase4" time="0.000"/>
  <testcase classname="seleniumpractice.WaitsInSelenium.Parameterized" name="TestCase4" time="0.000"/>
  <testcase classname="seleniumpractice.WaitsInSelenium.Parameterized" name="TestCase4" time="0.000"/>
  <testcase classname="seleniumpractice.WaitsInSelenium.Parameterized" name="TestCase4" time="0.001"/>
  <testcase classname="seleniumpractice.WaitsInSelenium.Parameterized" name="TestCase4" time="0.001"/>
  <testcase classname="seleniumpractice.WaitsInSelenium.Parameterized" name="TestCase4" time="0.001"/>
  <testcase classname="seleniumpractice.WaitsInSelenium.Parameterized" name="TestCase4" time="0.000"/>
  <testcase classname="seleniumpractice.WaitsInSelenium.Parameterized" name="TestCase4" time="0.001"/>
  <testcase classname="seleniumpractice.WaitsInSelenium.Parameterized" name="TestCase4" time="0.000"/>
  <testcase classname="seleniumpractice.WaitsInSelenium.Parameterized" name="TestCase4" time="0.000"/>
  <testcase classname="seleniumpractice.WaitsInSelenium.Parameterized" name="TestCase4" time="0.000"/>
  <testcase classname="seleniumpractice.WaitsInSelenium.Parameterized" name="TestCase4" time="0.001"/>
  <testcase classname="seleniumpractice.WaitsInSelenium.Parameterized" name="TestCase4" time="0.001"/>
  <testcase classname="seleniumpractice.WaitsInSelenium.Parameterized" name="TestCase4" time="0.000"/>
  <testcase classname="seleniumpractice.WaitsInSelenium.Parameterized" name="TestCase4" time="0.000"/>
  <testcase classname="seleniumpractice.WaitsInSelenium.Parameterized" name="TestCase4" time="0.000"/>
  <testcase classname="seleniumpractice.WaitsInSelenium.Parameterized" name="TestCase4" time="0.000"/>
  <testcase classname="seleniumpractice.WaitsInSelenium.Parameterized" name="TestCase4" time="0.000"/>
  <testcase classname="seleniumpractice.WaitsInSelenium.Parameterized" name="TestCase4" time="0.000"/>
  <testcase classname="seleniumpractice.WaitsInSelenium.Parameterized" name="TestCase4" time="0.001"/>
  <testcase classname="seleniumpractice.WaitsInSelenium.Parameterized" name="TestCase4" time="0.000"/>
  <testcase classname="seleniumpractice.WaitsInSelenium.Parameterized" name="TestCase4" time="0.000"/>
  <testcase classname="seleniumpractice.WaitsInSelenium.Parameterized" name="TestCase4" time="0.001"/>
  <testcase classname="seleniumpractice.WaitsInSelenium.Parameterized" name="TestCase4" time="0.000"/>
  <testcase classname="seleniumpractice.WaitsInSelenium.Parameterized" name="TestCase4" time="0.000"/>
  <testcase classname="seleniumpractice.WaitsInSelenium.Parameterized" name="TestCase4" time="0.000"/>
  <testcase classname="seleniumpractice.WaitsInSelenium.Parameterized" name="TestCase4" time="0.000"/>
  <testcase classname="seleniumpractice.WaitsInSelenium.Parameterized" name="TestCase4" time="0.000"/>
  <testcase classname="seleniumpractice.WaitsInSelenium.Parameterized" name="TestCase4" time="0.000"/>
  <testcase classname="seleniumpractice.WaitsInSelenium.Parameterized" name="TestCase4" time="0.000"/>
  <testcase classname="seleniumpractice.WaitsInSelenium.Parameterized" name="TestCase4" time="0.000"/>
  <testcase classname="seleniumpractice.WaitsInSelenium.Parameterized" name="TestCase4" time="0.000"/>
  <testcase classname="seleniumpractice.WaitsInSelenium.Parameterized" name="TestCase4" time="0.000"/>
  <testcase classname="seleniumpractice.WaitsInSelenium.Parameterized" name="TestCase4" time="0.000"/>
  <testcase classname="seleniumpractice.WaitsInSelenium.Parameterized" name="TestCase4" time="0.000"/>
  <testcase classname="seleniumpractice.WaitsInSelenium.Parameterized" name="TestCase4" time="0.000"/>
  <testcase classname="seleniumpractice.WaitsInSelenium.Parameterized" name="TestCase4" time="0.000"/>
  <testcase classname="seleniumpractice.WaitsInSelenium.Parameterized" name="TestCase4" time="0.000"/>
  <testcase classname="seleniumpractice.WaitsInSelenium.Parameterized" name="TestCase4" time="0.000"/>
  <testcase classname="seleniumpractice.WaitsInSelenium.Parameterized" name="TestCase4" time="0.001"/>
  <testcase classname="seleniumpractice.WaitsInSelenium.Parameterized" name="TestCase4" time="0.001"/>
  <testcase classname="seleniumpractice.WaitsInSelenium.Parameterized" name="TestCase4" time="0.000"/>
  <testcase classname="seleniumpractice.WaitsInSelenium.Parameterized" name="TestCase4" time="0.000"/>
  <testcase classname="seleniumpractice.WaitsInSelenium.Parameterized" name="TestCase4" time="0.001"/>
  <testcase classname="seleniumpractice.WaitsInSelenium.Parameterized" name="TestCase4" time="0.000"/>
  <testcase classname="seleniumpractice.WaitsInSelenium.Parameterized" name="TestCase4" time="0.001"/>
  <testcase classname="seleniumpractice.WaitsInSelenium.Parameterized" name="TestCase4" time="0.001"/>
  <testcase classname="seleniumpractice.WaitsInSelenium.Parameterized" name="TestCase4" time="0.000"/>
  <testcase classname="seleniumpractice.WaitsInSelenium.Parameterized" name="TestCase4" time="0.000"/>
  <testcase classname="seleniumpractice.WaitsInSelenium.Parameterized" name="TestCase4" time="0.000"/>
  <testcase classname="seleniumpractice.WaitsInSelenium.Parameterized" name="TestCase4" time="0.000"/>
  <testcase classname="seleniumpractice.WaitsInSelenium.Parameterized" name="TestCase4" time="0.000"/>
  <testcase classname="seleniumpractice.WaitsInSelenium.Parameterized" name="TestCase4" time="0.000"/>
  <testcase classname="seleniumpractice.WaitsInSelenium.Parameterized" name="TestCase4" time="0.001"/>
  <testcase classname="seleniumpractice.WaitsInSelenium.Parameterized" name="TestCase4" time="0.000"/>
  <testcase classname="seleniumpractice.WaitsInSelenium.Parameterized" name="TestCase4" time="0.000"/>
  <testcase classname="seleniumpractice.WaitsInSelenium.Parameterized" name="TestCase4" time="0.001"/>
  <testcase classname="seleniumpractice.WaitsInSelenium.Parameterized" name="TestCase4" time="0.000"/>
  <testcase classname="seleniumpractice.WaitsInSelenium.Parameterized" name="TestCase4" time="0.000"/>
  <testcase classname="seleniumpractice.WaitsInSelenium.Parameterized" name="TestCase4" time="0.000"/>
  <testcase classname="seleniumpractice.WaitsInSelenium.Parameterized" name="TestCase4" time="0.000"/>
  <testcase classname="seleniumpractice.WaitsInSelenium.Parameterized" name="TestCase4" time="0.000"/>
  <testcase classname="seleniumpractice.WaitsInSelenium.Parameterized" name="TestCase4" time="0.000"/>
  <testcase classname="seleniumpractice.WaitsInSelenium.Parameterized" name="TestCase4" time="0.000"/>
  <testcase classname="seleniumpractice.WaitsInSelenium.Parameterized" name="TestCase4" time="0.000"/>
  <testcase classname="seleniumpractice.WaitsInSelenium.Parameterized" name="TestCase4" time="0.000"/>
  <testcase classname="seleniumpractice.WaitsInSelenium.Parameterized" name="TestCase4" time="0.000"/>
  <testcase classname="seleniumpractice.WaitsInSelenium.Parameterized" name="TestCase4" time="0.002"/>
  <testcase classname="seleniumpractice.WaitsInSelenium.Parameterized" name="TestCase4" time="0.000"/>
  <testcase classname="seleniumpractice.WaitsInSelenium.Parameterized" name="TestCase4" time="0.000"/>
  <testcase classname="seleniumpractice.WaitsInSelenium.Parameterized" name="TestCase4" time="0.000"/>
  <testcase classname="seleniumpractice.WaitsInSelenium.Parameterized" name="TestCase4" time="0.000"/>
  <testcase classname="seleniumpractice.WaitsInSelenium.Parameterized" name="TestCase4" time="0.000"/>
  <testcase classname="seleniumpractice.WaitsInSelenium.Parameterized" name="TestCase4" time="0.000"/>
  <testcase classname="seleniumpractice.WaitsInSelenium.Parameterized" name="TestCase4" time="0.001"/>
  <testcase classname="seleniumpractice.WaitsInSelenium.Parameterized" name="TestCase4" time="0.002"/>
  <testcase classname="seleniumpractice.WaitsInSelenium.Parameterized" name="TestCase4" time="0.001"/>
  <testcase classname="seleniumpractice.WaitsInSelenium.Parameterized" name="TestCase4" time="0.000"/>
  <testcase classname="seleniumpractice.WaitsInSelenium.Parameterized" name="TestCase4" time="0.000"/>
  <testcase classname="seleniumpractice.WaitsInSelenium.Parameterized" name="TestCase4" time="0.000"/>
  <testcase classname="seleniumpractice.WaitsInSelenium.Parameterized" name="TestCase4" time="0.001"/>
  <testcase classname="seleniumpractice.WaitsInSelenium.Parameterized" name="TestCase4" time="0.000"/>
  <testcase classname="seleniumpractice.WaitsInSelenium.Parameterized" name="TestCase4" time="0.000"/>
  <testcase classname="seleniumpractice.WaitsInSelenium.Parameterized" name="TestCase4" time="0.001"/>
  <testcase classname="seleniumpractice.WaitsInSelenium.Parameterized" name="TestCase4" time="0.001"/>
  <testcase classname="seleniumpractice.WaitsInSelenium.Parameterized" name="TestCase4" time="0.000"/>
  <testcase classname="seleniumpractice.WaitsInSelenium.Parameterized" name="TestCase4" time="0.001"/>
  <testcase classname="seleniumpractice.WaitsInSelenium.Parameterized" name="TestCase4" time="0.000"/>
  <testcase classname="seleniumpractice.WaitsInSelenium.Parameterized" name="TestCase4" time="0.001"/>
  <testcase classname="seleniumpractice.WaitsInSelenium.Parameterized" name="TestCase4" time="0.001"/>
  <testcase classname="seleniumpractice.WaitsInSelenium.Parameterized" name="TestCase4" time="0.000"/>
  <testcase classname="seleniumpractice.WaitsInSelenium.Parameterized" name="TestCase4" time="0.001"/>
  <testcase classname="seleniumpractice.WaitsInSelenium.Parameterized" name="TestCase4" time="0.000"/>
  <testcase classname="seleniumpractice.WaitsInSelenium.Parameterized" name="TestCase4" time="0.001"/>
  <testcase classname="seleniumpractice.WaitsInSelenium.Parameterized" name="TestCase4" time="0.000"/>
  <testcase classname="seleniumpractice.WaitsInSelenium.Parameterized" name="TestCase4" time="0.001"/>
  <testcase classname="seleniumpractice.WaitsInSelenium.Parameterized" name="TestCase4" time="0.000"/>
  <testcase classname="seleniumpractice.WaitsInSelenium.Parameterized" name="TestCase4" time="0.000"/>
  <testcase classname="seleniumpractice.WaitsInSelenium.Parameterized" name="TestCase4" time="0.000"/>
  <testcase classname="seleniumpractice.WaitsInSelenium.Parameterized" name="TestCase4" time="0.000"/>
  <testcase classname="seleniumpractice.WaitsInSelenium.Parameterized" name="TestCase4" time="0.000"/>
  <testcase classname="seleniumpractice.WaitsInSelenium.Parameterized" name="TestCase4" time="0.000"/>
  <testcase classname="seleniumpractice.WaitsInSelenium.Parameterized" name="TestCase4" time="0.000"/>
  <testcase classname="seleniumpractice.WaitsInSelenium.Parameterized" name="TestCase4" time="0.000"/>
  <testcase classname="seleniumpractice.WaitsInSelenium.Parameterized" name="TestCase4" time="0.000"/>
  <testcase classname="seleniumpractice.WaitsInSelenium.Parameterized" name="TestCase4" time="0.000"/>
  <testcase classname="seleniumpractice.WaitsInSelenium.Parameterized" name="TestCase4" time="0.001"/>
  <testcase classname="seleniumpractice.WaitsInSelenium.Parameterized" name="TestCase4" time="0.000"/>
  <testcase classname="seleniumpractice.WaitsInSelenium.Parameterized" name="TestCase4" time="0.001"/>
  <testcase classname="seleniumpractice.WaitsInSelenium.Parameterized" name="TestCase4" time="0.000"/>
  <testcase classname="seleniumpractice.WaitsInSelenium.Parameterized" name="TestCase4" time="0.001"/>
  <testcase classname="seleniumpractice.WaitsInSelenium.Parameterized" name="TestCase4" time="0.000"/>
  <testcase classname="seleniumpractice.WaitsInSelenium.Parameterized" name="TestCase4" time="0.000"/>
  <testcase classname="seleniumpractice.WaitsInSelenium.Parameterized" name="TestCase4" time="0.000"/>
  <testcase classname="seleniumpractice.WaitsInSelenium.Parameterized" name="TestCase4" time="0.000"/>
  <testcase classname="seleniumpractice.WaitsInSelenium.Parameterized" name="TestCase4" time="0.000"/>
  <testcase classname="seleniumpractice.WaitsInSelenium.Parameterized" name="TestCase4" time="0.000"/>
  <testcase classname="seleniumpractice.WaitsInSelenium.Parameterized" name="TestCase4" time="0.000"/>
  <testcase classname="seleniumpractice.WaitsInSelenium.Parameterized" name="TestCase4" time="0.000"/>
  <testcase classname="seleniumpractice.WaitsInSelenium.Parameterized" name="TestCase4" time="0.000"/>
  <testcase classname="seleniumpractice.WaitsInSelenium.Parameterized" name="TestCase4" time="0.000"/>
  <testcase classname="seleniumpractice.WaitsInSelenium.Parameterized" name="TestCase4" time="0.000"/>
  <testcase classname="seleniumpractice.WaitsInSelenium.Parameterized" name="TestCase4" time="0.000"/>
  <testcase classname="seleniumpractice.WaitsInSelenium.Parameterized" name="TestCase4" time="0.000"/>
  <testcase classname="seleniumpractice.WaitsInSelenium.Parameterized" name="TestCase4" time="0.000"/>
  <testcase classname="seleniumpractice.WaitsInSelenium.Parameterized" name="TestCase4" time="0.000"/>
  <testcase classname="seleniumpractice.WaitsInSelenium.Parameterized" name="TestCase4" time="0.000"/>
  <testcase classname="seleniumpractice.WaitsInSelenium.Parameterized" name="TestCase4" time="0.000"/>
  <testcase classname="seleniumpractice.WaitsInSelenium.Parameterized" name="TestCase4" time="0.000"/>
  <testcase classname="seleniumpractice.WaitsInSelenium.Parameterized" name="TestCase4" time="0.000"/>
  <testcase classname="seleniumpractice.WaitsInSelenium.Parameterized" name="TestCase4" time="0.000"/>
  <testcase classname="seleniumpractice.WaitsInSelenium.Parameterized" name="TestCase4" time="0.000"/>
  <testcase classname="seleniumpractice.WaitsInSelenium.Parameterized" name="TestCase4" time="0.001"/>
  <testcase classname="seleniumpractice.WaitsInSelenium.Parameterized" name="TestCase4" time="0.001"/>
  <testcase classname="seleniumpractice.WaitsInSelenium.Parameterized" name="TestCase4" time="0.000"/>
  <testcase classname="seleniumpractice.WaitsInSelenium.Parameterized" name="TestCase4" time="0.000"/>
  <testcase classname="seleniumpractice.WaitsInSelenium.Parameterized" name="TestCase4" time="0.000"/>
  <testcase classname="seleniumpractice.WaitsInSelenium.Parameterized" name="TestCase4" time="0.000"/>
  <testcase classname="seleniumpractice.WaitsInSelenium.Parameterized" name="TestCase4" time="0.000"/>
  <testcase classname="seleniumpractice.WaitsInSelenium.Parameterized" name="TestCase4" time="0.000"/>
  <testcase classname="seleniumpractice.WaitsInSelenium.Parameterized" name="TestCase4" time="0.000"/>
  <testcase classname="seleniumpractice.WaitsInSelenium.Parameterized" name="TestCase4" time="0.000"/>
  <testcase classname="seleniumpractice.WaitsInSelenium.Parameterized" name="TestCase4" time="0.000"/>
  <testcase classname="seleniumpractice.WaitsInSelenium.Parameterized" name="TestCase4" time="0.001"/>
  <testcase classname="seleniumpractice.WaitsInSelenium.Parameterized" name="TestCase4" time="0.000"/>
  <testcase classname="seleniumpractice.WaitsInSelenium.Parameterized" name="TestCase4" time="0.001"/>
  <testcase classname="seleniumpractice.WaitsInSelenium.Parameterized" name="TestCase4" time="0.000"/>
  <testcase classname="seleniumpractice.WaitsInSelenium.Parameterized" name="TestCase4" time="0.000"/>
  <testcase classname="seleniumpractice.WaitsInSelenium.Parameterized" name="TestCase4" time="0.001"/>
  <testcase classname="seleniumpractice.WaitsInSelenium.Parameterized" name="TestCase4" time="0.001"/>
  <testcase classname="seleniumpractice.WaitsInSelenium.Parameterized" name="TestCase4" time="0.000"/>
  <testcase classname="seleniumpractice.WaitsInSelenium.Parameterized" name="TestCase4" time="0.000"/>
  <testcase classname="seleniumpractice.WaitsInSelenium.Parameterized" name="TestCase4" time="0.002"/>
  <testcase classname="seleniumpractice.WaitsInSelenium.Parameterized" name="TestCase4" time="0.000"/>
  <testcase classname="seleniumpractice.WaitsInSelenium.Parameterized" name="TestCase4" time="0.001"/>
  <testcase classname="seleniumpractice.WaitsInSelenium.Parameterized" name="TestCase4" time="0.001"/>
  <testcase classname="seleniumpractice.WaitsInSelenium.Parameterized" name="TestCase4" time="0.000"/>
  <testcase classname="seleniumpractice.WaitsInSelenium.Parameterized" name="TestCase4" time="0.000"/>
  <testcase classname="seleniumpractice.WaitsInSelenium.Parameterized" name="TestCase4" time="0.000"/>
  <testcase classname="seleniumpractice.WaitsInSelenium.Parameterized" name="TestCase4" time="0.000"/>
  <testcase classname="seleniumpractice.WaitsInSelenium.Parameterized" name="TestCase4" time="0.000"/>
  <testcase classname="seleniumpractice.WaitsInSelenium.Parameterized" name="TestCase4" time="0.001"/>
  <testcase classname="seleniumpractice.WaitsInSelenium.Parameterized" name="TestCase4" time="0.000"/>
  <testcase classname="seleniumpractice.WaitsInSelenium.Parameterized" name="TestCase4" time="0.002"/>
  <testcase classname="seleniumpractice.WaitsInSelenium.Parameterized" name="TestCase4" time="0.001"/>
  <testcase classname="seleniumpractice.WaitsInSelenium.Parameterized" name="TestCase4" time="0.000"/>
  <testcase classname="seleniumpractice.WaitsInSelenium.Parameterized" name="TestCase4" time="0.001"/>
  <testcase classname="seleniumpractice.WaitsInSelenium.Parameterized" name="TestCase4" time="0.001"/>
  <testcase classname="seleniumpractice.WaitsInSelenium.Parameterized" name="TestCase4" time="0.001"/>
  <testcase classname="seleniumpractice.WaitsInSelenium.Parameterized" name="TestCase4" time="0.000"/>
  <testcase classname="seleniumpractice.WaitsInSelenium.Parameterized" name="TestCase4" time="0.000"/>
  <testcase classname="seleniumpractice.WaitsInSelenium.Parameterized" name="TestCase4" time="0.000"/>
  <testcase classname="seleniumpractice.WaitsInSelenium.Parameterized" name="TestCase4" time="0.000"/>
  <testcase classname="seleniumpractice.WaitsInSelenium.Parameterized" name="TestCase4" time="0.001"/>
  <testcase classname="seleniumpractice.WaitsInSelenium.Parameterized" name="TestCase4" time="0.000"/>
  <testcase classname="seleniumpractice.WaitsInSelenium.Parameterized" name="TestCase4" time="0.001"/>
  <testcase classname="seleniumpractice.WaitsInSelenium.Parameterized" name="TestCase4" time="0.000"/>
  <testcase classname="seleniumpractice.WaitsInSelenium.Parameterized" name="TestCase4" time="0.000"/>
  <testcase classname="seleniumpractice.WaitsInSelenium.Parameterized" name="TestCase4" time="0.001"/>
  <testcase classname="seleniumpractice.WaitsInSelenium.Parameterized" name="TestCase4" time="0.000"/>
  <testcase classname="seleniumpractice.WaitsInSelenium.Parameterized" name="TestCase4" time="0.000"/>
  <testcase classname="seleniumpractice.WaitsInSelenium.Parameterized" name="TestCase4" time="0.001"/>
  <testcase classname="seleniumpractice.WaitsInSelenium.Parameterized" name="TestCase4" time="0.000"/>
  <testcase classname="seleniumpractice.WaitsInSelenium.Parameterized" name="TestCase4" time="0.001"/>
  <testcase classname="seleniumpractice.WaitsInSelenium.Parameterized" name="TestCase4" time="0.000"/>
  <testcase classname="seleniumpractice.WaitsInSelenium.Parameterized" name="TestCase4" time="0.000"/>
  <testcase classname="seleniumpractice.WaitsInSelenium.Parameterized" name="TestCase4" time="0.000"/>
  <testcase classname="seleniumpractice.WaitsInSelenium.Parameterized" name="TestCase4" time="0.000"/>
  <testcase classname="seleniumpractice.WaitsInSelenium.Parameterized" name="TestCase4" time="0.000"/>
  <testcase classname="seleniumpractice.WaitsInSelenium.Parameterized" name="TestCase4" time="0.000"/>
  <testcase classname="seleniumpractice.WaitsInSelenium.Parameterized" name="TestCase4" time="0.001"/>
  <testcase classname="seleniumpractice.WaitsInSelenium.Parameterized" name="TestCase4" time="0.000"/>
  <testcase classname="seleniumpractice.WaitsInSelenium.Parameterized" name="TestCase4" time="0.000"/>
  <testcase classname="seleniumpractice.WaitsInSelenium.Parameterized" name="TestCase4" time="0.001"/>
  <testcase classname="seleniumpractice.WaitsInSelenium.Parameterized" name="TestCase4" time="0.000"/>
  <testcase classname="seleniumpractice.WaitsInSelenium.Parameterized" name="TestCase4" time="0.000"/>
  <testcase classname="seleniumpractice.WaitsInSelenium.Parameterized" name="TestCase4" time="0.002"/>
  <testcase classname="seleniumpractice.WaitsInSelenium.Parameterized" name="TestCase4" time="0.002"/>
  <testcase classname="seleniumpractice.WaitsInSelenium.Parameterized" name="TestCase4" time="0.000"/>
  <testcase classname="seleniumpractice.WaitsInSelenium.Parameterized" name="TestCase4" time="0.000"/>
  <testcase classname="seleniumpractice.WaitsInSelenium.Parameterized" name="TestCase4" time="0.000"/>
  <testcase classname="seleniumpractice.WaitsInSelenium.Parameterized" name="TestCase4" time="0.001"/>
  <testcase classname="seleniumpractice.WaitsInSelenium.Parameterized" name="TestCase4" time="0.000"/>
  <testcase classname="seleniumpractice.WaitsInSelenium.Parameterized" name="TestCase4" time="0.000"/>
  <testcase classname="seleniumpractice.WaitsInSelenium.Parameterized" name="TestCase4" time="0.000"/>
  <testcase classname="seleniumpractice.WaitsInSelenium.Parameterized" name="TestCase4" time="0.000"/>
  <testcase classname="seleniumpractice.WaitsInSelenium.Parameterized" name="TestCase4" time="0.001"/>
  <testcase classname="seleniumpractice.WaitsInSelenium.Parameterized" name="TestCase4" time="0.000"/>
  <testcase classname="seleniumpractice.WaitsInSelenium.Parameterized" name="TestCase4" time="0.000"/>
  <testcase classname="seleniumpractice.WaitsInSelenium.Parameterized" name="TestCase4" time="0.000"/>
  <testcase classname="seleniumpractice.WaitsInSelenium.Parameterized" name="TestCase4" time="0.000"/>
  <testcase classname="seleniumpractice.WaitsInSelenium.Parameterized" name="TestCase4" time="0.001"/>
  <testcase classname="seleniumpractice.WaitsInSelenium.Parameterized" name="TestCase4" time="0.001"/>
  <testcase classname="seleniumpractice.WaitsInSelenium.Parameterized" name="TestCase4" time="0.001"/>
  <testcase classname="seleniumpractice.WaitsInSelenium.Parameterized" name="TestCase4" time="0.000"/>
  <testcase classname="seleniumpractice.WaitsInSelenium.Parameterized" name="TestCase4" time="0.000"/>
  <testcase classname="seleniumpractice.WaitsInSelenium.Parameterized" name="TestCase4" time="0.001"/>
  <testcase classname="seleniumpractice.WaitsInSelenium.Parameterized" name="TestCase4" time="0.002"/>
  <testcase classname="seleniumpractice.WaitsInSelenium.Parameterized" name="TestCase4" time="0.000"/>
  <testcase classname="seleniumpractice.WaitsInSelenium.Parameterized" name="TestCase4" time="0.000"/>
  <testcase classname="seleniumpractice.WaitsInSelenium.Parameterized" name="TestCase4" time="0.000"/>
  <testcase classname="seleniumpractice.WaitsInSelenium.Parameterized" name="TestCase4" time="0.001"/>
  <testcase classname="seleniumpractice.WaitsInSelenium.Parameterized" name="TestCase4" time="0.000"/>
  <testcase classname="seleniumpractice.WaitsInSelenium.Parameterized" name="TestCase4" time="0.001"/>
  <testcase classname="seleniumpractice.WaitsInSelenium.Parameterized" name="TestCase4" time="0.000"/>
  <testcase classname="seleniumpractice.WaitsInSelenium.Parameterized" name="TestCase4" time="0.000"/>
  <testcase classname="seleniumpractice.WaitsInSelenium.Parameterized" name="TestCase4" time="0.001"/>
  <testcase classname="seleniumpractice.WaitsInSelenium.Parameterized" name="TestCase4" time="0.000"/>
  <testcase classname="seleniumpractice.WaitsInSelenium.Parameterized" name="TestCase4" time="0.000"/>
  <testcase classname="seleniumpractice.WaitsInSelenium.Parameterized" name="TestCase4" time="0.000"/>
  <testcase classname="seleniumpractice.WaitsInSelenium.Parameterized" name="TestCase4" time="0.000"/>
  <testcase classname="seleniumpractice.WaitsInSelenium.Parameterized" name="TestCase4" time="0.000"/>
  <testcase classname="seleniumpractice.WaitsInSelenium.Parameterized" name="TestCase4" time="0.000"/>
  <testcase classname="seleniumpractice.WaitsInSelenium.Parameterized" name="TestCase4" time="0.000"/>
  <testcase classname="seleniumpractice.WaitsInSelenium.Parameterized" name="TestCase4" time="0.001"/>
  <testcase classname="seleniumpractice.WaitsInSelenium.Parameterized" name="TestCase4" time="0.001"/>
  <testcase classname="seleniumpractice.WaitsInSelenium.Parameterized" name="TestCase4" time="0.001"/>
  <testcase classname="seleniumpractice.WaitsInSelenium.Parameterized" name="TestCase4" time="0.000"/>
  <testcase classname="seleniumpractice.WaitsInSelenium.Parameterized" name="TestCase4" time="0.000"/>
  <testcase classname="seleniumpractice.WaitsInSelenium.Parameterized" name="TestCase4" time="0.000"/>
  <testcase classname="seleniumpractice.WaitsInSelenium.Parameterized" name="TestCase4" time="0.000"/>
  <testcase classname="seleniumpractice.WaitsInSelenium.Parameterized" name="TestCase4" time="0.000"/>
  <testcase classname="seleniumpractice.WaitsInSelenium.Parameterized" name="TestCase4" time="0.000"/>
  <testcase classname="seleniumpractice.WaitsInSelenium.Parameterized" name="TestCase4" time="0.001"/>
  <testcase classname="seleniumpractice.WaitsInSelenium.Parameterized" name="TestCase4" time="0.000"/>
  <testcase classname="seleniumpractice.WaitsInSelenium.Parameterized" name="TestCase4" time="0.000"/>
  <testcase classname="seleniumpractice.WaitsInSelenium.Parameterized" name="TestCase4" time="0.001"/>
  <testcase classname="seleniumpractice.WaitsInSelenium.Parameterized" name="TestCase4" time="0.000"/>
  <testcase classname="seleniumpractice.WaitsInSelenium.Parameterized" name="TestCase4" time="0.000"/>
  <testcase classname="seleniumpractice.WaitsInSelenium.Parameterized" name="TestCase4" time="0.001"/>
  <testcase classname="seleniumpractice.WaitsInSelenium.Parameterized" name="TestCase4" time="0.000"/>
  <testcase classname="seleniumpractice.WaitsInSelenium.Parameterized" name="TestCase4" time="0.000"/>
  <testcase classname="seleniumpractice.WaitsInSelenium.Parameterized" name="TestCase4" time="0.000"/>
  <testcase classname="seleniumpractice.WaitsInSelenium.Parameterized" name="TestCase4" time="0.001"/>
  <testcase classname="seleniumpractice.WaitsInSelenium.Parameterized" name="TestCase4" time="0.000"/>
  <testcase classname="seleniumpractice.WaitsInSelenium.Parameterized" name="TestCase4" time="0.000"/>
  <testcase classname="seleniumpractice.WaitsInSelenium.Parameterized" name="TestCase4" time="0.000"/>
  <testcase classname="seleniumpractice.WaitsInSelenium.Parameterized" name="TestCase4" time="0.001"/>
  <testcase classname="seleniumpractice.WaitsInSelenium.Parameterized" name="TestCase4" time="0.000"/>
  <testcase classname="seleniumpractice.WaitsInSelenium.Parameterized" name="TestCase4" time="0.000"/>
  <testcase classname="seleniumpractice.WaitsInSelenium.Parameterized" name="TestCase4" time="0.000"/>
  <testcase classname="seleniumpractice.WaitsInSelenium.Parameterized" name="TestCase4" time="0.000"/>
  <testcase classname="seleniumpractice.WaitsInSelenium.Parameterized" name="TestCase4" time="0.000"/>
  <testcase classname="seleniumpractice.WaitsInSelenium.Parameterized" name="TestCase4" time="0.000"/>
  <testcase classname="seleniumpractice.WaitsInSelenium.Parameterized" name="TestCase4" time="0.001"/>
  <testcase classname="seleniumpractice.WaitsInSelenium.Parameterized" name="TestCase4" time="0.000"/>
  <testcase classname="seleniumpractice.WaitsInSelenium.Parameterized" name="TestCase4" time="0.000"/>
  <testcase classname="seleniumpractice.WaitsInSelenium.Parameterized" name="TestCase4" time="0.000"/>
  <testcase classname="seleniumpractice.WaitsInSelenium.Parameterized" name="TestCase4" time="0.000"/>
  <testcase classname="seleniumpractice.WaitsInSelenium.Parameterized" name="TestCase4" time="0.000"/>
  <testcase classname="seleniumpractice.WaitsInSelenium.Parameterized" name="TestCase4" time="0.000"/>
  <testcase classname="seleniumpractice.WaitsInSelenium.Parameterized" name="TestCase4" time="0.001"/>
  <testcase classname="seleniumpractice.WaitsInSelenium.Parameterized" name="TestCase4" time="0.000"/>
  <testcase classname="seleniumpractice.WaitsInSelenium.Parameterized" name="TestCase4" time="0.001"/>
  <testcase classname="seleniumpractice.WaitsInSelenium.Parameterized" name="TestCase4" time="0.000"/>
  <testcase classname="seleniumpractice.WaitsInSelenium.Parameterized" name="TestCase4" time="0.000"/>
  <testcase classname="seleniumpractice.WaitsInSelenium.Parameterized" name="TestCase4" time="0.000"/>
  <testcase classname="seleniumpractice.WaitsInSelenium.Parameterized" name="TestCase4" time="0.001"/>
  <testcase classname="seleniumpractice.WaitsInSelenium.Parameterized" name="TestCase4" time="0.000"/>
  <testcase classname="seleniumpractice.WaitsInSelenium.Parameterized" name="TestCase4" time="0.000"/>
  <testcase classname="seleniumpractice.WaitsInSelenium.Parameterized" name="TestCase4" time="0.000"/>
  <testcase classname="seleniumpractice.WaitsInSelenium.Parameterized" name="TestCase4" time="0.000"/>
  <testcase classname="seleniumpractice.WaitsInSelenium.Parameterized" name="TestCase4" time="0.000"/>
  <testcase classname="seleniumpractice.WaitsInSelenium.Parameterized" name="TestCase4" time="0.000"/>
  <testcase classname="seleniumpractice.WaitsInSelenium.Parameterized" name="TestCase4" time="0.001"/>
  <testcase classname="seleniumpractice.WaitsInSelenium.Parameterized" name="TestCase4" time="0.001"/>
  <testcase classname="seleniumpractice.WaitsInSelenium.Parameterized" name="TestCase4" time="0.001"/>
  <testcase classname="seleniumpractice.WaitsInSelenium.Parameterized" name="TestCase4" time="0.000"/>
  <testcase classname="seleniumpractice.WaitsInSelenium.Parameterized" name="TestCase4" time="0.000"/>
  <testcase classname="seleniumpractice.WaitsInSelenium.Parameterized" name="TestCase4" time="0.000"/>
  <testcase classname="seleniumpractice.WaitsInSelenium.Parameterized" name="TestCase4" time="0.000"/>
  <testcase classname="seleniumpractice.WaitsInSelenium.Parameterized" name="TestCase4" time="0.000"/>
  <testcase classname="seleniumpractice.WaitsInSelenium.Parameterized" name="TestCase4" time="0.000"/>
  <testcase classname="seleniumpractice.WaitsInSelenium.Parameterized" name="TestCase4" time="0.000"/>
  <testcase classname="seleniumpractice.WaitsInSelenium.Parameterized" name="TestCase4" time="0.000"/>
  <testcase classname="seleniumpractice.WaitsInSelenium.Parameterized" name="TestCase4" time="0.001"/>
  <testcase classname="seleniumpractice.WaitsInSelenium.Parameterized" name="TestCase4" time="0.000"/>
  <testcase classname="seleniumpractice.WaitsInSelenium.Parameterized" name="TestCase4" time="0.000"/>
  <testcase classname="seleniumpractice.WaitsInSelenium.Parameterized" name="TestCase4" time="0.000"/>
  <testcase classname="seleniumpractice.WaitsInSelenium.Parameterized" name="TestCase4" time="0.001"/>
  <testcase classname="seleniumpractice.WaitsInSelenium.Parameterized" name="TestCase4" time="0.001"/>
  <testcase classname="seleniumpractice.WaitsInSelenium.Parameterized" name="TestCase4" time="0.000"/>
  <testcase classname="seleniumpractice.WaitsInSelenium.Parameterized" name="TestCase4" time="0.000"/>
  <testcase classname="seleniumpractice.WaitsInSelenium.Parameterized" name="TestCase4" time="0.000"/>
  <testcase classname="seleniumpractice.WaitsInSelenium.Parameterized" name="TestCase4" time="0.001"/>
  <testcase classname="seleniumpractice.WaitsInSelenium.Parameterized" name="TestCase4" time="0.000"/>
  <testcase classname="seleniumpractice.WaitsInSelenium.Parameterized" name="TestCase4" time="0.001"/>
  <testcase classname="seleniumpractice.WaitsInSelenium.Parameterized" name="TestCase4" time="0.000"/>
  <testcase classname="seleniumpractice.WaitsInSelenium.Parameterized" name="TestCase4" time="0.000"/>
  <testcase classname="seleniumpractice.WaitsInSelenium.Parameterized" name="TestCase4" time="0.001"/>
  <testcase classname="seleniumpractice.WaitsInSelenium.Parameterized" name="TestCase4" time="0.000"/>
  <testcase classname="seleniumpractice.WaitsInSelenium.Parameterized" name="TestCase4" time="0.000"/>
  <testcase classname="seleniumpractice.WaitsInSelenium.Parameterized" name="TestCase4" time="0.000"/>
  <testcase classname="seleniumpractice.WaitsInSelenium.Parameterized" name="TestCase4" time="0.000"/>
  <testcase classname="seleniumpractice.WaitsInSelenium.Parameterized" name="TestCase4" time="0.000"/>
  <testcase classname="seleniumpractice.WaitsInSelenium.Parameterized" name="TestCase4" time="0.000"/>
  <testcase classname="seleniumpractice.WaitsInSelenium.Parameterized" name="TestCase4" time="0.000"/>
  <testcase classname="seleniumpractice.WaitsInSelenium.Parameterized" name="TestCase4" time="0.000"/>
  <testcase classname="seleniumpractice.WaitsInSelenium.Parameterized" name="TestCase4" time="0.000"/>
  <testcase classname="seleniumpractice.WaitsInSelenium.Parameterized" name="TestCase4" time="0.001"/>
  <testcase classname="seleniumpractice.WaitsInSelenium.Parameterized" name="TestCase4" time="0.001"/>
  <testcase classname="seleniumpractice.WaitsInSelenium.Parameterized" name="TestCase4" time="0.000"/>
  <testcase classname="seleniumpractice.WaitsInSelenium.Parameterized" name="TestCase4" time="0.000"/>
  <testcase classname="seleniumpractice.WaitsInSelenium.Parameterized" name="TestCase4" time="0.001"/>
  <testcase classname="seleniumpractice.WaitsInSelenium.Parameterized" name="TestCase4" time="0.001"/>
  <testcase classname="seleniumpractice.WaitsInSelenium.Parameterized" name="TestCase4" time="0.001"/>
  <testcase classname="seleniumpractice.WaitsInSelenium.Parameterized" name="TestCase4" time="0.000"/>
  <testcase classname="seleniumpractice.WaitsInSelenium.Parameterized" name="TestCase4" time="0.001"/>
  <testcase classname="seleniumpractice.WaitsInSelenium.Parameterized" name="TestCase4" time="0.000"/>
  <testcase classname="seleniumpractice.WaitsInSelenium.Parameterized" name="TestCase4" time="0.001"/>
  <testcase classname="seleniumpractice.WaitsInSelenium.Parameterized" name="TestCase4" time="0.001"/>
  <testcase classname="seleniumpractice.WaitsInSelenium.Parameterized" name="TestCase4" time="0.001"/>
  <testcase classname="seleniumpractice.WaitsInSelenium.Parameterized" name="TestCase4" time="0.001"/>
  <testcase classname="seleniumpractice.WaitsInSelenium.Parameterized" name="TestCase4" time="0.000"/>
  <testcase classname="seleniumpractice.WaitsInSelenium.Parameterized" name="TestCase4" time="0.001"/>
  <testcase classname="seleniumpractice.WaitsInSelenium.Parameterized" name="TestCase4" time="0.000"/>
  <testcase classname="seleniumpractice.WaitsInSelenium.Parameterized" name="TestCase4" time="0.000"/>
  <testcase classname="seleniumpractice.WaitsInSelenium.Parameterized" name="TestCase4" time="0.000"/>
  <testcase classname="seleniumpractice.WaitsInSelenium.Parameterized" name="TestCase4" time="0.000"/>
  <testcase classname="seleniumpractice.WaitsInSelenium.Parameterized" name="TestCase4" time="0.000"/>
  <testcase classname="seleniumpractice.WaitsInSelenium.Parameterized" name="TestCase4" time="0.000"/>
  <testcase classname="seleniumpractice.WaitsInSelenium.Parameterized" name="TestCase4" time="0.001"/>
  <testcase classname="seleniumpractice.WaitsInSelenium.Parameterized" name="TestCase4" time="0.000"/>
  <testcase classname="seleniumpractice.WaitsInSelenium.Parameterized" name="TestCase4" time="0.001"/>
  <testcase classname="seleniumpractice.WaitsInSelenium.Parameterized" name="TestCase4" time="0.000"/>
  <testcase classname="seleniumpractice.WaitsInSelenium.Parameterized" name="TestCase4" time="0.001"/>
  <testcase classname="seleniumpractice.WaitsInSelenium.Parameterized" name="TestCase4" time="0.000"/>
  <testcase classname="seleniumpractice.WaitsInSelenium.Parameterized" name="TestCase4" time="0.000"/>
  <testcase classname="seleniumpractice.WaitsInSelenium.Parameterized" name="TestCase4" time="0.000"/>
  <testcase classname="seleniumpractice.WaitsInSelenium.Parameterized" name="TestCase4" time="0.000"/>
  <testcase classname="seleniumpractice.WaitsInSelenium.Parameterized" name="TestCase4" time="0.000"/>
  <testcase classname="seleniumpractice.WaitsInSelenium.Parameterized" name="TestCase4" time="0.001"/>
  <testcase classname="seleniumpractice.WaitsInSelenium.Parameterized" name="TestCase4" time="0.000"/>
  <testcase classname="seleniumpractice.WaitsInSelenium.Parameterized" name="TestCase4" time="0.000"/>
  <testcase classname="seleniumpractice.WaitsInSelenium.Parameterized" name="TestCase4" time="0.000"/>
  <testcase classname="seleniumpractice.WaitsInSelenium.Parameterized" name="TestCase4" time="0.001"/>
  <testcase classname="seleniumpractice.WaitsInSelenium.Parameterized" name="TestCase4" time="0.000"/>
  <testcase classname="seleniumpractice.WaitsInSelenium.Parameterized" name="TestCase4" time="0.000"/>
  <testcase classname="seleniumpractice.WaitsInSelenium.Parameterized" name="TestCase4" time="0.000"/>
  <testcase classname="seleniumpractice.WaitsInSelenium.Parameterized" name="TestCase4" time="0.000"/>
  <testcase classname="seleniumpractice.WaitsInSelenium.Parameterized" name="TestCase4" time="0.000"/>
  <testcase classname="seleniumpractice.WaitsInSelenium.Parameterized" name="TestCase4" time="0.000"/>
  <testcase classname="seleniumpractice.WaitsInSelenium.Parameterized" name="TestCase4" time="0.000"/>
  <testcase classname="seleniumpractice.WaitsInSelenium.Parameterized" name="TestCase4" time="0.000"/>
  <testcase classname="seleniumpractice.WaitsInSelenium.Parameterized" name="TestCase4" time="0.000"/>
  <testcase classname="seleniumpractice.WaitsInSelenium.Parameterized" name="TestCase4" time="0.000"/>
  <testcase classname="seleniumpractice.WaitsInSelenium.Parameterized" name="TestCase4" time="0.001"/>
  <testcase classname="seleniumpractice.WaitsInSelenium.Parameterized" name="TestCase4" time="0.002"/>
  <testcase classname="seleniumpractice.WaitsInSelenium.Parameterized" name="TestCase4" time="0.000"/>
  <testcase classname="seleniumpractice.WaitsInSelenium.Parameterized" name="TestCase4" time="0.000"/>
  <testcase classname="seleniumpractice.WaitsInSelenium.Parameterized" name="TestCase4" time="0.000"/>
  <testcase classname="seleniumpractice.WaitsInSelenium.Parameterized" name="TestCase4" time="0.000"/>
  <testcase classname="seleniumpractice.WaitsInSelenium.Parameterized" name="TestCase4" time="0.000"/>
  <testcase classname="seleniumpractice.WaitsInSelenium.Parameterized" name="TestCase4" time="0.000"/>
  <testcase classname="seleniumpractice.WaitsInSelenium.Parameterized" name="TestCase4" time="0.000"/>
  <testcase classname="seleniumpractice.WaitsInSelenium.Parameterized" name="TestCase4" time="0.000"/>
  <testcase classname="seleniumpractice.WaitsInSelenium.Parameterized" name="TestCase4" time="0.000"/>
  <testcase classname="seleniumpractice.WaitsInSelenium.Parameterized" name="TestCase4" time="0.000"/>
  <testcase classname="seleniumpractice.WaitsInSelenium.Parameterized" name="TestCase4" time="0.000"/>
  <testcase classname="seleniumpractice.WaitsInSelenium.Parameterized" name="TestCase4" time="0.000"/>
  <testcase classname="seleniumpractice.WaitsInSelenium.Parameterized" name="TestCase4" time="0.001"/>
  <testcase classname="seleniumpractice.WaitsInSelenium.Parameterized" name="TestCase4" time="0.000"/>
  <testcase classname="seleniumpractice.WaitsInSelenium.Parameterized" name="TestCase4" time="0.000"/>
  <testcase classname="seleniumpractice.WaitsInSelenium.Parameterized" name="TestCase4" time="0.000"/>
  <testcase classname="seleniumpractice.WaitsInSelenium.Parameterized" name="TestCase4" time="0.000"/>
  <testcase classname="seleniumpractice.WaitsInSelenium.Parameterized" name="TestCase4" time="0.000"/>
  <testcase classname="seleniumpractice.WaitsInSelenium.Parameterized" name="TestCase4" time="0.000"/>
  <testcase classname="seleniumpractice.WaitsInSelenium.Parameterized" name="TestCase4" time="0.000"/>
  <testcase classname="seleniumpractice.WaitsInSelenium.Parameterized" name="TestCase4" time="0.000"/>
  <testcase classname="seleniumpractice.WaitsInSelenium.Parameterized" name="TestCase4" time="0.002"/>
  <testcase classname="seleniumpractice.WaitsInSelenium.Parameterized" name="TestCase4" time="0.001"/>
  <testcase classname="seleniumpractice.WaitsInSelenium.Parameterized" name="TestCase4" time="0.000"/>
  <testcase classname="seleniumpractice.WaitsInSelenium.Parameterized" name="TestCase4" time="0.000"/>
  <testcase classname="seleniumpractice.WaitsInSelenium.Parameterized" name="TestCase4" time="0.000"/>
  <testcase classname="seleniumpractice.WaitsInSelenium.Parameterized" name="TestCase4" time="0.000"/>
  <testcase classname="seleniumpractice.WaitsInSelenium.Parameterized" name="TestCase4" time="0.000"/>
  <testcase classname="seleniumpractice.WaitsInSelenium.Parameterized" name="TestCase4" time="0.001"/>
  <testcase classname="seleniumpractice.WaitsInSelenium.Parameterized" name="TestCase4" time="0.000"/>
  <testcase classname="seleniumpractice.WaitsInSelenium.Parameterized" name="TestCase4" time="0.000"/>
  <testcase classname="seleniumpractice.WaitsInSelenium.Parameterized" name="TestCase4" time="0.002"/>
  <testcase classname="seleniumpractice.WaitsInSelenium.Parameterized" name="TestCase4" time="0.001"/>
  <testcase classname="seleniumpractice.WaitsInSelenium.Parameterized" name="TestCase4" time="0.001"/>
  <testcase classname="seleniumpractice.WaitsInSelenium.Parameterized" name="TestCase4" time="0.000"/>
  <testcase classname="seleniumpractice.WaitsInSelenium.Parameterized" name="TestCase4" time="0.001"/>
  <testcase classname="seleniumpractice.WaitsInSelenium.Parameterized" name="TestCase4" time="0.000"/>
  <testcase classname="seleniumpractice.WaitsInSelenium.Parameterized" name="TestCase4" time="0.001"/>
  <testcase classname="seleniumpractice.WaitsInSelenium.Parameterized" name="TestCase4" time="0.000"/>
  <testcase classname="seleniumpractice.WaitsInSelenium.Parameterized" name="TestCase4" time="0.001"/>
  <testcase classname="seleniumpractice.WaitsInSelenium.Parameterized" name="TestCase4" time="0.000"/>
  <testcase classname="seleniumpractice.WaitsInSelenium.Parameterized" name="TestCase4" time="0.000"/>
  <testcase classname="seleniumpractice.WaitsInSelenium.Parameterized" name="TestCase4" time="0.000"/>
  <testcase classname="seleniumpractice.WaitsInSelenium.Parameterized" name="TestCase4" time="0.000"/>
  <testcase classname="seleniumpractice.WaitsInSelenium.Parameterized" name="TestCase4" time="0.000"/>
  <testcase classname="seleniumpractice.WaitsInSelenium.Parameterized" name="TestCase4" time="0.000"/>
  <testcase classname="seleniumpractice.WaitsInSelenium.Parameterized" name="TestCase4" time="0.000"/>
  <testcase classname="seleniumpractice.WaitsInSelenium.Parameterized" name="TestCase4" time="0.000"/>
  <testcase classname="seleniumpractice.WaitsInSelenium.Parameterized" name="TestCase4" time="0.000"/>
  <testcase classname="seleniumpractice.WaitsInSelenium.Parameterized" name="TestCase4" time="0.001"/>
  <testcase classname="seleniumpractice.WaitsInSelenium.Parameterized" name="TestCase4" time="0.000"/>
  <testcase classname="seleniumpractice.WaitsInSelenium.Parameterized" name="TestCase4" time="0.001"/>
  <testcase classname="seleniumpractice.WaitsInSelenium.Parameterized" name="TestCase4" time="0.000"/>
  <testcase classname="seleniumpractice.WaitsInSelenium.Parameterized" name="TestCase4" time="0.000"/>
  <testcase classname="seleniumpractice.WaitsInSelenium.Parameterized" name="TestCase4" time="0.000"/>
  <testcase classname="seleniumpractice.WaitsInSelenium.Parameterized" name="TestCase4" time="0.000"/>
  <testcase classname="seleniumpractice.WaitsInSelenium.Parameterized" name="TestCase4" time="0.000"/>
  <testcase classname="seleniumpractice.WaitsInSelenium.Parameterized" name="TestCase4" time="0.001"/>
  <testcase classname="seleniumpractice.WaitsInSelenium.Parameterized" name="TestCase4" time="0.000"/>
  <testcase classname="seleniumpractice.WaitsInSelenium.Parameterized" name="TestCase4" time="0.000"/>
  <testcase classname="seleniumpractice.WaitsInSelenium.Parameterized" name="TestCase4" time="0.001"/>
  <testcase classname="seleniumpractice.WaitsInSelenium.Parameterized" name="TestCase4" time="0.000"/>
  <testcase classname="seleniumpractice.WaitsInSelenium.Parameterized" name="TestCase4" time="0.000"/>
  <testcase classname="seleniumpractice.WaitsInSelenium.Parameterized" name="TestCase4" time="0.000"/>
  <testcase classname="seleniumpractice.WaitsInSelenium.Parameterized" name="TestCase4" time="0.000"/>
  <testcase classname="seleniumpractice.WaitsInSelenium.Parameterized" name="TestCase4" time="0.000"/>
  <testcase classname="seleniumpractice.WaitsInSelenium.Parameterized" name="TestCase4" time="0.000"/>
  <testcase classname="seleniumpractice.WaitsInSelenium.Parameterized" name="TestCase4" time="0.001"/>
  <testcase classname="seleniumpractice.WaitsInSelenium.Parameterized" name="TestCase4" time="0.001"/>
  <testcase classname="seleniumpractice.WaitsInSelenium.Parameterized" name="TestCase4" time="0.000"/>
  <testcase classname="seleniumpractice.WaitsInSelenium.Parameterized" name="TestCase4" time="0.001"/>
  <testcase classname="seleniumpractice.WaitsInSelenium.Parameterized" name="TestCase4" time="0.000"/>
  <testcase classname="seleniumpractice.WaitsInSelenium.Parameterized" name="TestCase4" time="0.001"/>
  <testcase classname="seleniumpractice.WaitsInSelenium.Parameterized" name="TestCase4" time="0.000"/>
  <testcase classname="seleniumpractice.WaitsInSelenium.Parameterized" name="TestCase4" time="0.000"/>
  <testcase classname="seleniumpractice.WaitsInSelenium.Parameterized" name="TestCase4" time="0.000"/>
  <testcase classname="seleniumpractice.WaitsInSelenium.Parameterized" name="TestCase4" time="0.000"/>
  <testcase classname="seleniumpractice.WaitsInSelenium.Parameterized" name="TestCase4" time="0.001"/>
  <testcase classname="seleniumpractice.WaitsInSelenium.Parameterized" name="TestCase4" time="0.000"/>
  <testcase classname="seleniumpractice.WaitsInSelenium.Parameterized" name="TestCase4" time="0.001"/>
  <testcase classname="seleniumpractice.WaitsInSelenium.Parameterized" name="TestCase4" time="0.001"/>
  <testcase classname="seleniumpractice.WaitsInSelenium.Parameterized" name="TestCase4" time="0.001"/>
  <testcase classname="seleniumpractice.WaitsInSelenium.Parameterized" name="TestCase4" time="0.000"/>
  <testcase classname="seleniumpractice.WaitsInSelenium.Parameterized" name="TestCase4" time="0.000"/>
  <testcase classname="seleniumpractice.WaitsInSelenium.Parameterized" name="TestCase4" time="0.000"/>
  <testcase classname="seleniumpractice.WaitsInSelenium.Parameterized" name="TestCase4" time="0.000"/>
  <testcase classname="seleniumpractice.WaitsInSelenium.Parameterized" name="TestCase4" time="0.000"/>
  <testcase classname="seleniumpractice.WaitsInSelenium.Parameterized" name="TestCase4" time="0.000"/>
  <testcase classname="seleniumpractice.WaitsInSelenium.Parameterized" name="TestCase4" time="0.000"/>
  <testcase classname="seleniumpractice.WaitsInSelenium.Parameterized" name="TestCase4" time="0.000"/>
  <testcase classname="seleniumpractice.WaitsInSelenium.Parameterized" name="TestCase4" time="0.000"/>
  <testcase classname="seleniumpractice.WaitsInSelenium.Parameterized" name="TestCase4" time="0.000"/>
  <testcase classname="seleniumpractice.WaitsInSelenium.Parameterized" name="TestCase4" time="0.001"/>
  <testcase classname="seleniumpractice.WaitsInSelenium.Parameterized" name="TestCase4" time="0.001"/>
  <testcase classname="seleniumpractice.WaitsInSelenium.Parameterized" name="TestCase4" time="0.000"/>
  <testcase classname="seleniumpractice.WaitsInSelenium.Parameterized" name="TestCase4" time="0.000"/>
  <testcase classname="seleniumpractice.WaitsInSelenium.Parameterized" name="TestCase4" time="0.001"/>
  <testcase classname="seleniumpractice.WaitsInSelenium.Parameterized" name="TestCase4" time="0.001"/>
  <testcase classname="seleniumpractice.WaitsInSelenium.Parameterized" name="TestCase4" time="0.000"/>
  <testcase classname="seleniumpractice.WaitsInSelenium.Parameterized" name="TestCase4" time="0.000"/>
  <testcase classname="seleniumpractice.WaitsInSelenium.Parameterized" name="TestCase4" time="0.000"/>
  <testcase classname="seleniumpractice.WaitsInSelenium.Parameterized" name="TestCase4" time="0.000"/>
  <testcase classname="seleniumpractice.WaitsInSelenium.Parameterized" name="TestCase4" time="0.000"/>
  <testcase classname="seleniumpractice.WaitsInSelenium.Parameterized" name="TestCase4" time="0.001"/>
  <testcase classname="seleniumpractice.WaitsInSelenium.Parameterized" name="TestCase4" time="0.000"/>
  <testcase classname="seleniumpractice.WaitsInSelenium.Parameterized" name="TestCase4" time="0.000"/>
  <testcase classname="seleniumpractice.WaitsInSelenium.Parameterized" name="TestCase4" time="0.001"/>
  <testcase classname="seleniumpractice.WaitsInSelenium.Parameterized" name="TestCase4" time="0.000"/>
  <testcase classname="seleniumpractice.WaitsInSelenium.Parameterized" name="TestCase4" time="0.000"/>
  <testcase classname="seleniumpractice.WaitsInSelenium.Parameterized" name="TestCase4" time="0.000"/>
  <testcase classname="seleniumpractice.WaitsInSelenium.Parameterized" name="TestCase4" time="0.000"/>
  <testcase classname="seleniumpractice.WaitsInSelenium.Parameterized" name="TestCase4" time="0.001"/>
  <testcase classname="seleniumpractice.WaitsInSelenium.Parameterized" name="TestCase4" time="0.000"/>
  <testcase classname="seleniumpractice.WaitsInSelenium.Parameterized" name="TestCase4" time="0.000"/>
  <testcase classname="seleniumpractice.WaitsInSelenium.Parameterized" name="TestCase4" time="0.000"/>
  <testcase classname="seleniumpractice.WaitsInSelenium.Parameterized" name="TestCase4" time="0.000"/>
  <testcase classname="seleniumpractice.WaitsInSelenium.Parameterized" name="TestCase4" time="0.000"/>
  <testcase classname="seleniumpractice.WaitsInSelenium.Parameterized" name="TestCase4" time="0.000"/>
  <testcase classname="seleniumpractice.WaitsInSelenium.Parameterized" name="TestCase4" time="0.000"/>
  <testcase classname="seleniumpractice.WaitsInSelenium.Parameterized" name="TestCase4" time="0.001"/>
  <testcase classname="seleniumpractice.WaitsInSelenium.Parameterized" name="TestCase4" time="0.000"/>
  <testcase classname="seleniumpractice.WaitsInSelenium.Parameterized" name="TestCase4" time="0.000"/>
  <testcase classname="seleniumpractice.WaitsInSelenium.Parameterized" name="TestCase4" time="0.000"/>
  <testcase classname="seleniumpractice.WaitsInSelenium.Parameterized" name="TestCase4" time="0.001"/>
  <testcase classname="seleniumpractice.WaitsInSelenium.Parameterized" name="TestCase4" time="0.000"/>
  <testcase classname="seleniumpractice.WaitsInSelenium.Parameterized" name="TestCase4" time="0.000"/>
  <testcase classname="seleniumpractice.WaitsInSelenium.Parameterized" name="TestCase4" time="0.004"/>
  <testcase classname="seleniumpractice.WaitsInSelenium.Parameterized" name="TestCase4" time="0.000"/>
  <testcase classname="seleniumpractice.WaitsInSelenium.Parameterized" name="TestCase4" time="0.000"/>
  <testcase classname="seleniumpractice.WaitsInSelenium.Parameterized" name="TestCase4" time="0.000"/>
  <testcase classname="seleniumpractice.WaitsInSelenium.Parameterized" name="TestCase4" time="0.000"/>
  <testcase classname="seleniumpractice.WaitsInSelenium.Parameterized" name="TestCase4" time="0.000"/>
  <testcase classname="seleniumpractice.WaitsInSelenium.Parameterized" name="TestCase4" time="0.000"/>
  <testcase classname="seleniumpractice.WaitsInSelenium.Parameterized" name="TestCase4" time="0.001"/>
  <testcase classname="seleniumpractice.WaitsInSelenium.Parameterized" name="TestCase4" time="0.000"/>
  <testcase classname="seleniumpractice.WaitsInSelenium.Parameterized" name="TestCase4" time="0.000"/>
  <testcase classname="seleniumpractice.WaitsInSelenium.Parameterized" name="TestCase4" time="0.000"/>
  <testcase classname="seleniumpractice.WaitsInSelenium.Parameterized" name="TestCase4" time="0.000"/>
  <testcase classname="seleniumpractice.WaitsInSelenium.Parameterized" name="TestCase4" time="0.000"/>
  <testcase classname="seleniumpractice.WaitsInSelenium.Parameterized" name="TestCase4" time="0.000"/>
  <testcase classname="seleniumpractice.WaitsInSelenium.Parameterized" name="TestCase4" time="0.003"/>
  <testcase classname="seleniumpractice.WaitsInSelenium.Parameterized" name="TestCase4" time="0.000"/>
  <testcase classname="seleniumpractice.WaitsInSelenium.Parameterized" name="TestCase4" time="0.000"/>
  <testcase classname="seleniumpractice.WaitsInSelenium.Parameterized" name="TestCase4" time="0.000"/>
  <testcase classname="seleniumpractice.WaitsInSelenium.Parameterized" name="TestCase4" time="0.002"/>
  <testcase classname="seleniumpractice.WaitsInSelenium.Parameterized" name="TestCase4" time="0.000"/>
  <testcase classname="seleniumpractice.WaitsInSelenium.Parameterized" name="TestCase4" time="0.000"/>
  <testcase classname="seleniumpractice.WaitsInSelenium.Parameterized" name="TestCase4" time="0.000"/>
  <testcase classname="seleniumpractice.WaitsInSelenium.Parameterized" name="TestCase4" time="0.001"/>
  <testcase classname="seleniumpractice.WaitsInSelenium.Parameterized" name="TestCase4" time="0.000"/>
  <testcase classname="seleniumpractice.WaitsInSelenium.Parameterized" name="TestCase4" time="0.000"/>
  <testcase classname="seleniumpractice.WaitsInSelenium.Parameterized" name="TestCase4" time="0.000"/>
  <testcase classname="seleniumpractice.WaitsInSelenium.Parameterized" name="TestCase4" time="0.001"/>
  <testcase classname="seleniumpractice.WaitsInSelenium.Parameterized" name="TestCase4" time="0.000"/>
  <testcase classname="seleniumpractice.WaitsInSelenium.Parameterized" name="TestCase4" time="0.000"/>
  <testcase classname="seleniumpractice.WaitsInSelenium.Parameterized" name="TestCase4" time="0.000"/>
  <testcase classname="seleniumpractice.WaitsInSelenium.Parameterized" name="TestCase4" time="0.001"/>
  <testcase classname="seleniumpractice.WaitsInSelenium.Parameterized" name="TestCase4" time="0.000"/>
  <testcase classname="seleniumpractice.WaitsInSelenium.Parameterized" name="TestCase4" time="0.001"/>
  <testcase classname="seleniumpractice.WaitsInSelenium.Parameterized" name="TestCase4" time="0.000"/>
  <testcase classname="seleniumpractice.WaitsInSelenium.Parameterized" name="TestCase4" time="0.000"/>
  <testcase classname="seleniumpractice.WaitsInSelenium.Parameterized" name="TestCase4" time="0.001"/>
  <testcase classname="seleniumpractice.WaitsInSelenium.Parameterized" name="TestCase4" time="0.000"/>
  <testcase classname="seleniumpractice.WaitsInSelenium.Parameterized" name="TestCase4" time="0.000"/>
  <testcase classname="seleniumpractice.WaitsInSelenium.Parameterized" name="TestCase4" time="0.000"/>
  <testcase classname="seleniumpractice.WaitsInSelenium.Parameterized" name="TestCase4" time="0.000"/>
  <testcase classname="seleniumpractice.WaitsInSelenium.Parameterized" name="TestCase4" time="0.001"/>
  <testcase classname="seleniumpractice.WaitsInSelenium.Parameterized" name="TestCase4" time="0.000"/>
  <testcase classname="seleniumpractice.WaitsInSelenium.Parameterized" name="TestCase4" time="0.000"/>
  <testcase classname="seleniumpractice.WaitsInSelenium.Parameterized" name="TestCase4" time="0.000"/>
  <testcase classname="seleniumpractice.WaitsInSelenium.Parameterized" name="TestCase4" time="0.000"/>
  <testcase classname="seleniumpractice.WaitsInSelenium.Parameterized" name="TestCase4" time="0.000"/>
  <testcase classname="seleniumpractice.WaitsInSelenium.Parameterized" name="TestCase4" time="0.001"/>
  <testcase classname="seleniumpractice.WaitsInSelenium.Parameterized" name="TestCase4" time="0.001"/>
  <testcase classname="seleniumpractice.WaitsInSelenium.Parameterized" name="TestCase4" time="0.001"/>
  <testcase classname="seleniumpractice.WaitsInSelenium.Parameterized" name="TestCase4" time="0.000"/>
  <testcase classname="seleniumpractice.WaitsInSelenium.Parameterized" name="TestCase4" time="0.000"/>
  <testcase classname="seleniumpractice.WaitsInSelenium.Parameterized" name="TestCase4" time="0.001"/>
  <testcase classname="seleniumpractice.WaitsInSelenium.Parameterized" name="TestCase4" time="0.001"/>
  <testcase classname="seleniumpractice.WaitsInSelenium.Parameterized" name="TestCase4" time="0.000"/>
  <testcase classname="seleniumpractice.WaitsInSelenium.Parameterized" name="TestCase4" time="0.001"/>
  <testcase classname="seleniumpractice.WaitsInSelenium.Parameterized" name="TestCase4" time="0.000"/>
  <testcase classname="seleniumpractice.WaitsInSelenium.Parameterized" name="TestCase4" time="0.000"/>
  <testcase classname="seleniumpractice.WaitsInSelenium.Parameterized" name="TestCase4" time="0.000"/>
  <testcase classname="seleniumpractice.WaitsInSelenium.Parameterized" name="TestCase4" time="0.001"/>
  <testcase classname="seleniumpractice.WaitsInSelenium.Parameterized" name="TestCase4" time="0.001"/>
  <testcase classname="seleniumpractice.WaitsInSelenium.Parameterized" name="TestCase4" time="0.001"/>
  <testcase classname="seleniumpractice.WaitsInSelenium.Parameterized" name="TestCase4" time="0.000"/>
  <testcase classname="seleniumpractice.WaitsInSelenium.Parameterized" name="TestCase4" time="0.000"/>
  <testcase classname="seleniumpractice.WaitsInSelenium.Parameterized" name="TestCase4" time="0.000"/>
  <testcase classname="seleniumpractice.WaitsInSelenium.Parameterized" name="TestCase4" time="0.000"/>
  <testcase classname="seleniumpractice.WaitsInSelenium.Parameterized" name="TestCase4" time="0.000"/>
  <testcase classname="seleniumpractice.WaitsInSelenium.Parameterized" name="TestCase4" time="0.001"/>
  <testcase classname="seleniumpractice.WaitsInSelenium.Parameterized" name="TestCase4" time="0.001"/>
  <testcase classname="seleniumpractice.WaitsInSelenium.Parameterized" name="TestCase4" time="0.001"/>
  <testcase classname="seleniumpractice.WaitsInSelenium.Parameterized" name="TestCase4" time="0.000"/>
  <testcase classname="seleniumpractice.WaitsInSelenium.Parameterized" name="TestCase4" time="0.001"/>
  <testcase classname="seleniumpractice.WaitsInSelenium.Parameterized" name="TestCase4" time="0.001"/>
  <testcase classname="seleniumpractice.WaitsInSelenium.Parameterized" name="TestCase4" time="0.000"/>
  <testcase classname="seleniumpractice.WaitsInSelenium.Parameterized" name="TestCase4" time="0.000"/>
  <testcase classname="seleniumpractice.WaitsInSelenium.Parameterized" name="TestCase4" time="0.000"/>
  <testcase classname="seleniumpractice.WaitsInSelenium.Parameterized" name="TestCase4" time="0.000"/>
  <testcase classname="seleniumpractice.WaitsInSelenium.Parameterized" name="TestCase4" time="0.000"/>
  <testcase classname="seleniumpractice.WaitsInSelenium.Parameterized" name="TestCase4" time="0.001"/>
  <testcase classname="seleniumpractice.WaitsInSelenium.Parameterized" name="TestCase4" time="0.000"/>
  <testcase classname="seleniumpractice.WaitsInSelenium.Parameterized" name="TestCase4" time="0.000"/>
  <testcase classname="seleniumpractice.WaitsInSelenium.Parameterized" name="TestCase4" time="0.000"/>
  <testcase classname="seleniumpractice.WaitsInSelenium.Parameterized" name="TestCase4" time="0.000"/>
  <testcase classname="seleniumpractice.WaitsInSelenium.Parameterized" name="TestCase4" time="0.000"/>
  <testcase classname="seleniumpractice.WaitsInSelenium.Parameterized" name="TestCase4" time="0.000"/>
  <testcase classname="seleniumpractice.WaitsInSelenium.Parameterized" name="TestCase4" time="0.000"/>
  <testcase classname="seleniumpractice.WaitsInSelenium.Parameterized" name="TestCase4" time="0.000"/>
  <testcase classname="seleniumpractice.WaitsInSelenium.Parameterized" name="TestCase4" time="0.000"/>
  <testcase classname="seleniumpractice.WaitsInSelenium.Parameterized" name="TestCase4" time="0.000"/>
  <testcase classname="seleniumpractice.WaitsInSelenium.Parameterized" name="TestCase4" time="0.001"/>
  <testcase classname="seleniumpractice.WaitsInSelenium.Parameterized" name="TestCase4" time="0.000"/>
  <testcase classname="seleniumpractice.WaitsInSelenium.Parameterized" name="TestCase4" time="0.001"/>
  <testcase classname="seleniumpractice.WaitsInSelenium.Parameterized" name="TestCase4" time="0.000"/>
  <testcase classname="seleniumpractice.WaitsInSelenium.Parameterized" name="TestCase4" time="0.000"/>
  <testcase classname="seleniumpractice.WaitsInSelenium.Parameterized" name="TestCase4" time="0.000"/>
  <testcase classname="seleniumpractice.WaitsInSelenium.Parameterized" name="TestCase4" time="0.000"/>
  <testcase classname="seleniumpractice.WaitsInSelenium.Parameterized" name="TestCase4" time="0.000"/>
  <testcase classname="seleniumpractice.WaitsInSelenium.Parameterized" name="TestCase4" time="0.001"/>
  <testcase classname="seleniumpractice.WaitsInSelenium.Parameterized" name="TestCase4" time="0.001"/>
  <testcase classname="seleniumpractice.WaitsInSelenium.Parameterized" name="TestCase4" time="0.001"/>
  <testcase classname="seleniumpractice.WaitsInSelenium.Parameterized" name="TestCase4" time="0.001"/>
  <testcase classname="seleniumpractice.WaitsInSelenium.Parameterized" name="TestCase4" time="0.000"/>
  <testcase classname="seleniumpractice.WaitsInSelenium.Parameterized" name="TestCase4" time="0.000"/>
  <testcase classname="seleniumpractice.WaitsInSelenium.Parameterized" name="TestCase4" time="0.000"/>
  <testcase classname="seleniumpractice.WaitsInSelenium.Parameterized" name="TestCase4" time="0.000"/>
  <testcase classname="seleniumpractice.WaitsInSelenium.Parameterized" name="TestCase4" time="0.000"/>
  <testcase classname="seleniumpractice.WaitsInSelenium.Parameterized" name="TestCase4" time="0.000"/>
  <testcase classname="seleniumpractice.WaitsInSelenium.Parameterized" name="TestCase4" time="0.002"/>
  <testcase classname="seleniumpractice.WaitsInSelenium.Parameterized" name="TestCase4" time="0.000"/>
  <testcase classname="seleniumpractice.WaitsInSelenium.Parameterized" name="TestCase4" time="0.000"/>
  <testcase classname="seleniumpractice.WaitsInSelenium.Parameterized" name="TestCase4" time="0.001"/>
  <testcase classname="seleniumpractice.WaitsInSelenium.Parameterized" name="TestCase4" time="0.000"/>
  <testcase classname="seleniumpractice.WaitsInSelenium.Parameterized" name="TestCase4" time="0.000"/>
  <testcase classname="seleniumpractice.WaitsInSelenium.Parameterized" name="TestCase4" time="0.000"/>
  <testcase classname="seleniumpractice.WaitsInSelenium.Parameterized" name="TestCase4" time="0.000"/>
  <testcase classname="seleniumpractice.WaitsInSelenium.Parameterized" name="TestCase4" time="0.000"/>
  <testcase classname="seleniumpractice.WaitsInSelenium.Parameterized" name="TestCase4" time="0.001"/>
  <testcase classname="seleniumpractice.WaitsInSelenium.Parameterized" name="TestCase4" time="0.000"/>
  <testcase classname="seleniumpractice.WaitsInSelenium.Parameterized" name="TestCase4" time="0.001"/>
  <testcase classname="seleniumpractice.WaitsInSelenium.Parameterized" name="TestCase4" time="0.000"/>
  <testcase classname="seleniumpractice.WaitsInSelenium.Parameterized" name="TestCase4" time="0.000"/>
  <testcase classname="seleniumpractice.WaitsInSelenium.Parameterized" name="TestCase4" time="0.001"/>
  <testcase classname="seleniumpractice.WaitsInSelenium.Parameterized" name="TestCase4" time="0.000"/>
  <testcase classname="seleniumpractice.WaitsInSelenium.Parameterized" name="TestCase4" time="0.000"/>
  <testcase classname="seleniumpractice.WaitsInSelenium.Parameterized" name="TestCase4" time="0.000"/>
  <testcase classname="seleniumpractice.WaitsInSelenium.Parameterized" name="TestCase4" time="0.000"/>
  <testcase classname="seleniumpractice.WaitsInSelenium.Parameterized" name="TestCase4" time="0.001"/>
  <testcase classname="seleniumpractice.WaitsInSelenium.Parameterized" name="TestCase4" time="0.000"/>
  <testcase classname="seleniumpractice.WaitsInSelenium.Parameterized" name="TestCase4" time="0.001"/>
  <testcase classname="seleniumpractice.WaitsInSelenium.Parameterized" name="TestCase4" time="0.000"/>
  <testcase classname="seleniumpractice.WaitsInSelenium.Parameterized" name="TestCase4" time="0.000"/>
  <testcase classname="seleniumpractice.WaitsInSelenium.Parameterized" name="TestCase4" time="0.000"/>
  <testcase classname="seleniumpractice.WaitsInSelenium.Parameterized" name="TestCase4" time="0.001"/>
  <testcase classname="seleniumpractice.WaitsInSelenium.Parameterized" name="TestCase4" time="0.000"/>
  <testcase classname="seleniumpractice.WaitsInSelenium.Parameterized" name="TestCase4" time="0.000"/>
  <testcase classname="seleniumpractice.WaitsInSelenium.Parameterized" name="TestCase4" time="0.000"/>
  <testcase classname="seleniumpractice.WaitsInSelenium.Parameterized" name="TestCase4" time="0.000"/>
  <testcase classname="seleniumpractice.WaitsInSelenium.Parameterized" name="TestCase4" time="0.001"/>
  <testcase classname="seleniumpractice.WaitsInSelenium.Parameterized" name="TestCase4" time="0.000"/>
  <testcase classname="seleniumpractice.WaitsInSelenium.Parameterized" name="TestCase4" time="0.000"/>
  <testcase classname="seleniumpractice.WaitsInSelenium.Parameterized" name="TestCase4" time="0.000"/>
  <testcase classname="seleniumpractice.WaitsInSelenium.Parameterized" name="TestCase4" time="0.000"/>
  <testcase classname="seleniumpractice.WaitsInSelenium.Parameterized" name="TestCase4" time="0.001"/>
  <testcase classname="seleniumpractice.WaitsInSelenium.Parameterized" name="TestCase4" time="0.001"/>
  <testcase classname="seleniumpractice.WaitsInSelenium.Parameterized" name="TestCase4" time="0.001"/>
  <testcase classname="seleniumpractice.WaitsInSelenium.Parameterized" name="TestCase4" time="0.000"/>
  <testcase classname="seleniumpractice.WaitsInSelenium.Parameterized" name="TestCase4" time="0.000"/>
  <testcase classname="seleniumpractice.WaitsInSelenium.Parameterized" name="TestCase4" time="0.000"/>
  <testcase classname="seleniumpractice.WaitsInSelenium.Parameterized" name="TestCase4" time="0.001"/>
  <testcase classname="seleniumpractice.WaitsInSelenium.Parameterized" name="TestCase4" time="0.000"/>
  <testcase classname="seleniumpractice.WaitsInSelenium.Parameterized" name="TestCase4" time="0.000"/>
  <testcase classname="seleniumpractice.WaitsInSelenium.Parameterized" name="TestCase4" time="0.000"/>
  <testcase classname="seleniumpractice.WaitsInSelenium.Parameterized" name="TestCase4" time="0.001"/>
  <testcase classname="seleniumpractice.WaitsInSelenium.Parameterized" name="TestCase4" time="0.000"/>
  <testcase classname="seleniumpractice.WaitsInSelenium.Parameterized" name="TestCase4" time="0.000"/>
  <testcase classname="seleniumpractice.WaitsInSelenium.Parameterized" name="TestCase4" time="0.001"/>
  <testcase classname="seleniumpractice.WaitsInSelenium.Parameterized" name="TestCase4" time="0.000"/>
  <testcase classname="seleniumpractice.WaitsInSelenium.Parameterized" name="TestCase4" time="0.000"/>
  <testcase classname="seleniumpractice.WaitsInSelenium.Parameterized" name="TestCase4" time="0.000"/>
  <testcase classname="seleniumpractice.WaitsInSelenium.Parameterized" name="TestCase4" time="0.000"/>
  <testcase classname="seleniumpractice.WaitsInSelenium.Parameterized" name="TestCase4" time="0.000"/>
  <testcase classname="seleniumpractice.WaitsInSelenium.Parameterized" name="TestCase4" time="0.000"/>
  <testcase classname="seleniumpractice.WaitsInSelenium.Parameterized" name="TestCase4" time="0.000"/>
  <testcase classname="seleniumpractice.WaitsInSelenium.Parameterized" name="TestCase4" time="0.000"/>
  <testcase classname="seleniumpractice.WaitsInSelenium.Parameterized" name="TestCase4" time="0.000"/>
  <testcase classname="seleniumpractice.WaitsInSelenium.Parameterized" name="TestCase4" time="0.000"/>
  <testcase classname="seleniumpractice.WaitsInSelenium.Parameterized" name="TestCase4" time="0.001"/>
  <testcase classname="seleniumpractice.WaitsInSelenium.Parameterized" name="TestCase4" time="0.001"/>
  <testcase classname="seleniumpractice.WaitsInSelenium.Parameterized" name="TestCase4" time="0.000"/>
  <testcase classname="seleniumpractice.WaitsInSelenium.Parameterized" name="TestCase4" time="0.000"/>
  <testcase classname="seleniumpractice.WaitsInSelenium.Parameterized" name="TestCase4" time="0.001"/>
  <testcase classname="seleniumpractice.WaitsInSelenium.Parameterized" name="TestCase4" time="0.000"/>
  <testcase classname="seleniumpractice.WaitsInSelenium.Parameterized" name="TestCase4" time="0.001"/>
  <testcase classname="seleniumpractice.WaitsInSelenium.Parameterized" name="TestCase4" time="0.000"/>
  <testcase classname="seleniumpractice.WaitsInSelenium.Parameterized" name="TestCase4" time="0.001"/>
  <testcase classname="seleniumpractice.WaitsInSelenium.Parameterized" name="TestCase4" time="0.000"/>
  <testcase classname="seleniumpractice.WaitsInSelenium.Parameterized" name="TestCase4" time="0.001"/>
  <testcase classname="seleniumpractice.WaitsInSelenium.Parameterized" name="TestCase4" time="0.000"/>
  <testcase classname="seleniumpractice.WaitsInSelenium.Parameterized" name="TestCase4" time="0.000"/>
  <testcase classname="seleniumpractice.WaitsInSelenium.Parameterized" name="TestCase4" time="0.001"/>
  <testcase classname="seleniumpractice.WaitsInSelenium.Parameterized" name="TestCase4" time="0.001"/>
  <testcase classname="seleniumpractice.WaitsInSelenium.Parameterized" name="TestCase4" time="0.001"/>
  <testcase classname="seleniumpractice.WaitsInSelenium.Parameterized" name="TestCase4" time="0.000"/>
  <testcase classname="seleniumpractice.WaitsInSelenium.Parameterized" name="TestCase4" time="0.000"/>
  <testcase classname="seleniumpractice.WaitsInSelenium.Parameterized" name="TestCase4" time="0.000"/>
  <testcase classname="seleniumpractice.WaitsInSelenium.Parameterized" name="TestCase4" time="0.001"/>
  <testcase classname="seleniumpractice.WaitsInSelenium.Parameterized" name="TestCase4" time="0.000"/>
  <testcase classname="seleniumpractice.WaitsInSelenium.Parameterized" name="TestCase4" time="0.000"/>
  <testcase classname="seleniumpractice.WaitsInSelenium.Parameterized" name="TestCase4" time="0.000"/>
  <testcase classname="seleniumpractice.WaitsInSelenium.Parameterized" name="TestCase4" time="0.001"/>
  <testcase classname="seleniumpractice.WaitsInSelenium.Parameterized" name="TestCase4" time="0.000"/>
  <testcase classname="seleniumpractice.WaitsInSelenium.Parameterized" name="TestCase4" time="0.000"/>
  <testcase classname="seleniumpractice.WaitsInSelenium.Parameterized" name="TestCase4" time="0.000"/>
  <testcase classname="seleniumpractice.WaitsInSelenium.Parameterized" name="TestCase4" time="0.000"/>
  <testcase classname="seleniumpractice.WaitsInSelenium.Parameterized" name="TestCase4" time="0.000"/>
  <testcase classname="seleniumpractice.WaitsInSelenium.Parameterized" name="TestCase4" time="0.001"/>
  <testcase classname="seleniumpractice.WaitsInSelenium.Parameterized" name="TestCase4" time="0.000"/>
  <testcase classname="seleniumpractice.WaitsInSelenium.Parameterized" name="TestCase4" time="0.000"/>
  <testcase classname="seleniumpractice.WaitsInSelenium.Parameterized" name="TestCase4" time="0.000"/>
  <testcase classname="seleniumpractice.WaitsInSelenium.Parameterized" name="TestCase4" time="0.000"/>
  <testcase classname="seleniumpractice.WaitsInSelenium.Parameterized" name="TestCase4" time="0.000"/>
  <testcase classname="seleniumpractice.WaitsInSelenium.Parameterized" name="TestCase4" time="0.000"/>
  <testcase classname="seleniumpractice.WaitsInSelenium.Parameterized" name="TestCase4" time="0.000"/>
  <testcase classname="seleniumpractice.WaitsInSelenium.Parameterized" name="TestCase4" time="0.000"/>
  <testcase classname="seleniumpractice.WaitsInSelenium.Parameterized" name="TestCase4" time="0.001"/>
  <testcase classname="seleniumpractice.WaitsInSelenium.Parameterized" name="TestCase4" time="0.001"/>
  <testcase classname="seleniumpractice.WaitsInSelenium.Parameterized" name="TestCase4" time="0.000"/>
  <testcase classname="seleniumpractice.WaitsInSelenium.Parameterized" name="TestCase4" time="0.001"/>
  <testcase classname="seleniumpractice.WaitsInSelenium.Parameterized" name="TestCase4" time="0.001"/>
  <testcase classname="seleniumpractice.WaitsInSelenium.Parameterized" name="TestCase4" time="0.000"/>
  <testcase classname="seleniumpractice.WaitsInSelenium.Parameterized" name="TestCase4" time="0.000"/>
  <testcase classname="seleniumpractice.WaitsInSelenium.Parameterized" name="TestCase4" time="0.000"/>
  <testcase classname="seleniumpractice.WaitsInSelenium.Parameterized" name="TestCase4" time="0.000"/>
  <testcase classname="seleniumpractice.WaitsInSelenium.Parameterized" name="TestCase4" time="0.000"/>
  <testcase classname="seleniumpractice.WaitsInSelenium.Parameterized" name="TestCase4" time="0.000"/>
  <testcase classname="seleniumpractice.WaitsInSelenium.Parameterized" name="TestCase4" time="0.001"/>
  <testcase classname="seleniumpractice.WaitsInSelenium.Parameterized" name="TestCase4" time="0.000"/>
  <testcase classname="seleniumpractice.WaitsInSelenium.Parameterized" name="TestCase4" time="0.003"/>
  <testcase classname="seleniumpractice.WaitsInSelenium.Parameterized" name="TestCase4" time="0.000"/>
  <testcase classname="seleniumpractice.WaitsInSelenium.Parameterized" name="TestCase4" time="0.000"/>
  <testcase classname="seleniumpractice.WaitsInSelenium.Parameterized" name="TestCase4" time="0.001"/>
  <testcase classname="seleniumpractice.WaitsInSelenium.Parameterized" name="TestCase4" time="0.001"/>
  <testcase classname="seleniumpractice.WaitsInSelenium.Parameterized" name="TestCase4" time="0.001"/>
  <testcase classname="seleniumpractice.WaitsInSelenium.Parameterized" name="TestCase4" time="0.000"/>
  <testcase classname="seleniumpractice.WaitsInSelenium.Parameterized" name="TestCase4" time="0.000"/>
  <testcase classname="seleniumpractice.WaitsInSelenium.Parameterized" name="TestCase4" time="0.001"/>
  <testcase classname="seleniumpractice.WaitsInSelenium.Parameterized" name="TestCase4" time="0.001"/>
  <testcase classname="seleniumpractice.WaitsInSelenium.Parameterized" name="TestCase4" time="0.000"/>
  <testcase classname="seleniumpractice.WaitsInSelenium.Parameterized" name="TestCase4" time="0.000"/>
  <testcase classname="seleniumpractice.WaitsInSelenium.Parameterized" name="TestCase4" time="0.000"/>
  <testcase classname="seleniumpractice.WaitsInSelenium.Parameterized" name="TestCase4" time="0.000"/>
  <testcase classname="seleniumpractice.WaitsInSelenium.Parameterized" name="TestCase4" time="0.000"/>
  <testcase classname="seleniumpractice.WaitsInSelenium.Parameterized" name="TestCase4" time="0.000"/>
  <testcase classname="seleniumpractice.WaitsInSelenium.Parameterized" name="TestCase4" time="0.000"/>
  <testcase classname="seleniumpractice.WaitsInSelenium.Parameterized" name="TestCase4" time="0.001"/>
  <testcase classname="seleniumpractice.WaitsInSelenium.Parameterized" name="TestCase4" time="0.000"/>
  <testcase classname="seleniumpractice.WaitsInSelenium.Parameterized" name="TestCase4" time="0.001"/>
  <testcase classname="seleniumpractice.WaitsInSelenium.Parameterized" name="TestCase4" time="0.000"/>
  <testcase classname="seleniumpractice.WaitsInSelenium.Parameterized" name="TestCase4" time="0.001"/>
  <testcase classname="seleniumpractice.WaitsInSelenium.Parameterized" name="TestCase4" time="0.001"/>
  <testcase classname="seleniumpractice.WaitsInSelenium.Parameterized" name="TestCase4" time="0.000"/>
  <testcase classname="seleniumpractice.WaitsInSelenium.Parameterized" name="TestCase4" time="0.001"/>
  <testcase classname="seleniumpractice.WaitsInSelenium.Parameterized" name="TestCase4" time="0.001"/>
  <testcase classname="seleniumpractice.WaitsInSelenium.Parameterized" name="TestCase4" time="0.000"/>
  <testcase classname="seleniumpractice.WaitsInSelenium.Parameterized" name="TestCase4" time="0.000"/>
  <testcase classname="seleniumpractice.WaitsInSelenium.Parameterized" name="TestCase4" time="0.001"/>
  <testcase classname="seleniumpractice.WaitsInSelenium.Parameterized" name="TestCase4" time="0.000"/>
  <testcase classname="seleniumpractice.WaitsInSelenium.Parameterized" name="TestCase4" time="0.001"/>
  <testcase classname="seleniumpractice.WaitsInSelenium.Parameterized" name="TestCase4" time="0.000"/>
  <testcase classname="seleniumpractice.WaitsInSelenium.Parameterized" name="TestCase4" time="0.000"/>
  <testcase classname="seleniumpractice.WaitsInSelenium.Parameterized" name="TestCase4" time="0.000"/>
  <testcase classname="seleniumpractice.WaitsInSelenium.Parameterized" name="TestCase4" time="0.000"/>
  <testcase classname="seleniumpractice.WaitsInSelenium.Parameterized" name="TestCase4" time="0.000"/>
  <testcase classname="seleniumpractice.WaitsInSelenium.Parameterized" name="TestCase4" time="0.001"/>
  <testcase classname="seleniumpractice.WaitsInSelenium.Parameterized" name="TestCase4" time="0.001"/>
  <testcase classname="seleniumpractice.WaitsInSelenium.Parameterized" name="TestCase4" time="0.000"/>
  <testcase classname="seleniumpractice.WaitsInSelenium.Parameterized" name="TestCase4" time="0.000"/>
  <testcase classname="seleniumpractice.WaitsInSelenium.Parameterized" name="TestCase4" time="0.001"/>
  <testcase classname="seleniumpractice.WaitsInSelenium.Parameterized" name="TestCase4" time="0.001"/>
  <testcase classname="seleniumpractice.WaitsInSelenium.Parameterized" name="TestCase4" time="0.000"/>
  <testcase classname="seleniumpractice.WaitsInSelenium.Parameterized" name="TestCase4" time="0.000"/>
  <testcase classname="seleniumpractice.WaitsInSelenium.Parameterized" name="TestCase4" time="0.002"/>
  <testcase classname="seleniumpractice.WaitsInSelenium.Parameterized" name="TestCase4" time="0.000"/>
  <testcase classname="seleniumpractice.WaitsInSelenium.Parameterized" name="TestCase4" time="0.000"/>
  <testcase classname="seleniumpractice.WaitsInSelenium.Parameterized" name="TestCase4" time="0.000"/>
  <testcase classname="seleniumpractice.WaitsInSelenium.Parameterized" name="TestCase4" time="0.000"/>
  <testcase classname="seleniumpractice.WaitsInSelenium.Parameterized" name="TestCase4" time="0.000"/>
  <testcase classname="seleniumpractice.WaitsInSelenium.Parameterized" name="TestCase4" time="0.001"/>
  <testcase classname="seleniumpractice.WaitsInSelenium.Parameterized" name="TestCase4" time="0.000"/>
  <testcase classname="seleniumpractice.WaitsInSelenium.Parameterized" name="TestCase4" time="0.000"/>
  <testcase classname="seleniumpractice.WaitsInSelenium.Parameterized" name="TestCase4" time="0.000"/>
  <testcase classname="seleniumpractice.WaitsInSelenium.Parameterized" name="TestCase4" time="0.000"/>
  <testcase classname="seleniumpractice.WaitsInSelenium.Parameterized" name="TestCase4" time="0.000"/>
  <testcase classname="seleniumpractice.WaitsInSelenium.Parameterized" name="TestCase4" time="0.001"/>
  <testcase classname="seleniumpractice.WaitsInSelenium.Parameterized" name="TestCase4" time="0.000"/>
  <testcase classname="seleniumpractice.WaitsInSelenium.Parameterized" name="TestCase4" time="0.001"/>
  <testcase classname="seleniumpractice.WaitsInSelenium.Parameterized" name="TestCase4" time="0.001"/>
  <testcase classname="seleniumpractice.WaitsInSelenium.Parameterized" name="TestCase4" time="0.000"/>
  <testcase classname="seleniumpractice.WaitsInSelenium.Parameterized" name="TestCase4" time="0.000"/>
  <testcase classname="seleniumpractice.WaitsInSelenium.Parameterized" name="TestCase4" time="0.000"/>
  <testcase classname="seleniumpractice.WaitsInSelenium.Parameterized" name="TestCase4" time="0.000"/>
  <testcase classname="seleniumpractice.WaitsInSelenium.Parameterized" name="TestCase4" time="0.000"/>
  <testcase classname="seleniumpractice.WaitsInSelenium.Parameterized" name="TestCase4" time="0.000"/>
  <testcase classname="seleniumpractice.WaitsInSelenium.Parameterized" name="TestCase4" time="0.000"/>
  <testcase classname="seleniumpractice.WaitsInSelenium.Parameterized" name="TestCase4" time="0.000"/>
  <testcase classname="seleniumpractice.WaitsInSelenium.Parameterized" name="TestCase4" time="0.001"/>
  <testcase classname="seleniumpractice.WaitsInSelenium.Parameterized" name="TestCase4" time="0.000"/>
  <testcase classname="seleniumpractice.WaitsInSelenium.Parameterized" name="TestCase4" time="0.001"/>
  <testcase classname="seleniumpractice.WaitsInSelenium.Parameterized" name="TestCase4" time="0.000"/>
  <testcase classname="seleniumpractice.WaitsInSelenium.Parameterized" name="TestCase4" time="0.002"/>
  <testcase classname="seleniumpractice.WaitsInSelenium.Parameterized" name="TestCase4" time="0.001"/>
  <testcase classname="seleniumpractice.WaitsInSelenium.Parameterized" name="TestCase4" time="0.000"/>
  <testcase classname="seleniumpractice.WaitsInSelenium.Parameterized" name="TestCase4" time="0.000"/>
  <testcase classname="seleniumpractice.WaitsInSelenium.Parameterized" name="TestCase4" time="0.000"/>
  <testcase classname="seleniumpractice.WaitsInSelenium.Parameterized" name="TestCase4" time="0.001"/>
  <testcase classname="seleniumpractice.WaitsInSelenium.Parameterized" name="TestCase4" time="0.000"/>
  <testcase classname="seleniumpractice.WaitsInSelenium.Parameterized" name="TestCase4" time="0.001"/>
  <testcase classname="seleniumpractice.WaitsInSelenium.Parameterized" name="TestCase4" time="0.001"/>
  <testcase classname="seleniumpractice.WaitsInSelenium.Parameterized" name="TestCase4" time="0.000"/>
  <testcase classname="seleniumpractice.WaitsInSelenium.Parameterized" name="TestCase4" time="0.000"/>
  <testcase classname="seleniumpractice.WaitsInSelenium.Parameterized" name="TestCase4" time="0.001"/>
  <testcase classname="seleniumpractice.WaitsInSelenium.Parameterized" name="TestCase4" time="0.000"/>
  <testcase classname="seleniumpractice.WaitsInSelenium.Parameterized" name="TestCase4" time="0.000"/>
  <testcase classname="seleniumpractice.WaitsInSelenium.Parameterized" name="TestCase4" time="0.000"/>
  <testcase classname="seleniumpractice.WaitsInSelenium.Parameterized" name="TestCase4" time="0.000"/>
  <testcase classname="seleniumpractice.WaitsInSelenium.Parameterized" name="TestCase4" time="0.000"/>
  <testcase classname="seleniumpractice.WaitsInSelenium.Parameterized" name="TestCase4" time="0.000"/>
  <testcase classname="seleniumpractice.WaitsInSelenium.Parameterized" name="TestCase4" time="0.000"/>
  <testcase classname="seleniumpractice.WaitsInSelenium.Parameterized" name="TestCase5" time="0.000">
    <error message="
Parameter &#039;url&#039; is required by @Test on method TestCase5 but has not been marked @Optional or defined
in C:\Users\vinit\AppData\Local\Temp\testng-eclipse-295085876\testng-customsuite.xml" type="org.testng.TestNGException">
      <![CDATA[org.testng.TestNGException: 
Parameter 'url' is required by @Test on method TestCase5 but has not been marked @Optional or defined
in C:\Users\vinit\AppData\Local\Temp\testng-eclipse-295085876\testng-customsuite.xml
at org.testng.internal.Parameters.createParams(Parameters.java:267)
at org.testng.internal.Parameters.createParametersForMethod(Parameters.java:355)
at org.testng.internal.Parameters.createParameters(Parameters.java:693)
at org.testng.internal.Parameters.handleParameters(Parameters.java:888)
at org.testng.internal.Parameters.handleParameters(Parameters.java:737)
at org.testng.internal.invokers.ParameterHandler.handleParameters(ParameterHandler.java:72)
at org.testng.internal.invokers.ParameterHandler.createParameters(ParameterHandler.java:51)
at org.testng.internal.invokers.TestInvoker$MethodInvocationAgent.invoke(TestInvoker.java:915)
at org.testng.internal.invokers.TestInvoker.invokeTestMethods(TestInvoker.java:201)
at org.testng.internal.invokers.TestMethodWorker.invokeTestMethods(TestMethodWorker.java:148)
at org.testng.internal.invokers.TestMethodWorker.run(TestMethodWorker.java:128)
at java.base/java.util.ArrayList.forEach(ArrayList.java:1596)
at org.testng.TestRunner.privateRun(TestRunner.java:819)
at org.testng.TestRunner.run(TestRunner.java:619)
at org.testng.SuiteRunner.runTest(SuiteRunner.java:443)
at org.testng.SuiteRunner.runSequentially(SuiteRunner.java:437)
at org.testng.SuiteRunner.privateRun(SuiteRunner.java:397)
at org.testng.SuiteRunner.run(SuiteRunner.java:336)
at org.testng.SuiteRunnerWorker.runSuite(SuiteRunnerWorker.java:52)
at org.testng.SuiteRunnerWorker.run(SuiteRunnerWorker.java:95)
at org.testng.TestNG.runSuitesSequentially(TestNG.java:1301)
at org.testng.TestNG.runSuitesLocally(TestNG.java:1228)
at org.testng.TestNG.runSuites(TestNG.java:1134)
at org.testng.TestNG.run(TestNG.java:1101)
at org.testng.remote.AbstractRemoteTestNG.run(AbstractRemoteTestNG.java:115)
at org.testng.remote.RemoteTestNG.initAndRun(RemoteTestNG.java:251)
at org.testng.remote.RemoteTestNG.main(RemoteTestNG.java:77)
]]>
    </error>
  </testcase> <!-- TestCase5 -->
  <testcase classname="seleniumpractice.WaitsInSelenium.Parameterized" name="TestCase4" time="0.000"/>
  <testcase classname="seleniumpractice.WaitsInSelenium.Parameterized" name="TestCase4" time="0.000"/>
  <testcase classname="seleniumpractice.WaitsInSelenium.Parameterized" name="TestCase4" time="0.000"/>
  <testcase classname="seleniumpractice.WaitsInSelenium.Parameterized" name="TestCase4" time="0.000"/>
  <testcase classname="seleniumpractice.WaitsInSelenium.Parameterized" name="TestCase4" time="0.000"/>
  <testcase classname="seleniumpractice.WaitsInSelenium.Parameterized" name="TestCase4" time="0.000"/>
  <testcase classname="seleniumpractice.WaitsInSelenium.Parameterized" name="TestCase4" time="0.001"/>
  <testcase classname="seleniumpractice.WaitsInSelenium.Parameterized" name="TestCase4" time="0.000"/>
  <testcase classname="seleniumpractice.WaitsInSelenium.Parameterized" name="TestCase4" time="0.001"/>
  <testcase classname="seleniumpractice.WaitsInSelenium.Parameterized" name="TestCase4" time="0.001"/>
  <testcase classname="seleniumpractice.WaitsInSelenium.Parameterized" name="TestCase4" time="0.000"/>
  <testcase classname="seleniumpractice.WaitsInSelenium.Parameterized" name="TestCase4" time="0.000"/>
  <testcase classname="seleniumpractice.WaitsInSelenium.Parameterized" name="TestCase4" time="0.000"/>
  <testcase classname="seleniumpractice.WaitsInSelenium.Parameterized" name="TestCase4" time="0.000"/>
  <testcase classname="seleniumpractice.WaitsInSelenium.Parameterized" name="TestCase4" time="0.000"/>
  <testcase classname="seleniumpractice.WaitsInSelenium.Parameterized" name="TestCase4" time="0.000"/>
  <testcase classname="seleniumpractice.WaitsInSelenium.Parameterized" name="TestCase4" time="0.000"/>
  <testcase classname="seleniumpractice.WaitsInSelenium.Parameterized" name="TestCase4" time="0.000"/>
  <testcase classname="seleniumpractice.WaitsInSelenium.Parameterized" name="TestCase4" time="0.000"/>
  <testcase classname="seleniumpractice.WaitsInSelenium.Parameterized" name="TestCase4" time="0.000"/>
  <testcase classname="seleniumpractice.WaitsInSelenium.Parameterized" name="TestCase4" time="0.001"/>
  <testcase classname="seleniumpractice.WaitsInSelenium.Parameterized" name="TestCase4" time="0.000"/>
  <testcase classname="seleniumpractice.WaitsInSelenium.Parameterized" name="TestCase4" time="0.000"/>
  <testcase classname="seleniumpractice.WaitsInSelenium.Parameterized" name="TestCase4" time="0.000"/>
  <testcase classname="seleniumpractice.WaitsInSelenium.Parameterized" name="TestCase4" time="0.000"/>
  <testcase classname="seleniumpractice.WaitsInSelenium.Parameterized" name="TestCase4" time="0.000"/>
  <testcase classname="seleniumpractice.WaitsInSelenium.Parameterized" name="TestCase4" time="0.000"/>
  <testcase classname="seleniumpractice.WaitsInSelenium.Parameterized" name="TestCase4" time="0.003"/>
  <testcase classname="seleniumpractice.WaitsInSelenium.Parameterized" name="TestCase4" time="0.000"/>
  <testcase classname="seleniumpractice.WaitsInSelenium.Parameterized" name="TestCase4" time="0.000"/>
  <testcase classname="seleniumpractice.WaitsInSelenium.Parameterized" name="TestCase4" time="0.000"/>
  <testcase classname="seleniumpractice.WaitsInSelenium.Parameterized" name="TestCase4" time="0.000"/>
  <testcase classname="seleniumpractice.WaitsInSelenium.Parameterized" name="TestCase4" time="0.000"/>
  <testcase classname="seleniumpractice.WaitsInSelenium.Parameterized" name="TestCase4" time="0.000"/>
  <testcase classname="seleniumpractice.WaitsInSelenium.Parameterized" name="TestCase4" time="0.003"/>
  <testcase classname="seleniumpractice.WaitsInSelenium.Parameterized" name="TestCase4" time="0.001"/>
  <testcase classname="seleniumpractice.WaitsInSelenium.Parameterized" name="TestCase4" time="0.000"/>
  <testcase classname="seleniumpractice.WaitsInSelenium.Parameterized" name="TestCase4" time="0.000"/>
  <testcase classname="seleniumpractice.WaitsInSelenium.Parameterized" name="TestCase4" time="0.000"/>
  <testcase classname="seleniumpractice.WaitsInSelenium.Parameterized" name="TestCase4" time="0.001"/>
  <testcase classname="seleniumpractice.WaitsInSelenium.Parameterized" name="TestCase4" time="0.001"/>
  <testcase classname="seleniumpractice.WaitsInSelenium.Parameterized" name="TestCase4" time="0.000"/>
  <testcase classname="seleniumpractice.WaitsInSelenium.Parameterized" name="TestCase4" time="0.000"/>
  <testcase classname="seleniumpractice.WaitsInSelenium.Parameterized" name="TestCase4" time="0.001"/>
  <testcase classname="seleniumpractice.WaitsInSelenium.Parameterized" name="TestCase4" time="0.001"/>
  <testcase classname="seleniumpractice.WaitsInSelenium.Parameterized" name="TestCase4" time="0.000"/>
  <testcase classname="seleniumpractice.WaitsInSelenium.Parameterized" name="TestCase4" time="0.001"/>
  <testcase classname="seleniumpractice.WaitsInSelenium.Parameterized" name="TestCase4" time="0.000"/>
  <testcase classname="seleniumpractice.WaitsInSelenium.Parameterized" name="TestCase4" time="0.001"/>
  <testcase classname="seleniumpractice.WaitsInSelenium.Parameterized" name="TestCase4" time="0.001"/>
  <testcase classname="seleniumpractice.WaitsInSelenium.Parameterized" name="TestCase4" time="0.000"/>
  <testcase classname="seleniumpractice.WaitsInSelenium.Parameterized" name="TestCase4" time="0.000"/>
  <testcase classname="seleniumpractice.WaitsInSelenium.Parameterized" name="TestCase4" time="0.000"/>
  <testcase classname="seleniumpractice.WaitsInSelenium.Parameterized" name="TestCase4" time="0.000"/>
  <testcase classname="seleniumpractice.WaitsInSelenium.Parameterized" name="TestCase4" time="0.000"/>
  <testcase classname="seleniumpractice.WaitsInSelenium.Parameterized" name="TestCase4" time="0.000"/>
  <testcase classname="seleniumpractice.WaitsInSelenium.Parameterized" name="TestCase4" time="0.000"/>
  <testcase classname="seleniumpractice.WaitsInSelenium.Parameterized" name="TestCase4" time="0.000"/>
  <testcase classname="seleniumpractice.WaitsInSelenium.Parameterized" name="TestCase4" time="0.000"/>
  <testcase classname="seleniumpractice.WaitsInSelenium.Parameterized" name="TestCase4" time="0.000"/>
  <testcase classname="seleniumpractice.WaitsInSelenium.Parameterized" name="TestCase4" time="0.000"/>
  <testcase classname="seleniumpractice.WaitsInSelenium.Parameterized" name="TestCase4" time="0.000"/>
  <testcase classname="seleniumpractice.WaitsInSelenium.Parameterized" name="TestCase4" time="0.001"/>
  <testcase classname="seleniumpractice.WaitsInSelenium.Parameterized" name="TestCase4" time="0.000"/>
  <testcase classname="seleniumpractice.WaitsInSelenium.Parameterized" name="TestCase4" time="0.000"/>
  <testcase classname="seleniumpractice.WaitsInSelenium.Parameterized" name="TestCase4" time="0.001"/>
  <testcase classname="seleniumpractice.WaitsInSelenium.Parameterized" name="TestCase4" time="0.000"/>
  <testcase classname="seleniumpractice.WaitsInSelenium.Parameterized" name="TestCase4" time="0.001"/>
  <testcase classname="seleniumpractice.WaitsInSelenium.Parameterized" name="TestCase4" time="0.000"/>
  <testcase classname="seleniumpractice.WaitsInSelenium.Parameterized" name="TestCase4" time="0.489"/>
  <testcase classname="seleniumpractice.WaitsInSelenium.Parameterized" name="TestCase4" time="0.000"/>
  <testcase classname="seleniumpractice.WaitsInSelenium.Parameterized" name="TestCase4" time="0.001"/>
  <testcase classname="seleniumpractice.WaitsInSelenium.Parameterized" name="TestCase4" time="0.000"/>
  <testcase classname="seleniumpractice.WaitsInSelenium.Parameterized" name="TestCase4" time="0.001"/>
  <testcase classname="seleniumpractice.WaitsInSelenium.Parameterized" name="TestCase4" time="0.000"/>
  <testcase classname="seleniumpractice.WaitsInSelenium.Parameterized" name="TestCase4" time="0.000"/>
  <testcase classname="seleniumpractice.WaitsInSelenium.Parameterized" name="TestCase4" time="0.000"/>
  <testcase classname="seleniumpractice.WaitsInSelenium.Parameterized" name="TestCase4" time="0.000"/>
  <testcase classname="seleniumpractice.WaitsInSelenium.Parameterized" name="TestCase4" time="0.001"/>
  <testcase classname="seleniumpractice.WaitsInSelenium.Parameterized" name="TestCase4" time="0.000"/>
  <testcase classname="seleniumpractice.WaitsInSelenium.Parameterized" name="TestCase4" time="0.000"/>
  <testcase classname="seleniumpractice.WaitsInSelenium.Parameterized" name="TestCase4" time="0.001"/>
  <testcase classname="seleniumpractice.WaitsInSelenium.Parameterized" name="TestCase4" time="0.000"/>
  <testcase classname="seleniumpractice.WaitsInSelenium.Parameterized" name="TestCase4" time="0.000"/>
  <testcase classname="seleniumpractice.WaitsInSelenium.Parameterized" name="TestCase4" time="0.000"/>
  <testcase classname="seleniumpractice.WaitsInSelenium.Parameterized" name="TestCase4" time="0.000"/>
  <testcase classname="seleniumpractice.WaitsInSelenium.Parameterized" name="TestCase4" time="0.000"/>
  <testcase classname="seleniumpractice.WaitsInSelenium.Parameterized" name="TestCase4" time="0.001"/>
  <testcase classname="seleniumpractice.WaitsInSelenium.Parameterized" name="TestCase4" time="0.001"/>
  <testcase classname="seleniumpractice.WaitsInSelenium.Parameterized" name="TestCase4" time="0.001"/>
  <testcase classname="seleniumpractice.WaitsInSelenium.Parameterized" name="TestCase4" time="0.000"/>
  <testcase classname="seleniumpractice.WaitsInSelenium.Parameterized" name="TestCase4" time="0.001"/>
  <testcase classname="seleniumpractice.WaitsInSelenium.Parameterized" name="TestCase4" time="0.001"/>
  <testcase classname="seleniumpractice.WaitsInSelenium.Parameterized" name="TestCase4" time="0.000"/>
  <testcase classname="seleniumpractice.WaitsInSelenium.Parameterized" name="TestCase4" time="0.000"/>
  <testcase classname="seleniumpractice.WaitsInSelenium.Parameterized" name="TestCase4" time="0.000"/>
  <testcase classname="seleniumpractice.WaitsInSelenium.Parameterized" name="TestCase4" time="0.000"/>
  <testcase classname="seleniumpractice.WaitsInSelenium.Parameterized" name="TestCase4" time="0.000"/>
  <testcase classname="seleniumpractice.WaitsInSelenium.Parameterized" name="TestCase4" time="0.000"/>
  <testcase classname="seleniumpractice.WaitsInSelenium.Parameterized" name="TestCase4" time="0.001"/>
  <testcase classname="seleniumpractice.WaitsInSelenium.Parameterized" name="TestCase4" time="0.000"/>
  <testcase classname="seleniumpractice.WaitsInSelenium.Parameterized" name="TestCase4" time="0.001"/>
  <testcase classname="seleniumpractice.WaitsInSelenium.Parameterized" name="TestCase4" time="0.000"/>
  <testcase classname="seleniumpractice.WaitsInSelenium.Parameterized" name="TestCase4" time="0.000"/>
  <testcase classname="seleniumpractice.WaitsInSelenium.Parameterized" name="TestCase4" time="0.000"/>
  <testcase classname="seleniumpractice.WaitsInSelenium.Parameterized" name="TestCase4" time="0.000"/>
  <testcase classname="seleniumpractice.WaitsInSelenium.Parameterized" name="TestCase4" time="0.000"/>
  <testcase classname="seleniumpractice.WaitsInSelenium.Parameterized" name="TestCase4" time="0.001"/>
  <testcase classname="seleniumpractice.WaitsInSelenium.Parameterized" name="TestCase4" time="0.001"/>
  <testcase classname="seleniumpractice.WaitsInSelenium.Parameterized" name="TestCase4" time="0.000"/>
  <testcase classname="seleniumpractice.WaitsInSelenium.Parameterized" name="TestCase4" time="0.001"/>
  <testcase classname="seleniumpractice.WaitsInSelenium.Parameterized" name="TestCase4" time="0.000"/>
  <testcase classname="seleniumpractice.WaitsInSelenium.Parameterized" name="TestCase4" time="0.000"/>
  <testcase classname="seleniumpractice.WaitsInSelenium.Parameterized" name="TestCase4" time="0.000"/>
  <testcase classname="seleniumpractice.WaitsInSelenium.Parameterized" name="TestCase4" time="0.001"/>
  <testcase classname="seleniumpractice.WaitsInSelenium.Parameterized" name="TestCase4" time="0.000"/>
  <testcase classname="seleniumpractice.WaitsInSelenium.Parameterized" name="TestCase4" time="0.000"/>
  <testcase classname="seleniumpractice.WaitsInSelenium.Parameterized" name="TestCase4" time="0.001"/>
  <testcase classname="seleniumpractice.WaitsInSelenium.Parameterized" name="TestCase4" time="0.000"/>
  <testcase classname="seleniumpractice.WaitsInSelenium.Parameterized" name="TestCase4" time="0.000"/>
  <testcase classname="seleniumpractice.WaitsInSelenium.Parameterized" name="TestCase4" time="0.001"/>
  <testcase classname="seleniumpractice.WaitsInSelenium.Parameterized" name="TestCase4" time="0.000"/>
  <testcase classname="seleniumpractice.WaitsInSelenium.Parameterized" name="TestCase4" time="0.000"/>
  <testcase classname="seleniumpractice.WaitsInSelenium.Parameterized" name="TestCase4" time="0.000"/>
  <testcase classname="seleniumpractice.WaitsInSelenium.Parameterized" name="TestCase4" time="0.000"/>
  <testcase classname="seleniumpractice.WaitsInSelenium.Parameterized" name="TestCase4" time="0.000"/>
  <testcase classname="seleniumpractice.WaitsInSelenium.Parameterized" name="TestCase4" time="0.001"/>
  <testcase classname="seleniumpractice.WaitsInSelenium.Parameterized" name="TestCase4" time="0.000"/>
  <testcase classname="seleniumpractice.WaitsInSelenium.Parameterized" name="TestCase4" time="0.000"/>
  <testcase classname="seleniumpractice.WaitsInSelenium.Parameterized" name="TestCase4" time="0.001"/>
  <testcase classname="seleniumpractice.WaitsInSelenium.Parameterized" name="TestCase4" time="0.001"/>
  <testcase classname="seleniumpractice.WaitsInSelenium.Parameterized" name="TestCase4" time="0.000"/>
  <testcase classname="seleniumpractice.WaitsInSelenium.Parameterized" name="TestCase4" time="0.001"/>
  <testcase classname="seleniumpractice.WaitsInSelenium.Parameterized" name="TestCase4" time="0.001"/>
  <testcase classname="seleniumpractice.WaitsInSelenium.Parameterized" name="TestCase4" time="0.000"/>
  <testcase classname="seleniumpractice.WaitsInSelenium.Parameterized" name="TestCase4" time="0.001"/>
  <testcase classname="seleniumpractice.WaitsInSelenium.Parameterized" name="TestCase4" time="0.000"/>
  <testcase classname="seleniumpractice.WaitsInSelenium.Parameterized" name="TestCase4" time="0.000"/>
  <testcase classname="seleniumpractice.WaitsInSelenium.Parameterized" name="TestCase4" time="0.001"/>
  <testcase classname="seleniumpractice.WaitsInSelenium.Parameterized" name="TestCase4" time="0.000"/>
  <testcase classname="seleniumpractice.WaitsInSelenium.Parameterized" name="TestCase4" time="0.000"/>
  <testcase classname="seleniumpractice.WaitsInSelenium.Parameterized" name="TestCase4" time="0.000"/>
  <testcase classname="seleniumpractice.WaitsInSelenium.Parameterized" name="TestCase4" time="0.000"/>
  <testcase classname="seleniumpractice.WaitsInSelenium.Parameterized" name="TestCase4" time="0.000"/>
  <testcase classname="seleniumpractice.WaitsInSelenium.Parameterized" name="TestCase4" time="0.001"/>
  <testcase classname="seleniumpractice.WaitsInSelenium.Parameterized" name="TestCase4" time="0.000"/>
  <testcase classname="seleniumpractice.WaitsInSelenium.Parameterized" name="TestCase4" time="0.000"/>
  <testcase classname="seleniumpractice.WaitsInSelenium.Parameterized" name="TestCase4" time="0.000"/>
  <testcase classname="seleniumpractice.WaitsInSelenium.Parameterized" name="TestCase4" time="0.000"/>
  <testcase classname="seleniumpractice.WaitsInSelenium.Parameterized" name="TestCase4" time="0.000"/>
  <testcase classname="seleniumpractice.WaitsInSelenium.Parameterized" name="TestCase4" time="0.000"/>
  <testcase classname="seleniumpractice.WaitsInSelenium.Parameterized" name="TestCase4" time="0.000"/>
  <testcase classname="seleniumpractice.WaitsInSelenium.Parameterized" name="TestCase4" time="0.001"/>
  <testcase classname="seleniumpractice.WaitsInSelenium.Parameterized" name="TestCase4" time="0.000"/>
  <testcase classname="seleniumpractice.WaitsInSelenium.Parameterized" name="TestCase4" time="0.000"/>
  <testcase classname="seleniumpractice.WaitsInSelenium.Parameterized" name="TestCase4" time="0.000"/>
  <testcase classname="seleniumpractice.WaitsInSelenium.Parameterized" name="TestCase4" time="0.000"/>
  <testcase classname="seleniumpractice.WaitsInSelenium.Parameterized" name="TestCase4" time="0.001"/>
  <testcase classname="seleniumpractice.WaitsInSelenium.Parameterized" name="TestCase4" time="0.000"/>
  <testcase classname="seleniumpractice.WaitsInSelenium.Parameterized" name="TestCase4" time="0.000"/>
  <testcase classname="seleniumpractice.WaitsInSelenium.Parameterized" name="TestCase4" time="0.000"/>
  <testcase classname="seleniumpractice.WaitsInSelenium.Parameterized" name="TestCase4" time="0.001"/>
  <testcase classname="seleniumpractice.WaitsInSelenium.Parameterized" name="TestCase4" time="0.000"/>
  <testcase classname="seleniumpractice.WaitsInSelenium.Parameterized" name="TestCase4" time="0.000"/>
  <testcase classname="seleniumpractice.WaitsInSelenium.Parameterized" name="TestCase4" time="0.001"/>
  <testcase classname="seleniumpractice.WaitsInSelenium.Parameterized" name="TestCase4" time="0.000"/>
  <testcase classname="seleniumpractice.WaitsInSelenium.Parameterized" name="TestCase4" time="0.000"/>
  <testcase classname="seleniumpractice.WaitsInSelenium.Parameterized" name="TestCase4" time="0.001"/>
  <testcase classname="seleniumpractice.WaitsInSelenium.Parameterized" name="TestCase4" time="0.000"/>
  <testcase classname="seleniumpractice.WaitsInSelenium.Parameterized" name="TestCase4" time="0.001"/>
  <testcase classname="seleniumpractice.WaitsInSelenium.Parameterized" name="TestCase4" time="0.000"/>
  <testcase classname="seleniumpractice.WaitsInSelenium.Parameterized" name="TestCase4" time="0.001"/>
  <testcase classname="seleniumpractice.WaitsInSelenium.Parameterized" name="TestCase4" time="0.000"/>
  <testcase classname="seleniumpractice.WaitsInSelenium.Parameterized" name="TestCase4" time="0.000"/>
  <testcase classname="seleniumpractice.WaitsInSelenium.Parameterized" name="TestCase4" time="0.000"/>
  <testcase classname="seleniumpractice.WaitsInSelenium.Parameterized" name="TestCase4" time="0.000"/>
  <testcase classname="seleniumpractice.WaitsInSelenium.Parameterized" name="TestCase4" time="0.000"/>
  <testcase classname="seleniumpractice.WaitsInSelenium.Parameterized" name="TestCase4" time="0.000"/>
  <testcase classname="seleniumpractice.WaitsInSelenium.Parameterized" name="TestCase4" time="0.001"/>
  <testcase classname="seleniumpractice.WaitsInSelenium.Parameterized" name="TestCase4" time="0.000"/>
  <testcase classname="seleniumpractice.WaitsInSelenium.Parameterized" name="TestCase4" time="0.000"/>
  <testcase classname="seleniumpractice.WaitsInSelenium.Parameterized" name="TestCase4" time="0.000"/>
  <testcase classname="seleniumpractice.WaitsInSelenium.Parameterized" name="TestCase4" time="0.001"/>
  <testcase classname="seleniumpractice.WaitsInSelenium.Parameterized" name="TestCase4" time="0.000"/>
  <testcase classname="seleniumpractice.WaitsInSelenium.Parameterized" name="TestCase4" time="0.000"/>
  <testcase classname="seleniumpractice.WaitsInSelenium.Parameterized" name="TestCase4" time="0.000"/>
  <testcase classname="seleniumpractice.WaitsInSelenium.Parameterized" name="TestCase4" time="0.000"/>
  <testcase classname="seleniumpractice.WaitsInSelenium.Parameterized" name="TestCase4" time="0.000"/>
  <testcase classname="seleniumpractice.WaitsInSelenium.Parameterized" name="TestCase4" time="0.000"/>
  <testcase classname="seleniumpractice.WaitsInSelenium.Parameterized" name="TestCase4" time="0.000"/>
  <testcase classname="seleniumpractice.WaitsInSelenium.Parameterized" name="TestCase4" time="0.001"/>
  <testcase classname="seleniumpractice.WaitsInSelenium.Parameterized" name="TestCase4" time="0.000"/>
  <testcase classname="seleniumpractice.WaitsInSelenium.Parameterized" name="TestCase4" time="0.000"/>
  <testcase classname="seleniumpractice.WaitsInSelenium.Parameterized" name="TestCase4" time="0.000"/>
  <testcase classname="seleniumpractice.WaitsInSelenium.Parameterized" name="TestCase4" time="0.001"/>
  <testcase classname="seleniumpractice.WaitsInSelenium.Parameterized" name="TestCase4" time="0.000"/>
  <testcase classname="seleniumpractice.WaitsInSelenium.Parameterized" name="TestCase4" time="0.001"/>
  <testcase classname="seleniumpractice.WaitsInSelenium.Parameterized" name="TestCase4" time="0.000"/>
  <testcase classname="seleniumpractice.WaitsInSelenium.Parameterized" name="TestCase4" time="0.000"/>
  <testcase classname="seleniumpractice.WaitsInSelenium.Parameterized" name="TestCase4" time="0.001"/>
  <testcase classname="seleniumpractice.WaitsInSelenium.Parameterized" name="TestCase4" time="0.000"/>
  <testcase classname="seleniumpractice.WaitsInSelenium.Parameterized" name="TestCase4" time="0.000"/>
  <testcase classname="seleniumpractice.WaitsInSelenium.Parameterized" name="TestCase4" time="0.001"/>
  <testcase classname="seleniumpractice.WaitsInSelenium.Parameterized" name="TestCase4" time="0.001"/>
  <testcase classname="seleniumpractice.WaitsInSelenium.Parameterized" name="TestCase4" time="0.000"/>
  <testcase classname="seleniumpractice.WaitsInSelenium.Parameterized" name="TestCase4" time="0.000"/>
  <testcase classname="seleniumpractice.WaitsInSelenium.Parameterized" name="TestCase4" time="0.001"/>
  <testcase classname="seleniumpractice.WaitsInSelenium.Parameterized" name="TestCase4" time="0.000"/>
  <testcase classname="seleniumpractice.WaitsInSelenium.Parameterized" name="TestCase4" time="0.001"/>
  <testcase classname="seleniumpractice.WaitsInSelenium.Parameterized" name="TestCase4" time="0.000"/>
  <testcase classname="seleniumpractice.WaitsInSelenium.Parameterized" name="TestCase4" time="0.002"/>
  <testcase classname="seleniumpractice.WaitsInSelenium.Parameterized" name="TestCase4" time="0.000"/>
  <testcase classname="seleniumpractice.WaitsInSelenium.Parameterized" name="TestCase4" time="0.000"/>
  <testcase classname="seleniumpractice.WaitsInSelenium.Parameterized" name="TestCase4" time="0.001"/>
  <testcase classname="seleniumpractice.WaitsInSelenium.Parameterized" name="TestCase4" time="0.000"/>
  <testcase classname="seleniumpractice.WaitsInSelenium.Parameterized" name="TestCase4" time="0.000"/>
  <testcase classname="seleniumpractice.WaitsInSelenium.Parameterized" name="TestCase4" time="0.000"/>
  <testcase classname="seleniumpractice.WaitsInSelenium.Parameterized" name="TestCase4" time="0.000"/>
  <testcase classname="seleniumpractice.WaitsInSelenium.Parameterized" name="TestCase4" time="0.001"/>
  <testcase classname="seleniumpractice.WaitsInSelenium.Parameterized" name="TestCase4" time="0.001"/>
  <testcase classname="seleniumpractice.WaitsInSelenium.Parameterized" name="TestCase4" time="0.000"/>
  <testcase classname="seleniumpractice.WaitsInSelenium.Parameterized" name="TestCase4" time="0.000"/>
  <testcase classname="seleniumpractice.WaitsInSelenium.Parameterized" name="TestCase4" time="0.000"/>
  <testcase classname="seleniumpractice.WaitsInSelenium.Parameterized" name="TestCase4" time="0.000"/>
  <testcase classname="seleniumpractice.WaitsInSelenium.Parameterized" name="TestCase4" time="0.000"/>
  <testcase classname="seleniumpractice.WaitsInSelenium.Parameterized" name="TestCase4" time="0.000"/>
  <testcase classname="seleniumpractice.WaitsInSelenium.Parameterized" name="TestCase4" time="0.001"/>
  <testcase classname="seleniumpractice.WaitsInSelenium.Parameterized" name="TestCase4" time="0.001"/>
  <testcase classname="seleniumpractice.WaitsInSelenium.Parameterized" name="TestCase4" time="0.000"/>
  <testcase classname="seleniumpractice.WaitsInSelenium.Parameterized" name="TestCase4" time="0.001"/>
  <testcase classname="seleniumpractice.WaitsInSelenium.Parameterized" name="TestCase4" time="0.001"/>
  <testcase classname="seleniumpractice.WaitsInSelenium.Parameterized" name="TestCase4" time="0.001"/>
  <testcase classname="seleniumpractice.WaitsInSelenium.Parameterized" name="TestCase4" time="0.001"/>
  <testcase classname="seleniumpractice.WaitsInSelenium.Parameterized" name="TestCase4" time="0.000"/>
  <testcase classname="seleniumpractice.WaitsInSelenium.Parameterized" name="TestCase4" time="0.001"/>
  <testcase classname="seleniumpractice.WaitsInSelenium.Parameterized" name="TestCase4" time="0.000"/>
  <testcase classname="seleniumpractice.WaitsInSelenium.Parameterized" name="TestCase4" time="0.000"/>
  <testcase classname="seleniumpractice.WaitsInSelenium.Parameterized" name="TestCase4" time="0.000"/>
  <testcase classname="seleniumpractice.WaitsInSelenium.Parameterized" name="TestCase4" time="0.000"/>
  <testcase classname="seleniumpractice.WaitsInSelenium.Parameterized" name="TestCase4" time="0.000"/>
  <testcase classname="seleniumpractice.WaitsInSelenium.Parameterized" name="TestCase4" time="0.000"/>
  <testcase classname="seleniumpractice.WaitsInSelenium.Parameterized" name="TestCase4" time="0.000"/>
  <testcase classname="seleniumpractice.WaitsInSelenium.Parameterized" name="TestCase4" time="0.000"/>
  <testcase classname="seleniumpractice.WaitsInSelenium.Parameterized" name="TestCase4" time="0.000"/>
  <testcase classname="seleniumpractice.WaitsInSelenium.Parameterized" name="TestCase4" time="0.001"/>
  <testcase classname="seleniumpractice.WaitsInSelenium.Parameterized" name="TestCase4" time="0.000"/>
  <testcase classname="seleniumpractice.WaitsInSelenium.Parameterized" name="TestCase4" time="0.000"/>
  <testcase classname="seleniumpractice.WaitsInSelenium.Parameterized" name="TestCase4" time="0.000"/>
  <testcase classname="seleniumpractice.WaitsInSelenium.Parameterized" name="TestCase4" time="0.000"/>
  <testcase classname="seleniumpractice.WaitsInSelenium.Parameterized" name="TestCase4" time="0.000"/>
  <testcase classname="seleniumpractice.WaitsInSelenium.Parameterized" name="TestCase4" time="0.000"/>
  <testcase classname="seleniumpractice.WaitsInSelenium.Parameterized" name="TestCase4" time="0.001"/>
  <testcase classname="seleniumpractice.WaitsInSelenium.Parameterized" name="TestCase4" time="0.001"/>
  <testcase classname="seleniumpractice.WaitsInSelenium.Parameterized" name="TestCase4" time="0.000"/>
  <testcase classname="seleniumpractice.WaitsInSelenium.Parameterized" name="TestCase4" time="0.001"/>
  <testcase classname="seleniumpractice.WaitsInSelenium.Parameterized" name="TestCase4" time="0.001"/>
  <testcase classname="seleniumpractice.WaitsInSelenium.Parameterized" name="TestCase4" time="0.000"/>
  <testcase classname="seleniumpractice.WaitsInSelenium.Parameterized" name="TestCase4" time="0.001"/>
  <testcase classname="seleniumpractice.WaitsInSelenium.Parameterized" name="TestCase4" time="0.000"/>
  <testcase classname="seleniumpractice.WaitsInSelenium.Parameterized" name="TestCase4" time="0.001"/>
  <testcase classname="seleniumpractice.WaitsInSelenium.Parameterized" name="TestCase4" time="0.000"/>
  <testcase classname="seleniumpractice.WaitsInSelenium.Parameterized" name="TestCase4" time="0.000"/>
  <testcase classname="seleniumpractice.WaitsInSelenium.Parameterized" name="TestCase4" time="0.000"/>
  <testcase classname="seleniumpractice.WaitsInSelenium.Parameterized" name="TestCase4" time="0.000"/>
  <testcase classname="seleniumpractice.WaitsInSelenium.Parameterized" name="TestCase4" time="0.000"/>
  <testcase classname="seleniumpractice.WaitsInSelenium.Parameterized" name="TestCase4" time="0.000"/>
  <testcase classname="seleniumpractice.WaitsInSelenium.Parameterized" name="TestCase4" time="0.000"/>
  <testcase classname="seleniumpractice.WaitsInSelenium.Parameterized" name="TestCase4" time="0.000"/>
  <testcase classname="seleniumpractice.WaitsInSelenium.Parameterized" name="TestCase4" time="0.000"/>
  <testcase classname="seleniumpractice.WaitsInSelenium.Parameterized" name="TestCase4" time="0.001"/>
  <testcase classname="seleniumpractice.WaitsInSelenium.Parameterized" name="TestCase4" time="0.000"/>
  <testcase classname="seleniumpractice.WaitsInSelenium.Parameterized" name="TestCase4" time="0.000"/>
  <testcase classname="seleniumpractice.WaitsInSelenium.Parameterized" name="TestCase4" time="0.000"/>
  <testcase classname="seleniumpractice.WaitsInSelenium.Parameterized" name="TestCase4" time="0.000"/>
  <testcase classname="seleniumpractice.WaitsInSelenium.Parameterized" name="TestCase4" time="0.000"/>
  <testcase classname="seleniumpractice.WaitsInSelenium.Parameterized" name="TestCase4" time="0.000"/>
  <testcase classname="seleniumpractice.WaitsInSelenium.Parameterized" name="TestCase4" time="0.000"/>
  <testcase classname="seleniumpractice.WaitsInSelenium.Parameterized" name="TestCase4" time="0.001"/>
  <testcase classname="seleniumpractice.WaitsInSelenium.Parameterized" name="TestCase4" time="0.000"/>
  <testcase classname="seleniumpractice.WaitsInSelenium.Parameterized" name="TestCase4" time="0.000"/>
  <testcase classname="seleniumpractice.WaitsInSelenium.Parameterized" name="TestCase4" time="0.002"/>
  <testcase classname="seleniumpractice.WaitsInSelenium.Parameterized" name="TestCase4" time="0.000"/>
  <testcase classname="seleniumpractice.WaitsInSelenium.Parameterized" name="TestCase4" time="0.000"/>
  <testcase classname="seleniumpractice.WaitsInSelenium.Parameterized" name="TestCase4" time="0.000"/>
  <testcase classname="seleniumpractice.WaitsInSelenium.Parameterized" name="TestCase4" time="0.000"/>
  <testcase classname="seleniumpractice.WaitsInSelenium.Parameterized" name="TestCase4" time="0.000"/>
  <testcase classname="seleniumpractice.WaitsInSelenium.Parameterized" name="TestCase4" time="0.001"/>
  <testcase classname="seleniumpractice.WaitsInSelenium.Parameterized" name="TestCase4" time="0.000"/>
  <testcase classname="seleniumpractice.WaitsInSelenium.Parameterized" name="TestCase4" time="0.000"/>
  <testcase classname="seleniumpractice.WaitsInSelenium.Parameterized" name="TestCase4" time="0.000"/>
  <testcase classname="seleniumpractice.WaitsInSelenium.Parameterized" name="TestCase4" time="0.000"/>
  <testcase classname="seleniumpractice.WaitsInSelenium.Parameterized" name="TestCase4" time="0.000"/>
  <testcase classname="seleniumpractice.WaitsInSelenium.Parameterized" name="TestCase4" time="0.000"/>
  <testcase classname="seleniumpractice.WaitsInSelenium.Parameterized" name="TestCase4" time="0.000"/>
  <testcase classname="seleniumpractice.WaitsInSelenium.Parameterized" name="TestCase4" time="0.000"/>
  <testcase classname="seleniumpractice.WaitsInSelenium.Parameterized" name="TestCase4" time="0.000"/>
  <testcase classname="seleniumpractice.WaitsInSelenium.Parameterized" name="TestCase4" time="0.001"/>
  <testcase classname="seleniumpractice.WaitsInSelenium.Parameterized" name="TestCase4" time="0.000"/>
  <testcase classname="seleniumpractice.WaitsInSelenium.Parameterized" name="TestCase4" time="0.001"/>
  <testcase classname="seleniumpractice.WaitsInSelenium.Parameterized" name="TestCase4" time="0.000"/>
  <testcase classname="seleniumpractice.WaitsInSelenium.Parameterized" name="TestCase4" time="0.000"/>
  <testcase classname="seleniumpractice.WaitsInSelenium.Parameterized" name="TestCase4" time="0.000"/>
  <testcase classname="seleniumpractice.WaitsInSelenium.Parameterized" name="TestCase4" time="0.001"/>
  <testcase classname="seleniumpractice.WaitsInSelenium.Parameterized" name="TestCase4" time="0.000"/>
  <testcase classname="seleniumpractice.WaitsInSelenium.Parameterized" name="TestCase4" time="0.000"/>
  <testcase classname="seleniumpractice.WaitsInSelenium.Parameterized" name="TestCase4" time="0.000"/>
  <testcase classname="seleniumpractice.WaitsInSelenium.Parameterized" name="TestCase4" time="0.000"/>
  <testcase classname="seleniumpractice.WaitsInSelenium.Parameterized" name="TestCase4" time="0.000"/>
  <testcase classname="seleniumpractice.WaitsInSelenium.Parameterized" name="TestCase4" time="0.001"/>
  <testcase classname="seleniumpractice.WaitsInSelenium.Parameterized" name="TestCase4" time="0.000"/>
  <testcase classname="seleniumpractice.WaitsInSelenium.Parameterized" name="TestCase4" time="0.000"/>
  <testcase classname="seleniumpractice.WaitsInSelenium.Parameterized" name="TestCase4" time="0.000"/>
  <testcase classname="seleniumpractice.WaitsInSelenium.Parameterized" name="TestCase4" time="0.001"/>
  <testcase classname="seleniumpractice.WaitsInSelenium.Parameterized" name="TestCase4" time="0.000"/>
  <testcase classname="seleniumpractice.WaitsInSelenium.Parameterized" name="TestCase4" time="0.000"/>
  <testcase classname="seleniumpractice.WaitsInSelenium.Parameterized" name="TestCase4" time="0.000"/>
  <testcase classname="seleniumpractice.WaitsInSelenium.Parameterized" name="TestCase4" time="0.001"/>
  <testcase classname="seleniumpractice.WaitsInSelenium.Parameterized" name="TestCase4" time="0.000"/>
  <testcase classname="seleniumpractice.WaitsInSelenium.Parameterized" name="TestCase4" time="0.000"/>
  <testcase classname="seleniumpractice.WaitsInSelenium.Parameterized" name="TestCase4" time="0.001"/>
  <testcase classname="seleniumpractice.WaitsInSelenium.Parameterized" name="TestCase4" time="0.000"/>
  <testcase classname="seleniumpractice.WaitsInSelenium.Parameterized" name="TestCase4" time="0.000"/>
  <testcase classname="seleniumpractice.WaitsInSelenium.Parameterized" name="TestCase4" time="0.000"/>
  <testcase classname="seleniumpractice.WaitsInSelenium.Parameterized" name="TestCase4" time="0.000"/>
  <testcase classname="seleniumpractice.WaitsInSelenium.Parameterized" name="TestCase4" time="0.000"/>
  <testcase classname="seleniumpractice.WaitsInSelenium.Parameterized" name="TestCase4" time="0.001"/>
  <testcase classname="seleniumpractice.WaitsInSelenium.Parameterized" name="TestCase4" time="0.000"/>
  <testcase classname="seleniumpractice.WaitsInSelenium.Parameterized" name="TestCase4" time="0.000"/>
  <testcase classname="seleniumpractice.WaitsInSelenium.Parameterized" name="TestCase4" time="0.001"/>
  <testcase classname="seleniumpractice.WaitsInSelenium.Parameterized" name="TestCase4" time="0.000"/>
  <testcase classname="seleniumpractice.WaitsInSelenium.Parameterized" name="TestCase4" time="0.001"/>
  <testcase classname="seleniumpractice.WaitsInSelenium.Parameterized" name="TestCase4" time="0.000"/>
  <testcase classname="seleniumpractice.WaitsInSelenium.Parameterized" name="TestCase4" time="0.000"/>
  <testcase classname="seleniumpractice.WaitsInSelenium.Parameterized" name="TestCase4" time="0.000"/>
  <testcase classname="seleniumpractice.WaitsInSelenium.Parameterized" name="TestCase4" time="0.001"/>
  <testcase classname="seleniumpractice.WaitsInSelenium.Parameterized" name="TestCase4" time="0.000"/>
  <testcase classname="seleniumpractice.WaitsInSelenium.Parameterized" name="TestCase4" time="0.001"/>
  <testcase classname="seleniumpractice.WaitsInSelenium.Parameterized" name="TestCase4" time="0.000"/>
  <testcase classname="seleniumpractice.WaitsInSelenium.Parameterized" name="TestCase4" time="0.000"/>
  <testcase classname="seleniumpractice.WaitsInSelenium.Parameterized" name="TestCase4" time="0.000"/>
  <testcase classname="seleniumpractice.WaitsInSelenium.Parameterized" name="TestCase4" time="0.000"/>
  <testcase classname="seleniumpractice.WaitsInSelenium.Parameterized" name="TestCase4" time="0.000"/>
  <testcase classname="seleniumpractice.WaitsInSelenium.Parameterized" name="TestCase4" time="0.001"/>
  <testcase classname="seleniumpractice.WaitsInSelenium.Parameterized" name="TestCase4" time="0.000"/>
  <testcase classname="seleniumpractice.WaitsInSelenium.Parameterized" name="TestCase4" time="0.001"/>
  <testcase classname="seleniumpractice.WaitsInSelenium.Parameterized" name="TestCase4" time="0.000"/>
  <testcase classname="seleniumpractice.WaitsInSelenium.Parameterized" name="TestCase4" time="0.000"/>
  <testcase classname="seleniumpractice.WaitsInSelenium.Parameterized" name="TestCase4" time="0.000"/>
  <testcase classname="seleniumpractice.WaitsInSelenium.Parameterized" name="TestCase4" time="0.001"/>
  <testcase classname="seleniumpractice.WaitsInSelenium.Parameterized" name="TestCase4" time="0.000"/>
  <testcase classname="seleniumpractice.WaitsInSelenium.Parameterized" name="TestCase4" time="0.000"/>
  <testcase classname="seleniumpractice.WaitsInSelenium.Parameterized" name="TestCase4" time="0.001"/>
  <testcase classname="seleniumpractice.WaitsInSelenium.Parameterized" name="TestCase4" time="0.000"/>
  <testcase classname="seleniumpractice.WaitsInSelenium.Parameterized" name="TestCase4" time="0.000"/>
  <testcase classname="seleniumpractice.WaitsInSelenium.Parameterized" name="TestCase4" time="0.000"/>
  <testcase classname="seleniumpractice.WaitsInSelenium.Parameterized" name="TestCase4" time="0.000"/>
  <testcase classname="seleniumpractice.WaitsInSelenium.Parameterized" name="TestCase4" time="0.000"/>
  <testcase classname="seleniumpractice.WaitsInSelenium.Parameterized" name="TestCase4" time="0.000"/>
  <testcase classname="seleniumpractice.WaitsInSelenium.Parameterized" name="TestCase4" time="0.000"/>
  <testcase classname="seleniumpractice.WaitsInSelenium.Parameterized" name="TestCase4" time="0.001"/>
  <testcase classname="seleniumpractice.WaitsInSelenium.Parameterized" name="TestCase4" time="0.000"/>
  <testcase classname="seleniumpractice.WaitsInSelenium.Parameterized" name="TestCase4" time="0.000"/>
  <testcase classname="seleniumpractice.WaitsInSelenium.Parameterized" name="TestCase4" time="0.001"/>
  <testcase classname="seleniumpractice.WaitsInSelenium.Parameterized" name="TestCase4" time="0.000"/>
  <testcase classname="seleniumpractice.WaitsInSelenium.Parameterized" name="TestCase4" time="0.000"/>
  <testcase classname="seleniumpractice.WaitsInSelenium.Parameterized" name="TestCase4" time="0.000"/>
  <testcase classname="seleniumpractice.WaitsInSelenium.Parameterized" name="TestCase4" time="0.001"/>
  <testcase classname="seleniumpractice.WaitsInSelenium.Parameterized" name="TestCase4" time="0.000"/>
  <testcase classname="seleniumpractice.WaitsInSelenium.Parameterized" name="TestCase4" time="0.000"/>
  <testcase classname="seleniumpractice.WaitsInSelenium.Parameterized" name="TestCase4" time="0.001"/>
  <testcase classname="seleniumpractice.WaitsInSelenium.Parameterized" name="TestCase4" time="0.001"/>
  <testcase classname="seleniumpractice.WaitsInSelenium.Parameterized" name="TestCase4" time="0.000"/>
  <testcase classname="seleniumpractice.WaitsInSelenium.Parameterized" name="TestCase4" time="0.000"/>
  <testcase classname="seleniumpractice.WaitsInSelenium.Parameterized" name="TestCase4" time="0.000"/>
  <testcase classname="seleniumpractice.WaitsInSelenium.Parameterized" name="TestCase4" time="0.001"/>
  <testcase classname="seleniumpractice.WaitsInSelenium.Parameterized" name="TestCase4" time="0.001"/>
  <testcase classname="seleniumpractice.WaitsInSelenium.Parameterized" name="TestCase4" time="0.000"/>
  <testcase classname="seleniumpractice.WaitsInSelenium.Parameterized" name="TestCase4" time="0.000"/>
  <testcase classname="seleniumpractice.WaitsInSelenium.Parameterized" name="TestCase4" time="0.001"/>
  <testcase classname="seleniumpractice.WaitsInSelenium.Parameterized" name="TestCase4" time="0.000"/>
  <testcase classname="seleniumpractice.WaitsInSelenium.Parameterized" name="TestCase4" time="0.001"/>
  <testcase classname="seleniumpractice.WaitsInSelenium.Parameterized" name="TestCase4" time="0.000"/>
  <testcase classname="seleniumpractice.WaitsInSelenium.Parameterized" name="TestCase4" time="0.001"/>
  <testcase classname="seleniumpractice.WaitsInSelenium.Parameterized" name="TestCase4" time="0.000"/>
  <testcase classname="seleniumpractice.WaitsInSelenium.Parameterized" name="TestCase4" time="0.000"/>
  <testcase classname="seleniumpractice.WaitsInSelenium.Parameterized" name="TestCase4" time="0.000"/>
  <testcase classname="seleniumpractice.WaitsInSelenium.Parameterized" name="TestCase4" time="0.000"/>
  <testcase classname="seleniumpractice.WaitsInSelenium.Parameterized" name="TestCase4" time="0.001"/>
  <testcase classname="seleniumpractice.WaitsInSelenium.Parameterized" name="TestCase4" time="0.000"/>
  <testcase classname="seleniumpractice.WaitsInSelenium.Parameterized" name="TestCase4" time="0.000"/>
  <testcase classname="seleniumpractice.WaitsInSelenium.Parameterized" name="TestCase4" time="0.001"/>
  <testcase classname="seleniumpractice.WaitsInSelenium.Parameterized" name="TestCase4" time="0.000"/>
  <testcase classname="seleniumpractice.WaitsInSelenium.Parameterized" name="TestCase4" time="0.001"/>
  <testcase classname="seleniumpractice.WaitsInSelenium.Parameterized" name="TestCase4" time="0.001"/>
  <testcase classname="seleniumpractice.WaitsInSelenium.Parameterized" name="TestCase4" time="0.000"/>
  <testcase classname="seleniumpractice.WaitsInSelenium.Parameterized" name="TestCase4" time="0.000"/>
  <testcase classname="seleniumpractice.WaitsInSelenium.Parameterized" name="TestCase4" time="0.000"/>
  <testcase classname="seleniumpractice.WaitsInSelenium.Parameterized" name="TestCase4" time="0.001"/>
  <testcase classname="seleniumpractice.WaitsInSelenium.Parameterized" name="TestCase4" time="0.000"/>
  <testcase classname="seleniumpractice.WaitsInSelenium.Parameterized" name="TestCase4" time="0.001"/>
  <testcase classname="seleniumpractice.WaitsInSelenium.Parameterized" name="TestCase4" time="0.000"/>
  <testcase classname="seleniumpractice.WaitsInSelenium.Parameterized" name="TestCase4" time="0.000"/>
  <testcase classname="seleniumpractice.WaitsInSelenium.Parameterized" name="TestCase4" time="0.001"/>
  <testcase classname="seleniumpractice.WaitsInSelenium.Parameterized" name="TestCase4" time="0.001"/>
  <testcase classname="seleniumpractice.WaitsInSelenium.Parameterized" name="TestCase4" time="0.000"/>
  <testcase classname="seleniumpractice.WaitsInSelenium.Parameterized" name="TestCase4" time="0.000"/>
  <testcase classname="seleniumpractice.WaitsInSelenium.Parameterized" name="TestCase4" time="0.000"/>
  <testcase classname="seleniumpractice.WaitsInSelenium.Parameterized" name="TestCase4" time="0.000"/>
  <testcase classname="seleniumpractice.WaitsInSelenium.Parameterized" name="TestCase4" time="0.001"/>
  <testcase classname="seleniumpractice.WaitsInSelenium.Parameterized" name="TestCase4" time="0.000"/>
  <testcase classname="seleniumpractice.WaitsInSelenium.Parameterized" name="TestCase4" time="0.001"/>
  <testcase classname="seleniumpractice.WaitsInSelenium.Parameterized" name="TestCase4" time="0.000"/>
  <testcase classname="seleniumpractice.WaitsInSelenium.Parameterized" name="TestCase4" time="0.000"/>
  <testcase classname="seleniumpractice.WaitsInSelenium.Parameterized" name="TestCase4" time="0.000"/>
  <testcase classname="seleniumpractice.WaitsInSelenium.Parameterized" name="TestCase4" time="0.001"/>
  <testcase classname="seleniumpractice.WaitsInSelenium.Parameterized" name="TestCase4" time="0.001"/>
  <testcase classname="seleniumpractice.WaitsInSelenium.Parameterized" name="TestCase4" time="0.000"/>
  <testcase classname="seleniumpractice.WaitsInSelenium.Parameterized" name="TestCase4" time="0.000"/>
  <testcase classname="seleniumpractice.WaitsInSelenium.Parameterized" name="TestCase4" time="0.000"/>
  <testcase classname="seleniumpractice.WaitsInSelenium.Parameterized" name="TestCase4" time="0.000"/>
  <testcase classname="seleniumpractice.WaitsInSelenium.Parameterized" name="TestCase4" time="0.000"/>
  <testcase classname="seleniumpractice.WaitsInSelenium.Parameterized" name="TestCase4" time="0.001"/>
  <testcase classname="seleniumpractice.WaitsInSelenium.Parameterized" name="TestCase4" time="0.001"/>
  <testcase classname="seleniumpractice.WaitsInSelenium.Parameterized" name="TestCase4" time="0.000"/>
  <testcase classname="seleniumpractice.WaitsInSelenium.Parameterized" name="TestCase4" time="0.000"/>
  <testcase classname="seleniumpractice.WaitsInSelenium.Parameterized" name="TestCase4" time="0.000"/>
  <testcase classname="seleniumpractice.WaitsInSelenium.Parameterized" name="TestCase4" time="0.000"/>
  <testcase classname="seleniumpractice.WaitsInSelenium.Parameterized" name="TestCase4" time="0.000"/>
  <testcase classname="seleniumpractice.WaitsInSelenium.Parameterized" name="TestCase4" time="0.000"/>
  <testcase classname="seleniumpractice.WaitsInSelenium.Parameterized" name="TestCase4" time="0.001"/>
  <testcase classname="seleniumpractice.WaitsInSelenium.Parameterized" name="TestCase4" time="0.001"/>
  <testcase classname="seleniumpractice.WaitsInSelenium.Parameterized" name="TestCase4" time="0.001"/>
  <testcase classname="seleniumpractice.WaitsInSelenium.Parameterized" name="TestCase4" time="0.000"/>
  <testcase classname="seleniumpractice.WaitsInSelenium.Parameterized" name="TestCase4" time="0.000"/>
  <testcase classname="seleniumpractice.WaitsInSelenium.Parameterized" name="TestCase4" time="0.001"/>
  <testcase classname="seleniumpractice.WaitsInSelenium.Parameterized" name="TestCase4" time="0.000"/>
  <testcase classname="seleniumpractice.WaitsInSelenium.Parameterized" name="TestCase4" time="0.000"/>
  <testcase classname="seleniumpractice.WaitsInSelenium.Parameterized" name="TestCase4" time="0.001"/>
  <testcase classname="seleniumpractice.WaitsInSelenium.Parameterized" name="TestCase4" time="0.000"/>
  <testcase classname="seleniumpractice.WaitsInSelenium.Parameterized" name="TestCase4" time="0.000"/>
  <testcase classname="seleniumpractice.WaitsInSelenium.Parameterized" name="TestCase4" time="0.000"/>
  <testcase classname="seleniumpractice.WaitsInSelenium.Parameterized" name="TestCase4" time="0.001"/>
  <testcase classname="seleniumpractice.WaitsInSelenium.Parameterized" name="TestCase4" time="0.001"/>
  <testcase classname="seleniumpractice.WaitsInSelenium.Parameterized" name="TestCase4" time="0.000"/>
  <testcase classname="seleniumpractice.WaitsInSelenium.Parameterized" name="TestCase4" time="0.000"/>
  <testcase classname="seleniumpractice.WaitsInSelenium.Parameterized" name="TestCase4" time="0.000"/>
  <testcase classname="seleniumpractice.WaitsInSelenium.Parameterized" name="TestCase4" time="0.000"/>
  <testcase classname="seleniumpractice.WaitsInSelenium.Parameterized" name="TestCase4" time="0.001"/>
  <testcase classname="seleniumpractice.WaitsInSelenium.Parameterized" name="TestCase4" time="0.001"/>
  <testcase classname="seleniumpractice.WaitsInSelenium.Parameterized" name="TestCase4" time="0.001"/>
  <testcase classname="seleniumpractice.WaitsInSelenium.Parameterized" name="TestCase4" time="0.000"/>
  <testcase classname="seleniumpractice.WaitsInSelenium.Parameterized" name="TestCase4" time="0.002"/>
  <testcase classname="seleniumpractice.WaitsInSelenium.Parameterized" name="TestCase4" time="0.001"/>
  <testcase classname="seleniumpractice.WaitsInSelenium.Parameterized" name="TestCase4" time="0.001"/>
  <testcase classname="seleniumpractice.WaitsInSelenium.Parameterized" name="TestCase4" time="0.000"/>
  <testcase classname="seleniumpractice.WaitsInSelenium.Parameterized" name="TestCase4" time="0.000"/>
  <testcase classname="seleniumpractice.WaitsInSelenium.Parameterized" name="TestCase4" time="0.000"/>
  <testcase classname="seleniumpractice.WaitsInSelenium.Parameterized" name="TestCase4" time="0.001"/>
  <testcase classname="seleniumpractice.WaitsInSelenium.Parameterized" name="TestCase4" time="0.000"/>
  <testcase classname="seleniumpractice.WaitsInSelenium.Parameterized" name="TestCase4" time="0.000"/>
  <testcase classname="seleniumpractice.WaitsInSelenium.Parameterized" name="TestCase4" time="0.000"/>
  <testcase classname="seleniumpractice.WaitsInSelenium.Parameterized" name="TestCase4" time="0.000"/>
  <testcase classname="seleniumpractice.WaitsInSelenium.Parameterized" name="TestCase4" time="0.001"/>
  <testcase classname="seleniumpractice.WaitsInSelenium.Parameterized" name="TestCase4" time="0.000"/>
  <testcase classname="seleniumpractice.WaitsInSelenium.Parameterized" name="TestCase4" time="0.000"/>
  <testcase classname="seleniumpractice.WaitsInSelenium.Parameterized" name="TestCase4" time="0.000"/>
  <testcase classname="seleniumpractice.WaitsInSelenium.Parameterized" name="TestCase4" time="0.000"/>
  <testcase classname="seleniumpractice.WaitsInSelenium.Parameterized" name="TestCase4" time="0.000"/>
  <testcase classname="seleniumpractice.WaitsInSelenium.Parameterized" name="TestCase4" time="0.000"/>
  <testcase classname="seleniumpractice.WaitsInSelenium.Parameterized" name="TestCase4" time="0.000"/>
  <testcase classname="seleniumpractice.WaitsInSelenium.Parameterized" name="TestCase4" time="0.001"/>
  <testcase classname="seleniumpractice.WaitsInSelenium.Parameterized" name="TestCase4" time="0.000"/>
  <testcase classname="seleniumpractice.WaitsInSelenium.Parameterized" name="TestCase4" time="0.001"/>
  <testcase classname="seleniumpractice.WaitsInSelenium.Parameterized" name="TestCase4" time="0.001"/>
  <testcase classname="seleniumpractice.WaitsInSelenium.Parameterized" name="TestCase4" time="0.001"/>
  <testcase classname="seleniumpractice.WaitsInSelenium.Parameterized" name="TestCase4" time="0.000"/>
  <testcase classname="seleniumpractice.WaitsInSelenium.Parameterized" name="TestCase4" time="0.000"/>
  <testcase classname="seleniumpractice.WaitsInSelenium.Parameterized" name="TestCase4" time="0.000"/>
  <testcase classname="seleniumpractice.WaitsInSelenium.Parameterized" name="TestCase4" time="0.000"/>
  <testcase classname="seleniumpractice.WaitsInSelenium.Parameterized" name="TestCase4" time="0.000"/>
  <testcase classname="seleniumpractice.WaitsInSelenium.Parameterized" name="TestCase4" time="0.001"/>
  <testcase classname="seleniumpractice.WaitsInSelenium.Parameterized" name="TestCase4" time="0.000"/>
  <testcase classname="seleniumpractice.WaitsInSelenium.Parameterized" name="TestCase4" time="0.000"/>
  <testcase classname="seleniumpractice.WaitsInSelenium.Parameterized" name="TestCase4" time="0.000"/>
  <testcase classname="seleniumpractice.WaitsInSelenium.Parameterized" name="TestCase4" time="0.000"/>
  <testcase classname="seleniumpractice.WaitsInSelenium.Parameterized" name="TestCase4" time="0.000"/>
  <testcase classname="seleniumpractice.WaitsInSelenium.Parameterized" name="TestCase4" time="0.001"/>
  <testcase classname="seleniumpractice.WaitsInSelenium.Parameterized" name="TestCase4" time="0.000"/>
  <testcase classname="seleniumpractice.WaitsInSelenium.Parameterized" name="TestCase4" time="0.000"/>
  <testcase classname="seleniumpractice.WaitsInSelenium.Parameterized" name="TestCase4" time="0.000"/>
  <testcase classname="seleniumpractice.WaitsInSelenium.Parameterized" name="TestCase4" time="0.000"/>
  <testcase classname="seleniumpractice.WaitsInSelenium.Parameterized" name="TestCase4" time="0.001"/>
  <testcase classname="seleniumpractice.WaitsInSelenium.Parameterized" name="TestCase4" time="0.000"/>
  <testcase classname="seleniumpractice.WaitsInSelenium.Parameterized" name="TestCase4" time="0.000"/>
  <testcase classname="seleniumpractice.WaitsInSelenium.Parameterized" name="TestCase4" time="0.000"/>
  <testcase classname="seleniumpractice.WaitsInSelenium.Parameterized" name="TestCase4" time="0.001"/>
  <testcase classname="seleniumpractice.WaitsInSelenium.Parameterized" name="TestCase4" time="0.000"/>
  <testcase classname="seleniumpractice.WaitsInSelenium.Parameterized" name="TestCase4" time="0.000"/>
  <testcase classname="seleniumpractice.WaitsInSelenium.Parameterized" name="TestCase4" time="0.000"/>
  <testcase classname="seleniumpractice.WaitsInSelenium.Parameterized" name="TestCase4" time="0.000"/>
  <testcase classname="seleniumpractice.WaitsInSelenium.Parameterized" name="TestCase4" time="0.000"/>
  <testcase classname="seleniumpractice.WaitsInSelenium.Parameterized" name="TestCase4" time="0.000"/>
  <testcase classname="seleniumpractice.WaitsInSelenium.Parameterized" name="TestCase4" time="0.000"/>
  <testcase classname="seleniumpractice.WaitsInSelenium.Parameterized" name="TestCase4" time="0.002"/>
  <testcase classname="seleniumpractice.WaitsInSelenium.Parameterized" name="TestCase4" time="0.000"/>
  <testcase classname="seleniumpractice.WaitsInSelenium.Parameterized" name="TestCase4" time="0.000"/>
  <testcase classname="seleniumpractice.WaitsInSelenium.Parameterized" name="TestCase4" time="0.001"/>
  <testcase classname="seleniumpractice.WaitsInSelenium.Parameterized" name="TestCase4" time="0.001"/>
  <testcase classname="seleniumpractice.WaitsInSelenium.Parameterized" name="TestCase4" time="0.000"/>
  <testcase classname="seleniumpractice.WaitsInSelenium.Parameterized" name="TestCase4" time="0.000"/>
  <testcase classname="seleniumpractice.WaitsInSelenium.Parameterized" name="TestCase4" time="0.001"/>
  <testcase classname="seleniumpractice.WaitsInSelenium.Parameterized" name="TestCase4" time="0.000"/>
  <testcase classname="seleniumpractice.WaitsInSelenium.Parameterized" name="TestCase4" time="0.000"/>
  <testcase classname="seleniumpractice.WaitsInSelenium.Parameterized" name="TestCase4" time="0.001"/>
  <testcase classname="seleniumpractice.WaitsInSelenium.Parameterized" name="TestCase4" time="0.001"/>
  <testcase classname="seleniumpractice.WaitsInSelenium.Parameterized" name="TestCase4" time="0.000"/>
  <testcase classname="seleniumpractice.WaitsInSelenium.Parameterized" name="TestCase4" time="0.000"/>
  <testcase classname="seleniumpractice.WaitsInSelenium.Parameterized" name="TestCase4" time="0.001"/>
  <testcase classname="seleniumpractice.WaitsInSelenium.Parameterized" name="TestCase4" time="0.001"/>
  <testcase classname="seleniumpractice.WaitsInSelenium.Parameterized" name="TestCase4" time="0.001"/>
  <testcase classname="seleniumpractice.WaitsInSelenium.Parameterized" name="TestCase4" time="0.000"/>
  <testcase classname="seleniumpractice.WaitsInSelenium.Parameterized" name="TestCase4" time="0.000"/>
  <testcase classname="seleniumpractice.WaitsInSelenium.Parameterized" name="TestCase4" time="0.000"/>
  <testcase classname="seleniumpractice.WaitsInSelenium.Parameterized" name="TestCase4" time="0.001"/>
  <testcase classname="seleniumpractice.WaitsInSelenium.Parameterized" name="TestCase4" time="0.000"/>
  <testcase classname="seleniumpractice.WaitsInSelenium.Parameterized" name="TestCase4" time="0.000"/>
  <testcase classname="seleniumpractice.WaitsInSelenium.Parameterized" name="TestCase4" time="0.000"/>
  <testcase classname="seleniumpractice.WaitsInSelenium.Parameterized" name="TestCase4" time="0.001"/>
  <testcase classname="seleniumpractice.WaitsInSelenium.Parameterized" name="TestCase4" time="0.000"/>
  <testcase classname="seleniumpractice.WaitsInSelenium.Parameterized" name="TestCase4" time="0.000"/>
  <testcase classname="seleniumpractice.WaitsInSelenium.Parameterized" name="TestCase4" time="0.000"/>
  <testcase classname="seleniumpractice.WaitsInSelenium.Parameterized" name="TestCase4" time="0.001"/>
  <testcase classname="seleniumpractice.WaitsInSelenium.Parameterized" name="TestCase4" time="0.000"/>
  <testcase classname="seleniumpractice.WaitsInSelenium.Parameterized" name="TestCase4" time="0.000"/>
  <testcase classname="seleniumpractice.WaitsInSelenium.Parameterized" name="TestCase4" time="0.001"/>
  <testcase classname="seleniumpractice.WaitsInSelenium.Parameterized" name="TestCase4" time="0.000"/>
  <testcase classname="seleniumpractice.WaitsInSelenium.Parameterized" name="TestCase4" time="0.000"/>
  <testcase classname="seleniumpractice.WaitsInSelenium.Parameterized" name="TestCase4" time="0.001"/>
  <testcase classname="seleniumpractice.WaitsInSelenium.Parameterized" name="TestCase4" time="0.001"/>
  <testcase classname="seleniumpractice.WaitsInSelenium.Parameterized" name="TestCase4" time="0.000"/>
  <testcase classname="seleniumpractice.WaitsInSelenium.Parameterized" name="TestCase4" time="0.000"/>
  <testcase classname="seleniumpractice.WaitsInSelenium.Parameterized" name="TestCase4" time="0.000"/>
  <testcase classname="seleniumpractice.WaitsInSelenium.Parameterized" name="TestCase4" time="0.000"/>
  <testcase classname="seleniumpractice.WaitsInSelenium.Parameterized" name="TestCase4" time="0.000"/>
  <testcase classname="seleniumpractice.WaitsInSelenium.Parameterized" name="TestCase4" time="0.000"/>
  <testcase classname="seleniumpractice.WaitsInSelenium.Parameterized" name="TestCase4" time="0.001"/>
  <testcase classname="seleniumpractice.WaitsInSelenium.Parameterized" name="TestCase4" time="0.000"/>
  <testcase classname="seleniumpractice.WaitsInSelenium.Parameterized" name="TestCase4" time="0.000"/>
  <testcase classname="seleniumpractice.WaitsInSelenium.Parameterized" name="TestCase4" time="0.000"/>
  <testcase classname="seleniumpractice.WaitsInSelenium.Parameterized" name="TestCase4" time="0.000"/>
  <testcase classname="seleniumpractice.WaitsInSelenium.Parameterized" name="TestCase4" time="0.000"/>
  <testcase classname="seleniumpractice.WaitsInSelenium.Parameterized" name="TestCase4" time="0.001"/>
  <testcase classname="seleniumpractice.WaitsInSelenium.Parameterized" name="TestCase4" time="0.000"/>
  <testcase classname="seleniumpractice.WaitsInSelenium.Parameterized" name="TestCase4" time="0.000"/>
  <testcase classname="seleniumpractice.WaitsInSelenium.Parameterized" name="TestCase4" time="0.000"/>
  <testcase classname="seleniumpractice.WaitsInSelenium.Parameterized" name="TestCase4" time="0.000"/>
  <testcase classname="seleniumpractice.WaitsInSelenium.Parameterized" name="TestCase4" time="0.001"/>
  <testcase classname="seleniumpractice.WaitsInSelenium.Parameterized" name="TestCase4" time="0.000"/>
  <testcase classname="seleniumpractice.WaitsInSelenium.Parameterized" name="TestCase4" time="0.000"/>
  <testcase classname="seleniumpractice.WaitsInSelenium.Parameterized" name="TestCase4" time="0.001"/>
  <testcase classname="seleniumpractice.WaitsInSelenium.Parameterized" name="TestCase4" time="0.000"/>
  <testcase classname="seleniumpractice.WaitsInSelenium.Parameterized" name="TestCase4" time="0.000"/>
  <testcase classname="seleniumpractice.WaitsInSelenium.Parameterized" name="TestCase4" time="0.000"/>
  <testcase classname="seleniumpractice.WaitsInSelenium.Parameterized" name="TestCase4" time="0.000"/>
  <testcase classname="seleniumpractice.WaitsInSelenium.Parameterized" name="TestCase4" time="0.001"/>
  <testcase classname="seleniumpractice.WaitsInSelenium.Parameterized" name="TestCase4" time="0.001"/>
  <testcase classname="seleniumpractice.WaitsInSelenium.Parameterized" name="TestCase4" time="0.000"/>
  <testcase classname="seleniumpractice.WaitsInSelenium.Parameterized" name="TestCase4" time="0.000"/>
  <testcase classname="seleniumpractice.WaitsInSelenium.Parameterized" name="TestCase4" time="0.000"/>
  <testcase classname="seleniumpractice.WaitsInSelenium.Parameterized" name="TestCase4" time="0.001"/>
  <testcase classname="seleniumpractice.WaitsInSelenium.Parameterized" name="TestCase4" time="0.000"/>
  <testcase classname="seleniumpractice.WaitsInSelenium.Parameterized" name="TestCase4" time="0.001"/>
  <testcase classname="seleniumpractice.WaitsInSelenium.Parameterized" name="TestCase4" time="0.000"/>
  <testcase classname="seleniumpractice.WaitsInSelenium.Parameterized" name="TestCase4" time="0.000"/>
  <testcase classname="seleniumpractice.WaitsInSelenium.Parameterized" name="TestCase4" time="0.001"/>
  <testcase classname="seleniumpractice.WaitsInSelenium.Parameterized" name="TestCase4" time="0.000"/>
  <testcase classname="seleniumpractice.WaitsInSelenium.Parameterized" name="TestCase4" time="0.001"/>
  <testcase classname="seleniumpractice.WaitsInSelenium.Parameterized" name="TestCase4" time="0.001"/>
  <testcase classname="seleniumpractice.WaitsInSelenium.Parameterized" name="TestCase4" time="0.000"/>
  <testcase classname="seleniumpractice.WaitsInSelenium.Parameterized" name="TestCase4" time="0.000"/>
  <testcase classname="seleniumpractice.WaitsInSelenium.Parameterized" name="TestCase4" time="0.000"/>
  <testcase classname="seleniumpractice.WaitsInSelenium.Parameterized" name="TestCase4" time="0.000"/>
  <testcase classname="seleniumpractice.WaitsInSelenium.Parameterized" name="TestCase4" time="0.000"/>
  <testcase classname="seleniumpractice.WaitsInSelenium.Parameterized" name="TestCase4" time="0.001"/>
  <testcase classname="seleniumpractice.WaitsInSelenium.Parameterized" name="TestCase4" time="0.000"/>
  <testcase classname="seleniumpractice.WaitsInSelenium.Parameterized" name="TestCase4" time="0.000"/>
  <testcase classname="seleniumpractice.WaitsInSelenium.Parameterized" name="TestCase4" time="0.001"/>
  <testcase classname="seleniumpractice.WaitsInSelenium.Parameterized" name="TestCase4" time="0.001"/>
  <testcase classname="seleniumpractice.WaitsInSelenium.Parameterized" name="TestCase4" time="0.000"/>
  <testcase classname="seleniumpractice.WaitsInSelenium.Parameterized" name="TestCase4" time="0.000"/>
  <testcase classname="seleniumpractice.WaitsInSelenium.Parameterized" name="TestCase4" time="0.001"/>
  <testcase classname="seleniumpractice.WaitsInSelenium.Parameterized" name="TestCase4" time="0.000"/>
  <testcase classname="seleniumpractice.WaitsInSelenium.Parameterized" name="TestCase4" time="0.000"/>
  <testcase classname="seleniumpractice.WaitsInSelenium.Parameterized" name="TestCase4" time="0.000"/>
  <testcase classname="seleniumpractice.WaitsInSelenium.Parameterized" name="TestCase4" time="0.001"/>
  <testcase classname="seleniumpractice.WaitsInSelenium.Parameterized" name="TestCase4" time="0.000"/>
  <testcase classname="seleniumpractice.WaitsInSelenium.Parameterized" name="TestCase4" time="0.001"/>
  <testcase classname="seleniumpractice.WaitsInSelenium.Parameterized" name="TestCase4" time="0.000"/>
  <testcase classname="seleniumpractice.WaitsInSelenium.Parameterized" name="TestCase4" time="0.000"/>
  <testcase classname="seleniumpractice.WaitsInSelenium.Parameterized" name="TestCase4" time="0.000"/>
  <testcase classname="seleniumpractice.WaitsInSelenium.Parameterized" name="TestCase4" time="0.000"/>
  <testcase classname="seleniumpractice.WaitsInSelenium.Parameterized" name="TestCase4" time="0.001"/>
  <testcase classname="seleniumpractice.WaitsInSelenium.Parameterized" name="TestCase4" time="0.001"/>
  <testcase classname="seleniumpractice.WaitsInSelenium.Parameterized" name="TestCase4" time="0.001"/>
  <testcase classname="seleniumpractice.WaitsInSelenium.Parameterized" name="TestCase4" time="0.001"/>
  <testcase classname="seleniumpractice.WaitsInSelenium.Parameterized" name="TestCase4" time="0.001"/>
  <testcase classname="seleniumpractice.WaitsInSelenium.Parameterized" name="TestCase4" time="0.001"/>
  <testcase classname="seleniumpractice.WaitsInSelenium.Parameterized" name="TestCase4" time="0.000"/>
  <testcase classname="seleniumpractice.WaitsInSelenium.Parameterized" name="TestCase4" time="0.000"/>
  <testcase classname="seleniumpractice.WaitsInSelenium.Parameterized" name="TestCase4" time="0.000"/>
  <testcase classname="seleniumpractice.WaitsInSelenium.Parameterized" name="TestCase4" time="0.001"/>
  <testcase classname="seleniumpractice.WaitsInSelenium.Parameterized" name="TestCase4" time="0.000"/>
  <testcase classname="seleniumpractice.WaitsInSelenium.Parameterized" name="TestCase4" time="0.000"/>
  <testcase classname="seleniumpractice.WaitsInSelenium.Parameterized" name="TestCase4" time="0.000"/>
  <testcase classname="seleniumpractice.WaitsInSelenium.Parameterized" name="TestCase4" time="0.000"/>
  <testcase classname="seleniumpractice.WaitsInSelenium.Parameterized" name="TestCase4" time="0.001"/>
  <testcase classname="seleniumpractice.WaitsInSelenium.Parameterized" name="TestCase4" time="0.000"/>
  <testcase classname="seleniumpractice.WaitsInSelenium.Parameterized" name="TestCase4" time="0.000"/>
  <testcase classname="seleniumpractice.WaitsInSelenium.Parameterized" name="TestCase4" time="0.000"/>
  <testcase classname="seleniumpractice.WaitsInSelenium.Parameterized" name="TestCase4" time="0.000"/>
  <testcase classname="seleniumpractice.WaitsInSelenium.Parameterized" name="TestCase4" time="0.000"/>
  <testcase classname="seleniumpractice.WaitsInSelenium.Parameterized" name="TestCase4" time="0.000"/>
  <testcase classname="seleniumpractice.WaitsInSelenium.Parameterized" name="TestCase4" time="0.000"/>
  <testcase classname="seleniumpractice.WaitsInSelenium.Parameterized" name="TestCase4" time="0.001"/>
  <testcase classname="seleniumpractice.WaitsInSelenium.Parameterized" name="TestCase4" time="0.001"/>
  <testcase classname="seleniumpractice.WaitsInSelenium.Parameterized" name="TestCase4" time="0.001"/>
  <testcase classname="seleniumpractice.WaitsInSelenium.Parameterized" name="TestCase4" time="0.000"/>
  <testcase classname="seleniumpractice.WaitsInSelenium.Parameterized" name="TestCase4" time="0.000"/>
  <testcase classname="seleniumpractice.WaitsInSelenium.Parameterized" name="TestCase4" time="0.001"/>
  <testcase classname="seleniumpractice.WaitsInSelenium.Parameterized" name="TestCase4" time="0.000"/>
  <testcase classname="seleniumpractice.WaitsInSelenium.Parameterized" name="TestCase4" time="0.000"/>
  <testcase classname="seleniumpractice.WaitsInSelenium.Parameterized" name="TestCase4" time="0.000"/>
  <testcase classname="seleniumpractice.WaitsInSelenium.Parameterized" name="TestCase4" time="0.000"/>
  <testcase classname="seleniumpractice.WaitsInSelenium.Parameterized" name="TestCase4" time="0.001"/>
  <testcase classname="seleniumpractice.WaitsInSelenium.Parameterized" name="TestCase4" time="0.001"/>
  <testcase classname="seleniumpractice.WaitsInSelenium.Parameterized" name="TestCase4" time="0.001"/>
  <testcase classname="seleniumpractice.WaitsInSelenium.Parameterized" name="TestCase4" time="0.001"/>
  <testcase classname="seleniumpractice.WaitsInSelenium.Parameterized" name="TestCase4" time="0.000"/>
  <testcase classname="seleniumpractice.WaitsInSelenium.Parameterized" name="TestCase4" time="0.001"/>
  <testcase classname="seleniumpractice.WaitsInSelenium.Parameterized" name="TestCase4" time="0.000"/>
  <testcase classname="seleniumpractice.WaitsInSelenium.Parameterized" name="TestCase4" time="0.000"/>
  <testcase classname="seleniumpractice.WaitsInSelenium.Parameterized" name="TestCase4" time="0.000"/>
  <testcase classname="seleniumpractice.WaitsInSelenium.Parameterized" name="TestCase4" time="0.000"/>
  <testcase classname="seleniumpractice.WaitsInSelenium.Parameterized" name="TestCase4" time="0.000"/>
  <testcase classname="seleniumpractice.WaitsInSelenium.Parameterized" name="TestCase4" time="0.000"/>
  <testcase classname="seleniumpractice.WaitsInSelenium.Parameterized" name="TestCase4" time="0.000"/>
  <testcase classname="seleniumpractice.WaitsInSelenium.Parameterized" name="TestCase4" time="0.000"/>
  <testcase classname="seleniumpractice.WaitsInSelenium.Parameterized" name="TestCase4" time="0.001"/>
  <testcase classname="seleniumpractice.WaitsInSelenium.Parameterized" name="TestCase4" time="0.000"/>
  <testcase classname="seleniumpractice.WaitsInSelenium.Parameterized" name="TestCase4" time="0.000"/>
  <testcase classname="seleniumpractice.WaitsInSelenium.Parameterized" name="TestCase4" time="0.000"/>
  <testcase classname="seleniumpractice.WaitsInSelenium.Parameterized" name="TestCase4" time="0.000"/>
  <testcase classname="seleniumpractice.WaitsInSelenium.Parameterized" name="TestCase4" time="0.000"/>
  <testcase classname="seleniumpractice.WaitsInSelenium.Parameterized" name="TestCase4" time="0.000"/>
  <testcase classname="seleniumpractice.WaitsInSelenium.Parameterized" name="TestCase4" time="0.000"/>
  <testcase classname="seleniumpractice.WaitsInSelenium.Parameterized" name="TestCase4" time="0.000"/>
  <testcase classname="seleniumpractice.WaitsInSelenium.Parameterized" name="TestCase4" time="0.001"/>
  <testcase classname="seleniumpractice.WaitsInSelenium.Parameterized" name="TestCase4" time="0.001"/>
  <testcase classname="seleniumpractice.WaitsInSelenium.Parameterized" name="TestCase4" time="0.000"/>
  <testcase classname="seleniumpractice.WaitsInSelenium.Parameterized" name="TestCase4" time="0.000"/>
  <testcase classname="seleniumpractice.WaitsInSelenium.Parameterized" name="TestCase4" time="0.000"/>
  <testcase classname="seleniumpractice.WaitsInSelenium.Parameterized" name="TestCase4" time="0.000"/>
  <testcase classname="seleniumpractice.WaitsInSelenium.Parameterized" name="TestCase4" time="0.000"/>
  <testcase classname="seleniumpractice.WaitsInSelenium.Parameterized" name="TestCase4" time="0.001"/>
  <testcase classname="seleniumpractice.WaitsInSelenium.Parameterized" name="TestCase4" time="0.000"/>
  <testcase classname="seleniumpractice.WaitsInSelenium.Parameterized" name="TestCase4" time="0.000"/>
  <testcase classname="seleniumpractice.WaitsInSelenium.Parameterized" name="TestCase4" time="0.001"/>
  <testcase classname="seleniumpractice.WaitsInSelenium.Parameterized" name="TestCase4" time="0.000"/>
  <testcase classname="seleniumpractice.WaitsInSelenium.Parameterized" name="TestCase4" time="0.000"/>
  <testcase classname="seleniumpractice.WaitsInSelenium.Parameterized" name="TestCase4" time="0.001"/>
  <testcase classname="seleniumpractice.WaitsInSelenium.Parameterized" name="TestCase4" time="0.001"/>
  <testcase classname="seleniumpractice.WaitsInSelenium.Parameterized" name="TestCase4" time="0.001"/>
  <testcase classname="seleniumpractice.WaitsInSelenium.Parameterized" name="TestCase4" time="0.000"/>
  <testcase classname="seleniumpractice.WaitsInSelenium.Parameterized" name="TestCase4" time="0.000"/>
  <testcase classname="seleniumpractice.WaitsInSelenium.Parameterized" name="TestCase4" time="0.000"/>
  <testcase classname="seleniumpractice.WaitsInSelenium.Parameterized" name="TestCase4" time="0.000"/>
  <testcase classname="seleniumpractice.WaitsInSelenium.Parameterized" name="TestCase4" time="0.000"/>
  <testcase classname="seleniumpractice.WaitsInSelenium.Parameterized" name="TestCase4" time="0.000"/>
  <testcase classname="seleniumpractice.WaitsInSelenium.Parameterized" name="TestCase4" time="0.001"/>
  <testcase classname="seleniumpractice.WaitsInSelenium.Parameterized" name="TestCase4" time="0.001"/>
  <testcase classname="seleniumpractice.WaitsInSelenium.Parameterized" name="TestCase4" time="0.000"/>
  <testcase classname="seleniumpractice.WaitsInSelenium.Parameterized" name="TestCase4" time="0.001"/>
  <testcase classname="seleniumpractice.WaitsInSelenium.Parameterized" name="TestCase4" time="0.000"/>
  <testcase classname="seleniumpractice.WaitsInSelenium.Parameterized" name="TestCase4" time="0.000"/>
  <testcase classname="seleniumpractice.WaitsInSelenium.Parameterized" name="TestCase4" time="0.000"/>
  <testcase classname="seleniumpractice.WaitsInSelenium.Parameterized" name="TestCase4" time="0.000"/>
  <testcase classname="seleniumpractice.WaitsInSelenium.Parameterized" name="TestCase4" time="0.000"/>
  <testcase classname="seleniumpractice.WaitsInSelenium.Parameterized" name="TestCase4" time="0.001"/>
  <testcase classname="seleniumpractice.WaitsInSelenium.Parameterized" name="TestCase4" time="0.000"/>
  <testcase classname="seleniumpractice.WaitsInSelenium.Parameterized" name="TestCase4" time="0.000"/>
  <testcase classname="seleniumpractice.WaitsInSelenium.Parameterized" name="TestCase4" time="0.000"/>
  <testcase classname="seleniumpractice.WaitsInSelenium.Parameterized" name="TestCase4" time="0.000"/>
  <testcase classname="seleniumpractice.WaitsInSelenium.Parameterized" name="TestCase4" time="0.000"/>
  <testcase classname="seleniumpractice.WaitsInSelenium.Parameterized" name="TestCase4" time="0.000"/>
  <testcase classname="seleniumpractice.WaitsInSelenium.Parameterized" name="TestCase4" time="0.001"/>
  <testcase classname="seleniumpractice.WaitsInSelenium.Parameterized" name="TestCase4" time="0.000"/>
  <testcase classname="seleniumpractice.WaitsInSelenium.Parameterized" name="TestCase4" time="0.000"/>
  <testcase classname="seleniumpractice.WaitsInSelenium.Parameterized" name="TestCase4" time="0.000"/>
  <testcase classname="seleniumpractice.WaitsInSelenium.Parameterized" name="TestCase4" time="0.000"/>
  <testcase classname="seleniumpractice.WaitsInSelenium.Parameterized" name="TestCase4" time="0.001"/>
  <testcase classname="seleniumpractice.WaitsInSelenium.Parameterized" name="TestCase4" time="0.001"/>
  <testcase classname="seleniumpractice.WaitsInSelenium.Parameterized" name="TestCase4" time="0.000"/>
  <testcase classname="seleniumpractice.WaitsInSelenium.Parameterized" name="TestCase4" time="0.000"/>
  <testcase classname="seleniumpractice.WaitsInSelenium.Parameterized" name="TestCase4" time="0.000"/>
  <testcase classname="seleniumpractice.WaitsInSelenium.Parameterized" name="TestCase4" time="0.000"/>
  <testcase classname="seleniumpractice.WaitsInSelenium.Parameterized" name="TestCase4" time="0.000"/>
  <testcase classname="seleniumpractice.WaitsInSelenium.Parameterized" name="TestCase4" time="0.003"/>
  <testcase classname="seleniumpractice.WaitsInSelenium.Parameterized" name="TestCase4" time="0.000"/>
  <testcase classname="seleniumpractice.WaitsInSelenium.Parameterized" name="TestCase4" time="0.000"/>
  <testcase classname="seleniumpractice.WaitsInSelenium.Parameterized" name="TestCase4" time="0.000"/>
  <testcase classname="seleniumpractice.WaitsInSelenium.Parameterized" name="TestCase4" time="0.001"/>
  <testcase classname="seleniumpractice.WaitsInSelenium.Parameterized" name="TestCase4" time="0.000"/>
  <testcase classname="seleniumpractice.WaitsInSelenium.Parameterized" name="TestCase4" time="0.000"/>
  <testcase classname="seleniumpractice.WaitsInSelenium.Parameterized" name="TestCase4" time="0.000"/>
  <testcase classname="seleniumpractice.WaitsInSelenium.Parameterized" name="TestCase4" time="0.001"/>
  <testcase classname="seleniumpractice.WaitsInSelenium.Parameterized" name="TestCase4" time="0.000"/>
  <testcase classname="seleniumpractice.WaitsInSelenium.Parameterized" name="TestCase4" time="0.002"/>
  <testcase classname="seleniumpractice.WaitsInSelenium.Parameterized" name="TestCase4" time="0.000"/>
  <testcase classname="seleniumpractice.WaitsInSelenium.Parameterized" name="TestCase4" time="0.001"/>
  <testcase classname="seleniumpractice.WaitsInSelenium.Parameterized" name="TestCase4" time="0.002"/>
  <testcase classname="seleniumpractice.WaitsInSelenium.Parameterized" name="TestCase4" time="0.001"/>
  <testcase classname="seleniumpractice.WaitsInSelenium.Parameterized" name="TestCase4" time="0.000"/>
  <testcase classname="seleniumpractice.WaitsInSelenium.Parameterized" name="TestCase4" time="0.000"/>
  <testcase classname="seleniumpractice.WaitsInSelenium.Parameterized" name="TestCase4" time="0.001"/>
  <testcase classname="seleniumpractice.WaitsInSelenium.Parameterized" name="TestCase4" time="0.000"/>
  <testcase classname="seleniumpractice.WaitsInSelenium.Parameterized" name="TestCase4" time="0.000"/>
  <testcase classname="seleniumpractice.WaitsInSelenium.Parameterized" name="TestCase4" time="0.000"/>
  <testcase classname="seleniumpractice.WaitsInSelenium.Parameterized" name="TestCase4" time="0.000"/>
  <testcase classname="seleniumpractice.WaitsInSelenium.Parameterized" name="TestCase4" time="0.000"/>
  <testcase classname="seleniumpractice.WaitsInSelenium.Parameterized" name="TestCase4" time="0.000"/>
  <testcase classname="seleniumpractice.WaitsInSelenium.Parameterized" name="TestCase4" time="0.000"/>
  <testcase classname="seleniumpractice.WaitsInSelenium.Parameterized" name="TestCase4" time="0.000"/>
  <testcase classname="seleniumpractice.WaitsInSelenium.Parameterized" name="TestCase4" time="0.000"/>
  <testcase classname="seleniumpractice.WaitsInSelenium.Parameterized" name="TestCase4" time="0.000"/>
  <testcase classname="seleniumpractice.WaitsInSelenium.Parameterized" name="TestCase4" time="0.000"/>
  <testcase classname="seleniumpractice.WaitsInSelenium.Parameterized" name="TestCase4" time="0.001"/>
  <testcase classname="seleniumpractice.WaitsInSelenium.Parameterized" name="TestCase4" time="0.000"/>
  <testcase classname="seleniumpractice.WaitsInSelenium.Parameterized" name="TestCase4" time="0.001"/>
  <testcase classname="seleniumpractice.WaitsInSelenium.Parameterized" name="TestCase4" time="0.001"/>
  <testcase classname="seleniumpractice.WaitsInSelenium.Parameterized" name="TestCase4" time="0.000"/>
  <testcase classname="seleniumpractice.WaitsInSelenium.Parameterized" name="TestCase4" time="0.000"/>
  <testcase classname="seleniumpractice.WaitsInSelenium.Parameterized" name="TestCase4" time="0.004"/>
  <testcase classname="seleniumpractice.WaitsInSelenium.Parameterized" name="TestCase4" time="0.000"/>
  <testcase classname="seleniumpractice.WaitsInSelenium.Parameterized" name="TestCase4" time="0.000"/>
  <testcase classname="seleniumpractice.WaitsInSelenium.Parameterized" name="TestCase4" time="0.000"/>
  <testcase classname="seleniumpractice.WaitsInSelenium.Parameterized" name="TestCase4" time="0.000"/>
  <testcase classname="seleniumpractice.WaitsInSelenium.Parameterized" name="TestCase4" time="0.000"/>
  <testcase classname="seleniumpractice.WaitsInSelenium.Parameterized" name="TestCase4" time="0.000"/>
  <testcase classname="seleniumpractice.WaitsInSelenium.Parameterized" name="TestCase4" time="0.000"/>
  <testcase classname="seleniumpractice.WaitsInSelenium.Parameterized" name="TestCase4" time="0.001"/>
  <testcase classname="seleniumpractice.WaitsInSelenium.Parameterized" name="TestCase4" time="0.000"/>
  <testcase classname="seleniumpractice.WaitsInSelenium.Parameterized" name="TestCase4" time="0.001"/>
  <testcase classname="seleniumpractice.WaitsInSelenium.Parameterized" name="TestCase4" time="0.000"/>
  <testcase classname="seleniumpractice.WaitsInSelenium.Parameterized" name="TestCase4" time="0.000"/>
  <testcase classname="seleniumpractice.WaitsInSelenium.Parameterized" name="TestCase4" time="0.000"/>
  <testcase classname="seleniumpractice.WaitsInSelenium.Parameterized" name="TestCase4" time="0.001"/>
  <testcase classname="seleniumpractice.WaitsInSelenium.Parameterized" name="TestCase4" time="0.000"/>
  <testcase classname="seleniumpractice.WaitsInSelenium.Parameterized" name="TestCase4" time="0.001"/>
  <testcase classname="seleniumpractice.WaitsInSelenium.Parameterized" name="TestCase4" time="0.001"/>
  <testcase classname="seleniumpractice.WaitsInSelenium.Parameterized" name="TestCase4" time="0.000"/>
  <testcase classname="seleniumpractice.WaitsInSelenium.Parameterized" name="TestCase4" time="0.001"/>
  <testcase classname="seleniumpractice.WaitsInSelenium.Parameterized" name="TestCase4" time="0.000"/>
  <testcase classname="seleniumpractice.WaitsInSelenium.Parameterized" name="TestCase4" time="0.000"/>
  <testcase classname="seleniumpractice.WaitsInSelenium.Parameterized" name="TestCase4" time="0.000"/>
  <testcase classname="seleniumpractice.WaitsInSelenium.Parameterized" name="TestCase4" time="0.000"/>
  <testcase classname="seleniumpractice.WaitsInSelenium.Parameterized" name="TestCase4" time="0.000"/>
  <testcase classname="seleniumpractice.WaitsInSelenium.Parameterized" name="TestCase4" time="0.000"/>
  <testcase classname="seleniumpractice.WaitsInSelenium.Parameterized" name="TestCase4" time="0.000"/>
  <testcase classname="seleniumpractice.WaitsInSelenium.Parameterized" name="TestCase4" time="0.000"/>
  <testcase classname="seleniumpractice.WaitsInSelenium.Parameterized" name="TestCase4" time="0.000"/>
  <testcase classname="seleniumpractice.WaitsInSelenium.Parameterized" name="TestCase4" time="0.002"/>
  <testcase classname="seleniumpractice.WaitsInSelenium.Parameterized" name="TestCase4" time="0.001"/>
  <testcase classname="seleniumpractice.WaitsInSelenium.Parameterized" name="TestCase4" time="0.000"/>
  <testcase classname="seleniumpractice.WaitsInSelenium.Parameterized" name="TestCase4" time="0.000"/>
  <testcase classname="seleniumpractice.WaitsInSelenium.Parameterized" name="TestCase4" time="0.001"/>
  <testcase classname="seleniumpractice.WaitsInSelenium.Parameterized" name="TestCase4" time="0.000"/>
  <testcase classname="seleniumpractice.WaitsInSelenium.Parameterized" name="TestCase4" time="0.000"/>
  <testcase classname="seleniumpractice.WaitsInSelenium.Parameterized" name="TestCase4" time="0.001"/>
  <testcase classname="seleniumpractice.WaitsInSelenium.Parameterized" name="TestCase4" time="0.000"/>
  <testcase classname="seleniumpractice.WaitsInSelenium.Parameterized" name="TestCase4" time="0.000"/>
  <testcase classname="seleniumpractice.WaitsInSelenium.Parameterized" name="TestCase4" time="0.000"/>
  <testcase classname="seleniumpractice.WaitsInSelenium.Parameterized" name="TestCase4" time="0.001"/>
  <testcase classname="seleniumpractice.WaitsInSelenium.Parameterized" name="TestCase4" time="0.001"/>
  <testcase classname="seleniumpractice.WaitsInSelenium.Parameterized" name="TestCase4" time="0.000"/>
  <testcase classname="seleniumpractice.WaitsInSelenium.Parameterized" name="TestCase4" time="0.001"/>
  <testcase classname="seleniumpractice.WaitsInSelenium.Parameterized" name="TestCase4" time="0.000"/>
  <testcase classname="seleniumpractice.WaitsInSelenium.Parameterized" name="TestCase4" time="0.000"/>
  <testcase classname="seleniumpractice.WaitsInSelenium.Parameterized" name="TestCase4" time="0.000"/>
  <testcase classname="seleniumpractice.WaitsInSelenium.Parameterized" name="TestCase4" time="0.000"/>
  <testcase classname="seleniumpractice.WaitsInSelenium.Parameterized" name="TestCase4" time="0.001"/>
  <testcase classname="seleniumpractice.WaitsInSelenium.Parameterized" name="TestCase4" time="0.000"/>
  <testcase classname="seleniumpractice.WaitsInSelenium.Parameterized" name="TestCase4" time="0.000"/>
  <testcase classname="seleniumpractice.WaitsInSelenium.Parameterized" name="TestCase4" time="0.001"/>
  <testcase classname="seleniumpractice.WaitsInSelenium.Parameterized" name="TestCase4" time="0.000"/>
  <testcase classname="seleniumpractice.WaitsInSelenium.Parameterized" name="TestCase4" time="0.000"/>
  <testcase classname="seleniumpractice.WaitsInSelenium.Parameterized" name="TestCase4" time="0.001"/>
  <testcase classname="seleniumpractice.WaitsInSelenium.Parameterized" name="TestCase4" time="0.000"/>
  <testcase classname="seleniumpractice.WaitsInSelenium.Parameterized" name="TestCase4" time="0.000"/>
  <testcase classname="seleniumpractice.WaitsInSelenium.Parameterized" name="TestCase4" time="0.000"/>
  <testcase classname="seleniumpractice.WaitsInSelenium.Parameterized" name="TestCase4" time="0.000"/>
  <testcase classname="seleniumpractice.WaitsInSelenium.Parameterized" name="TestCase4" time="0.000"/>
  <testcase classname="seleniumpractice.WaitsInSelenium.Parameterized" name="TestCase4" time="0.000"/>
  <testcase classname="seleniumpractice.WaitsInSelenium.Parameterized" name="TestCase4" time="0.000"/>
  <testcase classname="seleniumpractice.WaitsInSelenium.Parameterized" name="TestCase4" time="0.000"/>
  <testcase classname="seleniumpractice.WaitsInSelenium.Parameterized" name="TestCase4" time="0.001"/>
  <testcase classname="seleniumpractice.WaitsInSelenium.Parameterized" name="TestCase4" time="0.000"/>
  <testcase classname="seleniumpractice.WaitsInSelenium.Parameterized" name="TestCase4" time="0.000"/>
  <testcase classname="seleniumpractice.WaitsInSelenium.Parameterized" name="TestCase4" time="0.001"/>
  <testcase classname="seleniumpractice.WaitsInSelenium.Parameterized" name="TestCase4" time="0.000"/>
  <testcase classname="seleniumpractice.WaitsInSelenium.Parameterized" name="TestCase4" time="0.000"/>
  <testcase classname="seleniumpractice.WaitsInSelenium.Parameterized" name="TestCase4" time="0.000"/>
  <testcase classname="seleniumpractice.WaitsInSelenium.Parameterized" name="TestCase4" time="0.001"/>
  <testcase classname="seleniumpractice.WaitsInSelenium.Parameterized" name="TestCase4" time="0.001"/>
  <testcase classname="seleniumpractice.WaitsInSelenium.Parameterized" name="TestCase4" time="0.001"/>
  <testcase classname="seleniumpractice.WaitsInSelenium.Parameterized" name="TestCase4" time="0.000"/>
  <testcase classname="seleniumpractice.WaitsInSelenium.Parameterized" name="TestCase4" time="0.000"/>
  <testcase classname="seleniumpractice.WaitsInSelenium.Parameterized" name="TestCase4" time="0.000"/>
  <testcase classname="seleniumpractice.WaitsInSelenium.Parameterized" name="TestCase4" time="0.000"/>
  <testcase classname="seleniumpractice.WaitsInSelenium.Parameterized" name="TestCase4" time="2.316"/>
  <testcase classname="seleniumpractice.WaitsInSelenium.Parameterized" name="TestCase4" time="0.001"/>
  <testcase classname="seleniumpractice.WaitsInSelenium.Parameterized" name="TestCase4" time="0.000"/>
  <testcase classname="seleniumpractice.WaitsInSelenium.Parameterized" name="TestCase4" time="0.000"/>
  <testcase classname="seleniumpractice.WaitsInSelenium.Parameterized" name="TestCase4" time="0.000"/>
  <testcase classname="seleniumpractice.WaitsInSelenium.Parameterized" name="TestCase4" time="0.001"/>
  <testcase classname="seleniumpractice.WaitsInSelenium.Parameterized" name="TestCase4" time="0.000"/>
  <testcase classname="seleniumpractice.WaitsInSelenium.Parameterized" name="TestCase4" time="0.001"/>
  <testcase classname="seleniumpractice.WaitsInSelenium.Parameterized" name="TestCase4" time="0.000"/>
  <testcase classname="seleniumpractice.WaitsInSelenium.Parameterized" name="TestCase4" time="0.000"/>
  <testcase classname="seleniumpractice.WaitsInSelenium.Parameterized" name="TestCase4" time="0.000"/>
  <testcase classname="seleniumpractice.WaitsInSelenium.Parameterized" name="TestCase4" time="0.000"/>
  <testcase classname="seleniumpractice.WaitsInSelenium.Parameterized" name="TestCase4" time="0.000"/>
  <testcase classname="seleniumpractice.WaitsInSelenium.Parameterized" name="TestCase4" time="0.000"/>
  <testcase classname="seleniumpractice.WaitsInSelenium.Parameterized" name="TestCase4" time="0.000"/>
  <testcase classname="seleniumpractice.WaitsInSelenium.Parameterized" name="TestCase4" time="0.000"/>
  <testcase classname="seleniumpractice.WaitsInSelenium.Parameterized" name="TestCase4" time="0.000"/>
  <testcase classname="seleniumpractice.WaitsInSelenium.Parameterized" name="TestCase4" time="0.000"/>
  <testcase classname="seleniumpractice.WaitsInSelenium.Parameterized" name="TestCase4" time="0.000"/>
  <testcase classname="seleniumpractice.WaitsInSelenium.Parameterized" name="TestCase4" time="0.000"/>
  <testcase classname="seleniumpractice.WaitsInSelenium.Parameterized" name="TestCase4" time="0.000"/>
  <testcase classname="seleniumpractice.WaitsInSelenium.Parameterized" name="TestCase4" time="0.002"/>
  <testcase classname="seleniumpractice.WaitsInSelenium.Parameterized" name="TestCase4" time="0.001"/>
  <testcase classname="seleniumpractice.WaitsInSelenium.Parameterized" name="TestCase4" time="0.000"/>
  <testcase classname="seleniumpractice.WaitsInSelenium.Parameterized" name="TestCase4" time="0.001"/>
  <testcase classname="seleniumpractice.WaitsInSelenium.Parameterized" name="TestCase4" time="0.000"/>
  <testcase classname="seleniumpractice.WaitsInSelenium.Parameterized" name="TestCase4" time="0.000"/>
  <testcase classname="seleniumpractice.WaitsInSelenium.Parameterized" name="TestCase4" time="0.000"/>
  <testcase classname="seleniumpractice.WaitsInSelenium.Parameterized" name="TestCase4" time="0.001"/>
  <testcase classname="seleniumpractice.WaitsInSelenium.Parameterized" name="TestCase4" time="0.000"/>
  <testcase classname="seleniumpractice.WaitsInSelenium.Parameterized" name="TestCase4" time="0.000"/>
  <testcase classname="seleniumpractice.WaitsInSelenium.Parameterized" name="TestCase4" time="0.001"/>
  <testcase classname="seleniumpractice.WaitsInSelenium.Parameterized" name="TestCase4" time="0.000"/>
  <testcase classname="seleniumpractice.WaitsInSelenium.Parameterized" name="TestCase4" time="0.000"/>
  <testcase classname="seleniumpractice.WaitsInSelenium.Parameterized" name="TestCase4" time="0.000"/>
  <testcase classname="seleniumpractice.WaitsInSelenium.Parameterized" name="TestCase4" time="0.001"/>
  <testcase classname="seleniumpractice.WaitsInSelenium.Parameterized" name="TestCase4" time="0.001"/>
  <testcase classname="seleniumpractice.WaitsInSelenium.Parameterized" name="TestCase4" time="0.001"/>
  <testcase classname="seleniumpractice.WaitsInSelenium.Parameterized" name="TestCase4" time="0.000"/>
  <testcase classname="seleniumpractice.WaitsInSelenium.Parameterized" name="TestCase4" time="0.000"/>
  <testcase classname="seleniumpractice.WaitsInSelenium.Parameterized" name="TestCase4" time="0.001"/>
  <testcase classname="seleniumpractice.WaitsInSelenium.Parameterized" name="TestCase4" time="0.000"/>
  <testcase classname="seleniumpractice.WaitsInSelenium.Parameterized" name="TestCase4" time="0.000"/>
  <testcase classname="seleniumpractice.WaitsInSelenium.Parameterized" name="TestCase4" time="0.000"/>
  <testcase classname="seleniumpractice.WaitsInSelenium.Parameterized" name="TestCase4" time="0.000"/>
  <testcase classname="seleniumpractice.WaitsInSelenium.Parameterized" name="TestCase4" time="0.001"/>
  <testcase classname="seleniumpractice.WaitsInSelenium.Parameterized" name="TestCase4" time="0.001"/>
  <testcase classname="seleniumpractice.WaitsInSelenium.Parameterized" name="TestCase4" time="0.000"/>
  <testcase classname="seleniumpractice.WaitsInSelenium.Parameterized" name="TestCase4" time="0.000"/>
  <testcase classname="seleniumpractice.WaitsInSelenium.Parameterized" name="TestCase4" time="0.000"/>
  <testcase classname="seleniumpractice.WaitsInSelenium.Parameterized" name="TestCase4" time="0.001"/>
  <testcase classname="seleniumpractice.WaitsInSelenium.Parameterized" name="TestCase4" time="0.000"/>
  <testcase classname="seleniumpractice.WaitsInSelenium.Parameterized" name="TestCase4" time="0.000"/>
  <testcase classname="seleniumpractice.WaitsInSelenium.Parameterized" name="TestCase4" time="0.001"/>
  <testcase classname="seleniumpractice.WaitsInSelenium.Parameterized" name="TestCase4" time="0.000"/>
  <testcase classname="seleniumpractice.WaitsInSelenium.Parameterized" name="TestCase4" time="0.000"/>
  <testcase classname="seleniumpractice.WaitsInSelenium.Parameterized" name="TestCase4" time="0.000"/>
  <testcase classname="seleniumpractice.WaitsInSelenium.Parameterized" name="TestCase4" time="0.001"/>
  <testcase classname="seleniumpractice.WaitsInSelenium.Parameterized" name="TestCase4" time="0.000"/>
  <testcase classname="seleniumpractice.WaitsInSelenium.Parameterized" name="TestCase4" time="0.001"/>
  <testcase classname="seleniumpractice.WaitsInSelenium.Parameterized" name="TestCase4" time="0.002"/>
  <testcase classname="seleniumpractice.WaitsInSelenium.Parameterized" name="TestCase4" time="0.000"/>
  <testcase classname="seleniumpractice.WaitsInSelenium.Parameterized" name="TestCase4" time="0.000"/>
  <testcase classname="seleniumpractice.WaitsInSelenium.Parameterized" name="TestCase4" time="0.001"/>
  <testcase classname="seleniumpractice.WaitsInSelenium.Parameterized" name="TestCase4" time="0.000"/>
  <testcase classname="seleniumpractice.WaitsInSelenium.Parameterized" name="TestCase4" time="0.001"/>
  <testcase classname="seleniumpractice.WaitsInSelenium.Parameterized" name="TestCase4" time="0.000"/>
  <testcase classname="seleniumpractice.WaitsInSelenium.Parameterized" name="TestCase4" time="0.001"/>
  <testcase classname="seleniumpractice.WaitsInSelenium.Parameterized" name="TestCase4" time="0.000"/>
  <testcase classname="seleniumpractice.WaitsInSelenium.Parameterized" name="TestCase4" time="0.000"/>
  <testcase classname="seleniumpractice.WaitsInSelenium.Parameterized" name="TestCase4" time="0.000"/>
  <testcase classname="seleniumpractice.WaitsInSelenium.Parameterized" name="TestCase4" time="0.000"/>
  <testcase classname="seleniumpractice.WaitsInSelenium.Parameterized" name="TestCase4" time="0.000"/>
  <testcase classname="seleniumpractice.WaitsInSelenium.Parameterized" name="TestCase4" time="0.000"/>
  <testcase classname="seleniumpractice.WaitsInSelenium.Parameterized" name="TestCase4" time="0.000"/>
  <testcase classname="seleniumpractice.WaitsInSelenium.Parameterized" name="TestCase4" time="0.000"/>
  <testcase classname="seleniumpractice.WaitsInSelenium.Parameterized" name="TestCase4" time="0.001"/>
  <testcase classname="seleniumpractice.WaitsInSelenium.Parameterized" name="TestCase4" time="0.000"/>
  <testcase classname="seleniumpractice.WaitsInSelenium.Parameterized" name="TestCase4" time="0.000"/>
  <testcase classname="seleniumpractice.WaitsInSelenium.Parameterized" name="TestCase4" time="0.000"/>
  <testcase classname="seleniumpractice.WaitsInSelenium.Parameterized" name="TestCase4" time="0.000"/>
  <testcase classname="seleniumpractice.WaitsInSelenium.Parameterized" name="TestCase4" time="0.001"/>
  <testcase classname="seleniumpractice.WaitsInSelenium.Parameterized" name="TestCase4" time="0.000"/>
  <testcase classname="seleniumpractice.WaitsInSelenium.Parameterized" name="TestCase4" time="0.001"/>
  <testcase classname="seleniumpractice.WaitsInSelenium.Parameterized" name="TestCase4" time="0.000"/>
  <testcase classname="seleniumpractice.WaitsInSelenium.Parameterized" name="TestCase4" time="0.000"/>
  <testcase classname="seleniumpractice.WaitsInSelenium.Parameterized" name="TestCase4" time="0.000"/>
  <testcase classname="seleniumpractice.WaitsInSelenium.Parameterized" name="TestCase4" time="0.000"/>
  <testcase classname="seleniumpractice.WaitsInSelenium.Parameterized" name="TestCase4" time="0.000"/>
  <testcase classname="seleniumpractice.WaitsInSelenium.Parameterized" name="TestCase4" time="0.000"/>
  <testcase classname="seleniumpractice.WaitsInSelenium.Parameterized" name="TestCase4" time="0.000"/>
  <testcase classname="seleniumpractice.WaitsInSelenium.Parameterized" name="TestCase4" time="0.000"/>
  <testcase classname="seleniumpractice.WaitsInSelenium.Parameterized" name="TestCase4" time="0.001"/>
  <testcase classname="seleniumpractice.WaitsInSelenium.Parameterized" name="TestCase4" time="0.001"/>
  <testcase classname="seleniumpractice.WaitsInSelenium.Parameterized" name="TestCase4" time="0.001"/>
  <testcase classname="seleniumpractice.WaitsInSelenium.Parameterized" name="TestCase4" time="0.000"/>
  <testcase classname="seleniumpractice.WaitsInSelenium.Parameterized" name="TestCase4" time="0.001"/>
  <testcase classname="seleniumpractice.WaitsInSelenium.Parameterized" name="TestCase4" time="0.001"/>
  <testcase classname="seleniumpractice.WaitsInSelenium.Parameterized" name="TestCase4" time="0.001"/>
  <testcase classname="seleniumpractice.WaitsInSelenium.Parameterized" name="TestCase4" time="0.000"/>
  <testcase classname="seleniumpractice.WaitsInSelenium.Parameterized" name="TestCase4" time="0.000"/>
  <testcase classname="seleniumpractice.WaitsInSelenium.Parameterized" name="TestCase4" time="0.000"/>
  <testcase classname="seleniumpractice.WaitsInSelenium.Parameterized" name="TestCase4" time="0.001"/>
  <testcase classname="seleniumpractice.WaitsInSelenium.Parameterized" name="TestCase4" time="0.000"/>
  <testcase classname="seleniumpractice.WaitsInSelenium.Parameterized" name="TestCase4" time="0.000"/>
  <testcase classname="seleniumpractice.WaitsInSelenium.Parameterized" name="TestCase4" time="0.000"/>
  <testcase classname="seleniumpractice.WaitsInSelenium.Parameterized" name="TestCase4" time="0.000"/>
  <testcase classname="seleniumpractice.WaitsInSelenium.Parameterized" name="TestCase4" time="0.000"/>
  <testcase classname="seleniumpractice.WaitsInSelenium.Parameterized" name="TestCase4" time="0.000"/>
  <testcase classname="seleniumpractice.WaitsInSelenium.Parameterized" name="TestCase4" time="0.000"/>
  <testcase classname="seleniumpractice.WaitsInSelenium.Parameterized" name="TestCase4" time="0.000"/>
  <testcase classname="seleniumpractice.WaitsInSelenium.Parameterized" name="TestCase4" time="0.000"/>
  <testcase classname="seleniumpractice.WaitsInSelenium.Parameterized" name="TestCase4" time="0.000"/>
  <testcase classname="seleniumpractice.WaitsInSelenium.Parameterized" name="TestCase4" time="0.000"/>
  <testcase classname="seleniumpractice.WaitsInSelenium.Parameterized" name="TestCase4" time="0.000"/>
  <testcase classname="seleniumpractice.WaitsInSelenium.Parameterized" name="TestCase4" time="0.000"/>
  <testcase classname="seleniumpractice.WaitsInSelenium.Parameterized" name="TestCase4" time="0.000"/>
  <testcase classname="seleniumpractice.WaitsInSelenium.Parameterized" name="TestCase4" time="0.001"/>
  <testcase classname="seleniumpractice.WaitsInSelenium.Parameterized" name="TestCase4" time="0.001"/>
  <testcase classname="seleniumpractice.WaitsInSelenium.Parameterized" name="TestCase4" time="0.000"/>
  <testcase classname="seleniumpractice.WaitsInSelenium.Parameterized" name="TestCase4" time="0.000"/>
  <testcase classname="seleniumpractice.WaitsInSelenium.Parameterized" name="TestCase4" time="0.000"/>
  <testcase classname="seleniumpractice.WaitsInSelenium.Parameterized" name="TestCase4" time="0.000"/>
  <testcase classname="seleniumpractice.WaitsInSelenium.Parameterized" name="TestCase4" time="0.000"/>
  <testcase classname="seleniumpractice.WaitsInSelenium.Parameterized" name="TestCase4" time="0.000"/>
  <testcase classname="seleniumpractice.WaitsInSelenium.Parameterized" name="TestCase4" time="0.000"/>
  <testcase classname="seleniumpractice.WaitsInSelenium.Parameterized" name="TestCase4" time="0.000"/>
  <testcase classname="seleniumpractice.WaitsInSelenium.Parameterized" name="TestCase4" time="0.000"/>
  <testcase classname="seleniumpractice.WaitsInSelenium.Parameterized" name="TestCase4" time="0.000"/>
  <testcase classname="seleniumpractice.WaitsInSelenium.Parameterized" name="TestCase4" time="0.001"/>
  <testcase classname="seleniumpractice.WaitsInSelenium.Parameterized" name="TestCase4" time="0.001"/>
  <testcase classname="seleniumpractice.WaitsInSelenium.Parameterized" name="TestCase4" time="0.000"/>
  <testcase classname="seleniumpractice.WaitsInSelenium.Parameterized" name="TestCase4" time="0.000"/>
  <testcase classname="seleniumpractice.WaitsInSelenium.Parameterized" name="TestCase4" time="0.001"/>
  <testcase classname="seleniumpractice.WaitsInSelenium.Parameterized" name="TestCase4" time="0.001"/>
  <testcase classname="seleniumpractice.WaitsInSelenium.Parameterized" name="TestCase4" time="0.002"/>
  <testcase classname="seleniumpractice.WaitsInSelenium.Parameterized" name="TestCase4" time="0.000"/>
  <testcase classname="seleniumpractice.WaitsInSelenium.Parameterized" name="TestCase4" time="0.001"/>
  <testcase classname="seleniumpractice.WaitsInSelenium.Parameterized" name="TestCase4" time="0.001"/>
  <testcase classname="seleniumpractice.WaitsInSelenium.Parameterized" name="TestCase4" time="0.000"/>
  <testcase classname="seleniumpractice.WaitsInSelenium.Parameterized" name="TestCase4" time="0.000"/>
  <testcase classname="seleniumpractice.WaitsInSelenium.Parameterized" name="TestCase4" time="0.000"/>
  <testcase classname="seleniumpractice.WaitsInSelenium.Parameterized" name="TestCase4" time="0.000"/>
  <testcase classname="seleniumpractice.WaitsInSelenium.Parameterized" name="TestCase4" time="0.000"/>
  <testcase classname="seleniumpractice.WaitsInSelenium.Parameterized" name="TestCase4" time="0.000"/>
  <testcase classname="seleniumpractice.WaitsInSelenium.Parameterized" name="TestCase4" time="0.000"/>
  <testcase classname="seleniumpractice.WaitsInSelenium.Parameterized" name="TestCase4" time="0.003"/>
  <testcase classname="seleniumpractice.WaitsInSelenium.Parameterized" name="TestCase4" time="0.000"/>
  <testcase classname="seleniumpractice.WaitsInSelenium.Parameterized" name="TestCase4" time="0.000"/>
  <testcase classname="seleniumpractice.WaitsInSelenium.Parameterized" name="TestCase4" time="0.000"/>
  <testcase classname="seleniumpractice.WaitsInSelenium.Parameterized" name="TestCase4" time="0.000"/>
  <testcase classname="seleniumpractice.WaitsInSelenium.Parameterized" name="TestCase4" time="0.001"/>
  <testcase classname="seleniumpractice.WaitsInSelenium.Parameterized" name="TestCase4" time="0.000"/>
  <testcase classname="seleniumpractice.WaitsInSelenium.Parameterized" name="TestCase4" time="0.002"/>
  <testcase classname="seleniumpractice.WaitsInSelenium.Parameterized" name="TestCase4" time="0.001"/>
  <testcase classname="seleniumpractice.WaitsInSelenium.Parameterized" name="TestCase4" time="0.000"/>
  <testcase classname="seleniumpractice.WaitsInSelenium.Parameterized" name="TestCase4" time="0.000"/>
  <testcase classname="seleniumpractice.WaitsInSelenium.Parameterized" name="TestCase4" time="0.001"/>
  <testcase classname="seleniumpractice.WaitsInSelenium.Parameterized" name="TestCase4" time="0.001"/>
  <testcase classname="seleniumpractice.WaitsInSelenium.Parameterized" name="TestCase4" time="0.000"/>
  <testcase classname="seleniumpractice.WaitsInSelenium.Parameterized" name="TestCase4" time="0.000"/>
  <testcase classname="seleniumpractice.WaitsInSelenium.Parameterized" name="TestCase4" time="0.000"/>
  <testcase classname="seleniumpractice.WaitsInSelenium.Parameterized" name="TestCase4" time="0.001"/>
  <testcase classname="seleniumpractice.WaitsInSelenium.Parameterized" name="TestCase4" time="0.000"/>
  <testcase classname="seleniumpractice.WaitsInSelenium.Parameterized" name="TestCase4" time="0.000"/>
  <testcase classname="seleniumpractice.WaitsInSelenium.Parameterized" name="TestCase4" time="0.001"/>
  <testcase classname="seleniumpractice.WaitsInSelenium.Parameterized" name="TestCase4" time="0.000"/>
  <testcase classname="seleniumpractice.WaitsInSelenium.Parameterized" name="TestCase4" time="0.000"/>
  <testcase classname="seleniumpractice.WaitsInSelenium.Parameterized" name="TestCase4" time="0.000"/>
  <testcase classname="seleniumpractice.WaitsInSelenium.Parameterized" name="TestCase4" time="0.001"/>
  <testcase classname="seleniumpractice.WaitsInSelenium.Parameterized" name="TestCase4" time="0.000"/>
  <testcase classname="seleniumpractice.WaitsInSelenium.Parameterized" name="TestCase4" time="0.000"/>
  <testcase classname="seleniumpractice.WaitsInSelenium.Parameterized" name="TestCase4" time="0.000"/>
  <testcase classname="seleniumpractice.WaitsInSelenium.Parameterized" name="TestCase4" time="0.001"/>
  <testcase classname="seleniumpractice.WaitsInSelenium.Parameterized" name="TestCase4" time="0.002"/>
  <testcase classname="seleniumpractice.WaitsInSelenium.Parameterized" name="TestCase4" time="0.001"/>
  <testcase classname="seleniumpractice.WaitsInSelenium.Parameterized" name="TestCase4" time="0.000"/>
  <testcase classname="seleniumpractice.WaitsInSelenium.Parameterized" name="TestCase4" time="0.000"/>
  <testcase classname="seleniumpractice.WaitsInSelenium.Parameterized" name="TestCase4" time="0.000"/>
  <testcase classname="seleniumpractice.WaitsInSelenium.Parameterized" name="TestCase4" time="0.000"/>
  <testcase classname="seleniumpractice.WaitsInSelenium.Parameterized" name="TestCase4" time="0.001"/>
  <testcase classname="seleniumpractice.WaitsInSelenium.Parameterized" name="TestCase4" time="0.001"/>
  <testcase classname="seleniumpractice.WaitsInSelenium.Parameterized" name="TestCase4" time="0.000"/>
  <testcase classname="seleniumpractice.WaitsInSelenium.Parameterized" name="TestCase4" time="0.000"/>
  <testcase classname="seleniumpractice.WaitsInSelenium.Parameterized" name="TestCase4" time="0.000"/>
  <testcase classname="seleniumpractice.WaitsInSelenium.Parameterized" name="TestCase4" time="0.000"/>
  <testcase classname="seleniumpractice.WaitsInSelenium.Parameterized" name="TestCase4" time="0.000"/>
  <testcase classname="seleniumpractice.WaitsInSelenium.Parameterized" name="TestCase4" time="0.000"/>
  <testcase classname="seleniumpractice.WaitsInSelenium.Parameterized" name="TestCase4" time="0.001"/>
  <testcase classname="seleniumpractice.WaitsInSelenium.Parameterized" name="TestCase4" time="0.001"/>
  <testcase classname="seleniumpractice.WaitsInSelenium.Parameterized" name="TestCase4" time="0.000"/>
  <testcase classname="seleniumpractice.WaitsInSelenium.Parameterized" name="TestCase4" time="0.000"/>
  <testcase classname="seleniumpractice.WaitsInSelenium.Parameterized" name="TestCase4" time="0.000"/>
  <testcase classname="seleniumpractice.WaitsInSelenium.Parameterized" name="TestCase4" time="0.000"/>
  <testcase classname="seleniumpractice.WaitsInSelenium.Parameterized" name="TestCase4" time="0.000"/>
  <testcase classname="seleniumpractice.WaitsInSelenium.Parameterized" name="TestCase4" time="0.000"/>
  <testcase classname="seleniumpractice.WaitsInSelenium.Parameterized" name="TestCase4" time="0.000"/>
  <testcase classname="seleniumpractice.WaitsInSelenium.Parameterized" name="TestCase4" time="0.000"/>
  <testcase classname="seleniumpractice.WaitsInSelenium.Parameterized" name="TestCase4" time="0.000"/>
  <testcase classname="seleniumpractice.WaitsInSelenium.Parameterized" name="TestCase4" time="0.000"/>
  <testcase classname="seleniumpractice.WaitsInSelenium.Parameterized" name="TestCase4" time="0.000"/>
  <testcase classname="seleniumpractice.WaitsInSelenium.Parameterized" name="TestCase4" time="0.001"/>
  <testcase classname="seleniumpractice.WaitsInSelenium.Parameterized" name="TestCase4" time="0.000"/>
  <testcase classname="seleniumpractice.WaitsInSelenium.Parameterized" name="TestCase4" time="0.001"/>
  <testcase classname="seleniumpractice.WaitsInSelenium.Parameterized" name="TestCase4" time="0.000"/>
  <testcase classname="seleniumpractice.WaitsInSelenium.Parameterized" name="TestCase4" time="0.000"/>
  <testcase classname="seleniumpractice.WaitsInSelenium.Parameterized" name="TestCase4" time="0.000"/>
  <testcase classname="seleniumpractice.WaitsInSelenium.Parameterized" name="TestCase4" time="0.000"/>
  <testcase classname="seleniumpractice.WaitsInSelenium.Parameterized" name="TestCase4" time="0.001"/>
  <testcase classname="seleniumpractice.WaitsInSelenium.Parameterized" name="TestCase4" time="0.001"/>
  <testcase classname="seleniumpractice.WaitsInSelenium.Parameterized" name="TestCase4" time="0.001"/>
  <testcase classname="seleniumpractice.WaitsInSelenium.Parameterized" name="TestCase4" time="0.000"/>
  <testcase classname="seleniumpractice.WaitsInSelenium.Parameterized" name="TestCase4" time="0.000"/>
  <testcase classname="seleniumpractice.WaitsInSelenium.Parameterized" name="TestCase4" time="0.000"/>
  <testcase classname="seleniumpractice.WaitsInSelenium.Parameterized" name="TestCase4" time="0.001"/>
  <testcase classname="seleniumpractice.WaitsInSelenium.Parameterized" name="TestCase4" time="0.000"/>
  <testcase classname="seleniumpractice.WaitsInSelenium.Parameterized" name="TestCase4" time="0.000"/>
  <testcase classname="seleniumpractice.WaitsInSelenium.Parameterized" name="TestCase4" time="0.000"/>
  <testcase classname="seleniumpractice.WaitsInSelenium.Parameterized" name="TestCase4" time="0.001"/>
  <testcase classname="seleniumpractice.WaitsInSelenium.Parameterized" name="TestCase4" time="0.000"/>
  <testcase classname="seleniumpractice.WaitsInSelenium.Parameterized" name="TestCase4" time="0.000"/>
  <testcase classname="seleniumpractice.WaitsInSelenium.Parameterized" name="TestCase4" time="0.000"/>
  <testcase classname="seleniumpractice.WaitsInSelenium.Parameterized" name="TestCase4" time="0.000"/>
  <testcase classname="seleniumpractice.WaitsInSelenium.Parameterized" name="TestCase4" time="0.000"/>
  <testcase classname="seleniumpractice.WaitsInSelenium.Parameterized" name="TestCase4" time="0.000"/>
  <testcase classname="seleniumpractice.WaitsInSelenium.Parameterized" name="TestCase4" time="0.000"/>
  <testcase classname="seleniumpractice.WaitsInSelenium.Parameterized" name="TestCase4" time="0.000"/>
  <testcase classname="seleniumpractice.WaitsInSelenium.Parameterized" name="TestCase4" time="0.000"/>
  <testcase classname="seleniumpractice.WaitsInSelenium.Parameterized" name="TestCase4" time="0.002"/>
  <testcase classname="seleniumpractice.WaitsInSelenium.Parameterized" name="TestCase4" time="0.000"/>
  <testcase classname="seleniumpractice.WaitsInSelenium.Parameterized" name="TestCase4" time="0.000"/>
  <testcase classname="seleniumpractice.WaitsInSelenium.Parameterized" name="TestCase4" time="0.000"/>
  <testcase classname="seleniumpractice.WaitsInSelenium.Parameterized" name="TestCase4" time="0.000"/>
  <testcase classname="seleniumpractice.WaitsInSelenium.Parameterized" name="TestCase4" time="0.001"/>
  <testcase classname="seleniumpractice.WaitsInSelenium.Parameterized" name="TestCase4" time="0.001"/>
  <testcase classname="seleniumpractice.WaitsInSelenium.Parameterized" name="TestCase4" time="0.000"/>
  <testcase classname="seleniumpractice.WaitsInSelenium.Parameterized" name="TestCase4" time="0.001"/>
  <testcase classname="seleniumpractice.WaitsInSelenium.Parameterized" name="TestCase4" time="0.000"/>
  <testcase classname="seleniumpractice.WaitsInSelenium.Parameterized" name="TestCase4" time="0.001"/>
  <testcase classname="seleniumpractice.WaitsInSelenium.Parameterized" name="TestCase4" time="0.000"/>
  <testcase classname="seleniumpractice.WaitsInSelenium.Parameterized" name="TestCase4" time="0.001"/>
  <testcase classname="seleniumpractice.WaitsInSelenium.Parameterized" name="TestCase4" time="0.000"/>
  <testcase classname="seleniumpractice.WaitsInSelenium.Parameterized" name="TestCase4" time="0.001"/>
  <testcase classname="seleniumpractice.WaitsInSelenium.Parameterized" name="TestCase4" time="0.001"/>
  <testcase classname="seleniumpractice.WaitsInSelenium.Parameterized" name="TestCase4" time="0.001"/>
  <testcase classname="seleniumpractice.WaitsInSelenium.Parameterized" name="TestCase4" time="0.001"/>
  <testcase classname="seleniumpractice.WaitsInSelenium.Parameterized" name="TestCase4" time="0.000"/>
  <testcase classname="seleniumpractice.WaitsInSelenium.Parameterized" name="TestCase4" time="0.000"/>
  <testcase classname="seleniumpractice.WaitsInSelenium.Parameterized" name="TestCase4" time="0.000"/>
  <testcase classname="seleniumpractice.WaitsInSelenium.Parameterized" name="TestCase4" time="0.000"/>
  <testcase classname="seleniumpractice.WaitsInSelenium.Parameterized" name="TestCase4" time="0.001"/>
  <testcase classname="seleniumpractice.WaitsInSelenium.Parameterized" name="TestCase4" time="0.000"/>
  <testcase classname="seleniumpractice.WaitsInSelenium.Parameterized" name="TestCase4" time="0.001"/>
  <testcase classname="seleniumpractice.WaitsInSelenium.Parameterized" name="TestCase4" time="0.001"/>
  <testcase classname="seleniumpractice.WaitsInSelenium.Parameterized" name="TestCase4" time="0.000"/>
  <testcase classname="seleniumpractice.WaitsInSelenium.Parameterized" name="TestCase4" time="0.000"/>
  <testcase classname="seleniumpractice.WaitsInSelenium.Parameterized" name="TestCase4" time="0.001"/>
  <testcase classname="seleniumpractice.WaitsInSelenium.Parameterized" name="TestCase4" time="0.000"/>
  <testcase classname="seleniumpractice.WaitsInSelenium.Parameterized" name="TestCase4" time="0.000"/>
  <testcase classname="seleniumpractice.WaitsInSelenium.Parameterized" name="TestCase4" time="0.000"/>
  <testcase classname="seleniumpractice.WaitsInSelenium.Parameterized" name="TestCase4" time="0.001"/>
  <testcase classname="seleniumpractice.WaitsInSelenium.Parameterized" name="TestCase4" time="0.000"/>
  <testcase classname="seleniumpractice.WaitsInSelenium.Parameterized" name="TestCase4" time="0.000"/>
  <testcase classname="seleniumpractice.WaitsInSelenium.Parameterized" name="TestCase4" time="0.000"/>
  <testcase classname="seleniumpractice.WaitsInSelenium.Parameterized" name="TestCase4" time="0.001"/>
  <testcase classname="seleniumpractice.WaitsInSelenium.Parameterized" name="TestCase4" time="0.000"/>
  <testcase classname="seleniumpractice.WaitsInSelenium.Parameterized" name="TestCase4" time="0.000"/>
  <testcase classname="seleniumpractice.WaitsInSelenium.Parameterized" name="TestCase4" time="0.000"/>
  <testcase classname="seleniumpractice.WaitsInSelenium.Parameterized" name="TestCase4" time="0.000"/>
  <testcase classname="seleniumpractice.WaitsInSelenium.Parameterized" name="TestCase4" time="0.001"/>
  <testcase classname="seleniumpractice.WaitsInSelenium.Parameterized" name="TestCase4" time="0.000"/>
  <testcase classname="seleniumpractice.WaitsInSelenium.Parameterized" name="TestCase4" time="0.000"/>
  <testcase classname="seleniumpractice.WaitsInSelenium.Parameterized" name="TestCase4" time="0.000"/>
  <testcase classname="seleniumpractice.WaitsInSelenium.Parameterized" name="TestCase4" time="0.000"/>
  <testcase classname="seleniumpractice.WaitsInSelenium.Parameterized" name="TestCase4" time="0.000"/>
  <testcase classname="seleniumpractice.WaitsInSelenium.Parameterized" name="TestCase4" time="0.001"/>
  <testcase classname="seleniumpractice.WaitsInSelenium.Parameterized" name="TestCase4" time="0.000"/>
  <testcase classname="seleniumpractice.WaitsInSelenium.Parameterized" name="TestCase4" time="0.000"/>
  <testcase classname="seleniumpractice.WaitsInSelenium.Parameterized" name="TestCase4" time="0.000"/>
  <testcase classname="seleniumpractice.WaitsInSelenium.Parameterized" name="TestCase4" time="0.000"/>
  <testcase classname="seleniumpractice.WaitsInSelenium.Parameterized" name="TestCase4" time="0.000"/>
  <testcase classname="seleniumpractice.WaitsInSelenium.Parameterized" name="TestCase4" time="0.001"/>
  <testcase classname="seleniumpractice.WaitsInSelenium.Parameterized" name="TestCase4" time="0.000"/>
  <testcase classname="seleniumpractice.WaitsInSelenium.Parameterized" name="TestCase4" time="0.001"/>
  <testcase classname="seleniumpractice.WaitsInSelenium.Parameterized" name="TestCase4" time="0.000"/>
  <testcase classname="seleniumpractice.WaitsInSelenium.Parameterized" name="TestCase4" time="0.001"/>
  <testcase classname="seleniumpractice.WaitsInSelenium.Parameterized" name="TestCase4" time="0.000"/>
  <testcase classname="seleniumpractice.WaitsInSelenium.Parameterized" name="TestCase4" time="0.001"/>
  <testcase classname="seleniumpractice.WaitsInSelenium.Parameterized" name="TestCase4" time="0.000"/>
  <testcase classname="seleniumpractice.WaitsInSelenium.Parameterized" name="TestCase4" time="0.000"/>
  <testcase classname="seleniumpractice.WaitsInSelenium.Parameterized" name="TestCase4" time="0.000"/>
  <testcase classname="seleniumpractice.WaitsInSelenium.Parameterized" name="TestCase4" time="0.000"/>
  <testcase classname="seleniumpractice.WaitsInSelenium.Parameterized" name="TestCase4" time="0.000"/>
  <testcase classname="seleniumpractice.WaitsInSelenium.Parameterized" name="TestCase4" time="0.000"/>
  <testcase classname="seleniumpractice.WaitsInSelenium.Parameterized" name="TestCase4" time="0.000"/>
  <testcase classname="seleniumpractice.WaitsInSelenium.Parameterized" name="TestCase4" time="0.002"/>
  <testcase classname="seleniumpractice.WaitsInSelenium.Parameterized" name="TestCase4" time="0.000"/>
  <testcase classname="seleniumpractice.WaitsInSelenium.Parameterized" name="TestCase4" time="0.000"/>
  <testcase classname="seleniumpractice.WaitsInSelenium.Parameterized" name="TestCase4" time="0.001"/>
  <testcase classname="seleniumpractice.WaitsInSelenium.Parameterized" name="TestCase4" time="0.000"/>
  <testcase classname="seleniumpractice.WaitsInSelenium.Parameterized" name="TestCase4" time="0.001"/>
  <testcase classname="seleniumpractice.WaitsInSelenium.Parameterized" name="TestCase4" time="0.000"/>
  <testcase classname="seleniumpractice.WaitsInSelenium.Parameterized" name="TestCase4" time="0.001"/>
  <testcase classname="seleniumpractice.WaitsInSelenium.Parameterized" name="TestCase4" time="0.000"/>
  <testcase classname="seleniumpractice.WaitsInSelenium.Parameterized" name="TestCase4" time="0.000"/>
  <testcase classname="seleniumpractice.WaitsInSelenium.Parameterized" name="TestCase4" time="0.000"/>
  <testcase classname="seleniumpractice.WaitsInSelenium.Parameterized" name="TestCase4" time="0.000"/>
  <testcase classname="seleniumpractice.WaitsInSelenium.Parameterized" name="TestCase4" time="0.000"/>
  <testcase classname="seleniumpractice.WaitsInSelenium.Parameterized" name="TestCase4" time="0.000"/>
  <testcase classname="seleniumpractice.WaitsInSelenium.Parameterized" name="TestCase4" time="0.000"/>
  <testcase classname="seleniumpractice.WaitsInSelenium.Parameterized" name="TestCase4" time="0.000"/>
  <testcase classname="seleniumpractice.WaitsInSelenium.Parameterized" name="TestCase4" time="0.001"/>
  <testcase classname="seleniumpractice.WaitsInSelenium.Parameterized" name="TestCase4" time="0.000"/>
  <testcase classname="seleniumpractice.WaitsInSelenium.Parameterized" name="TestCase4" time="0.001"/>
  <testcase classname="seleniumpractice.WaitsInSelenium.Parameterized" name="TestCase4" time="0.000"/>
  <testcase classname="seleniumpractice.WaitsInSelenium.Parameterized" name="TestCase4" time="0.001"/>
  <testcase classname="seleniumpractice.WaitsInSelenium.Parameterized" name="TestCase4" time="0.000"/>
  <testcase classname="seleniumpractice.WaitsInSelenium.Parameterized" name="TestCase4" time="0.001"/>
  <testcase classname="seleniumpractice.WaitsInSelenium.Parameterized" name="TestCase4" time="0.001"/>
  <testcase classname="seleniumpractice.WaitsInSelenium.Parameterized" name="TestCase4" time="0.000"/>
  <testcase classname="seleniumpractice.WaitsInSelenium.Parameterized" name="TestCase4" time="0.000"/>
  <testcase classname="seleniumpractice.WaitsInSelenium.Parameterized" name="TestCase4" time="0.000"/>
  <testcase classname="seleniumpractice.WaitsInSelenium.Parameterized" name="TestCase4" time="0.001"/>
  <testcase classname="seleniumpractice.WaitsInSelenium.Parameterized" name="TestCase4" time="0.000"/>
  <testcase classname="seleniumpractice.WaitsInSelenium.Parameterized" name="TestCase4" time="0.000"/>
  <testcase classname="seleniumpractice.WaitsInSelenium.Parameterized" name="TestCase4" time="0.000"/>
  <testcase classname="seleniumpractice.WaitsInSelenium.Parameterized" name="TestCase4" time="0.000"/>
  <testcase classname="seleniumpractice.WaitsInSelenium.Parameterized" name="TestCase4" time="0.001"/>
  <testcase classname="seleniumpractice.WaitsInSelenium.Parameterized" name="TestCase4" time="0.000"/>
  <testcase classname="seleniumpractice.WaitsInSelenium.Parameterized" name="TestCase4" time="0.000"/>
  <testcase classname="seleniumpractice.WaitsInSelenium.Parameterized" name="TestCase4" time="0.000"/>
  <testcase classname="seleniumpractice.WaitsInSelenium.Parameterized" name="TestCase4" time="0.000"/>
  <testcase classname="seleniumpractice.WaitsInSelenium.Parameterized" name="TestCase4" time="0.000"/>
  <testcase classname="seleniumpractice.WaitsInSelenium.Parameterized" name="TestCase4" time="0.000"/>
  <testcase classname="seleniumpractice.WaitsInSelenium.Parameterized" name="TestCase4" time="0.000"/>
  <testcase classname="seleniumpractice.WaitsInSelenium.Parameterized" name="TestCase4" time="0.000"/>
  <testcase classname="seleniumpractice.WaitsInSelenium.Parameterized" name="TestCase4" time="0.000"/>
  <testcase classname="seleniumpractice.WaitsInSelenium.Parameterized" name="TestCase4" time="0.000"/>
  <testcase classname="seleniumpractice.WaitsInSelenium.Parameterized" name="TestCase4" time="0.000"/>
  <testcase classname="seleniumpractice.WaitsInSelenium.Parameterized" name="testcase3" time="0.002"/>
  <testcase classname="seleniumpractice.WaitsInSelenium.Parameterized" name="TestCase4" time="0.001"/>
  <testcase classname="seleniumpractice.WaitsInSelenium.Parameterized" name="TestCase4" time="0.000"/>
  <testcase classname="seleniumpractice.WaitsInSelenium.Parameterized" name="TestCase4" time="0.000"/>
  <testcase classname="seleniumpractice.WaitsInSelenium.Parameterized" name="TestCase4" time="0.000"/>
  <testcase classname="seleniumpractice.WaitsInSelenium.Parameterized" name="TestCase4" time="0.000"/>
  <testcase classname="seleniumpractice.WaitsInSelenium.Parameterized" name="TestCase4" time="0.000"/>
  <testcase classname="seleniumpractice.WaitsInSelenium.Parameterized" name="TestCase4" time="0.001"/>
  <testcase classname="seleniumpractice.WaitsInSelenium.Parameterized" name="TestCase4" time="0.000"/>
  <testcase classname="seleniumpractice.WaitsInSelenium.Parameterized" name="TestCase4" time="0.000"/>
  <testcase classname="seleniumpractice.WaitsInSelenium.Parameterized" name="TestCase4" time="0.000"/>
  <testcase classname="seleniumpractice.WaitsInSelenium.Parameterized" name="TestCase4" time="0.000"/>
  <testcase classname="seleniumpractice.WaitsInSelenium.Parameterized" name="TestCase4" time="0.001"/>
  <testcase classname="seleniumpractice.WaitsInSelenium.Parameterized" name="TestCase4" time="0.000"/>
  <testcase classname="seleniumpractice.WaitsInSelenium.Parameterized" name="TestCase4" time="0.000"/>
  <testcase classname="seleniumpractice.WaitsInSelenium.Parameterized" name="TestCase4" time="0.000"/>
  <testcase classname="seleniumpractice.WaitsInSelenium.Parameterized" name="TestCase4" time="0.001"/>
  <testcase classname="seleniumpractice.WaitsInSelenium.Parameterized" name="TestCase4" time="0.001"/>
  <testcase classname="seleniumpractice.WaitsInSelenium.Parameterized" name="TestCase4" time="0.000"/>
  <testcase classname="seleniumpractice.WaitsInSelenium.Parameterized" name="TestCase4" time="0.000"/>
  <testcase classname="seleniumpractice.WaitsInSelenium.Parameterized" name="TestCase4" time="0.000"/>
  <testcase classname="seleniumpractice.WaitsInSelenium.Parameterized" name="TestCase4" time="0.001"/>
  <testcase classname="seleniumpractice.WaitsInSelenium.Parameterized" name="TestCase4" time="0.000"/>
  <testcase classname="seleniumpractice.WaitsInSelenium.Parameterized" name="TestCase4" time="0.001"/>
  <testcase classname="seleniumpractice.WaitsInSelenium.Parameterized" name="TestCase4" time="0.000"/>
  <testcase classname="seleniumpractice.WaitsInSelenium.Parameterized" name="TestCase4" time="0.000"/>
  <testcase classname="seleniumpractice.WaitsInSelenium.Parameterized" name="TestCase4" time="0.000"/>
  <testcase classname="seleniumpractice.WaitsInSelenium.Parameterized" name="TestCase4" time="0.000"/>
  <testcase classname="seleniumpractice.WaitsInSelenium.Parameterized" name="TestCase4" time="0.000"/>
  <testcase classname="seleniumpractice.WaitsInSelenium.Parameterized" name="TestCase4" time="0.000"/>
  <testcase classname="seleniumpractice.WaitsInSelenium.Parameterized" name="TestCase4" time="0.000"/>
  <testcase classname="seleniumpractice.WaitsInSelenium.Parameterized" name="TestCase4" time="0.000"/>
  <testcase classname="seleniumpractice.WaitsInSelenium.Parameterized" name="TestCase4" time="0.000"/>
  <testcase classname="seleniumpractice.WaitsInSelenium.Parameterized" name="TestCase4" time="0.000"/>
  <testcase classname="seleniumpractice.WaitsInSelenium.Parameterized" name="TestCase4" time="0.000"/>
  <testcase classname="seleniumpractice.WaitsInSelenium.Parameterized" name="TestCase4" time="0.000"/>
  <testcase classname="seleniumpractice.WaitsInSelenium.Parameterized" name="TestCase4" time="0.001"/>
  <testcase classname="seleniumpractice.WaitsInSelenium.Parameterized" name="TestCase4" time="0.001"/>
  <testcase classname="seleniumpractice.WaitsInSelenium.Parameterized" name="TestCase4" time="0.001"/>
  <testcase classname="seleniumpractice.WaitsInSelenium.Parameterized" name="TestCase4" time="0.001"/>
  <testcase classname="seleniumpractice.WaitsInSelenium.Parameterized" name="TestCase4" time="0.001"/>
  <testcase classname="seleniumpractice.WaitsInSelenium.Parameterized" name="TestCase4" time="0.000"/>
  <testcase classname="seleniumpractice.WaitsInSelenium.Parameterized" name="TestCase4" time="0.000"/>
  <testcase classname="seleniumpractice.WaitsInSelenium.Parameterized" name="TestCase4" time="0.000"/>
  <testcase classname="seleniumpractice.WaitsInSelenium.Parameterized" name="TestCase4" time="0.000"/>
  <testcase classname="seleniumpractice.WaitsInSelenium.Parameterized" name="TestCase4" time="0.000"/>
  <testcase classname="seleniumpractice.WaitsInSelenium.Parameterized" name="TestCase4" time="0.000"/>
  <testcase classname="seleniumpractice.WaitsInSelenium.Parameterized" name="TestCase4" time="0.001"/>
  <testcase classname="seleniumpractice.WaitsInSelenium.Parameterized" name="TestCase4" time="0.000"/>
  <testcase classname="seleniumpractice.WaitsInSelenium.Parameterized" name="TestCase4" time="0.000"/>
  <testcase classname="seleniumpractice.WaitsInSelenium.Parameterized" name="TestCase4" time="0.000"/>
  <testcase classname="seleniumpractice.WaitsInSelenium.Parameterized" name="TestCase4" time="0.000"/>
  <testcase classname="seleniumpractice.WaitsInSelenium.Parameterized" name="TestCase4" time="0.000"/>
  <testcase classname="seleniumpractice.WaitsInSelenium.Parameterized" name="TestCase4" time="0.000"/>
  <testcase classname="seleniumpractice.WaitsInSelenium.Parameterized" name="TestCase4" time="0.000"/>
  <testcase classname="seleniumpractice.WaitsInSelenium.Parameterized" name="TestCase4" time="0.001"/>
  <testcase classname="seleniumpractice.WaitsInSelenium.Parameterized" name="TestCase4" time="0.001"/>
  <testcase classname="seleniumpractice.WaitsInSelenium.Parameterized" name="TestCase4" time="0.000"/>
  <testcase classname="seleniumpractice.WaitsInSelenium.Parameterized" name="TestCase4" time="0.000"/>
  <testcase classname="seleniumpractice.WaitsInSelenium.Parameterized" name="TestCase4" time="0.000"/>
  <testcase classname="seleniumpractice.WaitsInSelenium.Parameterized" name="TestCase4" time="0.001"/>
  <testcase classname="seleniumpractice.WaitsInSelenium.Parameterized" name="TestCase4" time="0.001"/>
  <testcase classname="seleniumpractice.WaitsInSelenium.Parameterized" name="TestCase4" time="0.000"/>
  <testcase classname="seleniumpractice.WaitsInSelenium.Parameterized" name="TestCase4" time="0.000"/>
  <testcase classname="seleniumpractice.WaitsInSelenium.Parameterized" name="TestCase4" time="0.000"/>
  <testcase classname="seleniumpractice.WaitsInSelenium.Parameterized" name="TestCase4" time="0.000"/>
  <testcase classname="seleniumpractice.WaitsInSelenium.Parameterized" name="TestCase4" time="0.000"/>
  <testcase classname="seleniumpractice.WaitsInSelenium.Parameterized" name="TestCase4" time="0.000"/>
  <testcase classname="seleniumpractice.WaitsInSelenium.Parameterized" name="TestCase4" time="0.001"/>
  <testcase classname="seleniumpractice.WaitsInSelenium.Parameterized" name="TestCase4" time="0.001"/>
  <testcase classname="seleniumpractice.WaitsInSelenium.Parameterized" name="TestCase4" time="0.001"/>
  <testcase classname="seleniumpractice.WaitsInSelenium.Parameterized" name="TestCase4" time="0.000"/>
  <testcase classname="seleniumpractice.WaitsInSelenium.Parameterized" name="TestCase4" time="0.000"/>
  <testcase classname="seleniumpractice.WaitsInSelenium.Parameterized" name="TestCase4" time="0.001"/>
  <testcase classname="seleniumpractice.WaitsInSelenium.Parameterized" name="TestCase4" time="0.001"/>
  <testcase classname="seleniumpractice.WaitsInSelenium.Parameterized" name="TestCase4" time="0.000"/>
  <testcase classname="seleniumpractice.WaitsInSelenium.Parameterized" name="TestCase4" time="0.000"/>
  <testcase classname="seleniumpractice.WaitsInSelenium.Parameterized" name="TestCase4" time="0.001"/>
  <testcase classname="seleniumpractice.WaitsInSelenium.Parameterized" name="TestCase4" time="0.001"/>
  <testcase classname="seleniumpractice.WaitsInSelenium.Parameterized" name="TestCase4" time="0.007"/>
  <testcase classname="seleniumpractice.WaitsInSelenium.Parameterized" name="TestCase4" time="0.000"/>
  <testcase classname="seleniumpractice.WaitsInSelenium.Parameterized" name="TestCase4" time="0.001"/>
  <testcase classname="seleniumpractice.WaitsInSelenium.Parameterized" name="TestCase4" time="0.000"/>
  <testcase classname="seleniumpractice.WaitsInSelenium.Parameterized" name="TestCase4" time="0.000"/>
  <testcase classname="seleniumpractice.WaitsInSelenium.Parameterized" name="TestCase4" time="0.000"/>
  <testcase classname="seleniumpractice.WaitsInSelenium.Parameterized" name="TestCase4" time="0.000"/>
  <testcase classname="seleniumpractice.WaitsInSelenium.Parameterized" name="TestCase4" time="0.001"/>
  <testcase classname="seleniumpractice.WaitsInSelenium.Parameterized" name="TestCase4" time="0.001"/>
  <testcase classname="seleniumpractice.WaitsInSelenium.Parameterized" name="TestCase4" time="0.000"/>
  <testcase classname="seleniumpractice.WaitsInSelenium.Parameterized" name="TestCase4" time="0.000"/>
  <testcase classname="seleniumpractice.WaitsInSelenium.Parameterized" name="TestCase4" time="0.001"/>
  <testcase classname="seleniumpractice.WaitsInSelenium.Parameterized" name="TestCase4" time="0.000"/>
  <testcase classname="seleniumpractice.WaitsInSelenium.Parameterized" name="TestCase4" time="0.001"/>
  <testcase classname="seleniumpractice.WaitsInSelenium.Parameterized" name="TestCase4" time="0.000"/>
  <testcase classname="seleniumpractice.WaitsInSelenium.Parameterized" name="TestCase4" time="0.000"/>
  <testcase classname="seleniumpractice.WaitsInSelenium.Parameterized" name="TestCase4" time="0.001"/>
  <testcase classname="seleniumpractice.WaitsInSelenium.Parameterized" name="TestCase4" time="0.000"/>
  <testcase classname="seleniumpractice.WaitsInSelenium.Parameterized" name="TestCase4" time="0.000"/>
  <testcase classname="seleniumpractice.WaitsInSelenium.Parameterized" name="TestCase4" time="0.000"/>
  <testcase classname="seleniumpractice.WaitsInSelenium.Parameterized" name="TestCase4" time="0.000"/>
  <testcase classname="seleniumpractice.WaitsInSelenium.Parameterized" name="TestCase4" time="0.000"/>
  <testcase classname="seleniumpractice.WaitsInSelenium.Parameterized" name="TestCase4" time="0.000"/>
  <testcase classname="seleniumpractice.WaitsInSelenium.Parameterized" name="TestCase4" time="0.000"/>
  <testcase classname="seleniumpractice.WaitsInSelenium.Parameterized" name="TestCase4" time="0.000"/>
  <testcase classname="seleniumpractice.WaitsInSelenium.Parameterized" name="TestCase4" time="0.001"/>
  <testcase classname="seleniumpractice.WaitsInSelenium.Parameterized" name="TestCase4" time="0.000"/>
  <testcase classname="seleniumpractice.WaitsInSelenium.Parameterized" name="TestCase4" time="0.000"/>
  <testcase classname="seleniumpractice.WaitsInSelenium.Parameterized" name="TestCase4" time="0.000"/>
  <testcase classname="seleniumpractice.WaitsInSelenium.Parameterized" name="TestCase4" time="0.000"/>
  <testcase classname="seleniumpractice.WaitsInSelenium.Parameterized" name="TestCase4" time="0.000"/>
  <testcase classname="seleniumpractice.WaitsInSelenium.Parameterized" name="TestCase4" time="0.001"/>
  <testcase classname="seleniumpractice.WaitsInSelenium.Parameterized" name="TestCase4" time="0.000"/>
  <testcase classname="seleniumpractice.WaitsInSelenium.Parameterized" name="TestCase4" time="0.000"/>
  <testcase classname="seleniumpractice.WaitsInSelenium.Parameterized" name="TestCase4" time="0.001"/>
  <testcase classname="seleniumpractice.WaitsInSelenium.Parameterized" name="TestCase4" time="0.000"/>
  <testcase classname="seleniumpractice.WaitsInSelenium.Parameterized" name="TestCase4" time="0.000"/>
  <testcase classname="seleniumpractice.WaitsInSelenium.Parameterized" name="TestCase4" time="0.000"/>
  <testcase classname="seleniumpractice.WaitsInSelenium.Parameterized" name="TestCase4" time="0.000"/>
  <testcase classname="seleniumpractice.WaitsInSelenium.Parameterized" name="TestCase4" time="0.000"/>
  <testcase classname="seleniumpractice.WaitsInSelenium.Parameterized" name="TestCase4" time="0.000"/>
  <testcase classname="seleniumpractice.WaitsInSelenium.Parameterized" name="TestCase4" time="0.001"/>
  <testcase classname="seleniumpractice.WaitsInSelenium.Parameterized" name="TestCase4" time="0.000"/>
  <testcase classname="seleniumpractice.WaitsInSelenium.Parameterized" name="TestCase4" time="0.000"/>
  <testcase classname="seleniumpractice.WaitsInSelenium.Parameterized" name="TestCase4" time="0.003"/>
  <testcase classname="seleniumpractice.WaitsInSelenium.Parameterized" name="TestCase4" time="0.000"/>
  <testcase classname="seleniumpractice.WaitsInSelenium.Parameterized" name="TestCase4" time="0.001"/>
  <testcase classname="seleniumpractice.WaitsInSelenium.Parameterized" name="TestCase4" time="0.001"/>
  <testcase classname="seleniumpractice.WaitsInSelenium.Parameterized" name="TestCase4" time="0.000"/>
  <testcase classname="seleniumpractice.WaitsInSelenium.Parameterized" name="TestCase4" time="0.000"/>
  <testcase classname="seleniumpractice.WaitsInSelenium.Parameterized" name="TestCase4" time="0.000"/>
  <testcase classname="seleniumpractice.WaitsInSelenium.Parameterized" name="TestCase4" time="0.000"/>
  <testcase classname="seleniumpractice.WaitsInSelenium.Parameterized" name="TestCase4" time="0.000"/>
  <testcase classname="seleniumpractice.WaitsInSelenium.Parameterized" name="TestCase4" time="0.000"/>
  <testcase classname="seleniumpractice.WaitsInSelenium.Parameterized" name="TestCase4" time="0.000"/>
  <testcase classname="seleniumpractice.WaitsInSelenium.Parameterized" name="TestCase4" time="0.000"/>
  <testcase classname="seleniumpractice.WaitsInSelenium.Parameterized" name="TestCase4" time="0.000"/>
  <testcase classname="seleniumpractice.WaitsInSelenium.Parameterized" name="TestCase4" time="0.000"/>
  <testcase classname="seleniumpractice.WaitsInSelenium.Parameterized" name="TestCase4" time="0.001"/>
  <testcase classname="seleniumpractice.WaitsInSelenium.Parameterized" name="TestCase4" time="0.001"/>
  <testcase classname="seleniumpractice.WaitsInSelenium.Parameterized" name="TestCase4" time="0.000"/>
  <testcase classname="seleniumpractice.WaitsInSelenium.Parameterized" name="TestCase4" time="0.001"/>
  <testcase classname="seleniumpractice.WaitsInSelenium.Parameterized" name="TestCase4" time="0.000"/>
  <testcase classname="seleniumpractice.WaitsInSelenium.Parameterized" name="TestCase4" time="0.000"/>
  <testcase classname="seleniumpractice.WaitsInSelenium.Parameterized" name="TestCase4" time="0.001"/>
  <testcase classname="seleniumpractice.WaitsInSelenium.Parameterized" name="TestCase4" time="0.001"/>
  <testcase classname="seleniumpractice.WaitsInSelenium.Parameterized" name="TestCase4" time="0.000"/>
  <testcase classname="seleniumpractice.WaitsInSelenium.Parameterized" name="TestCase4" time="0.001"/>
  <testcase classname="seleniumpractice.WaitsInSelenium.Parameterized" name="TestCase4" time="0.000"/>
  <testcase classname="seleniumpractice.WaitsInSelenium.Parameterized" name="TestCase4" time="0.001"/>
  <testcase classname="seleniumpractice.WaitsInSelenium.Parameterized" name="TestCase4" time="0.001"/>
  <testcase classname="seleniumpractice.WaitsInSelenium.Parameterized" name="TestCase4" time="0.000"/>
  <testcase classname="seleniumpractice.WaitsInSelenium.Parameterized" name="TestCase4" time="0.000"/>
  <testcase classname="seleniumpractice.WaitsInSelenium.Parameterized" name="TestCase4" time="0.000"/>
  <testcase classname="seleniumpractice.WaitsInSelenium.Parameterized" name="TestCase4" time="0.001"/>
  <testcase classname="seleniumpractice.WaitsInSelenium.Parameterized" name="TestCase4" time="0.000"/>
  <testcase classname="seleniumpractice.WaitsInSelenium.Parameterized" name="TestCase4" time="0.000"/>
  <testcase classname="seleniumpractice.WaitsInSelenium.Parameterized" name="TestCase4" time="0.000"/>
  <testcase classname="seleniumpractice.WaitsInSelenium.Parameterized" name="TestCase4" time="0.000"/>
  <testcase classname="seleniumpractice.WaitsInSelenium.Parameterized" name="TestCase4" time="0.000"/>
  <testcase classname="seleniumpractice.WaitsInSelenium.Parameterized" name="TestCase4" time="0.000"/>
  <testcase classname="seleniumpractice.WaitsInSelenium.Parameterized" name="TestCase4" time="0.000"/>
  <testcase classname="seleniumpractice.WaitsInSelenium.Parameterized" name="TestCase4" time="0.000"/>
  <testcase classname="seleniumpractice.WaitsInSelenium.Parameterized" name="TestCase4" time="0.001"/>
  <testcase classname="seleniumpractice.WaitsInSelenium.Parameterized" name="TestCase4" time="0.000"/>
  <testcase classname="seleniumpractice.WaitsInSelenium.Parameterized" name="TestCase4" time="0.000"/>
  <testcase classname="seleniumpractice.WaitsInSelenium.Parameterized" name="TestCase4" time="0.000"/>
  <testcase classname="seleniumpractice.WaitsInSelenium.Parameterized" name="TestCase4" time="0.001"/>
  <testcase classname="seleniumpractice.WaitsInSelenium.Parameterized" name="TestCase4" time="0.000"/>
  <testcase classname="seleniumpractice.WaitsInSelenium.Parameterized" name="TestCase4" time="0.000"/>
  <testcase classname="seleniumpractice.WaitsInSelenium.Parameterized" name="TestCase4" time="0.001"/>
  <testcase classname="seleniumpractice.WaitsInSelenium.Parameterized" name="TestCase4" time="0.000"/>
  <testcase classname="seleniumpractice.WaitsInSelenium.Parameterized" name="TestCase4" time="0.000"/>
  <testcase classname="seleniumpractice.WaitsInSelenium.Parameterized" name="TestCase4" time="0.001"/>
  <testcase classname="seleniumpractice.WaitsInSelenium.Parameterized" name="TestCase4" time="0.000"/>
  <testcase classname="seleniumpractice.WaitsInSelenium.Parameterized" name="TestCase4" time="0.001"/>
  <testcase classname="seleniumpractice.WaitsInSelenium.Parameterized" name="TestCase4" time="0.000"/>
  <testcase classname="seleniumpractice.WaitsInSelenium.Parameterized" name="TestCase4" time="0.000"/>
  <testcase classname="seleniumpractice.WaitsInSelenium.Parameterized" name="TestCase4" time="0.000"/>
  <testcase classname="seleniumpractice.WaitsInSelenium.Parameterized" name="TestCase4" time="0.000"/>
  <testcase classname="seleniumpractice.WaitsInSelenium.Parameterized" name="TestCase4" time="0.000"/>
  <testcase classname="seleniumpractice.WaitsInSelenium.Parameterized" name="TestCase4" time="0.000"/>
  <testcase classname="seleniumpractice.WaitsInSelenium.Parameterized" name="TestCase4" time="0.000"/>
  <testcase classname="seleniumpractice.WaitsInSelenium.Parameterized" name="TestCase4" time="0.000"/>
  <testcase classname="seleniumpractice.WaitsInSelenium.Parameterized" name="TestCase4" time="0.000"/>
  <testcase classname="seleniumpractice.WaitsInSelenium.Parameterized" name="TestCase4" time="0.000"/>
  <testcase classname="seleniumpractice.WaitsInSelenium.Parameterized" name="TestCase4" time="0.001"/>
  <testcase classname="seleniumpractice.WaitsInSelenium.Parameterized" name="TestCase4" time="0.000"/>
  <testcase classname="seleniumpractice.WaitsInSelenium.Parameterized" name="TestCase4" time="0.000"/>
  <testcase classname="seleniumpractice.WaitsInSelenium.Parameterized" name="TestCase4" time="0.000"/>
  <testcase classname="seleniumpractice.WaitsInSelenium.Parameterized" name="TestCase4" time="0.000"/>
  <testcase classname="seleniumpractice.WaitsInSelenium.Parameterized" name="TestCase4" time="0.000"/>
  <testcase classname="seleniumpractice.WaitsInSelenium.Parameterized" name="TestCase4" time="0.000"/>
  <testcase classname="seleniumpractice.WaitsInSelenium.Parameterized" name="TestCase4" time="0.000"/>
  <testcase classname="seleniumpractice.WaitsInSelenium.Parameterized" name="TestCase4" time="0.002"/>
  <testcase classname="seleniumpractice.WaitsInSelenium.Parameterized" name="TestCase4" time="0.000"/>
  <testcase classname="seleniumpractice.WaitsInSelenium.Parameterized" name="TestCase4" time="0.000"/>
  <testcase classname="seleniumpractice.WaitsInSelenium.Parameterized" name="TestCase4" time="0.000"/>
  <testcase classname="seleniumpractice.WaitsInSelenium.Parameterized" name="TestCase4" time="0.002"/>
  <testcase classname="seleniumpractice.WaitsInSelenium.Parameterized" name="TestCase4" time="0.001"/>
  <testcase classname="seleniumpractice.WaitsInSelenium.Parameterized" name="TestCase4" time="0.000"/>
  <testcase classname="seleniumpractice.WaitsInSelenium.Parameterized" name="TestCase4" time="0.001"/>
  <testcase classname="seleniumpractice.WaitsInSelenium.Parameterized" name="TestCase4" time="0.000"/>
  <testcase classname="seleniumpractice.WaitsInSelenium.Parameterized" name="TestCase4" time="0.001"/>
  <testcase classname="seleniumpractice.WaitsInSelenium.Parameterized" name="TestCase4" time="0.001"/>
  <testcase classname="seleniumpractice.WaitsInSelenium.Parameterized" name="TestCase4" time="0.000"/>
  <testcase classname="seleniumpractice.WaitsInSelenium.Parameterized" name="TestCase4" time="0.000"/>
  <testcase classname="seleniumpractice.WaitsInSelenium.Parameterized" name="TestCase4" time="0.001"/>
  <testcase classname="seleniumpractice.WaitsInSelenium.Parameterized" name="TestCase4" time="0.001"/>
  <testcase classname="seleniumpractice.WaitsInSelenium.Parameterized" name="TestCase4" time="0.000"/>
  <testcase classname="seleniumpractice.WaitsInSelenium.Parameterized" name="TestCase4" time="0.000"/>
  <testcase classname="seleniumpractice.WaitsInSelenium.Parameterized" name="TestCase4" time="0.000"/>
  <testcase classname="seleniumpractice.WaitsInSelenium.Parameterized" name="TestCase4" time="0.001"/>
  <testcase classname="seleniumpractice.WaitsInSelenium.Parameterized" name="TestCase4" time="0.000"/>
  <testcase classname="seleniumpractice.WaitsInSelenium.Parameterized" name="TestCase4" time="0.003"/>
  <testcase classname="seleniumpractice.WaitsInSelenium.Parameterized" name="TestCase4" time="0.000"/>
  <testcase classname="seleniumpractice.WaitsInSelenium.Parameterized" name="TestCase4" time="0.000"/>
  <testcase classname="seleniumpractice.WaitsInSelenium.Parameterized" name="TestCase4" time="0.000"/>
  <testcase classname="seleniumpractice.WaitsInSelenium.Parameterized" name="TestCase4" time="0.001"/>
  <testcase classname="seleniumpractice.WaitsInSelenium.Parameterized" name="TestCase4" time="0.000"/>
  <testcase classname="seleniumpractice.WaitsInSelenium.Parameterized" name="TestCase4" time="0.000"/>
  <testcase classname="seleniumpractice.WaitsInSelenium.Parameterized" name="TestCase4" time="0.001"/>
  <testcase classname="seleniumpractice.WaitsInSelenium.Parameterized" name="TestCase4" time="0.000"/>
  <testcase classname="seleniumpractice.WaitsInSelenium.Parameterized" name="TestCase4" time="0.000"/>
  <testcase classname="seleniumpractice.WaitsInSelenium.Parameterized" name="TestCase4" time="0.000"/>
  <testcase classname="seleniumpractice.WaitsInSelenium.Parameterized" name="TestCase4" time="0.000"/>
  <testcase classname="seleniumpractice.WaitsInSelenium.Parameterized" name="TestCase4" time="0.000"/>
  <testcase classname="seleniumpractice.WaitsInSelenium.Parameterized" name="TestCase4" time="0.007"/>
  <testcase classname="seleniumpractice.WaitsInSelenium.Parameterized" name="TestCase4" time="0.000"/>
  <testcase classname="seleniumpractice.WaitsInSelenium.Parameterized" name="TestCase4" time="0.000"/>
  <testcase classname="seleniumpractice.WaitsInSelenium.Parameterized" name="TestCase4" time="0.001"/>
  <testcase classname="seleniumpractice.WaitsInSelenium.Parameterized" name="TestCase4" time="0.000"/>
  <testcase classname="seleniumpractice.WaitsInSelenium.Parameterized" name="TestCase4" time="0.000"/>
  <testcase classname="seleniumpractice.WaitsInSelenium.Parameterized" name="TestCase4" time="0.000"/>
  <testcase classname="seleniumpractice.WaitsInSelenium.Parameterized" name="TestCase4" time="0.000"/>
  <testcase classname="seleniumpractice.WaitsInSelenium.Parameterized" name="TestCase4" time="0.000"/>
  <testcase classname="seleniumpractice.WaitsInSelenium.Parameterized" name="TestCase4" time="0.000"/>
  <testcase classname="seleniumpractice.WaitsInSelenium.Parameterized" name="TestCase4" time="0.001"/>
  <testcase classname="seleniumpractice.WaitsInSelenium.Parameterized" name="TestCase4" time="0.000"/>
  <testcase classname="seleniumpractice.WaitsInSelenium.Parameterized" name="TestCase4" time="0.000"/>
  <testcase classname="seleniumpractice.WaitsInSelenium.Parameterized" name="TestCase4" time="0.000"/>
  <testcase classname="seleniumpractice.WaitsInSelenium.Parameterized" name="TestCase4" time="0.001"/>
  <testcase classname="seleniumpractice.WaitsInSelenium.Parameterized" name="TestCase4" time="0.000"/>
  <testcase classname="seleniumpractice.WaitsInSelenium.Parameterized" name="TestCase4" time="0.000"/>
  <testcase classname="seleniumpractice.WaitsInSelenium.Parameterized" name="TestCase4" time="0.000"/>
  <testcase classname="seleniumpractice.WaitsInSelenium.Parameterized" name="TestCase4" time="0.000"/>
  <testcase classname="seleniumpractice.WaitsInSelenium.Parameterized" name="TestCase4" time="0.001"/>
  <testcase classname="seleniumpractice.WaitsInSelenium.Parameterized" name="TestCase4" time="0.000"/>
  <testcase classname="seleniumpractice.WaitsInSelenium.Parameterized" name="TestCase4" time="0.001"/>
  <testcase classname="seleniumpractice.WaitsInSelenium.Parameterized" name="TestCase4" time="0.000"/>
  <testcase classname="seleniumpractice.WaitsInSelenium.Parameterized" name="TestCase4" time="0.001"/>
  <testcase classname="seleniumpractice.WaitsInSelenium.Parameterized" name="TestCase4" time="0.000"/>
  <testcase classname="seleniumpractice.WaitsInSelenium.Parameterized" name="TestCase4" time="0.003"/>
  <testcase classname="seleniumpractice.WaitsInSelenium.Parameterized" name="TestCase4" time="0.001"/>
  <testcase classname="seleniumpractice.WaitsInSelenium.Parameterized" name="TestCase4" time="0.000"/>
  <testcase classname="seleniumpractice.WaitsInSelenium.Parameterized" name="TestCase4" time="0.000"/>
  <testcase classname="seleniumpractice.WaitsInSelenium.Parameterized" name="TestCase4" time="0.000"/>
  <testcase classname="seleniumpractice.WaitsInSelenium.Parameterized" name="TestCase4" time="0.001"/>
  <testcase classname="seleniumpractice.WaitsInSelenium.Parameterized" name="TestCase4" time="0.000"/>
  <testcase classname="seleniumpractice.WaitsInSelenium.Parameterized" name="TestCase4" time="0.001"/>
  <testcase classname="seleniumpractice.WaitsInSelenium.Parameterized" name="TestCase4" time="0.000"/>
  <testcase classname="seleniumpractice.WaitsInSelenium.Parameterized" name="TestCase4" time="0.001"/>
  <testcase classname="seleniumpractice.WaitsInSelenium.Parameterized" name="TestCase4" time="0.000"/>
  <testcase classname="seleniumpractice.WaitsInSelenium.Parameterized" name="TestCase4" time="0.000"/>
  <testcase classname="seleniumpractice.WaitsInSelenium.Parameterized" name="TestCase4" time="0.001"/>
  <testcase classname="seleniumpractice.WaitsInSelenium.Parameterized" name="TestCase4" time="0.000"/>
  <testcase classname="seleniumpractice.WaitsInSelenium.Parameterized" name="TestCase4" time="0.000"/>
  <testcase classname="seleniumpractice.WaitsInSelenium.Parameterized" name="TestCase4" time="0.000"/>
  <testcase classname="seleniumpractice.WaitsInSelenium.Parameterized" name="TestCase4" time="0.000"/>
  <testcase classname="seleniumpractice.WaitsInSelenium.Parameterized" name="TestCase4" time="0.001"/>
  <testcase classname="seleniumpractice.WaitsInSelenium.Parameterized" name="TestCase4" time="0.000"/>
  <testcase classname="seleniumpractice.WaitsInSelenium.Parameterized" name="TestCase4" time="0.000"/>
  <testcase classname="seleniumpractice.WaitsInSelenium.Parameterized" name="TestCase4" time="0.001"/>
  <testcase classname="seleniumpractice.WaitsInSelenium.Parameterized" name="TestCase4" time="0.001"/>
  <testcase classname="seleniumpractice.WaitsInSelenium.Parameterized" name="TestCase4" time="0.000"/>
  <testcase classname="seleniumpractice.WaitsInSelenium.Parameterized" name="TestCase4" time="0.000"/>
  <testcase classname="seleniumpractice.WaitsInSelenium.Parameterized" name="TestCase4" time="0.000"/>
  <testcase classname="seleniumpractice.WaitsInSelenium.Parameterized" name="TestCase4" time="0.000"/>
  <testcase classname="seleniumpractice.WaitsInSelenium.Parameterized" name="TestCase4" time="0.000"/>
  <testcase classname="seleniumpractice.WaitsInSelenium.Parameterized" name="TestCase4" time="0.000"/>
  <testcase classname="seleniumpractice.WaitsInSelenium.Parameterized" name="TestCase4" time="0.000"/>
  <testcase classname="seleniumpractice.WaitsInSelenium.Parameterized" name="TestCase4" time="0.000"/>
  <testcase classname="seleniumpractice.WaitsInSelenium.Parameterized" name="TestCase4" time="0.000"/>
  <testcase classname="seleniumpractice.WaitsInSelenium.Parameterized" name="TestCase4" time="0.000"/>
  <testcase classname="seleniumpractice.WaitsInSelenium.Parameterized" name="TestCase4" time="0.000"/>
  <testcase classname="seleniumpractice.WaitsInSelenium.Parameterized" name="TestCase4" time="0.001"/>
  <testcase classname="seleniumpractice.WaitsInSelenium.Parameterized" name="TestCase4" time="0.001"/>
  <testcase classname="seleniumpractice.WaitsInSelenium.Parameterized" name="TestCase4" time="0.000"/>
  <testcase classname="seleniumpractice.WaitsInSelenium.Parameterized" name="TestCase4" time="0.000"/>
  <testcase classname="seleniumpractice.WaitsInSelenium.Parameterized" name="TestCase4" time="0.000"/>
  <testcase classname="seleniumpractice.WaitsInSelenium.Parameterized" name="TestCase4" time="0.000"/>
  <testcase classname="seleniumpractice.WaitsInSelenium.Parameterized" name="TestCase4" time="0.000"/>
  <testcase classname="seleniumpractice.WaitsInSelenium.Parameterized" name="TestCase4" time="0.000"/>
  <testcase classname="seleniumpractice.WaitsInSelenium.Parameterized" name="TestCase4" time="0.001"/>
  <testcase classname="seleniumpractice.WaitsInSelenium.Parameterized" name="TestCase4" time="0.000"/>
  <testcase classname="seleniumpractice.WaitsInSelenium.Parameterized" name="TestCase4" time="0.001"/>
  <testcase classname="seleniumpractice.WaitsInSelenium.Parameterized" name="TestCase4" time="0.000"/>
  <testcase classname="seleniumpractice.WaitsInSelenium.Parameterized" name="TestCase4" time="0.000"/>
  <testcase classname="seleniumpractice.WaitsInSelenium.Parameterized" name="TestCase4" time="0.001"/>
  <testcase classname="seleniumpractice.WaitsInSelenium.Parameterized" name="TestCase4" time="0.000"/>
  <testcase classname="seleniumpractice.WaitsInSelenium.Parameterized" name="TestCase4" time="0.000"/>
  <testcase classname="seleniumpractice.WaitsInSelenium.Parameterized" name="TestCase4" time="0.001"/>
  <testcase classname="seleniumpractice.WaitsInSelenium.Parameterized" name="TestCase4" time="0.000"/>
  <testcase classname="seleniumpractice.WaitsInSelenium.Parameterized" name="TestCase4" time="0.000"/>
  <testcase classname="seleniumpractice.WaitsInSelenium.Parameterized" name="TestCase4" time="0.000"/>
  <testcase classname="seleniumpractice.WaitsInSelenium.Parameterized" name="TestCase4" time="0.001"/>
  <testcase classname="seleniumpractice.WaitsInSelenium.Parameterized" name="TestCase4" time="0.001"/>
  <testcase classname="seleniumpractice.WaitsInSelenium.Parameterized" name="TestCase4" time="0.000"/>
  <testcase classname="seleniumpractice.WaitsInSelenium.Parameterized" name="TestCase4" time="0.001"/>
  <testcase classname="seleniumpractice.WaitsInSelenium.Parameterized" name="TestCase4" time="0.000"/>
  <testcase classname="seleniumpractice.WaitsInSelenium.Parameterized" name="TestCase4" time="0.000"/>
  <testcase classname="seleniumpractice.WaitsInSelenium.Parameterized" name="TestCase4" time="0.000"/>
  <testcase classname="seleniumpractice.WaitsInSelenium.Parameterized" name="TestCase4" time="0.000"/>
  <testcase classname="seleniumpractice.WaitsInSelenium.Parameterized" name="TestCase4" time="0.001"/>
  <testcase classname="seleniumpractice.WaitsInSelenium.Parameterized" name="TestCase4" time="0.000"/>
  <testcase classname="seleniumpractice.WaitsInSelenium.Parameterized" name="TestCase4" time="0.000"/>
  <testcase classname="seleniumpractice.WaitsInSelenium.Parameterized" name="TestCase4" time="0.000"/>
  <testcase classname="seleniumpractice.WaitsInSelenium.Parameterized" name="TestCase4" time="0.000"/>
  <testcase classname="seleniumpractice.WaitsInSelenium.Parameterized" name="TestCase4" time="0.000"/>
  <testcase classname="seleniumpractice.WaitsInSelenium.Parameterized" name="TestCase4" time="0.000"/>
  <testcase classname="seleniumpractice.WaitsInSelenium.Parameterized" name="TestCase4" time="0.001"/>
  <testcase classname="seleniumpractice.WaitsInSelenium.Parameterized" name="TestCase4" time="0.000"/>
  <testcase classname="seleniumpractice.WaitsInSelenium.Parameterized" name="TestCase4" time="0.000"/>
  <testcase classname="seleniumpractice.WaitsInSelenium.Parameterized" name="TestCase4" time="0.003"/>
  <testcase classname="seleniumpractice.WaitsInSelenium.Parameterized" name="TestCase4" time="0.000"/>
  <testcase classname="seleniumpractice.WaitsInSelenium.Parameterized" name="TestCase4" time="0.000"/>
  <testcase classname="seleniumpractice.WaitsInSelenium.Parameterized" name="TestCase4" time="0.000"/>
  <testcase classname="seleniumpractice.WaitsInSelenium.Parameterized" name="TestCase4" time="0.000"/>
  <testcase classname="seleniumpractice.WaitsInSelenium.Parameterized" name="TestCase4" time="0.000"/>
  <testcase classname="seleniumpractice.WaitsInSelenium.Parameterized" name="TestCase4" time="0.000"/>
  <testcase classname="seleniumpractice.WaitsInSelenium.Parameterized" name="TestCase4" time="0.001"/>
  <testcase classname="seleniumpractice.WaitsInSelenium.Parameterized" name="TestCase4" time="0.000"/>
  <testcase classname="seleniumpractice.WaitsInSelenium.Parameterized" name="TestCase4" time="0.001"/>
  <testcase classname="seleniumpractice.WaitsInSelenium.Parameterized" name="TestCase4" time="0.000"/>
  <testcase classname="seleniumpractice.WaitsInSelenium.Parameterized" name="TestCase4" time="0.001"/>
  <testcase classname="seleniumpractice.WaitsInSelenium.Parameterized" name="TestCase4" time="0.000"/>
  <testcase classname="seleniumpractice.WaitsInSelenium.Parameterized" name="TestCase4" time="0.000"/>
  <testcase classname="seleniumpractice.WaitsInSelenium.Parameterized" name="TestCase4" time="0.000"/>
  <testcase classname="seleniumpractice.WaitsInSelenium.Parameterized" name="TestCase4" time="0.000"/>
  <testcase classname="seleniumpractice.WaitsInSelenium.Parameterized" name="TestCase4" time="0.001"/>
  <testcase classname="seleniumpractice.WaitsInSelenium.Parameterized" name="TestCase4" time="0.000"/>
  <testcase classname="seleniumpractice.WaitsInSelenium.Parameterized" name="TestCase4" time="0.000"/>
  <testcase classname="seleniumpractice.WaitsInSelenium.Parameterized" name="TestCase4" time="0.001"/>
  <testcase classname="seleniumpractice.WaitsInSelenium.Parameterized" name="TestCase4" time="0.000"/>
  <testcase classname="seleniumpractice.WaitsInSelenium.Parameterized" name="TestCase4" time="0.000"/>
  <testcase classname="seleniumpractice.WaitsInSelenium.Parameterized" name="TestCase4" time="0.000"/>
  <testcase classname="seleniumpractice.WaitsInSelenium.Parameterized" name="TestCase4" time="0.000"/>
  <testcase classname="seleniumpractice.WaitsInSelenium.Parameterized" name="TestCase4" time="0.000"/>
  <testcase classname="seleniumpractice.WaitsInSelenium.Parameterized" name="TestCase4" time="0.001"/>
  <testcase classname="seleniumpractice.WaitsInSelenium.Parameterized" name="TestCase4" time="0.002"/>
  <testcase classname="seleniumpractice.WaitsInSelenium.Parameterized" name="TestCase4" time="0.000"/>
  <testcase classname="seleniumpractice.WaitsInSelenium.Parameterized" name="TestCase4" time="0.001"/>
  <testcase classname="seleniumpractice.WaitsInSelenium.Parameterized" name="TestCase4" time="0.000"/>
  <testcase classname="seleniumpractice.WaitsInSelenium.Parameterized" name="TestCase4" time="0.000"/>
  <testcase classname="seleniumpractice.WaitsInSelenium.Parameterized" name="TestCase4" time="0.000"/>
  <testcase classname="seleniumpractice.WaitsInSelenium.Parameterized" name="TestCase4" time="0.000"/>
  <testcase classname="seleniumpractice.WaitsInSelenium.Parameterized" name="TestCase4" time="0.000"/>
  <testcase classname="seleniumpractice.WaitsInSelenium.Parameterized" name="TestCase4" time="0.001"/>
  <testcase classname="seleniumpractice.WaitsInSelenium.Parameterized" name="TestCase4" time="0.000"/>
  <testcase classname="seleniumpractice.WaitsInSelenium.Parameterized" name="TestCase4" time="0.000"/>
  <testcase classname="seleniumpractice.WaitsInSelenium.Parameterized" name="TestCase4" time="0.001"/>
  <testcase classname="seleniumpractice.WaitsInSelenium.Parameterized" name="TestCase4" time="0.000"/>
  <testcase classname="seleniumpractice.WaitsInSelenium.Parameterized" name="TestCase4" time="0.000"/>
  <testcase classname="seleniumpractice.WaitsInSelenium.Parameterized" name="TestCase4" time="0.000"/>
  <testcase classname="seleniumpractice.WaitsInSelenium.Parameterized" name="TestCase4" time="0.000"/>
  <testcase classname="seleniumpractice.WaitsInSelenium.Parameterized" name="TestCase4" time="0.001"/>
  <testcase classname="seleniumpractice.WaitsInSelenium.Parameterized" name="TestCase4" time="0.000"/>
  <testcase classname="seleniumpractice.WaitsInSelenium.Parameterized" name="TestCase4" time="0.000"/>
  <testcase classname="seleniumpractice.WaitsInSelenium.Parameterized" name="TestCase4" time="0.000"/>
  <testcase classname="seleniumpractice.WaitsInSelenium.Parameterized" name="TestCase4" time="0.000"/>
  <testcase classname="seleniumpractice.WaitsInSelenium.Parameterized" name="TestCase4" time="0.000"/>
  <testcase classname="seleniumpractice.WaitsInSelenium.Parameterized" name="TestCase4" time="0.001"/>
  <testcase classname="seleniumpractice.WaitsInSelenium.Parameterized" name="TestCase4" time="0.000"/>
  <testcase classname="seleniumpractice.WaitsInSelenium.Parameterized" name="TestCase4" time="0.000"/>
  <testcase classname="seleniumpractice.WaitsInSelenium.Parameterized" name="TestCase4" time="0.000"/>
  <testcase classname="seleniumpractice.WaitsInSelenium.Parameterized" name="TestCase4" time="0.000"/>
  <testcase classname="seleniumpractice.WaitsInSelenium.Parameterized" name="TestCase4" time="0.000"/>
  <testcase classname="seleniumpractice.WaitsInSelenium.Parameterized" name="TestCase4" time="0.000"/>
  <testcase classname="seleniumpractice.WaitsInSelenium.Parameterized" name="TestCase4" time="0.001"/>
  <testcase classname="seleniumpractice.WaitsInSelenium.Parameterized" name="TestCase4" time="0.000"/>
  <testcase classname="seleniumpractice.WaitsInSelenium.Parameterized" name="TestCase4" time="0.000"/>
  <testcase classname="seleniumpractice.WaitsInSelenium.Parameterized" name="TestCase4" time="0.000"/>
  <testcase classname="seleniumpractice.WaitsInSelenium.Parameterized" name="TestCase4" time="0.000"/>
  <testcase classname="seleniumpractice.WaitsInSelenium.Parameterized" name="TestCase4" time="0.000"/>
  <testcase classname="seleniumpractice.WaitsInSelenium.Parameterized" name="TestCase4" time="0.000"/>
  <testcase classname="seleniumpractice.WaitsInSelenium.Parameterized" name="TestCase4" time="0.000"/>
  <testcase classname="seleniumpractice.WaitsInSelenium.Parameterized" name="TestCase4" time="0.000"/>
  <testcase classname="seleniumpractice.WaitsInSelenium.Parameterized" name="TestCase4" time="0.000"/>
  <testcase classname="seleniumpractice.WaitsInSelenium.Parameterized" name="TestCase4" time="0.000"/>
  <testcase classname="seleniumpractice.WaitsInSelenium.Parameterized" name="TestCase4" time="0.000"/>
  <testcase classname="seleniumpractice.WaitsInSelenium.Parameterized" name="TestCase4" time="0.000"/>
  <testcase classname="seleniumpractice.WaitsInSelenium.Parameterized" name="TestCase4" time="0.000"/>
  <testcase classname="seleniumpractice.WaitsInSelenium.Parameterized" name="TestCase4" time="0.001"/>
  <testcase classname="seleniumpractice.WaitsInSelenium.Parameterized" name="TestCase4" time="0.000"/>
  <testcase classname="seleniumpractice.WaitsInSelenium.Parameterized" name="TestCase4" time="0.001"/>
  <testcase classname="seleniumpractice.WaitsInSelenium.Parameterized" name="TestCase4" time="0.001"/>
  <testcase classname="seleniumpractice.WaitsInSelenium.Parameterized" name="TestCase4" time="0.000"/>
  <testcase classname="seleniumpractice.WaitsInSelenium.Parameterized" name="TestCase4" time="0.001"/>
  <testcase classname="seleniumpractice.WaitsInSelenium.Parameterized" name="TestCase4" time="0.000"/>
  <testcase classname="seleniumpractice.WaitsInSelenium.Parameterized" name="TestCase4" time="0.000"/>
  <testcase classname="seleniumpractice.WaitsInSelenium.Parameterized" name="TestCase4" time="0.000"/>
  <testcase classname="seleniumpractice.WaitsInSelenium.Parameterized" name="TestCase4" time="0.000"/>
  <testcase classname="seleniumpractice.WaitsInSelenium.Parameterized" name="TestCase4" time="0.000"/>
  <testcase classname="seleniumpractice.WaitsInSelenium.Parameterized" name="TestCase4" time="0.000"/>
  <testcase classname="seleniumpractice.WaitsInSelenium.Parameterized" name="TestCase4" time="0.001"/>
  <testcase classname="seleniumpractice.WaitsInSelenium.Parameterized" name="TestCase4" time="0.000"/>
  <testcase classname="seleniumpractice.WaitsInSelenium.Parameterized" name="TestCase4" time="0.000"/>
  <testcase classname="seleniumpractice.WaitsInSelenium.Parameterized" name="TestCase4" time="0.000"/>
  <testcase classname="seleniumpractice.WaitsInSelenium.Parameterized" name="TestCase4" time="0.000"/>
  <testcase classname="seleniumpractice.WaitsInSelenium.Parameterized" name="TestCase4" time="0.001"/>
  <testcase classname="seleniumpractice.WaitsInSelenium.Parameterized" name="TestCase4" time="0.000"/>
  <testcase classname="seleniumpractice.WaitsInSelenium.Parameterized" name="TestCase4" time="0.000"/>
  <testcase classname="seleniumpractice.WaitsInSelenium.Parameterized" name="TestCase4" time="0.001"/>
  <testcase classname="seleniumpractice.WaitsInSelenium.Parameterized" name="TestCase4" time="0.000"/>
  <testcase classname="seleniumpractice.WaitsInSelenium.Parameterized" name="TestCase4" time="0.000"/>
  <testcase classname="seleniumpractice.WaitsInSelenium.Parameterized" name="TestCase4" time="0.000"/>
  <testcase classname="seleniumpractice.WaitsInSelenium.Parameterized" name="TestCase4" time="0.000"/>
  <testcase classname="seleniumpractice.WaitsInSelenium.Parameterized" name="TestCase4" time="0.000"/>
  <testcase classname="seleniumpractice.WaitsInSelenium.Parameterized" name="TestCase4" time="0.000"/>
  <testcase classname="seleniumpractice.WaitsInSelenium.Parameterized" name="TestCase4" time="0.000"/>
  <testcase classname="seleniumpractice.WaitsInSelenium.Parameterized" name="TestCase4" time="0.001"/>
  <testcase classname="seleniumpractice.WaitsInSelenium.Parameterized" name="TestCase4" time="0.000"/>
  <testcase classname="seleniumpractice.WaitsInSelenium.Parameterized" name="TestCase4" time="0.000"/>
  <testcase classname="seleniumpractice.WaitsInSelenium.Parameterized" name="TestCase4" time="0.000"/>
  <testcase classname="seleniumpractice.WaitsInSelenium.Parameterized" name="TestCase4" time="0.000"/>
  <testcase classname="seleniumpractice.WaitsInSelenium.Parameterized" name="TestCase4" time="0.000"/>
  <testcase classname="seleniumpractice.WaitsInSelenium.Parameterized" name="TestCase4" time="0.000"/>
  <testcase classname="seleniumpractice.WaitsInSelenium.Parameterized" name="TestCase4" time="0.000"/>
  <testcase classname="seleniumpractice.WaitsInSelenium.Parameterized" name="TestCase4" time="0.001"/>
  <testcase classname="seleniumpractice.WaitsInSelenium.Parameterized" name="TestCase4" time="0.000"/>
  <testcase classname="seleniumpractice.WaitsInSelenium.Parameterized" name="TestCase4" time="0.000"/>
  <testcase classname="seleniumpractice.WaitsInSelenium.Parameterized" name="TestCase4" time="0.000"/>
  <testcase classname="seleniumpractice.WaitsInSelenium.Parameterized" name="TestCase4" time="0.000"/>
  <testcase classname="seleniumpractice.WaitsInSelenium.Parameterized" name="TestCase4" time="0.000"/>
  <testcase classname="seleniumpractice.WaitsInSelenium.Parameterized" name="TestCase4" time="0.001"/>
  <testcase classname="seleniumpractice.WaitsInSelenium.Parameterized" name="TestCase4" time="0.001"/>
  <testcase classname="seleniumpractice.WaitsInSelenium.Parameterized" name="TestCase4" time="0.000"/>
  <testcase classname="seleniumpractice.WaitsInSelenium.Parameterized" name="TestCase4" time="0.001"/>
  <testcase classname="seleniumpractice.WaitsInSelenium.Parameterized" name="TestCase4" time="0.000"/>
  <testcase classname="seleniumpractice.WaitsInSelenium.Parameterized" name="TestCase4" time="0.000"/>
  <testcase classname="seleniumpractice.WaitsInSelenium.Parameterized" name="TestCase4" time="0.000"/>
  <testcase classname="seleniumpractice.WaitsInSelenium.Parameterized" name="TestCase4" time="0.000"/>
  <testcase classname="seleniumpractice.WaitsInSelenium.Parameterized" name="TestCase4" time="0.000"/>
  <testcase classname="seleniumpractice.WaitsInSelenium.Parameterized" name="TestCase4" time="0.000"/>
  <testcase classname="seleniumpractice.WaitsInSelenium.Parameterized" name="TestCase4" time="0.000"/>
  <testcase classname="seleniumpractice.WaitsInSelenium.Parameterized" name="TestCase4" time="0.000"/>
  <testcase classname="seleniumpractice.WaitsInSelenium.Parameterized" name="TestCase4" time="0.000"/>
  <testcase classname="seleniumpractice.WaitsInSelenium.Parameterized" name="TestCase4" time="0.000"/>
  <testcase classname="seleniumpractice.WaitsInSelenium.Parameterized" name="TestCase4" time="0.000"/>
  <testcase classname="seleniumpractice.WaitsInSelenium.Parameterized" name="TestCase4" time="0.000"/>
  <testcase classname="seleniumpractice.WaitsInSelenium.Parameterized" name="TestCase4" time="0.000"/>
  <testcase classname="seleniumpractice.WaitsInSelenium.Parameterized" name="TestCase4" time="0.000"/>
  <testcase classname="seleniumpractice.WaitsInSelenium.Parameterized" name="TestCase4" time="0.000"/>
  <testcase classname="seleniumpractice.WaitsInSelenium.Parameterized" name="TestCase4" time="0.000"/>
  <testcase classname="seleniumpractice.WaitsInSelenium.Parameterized" name="TestCase4" time="0.001"/>
  <testcase classname="seleniumpractice.WaitsInSelenium.Parameterized" name="TestCase4" time="0.001"/>
  <testcase classname="seleniumpractice.WaitsInSelenium.Parameterized" name="TestCase4" time="0.000"/>
  <testcase classname="seleniumpractice.WaitsInSelenium.Parameterized" name="TestCase4" time="0.000"/>
  <testcase classname="seleniumpractice.WaitsInSelenium.Parameterized" name="TestCase4" time="0.001"/>
  <testcase classname="seleniumpractice.WaitsInSelenium.Parameterized" name="TestCase4" time="0.000"/>
  <testcase classname="seleniumpractice.WaitsInSelenium.Parameterized" name="TestCase4" time="0.000"/>
  <testcase classname="seleniumpractice.WaitsInSelenium.Parameterized" name="TestCase4" time="0.000"/>
  <testcase classname="seleniumpractice.WaitsInSelenium.Parameterized" name="TestCase4" time="0.000"/>
  <testcase classname="seleniumpractice.WaitsInSelenium.Parameterized" name="TestCase4" time="0.001"/>
  <testcase classname="seleniumpractice.WaitsInSelenium.Parameterized" name="TestCase4" time="0.000"/>
  <testcase classname="seleniumpractice.WaitsInSelenium.Parameterized" name="TestCase4" time="0.000"/>
  <testcase classname="seleniumpractice.WaitsInSelenium.Parameterized" name="TestCase4" time="0.000"/>
  <testcase classname="seleniumpractice.WaitsInSelenium.Parameterized" name="TestCase4" time="0.001"/>
  <testcase classname="seleniumpractice.WaitsInSelenium.Parameterized" name="TestCase4" time="0.001"/>
  <testcase classname="seleniumpractice.WaitsInSelenium.Parameterized" name="TestCase4" time="0.000"/>
  <testcase classname="seleniumpractice.WaitsInSelenium.Parameterized" name="TestCase4" time="0.001"/>
  <testcase classname="seleniumpractice.WaitsInSelenium.Parameterized" name="TestCase4" time="0.000"/>
  <testcase classname="seleniumpractice.WaitsInSelenium.Parameterized" name="TestCase4" time="0.000"/>
  <testcase classname="seleniumpractice.WaitsInSelenium.Parameterized" name="TestCase4" time="0.000"/>
  <testcase classname="seleniumpractice.WaitsInSelenium.Parameterized" name="TestCase4" time="0.000"/>
  <testcase classname="seleniumpractice.WaitsInSelenium.Parameterized" name="TestCase4" time="0.000"/>
  <testcase classname="seleniumpractice.WaitsInSelenium.Parameterized" name="TestCase4" time="0.000"/>
  <testcase classname="seleniumpractice.WaitsInSelenium.Parameterized" name="TestCase4" time="0.000"/>
  <testcase classname="seleniumpractice.WaitsInSelenium.Parameterized" name="TestCase4" time="0.000"/>
  <testcase classname="seleniumpractice.WaitsInSelenium.Parameterized" name="TestCase4" time="0.001"/>
  <testcase classname="seleniumpractice.WaitsInSelenium.Parameterized" name="TestCase4" time="0.000"/>
  <testcase classname="seleniumpractice.WaitsInSelenium.Parameterized" name="TestCase4" time="0.001"/>
  <testcase classname="seleniumpractice.WaitsInSelenium.Parameterized" name="TestCase4" time="0.000"/>
  <testcase classname="seleniumpractice.WaitsInSelenium.Parameterized" name="TestCase4" time="0.000"/>
  <testcase classname="seleniumpractice.WaitsInSelenium.Parameterized" name="TestCase4" time="0.001"/>
  <testcase classname="seleniumpractice.WaitsInSelenium.Parameterized" name="TestCase4" time="0.000"/>
  <testcase classname="seleniumpractice.WaitsInSelenium.Parameterized" name="TestCase4" time="0.000"/>
  <testcase classname="seleniumpractice.WaitsInSelenium.Parameterized" name="TestCase4" time="0.000"/>
  <testcase classname="seleniumpractice.WaitsInSelenium.Parameterized" name="TestCase4" time="0.000"/>
  <testcase classname="seleniumpractice.WaitsInSelenium.Parameterized" name="TestCase4" time="0.000"/>
  <testcase classname="seleniumpractice.WaitsInSelenium.Parameterized" name="TestCase4" time="0.000"/>
  <testcase classname="seleniumpractice.WaitsInSelenium.Parameterized" name="TestCase4" time="0.000"/>
  <testcase classname="seleniumpractice.WaitsInSelenium.Parameterized" name="TestCase4" time="0.000"/>
  <testcase classname="seleniumpractice.WaitsInSelenium.Parameterized" name="TestCase4" time="0.001"/>
  <testcase classname="seleniumpractice.WaitsInSelenium.Parameterized" name="TestCase4" time="0.001"/>
  <testcase classname="seleniumpractice.WaitsInSelenium.Parameterized" name="TestCase4" time="0.000"/>
  <testcase classname="seleniumpractice.WaitsInSelenium.Parameterized" name="TestCase4" time="0.000"/>
  <testcase classname="seleniumpractice.WaitsInSelenium.Parameterized" name="TestCase4" time="0.000"/>
  <testcase classname="seleniumpractice.WaitsInSelenium.Parameterized" name="TestCase4" time="0.000"/>
  <testcase classname="seleniumpractice.WaitsInSelenium.Parameterized" name="TestCase4" time="0.000"/>
  <testcase classname="seleniumpractice.WaitsInSelenium.Parameterized" name="TestCase4" time="0.001"/>
  <testcase classname="seleniumpractice.WaitsInSelenium.Parameterized" name="TestCase4" time="0.000"/>
  <testcase classname="seleniumpractice.WaitsInSelenium.Parameterized" name="TestCase4" time="0.001"/>
  <testcase classname="seleniumpractice.WaitsInSelenium.Parameterized" name="TestCase4" time="0.000"/>
  <testcase classname="seleniumpractice.WaitsInSelenium.Parameterized" name="TestCase4" time="0.000"/>
  <testcase classname="seleniumpractice.WaitsInSelenium.Parameterized" name="TestCase4" time="0.000"/>
  <testcase classname="seleniumpractice.WaitsInSelenium.Parameterized" name="TestCase4" time="0.000"/>
  <testcase classname="seleniumpractice.WaitsInSelenium.Parameterized" name="TestCase4" time="0.001"/>
  <testcase classname="seleniumpractice.WaitsInSelenium.Parameterized" name="TestCase4" time="0.001"/>
  <testcase classname="seleniumpractice.WaitsInSelenium.Parameterized" name="TestCase4" time="0.001"/>
  <testcase classname="seleniumpractice.WaitsInSelenium.Parameterized" name="TestCase4" time="0.001"/>
  <testcase classname="seleniumpractice.WaitsInSelenium.Parameterized" name="TestCase4" time="0.000"/>
  <testcase classname="seleniumpractice.WaitsInSelenium.Parameterized" name="TestCase4" time="0.000"/>
  <testcase classname="seleniumpractice.WaitsInSelenium.Parameterized" name="TestCase4" time="0.000"/>
  <testcase classname="seleniumpractice.WaitsInSelenium.Parameterized" name="TestCase4" time="0.000"/>
  <testcase classname="seleniumpractice.WaitsInSelenium.Parameterized" name="TestCase4" time="0.000"/>
  <testcase classname="seleniumpractice.WaitsInSelenium.Parameterized" name="TestCase4" time="0.000"/>
  <testcase classname="seleniumpractice.WaitsInSelenium.Parameterized" name="TestCase4" time="0.000"/>
  <testcase classname="seleniumpractice.WaitsInSelenium.Parameterized" name="TestCase4" time="0.001"/>
  <testcase classname="seleniumpractice.WaitsInSelenium.Parameterized" name="TestCase4" time="0.001"/>
  <testcase classname="seleniumpractice.WaitsInSelenium.Parameterized" name="TestCase4" time="0.001"/>
  <testcase classname="seleniumpractice.WaitsInSelenium.Parameterized" name="TestCase4" time="0.000"/>
  <testcase classname="seleniumpractice.WaitsInSelenium.Parameterized" name="TestCase4" time="0.001"/>
  <testcase classname="seleniumpractice.WaitsInSelenium.Parameterized" name="TestCase4" time="0.000"/>
  <testcase classname="seleniumpractice.WaitsInSelenium.Parameterized" name="TestCase4" time="0.001"/>
  <testcase classname="seleniumpractice.WaitsInSelenium.Parameterized" name="TestCase4" time="0.000"/>
  <testcase classname="seleniumpractice.WaitsInSelenium.Parameterized" name="TestCase4" time="0.000"/>
  <testcase classname="seleniumpractice.WaitsInSelenium.Parameterized" name="TestCase4" time="0.001"/>
  <testcase classname="seleniumpractice.WaitsInSelenium.Parameterized" name="TestCase4" time="0.001"/>
  <testcase classname="seleniumpractice.WaitsInSelenium.Parameterized" name="TestCase4" time="0.000"/>
  <testcase classname="seleniumpractice.WaitsInSelenium.Parameterized" name="TestCase4" time="0.000"/>
  <testcase classname="seleniumpractice.WaitsInSelenium.Parameterized" name="TestCase4" time="0.000"/>
  <testcase classname="seleniumpractice.WaitsInSelenium.Parameterized" name="TestCase4" time="0.001"/>
  <testcase classname="seleniumpractice.WaitsInSelenium.Parameterized" name="TestCase4" time="0.000"/>
  <testcase classname="seleniumpractice.WaitsInSelenium.Parameterized" name="TestCase4" time="0.001"/>
  <testcase classname="seleniumpractice.WaitsInSelenium.Parameterized" name="TestCase4" time="0.001"/>
  <testcase classname="seleniumpractice.WaitsInSelenium.Parameterized" name="TestCase4" time="0.000"/>
  <testcase classname="seleniumpractice.WaitsInSelenium.Parameterized" name="TestCase4" time="0.000"/>
  <testcase classname="seleniumpractice.WaitsInSelenium.Parameterized" name="TestCase4" time="0.000"/>
  <testcase classname="seleniumpractice.WaitsInSelenium.Parameterized" name="TestCase4" time="0.000"/>
  <testcase classname="seleniumpractice.WaitsInSelenium.Parameterized" name="TestCase4" time="0.000"/>
  <testcase classname="seleniumpractice.WaitsInSelenium.Parameterized" name="TestCase4" time="0.000"/>
  <testcase classname="seleniumpractice.WaitsInSelenium.Parameterized" name="TestCase4" time="0.001"/>
  <testcase classname="seleniumpractice.WaitsInSelenium.Parameterized" name="TestCase4" time="0.001"/>
  <testcase classname="seleniumpractice.WaitsInSelenium.Parameterized" name="TestCase4" time="0.001"/>
  <testcase classname="seleniumpractice.WaitsInSelenium.Parameterized" name="TestCase4" time="0.001"/>
  <testcase classname="seleniumpractice.WaitsInSelenium.Parameterized" name="TestCase4" time="0.000"/>
  <testcase classname="seleniumpractice.WaitsInSelenium.Parameterized" name="TestCase4" time="0.000"/>
  <testcase classname="seleniumpractice.WaitsInSelenium.Parameterized" name="TestCase4" time="0.000"/>
  <testcase classname="seleniumpractice.WaitsInSelenium.Parameterized" name="TestCase4" time="0.000"/>
  <testcase classname="seleniumpractice.WaitsInSelenium.Parameterized" name="TestCase4" time="0.000"/>
  <testcase classname="seleniumpractice.WaitsInSelenium.Parameterized" name="TestCase4" time="0.000"/>
  <testcase classname="seleniumpractice.WaitsInSelenium.Parameterized" name="TestCase4" time="0.002"/>
  <testcase classname="seleniumpractice.WaitsInSelenium.Parameterized" name="TestCase4" time="0.000"/>
  <testcase classname="seleniumpractice.WaitsInSelenium.Parameterized" name="TestCase4" time="0.000"/>
  <testcase classname="seleniumpractice.WaitsInSelenium.Parameterized" name="TestCase4" time="0.000"/>
  <testcase classname="seleniumpractice.WaitsInSelenium.Parameterized" name="TestCase4" time="0.000"/>
  <testcase classname="seleniumpractice.WaitsInSelenium.Parameterized" name="TestCase4" time="0.000"/>
  <testcase classname="seleniumpractice.WaitsInSelenium.Parameterized" name="TestCase4" time="0.000"/>
  <testcase classname="seleniumpractice.WaitsInSelenium.Parameterized" name="TestCase4" time="0.000"/>
  <testcase classname="seleniumpractice.WaitsInSelenium.Parameterized" name="TestCase4" time="0.000"/>
  <testcase classname="seleniumpractice.WaitsInSelenium.Parameterized" name="TestCase4" time="0.001"/>
  <testcase classname="seleniumpractice.WaitsInSelenium.Parameterized" name="TestCase4" time="0.000"/>
  <testcase classname="seleniumpractice.WaitsInSelenium.Parameterized" name="TestCase4" time="0.000"/>
  <testcase classname="seleniumpractice.WaitsInSelenium.Parameterized" name="TestCase4" time="0.001"/>
  <testcase classname="seleniumpractice.WaitsInSelenium.Parameterized" name="TestCase4" time="0.000"/>
  <testcase classname="seleniumpractice.WaitsInSelenium.Parameterized" name="TestCase4" time="0.000"/>
  <testcase classname="seleniumpractice.WaitsInSelenium.Parameterized" name="TestCase4" time="0.001"/>
  <testcase classname="seleniumpractice.WaitsInSelenium.Parameterized" name="TestCase4" time="0.000"/>
  <testcase classname="seleniumpractice.WaitsInSelenium.Parameterized" name="TestCase4" time="0.001"/>
  <testcase classname="seleniumpractice.WaitsInSelenium.Parameterized" name="TestCase4" time="0.001"/>
  <testcase classname="seleniumpractice.WaitsInSelenium.Parameterized" name="TestCase4" time="0.000"/>
  <testcase classname="seleniumpractice.WaitsInSelenium.Parameterized" name="TestCase4" time="0.000"/>
  <testcase classname="seleniumpractice.WaitsInSelenium.Parameterized" name="TestCase4" time="0.000"/>
  <testcase classname="seleniumpractice.WaitsInSelenium.Parameterized" name="TestCase4" time="0.000"/>
  <testcase classname="seleniumpractice.WaitsInSelenium.Parameterized" name="TestCase4" time="0.000"/>
  <testcase classname="seleniumpractice.WaitsInSelenium.Parameterized" name="TestCase4" time="0.000"/>
  <testcase classname="seleniumpractice.WaitsInSelenium.Parameterized" name="TestCase4" time="0.000"/>
  <testcase classname="seleniumpractice.WaitsInSelenium.Parameterized" name="TestCase4" time="0.000"/>
  <testcase classname="seleniumpractice.WaitsInSelenium.Parameterized" name="TestCase4" time="0.001"/>
  <testcase classname="seleniumpractice.WaitsInSelenium.Parameterized" name="TestCase4" time="0.000"/>
  <testcase classname="seleniumpractice.WaitsInSelenium.Parameterized" name="TestCase4" time="0.000"/>
  <testcase classname="seleniumpractice.WaitsInSelenium.Parameterized" name="TestCase4" time="0.000"/>
  <testcase classname="seleniumpractice.WaitsInSelenium.Parameterized" name="TestCase4" time="0.000"/>
  <testcase classname="seleniumpractice.WaitsInSelenium.Parameterized" name="TestCase4" time="0.000"/>
  <testcase classname="seleniumpractice.WaitsInSelenium.Parameterized" name="TestCase4" time="0.001"/>
  <testcase classname="seleniumpractice.WaitsInSelenium.Parameterized" name="TestCase4" time="0.001"/>
  <testcase classname="seleniumpractice.WaitsInSelenium.Parameterized" name="TestCase4" time="0.000"/>
  <testcase classname="seleniumpractice.WaitsInSelenium.Parameterized" name="TestCase4" time="0.001"/>
  <testcase classname="seleniumpractice.WaitsInSelenium.Parameterized" name="TestCase4" time="0.000"/>
  <testcase classname="seleniumpractice.WaitsInSelenium.Parameterized" name="TestCase4" time="0.000"/>
  <testcase classname="seleniumpractice.WaitsInSelenium.Parameterized" name="TestCase4" time="0.001"/>
  <testcase classname="seleniumpractice.WaitsInSelenium.Parameterized" name="TestCase4" time="0.000"/>
  <testcase classname="seleniumpractice.WaitsInSelenium.Parameterized" name="TestCase4" time="0.000"/>
  <testcase classname="seleniumpractice.WaitsInSelenium.Parameterized" name="TestCase4" time="0.000"/>
  <testcase classname="seleniumpractice.WaitsInSelenium.Parameterized" name="TestCase4" time="0.000"/>
  <testcase classname="seleniumpractice.WaitsInSelenium.Parameterized" name="TestCase4" time="0.001"/>
  <testcase classname="seleniumpractice.WaitsInSelenium.Parameterized" name="TestCase4" time="0.001"/>
  <testcase classname="seleniumpractice.WaitsInSelenium.Parameterized" name="TestCase4" time="0.000"/>
  <testcase classname="seleniumpractice.WaitsInSelenium.Parameterized" name="TestCase4" time="0.000"/>
  <testcase classname="seleniumpractice.WaitsInSelenium.Parameterized" name="TestCase4" time="0.001"/>
  <testcase classname="seleniumpractice.WaitsInSelenium.Parameterized" name="TestCase4" time="0.000"/>
  <testcase classname="seleniumpractice.WaitsInSelenium.Parameterized" name="TestCase4" time="0.000"/>
  <testcase classname="seleniumpractice.WaitsInSelenium.Parameterized" name="TestCase4" time="0.000"/>
  <testcase classname="seleniumpractice.WaitsInSelenium.Parameterized" name="TestCase4" time="0.000"/>
  <testcase classname="seleniumpractice.WaitsInSelenium.Parameterized" name="TestCase4" time="0.000"/>
  <testcase classname="seleniumpractice.WaitsInSelenium.Parameterized" name="TestCase4" time="0.000"/>
  <testcase classname="seleniumpractice.WaitsInSelenium.Parameterized" name="TestCase4" time="0.000"/>
  <testcase classname="seleniumpractice.WaitsInSelenium.Parameterized" name="TestCase4" time="0.000"/>
  <testcase classname="seleniumpractice.WaitsInSelenium.Parameterized" name="TestCase4" time="0.000"/>
  <testcase classname="seleniumpractice.WaitsInSelenium.Parameterized" name="TestCase4" time="0.001"/>
  <testcase classname="seleniumpractice.WaitsInSelenium.Parameterized" name="TestCase4" time="0.000"/>
  <testcase classname="seleniumpractice.WaitsInSelenium.Parameterized" name="TestCase4" time="0.000"/>
  <testcase classname="seleniumpractice.WaitsInSelenium.Parameterized" name="TestCase4" time="0.000"/>
  <testcase classname="seleniumpractice.WaitsInSelenium.Parameterized" name="TestCase4" time="0.000"/>
  <testcase classname="seleniumpractice.WaitsInSelenium.Parameterized" name="TestCase4" time="0.001"/>
  <testcase classname="seleniumpractice.WaitsInSelenium.Parameterized" name="TestCase4" time="0.000"/>
  <testcase classname="seleniumpractice.WaitsInSelenium.Parameterized" name="TestCase4" time="0.000"/>
  <testcase classname="seleniumpractice.WaitsInSelenium.Parameterized" name="TestCase4" time="0.000"/>
  <testcase classname="seleniumpractice.WaitsInSelenium.Parameterized" name="TestCase4" time="0.001"/>
  <testcase classname="seleniumpractice.WaitsInSelenium.Parameterized" name="TestCase4" time="0.001"/>
  <testcase classname="seleniumpractice.WaitsInSelenium.Parameterized" name="TestCase4" time="0.001"/>
  <testcase classname="seleniumpractice.WaitsInSelenium.Parameterized" name="TestCase4" time="0.000"/>
  <testcase classname="seleniumpractice.WaitsInSelenium.Parameterized" name="TestCase4" time="0.000"/>
  <testcase classname="seleniumpractice.WaitsInSelenium.Parameterized" name="TestCase4" time="0.000"/>
  <testcase classname="seleniumpractice.WaitsInSelenium.Parameterized" name="TestCase4" time="0.000"/>
  <testcase classname="seleniumpractice.WaitsInSelenium.Parameterized" name="TestCase4" time="0.000"/>
  <testcase classname="seleniumpractice.WaitsInSelenium.Parameterized" name="TestCase4" time="0.002"/>
  <testcase classname="seleniumpractice.WaitsInSelenium.Parameterized" name="TestCase4" time="0.000"/>
  <testcase classname="seleniumpractice.WaitsInSelenium.Parameterized" name="TestCase4" time="0.000"/>
  <testcase classname="seleniumpractice.WaitsInSelenium.Parameterized" name="TestCase4" time="0.000"/>
  <testcase classname="seleniumpractice.WaitsInSelenium.Parameterized" name="TestCase4" time="0.000"/>
  <testcase classname="seleniumpractice.WaitsInSelenium.Parameterized" name="TestCase4" time="0.000"/>
  <testcase classname="seleniumpractice.WaitsInSelenium.Parameterized" name="TestCase4" time="0.001"/>
  <testcase classname="seleniumpractice.WaitsInSelenium.Parameterized" name="TestCase4" time="0.000"/>
  <testcase classname="seleniumpractice.WaitsInSelenium.Parameterized" name="TestCase4" time="0.000"/>
  <testcase classname="seleniumpractice.WaitsInSelenium.Parameterized" name="TestCase4" time="0.000"/>
  <testcase classname="seleniumpractice.WaitsInSelenium.Parameterized" name="TestCase4" time="0.001"/>
  <testcase classname="seleniumpractice.WaitsInSelenium.Parameterized" name="TestCase4" time="0.001"/>
  <testcase classname="seleniumpractice.WaitsInSelenium.Parameterized" name="TestCase4" time="0.000"/>
  <testcase classname="seleniumpractice.WaitsInSelenium.Parameterized" name="TestCase4" time="0.001"/>
  <testcase classname="seleniumpractice.WaitsInSelenium.Parameterized" name="TestCase4" time="0.000"/>
  <testcase classname="seleniumpractice.WaitsInSelenium.Parameterized" name="TestCase4" time="0.000"/>
  <testcase classname="seleniumpractice.WaitsInSelenium.Parameterized" name="TestCase4" time="0.000"/>
  <testcase classname="seleniumpractice.WaitsInSelenium.Parameterized" name="TestCase4" time="0.001"/>
  <testcase classname="seleniumpractice.WaitsInSelenium.Parameterized" name="TestCase4" time="0.000"/>
  <testcase classname="seleniumpractice.WaitsInSelenium.Parameterized" name="TestCase4" time="0.000"/>
  <testcase classname="seleniumpractice.WaitsInSelenium.Parameterized" name="TestCase4" time="0.000"/>
  <testcase classname="seleniumpractice.WaitsInSelenium.Parameterized" name="TestCase4" time="0.000"/>
  <testcase classname="seleniumpractice.WaitsInSelenium.Parameterized" name="TestCase4" time="0.000"/>
  <testcase classname="seleniumpractice.WaitsInSelenium.Parameterized" name="TestCase4" time="0.000"/>
  <testcase classname="seleniumpractice.WaitsInSelenium.Parameterized" name="TestCase4" time="0.001"/>
  <testcase classname="seleniumpractice.WaitsInSelenium.Parameterized" name="TestCase4" time="0.002"/>
  <testcase classname="seleniumpractice.WaitsInSelenium.Parameterized" name="TestCase4" time="0.000"/>
  <testcase classname="seleniumpractice.WaitsInSelenium.Parameterized" name="TestCase4" time="0.000"/>
  <testcase classname="seleniumpractice.WaitsInSelenium.Parameterized" name="TestCase4" time="0.000"/>
  <testcase classname="seleniumpractice.WaitsInSelenium.Parameterized" name="TestCase4" time="0.000"/>
  <testcase classname="seleniumpractice.WaitsInSelenium.Parameterized" name="TestCase4" time="0.000"/>
  <testcase classname="seleniumpractice.WaitsInSelenium.Parameterized" name="TestCase4" time="0.000"/>
  <testcase classname="seleniumpractice.WaitsInSelenium.Parameterized" name="TestCase4" time="0.002"/>
  <testcase classname="seleniumpractice.WaitsInSelenium.Parameterized" name="TestCase4" time="0.000"/>
  <testcase classname="seleniumpractice.WaitsInSelenium.Parameterized" name="TestCase4" time="0.001"/>
  <testcase classname="seleniumpractice.WaitsInSelenium.Parameterized" name="TestCase4" time="0.001"/>
  <testcase classname="seleniumpractice.WaitsInSelenium.Parameterized" name="TestCase4" time="0.000"/>
  <testcase classname="seleniumpractice.WaitsInSelenium.Parameterized" name="TestCase4" time="0.000"/>
  <testcase classname="seleniumpractice.WaitsInSelenium.Parameterized" name="TestCase4" time="0.000"/>
  <testcase classname="seleniumpractice.WaitsInSelenium.Parameterized" name="TestCase4" time="0.000"/>
  <testcase classname="seleniumpractice.WaitsInSelenium.Parameterized" name="TestCase4" time="0.000"/>
  <testcase classname="seleniumpractice.WaitsInSelenium.Parameterized" name="TestCase4" time="0.000"/>
  <testcase classname="seleniumpractice.WaitsInSelenium.Parameterized" name="TestCase4" time="0.000"/>
  <testcase classname="seleniumpractice.WaitsInSelenium.Parameterized" name="TestCase4" time="0.000"/>
  <testcase classname="seleniumpractice.WaitsInSelenium.Parameterized" name="TestCase4" time="0.000"/>
  <testcase classname="seleniumpractice.WaitsInSelenium.Parameterized" name="TestCase4" time="0.001"/>
  <testcase classname="seleniumpractice.WaitsInSelenium.Parameterized" name="TestCase4" time="0.001"/>
  <testcase classname="seleniumpractice.WaitsInSelenium.Parameterized" name="TestCase4" time="0.000"/>
  <testcase classname="seleniumpractice.WaitsInSelenium.Parameterized" name="TestCase4" time="0.000"/>
  <testcase classname="seleniumpractice.WaitsInSelenium.Parameterized" name="TestCase4" time="0.000"/>
  <testcase classname="seleniumpractice.WaitsInSelenium.Parameterized" name="TestCase4" time="0.001"/>
  <testcase classname="seleniumpractice.WaitsInSelenium.Parameterized" name="TestCase4" time="0.000"/>
  <testcase classname="seleniumpractice.WaitsInSelenium.Parameterized" name="TestCase4" time="0.001"/>
  <testcase classname="seleniumpractice.WaitsInSelenium.Parameterized" name="TestCase4" time="0.001"/>
  <testcase classname="seleniumpractice.WaitsInSelenium.Parameterized" name="TestCase4" time="0.000"/>
  <testcase classname="seleniumpractice.WaitsInSelenium.Parameterized" name="TestCase4" time="0.000"/>
  <testcase classname="seleniumpractice.WaitsInSelenium.Parameterized" name="TestCase4" time="0.001"/>
  <testcase classname="seleniumpractice.WaitsInSelenium.Parameterized" name="TestCase4" time="0.001"/>
  <testcase classname="seleniumpractice.WaitsInSelenium.Parameterized" name="TestCase4" time="0.000"/>
  <testcase classname="seleniumpractice.WaitsInSelenium.Parameterized" name="TestCase4" time="0.001"/>
  <testcase classname="seleniumpractice.WaitsInSelenium.Parameterized" name="TestCase4" time="0.000"/>
  <testcase classname="seleniumpractice.WaitsInSelenium.Parameterized" name="TestCase4" time="0.000"/>
  <testcase classname="seleniumpractice.WaitsInSelenium.Parameterized" name="TestCase4" time="0.000"/>
  <testcase classname="seleniumpractice.WaitsInSelenium.Parameterized" name="TestCase4" time="0.000"/>
  <testcase classname="seleniumpractice.WaitsInSelenium.Parameterized" name="TestCase4" time="0.000"/>
  <testcase classname="seleniumpractice.WaitsInSelenium.Parameterized" name="TestCase4" time="0.001"/>
  <testcase classname="seleniumpractice.WaitsInSelenium.Parameterized" name="TestCase4" time="0.001"/>
  <testcase classname="seleniumpractice.WaitsInSelenium.Parameterized" name="TestCase4" time="0.000"/>
  <testcase classname="seleniumpractice.WaitsInSelenium.Parameterized" name="TestCase4" time="0.001"/>
  <testcase classname="seleniumpractice.WaitsInSelenium.Parameterized" name="TestCase4" time="0.001"/>
  <testcase classname="seleniumpractice.WaitsInSelenium.Parameterized" name="TestCase4" time="0.000"/>
  <testcase classname="seleniumpractice.WaitsInSelenium.Parameterized" name="TestCase4" time="0.000"/>
  <testcase classname="seleniumpractice.WaitsInSelenium.Parameterized" name="TestCase4" time="0.000"/>
  <testcase classname="seleniumpractice.WaitsInSelenium.Parameterized" name="TestCase4" time="0.000"/>
  <testcase classname="seleniumpractice.WaitsInSelenium.Parameterized" name="TestCase4" time="0.000"/>
  <testcase classname="seleniumpractice.WaitsInSelenium.Parameterized" name="TestCase4" time="0.001"/>
  <testcase classname="seleniumpractice.WaitsInSelenium.Parameterized" name="TestCase4" time="0.001"/>
  <testcase classname="seleniumpractice.WaitsInSelenium.Parameterized" name="TestCase4" time="0.000"/>
  <testcase classname="seleniumpractice.WaitsInSelenium.Parameterized" name="TestCase4" time="0.000"/>
  <testcase classname="seleniumpractice.WaitsInSelenium.Parameterized" name="TestCase4" time="0.000"/>
  <testcase classname="seleniumpractice.WaitsInSelenium.Parameterized" name="TestCase4" time="0.000"/>
  <testcase classname="seleniumpractice.WaitsInSelenium.Parameterized" name="TestCase4" time="0.000"/>
  <testcase classname="seleniumpractice.WaitsInSelenium.Parameterized" name="TestCase4" time="0.000"/>
  <testcase classname="seleniumpractice.WaitsInSelenium.Parameterized" name="TestCase4" time="0.000"/>
  <testcase classname="seleniumpractice.WaitsInSelenium.Parameterized" name="TestCase4" time="0.000"/>
  <testcase classname="seleniumpractice.WaitsInSelenium.Parameterized" name="TestCase4" time="0.001"/>
  <testcase classname="seleniumpractice.WaitsInSelenium.Parameterized" name="TestCase4" time="0.000"/>
  <testcase classname="seleniumpractice.WaitsInSelenium.Parameterized" name="TestCase4" time="0.002"/>
  <testcase classname="seleniumpractice.WaitsInSelenium.Parameterized" name="TestCase4" time="0.000"/>
  <testcase classname="seleniumpractice.WaitsInSelenium.Parameterized" name="TestCase4" time="0.000"/>
  <testcase classname="seleniumpractice.WaitsInSelenium.Parameterized" name="TestCase4" time="0.000"/>
  <testcase classname="seleniumpractice.WaitsInSelenium.Parameterized" name="TestCase4" time="0.000"/>
  <testcase classname="seleniumpractice.WaitsInSelenium.Parameterized" name="TestCase4" time="0.000"/>
  <testcase classname="seleniumpractice.WaitsInSelenium.Parameterized" name="TestCase4" time="0.000"/>
  <testcase classname="seleniumpractice.WaitsInSelenium.Parameterized" name="TestCase4" time="0.000"/>
  <testcase classname="seleniumpractice.WaitsInSelenium.Parameterized" name="TestCase4" time="0.001"/>
  <testcase classname="seleniumpractice.WaitsInSelenium.Parameterized" name="TestCase4" time="0.001"/>
  <testcase classname="seleniumpractice.WaitsInSelenium.Parameterized" name="TestCase4" time="0.001"/>
  <testcase classname="seleniumpractice.WaitsInSelenium.Parameterized" name="TestCase4" time="0.000"/>
  <testcase classname="seleniumpractice.WaitsInSelenium.Parameterized" name="TestCase4" time="0.001"/>
  <testcase classname="seleniumpractice.WaitsInSelenium.Parameterized" name="TestCase4" time="0.001"/>
  <testcase classname="seleniumpractice.WaitsInSelenium.Parameterized" name="TestCase4" time="0.000"/>
  <testcase classname="seleniumpractice.WaitsInSelenium.Parameterized" name="TestCase4" time="0.000"/>
  <testcase classname="seleniumpractice.WaitsInSelenium.Parameterized" name="TestCase4" time="0.000"/>
  <testcase classname="seleniumpractice.WaitsInSelenium.Parameterized" name="TestCase4" time="0.000"/>
  <testcase classname="seleniumpractice.WaitsInSelenium.Parameterized" name="TestCase4" time="0.001"/>
  <testcase classname="seleniumpractice.WaitsInSelenium.Parameterized" name="TestCase4" time="0.000"/>
  <testcase classname="seleniumpractice.WaitsInSelenium.Parameterized" name="TestCase4" time="0.000"/>
  <testcase classname="seleniumpractice.WaitsInSelenium.Parameterized" name="TestCase4" time="0.000"/>
  <testcase classname="seleniumpractice.WaitsInSelenium.Parameterized" name="TestCase4" time="0.001"/>
  <testcase classname="seleniumpractice.WaitsInSelenium.Parameterized" name="TestCase4" time="0.000"/>
  <testcase classname="seleniumpractice.WaitsInSelenium.Parameterized" name="TestCase4" time="0.000"/>
  <testcase classname="seleniumpractice.WaitsInSelenium.Parameterized" name="TestCase4" time="0.000"/>
  <testcase classname="seleniumpractice.WaitsInSelenium.Parameterized" name="TestCase4" time="0.001"/>
  <testcase classname="seleniumpractice.WaitsInSelenium.Parameterized" name="TestCase4" time="0.000"/>
  <testcase classname="seleniumpractice.WaitsInSelenium.Parameterized" name="TestCase4" time="0.001"/>
  <testcase classname="seleniumpractice.WaitsInSelenium.Parameterized" name="TestCase4" time="0.001"/>
  <testcase classname="seleniumpractice.WaitsInSelenium.Parameterized" name="TestCase4" time="0.000"/>
  <testcase classname="seleniumpractice.WaitsInSelenium.Parameterized" name="TestCase4" time="0.000"/>
  <testcase classname="seleniumpractice.WaitsInSelenium.Parameterized" name="TestCase4" time="0.001"/>
  <testcase classname="seleniumpractice.WaitsInSelenium.Parameterized" name="TestCase4" time="0.000"/>
  <testcase classname="seleniumpractice.WaitsInSelenium.Parameterized" name="TestCase4" time="0.001"/>
  <testcase classname="seleniumpractice.WaitsInSelenium.Parameterized" name="TestCase4" time="0.000"/>
  <testcase classname="seleniumpractice.WaitsInSelenium.Parameterized" name="TestCase4" time="0.000"/>
  <testcase classname="seleniumpractice.WaitsInSelenium.Parameterized" name="TestCase4" time="0.001"/>
  <testcase classname="seleniumpractice.WaitsInSelenium.Parameterized" name="TestCase4" time="0.000"/>
  <testcase classname="seleniumpractice.WaitsInSelenium.Parameterized" name="TestCase4" time="0.000"/>
  <testcase classname="seleniumpractice.WaitsInSelenium.Parameterized" name="TestCase4" time="0.000"/>
  <testcase classname="seleniumpractice.WaitsInSelenium.Parameterized" name="TestCase4" time="0.001"/>
  <testcase classname="seleniumpractice.WaitsInSelenium.Parameterized" name="TestCase4" time="0.001"/>
  <testcase classname="seleniumpractice.WaitsInSelenium.Parameterized" name="TestCase4" time="0.000"/>
  <testcase classname="seleniumpractice.WaitsInSelenium.Parameterized" name="TestCase4" time="0.000"/>
  <testcase classname="seleniumpractice.WaitsInSelenium.Parameterized" name="TestCase4" time="0.000"/>
  <testcase classname="seleniumpractice.WaitsInSelenium.Parameterized" name="TestCase4" time="0.000"/>
  <testcase classname="seleniumpractice.WaitsInSelenium.Parameterized" name="TestCase4" time="0.001"/>
  <testcase classname="seleniumpractice.WaitsInSelenium.Parameterized" name="TestCase4" time="0.000"/>
  <testcase classname="seleniumpractice.WaitsInSelenium.Parameterized" name="TestCase4" time="0.001"/>
  <testcase classname="seleniumpractice.WaitsInSelenium.Parameterized" name="TestCase4" time="0.010"/>
  <testcase classname="seleniumpractice.WaitsInSelenium.Parameterized" name="TestCase4" time="0.000"/>
  <testcase classname="seleniumpractice.WaitsInSelenium.Parameterized" name="TestCase4" time="0.001"/>
  <testcase classname="seleniumpractice.WaitsInSelenium.Parameterized" name="TestCase4" time="0.001"/>
  <testcase classname="seleniumpractice.WaitsInSelenium.Parameterized" name="TestCase4" time="0.000"/>
  <testcase classname="seleniumpractice.WaitsInSelenium.Parameterized" name="TestCase4" time="0.000"/>
  <testcase classname="seleniumpractice.WaitsInSelenium.Parameterized" name="TestCase4" time="0.001"/>
  <testcase classname="seleniumpractice.WaitsInSelenium.Parameterized" name="TestCase4" time="0.001"/>
  <testcase classname="seleniumpractice.WaitsInSelenium.Parameterized" name="TestCase4" time="0.000"/>
  <testcase classname="seleniumpractice.WaitsInSelenium.Parameterized" name="TestCase4" time="0.000"/>
  <testcase classname="seleniumpractice.WaitsInSelenium.Parameterized" name="TestCase4" time="0.000"/>
  <testcase classname="seleniumpractice.WaitsInSelenium.Parameterized" name="TestCase4" time="0.000"/>
  <testcase classname="seleniumpractice.WaitsInSelenium.Parameterized" name="TestCase4" time="0.000"/>
  <testcase classname="seleniumpractice.WaitsInSelenium.Parameterized" name="TestCase4" time="0.000"/>
  <testcase classname="seleniumpractice.WaitsInSelenium.Parameterized" name="TestCase4" time="0.000"/>
  <testcase classname="seleniumpractice.WaitsInSelenium.Parameterized" name="TestCase4" time="0.000"/>
  <testcase classname="seleniumpractice.WaitsInSelenium.Parameterized" name="TestCase4" time="0.000"/>
  <testcase classname="seleniumpractice.WaitsInSelenium.Parameterized" name="TestCase4" time="0.000"/>
  <testcase classname="seleniumpractice.WaitsInSelenium.Parameterized" name="TestCase4" time="0.000"/>
  <testcase classname="seleniumpractice.WaitsInSelenium.Parameterized" name="TestCase4" time="0.000"/>
  <testcase classname="seleniumpractice.WaitsInSelenium.Parameterized" name="TestCase4" time="0.000"/>
  <testcase classname="seleniumpractice.WaitsInSelenium.Parameterized" name="TestCase4" time="0.001"/>
  <testcase classname="seleniumpractice.WaitsInSelenium.Parameterized" name="TestCase4" time="0.000"/>
  <testcase classname="seleniumpractice.WaitsInSelenium.Parameterized" name="TestCase4" time="0.000"/>
  <testcase classname="seleniumpractice.WaitsInSelenium.Parameterized" name="TestCase4" time="0.000"/>
  <testcase classname="seleniumpractice.WaitsInSelenium.Parameterized" name="TestCase4" time="0.000"/>
  <testcase classname="seleniumpractice.WaitsInSelenium.Parameterized" name="TestCase4" time="0.001"/>
  <testcase classname="seleniumpractice.WaitsInSelenium.Parameterized" name="TestCase4" time="0.000"/>
  <testcase classname="seleniumpractice.WaitsInSelenium.Parameterized" name="TestCase4" time="0.001"/>
  <testcase classname="seleniumpractice.WaitsInSelenium.Parameterized" name="TestCase4" time="0.000"/>
  <testcase classname="seleniumpractice.WaitsInSelenium.Parameterized" name="TestCase4" time="0.000"/>
  <testcase classname="seleniumpractice.WaitsInSelenium.Parameterized" name="TestCase4" time="0.000"/>
  <testcase classname="seleniumpractice.WaitsInSelenium.Parameterized" name="TestCase4" time="0.000"/>
  <testcase classname="seleniumpractice.WaitsInSelenium.Parameterized" name="TestCase4" time="0.000"/>
  <testcase classname="seleniumpractice.WaitsInSelenium.Parameterized" name="TestCase4" time="0.000"/>
  <testcase classname="seleniumpractice.WaitsInSelenium.Parameterized" name="TestCase4" time="0.000"/>
  <testcase classname="seleniumpractice.WaitsInSelenium.Parameterized" name="TestCase4" time="0.000"/>
  <testcase classname="seleniumpractice.WaitsInSelenium.Parameterized" name="TestCase4" time="0.000"/>
  <testcase classname="seleniumpractice.WaitsInSelenium.Parameterized" name="TestCase4" time="0.001"/>
  <testcase classname="seleniumpractice.WaitsInSelenium.Parameterized" name="TestCase4" time="0.000"/>
  <testcase classname="seleniumpractice.WaitsInSelenium.Parameterized" name="TestCase4" time="0.000"/>
  <testcase classname="seleniumpractice.WaitsInSelenium.Parameterized" name="TestCase4" time="0.000"/>
  <testcase classname="seleniumpractice.WaitsInSelenium.Parameterized" name="TestCase4" time="0.001"/>
  <testcase classname="seleniumpractice.WaitsInSelenium.Parameterized" name="TestCase4" time="0.000"/>
  <testcase classname="seleniumpractice.WaitsInSelenium.Parameterized" name="TestCase4" time="0.000"/>
  <testcase classname="seleniumpractice.WaitsInSelenium.Parameterized" name="TestCase4" time="0.000"/>
  <testcase classname="seleniumpractice.WaitsInSelenium.Parameterized" name="TestCase4" time="0.001"/>
  <testcase classname="seleniumpractice.WaitsInSelenium.Parameterized" name="TestCase4" time="0.000"/>
  <testcase classname="seleniumpractice.WaitsInSelenium.Parameterized" name="TestCase4" time="0.001"/>
  <testcase classname="seleniumpractice.WaitsInSelenium.Parameterized" name="TestCase4" time="0.001"/>
  <testcase classname="seleniumpractice.WaitsInSelenium.Parameterized" name="TestCase4" time="0.001"/>
  <testcase classname="seleniumpractice.WaitsInSelenium.Parameterized" name="TestCase4" time="0.000"/>
  <testcase classname="seleniumpractice.WaitsInSelenium.Parameterized" name="TestCase4" time="0.001"/>
  <testcase classname="seleniumpractice.WaitsInSelenium.Parameterized" name="TestCase4" time="0.000"/>
  <testcase classname="seleniumpractice.WaitsInSelenium.Parameterized" name="TestCase4" time="0.000"/>
  <testcase classname="seleniumpractice.WaitsInSelenium.Parameterized" name="TestCase4" time="0.001"/>
  <testcase classname="seleniumpractice.WaitsInSelenium.Parameterized" name="TestCase4" time="0.001"/>
  <testcase classname="seleniumpractice.WaitsInSelenium.Parameterized" name="TestCase4" time="0.000"/>
  <testcase classname="seleniumpractice.WaitsInSelenium.Parameterized" name="TestCase4" time="0.000"/>
  <testcase classname="seleniumpractice.WaitsInSelenium.Parameterized" name="TestCase4" time="0.001"/>
  <testcase classname="seleniumpractice.WaitsInSelenium.Parameterized" name="TestCase4" time="0.000"/>
  <testcase classname="seleniumpractice.WaitsInSelenium.Parameterized" name="TestCase4" time="0.000"/>
  <testcase classname="seleniumpractice.WaitsInSelenium.Parameterized" name="TestCase4" time="0.000"/>
  <testcase classname="seleniumpractice.WaitsInSelenium.Parameterized" name="TestCase4" time="0.001"/>
  <testcase classname="seleniumpractice.WaitsInSelenium.Parameterized" name="TestCase4" time="0.000"/>
  <testcase classname="seleniumpractice.WaitsInSelenium.Parameterized" name="TestCase4" time="0.001"/>
  <testcase classname="seleniumpractice.WaitsInSelenium.Parameterized" name="TestCase4" time="0.000"/>
  <testcase classname="seleniumpractice.WaitsInSelenium.Parameterized" name="TestCase4" time="0.000"/>
  <testcase classname="seleniumpractice.WaitsInSelenium.Parameterized" name="TestCase4" time="0.001"/>
  <testcase classname="seleniumpractice.WaitsInSelenium.Parameterized" name="TestCase4" time="0.000"/>
  <testcase classname="seleniumpractice.WaitsInSelenium.Parameterized" name="TestCase4" time="0.001"/>
  <testcase classname="seleniumpractice.WaitsInSelenium.Parameterized" name="TestCase4" time="0.000"/>
  <testcase classname="seleniumpractice.WaitsInSelenium.Parameterized" name="TestCase4" time="0.001"/>
  <testcase classname="seleniumpractice.WaitsInSelenium.Parameterized" name="TestCase4" time="0.000"/>
  <testcase classname="seleniumpractice.WaitsInSelenium.Parameterized" name="TestCase4" time="0.000"/>
  <testcase classname="seleniumpractice.WaitsInSelenium.Parameterized" name="TestCase4" time="0.000"/>
  <testcase classname="seleniumpractice.WaitsInSelenium.Parameterized" name="TestCase4" time="0.000"/>
  <testcase classname="seleniumpractice.WaitsInSelenium.Parameterized" name="TestCase4" time="0.000"/>
  <testcase classname="seleniumpractice.WaitsInSelenium.Parameterized" name="TestCase4" time="0.000"/>
  <testcase classname="seleniumpractice.WaitsInSelenium.Parameterized" name="TestCase4" time="0.000"/>
  <testcase classname="seleniumpractice.WaitsInSelenium.Parameterized" name="TestCase4" time="0.000"/>
  <testcase classname="seleniumpractice.WaitsInSelenium.Parameterized" name="TestCase4" time="0.000"/>
  <testcase classname="seleniumpractice.WaitsInSelenium.Parameterized" name="TestCase4" time="0.000"/>
  <testcase classname="seleniumpractice.WaitsInSelenium.Parameterized" name="TestCase4" time="0.001"/>
  <testcase classname="seleniumpractice.WaitsInSelenium.Parameterized" name="TestCase4" time="0.000"/>
  <testcase classname="seleniumpractice.WaitsInSelenium.Parameterized" name="TestCase4" time="0.001"/>
  <testcase classname="seleniumpractice.WaitsInSelenium.Parameterized" name="TestCase4" time="0.000"/>
  <testcase classname="seleniumpractice.WaitsInSelenium.Parameterized" name="TestCase4" time="0.001"/>
  <testcase classname="seleniumpractice.WaitsInSelenium.Parameterized" name="TestCase4" time="0.000"/>
  <testcase classname="seleniumpractice.WaitsInSelenium.Parameterized" name="TestCase4" time="0.001"/>
  <testcase classname="seleniumpractice.WaitsInSelenium.Parameterized" name="TestCase4" time="0.000"/>
  <testcase classname="seleniumpractice.WaitsInSelenium.Parameterized" name="TestCase4" time="0.001"/>
  <testcase classname="seleniumpractice.WaitsInSelenium.Parameterized" name="TestCase4" time="0.000"/>
  <testcase classname="seleniumpractice.WaitsInSelenium.Parameterized" name="TestCase4" time="0.000"/>
  <testcase classname="seleniumpractice.WaitsInSelenium.Parameterized" name="TestCase4" time="0.000"/>
  <testcase classname="seleniumpractice.WaitsInSelenium.Parameterized" name="TestCase4" time="0.000"/>
  <testcase classname="seleniumpractice.WaitsInSelenium.Parameterized" name="TestCase4" time="0.001"/>
  <testcase classname="seleniumpractice.WaitsInSelenium.Parameterized" name="TestCase4" time="0.000"/>
  <testcase classname="seleniumpractice.WaitsInSelenium.Parameterized" name="TestCase4" time="0.000"/>
  <testcase classname="seleniumpractice.WaitsInSelenium.Parameterized" name="TestCase4" time="0.002"/>
  <testcase classname="seleniumpractice.WaitsInSelenium.Parameterized" name="TestCase4" time="0.000"/>
  <testcase classname="seleniumpractice.WaitsInSelenium.Parameterized" name="TestCase4" time="0.000"/>
  <testcase classname="seleniumpractice.WaitsInSelenium.Parameterized" name="TestCase4" time="0.000"/>
  <testcase classname="seleniumpractice.WaitsInSelenium.Parameterized" name="TestCase4" time="0.001"/>
  <testcase classname="seleniumpractice.WaitsInSelenium.Parameterized" name="TestCase4" time="0.000"/>
  <testcase classname="seleniumpractice.WaitsInSelenium.Parameterized" name="TestCase4" time="0.000"/>
  <testcase classname="seleniumpractice.WaitsInSelenium.Parameterized" name="TestCase4" time="0.000"/>
  <testcase classname="seleniumpractice.WaitsInSelenium.Parameterized" name="TestCase4" time="0.000"/>
  <testcase classname="seleniumpractice.WaitsInSelenium.Parameterized" name="TestCase4" time="0.001"/>
  <testcase classname="seleniumpractice.WaitsInSelenium.Parameterized" name="TestCase4" time="0.000"/>
  <testcase classname="seleniumpractice.WaitsInSelenium.Parameterized" name="TestCase4" time="0.000"/>
  <testcase classname="seleniumpractice.WaitsInSelenium.Parameterized" name="TestCase4" time="0.001"/>
  <testcase classname="seleniumpractice.WaitsInSelenium.Parameterized" name="TestCase4" time="0.000"/>
  <testcase classname="seleniumpractice.WaitsInSelenium.Parameterized" name="TestCase4" time="0.000"/>
  <testcase classname="seleniumpractice.WaitsInSelenium.Parameterized" name="TestCase4" time="0.000"/>
  <testcase classname="seleniumpractice.WaitsInSelenium.Parameterized" name="TestCase4" time="0.001"/>
  <testcase classname="seleniumpractice.WaitsInSelenium.Parameterized" name="TestCase4" time="0.000"/>
  <testcase classname="seleniumpractice.WaitsInSelenium.Parameterized" name="TestCase4" time="0.000"/>
  <testcase classname="seleniumpractice.WaitsInSelenium.Parameterized" name="TestCase4" time="0.000"/>
  <testcase classname="seleniumpractice.WaitsInSelenium.Parameterized" name="TestCase4" time="0.001"/>
  <testcase classname="seleniumpractice.WaitsInSelenium.Parameterized" name="TestCase4" time="0.000"/>
  <testcase classname="seleniumpractice.WaitsInSelenium.Parameterized" name="TestCase4" time="0.000"/>
  <testcase classname="seleniumpractice.WaitsInSelenium.Parameterized" name="TestCase4" time="0.000"/>
  <testcase classname="seleniumpractice.WaitsInSelenium.Parameterized" name="TestCase4" time="0.000"/>
  <testcase classname="seleniumpractice.WaitsInSelenium.Parameterized" name="TestCase4" time="0.000"/>
  <testcase classname="seleniumpractice.WaitsInSelenium.Parameterized" name="TestCase4" time="0.000"/>
  <testcase classname="seleniumpractice.WaitsInSelenium.Parameterized" name="TestCase4" time="0.000"/>
  <testcase classname="seleniumpractice.WaitsInSelenium.Parameterized" name="TestCase4" time="0.001"/>
  <testcase classname="seleniumpractice.WaitsInSelenium.Parameterized" name="TestCase4" time="0.000"/>
  <testcase classname="seleniumpractice.WaitsInSelenium.Parameterized" name="TestCase4" time="0.000"/>
  <testcase classname="seleniumpractice.WaitsInSelenium.Parameterized" name="TestCase4" time="0.001"/>
  <testcase classname="seleniumpractice.WaitsInSelenium.Parameterized" name="TestCase4" time="0.000"/>
  <testcase classname="seleniumpractice.WaitsInSelenium.Parameterized" name="TestCase4" time="0.001"/>
  <testcase classname="seleniumpractice.WaitsInSelenium.Parameterized" name="TestCase4" time="0.000"/>
  <testcase classname="seleniumpractice.WaitsInSelenium.Parameterized" name="TestCase4" time="0.001"/>
  <testcase classname="seleniumpractice.WaitsInSelenium.Parameterized" name="TestCase4" time="0.000"/>
  <testcase classname="seleniumpractice.WaitsInSelenium.Parameterized" name="TestCase4" time="0.001"/>
  <testcase classname="seleniumpractice.WaitsInSelenium.Parameterized" name="TestCase4" time="0.000"/>
  <testcase classname="seleniumpractice.WaitsInSelenium.Parameterized" name="TestCase4" time="0.000"/>
  <testcase classname="seleniumpractice.WaitsInSelenium.Parameterized" name="TestCase4" time="0.000"/>
  <testcase classname="seleniumpractice.WaitsInSelenium.Parameterized" name="TestCase4" time="0.000"/>
  <testcase classname="seleniumpractice.WaitsInSelenium.Parameterized" name="TestCase4" time="0.000"/>
  <testcase classname="seleniumpractice.WaitsInSelenium.Parameterized" name="TestCase4" time="0.001"/>
  <testcase classname="seleniumpractice.WaitsInSelenium.Parameterized" name="TestCase4" time="0.001"/>
  <testcase classname="seleniumpractice.WaitsInSelenium.Parameterized" name="TestCase4" time="0.001"/>
  <testcase classname="seleniumpractice.WaitsInSelenium.Parameterized" name="TestCase4" time="0.001"/>
  <testcase classname="seleniumpractice.WaitsInSelenium.Parameterized" name="TestCase4" time="0.000"/>
  <testcase classname="seleniumpractice.WaitsInSelenium.Parameterized" name="TestCase4" time="0.000"/>
  <testcase classname="seleniumpractice.WaitsInSelenium.Parameterized" name="TestCase4" time="0.000"/>
  <testcase classname="seleniumpractice.WaitsInSelenium.Parameterized" name="TestCase4" time="0.000"/>
  <testcase classname="seleniumpractice.WaitsInSelenium.Parameterized" name="TestCase4" time="0.000"/>
  <testcase classname="seleniumpractice.WaitsInSelenium.Parameterized" name="TestCase4" time="0.000"/>
  <testcase classname="seleniumpractice.WaitsInSelenium.Parameterized" name="TestCase4" time="0.000"/>
  <testcase classname="seleniumpractice.WaitsInSelenium.Parameterized" name="TestCase4" time="0.000"/>
  <testcase classname="seleniumpractice.WaitsInSelenium.Parameterized" name="TestCase4" time="0.000"/>
  <testcase classname="seleniumpractice.WaitsInSelenium.Parameterized" name="TestCase4" time="0.001"/>
  <testcase classname="seleniumpractice.WaitsInSelenium.Parameterized" name="TestCase4" time="0.000"/>
  <testcase classname="seleniumpractice.WaitsInSelenium.Parameterized" name="TestCase4" time="0.000"/>
  <testcase classname="seleniumpractice.WaitsInSelenium.Parameterized" name="TestCase4" time="0.000"/>
  <testcase classname="seleniumpractice.WaitsInSelenium.Parameterized" name="TestCase4" time="0.001"/>
  <testcase classname="seleniumpractice.WaitsInSelenium.Parameterized" name="TestCase4" time="0.000"/>
  <testcase classname="seleniumpractice.WaitsInSelenium.Parameterized" name="TestCase4" time="0.000"/>
  <testcase classname="seleniumpractice.WaitsInSelenium.Parameterized" name="TestCase4" time="0.000"/>
  <testcase classname="seleniumpractice.WaitsInSelenium.Parameterized" name="TestCase4" time="0.000"/>
  <testcase classname="seleniumpractice.WaitsInSelenium.Parameterized" name="TestCase4" time="0.001"/>
  <testcase classname="seleniumpractice.WaitsInSelenium.Parameterized" name="TestCase4" time="0.000"/>
  <testcase classname="seleniumpractice.WaitsInSelenium.Parameterized" name="TestCase4" time="0.000"/>
  <testcase classname="seleniumpractice.WaitsInSelenium.Parameterized" name="TestCase4" time="0.000"/>
  <testcase classname="seleniumpractice.WaitsInSelenium.Parameterized" name="TestCase4" time="0.000"/>
  <testcase classname="seleniumpractice.WaitsInSelenium.Parameterized" name="TestCase4" time="0.000"/>
  <testcase classname="seleniumpractice.WaitsInSelenium.Parameterized" name="TestCase4" time="0.000"/>
  <testcase classname="seleniumpractice.WaitsInSelenium.Parameterized" name="TestCase4" time="0.000"/>
  <testcase classname="seleniumpractice.WaitsInSelenium.Parameterized" name="TestCase4" time="0.001"/>
  <testcase classname="seleniumpractice.WaitsInSelenium.Parameterized" name="TestCase4" time="0.001"/>
  <testcase classname="seleniumpractice.WaitsInSelenium.Parameterized" name="TestCase4" time="0.000"/>
  <testcase classname="seleniumpractice.WaitsInSelenium.Parameterized" name="TestCase4" time="0.000"/>
  <testcase classname="seleniumpractice.WaitsInSelenium.Parameterized" name="TestCase4" time="0.000"/>
  <testcase classname="seleniumpractice.WaitsInSelenium.Parameterized" name="TestCase4" time="0.000"/>
  <testcase classname="seleniumpractice.WaitsInSelenium.Parameterized" name="TestCase4" time="0.000"/>
  <testcase classname="seleniumpractice.WaitsInSelenium.Parameterized" name="TestCase4" time="0.000"/>
  <testcase classname="seleniumpractice.WaitsInSelenium.Parameterized" name="TestCase4" time="0.001"/>
  <testcase classname="seleniumpractice.WaitsInSelenium.Parameterized" name="TestCase4" time="0.000"/>
  <testcase classname="seleniumpractice.WaitsInSelenium.Parameterized" name="TestCase4" time="0.000"/>
  <testcase classname="seleniumpractice.WaitsInSelenium.Parameterized" name="TestCase4" time="0.000"/>
  <testcase classname="seleniumpractice.WaitsInSelenium.Parameterized" name="TestCase4" time="0.000"/>
  <testcase classname="seleniumpractice.WaitsInSelenium.Parameterized" name="TestCase4" time="0.001"/>
  <testcase classname="seleniumpractice.WaitsInSelenium.Parameterized" name="TestCase4" time="0.000"/>
  <testcase classname="seleniumpractice.WaitsInSelenium.Parameterized" name="TestCase4" time="0.001"/>
  <testcase classname="seleniumpractice.WaitsInSelenium.Parameterized" name="TestCase4" time="0.000"/>
  <testcase classname="seleniumpractice.WaitsInSelenium.Parameterized" name="TestCase4" time="0.000"/>
  <testcase classname="seleniumpractice.WaitsInSelenium.Parameterized" name="TestCase4" time="0.000"/>
  <testcase classname="seleniumpractice.WaitsInSelenium.Parameterized" name="TestCase4" time="0.001"/>
  <testcase classname="seleniumpractice.WaitsInSelenium.Parameterized" name="TestCase4" time="0.000"/>
  <testcase classname="seleniumpractice.WaitsInSelenium.Parameterized" name="TestCase4" time="0.000"/>
  <testcase classname="seleniumpractice.WaitsInSelenium.Parameterized" name="TestCase4" time="0.000"/>
  <testcase classname="seleniumpractice.WaitsInSelenium.Parameterized" name="TestCase4" time="0.000"/>
  <testcase classname="seleniumpractice.WaitsInSelenium.Parameterized" name="TestCase4" time="0.001"/>
  <testcase classname="seleniumpractice.WaitsInSelenium.Parameterized" name="TestCase4" time="0.000"/>
  <testcase classname="seleniumpractice.WaitsInSelenium.Parameterized" name="TestCase4" time="0.000"/>
  <testcase classname="seleniumpractice.WaitsInSelenium.Parameterized" name="TestCase4" time="0.000"/>
  <testcase classname="seleniumpractice.WaitsInSelenium.Parameterized" name="TestCase4" time="0.001"/>
  <testcase classname="seleniumpractice.WaitsInSelenium.Parameterized" name="TestCase4" time="0.000"/>
  <testcase classname="seleniumpractice.WaitsInSelenium.Parameterized" name="TestCase4" time="0.001"/>
  <testcase classname="seleniumpractice.WaitsInSelenium.Parameterized" name="TestCase4" time="0.000"/>
  <testcase classname="seleniumpractice.WaitsInSelenium.Parameterized" name="TestCase4" time="0.001"/>
  <testcase classname="seleniumpractice.WaitsInSelenium.Parameterized" name="TestCase4" time="0.001"/>
  <testcase classname="seleniumpractice.WaitsInSelenium.Parameterized" name="TestCase4" time="0.000"/>
  <testcase classname="seleniumpractice.WaitsInSelenium.Parameterized" name="TestCase4" time="0.001"/>
  <testcase classname="seleniumpractice.WaitsInSelenium.Parameterized" name="TestCase4" time="0.000"/>
  <testcase classname="seleniumpractice.WaitsInSelenium.Parameterized" name="TestCase4" time="0.000"/>
  <testcase classname="seleniumpractice.WaitsInSelenium.Parameterized" name="TestCase4" time="0.000"/>
  <testcase classname="seleniumpractice.WaitsInSelenium.Parameterized" name="TestCase4" time="0.000"/>
  <testcase classname="seleniumpractice.WaitsInSelenium.Parameterized" name="TestCase4" time="0.001"/>
  <testcase classname="seleniumpractice.WaitsInSelenium.Parameterized" name="TestCase4" time="0.001"/>
  <testcase classname="seleniumpractice.WaitsInSelenium.Parameterized" name="TestCase4" time="0.000"/>
  <testcase classname="seleniumpractice.WaitsInSelenium.Parameterized" name="TestCase4" time="0.000"/>
  <testcase classname="seleniumpractice.WaitsInSelenium.Parameterized" name="TestCase4" time="0.000"/>
  <testcase classname="seleniumpractice.WaitsInSelenium.Parameterized" name="TestCase4" time="0.000"/>
  <testcase classname="seleniumpractice.WaitsInSelenium.Parameterized" name="TestCase4" time="0.000"/>
  <testcase classname="seleniumpractice.WaitsInSelenium.Parameterized" name="TestCase4" time="0.000"/>
  <testcase classname="seleniumpractice.WaitsInSelenium.Parameterized" name="TestCase4" time="0.000"/>
  <testcase classname="seleniumpractice.WaitsInSelenium.Parameterized" name="TestCase4" time="0.000"/>
  <testcase classname="seleniumpractice.WaitsInSelenium.Parameterized" name="TestCase4" time="0.000"/>
  <testcase classname="seleniumpractice.WaitsInSelenium.Parameterized" name="TestCase4" time="0.000"/>
  <testcase classname="seleniumpractice.WaitsInSelenium.Parameterized" name="TestCase4" time="0.001"/>
  <testcase classname="seleniumpractice.WaitsInSelenium.Parameterized" name="TestCase4" time="0.003"/>
  <testcase classname="seleniumpractice.WaitsInSelenium.Parameterized" name="TestCase4" time="0.000"/>
  <testcase classname="seleniumpractice.WaitsInSelenium.Parameterized" name="TestCase4" time="0.001"/>
  <testcase classname="seleniumpractice.WaitsInSelenium.Parameterized" name="TestCase4" time="0.000"/>
  <testcase classname="seleniumpractice.WaitsInSelenium.Parameterized" name="TestCase4" time="0.000"/>
  <testcase classname="seleniumpractice.WaitsInSelenium.Parameterized" name="TestCase4" time="0.000"/>
  <testcase classname="seleniumpractice.WaitsInSelenium.Parameterized" name="TestCase4" time="0.000"/>
  <testcase classname="seleniumpractice.WaitsInSelenium.Parameterized" name="TestCase4" time="0.001"/>
  <testcase classname="seleniumpractice.WaitsInSelenium.Parameterized" name="TestCase4" time="0.000"/>
  <testcase classname="seleniumpractice.WaitsInSelenium.Parameterized" name="TestCase4" time="0.000"/>
  <testcase classname="seleniumpractice.WaitsInSelenium.Parameterized" name="TestCase4" time="0.001"/>
  <testcase classname="seleniumpractice.WaitsInSelenium.Parameterized" name="TestCase4" time="0.001"/>
  <testcase classname="seleniumpractice.WaitsInSelenium.Parameterized" name="TestCase4" time="0.000"/>
  <testcase classname="seleniumpractice.WaitsInSelenium.Parameterized" name="TestCase4" time="0.001"/>
  <testcase classname="seleniumpractice.WaitsInSelenium.Parameterized" name="TestCase4" time="0.000"/>
  <testcase classname="seleniumpractice.WaitsInSelenium.Parameterized" name="TestCase4" time="0.000"/>
  <testcase classname="seleniumpractice.WaitsInSelenium.Parameterized" name="TestCase4" time="0.001"/>
  <testcase classname="seleniumpractice.WaitsInSelenium.Parameterized" name="TestCase4" time="0.000"/>
  <testcase classname="seleniumpractice.WaitsInSelenium.Parameterized" name="TestCase4" time="0.000"/>
  <testcase classname="seleniumpractice.WaitsInSelenium.Parameterized" name="TestCase4" time="0.000"/>
  <testcase classname="seleniumpractice.WaitsInSelenium.Parameterized" name="TestCase4" time="0.000"/>
  <testcase classname="seleniumpractice.WaitsInSelenium.Parameterized" name="TestCase4" time="0.001"/>
  <testcase classname="seleniumpractice.WaitsInSelenium.Parameterized" name="TestCase4" time="0.001"/>
  <testcase classname="seleniumpractice.WaitsInSelenium.Parameterized" name="TestCase4" time="0.000"/>
  <testcase classname="seleniumpractice.WaitsInSelenium.Parameterized" name="TestCase4" time="0.000"/>
  <testcase classname="seleniumpractice.WaitsInSelenium.Parameterized" name="TestCase4" time="0.001"/>
  <testcase classname="seleniumpractice.WaitsInSelenium.Parameterized" name="TestCase4" time="0.000"/>
  <testcase classname="seleniumpractice.WaitsInSelenium.Parameterized" name="TestCase4" time="0.001"/>
  <testcase classname="seleniumpractice.WaitsInSelenium.Parameterized" name="TestCase4" time="0.000"/>
  <testcase classname="seleniumpractice.WaitsInSelenium.Parameterized" name="TestCase4" time="0.001"/>
  <testcase classname="seleniumpractice.WaitsInSelenium.Parameterized" name="TestCase4" time="0.000"/>
  <testcase classname="seleniumpractice.WaitsInSelenium.Parameterized" name="TestCase4" time="0.000"/>
  <testcase classname="seleniumpractice.WaitsInSelenium.Parameterized" name="TestCase4" time="0.000"/>
  <testcase classname="seleniumpractice.WaitsInSelenium.Parameterized" name="TestCase4" time="0.000"/>
  <testcase classname="seleniumpractice.WaitsInSelenium.Parameterized" name="TestCase4" time="0.000"/>
  <testcase classname="seleniumpractice.WaitsInSelenium.Parameterized" name="TestCase4" time="0.001"/>
  <testcase classname="seleniumpractice.WaitsInSelenium.Parameterized" name="TestCase4" time="0.000"/>
  <testcase classname="seleniumpractice.WaitsInSelenium.Parameterized" name="TestCase4" time="0.000"/>
  <testcase classname="seleniumpractice.WaitsInSelenium.Parameterized" name="TestCase4" time="0.001"/>
  <testcase classname="seleniumpractice.WaitsInSelenium.Parameterized" name="TestCase4" time="0.001"/>
  <testcase classname="seleniumpractice.WaitsInSelenium.Parameterized" name="TestCase4" time="0.000"/>
  <testcase classname="seleniumpractice.WaitsInSelenium.Parameterized" name="TestCase4" time="0.000"/>
  <testcase classname="seleniumpractice.WaitsInSelenium.Parameterized" name="TestCase4" time="0.000"/>
  <testcase classname="seleniumpractice.WaitsInSelenium.Parameterized" name="TestCase4" time="0.000"/>
  <testcase classname="seleniumpractice.WaitsInSelenium.Parameterized" name="TestCase4" time="0.000"/>
  <testcase classname="seleniumpractice.WaitsInSelenium.Parameterized" name="TestCase4" time="0.000"/>
  <testcase classname="seleniumpractice.WaitsInSelenium.Parameterized" name="TestCase4" time="0.001"/>
  <testcase classname="seleniumpractice.WaitsInSelenium.Parameterized" name="TestCase4" time="0.001"/>
  <testcase classname="seleniumpractice.WaitsInSelenium.Parameterized" name="TestCase4" time="0.000"/>
  <testcase classname="seleniumpractice.WaitsInSelenium.Parameterized" name="TestCase4" time="0.001"/>
  <testcase classname="seleniumpractice.WaitsInSelenium.Parameterized" name="TestCase4" time="0.000"/>
  <testcase classname="seleniumpractice.WaitsInSelenium.Parameterized" name="TestCase4" time="0.000"/>
  <testcase classname="seleniumpractice.WaitsInSelenium.Parameterized" name="TestCase4" time="0.000"/>
  <testcase classname="seleniumpractice.WaitsInSelenium.Parameterized" name="TestCase4" time="0.001"/>
  <testcase classname="seleniumpractice.WaitsInSelenium.Parameterized" name="TestCase4" time="0.000"/>
  <testcase classname="seleniumpractice.WaitsInSelenium.Parameterized" name="TestCase4" time="0.000"/>
  <testcase classname="seleniumpractice.WaitsInSelenium.Parameterized" name="TestCase4" time="0.001"/>
  <testcase classname="seleniumpractice.WaitsInSelenium.Parameterized" name="TestCase4" time="0.000"/>
  <testcase classname="seleniumpractice.WaitsInSelenium.Parameterized" name="TestCase4" time="0.000"/>
  <testcase classname="seleniumpractice.WaitsInSelenium.Parameterized" name="TestCase4" time="0.000"/>
  <testcase classname="seleniumpractice.WaitsInSelenium.Parameterized" name="TestCase4" time="0.000"/>
  <testcase classname="seleniumpractice.WaitsInSelenium.Parameterized" name="TestCase4" time="0.000"/>
  <testcase classname="seleniumpractice.WaitsInSelenium.Parameterized" name="TestCase4" time="0.001"/>
  <testcase classname="seleniumpractice.WaitsInSelenium.Parameterized" name="TestCase4" time="0.000"/>
  <testcase classname="seleniumpractice.WaitsInSelenium.Parameterized" name="TestCase4" time="0.000"/>
  <testcase classname="seleniumpractice.WaitsInSelenium.Parameterized" name="TestCase4" time="0.000"/>
  <testcase classname="seleniumpractice.WaitsInSelenium.Parameterized" name="TestCase4" time="0.001"/>
  <testcase classname="seleniumpractice.WaitsInSelenium.Parameterized" name="TestCase4" time="0.000"/>
  <testcase classname="seleniumpractice.WaitsInSelenium.Parameterized" name="TestCase4" time="0.000"/>
  <testcase classname="seleniumpractice.WaitsInSelenium.Parameterized" name="TestCase4" time="0.000"/>
  <testcase classname="seleniumpractice.WaitsInSelenium.Parameterized" name="TestCase4" time="0.000"/>
  <testcase classname="seleniumpractice.WaitsInSelenium.Parameterized" name="TestCase4" time="0.000"/>
  <testcase classname="seleniumpractice.WaitsInSelenium.Parameterized" name="TestCase4" time="0.001"/>
  <testcase classname="seleniumpractice.WaitsInSelenium.Parameterized" name="TestCase4" time="0.001"/>
  <testcase classname="seleniumpractice.WaitsInSelenium.Parameterized" name="TestCase4" time="0.001"/>
  <testcase classname="seleniumpractice.WaitsInSelenium.Parameterized" name="TestCase4" time="0.000"/>
  <testcase classname="seleniumpractice.WaitsInSelenium.Parameterized" name="TestCase4" time="0.001"/>
  <testcase classname="seleniumpractice.WaitsInSelenium.Parameterized" name="TestCase4" time="0.000"/>
  <testcase classname="seleniumpractice.WaitsInSelenium.Parameterized" name="TestCase4" time="0.000"/>
  <testcase classname="seleniumpractice.WaitsInSelenium.Parameterized" name="TestCase4" time="0.000"/>
  <testcase classname="seleniumpractice.WaitsInSelenium.Parameterized" name="TestCase4" time="0.001"/>
  <testcase classname="seleniumpractice.WaitsInSelenium.Parameterized" name="TestCase4" time="0.000"/>
  <testcase classname="seleniumpractice.WaitsInSelenium.Parameterized" name="TestCase4" time="0.000"/>
  <testcase classname="seleniumpractice.WaitsInSelenium.Parameterized" name="TestCase4" time="0.000"/>
  <testcase classname="seleniumpractice.WaitsInSelenium.Parameterized" name="TestCase4" time="0.000"/>
  <testcase classname="seleniumpractice.WaitsInSelenium.Parameterized" name="TestCase4" time="0.001"/>
  <testcase classname="seleniumpractice.WaitsInSelenium.Parameterized" name="TestCase4" time="0.001"/>
  <testcase classname="seleniumpractice.WaitsInSelenium.Parameterized" name="TestCase4" time="0.000"/>
  <testcase classname="seleniumpractice.WaitsInSelenium.Parameterized" name="TestCase4" time="0.000"/>
  <testcase classname="seleniumpractice.WaitsInSelenium.Parameterized" name="TestCase4" time="0.000"/>
  <testcase classname="seleniumpractice.WaitsInSelenium.Parameterized" name="TestCase4" time="0.000"/>
  <testcase classname="seleniumpractice.WaitsInSelenium.Parameterized" name="TestCase4" time="0.001"/>
  <testcase classname="seleniumpractice.WaitsInSelenium.Parameterized" name="TestCase4" time="0.000"/>
  <testcase classname="seleniumpractice.WaitsInSelenium.Parameterized" name="TestCase4" time="0.000"/>
  <testcase classname="seleniumpractice.WaitsInSelenium.Parameterized" name="TestCase4" time="0.000"/>
  <testcase classname="seleniumpractice.WaitsInSelenium.Parameterized" name="TestCase4" time="0.000"/>
  <testcase classname="seleniumpractice.WaitsInSelenium.Parameterized" name="TestCase4" time="0.002"/>
  <testcase classname="seleniumpractice.WaitsInSelenium.Parameterized" name="TestCase4" time="0.000"/>
  <testcase classname="seleniumpractice.WaitsInSelenium.Parameterized" name="TestCase4" time="0.000"/>
  <testcase classname="seleniumpractice.WaitsInSelenium.Parameterized" name="TestCase4" time="0.000"/>
  <testcase classname="seleniumpractice.WaitsInSelenium.Parameterized" name="TestCase4" time="0.000"/>
  <testcase classname="seleniumpractice.WaitsInSelenium.Parameterized" name="TestCase4" time="0.000"/>
  <testcase classname="seleniumpractice.WaitsInSelenium.Parameterized" name="TestCase4" time="0.000"/>
  <testcase classname="seleniumpractice.WaitsInSelenium.Parameterized" name="TestCase4" time="0.000"/>
  <testcase classname="seleniumpractice.WaitsInSelenium.Parameterized" name="TestCase4" time="0.000"/>
  <testcase classname="seleniumpractice.WaitsInSelenium.Parameterized" name="TestCase4" time="0.000"/>
  <testcase classname="seleniumpractice.WaitsInSelenium.Parameterized" name="TestCase4" time="0.000"/>
  <testcase classname="seleniumpractice.WaitsInSelenium.Parameterized" name="TestCase4" time="0.000"/>
  <testcase classname="seleniumpractice.WaitsInSelenium.Parameterized" name="TestCase4" time="0.001"/>
  <testcase classname="seleniumpractice.WaitsInSelenium.Parameterized" name="TestCase4" time="0.001"/>
  <testcase classname="seleniumpractice.WaitsInSelenium.Parameterized" name="TestCase4" time="0.000"/>
  <testcase classname="seleniumpractice.WaitsInSelenium.Parameterized" name="TestCase4" time="0.000"/>
  <testcase classname="seleniumpractice.WaitsInSelenium.Parameterized" name="TestCase4" time="0.000"/>
  <testcase classname="seleniumpractice.WaitsInSelenium.Parameterized" name="TestCase4" time="0.000"/>
  <testcase classname="seleniumpractice.WaitsInSelenium.Parameterized" name="TestCase4" time="0.000"/>
  <testcase classname="seleniumpractice.WaitsInSelenium.Parameterized" name="TestCase4" time="0.001"/>
  <testcase classname="seleniumpractice.WaitsInSelenium.Parameterized" name="TestCase4" time="0.001"/>
  <testcase classname="seleniumpractice.WaitsInSelenium.Parameterized" name="TestCase4" time="0.000"/>
  <testcase classname="seleniumpractice.WaitsInSelenium.Parameterized" name="TestCase4" time="0.001"/>
  <testcase classname="seleniumpractice.WaitsInSelenium.Parameterized" name="TestCase4" time="0.000"/>
  <testcase classname="seleniumpractice.WaitsInSelenium.Parameterized" name="TestCase4" time="0.000"/>
  <testcase classname="seleniumpractice.WaitsInSelenium.Parameterized" name="TestCase4" time="0.000"/>
  <testcase classname="seleniumpractice.WaitsInSelenium.Parameterized" name="TestCase4" time="0.000"/>
  <testcase classname="seleniumpractice.WaitsInSelenium.Parameterized" name="TestCase4" time="0.001"/>
  <testcase classname="seleniumpractice.WaitsInSelenium.Parameterized" name="TestCase4" time="0.000"/>
  <testcase classname="seleniumpractice.WaitsInSelenium.Parameterized" name="TestCase4" time="0.000"/>
  <testcase classname="seleniumpractice.WaitsInSelenium.Parameterized" name="TestCase4" time="0.002"/>
  <testcase classname="seleniumpractice.WaitsInSelenium.Parameterized" name="TestCase4" time="0.000"/>
  <testcase classname="seleniumpractice.WaitsInSelenium.Parameterized" name="TestCase4" time="0.001"/>
  <testcase classname="seleniumpractice.WaitsInSelenium.Parameterized" name="TestCase4" time="0.000"/>
  <testcase classname="seleniumpractice.WaitsInSelenium.Parameterized" name="TestCase4" time="0.001"/>
  <testcase classname="seleniumpractice.WaitsInSelenium.Parameterized" name="TestCase4" time="0.000"/>
  <testcase classname="seleniumpractice.WaitsInSelenium.Parameterized" name="TestCase4" time="0.000"/>
  <testcase classname="seleniumpractice.WaitsInSelenium.Parameterized" name="TestCase4" time="0.000"/>
  <testcase classname="seleniumpractice.WaitsInSelenium.Parameterized" name="TestCase4" time="0.000"/>
  <testcase classname="seleniumpractice.WaitsInSelenium.Parameterized" name="TestCase4" time="0.000"/>
  <testcase classname="seleniumpractice.WaitsInSelenium.Parameterized" name="TestCase4" time="0.000"/>
  <testcase classname="seleniumpractice.WaitsInSelenium.Parameterized" name="TestCase4" time="0.000"/>
  <testcase classname="seleniumpractice.WaitsInSelenium.Parameterized" name="TestCase4" time="0.000"/>
  <testcase classname="seleniumpractice.WaitsInSelenium.Parameterized" name="TestCase4" time="0.001"/>
  <testcase classname="seleniumpractice.WaitsInSelenium.Parameterized" name="TestCase4" time="0.000"/>
  <testcase classname="seleniumpractice.WaitsInSelenium.Parameterized" name="TestCase4" time="0.000"/>
  <testcase classname="seleniumpractice.WaitsInSelenium.Parameterized" name="TestCase4" time="0.000"/>
  <testcase classname="seleniumpractice.WaitsInSelenium.Parameterized" name="TestCase4" time="0.000"/>
  <testcase classname="seleniumpractice.WaitsInSelenium.Parameterized" name="TestCase4" time="0.000"/>
  <testcase classname="seleniumpractice.WaitsInSelenium.Parameterized" name="TestCase4" time="0.000"/>
  <testcase classname="seleniumpractice.WaitsInSelenium.Parameterized" name="TestCase4" time="0.000"/>
  <testcase classname="seleniumpractice.WaitsInSelenium.Parameterized" name="TestCase4" time="0.001"/>
  <testcase classname="seleniumpractice.WaitsInSelenium.Parameterized" name="TestCase4" time="0.000"/>
  <testcase classname="seleniumpractice.WaitsInSelenium.Parameterized" name="TestCase4" time="0.000"/>
  <testcase classname="seleniumpractice.WaitsInSelenium.Parameterized" name="TestCase4" time="0.000"/>
  <testcase classname="seleniumpractice.WaitsInSelenium.Parameterized" name="TestCase4" time="0.001"/>
  <testcase classname="seleniumpractice.WaitsInSelenium.Parameterized" name="TestCase4" time="0.000"/>
  <testcase classname="seleniumpractice.WaitsInSelenium.Parameterized" name="TestCase4" time="0.001"/>
  <testcase classname="seleniumpractice.WaitsInSelenium.Parameterized" name="TestCase4" time="0.000"/>
  <testcase classname="seleniumpractice.WaitsInSelenium.Parameterized" name="TestCase4" time="0.000"/>
  <testcase classname="seleniumpractice.WaitsInSelenium.Parameterized" name="TestCase4" time="0.000"/>
  <testcase classname="seleniumpractice.WaitsInSelenium.Parameterized" name="TestCase4" time="0.001"/>
  <testcase classname="seleniumpractice.WaitsInSelenium.Parameterized" name="TestCase4" time="0.000"/>
  <testcase classname="seleniumpractice.WaitsInSelenium.Parameterized" name="TestCase4" time="0.000"/>
  <testcase classname="seleniumpractice.WaitsInSelenium.Parameterized" name="TestCase4" time="0.000"/>
  <testcase classname="seleniumpractice.WaitsInSelenium.Parameterized" name="TestCase4" time="0.000"/>
  <testcase classname="seleniumpractice.WaitsInSelenium.Parameterized" name="TestCase4" time="0.000"/>
  <testcase classname="seleniumpractice.WaitsInSelenium.Parameterized" name="TestCase4" time="0.000"/>
  <testcase classname="seleniumpractice.WaitsInSelenium.Parameterized" name="TestCase4" time="0.000"/>
  <testcase classname="seleniumpractice.WaitsInSelenium.Parameterized" name="TestCase4" time="0.001"/>
  <testcase classname="seleniumpractice.WaitsInSelenium.Parameterized" name="TestCase4" time="0.000"/>
  <testcase classname="seleniumpractice.WaitsInSelenium.Parameterized" name="TestCase4" time="0.001"/>
  <testcase classname="seleniumpractice.WaitsInSelenium.Parameterized" name="TestCase4" time="0.001"/>
  <testcase classname="seleniumpractice.WaitsInSelenium.Parameterized" name="TestCase4" time="0.001"/>
  <testcase classname="seleniumpractice.WaitsInSelenium.Parameterized" name="TestCase4" time="0.000"/>
  <testcase classname="seleniumpractice.WaitsInSelenium.Parameterized" name="TestCase4" time="0.000"/>
  <testcase classname="seleniumpractice.WaitsInSelenium.Parameterized" name="TestCase4" time="0.001"/>
  <testcase classname="seleniumpractice.WaitsInSelenium.Parameterized" name="TestCase4" time="0.000"/>
  <testcase classname="seleniumpractice.WaitsInSelenium.Parameterized" name="TestCase4" time="0.000"/>
  <testcase classname="seleniumpractice.WaitsInSelenium.Parameterized" name="TestCase4" time="0.001"/>
  <testcase classname="seleniumpractice.WaitsInSelenium.Parameterized" name="TestCase4" time="0.001"/>
  <testcase classname="seleniumpractice.WaitsInSelenium.Parameterized" name="TestCase4" time="0.000"/>
  <testcase classname="seleniumpractice.WaitsInSelenium.Parameterized" name="TestCase4" time="0.000"/>
  <testcase classname="seleniumpractice.WaitsInSelenium.Parameterized" name="TestCase4" time="0.000"/>
  <testcase classname="seleniumpractice.WaitsInSelenium.Parameterized" name="TestCase4" time="0.000"/>
  <testcase classname="seleniumpractice.WaitsInSelenium.Parameterized" name="TestCase4" time="0.000"/>
  <testcase classname="seleniumpractice.WaitsInSelenium.Parameterized" name="TestCase4" time="0.000"/>
  <testcase classname="seleniumpractice.WaitsInSelenium.Parameterized" name="TestCase4" time="0.000"/>
  <testcase classname="seleniumpractice.WaitsInSelenium.Parameterized" name="TestCase4" time="0.000"/>
  <testcase classname="seleniumpractice.WaitsInSelenium.Parameterized" name="TestCase4" time="0.000"/>
  <testcase classname="seleniumpractice.WaitsInSelenium.Parameterized" name="TestCase4" time="0.000"/>
  <testcase classname="seleniumpractice.WaitsInSelenium.Parameterized" name="TestCase4" time="0.001"/>
  <testcase classname="seleniumpractice.WaitsInSelenium.Parameterized" name="TestCase4" time="0.001"/>
  <testcase classname="seleniumpractice.WaitsInSelenium.Parameterized" name="TestCase4" time="0.000"/>
  <testcase classname="seleniumpractice.WaitsInSelenium.Parameterized" name="TestCase4" time="0.000"/>
  <testcase classname="seleniumpractice.WaitsInSelenium.Parameterized" name="TestCase4" time="0.000"/>
  <testcase classname="seleniumpractice.WaitsInSelenium.Parameterized" name="TestCase4" time="0.001"/>
  <testcase classname="seleniumpractice.WaitsInSelenium.Parameterized" name="TestCase4" time="0.001"/>
  <testcase classname="seleniumpractice.WaitsInSelenium.Parameterized" name="TestCase4" time="0.000"/>
  <testcase classname="seleniumpractice.WaitsInSelenium.Parameterized" name="TestCase4" time="0.001"/>
  <testcase classname="seleniumpractice.WaitsInSelenium.Parameterized" name="TestCase4" time="0.001"/>
  <testcase classname="seleniumpractice.WaitsInSelenium.Parameterized" name="TestCase4" time="0.000"/>
  <testcase classname="seleniumpractice.WaitsInSelenium.Parameterized" name="TestCase4" time="0.000"/>
  <testcase classname="seleniumpractice.WaitsInSelenium.Parameterized" name="TestCase4" time="0.001"/>
  <testcase classname="seleniumpractice.WaitsInSelenium.Parameterized" name="TestCase4" time="0.001"/>
  <testcase classname="seleniumpractice.WaitsInSelenium.Parameterized" name="TestCase4" time="0.000"/>
  <testcase classname="seleniumpractice.WaitsInSelenium.Parameterized" name="TestCase4" time="0.000"/>
  <testcase classname="seleniumpractice.WaitsInSelenium.Parameterized" name="TestCase4" time="0.002"/>
  <testcase classname="seleniumpractice.WaitsInSelenium.Parameterized" name="TestCase4" time="0.001"/>
  <testcase classname="seleniumpractice.WaitsInSelenium.Parameterized" name="TestCase4" time="0.000"/>
  <testcase classname="seleniumpractice.WaitsInSelenium.Parameterized" name="TestCase4" time="0.000"/>
  <testcase classname="seleniumpractice.WaitsInSelenium.Parameterized" name="TestCase4" time="0.000"/>
  <testcase classname="seleniumpractice.WaitsInSelenium.Parameterized" name="TestCase4" time="0.000"/>
  <testcase classname="seleniumpractice.WaitsInSelenium.Parameterized" name="TestCase4" time="0.001"/>
  <testcase classname="seleniumpractice.WaitsInSelenium.Parameterized" name="TestCase4" time="0.000"/>
  <testcase classname="seleniumpractice.WaitsInSelenium.Parameterized" name="TestCase4" time="0.001"/>
  <testcase classname="seleniumpractice.WaitsInSelenium.Parameterized" name="TestCase4" time="0.001"/>
  <testcase classname="seleniumpractice.WaitsInSelenium.Parameterized" name="TestCase4" time="0.001"/>
  <testcase classname="seleniumpractice.WaitsInSelenium.Parameterized" name="TestCase4" time="0.000"/>
  <testcase classname="seleniumpractice.WaitsInSelenium.Parameterized" name="TestCase4" time="0.000"/>
  <testcase classname="seleniumpractice.WaitsInSelenium.Parameterized" name="TestCase4" time="0.000"/>
  <testcase classname="seleniumpractice.WaitsInSelenium.Parameterized" name="TestCase4" time="0.000"/>
  <testcase classname="seleniumpractice.WaitsInSelenium.Parameterized" name="TestCase4" time="0.000"/>
  <testcase classname="seleniumpractice.WaitsInSelenium.Parameterized" name="TestCase4" time="0.000"/>
  <testcase classname="seleniumpractice.WaitsInSelenium.Parameterized" name="TestCase4" time="0.000"/>
  <testcase classname="seleniumpractice.WaitsInSelenium.Parameterized" name="TestCase4" time="0.000"/>
  <testcase classname="seleniumpractice.WaitsInSelenium.Parameterized" name="TestCase4" time="0.000"/>
  <testcase classname="seleniumpractice.WaitsInSelenium.Parameterized" name="TestCase4" time="0.000"/>
  <testcase classname="seleniumpractice.WaitsInSelenium.Parameterized" name="TestCase4" time="0.000"/>
  <testcase classname="seleniumpractice.WaitsInSelenium.Parameterized" name="TestCase4" time="0.000"/>
  <testcase classname="seleniumpractice.WaitsInSelenium.Parameterized" name="TestCase4" time="0.001"/>
  <testcase classname="seleniumpractice.WaitsInSelenium.Parameterized" name="TestCase4" time="0.000"/>
  <testcase classname="seleniumpractice.WaitsInSelenium.Parameterized" name="TestCase4" time="0.000"/>
  <testcase classname="seleniumpractice.WaitsInSelenium.Parameterized" name="TestCase4" time="0.000"/>
  <testcase classname="seleniumpractice.WaitsInSelenium.Parameterized" name="TestCase4" time="0.000"/>
  <testcase classname="seleniumpractice.WaitsInSelenium.Parameterized" name="TestCase4" time="0.000"/>
  <testcase classname="seleniumpractice.WaitsInSelenium.Parameterized" name="TestCase4" time="0.000"/>
  <testcase classname="seleniumpractice.WaitsInSelenium.Parameterized" name="TestCase4" time="0.001"/>
  <testcase classname="seleniumpractice.WaitsInSelenium.Parameterized" name="TestCase4" time="0.001"/>
  <testcase classname="seleniumpractice.WaitsInSelenium.Parameterized" name="TestCase4" time="0.000"/>
  <testcase classname="seleniumpractice.WaitsInSelenium.Parameterized" name="TestCase4" time="0.000"/>
  <testcase classname="seleniumpractice.WaitsInSelenium.Parameterized" name="TestCase4" time="0.000"/>
  <testcase classname="seleniumpractice.WaitsInSelenium.Parameterized" name="TestCase4" time="0.001"/>
  <testcase classname="seleniumpractice.WaitsInSelenium.Parameterized" name="TestCase4" time="0.000"/>
  <testcase classname="seleniumpractice.WaitsInSelenium.Parameterized" name="TestCase4" time="0.000"/>
  <testcase classname="seleniumpractice.WaitsInSelenium.Parameterized" name="TestCase4" time="0.000"/>
  <testcase classname="seleniumpractice.WaitsInSelenium.Parameterized" name="TestCase4" time="0.000"/>
  <testcase classname="seleniumpractice.WaitsInSelenium.Parameterized" name="TestCase4" time="0.000"/>
  <testcase classname="seleniumpractice.WaitsInSelenium.Parameterized" name="TestCase4" time="0.001"/>
  <testcase classname="seleniumpractice.WaitsInSelenium.Parameterized" name="TestCase4" time="0.000"/>
  <testcase classname="seleniumpractice.WaitsInSelenium.Parameterized" name="TestCase4" time="0.000"/>
  <testcase classname="seleniumpractice.WaitsInSelenium.Parameterized" name="TestCase4" time="0.000"/>
  <testcase classname="seleniumpractice.WaitsInSelenium.Parameterized" name="TestCase4" time="0.001"/>
  <testcase classname="seleniumpractice.WaitsInSelenium.Parameterized" name="TestCase4" time="0.000"/>
  <testcase classname="seleniumpractice.WaitsInSelenium.Parameterized" name="TestCase4" time="0.000"/>
  <testcase classname="seleniumpractice.WaitsInSelenium.Parameterized" name="TestCase4" time="0.001"/>
  <testcase classname="seleniumpractice.WaitsInSelenium.Parameterized" name="TestCase4" time="0.001"/>
  <testcase classname="seleniumpractice.WaitsInSelenium.Parameterized" name="TestCase4" time="0.000"/>
  <testcase classname="seleniumpractice.WaitsInSelenium.Parameterized" name="TestCase4" time="0.000"/>
  <testcase classname="seleniumpractice.WaitsInSelenium.Parameterized" name="TestCase4" time="0.000"/>
  <testcase classname="seleniumpractice.WaitsInSelenium.Parameterized" name="TestCase4" time="0.000"/>
  <testcase classname="seleniumpractice.WaitsInSelenium.Parameterized" name="TestCase4" time="0.000"/>
  <testcase classname="seleniumpractice.WaitsInSelenium.Parameterized" name="TestCase4" time="0.000"/>
  <testcase classname="seleniumpractice.WaitsInSelenium.Parameterized" name="TestCase4" time="0.001"/>
  <testcase classname="seleniumpractice.WaitsInSelenium.Parameterized" name="TestCase4" time="0.000"/>
  <testcase classname="seleniumpractice.WaitsInSelenium.Parameterized" name="TestCase4" time="0.001"/>
  <testcase classname="seleniumpractice.WaitsInSelenium.Parameterized" name="TestCase4" time="0.000"/>
  <testcase classname="seleniumpractice.WaitsInSelenium.Parameterized" name="TestCase4" time="0.000"/>
  <testcase classname="seleniumpractice.WaitsInSelenium.Parameterized" name="TestCase4" time="0.000"/>
  <testcase classname="seleniumpractice.WaitsInSelenium.Parameterized" name="TestCase4" time="0.001"/>
  <testcase classname="seleniumpractice.WaitsInSelenium.Parameterized" name="TestCase4" time="0.001"/>
  <testcase classname="seleniumpractice.WaitsInSelenium.Parameterized" name="TestCase4" time="0.000"/>
  <testcase classname="seleniumpractice.WaitsInSelenium.Parameterized" name="TestCase4" time="0.000"/>
  <testcase classname="seleniumpractice.WaitsInSelenium.Parameterized" name="TestCase4" time="0.001"/>
  <testcase classname="seleniumpractice.WaitsInSelenium.Parameterized" name="TestCase4" time="0.000"/>
  <testcase classname="seleniumpractice.WaitsInSelenium.Parameterized" name="TestCase4" time="0.000"/>
  <testcase classname="seleniumpractice.WaitsInSelenium.Parameterized" name="TestCase4" time="0.000"/>
  <testcase classname="seleniumpractice.WaitsInSelenium.Parameterized" name="TestCase4" time="0.000"/>
  <testcase classname="seleniumpractice.WaitsInSelenium.Parameterized" name="TestCase4" time="0.000"/>
  <testcase classname="seleniumpractice.WaitsInSelenium.Parameterized" name="TestCase4" time="0.000"/>
  <testcase classname="seleniumpractice.WaitsInSelenium.Parameterized" name="TestCase4" time="0.000"/>
  <testcase classname="seleniumpractice.WaitsInSelenium.Parameterized" name="TestCase4" time="0.000"/>
  <testcase classname="seleniumpractice.WaitsInSelenium.Parameterized" name="TestCase4" time="0.000"/>
  <testcase classname="seleniumpractice.WaitsInSelenium.Parameterized" name="TestCase4" time="0.000"/>
  <testcase classname="seleniumpractice.WaitsInSelenium.Parameterized" name="TestCase4" time="0.000"/>
  <testcase classname="seleniumpractice.WaitsInSelenium.Parameterized" name="TestCase4" time="0.000"/>
  <testcase classname="seleniumpractice.WaitsInSelenium.Parameterized" name="TestCase4" time="0.000"/>
  <testcase classname="seleniumpractice.WaitsInSelenium.Parameterized" name="TestCase4" time="0.000"/>
  <testcase classname="seleniumpractice.WaitsInSelenium.Parameterized" name="TestCase4" time="0.000"/>
  <testcase classname="seleniumpractice.WaitsInSelenium.Parameterized" name="TestCase4" time="0.000"/>
  <testcase classname="seleniumpractice.WaitsInSelenium.Parameterized" name="TestCase4" time="0.001"/>
  <testcase classname="seleniumpractice.WaitsInSelenium.Parameterized" name="TestCase4" time="0.000"/>
  <testcase classname="seleniumpractice.WaitsInSelenium.Parameterized" name="TestCase4" time="0.001"/>
  <testcase classname="seleniumpractice.WaitsInSelenium.Parameterized" name="TestCase4" time="0.001"/>
  <testcase classname="seleniumpractice.WaitsInSelenium.Parameterized" name="TestCase4" time="0.000"/>
  <testcase classname="seleniumpractice.WaitsInSelenium.Parameterized" name="TestCase4" time="0.001"/>
  <testcase classname="seleniumpractice.WaitsInSelenium.Parameterized" name="TestCase4" time="0.000"/>
  <testcase classname="seleniumpractice.WaitsInSelenium.Parameterized" name="TestCase4" time="0.000"/>
  <testcase classname="seleniumpractice.WaitsInSelenium.Parameterized" name="TestCase4" time="0.000"/>
  <testcase classname="seleniumpractice.WaitsInSelenium.Parameterized" name="TestCase4" time="0.000"/>
  <testcase classname="seleniumpractice.WaitsInSelenium.Parameterized" name="TestCase4" time="0.001"/>
  <testcase classname="seleniumpractice.WaitsInSelenium.Parameterized" name="TestCase4" time="0.000"/>
  <testcase classname="seleniumpractice.WaitsInSelenium.Parameterized" name="TestCase4" time="0.000"/>
  <testcase classname="seleniumpractice.WaitsInSelenium.Parameterized" name="TestCase4" time="0.000"/>
  <testcase classname="seleniumpractice.WaitsInSelenium.Parameterized" name="TestCase4" time="0.001"/>
  <testcase classname="seleniumpractice.WaitsInSelenium.Parameterized" name="TestCase4" time="0.001"/>
  <testcase classname="seleniumpractice.WaitsInSelenium.Parameterized" name="TestCase4" time="0.000"/>
  <testcase classname="seleniumpractice.WaitsInSelenium.Parameterized" name="TestCase4" time="0.001"/>
  <testcase classname="seleniumpractice.WaitsInSelenium.Parameterized" name="TestCase4" time="0.000"/>
  <testcase classname="seleniumpractice.WaitsInSelenium.Parameterized" name="TestCase4" time="0.001"/>
  <testcase classname="seleniumpractice.WaitsInSelenium.Parameterized" name="TestCase4" time="0.001"/>
  <testcase classname="seleniumpractice.WaitsInSelenium.Parameterized" name="TestCase4" time="0.000"/>
  <testcase classname="seleniumpractice.WaitsInSelenium.Parameterized" name="TestCase4" time="0.000"/>
  <testcase classname="seleniumpractice.WaitsInSelenium.Parameterized" name="TestCase4" time="0.000"/>
  <testcase classname="seleniumpractice.WaitsInSelenium.Parameterized" name="TestCase4" time="0.000"/>
  <testcase classname="seleniumpractice.WaitsInSelenium.Parameterized" name="TestCase4" time="0.000"/>
  <testcase classname="seleniumpractice.WaitsInSelenium.Parameterized" name="TestCase4" time="0.000"/>
  <testcase classname="seleniumpractice.WaitsInSelenium.Parameterized" name="TestCase4" time="0.000"/>
  <testcase classname="seleniumpractice.WaitsInSelenium.Parameterized" name="TestCase4" time="0.001"/>
  <testcase classname="seleniumpractice.WaitsInSelenium.Parameterized" name="TestCase4" time="0.000"/>
  <testcase classname="seleniumpractice.WaitsInSelenium.Parameterized" name="TestCase4" time="0.001"/>
  <testcase classname="seleniumpractice.WaitsInSelenium.Parameterized" name="TestCase4" time="0.000"/>
  <testcase classname="seleniumpractice.WaitsInSelenium.Parameterized" name="TestCase4" time="0.000"/>
  <testcase classname="seleniumpractice.WaitsInSelenium.Parameterized" name="TestCase4" time="0.000"/>
  <testcase classname="seleniumpractice.WaitsInSelenium.Parameterized" name="TestCase4" time="0.000"/>
  <testcase classname="seleniumpractice.WaitsInSelenium.Parameterized" name="TestCase4" time="0.001"/>
  <testcase classname="seleniumpractice.WaitsInSelenium.Parameterized" name="TestCase4" time="0.000"/>
  <testcase classname="seleniumpractice.WaitsInSelenium.Parameterized" name="TestCase4" time="0.001"/>
  <testcase classname="seleniumpractice.WaitsInSelenium.Parameterized" name="TestCase4" time="0.001"/>
  <testcase classname="seleniumpractice.WaitsInSelenium.Parameterized" name="TestCase4" time="0.000"/>
  <testcase classname="seleniumpractice.WaitsInSelenium.Parameterized" name="TestCase4" time="0.001"/>
  <testcase classname="seleniumpractice.WaitsInSelenium.Parameterized" name="TestCase4" time="0.000"/>
  <testcase classname="seleniumpractice.WaitsInSelenium.Parameterized" name="TestCase4" time="0.000"/>
  <testcase classname="seleniumpractice.WaitsInSelenium.Parameterized" name="TestCase4" time="0.000"/>
  <testcase classname="seleniumpractice.WaitsInSelenium.Parameterized" name="TestCase4" time="0.000"/>
  <testcase classname="seleniumpractice.WaitsInSelenium.Parameterized" name="TestCase4" time="0.001"/>
  <testcase classname="seleniumpractice.WaitsInSelenium.Parameterized" name="TestCase4" time="0.000"/>
  <testcase classname="seleniumpractice.WaitsInSelenium.Parameterized" name="TestCase4" time="0.000"/>
  <testcase classname="seleniumpractice.WaitsInSelenium.Parameterized" name="TestCase4" time="0.000"/>
  <testcase classname="seleniumpractice.WaitsInSelenium.Parameterized" name="TestCase4" time="0.000"/>
  <testcase classname="seleniumpractice.WaitsInSelenium.Parameterized" name="TestCase4" time="0.000"/>
  <testcase classname="seleniumpractice.WaitsInSelenium.Parameterized" name="TestCase4" time="0.000"/>
  <testcase classname="seleniumpractice.WaitsInSelenium.Parameterized" name="TestCase4" time="0.000"/>
  <testcase classname="seleniumpractice.WaitsInSelenium.Parameterized" name="TestCase4" time="0.000"/>
  <testcase classname="seleniumpractice.WaitsInSelenium.Parameterized" name="TestCase4" time="0.001"/>
  <testcase classname="seleniumpractice.WaitsInSelenium.Parameterized" name="TestCase4" time="0.000"/>
  <testcase classname="seleniumpractice.WaitsInSelenium.Parameterized" name="TestCase4" time="0.000"/>
  <testcase classname="seleniumpractice.WaitsInSelenium.Parameterized" name="TestCase4" time="0.001"/>
  <testcase classname="seleniumpractice.WaitsInSelenium.Parameterized" name="TestCase4" time="0.000"/>
  <testcase classname="seleniumpractice.WaitsInSelenium.Parameterized" name="TestCase4" time="0.001"/>
  <testcase classname="seleniumpractice.WaitsInSelenium.Parameterized" name="TestCase4" time="0.001"/>
  <testcase classname="seleniumpractice.WaitsInSelenium.Parameterized" name="TestCase4" time="0.001"/>
  <testcase classname="seleniumpractice.WaitsInSelenium.Parameterized" name="TestCase4" time="0.000"/>
  <testcase classname="seleniumpractice.WaitsInSelenium.Parameterized" name="TestCase4" time="0.001"/>
  <testcase classname="seleniumpractice.WaitsInSelenium.Parameterized" name="TestCase4" time="0.001"/>
  <testcase classname="seleniumpractice.WaitsInSelenium.Parameterized" name="TestCase4" time="0.000"/>
  <testcase classname="seleniumpractice.WaitsInSelenium.Parameterized" name="TestCase4" time="0.000"/>
  <testcase classname="seleniumpractice.WaitsInSelenium.Parameterized" name="TestCase4" time="0.001"/>
  <testcase classname="seleniumpractice.WaitsInSelenium.Parameterized" name="TestCase4" time="0.001"/>
  <testcase classname="seleniumpractice.WaitsInSelenium.Parameterized" name="TestCase4" time="0.000"/>
  <testcase classname="seleniumpractice.WaitsInSelenium.Parameterized" name="TestCase4" time="0.000"/>
  <testcase classname="seleniumpractice.WaitsInSelenium.Parameterized" name="TestCase4" time="0.001"/>
  <testcase classname="seleniumpractice.WaitsInSelenium.Parameterized" name="TestCase4" time="0.000"/>
  <testcase classname="seleniumpractice.WaitsInSelenium.Parameterized" name="TestCase4" time="0.000"/>
  <testcase classname="seleniumpractice.WaitsInSelenium.Parameterized" name="TestCase4" time="0.001"/>
  <testcase classname="seleniumpractice.WaitsInSelenium.Parameterized" name="TestCase4" time="0.000"/>
  <testcase classname="seleniumpractice.WaitsInSelenium.Parameterized" name="TestCase4" time="0.000"/>
  <testcase classname="seleniumpractice.WaitsInSelenium.Parameterized" name="TestCase4" time="0.000"/>
  <testcase classname="seleniumpractice.WaitsInSelenium.Parameterized" name="TestCase4" time="0.002"/>
  <testcase classname="seleniumpractice.WaitsInSelenium.Parameterized" name="TestCase4" time="0.001"/>
  <testcase classname="seleniumpractice.WaitsInSelenium.Parameterized" name="TestCase4" time="0.000"/>
  <testcase classname="seleniumpractice.WaitsInSelenium.Parameterized" name="TestCase4" time="0.000"/>
  <testcase classname="seleniumpractice.WaitsInSelenium.Parameterized" name="TestCase4" time="0.000"/>
  <testcase classname="seleniumpractice.WaitsInSelenium.Parameterized" name="TestCase4" time="0.000"/>
  <testcase classname="seleniumpractice.WaitsInSelenium.Parameterized" name="TestCase4" time="0.001"/>
  <testcase classname="seleniumpractice.WaitsInSelenium.Parameterized" name="TestCase4" time="0.000"/>
  <testcase classname="seleniumpractice.WaitsInSelenium.Parameterized" name="TestCase4" time="0.001"/>
  <testcase classname="seleniumpractice.WaitsInSelenium.Parameterized" name="TestCase4" time="0.001"/>
  <testcase classname="seleniumpractice.WaitsInSelenium.Parameterized" name="TestCase4" time="0.001"/>
  <testcase classname="seleniumpractice.WaitsInSelenium.Parameterized" name="TestCase4" time="0.000"/>
  <testcase classname="seleniumpractice.WaitsInSelenium.Parameterized" name="TestCase4" time="0.000"/>
  <testcase classname="seleniumpractice.WaitsInSelenium.Parameterized" name="TestCase4" time="0.002"/>
  <testcase classname="seleniumpractice.WaitsInSelenium.Parameterized" name="TestCase4" time="0.001"/>
  <testcase classname="seleniumpractice.WaitsInSelenium.Parameterized" name="TestCase4" time="0.001"/>
  <testcase classname="seleniumpractice.WaitsInSelenium.Parameterized" name="TestCase4" time="0.000"/>
  <testcase classname="seleniumpractice.WaitsInSelenium.Parameterized" name="TestCase4" time="0.001"/>
  <testcase classname="seleniumpractice.WaitsInSelenium.Parameterized" name="TestCase4" time="0.000"/>
  <testcase classname="seleniumpractice.WaitsInSelenium.Parameterized" name="TestCase4" time="0.000"/>
  <testcase classname="seleniumpractice.WaitsInSelenium.Parameterized" name="TestCase4" time="0.001"/>
  <testcase classname="seleniumpractice.WaitsInSelenium.Parameterized" name="TestCase4" time="0.000"/>
  <testcase classname="seleniumpractice.WaitsInSelenium.Parameterized" name="TestCase4" time="0.001"/>
  <testcase classname="seleniumpractice.WaitsInSelenium.Parameterized" name="TestCase4" time="0.000"/>
  <testcase classname="seleniumpractice.WaitsInSelenium.Parameterized" name="TestCase4" time="0.000"/>
  <testcase classname="seleniumpractice.WaitsInSelenium.Parameterized" name="TestCase4" time="0.000"/>
  <testcase classname="seleniumpractice.WaitsInSelenium.Parameterized" name="TestCase4" time="0.000"/>
  <testcase classname="seleniumpractice.WaitsInSelenium.Parameterized" name="TestCase4" time="0.000"/>
  <testcase classname="seleniumpractice.WaitsInSelenium.Parameterized" name="TestCase4" time="0.001"/>
  <testcase classname="seleniumpractice.WaitsInSelenium.Parameterized" name="TestCase4" time="0.001"/>
  <testcase classname="seleniumpractice.WaitsInSelenium.Parameterized" name="TestCase4" time="0.000"/>
  <testcase classname="seleniumpractice.WaitsInSelenium.Parameterized" name="TestCase4" time="0.001"/>
  <testcase classname="seleniumpractice.WaitsInSelenium.Parameterized" name="TestCase4" time="0.000"/>
  <testcase classname="seleniumpractice.WaitsInSelenium.Parameterized" name="TestCase4" time="0.000"/>
  <testcase classname="seleniumpractice.WaitsInSelenium.Parameterized" name="TestCase4" time="0.001"/>
  <testcase classname="seleniumpractice.WaitsInSelenium.Parameterized" name="TestCase4" time="0.000"/>
  <testcase classname="seleniumpractice.WaitsInSelenium.Parameterized" name="TestCase4" time="0.001"/>
  <testcase classname="seleniumpractice.WaitsInSelenium.Parameterized" name="TestCase4" time="0.000"/>
  <testcase classname="seleniumpractice.WaitsInSelenium.Parameterized" name="TestCase4" time="0.000"/>
  <testcase classname="seleniumpractice.WaitsInSelenium.Parameterized" name="TestCase4" time="0.000"/>
  <testcase classname="seleniumpractice.WaitsInSelenium.Parameterized" name="TestCase4" time="0.000"/>
  <testcase classname="seleniumpractice.WaitsInSelenium.Parameterized" name="TestCase4" time="0.000"/>
  <testcase classname="seleniumpractice.WaitsInSelenium.Parameterized" name="TestCase4" time="0.000"/>
  <testcase classname="seleniumpractice.WaitsInSelenium.Parameterized" name="TestCase4" time="0.000"/>
  <testcase classname="seleniumpractice.WaitsInSelenium.Parameterized" name="TestCase4" time="0.000"/>
  <testcase classname="seleniumpractice.WaitsInSelenium.Parameterized" name="TestCase4" time="0.000"/>
  <testcase classname="seleniumpractice.WaitsInSelenium.Parameterized" name="TestCase4" time="0.001"/>
  <testcase classname="seleniumpractice.WaitsInSelenium.Parameterized" name="TestCase4" time="0.000"/>
  <testcase classname="seleniumpractice.WaitsInSelenium.Parameterized" name="TestCase4" time="0.000"/>
  <testcase classname="seleniumpractice.WaitsInSelenium.Parameterized" name="TestCase4" time="0.000"/>
  <testcase classname="seleniumpractice.WaitsInSelenium.Parameterized" name="TestCase4" time="0.000"/>
  <testcase classname="seleniumpractice.WaitsInSelenium.Parameterized" name="TestCase4" time="0.000"/>
  <testcase classname="seleniumpractice.WaitsInSelenium.Parameterized" name="TestCase4" time="0.000"/>
  <testcase classname="seleniumpractice.WaitsInSelenium.Parameterized" name="TestCase4" time="0.002"/>
  <testcase classname="seleniumpractice.WaitsInSelenium.Parameterized" name="TestCase4" time="0.000"/>
  <testcase classname="seleniumpractice.WaitsInSelenium.Parameterized" name="TestCase4" time="0.000"/>
  <testcase classname="seleniumpractice.WaitsInSelenium.Parameterized" name="TestCase4" time="0.000"/>
  <testcase classname="seleniumpractice.WaitsInSelenium.Parameterized" name="TestCase4" time="0.001"/>
  <testcase classname="seleniumpractice.WaitsInSelenium.Parameterized" name="TestCase4" time="0.000"/>
  <testcase classname="seleniumpractice.WaitsInSelenium.Parameterized" name="TestCase4" time="0.001"/>
  <testcase classname="seleniumpractice.WaitsInSelenium.Parameterized" name="TestCase4" time="0.000"/>
  <testcase classname="seleniumpractice.WaitsInSelenium.Parameterized" name="TestCase4" time="0.000"/>
  <testcase classname="seleniumpractice.WaitsInSelenium.Parameterized" name="TestCase4" time="0.000"/>
  <testcase classname="seleniumpractice.WaitsInSelenium.Parameterized" name="TestCase4" time="0.001"/>
  <testcase classname="seleniumpractice.WaitsInSelenium.Parameterized" name="TestCase4" time="0.000"/>
  <testcase classname="seleniumpractice.WaitsInSelenium.Parameterized" name="TestCase4" time="0.001"/>
  <testcase classname="seleniumpractice.WaitsInSelenium.Parameterized" name="TestCase4" time="0.000"/>
  <testcase classname="seleniumpractice.WaitsInSelenium.Parameterized" name="TestCase4" time="0.000"/>
  <testcase classname="seleniumpractice.WaitsInSelenium.Parameterized" name="TestCase4" time="0.000"/>
  <testcase classname="seleniumpractice.WaitsInSelenium.Parameterized" name="TestCase4" time="0.000"/>
  <testcase classname="seleniumpractice.WaitsInSelenium.Parameterized" name="TestCase4" time="0.000"/>
  <testcase classname="seleniumpractice.WaitsInSelenium.Parameterized" name="TestCase4" time="0.000"/>
  <testcase classname="seleniumpractice.WaitsInSelenium.Parameterized" name="TestCase4" time="0.000"/>
  <testcase classname="seleniumpractice.WaitsInSelenium.Parameterized" name="TestCase4" time="0.000"/>
  <testcase classname="seleniumpractice.WaitsInSelenium.Parameterized" name="TestCase4" time="0.001"/>
  <testcase classname="seleniumpractice.WaitsInSelenium.Parameterized" name="TestCase4" time="0.000"/>
  <testcase classname="seleniumpractice.WaitsInSelenium.Parameterized" name="TestCase4" time="0.000"/>
  <testcase classname="seleniumpractice.WaitsInSelenium.Parameterized" name="TestCase4" time="0.000"/>
  <testcase classname="seleniumpractice.WaitsInSelenium.Parameterized" name="TestCase4" time="0.000"/>
  <testcase classname="seleniumpractice.WaitsInSelenium.Parameterized" name="TestCase4" time="0.000"/>
  <testcase classname="seleniumpractice.WaitsInSelenium.Parameterized" name="TestCase4" time="0.001"/>
  <testcase classname="seleniumpractice.WaitsInSelenium.Parameterized" name="TestCase4" time="0.000"/>
  <testcase classname="seleniumpractice.WaitsInSelenium.Parameterized" name="TestCase4" time="0.000"/>
  <testcase classname="seleniumpractice.WaitsInSelenium.Parameterized" name="TestCase4" time="0.000"/>
  <testcase classname="seleniumpractice.WaitsInSelenium.Parameterized" name="TestCase4" time="0.001"/>
  <testcase classname="seleniumpractice.WaitsInSelenium.Parameterized" name="TestCase4" time="0.001"/>
  <testcase classname="seleniumpractice.WaitsInSelenium.Parameterized" name="TestCase4" time="0.000"/>
  <testcase classname="seleniumpractice.WaitsInSelenium.Parameterized" name="TestCase4" time="0.000"/>
  <testcase classname="seleniumpractice.WaitsInSelenium.Parameterized" name="TestCase4" time="0.001"/>
  <testcase classname="seleniumpractice.WaitsInSelenium.Parameterized" name="TestCase4" time="0.000"/>
  <testcase classname="seleniumpractice.WaitsInSelenium.Parameterized" name="TestCase4" time="0.001"/>
  <testcase classname="seleniumpractice.WaitsInSelenium.Parameterized" name="TestCase4" time="0.000"/>
  <testcase classname="seleniumpractice.WaitsInSelenium.Parameterized" name="TestCase4" time="0.001"/>
  <testcase classname="seleniumpractice.WaitsInSelenium.Parameterized" name="TestCase4" time="0.002"/>
  <testcase classname="seleniumpractice.WaitsInSelenium.Parameterized" name="TestCase4" time="0.001"/>
  <testcase classname="seleniumpractice.WaitsInSelenium.Parameterized" name="TestCase4" time="0.000"/>
  <testcase classname="seleniumpractice.WaitsInSelenium.Parameterized" name="TestCase4" time="0.000"/>
  <testcase classname="seleniumpractice.WaitsInSelenium.Parameterized" name="TestCase4" time="0.001"/>
  <testcase classname="seleniumpractice.WaitsInSelenium.Parameterized" name="TestCase4" time="0.000"/>
  <testcase classname="seleniumpractice.WaitsInSelenium.Parameterized" name="TestCase4" time="0.001"/>
  <testcase classname="seleniumpractice.WaitsInSelenium.Parameterized" name="TestCase4" time="0.000"/>
  <testcase classname="seleniumpractice.WaitsInSelenium.Parameterized" name="TestCase4" time="0.001"/>
  <testcase classname="seleniumpractice.WaitsInSelenium.Parameterized" name="TestCase4" time="0.003"/>
  <testcase classname="seleniumpractice.WaitsInSelenium.Parameterized" name="TestCase4" time="0.000"/>
  <testcase classname="seleniumpractice.WaitsInSelenium.Parameterized" name="TestCase4" time="0.001"/>
  <testcase classname="seleniumpractice.WaitsInSelenium.Parameterized" name="TestCase4" time="0.001"/>
  <testcase classname="seleniumpractice.WaitsInSelenium.Parameterized" name="TestCase4" time="0.000"/>
  <testcase classname="seleniumpractice.WaitsInSelenium.Parameterized" name="TestCase4" time="0.000"/>
  <testcase classname="seleniumpractice.WaitsInSelenium.Parameterized" name="TestCase4" time="0.000"/>
  <testcase classname="seleniumpractice.WaitsInSelenium.Parameterized" name="TestCase4" time="0.001"/>
  <testcase classname="seleniumpractice.WaitsInSelenium.Parameterized" name="TestCase4" time="0.000"/>
  <testcase classname="seleniumpractice.WaitsInSelenium.Parameterized" name="TestCase4" time="0.001"/>
  <testcase classname="seleniumpractice.WaitsInSelenium.Parameterized" name="TestCase4" time="0.000"/>
  <testcase classname="seleniumpractice.WaitsInSelenium.Parameterized" name="TestCase4" time="0.001"/>
  <testcase classname="seleniumpractice.WaitsInSelenium.Parameterized" name="TestCase4" time="0.000"/>
  <testcase classname="seleniumpractice.WaitsInSelenium.Parameterized" name="TestCase4" time="0.000"/>
  <testcase classname="seleniumpractice.WaitsInSelenium.Parameterized" name="TestCase4" time="0.001"/>
  <testcase classname="seleniumpractice.WaitsInSelenium.Parameterized" name="TestCase4" time="0.001"/>
  <testcase classname="seleniumpractice.WaitsInSelenium.Parameterized" name="TestCase4" time="0.000"/>
  <testcase classname="seleniumpractice.WaitsInSelenium.Parameterized" name="TestCase4" time="0.000"/>
  <testcase classname="seleniumpractice.WaitsInSelenium.Parameterized" name="TestCase4" time="0.000"/>
  <testcase classname="seleniumpractice.WaitsInSelenium.Parameterized" name="TestCase4" time="0.001"/>
  <testcase classname="seleniumpractice.WaitsInSelenium.Parameterized" name="TestCase4" time="0.001"/>
  <testcase classname="seleniumpractice.WaitsInSelenium.Parameterized" name="TestCase4" time="0.007"/>
  <testcase classname="seleniumpractice.WaitsInSelenium.Parameterized" name="TestCase4" time="0.000"/>
  <testcase classname="seleniumpractice.WaitsInSelenium.Parameterized" name="TestCase4" time="0.000"/>
  <testcase classname="seleniumpractice.WaitsInSelenium.Parameterized" name="TestCase4" time="0.000"/>
  <testcase classname="seleniumpractice.WaitsInSelenium.Parameterized" name="TestCase4" time="0.000"/>
  <testcase classname="seleniumpractice.WaitsInSelenium.Parameterized" name="TestCase4" time="0.000"/>
  <testcase classname="seleniumpractice.WaitsInSelenium.Parameterized" name="TestCase4" time="0.000"/>
  <testcase classname="seleniumpractice.WaitsInSelenium.Parameterized" name="TestCase4" time="0.000"/>
  <testcase classname="seleniumpractice.WaitsInSelenium.Parameterized" name="TestCase4" time="0.000"/>
  <testcase classname="seleniumpractice.WaitsInSelenium.Parameterized" name="TestCase4" time="0.000"/>
  <testcase classname="seleniumpractice.WaitsInSelenium.Parameterized" name="TestCase4" time="0.000"/>
  <testcase classname="seleniumpractice.WaitsInSelenium.Parameterized" name="TestCase4" time="0.000"/>
  <testcase classname="seleniumpractice.WaitsInSelenium.Parameterized" name="TestCase4" time="0.000"/>
  <testcase classname="seleniumpractice.WaitsInSelenium.Parameterized" name="TestCase4" time="0.001"/>
  <testcase classname="seleniumpractice.WaitsInSelenium.Parameterized" name="TestCase4" time="0.000"/>
  <testcase classname="seleniumpractice.WaitsInSelenium.Parameterized" name="TestCase4" time="0.000"/>
  <testcase classname="seleniumpractice.WaitsInSelenium.Parameterized" name="TestCase4" time="0.001"/>
  <testcase classname="seleniumpractice.WaitsInSelenium.Parameterized" name="TestCase4" time="0.000"/>
  <testcase classname="seleniumpractice.WaitsInSelenium.Parameterized" name="TestCase4" time="0.000"/>
  <testcase classname="seleniumpractice.WaitsInSelenium.Parameterized" name="TestCase4" time="0.000"/>
  <testcase classname="seleniumpractice.WaitsInSelenium.Parameterized" name="TestCase4" time="0.000"/>
  <testcase classname="seleniumpractice.WaitsInSelenium.Parameterized" name="TestCase4" time="0.001"/>
  <testcase classname="seleniumpractice.WaitsInSelenium.Parameterized" name="TestCase4" time="0.000"/>
  <testcase classname="seleniumpractice.WaitsInSelenium.Parameterized" name="TestCase4" time="0.000"/>
  <testcase classname="seleniumpractice.WaitsInSelenium.Parameterized" name="TestCase4" time="0.000"/>
  <testcase classname="seleniumpractice.WaitsInSelenium.Parameterized" name="TestCase4" time="0.000"/>
  <testcase classname="seleniumpractice.WaitsInSelenium.Parameterized" name="TestCase4" time="0.000"/>
  <testcase classname="seleniumpractice.WaitsInSelenium.Parameterized" name="TestCase4" time="0.001"/>
  <testcase classname="seleniumpractice.WaitsInSelenium.Parameterized" name="TestCase4" time="0.000"/>
  <testcase classname="seleniumpractice.WaitsInSelenium.Parameterized" name="TestCase4" time="0.001"/>
  <testcase classname="seleniumpractice.WaitsInSelenium.Parameterized" name="TestCase4" time="0.000"/>
  <testcase classname="seleniumpractice.WaitsInSelenium.Parameterized" name="TestCase4" time="0.001"/>
  <testcase classname="seleniumpractice.WaitsInSelenium.Parameterized" name="TestCase4" time="0.001"/>
  <testcase classname="seleniumpractice.WaitsInSelenium.Parameterized" name="TestCase4" time="0.001"/>
  <testcase classname="seleniumpractice.WaitsInSelenium.Parameterized" name="TestCase4" time="0.000"/>
  <testcase classname="seleniumpractice.WaitsInSelenium.Parameterized" name="TestCase4" time="0.000"/>
  <testcase classname="seleniumpractice.WaitsInSelenium.Parameterized" name="TestCase4" time="0.000"/>
  <testcase classname="seleniumpractice.WaitsInSelenium.Parameterized" name="TestCase4" time="0.001"/>
  <testcase classname="seleniumpractice.WaitsInSelenium.Parameterized" name="TestCase4" time="0.000"/>
  <testcase classname="seleniumpractice.WaitsInSelenium.Parameterized" name="TestCase4" time="0.000"/>
  <testcase classname="seleniumpractice.WaitsInSelenium.Parameterized" name="TestCase4" time="0.000"/>
  <testcase classname="seleniumpractice.WaitsInSelenium.Parameterized" name="TestCase4" time="0.001"/>
  <testcase classname="seleniumpractice.WaitsInSelenium.Parameterized" name="TestCase4" time="0.000"/>
  <testcase classname="seleniumpractice.WaitsInSelenium.Parameterized" name="TestCase4" time="0.000"/>
  <testcase classname="seleniumpractice.WaitsInSelenium.Parameterized" name="TestCase4" time="0.000"/>
  <testcase classname="seleniumpractice.WaitsInSelenium.Parameterized" name="TestCase4" time="0.000"/>
  <testcase classname="seleniumpractice.WaitsInSelenium.Parameterized" name="TestCase4" time="0.000"/>
  <testcase classname="seleniumpractice.WaitsInSelenium.Parameterized" name="TestCase4" time="0.000"/>
  <testcase classname="seleniumpractice.WaitsInSelenium.Parameterized" name="TestCase4" time="0.001"/>
  <testcase classname="seleniumpractice.WaitsInSelenium.Parameterized" name="TestCase4" time="0.000"/>
  <testcase classname="seleniumpractice.WaitsInSelenium.Parameterized" name="TestCase4" time="0.000"/>
  <testcase classname="seleniumpractice.WaitsInSelenium.Parameterized" name="TestCase4" time="0.000"/>
  <testcase classname="seleniumpractice.WaitsInSelenium.Parameterized" name="TestCase4" time="0.001"/>
  <testcase classname="seleniumpractice.WaitsInSelenium.Parameterized" name="TestCase4" time="0.000"/>
  <testcase classname="seleniumpractice.WaitsInSelenium.Parameterized" name="TestCase4" time="0.000"/>
  <testcase classname="seleniumpractice.WaitsInSelenium.Parameterized" name="TestCase4" time="0.000"/>
  <testcase classname="seleniumpractice.WaitsInSelenium.Parameterized" name="TestCase4" time="0.000"/>
  <testcase classname="seleniumpractice.WaitsInSelenium.Parameterized" name="TestCase4" time="0.000"/>
  <testcase classname="seleniumpractice.WaitsInSelenium.Parameterized" name="TestCase4" time="0.000"/>
  <testcase classname="seleniumpractice.WaitsInSelenium.Parameterized" name="TestCase4" time="0.001"/>
  <testcase classname="seleniumpractice.WaitsInSelenium.Parameterized" name="TestCase4" time="0.001"/>
  <testcase classname="seleniumpractice.WaitsInSelenium.Parameterized" name="TestCase4" time="0.000"/>
  <testcase classname="seleniumpractice.WaitsInSelenium.Parameterized" name="TestCase4" time="0.000"/>
  <testcase classname="seleniumpractice.WaitsInSelenium.Parameterized" name="TestCase4" time="0.000"/>
  <testcase classname="seleniumpractice.WaitsInSelenium.Parameterized" name="TestCase4" time="0.001"/>
  <testcase classname="seleniumpractice.WaitsInSelenium.Parameterized" name="TestCase4" time="0.001"/>
  <testcase classname="seleniumpractice.WaitsInSelenium.Parameterized" name="TestCase4" time="0.000"/>
  <testcase classname="seleniumpractice.WaitsInSelenium.Parameterized" name="TestCase4" time="0.000"/>
  <testcase classname="seleniumpractice.WaitsInSelenium.Parameterized" name="TestCase4" time="0.002"/>
  <testcase classname="seleniumpractice.WaitsInSelenium.Parameterized" name="TestCase4" time="0.000"/>
  <testcase classname="seleniumpractice.WaitsInSelenium.Parameterized" name="TestCase4" time="0.000"/>
  <testcase classname="seleniumpractice.WaitsInSelenium.Parameterized" name="TestCase4" time="0.000"/>
  <testcase classname="seleniumpractice.WaitsInSelenium.Parameterized" name="TestCase4" time="0.000"/>
  <testcase classname="seleniumpractice.WaitsInSelenium.Parameterized" name="TestCase4" time="0.000"/>
  <testcase classname="seleniumpractice.WaitsInSelenium.Parameterized" name="TestCase4" time="0.001"/>
  <testcase classname="seleniumpractice.WaitsInSelenium.Parameterized" name="TestCase4" time="0.000"/>
  <testcase classname="seleniumpractice.WaitsInSelenium.Parameterized" name="TestCase4" time="0.000"/>
  <testcase classname="seleniumpractice.WaitsInSelenium.Parameterized" name="TestCase4" time="0.000"/>
  <testcase classname="seleniumpractice.WaitsInSelenium.Parameterized" name="TestCase4" time="0.000"/>
  <testcase classname="seleniumpractice.WaitsInSelenium.Parameterized" name="TestCase4" time="0.000"/>
  <testcase classname="seleniumpractice.WaitsInSelenium.Parameterized" name="TestCase4" time="0.000"/>
  <testcase classname="seleniumpractice.WaitsInSelenium.Parameterized" name="TestCase4" time="0.000"/>
  <testcase classname="seleniumpractice.WaitsInSelenium.Parameterized" name="TestCase4" time="0.001"/>
  <testcase classname="seleniumpractice.WaitsInSelenium.Parameterized" name="TestCase4" time="0.000"/>
  <testcase classname="seleniumpractice.WaitsInSelenium.Parameterized" name="TestCase4" time="0.001"/>
  <testcase classname="seleniumpractice.WaitsInSelenium.Parameterized" name="TestCase4" time="0.000"/>
  <testcase classname="seleniumpractice.WaitsInSelenium.Parameterized" name="TestCase4" time="0.000"/>
  <testcase classname="seleniumpractice.WaitsInSelenium.Parameterized" name="TestCase4" time="0.001"/>
  <testcase classname="seleniumpractice.WaitsInSelenium.Parameterized" name="TestCase4" time="0.001"/>
  <testcase classname="seleniumpractice.WaitsInSelenium.Parameterized" name="TestCase4" time="0.002"/>
  <testcase classname="seleniumpractice.WaitsInSelenium.Parameterized" name="TestCase4" time="0.001"/>
  <testcase classname="seleniumpractice.WaitsInSelenium.Parameterized" name="TestCase4" time="0.001"/>
  <testcase classname="seleniumpractice.WaitsInSelenium.Parameterized" name="TestCase4" time="0.000"/>
  <testcase classname="seleniumpractice.WaitsInSelenium.Parameterized" name="TestCase4" time="0.002"/>
  <testcase classname="seleniumpractice.WaitsInSelenium.Parameterized" name="TestCase4" time="0.000"/>
  <testcase classname="seleniumpractice.WaitsInSelenium.Parameterized" name="TestCase4" time="0.000"/>
  <testcase classname="seleniumpractice.WaitsInSelenium.Parameterized" name="TestCase4" time="0.000"/>
  <testcase classname="seleniumpractice.WaitsInSelenium.Parameterized" name="TestCase4" time="0.000"/>
  <testcase classname="seleniumpractice.WaitsInSelenium.Parameterized" name="TestCase4" time="0.001"/>
  <testcase classname="seleniumpractice.WaitsInSelenium.Parameterized" name="TestCase4" time="0.000"/>
  <testcase classname="seleniumpractice.WaitsInSelenium.Parameterized" name="TestCase4" time="0.000"/>
  <testcase classname="seleniumpractice.WaitsInSelenium.Parameterized" name="TestCase4" time="0.000"/>
  <testcase classname="seleniumpractice.WaitsInSelenium.Parameterized" name="TestCase4" time="0.000"/>
  <testcase classname="seleniumpractice.WaitsInSelenium.Parameterized" name="TestCase4" time="0.000"/>
  <testcase classname="seleniumpractice.WaitsInSelenium.Parameterized" name="TestCase4" time="0.000"/>
  <testcase classname="seleniumpractice.WaitsInSelenium.Parameterized" name="TestCase4" time="0.000"/>
  <testcase classname="seleniumpractice.WaitsInSelenium.Parameterized" name="TestCase4" time="0.000"/>
  <testcase classname="seleniumpractice.WaitsInSelenium.Parameterized" name="TestCase4" time="0.000"/>
  <testcase classname="seleniumpractice.WaitsInSelenium.Parameterized" name="TestCase4" time="0.000"/>
  <testcase classname="seleniumpractice.WaitsInSelenium.Parameterized" name="TestCase4" time="0.001"/>
  <testcase classname="seleniumpractice.WaitsInSelenium.Parameterized" name="TestCase4" time="0.000"/>
  <testcase classname="seleniumpractice.WaitsInSelenium.Parameterized" name="TestCase4" time="0.000"/>
  <testcase classname="seleniumpractice.WaitsInSelenium.Parameterized" name="TestCase4" time="0.000"/>
  <testcase classname="seleniumpractice.WaitsInSelenium.Parameterized" name="TestCase4" time="0.000"/>
  <testcase classname="seleniumpractice.WaitsInSelenium.Parameterized" name="TestCase4" time="0.000"/>
  <testcase classname="seleniumpractice.WaitsInSelenium.Parameterized" name="TestCase4" time="0.000"/>
  <testcase classname="seleniumpractice.WaitsInSelenium.Parameterized" name="TestCase4" time="0.000"/>
  <testcase classname="seleniumpractice.WaitsInSelenium.Parameterized" name="TestCase4" time="0.000"/>
  <testcase classname="seleniumpractice.WaitsInSelenium.Parameterized" name="TestCase4" time="0.000"/>
  <testcase classname="seleniumpractice.WaitsInSelenium.Parameterized" name="TestCase4" time="0.001"/>
  <testcase classname="seleniumpractice.WaitsInSelenium.Parameterized" name="TestCase4" time="0.001"/>
  <testcase classname="seleniumpractice.WaitsInSelenium.Parameterized" name="TestCase4" time="0.000"/>
  <testcase classname="seleniumpractice.WaitsInSelenium.Parameterized" name="TestCase4" time="0.000"/>
  <testcase classname="seleniumpractice.WaitsInSelenium.Parameterized" name="TestCase4" time="0.001"/>
  <testcase classname="seleniumpractice.WaitsInSelenium.Parameterized" name="TestCase4" time="0.000"/>
  <testcase classname="seleniumpractice.WaitsInSelenium.Parameterized" name="TestCase4" time="0.000"/>
  <testcase classname="seleniumpractice.WaitsInSelenium.Parameterized" name="TestCase4" time="0.000"/>
  <testcase classname="seleniumpractice.WaitsInSelenium.Parameterized" name="TestCase4" time="0.000"/>
  <testcase classname="seleniumpractice.WaitsInSelenium.Parameterized" name="TestCase4" time="0.001"/>
  <testcase classname="seleniumpractice.WaitsInSelenium.Parameterized" name="TestCase4" time="0.000"/>
  <testcase classname="seleniumpractice.WaitsInSelenium.Parameterized" name="TestCase4" time="0.000"/>
  <testcase classname="seleniumpractice.WaitsInSelenium.Parameterized" name="TestCase4" time="0.000"/>
  <testcase classname="seleniumpractice.WaitsInSelenium.Parameterized" name="TestCase4" time="0.000"/>
  <testcase classname="seleniumpractice.WaitsInSelenium.Parameterized" name="TestCase4" time="0.000"/>
  <testcase classname="seleniumpractice.WaitsInSelenium.Parameterized" name="TestCase4" time="0.001"/>
  <testcase classname="seleniumpractice.WaitsInSelenium.Parameterized" name="TestCase4" time="0.000"/>
  <testcase classname="seleniumpractice.WaitsInSelenium.Parameterized" name="TestCase4" time="0.000"/>
  <testcase classname="seleniumpractice.WaitsInSelenium.Parameterized" name="TestCase4" time="0.000"/>
  <testcase classname="seleniumpractice.WaitsInSelenium.Parameterized" name="TestCase4" time="0.000"/>
  <testcase classname="seleniumpractice.WaitsInSelenium.Parameterized" name="TestCase4" time="0.001"/>
  <testcase classname="seleniumpractice.WaitsInSelenium.Parameterized" name="TestCase4" time="0.000"/>
  <testcase classname="seleniumpractice.WaitsInSelenium.Parameterized" name="TestCase4" time="0.000"/>
  <testcase classname="seleniumpractice.WaitsInSelenium.Parameterized" name="TestCase4" time="0.000"/>
  <testcase classname="seleniumpractice.WaitsInSelenium.Parameterized" name="TestCase4" time="0.000"/>
  <testcase classname="seleniumpractice.WaitsInSelenium.Parameterized" name="TestCase4" time="0.000"/>
  <testcase classname="seleniumpractice.WaitsInSelenium.Parameterized" name="TestCase4" time="0.001"/>
  <testcase classname="seleniumpractice.WaitsInSelenium.Parameterized" name="TestCase4" time="0.002"/>
  <testcase classname="seleniumpractice.WaitsInSelenium.Parameterized" name="TestCase4" time="0.001"/>
  <testcase classname="seleniumpractice.WaitsInSelenium.Parameterized" name="TestCase4" time="0.000"/>
  <testcase classname="seleniumpractice.WaitsInSelenium.Parameterized" name="TestCase4" time="0.000"/>
  <testcase classname="seleniumpractice.WaitsInSelenium.Parameterized" name="TestCase4" time="0.000"/>
  <testcase classname="seleniumpractice.WaitsInSelenium.Parameterized" name="TestCase4" time="0.001"/>
  <testcase classname="seleniumpractice.WaitsInSelenium.Parameterized" name="TestCase4" time="0.000"/>
  <testcase classname="seleniumpractice.WaitsInSelenium.Parameterized" name="TestCase4" time="0.001"/>
  <testcase classname="seleniumpractice.WaitsInSelenium.Parameterized" name="TestCase4" time="0.000"/>
  <testcase classname="seleniumpractice.WaitsInSelenium.Parameterized" name="TestCase4" time="0.000"/>
  <testcase classname="seleniumpractice.WaitsInSelenium.Parameterized" name="TestCase4" time="0.000"/>
  <testcase classname="seleniumpractice.WaitsInSelenium.Parameterized" name="TestCase4" time="0.000"/>
  <testcase classname="seleniumpractice.WaitsInSelenium.Parameterized" name="TestCase4" time="0.001"/>
  <testcase classname="seleniumpractice.WaitsInSelenium.Parameterized" name="TestCase4" time="0.001"/>
  <testcase classname="seleniumpractice.WaitsInSelenium.Parameterized" name="TestCase4" time="0.000"/>
  <testcase classname="seleniumpractice.WaitsInSelenium.Parameterized" name="TestCase4" time="0.000"/>
  <testcase classname="seleniumpractice.WaitsInSelenium.Parameterized" name="TestCase4" time="0.000"/>
  <testcase classname="seleniumpractice.WaitsInSelenium.Parameterized" name="TestCase4" time="0.001"/>
  <testcase classname="seleniumpractice.WaitsInSelenium.Parameterized" name="TestCase4" time="0.000"/>
  <testcase classname="seleniumpractice.WaitsInSelenium.Parameterized" name="TestCase4" time="0.000"/>
  <testcase classname="seleniumpractice.WaitsInSelenium.Parameterized" name="TestCase4" time="0.001"/>
  <testcase classname="seleniumpractice.WaitsInSelenium.Parameterized" name="TestCase4" time="0.000"/>
  <testcase classname="seleniumpractice.WaitsInSelenium.Parameterized" name="TestCase4" time="0.000"/>
  <testcase classname="seleniumpractice.WaitsInSelenium.Parameterized" name="TestCase4" time="0.000"/>
  <testcase classname="seleniumpractice.WaitsInSelenium.Parameterized" name="TestCase4" time="0.001"/>
  <testcase classname="seleniumpractice.WaitsInSelenium.Parameterized" name="TestCase4" time="0.000"/>
  <testcase classname="seleniumpractice.WaitsInSelenium.Parameterized" name="TestCase4" time="0.000"/>
  <testcase classname="seleniumpractice.WaitsInSelenium.Parameterized" name="TestCase4" time="0.000"/>
  <testcase classname="seleniumpractice.WaitsInSelenium.Parameterized" name="TestCase4" time="0.000"/>
  <testcase classname="seleniumpractice.WaitsInSelenium.Parameterized" name="TestCase4" time="0.003"/>
  <testcase classname="seleniumpractice.WaitsInSelenium.Parameterized" name="TestCase4" time="0.000"/>
  <testcase classname="seleniumpractice.WaitsInSelenium.Parameterized" name="TestCase4" time="0.000"/>
  <testcase classname="seleniumpractice.WaitsInSelenium.Parameterized" name="TestCase4" time="0.000"/>
  <testcase classname="seleniumpractice.WaitsInSelenium.Parameterized" name="TestCase4" time="0.000"/>
  <testcase classname="seleniumpractice.WaitsInSelenium.Parameterized" name="TestCase4" time="0.000"/>
  <testcase classname="seleniumpractice.WaitsInSelenium.Parameterized" name="TestCase4" time="0.001"/>
  <testcase classname="seleniumpractice.WaitsInSelenium.Parameterized" name="TestCase4" time="0.000"/>
  <testcase classname="seleniumpractice.WaitsInSelenium.Parameterized" name="TestCase4" time="0.000"/>
  <testcase classname="seleniumpractice.WaitsInSelenium.Parameterized" name="TestCase4" time="0.000"/>
  <testcase classname="seleniumpractice.WaitsInSelenium.Parameterized" name="TestCase4" time="0.000"/>
  <testcase classname="seleniumpractice.WaitsInSelenium.Parameterized" name="TestCase4" time="0.000"/>
  <testcase classname="seleniumpractice.WaitsInSelenium.Parameterized" name="TestCase4" time="0.000"/>
  <testcase classname="seleniumpractice.WaitsInSelenium.Parameterized" name="TestCase4" time="0.001"/>
  <testcase classname="seleniumpractice.WaitsInSelenium.Parameterized" name="TestCase4" time="0.000"/>
  <testcase classname="seleniumpractice.WaitsInSelenium.Parameterized" name="TestCase4" time="0.000"/>
  <testcase classname="seleniumpractice.WaitsInSelenium.Parameterized" name="TestCase4" time="0.001"/>
  <testcase classname="seleniumpractice.WaitsInSelenium.Parameterized" name="TestCase4" time="0.000"/>
  <testcase classname="seleniumpractice.WaitsInSelenium.Parameterized" name="TestCase4" time="0.001"/>
  <testcase classname="seleniumpractice.WaitsInSelenium.Parameterized" name="TestCase4" time="0.000"/>
  <testcase classname="seleniumpractice.WaitsInSelenium.Parameterized" name="TestCase4" time="0.000"/>
  <testcase classname="seleniumpractice.WaitsInSelenium.Parameterized" name="TestCase4" time="0.001"/>
  <testcase classname="seleniumpractice.WaitsInSelenium.Parameterized" name="TestCase4" time="0.000"/>
  <testcase classname="seleniumpractice.WaitsInSelenium.Parameterized" name="TestCase4" time="0.000"/>
  <testcase classname="seleniumpractice.WaitsInSelenium.Parameterized" name="TestCase4" time="0.001"/>
  <testcase classname="seleniumpractice.WaitsInSelenium.Parameterized" name="TestCase4" time="0.000"/>
  <testcase classname="seleniumpractice.WaitsInSelenium.Parameterized" name="TestCase4" time="0.000"/>
  <testcase classname="seleniumpractice.WaitsInSelenium.Parameterized" name="TestCase4" time="0.001"/>
  <testcase classname="seleniumpractice.WaitsInSelenium.Parameterized" name="TestCase4" time="0.000"/>
  <testcase classname="seleniumpractice.WaitsInSelenium.Parameterized" name="TestCase4" time="0.000"/>
  <testcase classname="seleniumpractice.WaitsInSelenium.Parameterized" name="TestCase4" time="0.000"/>
  <testcase classname="seleniumpractice.WaitsInSelenium.Parameterized" name="TestCase4" time="0.000"/>
  <testcase classname="seleniumpractice.WaitsInSelenium.Parameterized" name="TestCase4" time="0.000"/>
  <testcase classname="seleniumpractice.WaitsInSelenium.Parameterized" name="TestCase4" time="0.001"/>
  <testcase classname="seleniumpractice.WaitsInSelenium.Parameterized" name="TestCase4" time="0.000"/>
  <testcase classname="seleniumpractice.WaitsInSelenium.Parameterized" name="TestCase4" time="0.000"/>
  <testcase classname="seleniumpractice.WaitsInSelenium.Parameterized" name="TestCase4" time="0.001"/>
  <testcase classname="seleniumpractice.WaitsInSelenium.Parameterized" name="TestCase4" time="0.000"/>
  <testcase classname="seleniumpractice.WaitsInSelenium.Parameterized" name="TestCase4" time="0.001"/>
  <testcase classname="seleniumpractice.WaitsInSelenium.Parameterized" name="TestCase4" time="0.000"/>
  <testcase classname="seleniumpractice.WaitsInSelenium.Parameterized" name="TestCase4" time="0.000"/>
  <testcase classname="seleniumpractice.WaitsInSelenium.Parameterized" name="TestCase4" time="0.001"/>
  <testcase classname="seleniumpractice.WaitsInSelenium.Parameterized" name="TestCase4" time="0.000"/>
  <testcase classname="seleniumpractice.WaitsInSelenium.Parameterized" name="TestCase4" time="0.001"/>
  <testcase classname="seleniumpractice.WaitsInSelenium.Parameterized" name="TestCase4" time="0.000"/>
  <testcase classname="seleniumpractice.WaitsInSelenium.Parameterized" name="TestCase4" time="0.000"/>
  <testcase classname="seleniumpractice.WaitsInSelenium.Parameterized" name="TestCase4" time="0.000"/>
  <testcase classname="seleniumpractice.WaitsInSelenium.Parameterized" name="TestCase4" time="0.000"/>
  <testcase classname="seleniumpractice.WaitsInSelenium.Parameterized" name="TestCase4" time="0.001"/>
  <testcase classname="seleniumpractice.WaitsInSelenium.Parameterized" name="TestCase4" time="0.000"/>
  <testcase classname="seleniumpractice.WaitsInSelenium.Parameterized" name="TestCase4" time="0.001"/>
  <testcase classname="seleniumpractice.WaitsInSelenium.Parameterized" name="TestCase4" time="0.000"/>
  <testcase classname="seleniumpractice.WaitsInSelenium.Parameterized" name="TestCase4" time="0.001"/>
  <testcase classname="seleniumpractice.WaitsInSelenium.Parameterized" name="TestCase4" time="0.000"/>
  <testcase classname="seleniumpractice.WaitsInSelenium.Parameterized" name="TestCase4" time="0.000"/>
  <testcase classname="seleniumpractice.WaitsInSelenium.Parameterized" name="TestCase4" time="0.000"/>
  <testcase classname="seleniumpractice.WaitsInSelenium.Parameterized" name="TestCase4" time="0.001"/>
  <testcase classname="seleniumpractice.WaitsInSelenium.Parameterized" name="TestCase4" time="0.000"/>
  <testcase classname="seleniumpractice.WaitsInSelenium.Parameterized" name="TestCase4" time="0.000"/>
  <testcase classname="seleniumpractice.WaitsInSelenium.Parameterized" name="TestCase4" time="0.000"/>
  <testcase classname="seleniumpractice.WaitsInSelenium.Parameterized" name="TestCase4" time="0.001"/>
  <testcase classname="seleniumpractice.WaitsInSelenium.Parameterized" name="TestCase4" time="0.001"/>
  <testcase classname="seleniumpractice.WaitsInSelenium.Parameterized" name="TestCase4" time="0.000"/>
  <testcase classname="seleniumpractice.WaitsInSelenium.Parameterized" name="TestCase4" time="0.000"/>
  <testcase classname="seleniumpractice.WaitsInSelenium.Parameterized" name="TestCase4" time="0.000"/>
  <testcase classname="seleniumpractice.WaitsInSelenium.Parameterized" name="TestCase4" time="0.001"/>
  <testcase classname="seleniumpractice.WaitsInSelenium.Parameterized" name="TestCase4" time="0.000"/>
  <testcase classname="seleniumpractice.WaitsInSelenium.Parameterized" name="TestCase4" time="0.000"/>
  <testcase classname="seleniumpractice.WaitsInSelenium.Parameterized" name="TestCase4" time="0.000"/>
  <testcase classname="seleniumpractice.WaitsInSelenium.Parameterized" name="TestCase4" time="0.000"/>
  <testcase classname="seleniumpractice.WaitsInSelenium.Parameterized" name="TestCase4" time="0.000"/>
  <testcase classname="seleniumpractice.WaitsInSelenium.Parameterized" name="TestCase4" time="0.000"/>
  <testcase classname="seleniumpractice.WaitsInSelenium.Parameterized" name="TestCase4" time="0.000"/>
  <testcase classname="seleniumpractice.WaitsInSelenium.Parameterized" name="TestCase4" time="0.000"/>
  <testcase classname="seleniumpractice.WaitsInSelenium.Parameterized" name="TestCase4" time="0.000"/>
  <testcase classname="seleniumpractice.WaitsInSelenium.Parameterized" name="TestCase4" time="0.000"/>
  <testcase classname="seleniumpractice.WaitsInSelenium.Parameterized" name="TestCase4" time="0.001"/>
  <testcase classname="seleniumpractice.WaitsInSelenium.Parameterized" name="TestCase4" time="0.000"/>
  <testcase classname="seleniumpractice.WaitsInSelenium.Parameterized" name="TestCase4" time="0.000"/>
  <testcase classname="seleniumpractice.WaitsInSelenium.Parameterized" name="TestCase4" time="0.000"/>
  <testcase classname="seleniumpractice.WaitsInSelenium.Parameterized" name="TestCase4" time="0.000"/>
  <testcase classname="seleniumpractice.WaitsInSelenium.Parameterized" name="TestCase4" time="0.000"/>
  <testcase classname="seleniumpractice.WaitsInSelenium.Parameterized" name="TestCase4" time="0.000"/>
  <testcase classname="seleniumpractice.WaitsInSelenium.Parameterized" name="TestCase4" time="0.001"/>
  <testcase classname="seleniumpractice.WaitsInSelenium.Parameterized" name="TestCase4" time="0.001"/>
  <testcase classname="seleniumpractice.WaitsInSelenium.Parameterized" name="TestCase4" time="0.000"/>
  <testcase classname="seleniumpractice.WaitsInSelenium.Parameterized" name="TestCase4" time="0.000"/>
  <testcase classname="seleniumpractice.WaitsInSelenium.Parameterized" name="TestCase4" time="0.000"/>
  <testcase classname="seleniumpractice.WaitsInSelenium.Parameterized" name="TestCase4" time="0.001"/>
  <testcase classname="seleniumpractice.WaitsInSelenium.Parameterized" name="TestCase4" time="0.001"/>
  <testcase classname="seleniumpractice.WaitsInSelenium.Parameterized" name="TestCase4" time="0.000"/>
  <testcase classname="seleniumpractice.WaitsInSelenium.Parameterized" name="TestCase4" time="0.000"/>
  <testcase classname="seleniumpractice.WaitsInSelenium.Parameterized" name="TestCase4" time="0.000"/>
  <testcase classname="seleniumpractice.WaitsInSelenium.Parameterized" name="TestCase4" time="0.001"/>
  <testcase classname="seleniumpractice.WaitsInSelenium.Parameterized" name="TestCase4" time="0.000"/>
  <testcase classname="seleniumpractice.WaitsInSelenium.Parameterized" name="TestCase4" time="0.000"/>
  <testcase classname="seleniumpractice.WaitsInSelenium.Parameterized" name="TestCase4" time="0.000"/>
  <testcase classname="seleniumpractice.WaitsInSelenium.Parameterized" name="TestCase4" time="0.000"/>
  <testcase classname="seleniumpractice.WaitsInSelenium.Parameterized" name="TestCase4" time="0.001"/>
  <testcase classname="seleniumpractice.WaitsInSelenium.Parameterized" name="TestCase4" time="0.001"/>
  <testcase classname="seleniumpractice.WaitsInSelenium.Parameterized" name="TestCase4" time="0.001"/>
  <testcase classname="seleniumpractice.WaitsInSelenium.Parameterized" name="TestCase4" time="0.000"/>
  <testcase classname="seleniumpractice.WaitsInSelenium.Parameterized" name="TestCase4" time="0.000"/>
  <testcase classname="seleniumpractice.WaitsInSelenium.Parameterized" name="TestCase4" time="0.000"/>
  <testcase classname="seleniumpractice.WaitsInSelenium.Parameterized" name="TestCase4" time="0.000"/>
  <testcase classname="seleniumpractice.WaitsInSelenium.Parameterized" name="TestCase4" time="0.000"/>
  <testcase classname="seleniumpractice.WaitsInSelenium.Parameterized" name="TestCase4" time="0.000"/>
  <testcase classname="seleniumpractice.WaitsInSelenium.Parameterized" name="TestCase4" time="0.001"/>
  <testcase classname="seleniumpractice.WaitsInSelenium.Parameterized" name="TestCase4" time="0.000"/>
  <testcase classname="seleniumpractice.WaitsInSelenium.Parameterized" name="TestCase4" time="0.000"/>
  <testcase classname="seleniumpractice.WaitsInSelenium.Parameterized" name="TestCase4" time="0.000"/>
  <testcase classname="seleniumpractice.WaitsInSelenium.Parameterized" name="TestCase4" time="0.001"/>
  <testcase classname="seleniumpractice.WaitsInSelenium.Parameterized" name="TestCase4" time="0.000"/>
  <testcase classname="seleniumpractice.WaitsInSelenium.Parameterized" name="TestCase4" time="0.000"/>
  <testcase classname="seleniumpractice.WaitsInSelenium.Parameterized" name="TestCase4" time="0.000"/>
  <testcase classname="seleniumpractice.WaitsInSelenium.Parameterized" name="TestCase4" time="0.000"/>
  <testcase classname="seleniumpractice.WaitsInSelenium.Parameterized" name="TestCase4" time="0.000"/>
  <testcase classname="seleniumpractice.WaitsInSelenium.Parameterized" name="TestCase4" time="0.001"/>
  <testcase classname="seleniumpractice.WaitsInSelenium.Parameterized" name="TestCase4" time="0.001"/>
  <testcase classname="seleniumpractice.WaitsInSelenium.Parameterized" name="TestCase4" time="0.000"/>
  <testcase classname="seleniumpractice.WaitsInSelenium.Parameterized" name="TestCase4" time="0.000"/>
  <testcase classname="seleniumpractice.WaitsInSelenium.Parameterized" name="TestCase4" time="0.001"/>
  <testcase classname="seleniumpractice.WaitsInSelenium.Parameterized" name="TestCase4" time="0.000"/>
  <testcase classname="seleniumpractice.WaitsInSelenium.Parameterized" name="TestCase4" time="0.000"/>
  <testcase classname="seleniumpractice.WaitsInSelenium.Parameterized" name="TestCase4" time="0.000"/>
  <testcase classname="seleniumpractice.WaitsInSelenium.Parameterized" name="TestCase4" time="0.001"/>
  <testcase classname="seleniumpractice.WaitsInSelenium.Parameterized" name="TestCase4" time="0.000"/>
  <testcase classname="seleniumpractice.WaitsInSelenium.Parameterized" name="TestCase4" time="0.001"/>
  <testcase classname="seleniumpractice.WaitsInSelenium.Parameterized" name="TestCase4" time="0.000"/>
  <testcase classname="seleniumpractice.WaitsInSelenium.Parameterized" name="TestCase4" time="0.000"/>
  <testcase classname="seleniumpractice.WaitsInSelenium.Parameterized" name="TestCase4" time="0.001"/>
  <testcase classname="seleniumpractice.WaitsInSelenium.Parameterized" name="TestCase4" time="0.000"/>
  <testcase classname="seleniumpractice.WaitsInSelenium.Parameterized" name="TestCase4" time="0.001"/>
  <testcase classname="seleniumpractice.WaitsInSelenium.Parameterized" name="TestCase4" time="0.000"/>
  <testcase classname="seleniumpractice.WaitsInSelenium.Parameterized" name="TestCase4" time="0.000"/>
  <testcase classname="seleniumpractice.WaitsInSelenium.Parameterized" name="TestCase4" time="0.000"/>
  <testcase classname="seleniumpractice.WaitsInSelenium.Parameterized" name="TestCase4" time="0.002"/>
  <testcase classname="seleniumpractice.WaitsInSelenium.Parameterized" name="TestCase4" time="0.001"/>
  <testcase classname="seleniumpractice.WaitsInSelenium.Parameterized" name="TestCase4" time="0.000"/>
  <testcase classname="seleniumpractice.WaitsInSelenium.Parameterized" name="TestCase4" time="0.000"/>
  <testcase classname="seleniumpractice.WaitsInSelenium.Parameterized" name="TestCase4" time="0.000"/>
  <testcase classname="seleniumpractice.WaitsInSelenium.Parameterized" name="TestCase4" time="0.000"/>
  <testcase classname="seleniumpractice.WaitsInSelenium.Parameterized" name="TestCase4" time="0.000"/>
  <testcase classname="seleniumpractice.WaitsInSelenium.Parameterized" name="TestCase4" time="0.000"/>
  <testcase classname="seleniumpractice.WaitsInSelenium.Parameterized" name="TestCase4" time="0.000"/>
  <testcase classname="seleniumpractice.WaitsInSelenium.Parameterized" name="TestCase4" time="0.000"/>
  <testcase classname="seleniumpractice.WaitsInSelenium.Parameterized" name="TestCase4" time="0.000"/>
  <testcase classname="seleniumpractice.WaitsInSelenium.Parameterized" name="TestCase4" time="0.001"/>
  <testcase classname="seleniumpractice.WaitsInSelenium.Parameterized" name="TestCase4" time="0.000"/>
  <testcase classname="seleniumpractice.WaitsInSelenium.Parameterized" name="TestCase4" time="0.000"/>
  <testcase classname="seleniumpractice.WaitsInSelenium.Parameterized" name="TestCase4" time="0.000"/>
  <testcase classname="seleniumpractice.WaitsInSelenium.Parameterized" name="TestCase4" time="0.000"/>
  <testcase classname="seleniumpractice.WaitsInSelenium.Parameterized" name="TestCase4" time="0.001"/>
  <testcase classname="seleniumpractice.WaitsInSelenium.Parameterized" name="TestCase4" time="0.000"/>
  <testcase classname="seleniumpractice.WaitsInSelenium.Parameterized" name="TestCase4" time="0.000"/>
  <testcase classname="seleniumpractice.WaitsInSelenium.Parameterized" name="TestCase4" time="0.000"/>
  <testcase classname="seleniumpractice.WaitsInSelenium.Parameterized" name="TestCase4" time="0.000"/>
  <testcase classname="seleniumpractice.WaitsInSelenium.Parameterized" name="TestCase4" time="0.000"/>
  <testcase classname="seleniumpractice.WaitsInSelenium.Parameterized" name="TestCase4" time="0.000"/>
  <testcase classname="seleniumpractice.WaitsInSelenium.Parameterized" name="TestCase4" time="0.000"/>
  <testcase classname="seleniumpractice.WaitsInSelenium.Parameterized" name="TestCase4" time="0.000"/>
  <testcase classname="seleniumpractice.WaitsInSelenium.Parameterized" name="TestCase4" time="0.000"/>
  <testcase classname="seleniumpractice.WaitsInSelenium.Parameterized" name="TestCase4" time="0.000"/>
  <testcase classname="seleniumpractice.WaitsInSelenium.Parameterized" name="TestCase4" time="0.001"/>
  <testcase classname="seleniumpractice.WaitsInSelenium.Parameterized" name="TestCase4" time="0.000"/>
  <testcase classname="seleniumpractice.WaitsInSelenium.Parameterized" name="TestCase4" time="0.000"/>
  <testcase classname="seleniumpractice.WaitsInSelenium.Parameterized" name="TestCase4" time="0.001"/>
  <testcase classname="seleniumpractice.WaitsInSelenium.Parameterized" name="TestCase4" time="0.001"/>
  <testcase classname="seleniumpractice.WaitsInSelenium.Parameterized" name="TestCase4" time="0.000"/>
  <testcase classname="seleniumpractice.WaitsInSelenium.Parameterized" name="TestCase4" time="0.000"/>
  <testcase classname="seleniumpractice.WaitsInSelenium.Parameterized" name="TestCase4" time="0.000"/>
  <testcase classname="seleniumpractice.WaitsInSelenium.Parameterized" name="TestCase4" time="0.000"/>
  <testcase classname="seleniumpractice.WaitsInSelenium.Parameterized" name="TestCase4" time="0.000"/>
  <testcase classname="seleniumpractice.WaitsInSelenium.Parameterized" name="TestCase4" time="0.000"/>
  <testcase classname="seleniumpractice.WaitsInSelenium.Parameterized" name="TestCase4" time="0.000"/>
  <testcase classname="seleniumpractice.WaitsInSelenium.Parameterized" name="TestCase4" time="0.000"/>
  <testcase classname="seleniumpractice.WaitsInSelenium.Parameterized" name="TestCase4" time="0.000"/>
  <testcase classname="seleniumpractice.WaitsInSelenium.Parameterized" name="TestCase4" time="0.000"/>
  <testcase classname="seleniumpractice.WaitsInSelenium.Parameterized" name="TestCase4" time="0.000"/>
  <testcase classname="seleniumpractice.WaitsInSelenium.Parameterized" name="TestCase4" time="0.001"/>
  <testcase classname="seleniumpractice.WaitsInSelenium.Parameterized" name="TestCase4" time="0.001"/>
  <testcase classname="seleniumpractice.WaitsInSelenium.Parameterized" name="TestCase4" time="0.000"/>
  <testcase classname="seleniumpractice.WaitsInSelenium.Parameterized" name="TestCase4" time="0.001"/>
  <testcase classname="seleniumpractice.WaitsInSelenium.Parameterized" name="TestCase4" time="0.001"/>
  <testcase classname="seleniumpractice.WaitsInSelenium.Parameterized" name="TestCase4" time="0.001"/>
  <testcase classname="seleniumpractice.WaitsInSelenium.Parameterized" name="TestCase4" time="0.001"/>
  <testcase classname="seleniumpractice.WaitsInSelenium.Parameterized" name="TestCase4" time="0.001"/>
  <testcase classname="seleniumpractice.WaitsInSelenium.Parameterized" name="TestCase4" time="0.000"/>
  <testcase classname="seleniumpractice.WaitsInSelenium.Parameterized" name="TestCase4" time="0.001"/>
  <testcase classname="seleniumpractice.WaitsInSelenium.Parameterized" name="TestCase4" time="0.001"/>
  <testcase classname="seleniumpractice.WaitsInSelenium.Parameterized" name="TestCase4" time="0.000"/>
  <testcase classname="seleniumpractice.WaitsInSelenium.Parameterized" name="TestCase4" time="0.000"/>
  <testcase classname="seleniumpractice.WaitsInSelenium.Parameterized" name="TestCase4" time="0.000"/>
  <testcase classname="seleniumpractice.WaitsInSelenium.Parameterized" name="TestCase4" time="0.001"/>
  <testcase classname="seleniumpractice.WaitsInSelenium.Parameterized" name="TestCase4" time="0.001"/>
  <testcase classname="seleniumpractice.WaitsInSelenium.Parameterized" name="TestCase4" time="0.000"/>
  <testcase classname="seleniumpractice.WaitsInSelenium.Parameterized" name="TestCase4" time="0.000"/>
  <testcase classname="seleniumpractice.WaitsInSelenium.Parameterized" name="TestCase4" time="0.000"/>
  <testcase classname="seleniumpractice.WaitsInSelenium.Parameterized" name="TestCase4" time="0.000"/>
  <testcase classname="seleniumpractice.WaitsInSelenium.Parameterized" name="TestCase4" time="0.000"/>
  <testcase classname="seleniumpractice.WaitsInSelenium.Parameterized" name="TestCase4" time="0.000"/>
  <testcase classname="seleniumpractice.WaitsInSelenium.Parameterized" name="TestCase4" time="0.000"/>
  <testcase classname="seleniumpractice.WaitsInSelenium.Parameterized" name="TestCase4" time="0.000"/>
  <testcase classname="seleniumpractice.WaitsInSelenium.Parameterized" name="TestCase4" time="0.000"/>
  <testcase classname="seleniumpractice.WaitsInSelenium.Parameterized" name="TestCase4" time="0.001"/>
  <testcase classname="seleniumpractice.WaitsInSelenium.Parameterized" name="TestCase4" time="0.000"/>
  <testcase classname="seleniumpractice.WaitsInSelenium.Parameterized" name="TestCase4" time="0.000"/>
  <testcase classname="seleniumpractice.WaitsInSelenium.Parameterized" name="TestCase4" time="0.000"/>
  <testcase classname="seleniumpractice.WaitsInSelenium.Parameterized" name="TestCase4" time="0.000"/>
  <testcase classname="seleniumpractice.WaitsInSelenium.Parameterized" name="TestCase4" time="0.000"/>
  <testcase classname="seleniumpractice.WaitsInSelenium.Parameterized" name="TestCase4" time="0.001"/>
  <testcase classname="seleniumpractice.WaitsInSelenium.Parameterized" name="TestCase4" time="0.000"/>
  <testcase classname="seleniumpractice.WaitsInSelenium.Parameterized" name="TestCase4" time="0.000"/>
  <testcase classname="seleniumpractice.WaitsInSelenium.Parameterized" name="TestCase4" time="0.000"/>
  <testcase classname="seleniumpractice.WaitsInSelenium.Parameterized" name="TestCase4" time="0.001"/>
  <testcase classname="seleniumpractice.WaitsInSelenium.Parameterized" name="TestCase4" time="0.001"/>
  <testcase classname="seleniumpractice.WaitsInSelenium.Parameterized" name="TestCase4" time="0.001"/>
  <testcase classname="seleniumpractice.WaitsInSelenium.Parameterized" name="TestCase4" time="0.000"/>
  <testcase classname="seleniumpractice.WaitsInSelenium.Parameterized" name="TestCase4" time="0.001"/>
  <testcase classname="seleniumpractice.WaitsInSelenium.Parameterized" name="TestCase4" time="0.000"/>
  <testcase classname="seleniumpractice.WaitsInSelenium.Parameterized" name="TestCase4" time="0.001"/>
  <testcase classname="seleniumpractice.WaitsInSelenium.Parameterized" name="TestCase4" time="0.001"/>
  <testcase classname="seleniumpractice.WaitsInSelenium.Parameterized" name="TestCase4" time="0.000"/>
  <testcase classname="seleniumpractice.WaitsInSelenium.Parameterized" name="TestCase4" time="0.000"/>
  <testcase classname="seleniumpractice.WaitsInSelenium.Parameterized" name="TestCase4" time="0.000"/>
  <testcase classname="seleniumpractice.WaitsInSelenium.Parameterized" name="TestCase4" time="0.000"/>
  <testcase classname="seleniumpractice.WaitsInSelenium.Parameterized" name="TestCase4" time="0.000"/>
  <testcase classname="seleniumpractice.WaitsInSelenium.Parameterized" name="TestCase4" time="0.000"/>
  <testcase classname="seleniumpractice.WaitsInSelenium.Parameterized" name="TestCase4" time="0.001"/>
  <testcase classname="seleniumpractice.WaitsInSelenium.Parameterized" name="TestCase4" time="0.000"/>
  <testcase classname="seleniumpractice.WaitsInSelenium.Parameterized" name="TestCase4" time="0.000"/>
  <testcase classname="seleniumpractice.WaitsInSelenium.Parameterized" name="TestCase4" time="0.000"/>
  <testcase classname="seleniumpractice.WaitsInSelenium.Parameterized" name="TestCase4" time="0.001"/>
  <testcase classname="seleniumpractice.WaitsInSelenium.Parameterized" name="TestCase4" time="0.000"/>
  <testcase classname="seleniumpractice.WaitsInSelenium.Parameterized" name="TestCase4" time="0.000"/>
  <testcase classname="seleniumpractice.WaitsInSelenium.Parameterized" name="TestCase4" time="0.001"/>
  <testcase classname="seleniumpractice.WaitsInSelenium.Parameterized" name="TestCase4" time="0.001"/>
  <testcase classname="seleniumpractice.WaitsInSelenium.Parameterized" name="TestCase4" time="0.000"/>
  <testcase classname="seleniumpractice.WaitsInSelenium.Parameterized" name="TestCase4" time="0.001"/>
  <testcase classname="seleniumpractice.WaitsInSelenium.Parameterized" name="TestCase4" time="0.000"/>
  <testcase classname="seleniumpractice.WaitsInSelenium.Parameterized" name="TestCase4" time="0.001"/>
  <testcase classname="seleniumpractice.WaitsInSelenium.Parameterized" name="TestCase4" time="0.001"/>
  <testcase classname="seleniumpractice.WaitsInSelenium.Parameterized" name="TestCase4" time="0.000"/>
  <testcase classname="seleniumpractice.WaitsInSelenium.Parameterized" name="TestCase4" time="0.000"/>
  <testcase classname="seleniumpractice.WaitsInSelenium.Parameterized" name="TestCase4" time="0.000"/>
  <testcase classname="seleniumpractice.WaitsInSelenium.Parameterized" name="TestCase4" time="0.000"/>
  <testcase classname="seleniumpractice.WaitsInSelenium.Parameterized" name="TestCase4" time="0.000"/>
  <testcase classname="seleniumpractice.WaitsInSelenium.Parameterized" name="TestCase4" time="0.000"/>
  <testcase classname="seleniumpractice.WaitsInSelenium.Parameterized" name="TestCase4" time="0.000"/>
  <testcase classname="seleniumpractice.WaitsInSelenium.Parameterized" name="TestCase4" time="0.000"/>
  <testcase classname="seleniumpractice.WaitsInSelenium.Parameterized" name="TestCase4" time="0.000"/>
  <testcase classname="seleniumpractice.WaitsInSelenium.Parameterized" name="TestCase4" time="0.000"/>
  <testcase classname="seleniumpractice.WaitsInSelenium.Parameterized" name="TestCase4" time="0.000"/>
  <testcase classname="seleniumpractice.WaitsInSelenium.Parameterized" name="TestCase4" time="0.001"/>
  <testcase classname="seleniumpractice.WaitsInSelenium.Parameterized" name="TestCase4" time="0.000"/>
  <testcase classname="seleniumpractice.WaitsInSelenium.Parameterized" name="TestCase4" time="0.000"/>
  <testcase classname="seleniumpractice.WaitsInSelenium.Parameterized" name="TestCase4" time="0.000"/>
  <testcase classname="seleniumpractice.WaitsInSelenium.Parameterized" name="TestCase4" time="0.000"/>
  <testcase classname="seleniumpractice.WaitsInSelenium.Parameterized" name="TestCase4" time="0.000"/>
  <testcase classname="seleniumpractice.WaitsInSelenium.Parameterized" name="TestCase4" time="0.000"/>
  <testcase classname="seleniumpractice.WaitsInSelenium.Parameterized" name="TestCase4" time="0.000"/>
  <testcase classname="seleniumpractice.WaitsInSelenium.Parameterized" name="TestCase4" time="0.000"/>
  <testcase classname="seleniumpractice.WaitsInSelenium.Parameterized" name="TestCase4" time="0.001"/>
  <testcase classname="seleniumpractice.WaitsInSelenium.Parameterized" name="TestCase4" time="0.000"/>
  <testcase classname="seleniumpractice.WaitsInSelenium.Parameterized" name="TestCase4" time="0.000"/>
  <testcase classname="seleniumpractice.WaitsInSelenium.Parameterized" name="TestCase4" time="0.000"/>
  <testcase classname="seleniumpractice.WaitsInSelenium.Parameterized" name="TestCase4" time="0.000"/>
  <testcase classname="seleniumpractice.WaitsInSelenium.Parameterized" name="TestCase4" time="0.000"/>
  <testcase classname="seleniumpractice.WaitsInSelenium.Parameterized" name="TestCase4" time="0.002"/>
  <testcase classname="seleniumpractice.WaitsInSelenium.Parameterized" name="TestCase4" time="0.000"/>
  <testcase classname="seleniumpractice.WaitsInSelenium.Parameterized" name="TestCase4" time="0.000"/>
  <testcase classname="seleniumpractice.WaitsInSelenium.Parameterized" name="TestCase4" time="0.000"/>
  <testcase classname="seleniumpractice.WaitsInSelenium.Parameterized" name="TestCase4" time="0.001"/>
  <testcase classname="seleniumpractice.WaitsInSelenium.Parameterized" name="TestCase4" time="0.001"/>
  <testcase classname="seleniumpractice.WaitsInSelenium.Parameterized" name="TestCase4" time="0.000"/>
  <testcase classname="seleniumpractice.WaitsInSelenium.Parameterized" name="TestCase4" time="0.001"/>
  <testcase classname="seleniumpractice.WaitsInSelenium.Parameterized" name="TestCase4" time="0.001"/>
  <testcase classname="seleniumpractice.WaitsInSelenium.Parameterized" name="TestCase4" time="0.001"/>
  <testcase classname="seleniumpractice.WaitsInSelenium.Parameterized" name="TestCase4" time="0.000"/>
  <testcase classname="seleniumpractice.WaitsInSelenium.Parameterized" name="TestCase4" time="0.000"/>
  <testcase classname="seleniumpractice.WaitsInSelenium.Parameterized" name="TestCase4" time="0.000"/>
  <testcase classname="seleniumpractice.WaitsInSelenium.Parameterized" name="TestCase4" time="0.000"/>
  <testcase classname="seleniumpractice.WaitsInSelenium.Parameterized" name="TestCase4" time="0.000"/>
  <testcase classname="seleniumpractice.WaitsInSelenium.Parameterized" name="TestCase4" time="0.001"/>
  <testcase classname="seleniumpractice.WaitsInSelenium.Parameterized" name="TestCase4" time="0.000"/>
  <testcase classname="seleniumpractice.WaitsInSelenium.Parameterized" name="TestCase4" time="0.000"/>
  <testcase classname="seleniumpractice.WaitsInSelenium.Parameterized" name="TestCase4" time="0.000"/>
  <testcase classname="seleniumpractice.WaitsInSelenium.Parameterized" name="TestCase4" time="0.000"/>
  <testcase classname="seleniumpractice.WaitsInSelenium.Parameterized" name="TestCase4" time="0.001"/>
  <testcase classname="seleniumpractice.WaitsInSelenium.Parameterized" name="TestCase4" time="0.001"/>
  <testcase classname="seleniumpractice.WaitsInSelenium.Parameterized" name="TestCase4" time="0.001"/>
  <testcase classname="seleniumpractice.WaitsInSelenium.Parameterized" name="TestCase4" time="0.000"/>
  <testcase classname="seleniumpractice.WaitsInSelenium.Parameterized" name="TestCase4" time="0.001"/>
  <testcase classname="seleniumpractice.WaitsInSelenium.Parameterized" name="TestCase4" time="0.001"/>
  <testcase classname="seleniumpractice.WaitsInSelenium.Parameterized" name="TestCase4" time="0.000"/>
  <testcase classname="seleniumpractice.WaitsInSelenium.Parameterized" name="TestCase4" time="0.002"/>
  <testcase classname="seleniumpractice.WaitsInSelenium.Parameterized" name="TestCase4" time="0.002"/>
  <testcase classname="seleniumpractice.WaitsInSelenium.Parameterized" name="TestCase4" time="0.000"/>
  <testcase classname="seleniumpractice.WaitsInSelenium.Parameterized" name="TestCase4" time="0.000"/>
  <testcase classname="seleniumpractice.WaitsInSelenium.Parameterized" name="TestCase4" time="0.000"/>
  <testcase classname="seleniumpractice.WaitsInSelenium.Parameterized" name="TestCase4" time="0.000"/>
  <testcase classname="seleniumpractice.WaitsInSelenium.Parameterized" name="TestCase4" time="0.001"/>
  <testcase classname="seleniumpractice.WaitsInSelenium.Parameterized" name="TestCase4" time="0.000"/>
  <testcase classname="seleniumpractice.WaitsInSelenium.Parameterized" name="TestCase4" time="0.001"/>
  <testcase classname="seleniumpractice.WaitsInSelenium.Parameterized" name="TestCase4" time="0.000"/>
  <testcase classname="seleniumpractice.WaitsInSelenium.Parameterized" name="TestCase4" time="0.000"/>
  <testcase classname="seleniumpractice.WaitsInSelenium.Parameterized" name="TestCase4" time="0.006"/>
  <testcase classname="seleniumpractice.WaitsInSelenium.Parameterized" name="TestCase4" time="0.001"/>
  <testcase classname="seleniumpractice.WaitsInSelenium.Parameterized" name="TestCase4" time="0.000"/>
  <testcase classname="seleniumpractice.WaitsInSelenium.Parameterized" name="TestCase4" time="0.000"/>
  <testcase classname="seleniumpractice.WaitsInSelenium.Parameterized" name="TestCase4" time="0.001"/>
  <testcase classname="seleniumpractice.WaitsInSelenium.Parameterized" name="TestCase4" time="0.000"/>
  <testcase classname="seleniumpractice.WaitsInSelenium.Parameterized" name="TestCase4" time="0.000"/>
  <testcase classname="seleniumpractice.WaitsInSelenium.Parameterized" name="TestCase4" time="0.000"/>
  <testcase classname="seleniumpractice.WaitsInSelenium.Parameterized" name="TestCase4" time="0.000"/>
  <testcase classname="seleniumpractice.WaitsInSelenium.Parameterized" name="TestCase4" time="0.000"/>
  <testcase classname="seleniumpractice.WaitsInSelenium.Parameterized" name="TestCase4" time="0.001"/>
  <testcase classname="seleniumpractice.WaitsInSelenium.Parameterized" name="TestCase4" time="0.001"/>
  <testcase classname="seleniumpractice.WaitsInSelenium.Parameterized" name="TestCase4" time="0.000"/>
  <testcase classname="seleniumpractice.WaitsInSelenium.Parameterized" name="TestCase4" time="0.001"/>
  <testcase classname="seleniumpractice.WaitsInSelenium.Parameterized" name="TestCase4" time="0.000"/>
  <testcase classname="seleniumpractice.WaitsInSelenium.Parameterized" name="TestCase4" time="0.000"/>
  <testcase classname="seleniumpractice.WaitsInSelenium.Parameterized" name="TestCase4" time="0.000"/>
  <testcase classname="seleniumpractice.WaitsInSelenium.Parameterized" name="TestCase4" time="0.000"/>
  <testcase classname="seleniumpractice.WaitsInSelenium.Parameterized" name="TestCase4" time="0.000"/>
  <testcase classname="seleniumpractice.WaitsInSelenium.Parameterized" name="TestCase4" time="0.001"/>
  <testcase classname="seleniumpractice.WaitsInSelenium.Parameterized" name="TestCase4" time="0.000"/>
  <testcase classname="seleniumpractice.WaitsInSelenium.Parameterized" name="TestCase4" time="0.000"/>
  <testcase classname="seleniumpractice.WaitsInSelenium.Parameterized" name="TestCase4" time="0.000"/>
  <testcase classname="seleniumpractice.WaitsInSelenium.Parameterized" name="TestCase4" time="0.000"/>
  <testcase classname="seleniumpractice.WaitsInSelenium.Parameterized" name="TestCase4" time="0.000"/>
  <testcase classname="seleniumpractice.WaitsInSelenium.Parameterized" name="TestCase4" time="0.001"/>
  <testcase classname="seleniumpractice.WaitsInSelenium.Parameterized" name="TestCase4" time="0.000"/>
  <testcase classname="seleniumpractice.WaitsInSelenium.Parameterized" name="TestCase4" time="0.000"/>
  <testcase classname="seleniumpractice.WaitsInSelenium.Parameterized" name="TestCase4" time="0.000"/>
  <testcase classname="seleniumpractice.WaitsInSelenium.Parameterized" name="TestCase4" time="0.000"/>
  <testcase classname="seleniumpractice.WaitsInSelenium.Parameterized" name="TestCase4" time="0.001"/>
  <testcase classname="seleniumpractice.WaitsInSelenium.Parameterized" name="TestCase4" time="0.000"/>
  <testcase classname="seleniumpractice.WaitsInSelenium.Parameterized" name="TestCase4" time="0.000"/>
  <testcase classname="seleniumpractice.WaitsInSelenium.Parameterized" name="TestCase4" time="0.000"/>
  <testcase classname="seleniumpractice.WaitsInSelenium.Parameterized" name="TestCase4" time="1.096"/>
  <testcase classname="seleniumpractice.WaitsInSelenium.Parameterized" name="TestCase4" time="0.000"/>
  <testcase classname="seleniumpractice.WaitsInSelenium.Parameterized" name="TestCase4" time="0.000"/>
  <testcase classname="seleniumpractice.WaitsInSelenium.Parameterized" name="TestCase4" time="0.000"/>
  <testcase classname="seleniumpractice.WaitsInSelenium.Parameterized" name="TestCase4" time="0.000"/>
  <testcase classname="seleniumpractice.WaitsInSelenium.Parameterized" name="TestCase4" time="0.000"/>
  <testcase classname="seleniumpractice.WaitsInSelenium.Parameterized" name="TestCase4" time="0.000"/>
  <testcase classname="seleniumpractice.WaitsInSelenium.Parameterized" name="TestCase4" time="0.000"/>
  <testcase classname="seleniumpractice.WaitsInSelenium.Parameterized" name="TestCase4" time="0.000"/>
  <testcase classname="seleniumpractice.WaitsInSelenium.Parameterized" name="TestCase4" time="0.000"/>
  <testcase classname="seleniumpractice.WaitsInSelenium.Parameterized" name="TestCase4" time="0.000"/>
  <testcase classname="seleniumpractice.WaitsInSelenium.Parameterized" name="TestCase4" time="0.000"/>
  <testcase classname="seleniumpractice.WaitsInSelenium.Parameterized" name="TestCase4" time="0.001"/>
  <testcase classname="seleniumpractice.WaitsInSelenium.Parameterized" name="TestCase4" time="0.000"/>
  <testcase classname="seleniumpractice.WaitsInSelenium.Parameterized" name="TestCase4" time="0.000"/>
  <testcase classname="seleniumpractice.WaitsInSelenium.Parameterized" name="TestCase4" time="0.001"/>
  <testcase classname="seleniumpractice.WaitsInSelenium.Parameterized" name="TestCase4" time="0.000"/>
  <testcase classname="seleniumpractice.WaitsInSelenium.Parameterized" name="TestCase4" time="0.000"/>
  <testcase classname="seleniumpractice.WaitsInSelenium.Parameterized" name="TestCase4" time="0.001"/>
  <testcase classname="seleniumpractice.WaitsInSelenium.Parameterized" name="TestCase4" time="0.000"/>
  <testcase classname="seleniumpractice.WaitsInSelenium.Parameterized" name="TestCase4" time="0.001"/>
  <testcase classname="seleniumpractice.WaitsInSelenium.Parameterized" name="TestCase4" time="0.001"/>
  <testcase classname="seleniumpractice.WaitsInSelenium.Parameterized" name="TestCase4" time="0.000"/>
  <testcase classname="seleniumpractice.WaitsInSelenium.Parameterized" name="TestCase4" time="0.000"/>
  <testcase classname="seleniumpractice.WaitsInSelenium.Parameterized" name="TestCase4" time="0.000"/>
  <testcase classname="seleniumpractice.WaitsInSelenium.Parameterized" name="TestCase4" time="0.000"/>
  <testcase classname="seleniumpractice.WaitsInSelenium.Parameterized" name="TestCase4" time="0.000"/>
  <testcase classname="seleniumpractice.WaitsInSelenium.Parameterized" name="TestCase4" time="0.001"/>
  <testcase classname="seleniumpractice.WaitsInSelenium.Parameterized" name="TestCase4" time="0.000"/>
  <testcase classname="seleniumpractice.WaitsInSelenium.Parameterized" name="TestCase4" time="0.000"/>
  <testcase classname="seleniumpractice.WaitsInSelenium.Parameterized" name="TestCase4" time="0.000"/>
  <testcase classname="seleniumpractice.WaitsInSelenium.Parameterized" name="TestCase4" time="0.001"/>
  <testcase classname="seleniumpractice.WaitsInSelenium.Parameterized" name="TestCase4" time="0.000"/>
  <testcase classname="seleniumpractice.WaitsInSelenium.Parameterized" name="TestCase4" time="0.000"/>
  <testcase classname="seleniumpractice.WaitsInSelenium.Parameterized" name="TestCase4" time="0.000"/>
  <testcase classname="seleniumpractice.WaitsInSelenium.Parameterized" name="TestCase4" time="0.000"/>
  <testcase classname="seleniumpractice.WaitsInSelenium.Parameterized" name="TestCase4" time="0.001"/>
  <testcase classname="seleniumpractice.WaitsInSelenium.Parameterized" name="TestCase4" time="0.000"/>
  <testcase classname="seleniumpractice.WaitsInSelenium.Parameterized" name="TestCase4" time="0.001"/>
  <testcase classname="seleniumpractice.WaitsInSelenium.Parameterized" name="TestCase4" time="0.000"/>
  <testcase classname="seleniumpractice.WaitsInSelenium.Parameterized" name="TestCase4" time="0.000"/>
  <testcase classname="seleniumpractice.WaitsInSelenium.Parameterized" name="TestCase4" time="0.000"/>
  <testcase classname="seleniumpractice.WaitsInSelenium.Parameterized" name="TestCase4" time="0.000"/>
  <testcase classname="seleniumpractice.WaitsInSelenium.Parameterized" name="TestCase4" time="0.001"/>
  <testcase classname="seleniumpractice.WaitsInSelenium.Parameterized" name="TestCase4" time="0.000"/>
  <testcase classname="seleniumpractice.WaitsInSelenium.Parameterized" name="TestCase4" time="0.000"/>
  <testcase classname="seleniumpractice.WaitsInSelenium.Parameterized" name="TestCase4" time="0.000"/>
  <testcase classname="seleniumpractice.WaitsInSelenium.Parameterized" name="TestCase4" time="0.001"/>
  <testcase classname="seleniumpractice.WaitsInSelenium.Parameterized" name="TestCase4" time="0.000"/>
  <testcase classname="seleniumpractice.WaitsInSelenium.Parameterized" name="TestCase4" time="0.001"/>
  <testcase classname="seleniumpractice.WaitsInSelenium.Parameterized" name="TestCase4" time="0.000"/>
  <testcase classname="seleniumpractice.WaitsInSelenium.Parameterized" name="TestCase4" time="0.000"/>
  <testcase classname="seleniumpractice.WaitsInSelenium.Parameterized" name="TestCase4" time="0.000"/>
  <testcase classname="seleniumpractice.WaitsInSelenium.Parameterized" name="TestCase4" time="0.000"/>
  <testcase classname="seleniumpractice.WaitsInSelenium.Parameterized" name="TestCase4" time="0.000"/>
  <testcase classname="seleniumpractice.WaitsInSelenium.Parameterized" name="TestCase4" time="0.000"/>
  <testcase classname="seleniumpractice.WaitsInSelenium.Parameterized" name="TestCase4" time="0.000"/>
  <testcase classname="seleniumpractice.WaitsInSelenium.Parameterized" name="TestCase4" time="0.001"/>
  <testcase classname="seleniumpractice.WaitsInSelenium.Parameterized" name="TestCase4" time="0.001"/>
  <testcase classname="seleniumpractice.WaitsInSelenium.Parameterized" name="TestCase4" time="0.000"/>
  <testcase classname="seleniumpractice.WaitsInSelenium.Parameterized" name="TestCase4" time="0.000"/>
  <testcase classname="seleniumpractice.WaitsInSelenium.Parameterized" name="TestCase4" time="0.001"/>
  <testcase classname="seleniumpractice.WaitsInSelenium.Parameterized" name="TestCase4" time="0.001"/>
  <testcase classname="seleniumpractice.WaitsInSelenium.Parameterized" name="TestCase4" time="0.000"/>
  <testcase classname="seleniumpractice.WaitsInSelenium.Parameterized" name="TestCase4" time="0.001"/>
  <testcase classname="seleniumpractice.WaitsInSelenium.Parameterized" name="TestCase4" time="0.001"/>
  <testcase classname="seleniumpractice.WaitsInSelenium.Parameterized" name="TestCase4" time="0.001"/>
  <testcase classname="seleniumpractice.WaitsInSelenium.Parameterized" name="TestCase4" time="0.001"/>
  <testcase classname="seleniumpractice.WaitsInSelenium.Parameterized" name="TestCase4" time="0.001"/>
  <testcase classname="seleniumpractice.WaitsInSelenium.Parameterized" name="TestCase4" time="0.000"/>
  <testcase classname="seleniumpractice.WaitsInSelenium.Parameterized" name="TestCase4" time="0.000"/>
  <testcase classname="seleniumpractice.WaitsInSelenium.Parameterized" name="TestCase4" time="0.000"/>
  <testcase classname="seleniumpractice.WaitsInSelenium.Parameterized" name="TestCase4" time="0.000"/>
  <testcase classname="seleniumpractice.WaitsInSelenium.Parameterized" name="TestCase4" time="0.000"/>
  <testcase classname="seleniumpractice.WaitsInSelenium.Parameterized" name="TestCase4" time="0.000"/>
  <testcase classname="seleniumpractice.WaitsInSelenium.Parameterized" name="TestCase4" time="0.001"/>
  <testcase classname="seleniumpractice.WaitsInSelenium.Parameterized" name="TestCase4" time="0.000"/>
  <testcase classname="seleniumpractice.WaitsInSelenium.Parameterized" name="TestCase4" time="0.001"/>
  <testcase classname="seleniumpractice.WaitsInSelenium.Parameterized" name="TestCase4" time="0.000"/>
  <testcase classname="seleniumpractice.WaitsInSelenium.Parameterized" name="TestCase4" time="0.000"/>
  <testcase classname="seleniumpractice.WaitsInSelenium.Parameterized" name="TestCase4" time="0.000"/>
  <testcase classname="seleniumpractice.WaitsInSelenium.Parameterized" name="TestCase4" time="0.000"/>
  <testcase classname="seleniumpractice.WaitsInSelenium.Parameterized" name="TestCase4" time="0.008"/>
  <testcase classname="seleniumpractice.WaitsInSelenium.Parameterized" name="TestCase4" time="0.000"/>
  <testcase classname="seleniumpractice.WaitsInSelenium.Parameterized" name="TestCase4" time="0.000"/>
  <testcase classname="seleniumpractice.WaitsInSelenium.Parameterized" name="TestCase4" time="0.001"/>
  <testcase classname="seleniumpractice.WaitsInSelenium.Parameterized" name="TestCase4" time="0.001"/>
  <testcase classname="seleniumpractice.WaitsInSelenium.Parameterized" name="TestCase4" time="0.000"/>
  <testcase classname="seleniumpractice.WaitsInSelenium.Parameterized" name="TestCase4" time="0.000"/>
  <testcase classname="seleniumpractice.WaitsInSelenium.Parameterized" name="TestCase4" time="0.001"/>
  <testcase classname="seleniumpractice.WaitsInSelenium.Parameterized" name="TestCase4" time="0.000"/>
  <testcase classname="seleniumpractice.WaitsInSelenium.Parameterized" name="TestCase4" time="0.001"/>
  <testcase classname="seleniumpractice.WaitsInSelenium.Parameterized" name="TestCase4" time="0.000"/>
  <testcase classname="seleniumpractice.WaitsInSelenium.Parameterized" name="TestCase4" time="0.001"/>
  <testcase classname="seleniumpractice.WaitsInSelenium.Parameterized" name="TestCase4" time="0.001"/>
  <testcase classname="seleniumpractice.WaitsInSelenium.Parameterized" name="TestCase4" time="0.001"/>
  <testcase classname="seleniumpractice.WaitsInSelenium.Parameterized" name="TestCase4" time="0.001"/>
  <testcase classname="seleniumpractice.WaitsInSelenium.Parameterized" name="TestCase4" time="0.000"/>
  <testcase classname="seleniumpractice.WaitsInSelenium.Parameterized" name="TestCase4" time="0.000"/>
  <testcase classname="seleniumpractice.WaitsInSelenium.Parameterized" name="TestCase4" time="0.000"/>
  <testcase classname="seleniumpractice.WaitsInSelenium.Parameterized" name="TestCase4" time="0.001"/>
  <testcase classname="seleniumpractice.WaitsInSelenium.Parameterized" name="TestCase4" time="0.000"/>
  <testcase classname="seleniumpractice.WaitsInSelenium.Parameterized" name="TestCase4" time="0.000"/>
  <testcase classname="seleniumpractice.WaitsInSelenium.Parameterized" name="TestCase4" time="0.001"/>
  <testcase classname="seleniumpractice.WaitsInSelenium.Parameterized" name="TestCase4" time="0.000"/>
  <testcase classname="seleniumpractice.WaitsInSelenium.Parameterized" name="TestCase4" time="0.000"/>
  <testcase classname="seleniumpractice.WaitsInSelenium.Parameterized" name="TestCase4" time="0.000"/>
  <testcase classname="seleniumpractice.WaitsInSelenium.Parameterized" name="TestCase4" time="0.000"/>
  <testcase classname="seleniumpractice.WaitsInSelenium.Parameterized" name="TestCase4" time="0.000"/>
  <testcase classname="seleniumpractice.WaitsInSelenium.Parameterized" name="TestCase4" time="0.000"/>
  <testcase classname="seleniumpractice.WaitsInSelenium.Parameterized" name="TestCase4" time="0.000"/>
  <testcase classname="seleniumpractice.WaitsInSelenium.Parameterized" name="TestCase4" time="0.000"/>
  <testcase classname="seleniumpractice.WaitsInSelenium.Parameterized" name="TestCase4" time="0.000"/>
  <testcase classname="seleniumpractice.WaitsInSelenium.Parameterized" name="TestCase4" time="0.000"/>
  <testcase classname="seleniumpractice.WaitsInSelenium.Parameterized" name="TestCase4" time="0.000"/>
  <testcase classname="seleniumpractice.WaitsInSelenium.Parameterized" name="TestCase4" time="0.001"/>
  <testcase classname="seleniumpractice.WaitsInSelenium.Parameterized" name="TestCase4" time="0.000"/>
  <testcase classname="seleniumpractice.WaitsInSelenium.Parameterized" name="TestCase4" time="0.001"/>
  <testcase classname="seleniumpractice.WaitsInSelenium.Parameterized" name="TestCase4" time="0.000"/>
  <testcase classname="seleniumpractice.WaitsInSelenium.Parameterized" name="TestCase4" time="0.000"/>
  <testcase classname="seleniumpractice.WaitsInSelenium.Parameterized" name="TestCase4" time="0.000"/>
  <testcase classname="seleniumpractice.WaitsInSelenium.Parameterized" name="TestCase4" time="0.001"/>
  <testcase classname="seleniumpractice.WaitsInSelenium.Parameterized" name="TestCase4" time="0.001"/>
  <testcase classname="seleniumpractice.WaitsInSelenium.Parameterized" name="TestCase4" time="0.000"/>
  <testcase classname="seleniumpractice.WaitsInSelenium.Parameterized" name="TestCase4" time="0.000"/>
  <testcase classname="seleniumpractice.WaitsInSelenium.Parameterized" name="TestCase4" time="0.000"/>
  <testcase classname="seleniumpractice.WaitsInSelenium.Parameterized" name="TestCase4" time="0.000"/>
  <testcase classname="seleniumpractice.WaitsInSelenium.Parameterized" name="TestCase4" time="0.001"/>
  <testcase classname="seleniumpractice.WaitsInSelenium.Parameterized" name="TestCase4" time="0.001"/>
  <testcase classname="seleniumpractice.WaitsInSelenium.Parameterized" name="TestCase4" time="0.002"/>
  <testcase classname="seleniumpractice.WaitsInSelenium.Parameterized" name="TestCase4" time="0.000"/>
  <testcase classname="seleniumpractice.WaitsInSelenium.Parameterized" name="TestCase4" time="0.000"/>
  <testcase classname="seleniumpractice.WaitsInSelenium.Parameterized" name="TestCase4" time="0.000"/>
  <testcase classname="seleniumpractice.WaitsInSelenium.Parameterized" name="TestCase4" time="0.000"/>
  <testcase classname="seleniumpractice.WaitsInSelenium.Parameterized" name="TestCase4" time="0.000"/>
  <testcase classname="seleniumpractice.WaitsInSelenium.Parameterized" name="TestCase4" time="0.000"/>
  <testcase classname="seleniumpractice.WaitsInSelenium.Parameterized" name="TestCase4" time="0.001"/>
  <testcase classname="seleniumpractice.WaitsInSelenium.Parameterized" name="TestCase4" time="0.000"/>
  <testcase classname="seleniumpractice.WaitsInSelenium.Parameterized" name="TestCase4" time="0.001"/>
  <testcase classname="seleniumpractice.WaitsInSelenium.Parameterized" name="TestCase4" time="0.000"/>
  <testcase classname="seleniumpractice.WaitsInSelenium.Parameterized" name="TestCase4" time="0.000"/>
  <testcase classname="seleniumpractice.WaitsInSelenium.Parameterized" name="TestCase4" time="0.001"/>
  <testcase classname="seleniumpractice.WaitsInSelenium.Parameterized" name="TestCase4" time="0.001"/>
  <testcase classname="seleniumpractice.WaitsInSelenium.Parameterized" name="TestCase4" time="0.000"/>
  <testcase classname="seleniumpractice.WaitsInSelenium.Parameterized" name="TestCase4" time="0.000"/>
  <testcase classname="seleniumpractice.WaitsInSelenium.Parameterized" name="TestCase4" time="0.001"/>
  <testcase classname="seleniumpractice.WaitsInSelenium.Parameterized" name="TestCase4" time="0.000"/>
  <testcase classname="seleniumpractice.WaitsInSelenium.Parameterized" name="TestCase4" time="0.001"/>
  <testcase classname="seleniumpractice.WaitsInSelenium.Parameterized" name="TestCase4" time="0.001"/>
  <testcase classname="seleniumpractice.WaitsInSelenium.Parameterized" name="TestCase4" time="0.000"/>
  <testcase classname="seleniumpractice.WaitsInSelenium.Parameterized" name="TestCase4" time="0.000"/>
  <testcase classname="seleniumpractice.WaitsInSelenium.Parameterized" name="TestCase4" time="0.000"/>
  <testcase classname="seleniumpractice.WaitsInSelenium.Parameterized" name="TestCase4" time="0.000"/>
  <testcase classname="seleniumpractice.WaitsInSelenium.Parameterized" name="TestCase4" time="0.000"/>
  <testcase classname="seleniumpractice.WaitsInSelenium.Parameterized" name="TestCase4" time="0.000"/>
  <testcase classname="seleniumpractice.WaitsInSelenium.Parameterized" name="TestCase4" time="0.001"/>
  <testcase classname="seleniumpractice.WaitsInSelenium.Parameterized" name="TestCase4" time="0.000"/>
  <testcase classname="seleniumpractice.WaitsInSelenium.Parameterized" name="TestCase4" time="0.001"/>
  <testcase classname="seleniumpractice.WaitsInSelenium.Parameterized" name="TestCase4" time="0.000"/>
  <testcase classname="seleniumpractice.WaitsInSelenium.Parameterized" name="TestCase4" time="0.000"/>
  <testcase classname="seleniumpractice.WaitsInSelenium.Parameterized" name="TestCase4" time="0.000"/>
  <testcase classname="seleniumpractice.WaitsInSelenium.Parameterized" name="TestCase4" time="0.000"/>
  <testcase classname="seleniumpractice.WaitsInSelenium.Parameterized" name="TestCase4" time="0.000"/>
  <testcase classname="seleniumpractice.WaitsInSelenium.Parameterized" name="TestCase4" time="0.000"/>
  <testcase classname="seleniumpractice.WaitsInSelenium.Parameterized" name="TestCase4" time="0.000"/>
  <testcase classname="seleniumpractice.WaitsInSelenium.Parameterized" name="TestCase4" time="0.001"/>
  <testcase classname="seleniumpractice.WaitsInSelenium.Parameterized" name="TestCase4" time="0.000"/>
  <testcase classname="seleniumpractice.WaitsInSelenium.Parameterized" name="TestCase4" time="0.000"/>
  <testcase classname="seleniumpractice.WaitsInSelenium.Parameterized" name="TestCase4" time="0.000"/>
  <testcase classname="seleniumpractice.WaitsInSelenium.Parameterized" name="TestCase4" time="0.001"/>
  <testcase classname="seleniumpractice.WaitsInSelenium.Parameterized" name="TestCase4" time="0.000"/>
  <testcase classname="seleniumpractice.WaitsInSelenium.Parameterized" name="TestCase4" time="0.001"/>
  <testcase classname="seleniumpractice.WaitsInSelenium.Parameterized" name="TestCase4" time="0.000"/>
  <testcase classname="seleniumpractice.WaitsInSelenium.Parameterized" name="TestCase4" time="0.000"/>
  <testcase classname="seleniumpractice.WaitsInSelenium.Parameterized" name="TestCase4" time="0.000"/>
  <testcase classname="seleniumpractice.WaitsInSelenium.Parameterized" name="TestCase4" time="0.000"/>
  <testcase classname="seleniumpractice.WaitsInSelenium.Parameterized" name="TestCase4" time="0.000"/>
  <testcase classname="seleniumpractice.WaitsInSelenium.Parameterized" name="TestCase4" time="0.000"/>
  <testcase classname="seleniumpractice.WaitsInSelenium.Parameterized" name="TestCase4" time="0.003"/>
  <testcase classname="seleniumpractice.WaitsInSelenium.Parameterized" name="TestCase4" time="0.000"/>
  <testcase classname="seleniumpractice.WaitsInSelenium.Parameterized" name="TestCase4" time="0.000"/>
  <testcase classname="seleniumpractice.WaitsInSelenium.Parameterized" name="TestCase4" time="0.001"/>
  <testcase classname="seleniumpractice.WaitsInSelenium.Parameterized" name="TestCase4" time="0.000"/>
  <testcase classname="seleniumpractice.WaitsInSelenium.Parameterized" name="TestCase4" time="0.001"/>
  <testcase classname="seleniumpractice.WaitsInSelenium.Parameterized" name="TestCase4" time="0.000"/>
  <testcase classname="seleniumpractice.WaitsInSelenium.Parameterized" name="TestCase4" time="0.000"/>
  <testcase classname="seleniumpractice.WaitsInSelenium.Parameterized" name="TestCase4" time="0.000"/>
  <testcase classname="seleniumpractice.WaitsInSelenium.Parameterized" name="TestCase4" time="0.000"/>
  <testcase classname="seleniumpractice.WaitsInSelenium.Parameterized" name="TestCase4" time="0.001"/>
  <testcase classname="seleniumpractice.WaitsInSelenium.Parameterized" name="TestCase4" time="0.000"/>
  <testcase classname="seleniumpractice.WaitsInSelenium.Parameterized" name="TestCase4" time="0.001"/>
  <testcase classname="seleniumpractice.WaitsInSelenium.Parameterized" name="TestCase4" time="0.000"/>
  <testcase classname="seleniumpractice.WaitsInSelenium.Parameterized" name="TestCase4" time="0.001"/>
  <testcase classname="seleniumpractice.WaitsInSelenium.Parameterized" name="TestCase4" time="0.000"/>
  <testcase classname="seleniumpractice.WaitsInSelenium.Parameterized" name="TestCase4" time="0.000"/>
  <testcase classname="seleniumpractice.WaitsInSelenium.Parameterized" name="TestCase4" time="0.000"/>
  <testcase classname="seleniumpractice.WaitsInSelenium.Parameterized" name="TestCase4" time="0.000"/>
  <testcase classname="seleniumpractice.WaitsInSelenium.Parameterized" name="TestCase4" time="0.000"/>
  <testcase classname="seleniumpractice.WaitsInSelenium.Parameterized" name="TestCase4" time="0.000"/>
  <testcase classname="seleniumpractice.WaitsInSelenium.Parameterized" name="TestCase4" time="0.001"/>
  <testcase classname="seleniumpractice.WaitsInSelenium.Parameterized" name="TestCase4" time="0.001"/>
  <testcase classname="seleniumpractice.WaitsInSelenium.Parameterized" name="TestCase4" time="0.000"/>
  <testcase classname="seleniumpractice.WaitsInSelenium.Parameterized" name="TestCase4" time="0.000"/>
  <testcase classname="seleniumpractice.WaitsInSelenium.Parameterized" name="TestCase4" time="0.000"/>
  <testcase classname="seleniumpractice.WaitsInSelenium.Parameterized" name="TestCase4" time="0.001"/>
  <testcase classname="seleniumpractice.WaitsInSelenium.Parameterized" name="TestCase4" time="0.000"/>
  <testcase classname="seleniumpractice.WaitsInSelenium.Parameterized" name="TestCase4" time="0.001"/>
  <testcase classname="seleniumpractice.WaitsInSelenium.Parameterized" name="TestCase4" time="0.001"/>
  <testcase classname="seleniumpractice.WaitsInSelenium.Parameterized" name="TestCase4" time="0.001"/>
  <testcase classname="seleniumpractice.WaitsInSelenium.Parameterized" name="TestCase4" time="0.001"/>
  <testcase classname="seleniumpractice.WaitsInSelenium.Parameterized" name="TestCase4" time="0.000"/>
  <testcase classname="seleniumpractice.WaitsInSelenium.Parameterized" name="TestCase4" time="0.000"/>
  <testcase classname="seleniumpractice.WaitsInSelenium.Parameterized" name="TestCase4" time="0.001"/>
  <testcase classname="seleniumpractice.WaitsInSelenium.Parameterized" name="TestCase4" time="0.000"/>
  <testcase classname="seleniumpractice.WaitsInSelenium.Parameterized" name="TestCase4" time="0.000"/>
  <testcase classname="seleniumpractice.WaitsInSelenium.Parameterized" name="TestCase4" time="0.000"/>
  <testcase classname="seleniumpractice.WaitsInSelenium.Parameterized" name="TestCase4" time="0.000"/>
  <testcase classname="seleniumpractice.WaitsInSelenium.Parameterized" name="TestCase4" time="0.001"/>
  <testcase classname="seleniumpractice.WaitsInSelenium.Parameterized" name="TestCase4" time="0.000"/>
  <testcase classname="seleniumpractice.WaitsInSelenium.Parameterized" name="TestCase4" time="0.000"/>
  <testcase classname="seleniumpractice.WaitsInSelenium.Parameterized" name="TestCase4" time="0.000"/>
  <testcase classname="seleniumpractice.WaitsInSelenium.Parameterized" name="TestCase4" time="0.000"/>
  <testcase classname="seleniumpractice.WaitsInSelenium.Parameterized" name="TestCase4" time="0.000"/>
  <testcase classname="seleniumpractice.WaitsInSelenium.Parameterized" name="TestCase4" time="0.000"/>
  <testcase classname="seleniumpractice.WaitsInSelenium.Parameterized" name="TestCase4" time="0.000"/>
  <testcase classname="seleniumpractice.WaitsInSelenium.Parameterized" name="TestCase4" time="0.001"/>
  <testcase classname="seleniumpractice.WaitsInSelenium.Parameterized" name="TestCase4" time="0.000"/>
  <testcase classname="seleniumpractice.WaitsInSelenium.Parameterized" name="TestCase4" time="0.001"/>
  <testcase classname="seleniumpractice.WaitsInSelenium.Parameterized" name="TestCase4" time="0.000"/>
  <testcase classname="seleniumpractice.WaitsInSelenium.Parameterized" name="TestCase4" time="0.001"/>
  <testcase classname="seleniumpractice.WaitsInSelenium.Parameterized" name="TestCase4" time="0.000"/>
  <testcase classname="seleniumpractice.WaitsInSelenium.Parameterized" name="TestCase4" time="0.000"/>
  <testcase classname="seleniumpractice.WaitsInSelenium.Parameterized" name="TestCase4" time="0.000"/>
  <testcase classname="seleniumpractice.WaitsInSelenium.Parameterized" name="TestCase4" time="0.000"/>
  <testcase classname="seleniumpractice.WaitsInSelenium.Parameterized" name="TestCase4" time="0.000"/>
  <testcase classname="seleniumpractice.WaitsInSelenium.Parameterized" name="TestCase4" time="0.000"/>
  <testcase classname="seleniumpractice.WaitsInSelenium.Parameterized" name="TestCase4" time="0.000"/>
  <testcase classname="seleniumpractice.WaitsInSelenium.Parameterized" name="TestCase4" time="0.001"/>
  <testcase classname="seleniumpractice.WaitsInSelenium.Parameterized" name="TestCase4" time="0.001"/>
  <testcase classname="seleniumpractice.WaitsInSelenium.Parameterized" name="TestCase4" time="0.000"/>
  <testcase classname="seleniumpractice.WaitsInSelenium.Parameterized" name="TestCase4" time="0.000"/>
  <testcase classname="seleniumpractice.WaitsInSelenium.Parameterized" name="TestCase4" time="0.000"/>
  <testcase classname="seleniumpractice.WaitsInSelenium.Parameterized" name="TestCase4" time="0.001"/>
  <testcase classname="seleniumpractice.WaitsInSelenium.Parameterized" name="TestCase4" time="0.000"/>
  <testcase classname="seleniumpractice.WaitsInSelenium.Parameterized" name="TestCase4" time="0.000"/>
  <testcase classname="seleniumpractice.WaitsInSelenium.Parameterized" name="TestCase4" time="0.001"/>
  <testcase classname="seleniumpractice.WaitsInSelenium.Parameterized" name="TestCase4" time="0.001"/>
  <testcase classname="seleniumpractice.WaitsInSelenium.Parameterized" name="TestCase4" time="0.000"/>
  <testcase classname="seleniumpractice.WaitsInSelenium.Parameterized" name="TestCase4" time="0.001"/>
  <testcase classname="seleniumpractice.WaitsInSelenium.Parameterized" name="TestCase4" time="0.000"/>
  <testcase classname="seleniumpractice.WaitsInSelenium.Parameterized" name="TestCase4" time="0.000"/>
  <testcase classname="seleniumpractice.WaitsInSelenium.Parameterized" name="TestCase4" time="0.000"/>
  <testcase classname="seleniumpractice.WaitsInSelenium.Parameterized" name="TestCase4" time="0.000"/>
  <testcase classname="seleniumpractice.WaitsInSelenium.Parameterized" name="TestCase4" time="0.000"/>
  <testcase classname="seleniumpractice.WaitsInSelenium.Parameterized" name="TestCase4" time="0.000"/>
  <testcase classname="seleniumpractice.WaitsInSelenium.Parameterized" name="TestCase4" time="0.000"/>
  <testcase classname="seleniumpractice.WaitsInSelenium.Parameterized" name="TestCase4" time="0.000"/>
  <testcase classname="seleniumpractice.WaitsInSelenium.Parameterized" name="TestCase4" time="0.001"/>
  <testcase classname="seleniumpractice.WaitsInSelenium.Parameterized" name="TestCase4" time="0.000"/>
  <testcase classname="seleniumpractice.WaitsInSelenium.Parameterized" name="TestCase4" time="0.000"/>
  <testcase classname="seleniumpractice.WaitsInSelenium.Parameterized" name="TestCase4" time="0.001"/>
  <testcase classname="seleniumpractice.WaitsInSelenium.Parameterized" name="TestCase4" time="0.001"/>
  <testcase classname="seleniumpractice.WaitsInSelenium.Parameterized" name="TestCase4" time="0.000"/>
  <testcase classname="seleniumpractice.WaitsInSelenium.Parameterized" name="TestCase4" time="0.000"/>
  <testcase classname="seleniumpractice.WaitsInSelenium.Parameterized" name="TestCase4" time="0.000"/>
  <testcase classname="seleniumpractice.WaitsInSelenium.Parameterized" name="TestCase4" time="0.000"/>
  <testcase classname="seleniumpractice.WaitsInSelenium.Parameterized" name="TestCase4" time="0.000"/>
  <testcase classname="seleniumpractice.WaitsInSelenium.Parameterized" name="TestCase4" time="0.001"/>
  <testcase classname="seleniumpractice.WaitsInSelenium.Parameterized" name="TestCase4" time="0.000"/>
  <testcase classname="seleniumpractice.WaitsInSelenium.Parameterized" name="TestCase4" time="0.000"/>
  <testcase classname="seleniumpractice.WaitsInSelenium.Parameterized" name="TestCase4" time="0.000"/>
  <testcase classname="seleniumpractice.WaitsInSelenium.Parameterized" name="TestCase4" time="0.000"/>
  <testcase classname="seleniumpractice.WaitsInSelenium.Parameterized" name="TestCase4" time="0.000"/>
  <testcase classname="seleniumpractice.WaitsInSelenium.Parameterized" name="TestCase4" time="0.000"/>
  <testcase classname="seleniumpractice.WaitsInSelenium.Parameterized" name="TestCase4" time="0.000"/>
  <testcase classname="seleniumpractice.WaitsInSelenium.Parameterized" name="TestCase4" time="0.001"/>
  <testcase classname="seleniumpractice.WaitsInSelenium.Parameterized" name="TestCase4" time="0.000"/>
  <testcase classname="seleniumpractice.WaitsInSelenium.Parameterized" name="TestCase4" time="0.000"/>
  <testcase classname="seleniumpractice.WaitsInSelenium.Parameterized" name="TestCase4" time="0.000"/>
  <testcase classname="seleniumpractice.WaitsInSelenium.Parameterized" name="TestCase4" time="0.000"/>
  <testcase classname="seleniumpractice.WaitsInSelenium.Parameterized" name="TestCase4" time="0.000"/>
  <testcase classname="seleniumpractice.WaitsInSelenium.Parameterized" name="TestCase4" time="0.000"/>
  <testcase classname="seleniumpractice.WaitsInSelenium.Parameterized" name="TestCase4" time="0.001"/>
  <testcase classname="seleniumpractice.WaitsInSelenium.Parameterized" name="TestCase4" time="0.001"/>
  <testcase classname="seleniumpractice.WaitsInSelenium.Parameterized" name="TestCase4" time="0.000"/>
  <testcase classname="seleniumpractice.WaitsInSelenium.Parameterized" name="TestCase4" time="0.001"/>
  <testcase classname="seleniumpractice.WaitsInSelenium.Parameterized" name="TestCase4" time="0.001"/>
  <testcase classname="seleniumpractice.WaitsInSelenium.Parameterized" name="TestCase4" time="0.000"/>
  <testcase classname="seleniumpractice.WaitsInSelenium.Parameterized" name="TestCase4" time="0.000"/>
  <testcase classname="seleniumpractice.WaitsInSelenium.Parameterized" name="TestCase4" time="0.000"/>
  <testcase classname="seleniumpractice.WaitsInSelenium.Parameterized" name="TestCase4" time="0.000"/>
  <testcase classname="seleniumpractice.WaitsInSelenium.Parameterized" name="TestCase4" time="0.000"/>
  <testcase classname="seleniumpractice.WaitsInSelenium.Parameterized" name="TestCase4" time="0.000"/>
  <testcase classname="seleniumpractice.WaitsInSelenium.Parameterized" name="TestCase4" time="0.000"/>
  <testcase classname="seleniumpractice.WaitsInSelenium.Parameterized" name="TestCase4" time="0.000"/>
  <testcase classname="seleniumpractice.WaitsInSelenium.Parameterized" name="TestCase4" time="0.001"/>
  <testcase classname="seleniumpractice.WaitsInSelenium.Parameterized" name="TestCase4" time="0.001"/>
  <testcase classname="seleniumpractice.WaitsInSelenium.Parameterized" name="TestCase4" time="0.000"/>
  <testcase classname="seleniumpractice.WaitsInSelenium.Parameterized" name="TestCase4" time="0.001"/>
  <testcase classname="seleniumpractice.WaitsInSelenium.Parameterized" name="TestCase4" time="0.000"/>
  <testcase classname="seleniumpractice.WaitsInSelenium.Parameterized" name="TestCase4" time="0.001"/>
  <testcase classname="seleniumpractice.WaitsInSelenium.Parameterized" name="TestCase4" time="0.000"/>
  <testcase classname="seleniumpractice.WaitsInSelenium.Parameterized" name="TestCase4" time="0.000"/>
  <testcase classname="seleniumpractice.WaitsInSelenium.Parameterized" name="TestCase4" time="0.000"/>
  <testcase classname="seleniumpractice.WaitsInSelenium.Parameterized" name="TestCase4" time="0.000"/>
  <testcase classname="seleniumpractice.WaitsInSelenium.Parameterized" name="TestCase4" time="0.001"/>
  <testcase classname="seleniumpractice.WaitsInSelenium.Parameterized" name="TestCase4" time="0.000"/>
  <testcase classname="seleniumpractice.WaitsInSelenium.Parameterized" name="TestCase4" time="0.001"/>
  <testcase classname="seleniumpractice.WaitsInSelenium.Parameterized" name="TestCase4" time="0.000"/>
  <testcase classname="seleniumpractice.WaitsInSelenium.Parameterized" name="TestCase4" time="0.001"/>
  <testcase classname="seleniumpractice.WaitsInSelenium.Parameterized" name="TestCase4" time="0.000"/>
  <testcase classname="seleniumpractice.WaitsInSelenium.Parameterized" name="TestCase4" time="0.000"/>
  <testcase classname="seleniumpractice.WaitsInSelenium.Parameterized" name="TestCase4" time="0.000"/>
  <testcase classname="seleniumpractice.WaitsInSelenium.Parameterized" name="TestCase4" time="0.000"/>
  <testcase classname="seleniumpractice.WaitsInSelenium.Parameterized" name="TestCase4" time="0.000"/>
  <testcase classname="seleniumpractice.WaitsInSelenium.Parameterized" name="TestCase4" time="0.001"/>
  <testcase classname="seleniumpractice.WaitsInSelenium.Parameterized" name="TestCase4" time="0.001"/>
  <testcase classname="seleniumpractice.WaitsInSelenium.Parameterized" name="TestCase4" time="0.000"/>
  <testcase classname="seleniumpractice.WaitsInSelenium.Parameterized" name="TestCase4" time="0.000"/>
  <testcase classname="seleniumpractice.WaitsInSelenium.Parameterized" name="TestCase4" time="0.000"/>
  <testcase classname="seleniumpractice.WaitsInSelenium.Parameterized" name="TestCase4" time="0.000"/>
  <testcase classname="seleniumpractice.WaitsInSelenium.Parameterized" name="TestCase4" time="0.000"/>
  <testcase classname="seleniumpractice.WaitsInSelenium.Parameterized" name="TestCase4" time="0.000"/>
  <testcase classname="seleniumpractice.WaitsInSelenium.Parameterized" name="TestCase4" time="0.000"/>
  <testcase classname="seleniumpractice.WaitsInSelenium.Parameterized" name="TestCase4" time="0.001"/>
  <testcase classname="seleniumpractice.WaitsInSelenium.Parameterized" name="TestCase4" time="0.000"/>
  <testcase classname="seleniumpractice.WaitsInSelenium.Parameterized" name="TestCase4" time="0.000"/>
  <testcase classname="seleniumpractice.WaitsInSelenium.Parameterized" name="TestCase4" time="0.001"/>
  <testcase classname="seleniumpractice.WaitsInSelenium.Parameterized" name="TestCase4" time="0.001"/>
  <testcase classname="seleniumpractice.WaitsInSelenium.Parameterized" name="TestCase4" time="0.001"/>
  <testcase classname="seleniumpractice.WaitsInSelenium.Parameterized" name="TestCase4" time="0.000"/>
  <testcase classname="seleniumpractice.WaitsInSelenium.Parameterized" name="TestCase4" time="0.001"/>
  <testcase classname="seleniumpractice.WaitsInSelenium.Parameterized" name="TestCase4" time="0.000"/>
  <testcase classname="seleniumpractice.WaitsInSelenium.Parameterized" name="TestCase4" time="0.000"/>
  <testcase classname="seleniumpractice.WaitsInSelenium.Parameterized" name="TestCase4" time="0.000"/>
  <testcase classname="seleniumpractice.WaitsInSelenium.Parameterized" name="TestCase4" time="0.000"/>
  <testcase classname="seleniumpractice.WaitsInSelenium.Parameterized" name="TestCase4" time="0.000"/>
  <testcase classname="seleniumpractice.WaitsInSelenium.Parameterized" name="TestCase4" time="0.000"/>
  <testcase classname="seleniumpractice.WaitsInSelenium.Parameterized" name="TestCase4" time="0.000"/>
  <testcase classname="seleniumpractice.WaitsInSelenium.Parameterized" name="TestCase4" time="0.000"/>
  <testcase classname="seleniumpractice.WaitsInSelenium.Parameterized" name="TestCase4" time="0.000"/>
  <testcase classname="seleniumpractice.WaitsInSelenium.Parameterized" name="TestCase4" time="0.000"/>
  <testcase classname="seleniumpractice.WaitsInSelenium.Parameterized" name="TestCase4" time="0.000"/>
  <testcase classname="seleniumpractice.WaitsInSelenium.Parameterized" name="TestCase4" time="0.000"/>
  <testcase classname="seleniumpractice.WaitsInSelenium.Parameterized" name="TestCase4" time="0.000"/>
  <testcase classname="seleniumpractice.WaitsInSelenium.Parameterized" name="TestCase4" time="0.001"/>
  <testcase classname="seleniumpractice.WaitsInSelenium.Parameterized" name="TestCase4" time="0.001"/>
  <testcase classname="seleniumpractice.WaitsInSelenium.Parameterized" name="TestCase4" time="0.000"/>
  <testcase classname="seleniumpractice.WaitsInSelenium.Parameterized" name="TestCase4" time="0.000"/>
  <testcase classname="seleniumpractice.WaitsInSelenium.Parameterized" name="TestCase4" time="0.001"/>
  <testcase classname="seleniumpractice.WaitsInSelenium.Parameterized" name="TestCase4" time="0.000"/>
  <testcase classname="seleniumpractice.WaitsInSelenium.Parameterized" name="TestCase4" time="0.000"/>
  <testcase classname="seleniumpractice.WaitsInSelenium.Parameterized" name="TestCase4" time="0.001"/>
  <testcase classname="seleniumpractice.WaitsInSelenium.Parameterized" name="TestCase4" time="0.000"/>
  <testcase classname="seleniumpractice.WaitsInSelenium.Parameterized" name="TestCase4" time="0.000"/>
  <testcase classname="seleniumpractice.WaitsInSelenium.Parameterized" name="TestCase4" time="0.000"/>
  <testcase classname="seleniumpractice.WaitsInSelenium.Parameterized" name="TestCase4" time="0.001"/>
  <testcase classname="seleniumpractice.WaitsInSelenium.Parameterized" name="TestCase4" time="0.001"/>
  <testcase classname="seleniumpractice.WaitsInSelenium.Parameterized" name="TestCase4" time="0.001"/>
  <testcase classname="seleniumpractice.WaitsInSelenium.Parameterized" name="TestCase4" time="0.000"/>
  <testcase classname="seleniumpractice.WaitsInSelenium.Parameterized" name="TestCase4" time="0.000"/>
  <testcase classname="seleniumpractice.WaitsInSelenium.Parameterized" name="TestCase4" time="0.000"/>
  <testcase classname="seleniumpractice.WaitsInSelenium.Parameterized" name="TestCase4" time="0.001"/>
  <testcase classname="seleniumpractice.WaitsInSelenium.Parameterized" name="TestCase4" time="0.000"/>
  <testcase classname="seleniumpractice.WaitsInSelenium.Parameterized" name="TestCase4" time="0.001"/>
  <testcase classname="seleniumpractice.WaitsInSelenium.Parameterized" name="TestCase4" time="0.000"/>
  <testcase classname="seleniumpractice.WaitsInSelenium.Parameterized" name="TestCase4" time="0.000"/>
  <testcase classname="seleniumpractice.WaitsInSelenium.Parameterized" name="TestCase4" time="0.000"/>
  <testcase classname="seleniumpractice.WaitsInSelenium.Parameterized" name="TestCase4" time="0.000"/>
  <testcase classname="seleniumpractice.WaitsInSelenium.Parameterized" name="TestCase4" time="0.001"/>
  <testcase classname="seleniumpractice.WaitsInSelenium.Parameterized" name="TestCase4" time="0.001"/>
  <testcase classname="seleniumpractice.WaitsInSelenium.Parameterized" name="TestCase4" time="0.002"/>
  <testcase classname="seleniumpractice.WaitsInSelenium.Parameterized" name="TestCase4" time="0.000"/>
  <testcase classname="seleniumpractice.WaitsInSelenium.Parameterized" name="TestCase4" time="0.000"/>
  <testcase classname="seleniumpractice.WaitsInSelenium.Parameterized" name="TestCase4" time="0.000"/>
  <testcase classname="seleniumpractice.WaitsInSelenium.Parameterized" name="TestCase4" time="0.000"/>
  <testcase classname="seleniumpractice.WaitsInSelenium.Parameterized" name="TestCase4" time="0.000"/>
  <testcase classname="seleniumpractice.WaitsInSelenium.Parameterized" name="TestCase4" time="0.000"/>
  <testcase classname="seleniumpractice.WaitsInSelenium.Parameterized" name="TestCase4" time="0.001"/>
  <testcase classname="seleniumpractice.WaitsInSelenium.Parameterized" name="TestCase4" time="0.000"/>
  <testcase classname="seleniumpractice.WaitsInSelenium.Parameterized" name="TestCase4" time="0.000"/>
  <testcase classname="seleniumpractice.WaitsInSelenium.Parameterized" name="TestCase4" time="0.000"/>
  <testcase classname="seleniumpractice.WaitsInSelenium.Parameterized" name="TestCase4" time="0.000"/>
  <testcase classname="seleniumpractice.WaitsInSelenium.Parameterized" name="TestCase4" time="0.000"/>
  <testcase classname="seleniumpractice.WaitsInSelenium.Parameterized" name="TestCase4" time="0.000"/>
  <testcase classname="seleniumpractice.WaitsInSelenium.Parameterized" name="TestCase4" time="0.001"/>
  <testcase classname="seleniumpractice.WaitsInSelenium.Parameterized" name="TestCase4" time="0.000"/>
  <testcase classname="seleniumpractice.WaitsInSelenium.Parameterized" name="TestCase4" time="0.001"/>
  <testcase classname="seleniumpractice.WaitsInSelenium.Parameterized" name="TestCase4" time="0.000"/>
  <testcase classname="seleniumpractice.WaitsInSelenium.Parameterized" name="TestCase4" time="0.001"/>
  <testcase classname="seleniumpractice.WaitsInSelenium.Parameterized" name="TestCase4" time="0.000"/>
  <testcase classname="seleniumpractice.WaitsInSelenium.Parameterized" name="TestCase4" time="0.001"/>
  <testcase classname="seleniumpractice.WaitsInSelenium.Parameterized" name="TestCase4" time="0.000"/>
  <testcase classname="seleniumpractice.WaitsInSelenium.Parameterized" name="TestCase4" time="0.001"/>
  <testcase classname="seleniumpractice.WaitsInSelenium.Parameterized" name="TestCase4" time="0.000"/>
  <testcase classname="seleniumpractice.WaitsInSelenium.Parameterized" name="TestCase4" time="0.000"/>
  <testcase classname="seleniumpractice.WaitsInSelenium.Parameterized" name="TestCase4" time="0.000"/>
  <testcase classname="seleniumpractice.WaitsInSelenium.Parameterized" name="TestCase4" time="0.000"/>
  <testcase classname="seleniumpractice.WaitsInSelenium.Parameterized" name="TestCase4" time="0.000"/>
  <testcase classname="seleniumpractice.WaitsInSelenium.Parameterized" name="TestCase4" time="0.000"/>
  <testcase classname="seleniumpractice.WaitsInSelenium.Parameterized" name="TestCase4" time="0.000"/>
  <testcase classname="seleniumpractice.WaitsInSelenium.Parameterized" name="TestCase4" time="0.000"/>
  <testcase classname="seleniumpractice.WaitsInSelenium.Parameterized" name="TestCase4" time="0.000"/>
  <testcase classname="seleniumpractice.WaitsInSelenium.Parameterized" name="TestCase4" time="0.000"/>
  <testcase classname="seleniumpractice.WaitsInSelenium.Parameterized" name="TestCase4" time="0.000"/>
  <testcase classname="seleniumpractice.WaitsInSelenium.Parameterized" name="TestCase4" time="0.000"/>
  <testcase classname="seleniumpractice.WaitsInSelenium.Parameterized" name="TestCase4" time="0.000"/>
  <testcase classname="seleniumpractice.WaitsInSelenium.Parameterized" name="TestCase4" time="0.001"/>
  <testcase classname="seleniumpractice.WaitsInSelenium.Parameterized" name="TestCase4" time="0.001"/>
  <testcase classname="seleniumpractice.WaitsInSelenium.Parameterized" name="TestCase4" time="0.001"/>
  <testcase classname="seleniumpractice.WaitsInSelenium.Parameterized" name="TestCase4" time="0.001"/>
  <testcase classname="seleniumpractice.WaitsInSelenium.Parameterized" name="TestCase4" time="0.000"/>
  <testcase classname="seleniumpractice.WaitsInSelenium.Parameterized" name="TestCase4" time="0.000"/>
  <testcase classname="seleniumpractice.WaitsInSelenium.Parameterized" name="TestCase4" time="0.001"/>
  <testcase classname="seleniumpractice.WaitsInSelenium.Parameterized" name="TestCase4" time="0.000"/>
  <testcase classname="seleniumpractice.WaitsInSelenium.Parameterized" name="TestCase4" time="0.000"/>
  <testcase classname="seleniumpractice.WaitsInSelenium.Parameterized" name="TestCase4" time="0.001"/>
  <testcase classname="seleniumpractice.WaitsInSelenium.Parameterized" name="TestCase4" time="0.001"/>
  <testcase classname="seleniumpractice.WaitsInSelenium.Parameterized" name="TestCase4" time="0.000"/>
  <testcase classname="seleniumpractice.WaitsInSelenium.Parameterized" name="TestCase4" time="0.000"/>
  <testcase classname="seleniumpractice.WaitsInSelenium.Parameterized" name="TestCase4" time="0.001"/>
  <testcase classname="seleniumpractice.WaitsInSelenium.Parameterized" name="TestCase4" time="0.001"/>
  <testcase classname="seleniumpractice.WaitsInSelenium.Parameterized" name="TestCase4" time="0.001"/>
  <testcase classname="seleniumpractice.WaitsInSelenium.Parameterized" name="TestCase4" time="0.001"/>
  <testcase classname="seleniumpractice.WaitsInSelenium.Parameterized" name="TestCase4" time="0.001"/>
  <testcase classname="seleniumpractice.WaitsInSelenium.Parameterized" name="TestCase4" time="0.001"/>
  <testcase classname="seleniumpractice.WaitsInSelenium.Parameterized" name="TestCase4" time="0.001"/>
  <testcase classname="seleniumpractice.WaitsInSelenium.Parameterized" name="TestCase4" time="0.000"/>
  <testcase classname="seleniumpractice.WaitsInSelenium.Parameterized" name="TestCase4" time="0.001"/>
  <testcase classname="seleniumpractice.WaitsInSelenium.Parameterized" name="TestCase4" time="0.001"/>
  <testcase classname="seleniumpractice.WaitsInSelenium.Parameterized" name="TestCase4" time="0.000"/>
  <testcase classname="seleniumpractice.WaitsInSelenium.Parameterized" name="TestCase4" time="0.001"/>
  <testcase classname="seleniumpractice.WaitsInSelenium.Parameterized" name="TestCase4" time="0.001"/>
  <testcase classname="seleniumpractice.WaitsInSelenium.Parameterized" name="TestCase4" time="0.000"/>
  <testcase classname="seleniumpractice.WaitsInSelenium.Parameterized" name="TestCase4" time="0.000"/>
  <testcase classname="seleniumpractice.WaitsInSelenium.Parameterized" name="TestCase4" time="0.000"/>
  <testcase classname="seleniumpractice.WaitsInSelenium.Parameterized" name="TestCase4" time="0.001"/>
  <testcase classname="seleniumpractice.WaitsInSelenium.Parameterized" name="TestCase4" time="0.000"/>
  <testcase classname="seleniumpractice.WaitsInSelenium.Parameterized" name="TestCase4" time="0.000"/>
  <testcase classname="seleniumpractice.WaitsInSelenium.Parameterized" name="TestCase4" time="0.001"/>
  <testcase classname="seleniumpractice.WaitsInSelenium.Parameterized" name="TestCase4" time="0.000"/>
  <testcase classname="seleniumpractice.WaitsInSelenium.Parameterized" name="TestCase4" time="0.000"/>
  <testcase classname="seleniumpractice.WaitsInSelenium.Parameterized" name="TestCase4" time="0.000"/>
  <testcase classname="seleniumpractice.WaitsInSelenium.Parameterized" name="TestCase4" time="0.000"/>
  <testcase classname="seleniumpractice.WaitsInSelenium.Parameterized" name="TestCase4" time="0.000"/>
  <testcase classname="seleniumpractice.WaitsInSelenium.Parameterized" name="TestCase4" time="0.000"/>
  <testcase classname="seleniumpractice.WaitsInSelenium.Parameterized" name="TestCase4" time="0.001"/>
  <testcase classname="seleniumpractice.WaitsInSelenium.Parameterized" name="TestCase4" time="0.000"/>
  <testcase classname="seleniumpractice.WaitsInSelenium.Parameterized" name="TestCase4" time="0.001"/>
  <testcase classname="seleniumpractice.WaitsInSelenium.Parameterized" name="TestCase4" time="0.000"/>
  <testcase classname="seleniumpractice.WaitsInSelenium.Parameterized" name="TestCase4" time="0.001"/>
  <testcase classname="seleniumpractice.WaitsInSelenium.Parameterized" name="TestCase4" time="0.000"/>
  <testcase classname="seleniumpractice.WaitsInSelenium.Parameterized" name="TestCase4" time="0.000"/>
  <testcase classname="seleniumpractice.WaitsInSelenium.Parameterized" name="TestCase4" time="0.001"/>
  <testcase classname="seleniumpractice.WaitsInSelenium.Parameterized" name="TestCase4" time="0.001"/>
  <testcase classname="seleniumpractice.WaitsInSelenium.Parameterized" name="TestCase4" time="0.000"/>
  <testcase classname="seleniumpractice.WaitsInSelenium.Parameterized" name="TestCase4" time="0.000"/>
  <testcase classname="seleniumpractice.WaitsInSelenium.Parameterized" name="TestCase4" time="0.000"/>
  <testcase classname="seleniumpractice.WaitsInSelenium.Parameterized" name="TestCase4" time="0.000"/>
  <testcase classname="seleniumpractice.WaitsInSelenium.Parameterized" name="TestCase4" time="0.000"/>
  <testcase classname="seleniumpractice.WaitsInSelenium.Parameterized" name="TestCase4" time="0.002"/>
  <testcase classname="seleniumpractice.WaitsInSelenium.Parameterized" name="TestCase4" time="0.000"/>
  <testcase classname="seleniumpractice.WaitsInSelenium.Parameterized" name="TestCase4" time="0.000"/>
  <testcase classname="seleniumpractice.WaitsInSelenium.Parameterized" name="TestCase4" time="0.001"/>
  <testcase classname="seleniumpractice.WaitsInSelenium.Parameterized" name="TestCase4" time="0.001"/>
  <testcase classname="seleniumpractice.WaitsInSelenium.Parameterized" name="TestCase4" time="0.000"/>
  <testcase classname="seleniumpractice.WaitsInSelenium.Parameterized" name="TestCase4" time="0.001"/>
  <testcase classname="seleniumpractice.WaitsInSelenium.Parameterized" name="TestCase4" time="0.000"/>
  <testcase classname="seleniumpractice.WaitsInSelenium.Parameterized" name="TestCase4" time="0.000"/>
  <testcase classname="seleniumpractice.WaitsInSelenium.Parameterized" name="TestCase4" time="0.000"/>
  <testcase classname="seleniumpractice.WaitsInSelenium.Parameterized" name="TestCase4" time="0.000"/>
  <testcase classname="seleniumpractice.WaitsInSelenium.Parameterized" name="TestCase4" time="0.001"/>
  <testcase classname="seleniumpractice.WaitsInSelenium.Parameterized" name="TestCase4" time="0.000"/>
  <testcase classname="seleniumpractice.WaitsInSelenium.Parameterized" name="TestCase4" time="0.000"/>
  <testcase classname="seleniumpractice.WaitsInSelenium.Parameterized" name="TestCase4" time="0.000"/>
  <testcase classname="seleniumpractice.WaitsInSelenium.Parameterized" name="TestCase4" time="0.000"/>
  <testcase classname="seleniumpractice.WaitsInSelenium.Parameterized" name="TestCase4" time="0.001"/>
  <testcase classname="seleniumpractice.WaitsInSelenium.Parameterized" name="TestCase4" time="0.001"/>
  <testcase classname="seleniumpractice.WaitsInSelenium.Parameterized" name="TestCase4" time="0.001"/>
  <testcase classname="seleniumpractice.WaitsInSelenium.Parameterized" name="TestCase4" time="0.000"/>
  <testcase classname="seleniumpractice.WaitsInSelenium.Parameterized" name="TestCase4" time="0.000"/>
  <testcase classname="seleniumpractice.WaitsInSelenium.Parameterized" name="TestCase4" time="0.000"/>
  <testcase classname="seleniumpractice.WaitsInSelenium.Parameterized" name="TestCase4" time="0.000"/>
  <testcase classname="seleniumpractice.WaitsInSelenium.Parameterized" name="TestCase4" time="0.001"/>
  <testcase classname="seleniumpractice.WaitsInSelenium.Parameterized" name="TestCase4" time="0.860"/>
  <testcase classname="seleniumpractice.WaitsInSelenium.Parameterized" name="TestCase4" time="0.000"/>
  <testcase classname="seleniumpractice.WaitsInSelenium.Parameterized" name="TestCase4" time="0.000"/>
  <testcase classname="seleniumpractice.WaitsInSelenium.Parameterized" name="TestCase4" time="0.001"/>
  <testcase classname="seleniumpractice.WaitsInSelenium.Parameterized" name="TestCase4" time="0.000"/>
  <testcase classname="seleniumpractice.WaitsInSelenium.Parameterized" name="TestCase4" time="0.000"/>
  <testcase classname="seleniumpractice.WaitsInSelenium.Parameterized" name="TestCase4" time="0.000"/>
  <testcase classname="seleniumpractice.WaitsInSelenium.Parameterized" name="TestCase4" time="0.001"/>
  <testcase classname="seleniumpractice.WaitsInSelenium.Parameterized" name="TestCase4" time="0.000"/>
  <testcase classname="seleniumpractice.WaitsInSelenium.Parameterized" name="TestCase4" time="0.000"/>
  <testcase classname="seleniumpractice.WaitsInSelenium.Parameterized" name="TestCase4" time="0.000"/>
  <testcase classname="seleniumpractice.WaitsInSelenium.Parameterized" name="TestCase4" time="0.000"/>
  <testcase classname="seleniumpractice.WaitsInSelenium.Parameterized" name="TestCase4" time="0.000"/>
  <testcase classname="seleniumpractice.WaitsInSelenium.Parameterized" name="TestCase4" time="0.001"/>
  <testcase classname="seleniumpractice.WaitsInSelenium.Parameterized" name="TestCase4" time="0.000"/>
  <testcase classname="seleniumpractice.WaitsInSelenium.Parameterized" name="TestCase4" time="0.000"/>
  <testcase classname="seleniumpractice.WaitsInSelenium.Parameterized" name="TestCase4" time="0.000"/>
  <testcase classname="seleniumpractice.WaitsInSelenium.Parameterized" name="TestCase4" time="0.000"/>
  <testcase classname="seleniumpractice.WaitsInSelenium.Parameterized" name="TestCase4" time="0.001"/>
  <testcase classname="seleniumpractice.WaitsInSelenium.Parameterized" name="TestCase4" time="0.000"/>
  <testcase classname="seleniumpractice.WaitsInSelenium.Parameterized" name="TestCase4" time="0.000"/>
  <testcase classname="seleniumpractice.WaitsInSelenium.Parameterized" name="TestCase4" time="0.000"/>
  <testcase classname="seleniumpractice.WaitsInSelenium.Parameterized" name="TestCase4" time="0.001"/>
  <testcase classname="seleniumpractice.WaitsInSelenium.Parameterized" name="TestCase4" time="0.000"/>
  <testcase classname="seleniumpractice.WaitsInSelenium.Parameterized" name="TestCase4" time="0.001"/>
  <testcase classname="seleniumpractice.WaitsInSelenium.Parameterized" name="TestCase4" time="0.000"/>
  <testcase classname="seleniumpractice.WaitsInSelenium.Parameterized" name="TestCase4" time="0.000"/>
  <testcase classname="seleniumpractice.WaitsInSelenium.Parameterized" name="TestCase4" time="0.000"/>
  <testcase classname="seleniumpractice.WaitsInSelenium.Parameterized" name="TestCase4" time="0.001"/>
  <testcase classname="seleniumpractice.WaitsInSelenium.Parameterized" name="TestCase4" time="0.000"/>
  <testcase classname="seleniumpractice.WaitsInSelenium.Parameterized" name="TestCase4" time="0.000"/>
  <testcase classname="seleniumpractice.WaitsInSelenium.Parameterized" name="TestCase4" time="0.000"/>
  <testcase classname="seleniumpractice.WaitsInSelenium.Parameterized" name="TestCase4" time="0.000"/>
  <testcase classname="seleniumpractice.WaitsInSelenium.Parameterized" name="TestCase4" time="0.001"/>
  <testcase classname="seleniumpractice.WaitsInSelenium.Parameterized" name="TestCase4" time="0.000"/>
  <testcase classname="seleniumpractice.WaitsInSelenium.Parameterized" name="TestCase4" time="0.000"/>
  <testcase classname="seleniumpractice.WaitsInSelenium.Parameterized" name="TestCase4" time="0.000"/>
  <testcase classname="seleniumpractice.WaitsInSelenium.Parameterized" name="TestCase4" time="0.000"/>
  <testcase classname="seleniumpractice.WaitsInSelenium.Parameterized" name="TestCase4" time="0.001"/>
  <testcase classname="seleniumpractice.WaitsInSelenium.Parameterized" name="TestCase4" time="0.000"/>
  <testcase classname="seleniumpractice.WaitsInSelenium.Parameterized" name="TestCase4" time="0.000"/>
  <testcase classname="seleniumpractice.WaitsInSelenium.Parameterized" name="TestCase4" time="0.000"/>
  <testcase classname="seleniumpractice.WaitsInSelenium.Parameterized" name="TestCase4" time="0.000"/>
  <testcase classname="seleniumpractice.WaitsInSelenium.Parameterized" name="TestCase4" time="0.001"/>
  <testcase classname="seleniumpractice.WaitsInSelenium.Parameterized" name="TestCase4" time="0.000"/>
  <testcase classname="seleniumpractice.WaitsInSelenium.Parameterized" name="TestCase4" time="0.000"/>
  <testcase classname="seleniumpractice.WaitsInSelenium.Parameterized" name="TestCase4" time="0.000"/>
  <testcase classname="seleniumpractice.WaitsInSelenium.Parameterized" name="TestCase4" time="0.000"/>
  <testcase classname="seleniumpractice.WaitsInSelenium.Parameterized" name="TestCase4" time="0.000"/>
  <testcase classname="seleniumpractice.WaitsInSelenium.Parameterized" name="TestCase4" time="0.000"/>
  <testcase classname="seleniumpractice.WaitsInSelenium.Parameterized" name="TestCase4" time="0.001"/>
  <testcase classname="seleniumpractice.WaitsInSelenium.Parameterized" name="TestCase4" time="0.000"/>
  <testcase classname="seleniumpractice.WaitsInSelenium.Parameterized" name="TestCase4" time="0.001"/>
  <testcase classname="seleniumpractice.WaitsInSelenium.Parameterized" name="TestCase4" time="0.000"/>
  <testcase classname="seleniumpractice.WaitsInSelenium.Parameterized" name="TestCase4" time="0.000"/>
  <testcase classname="seleniumpractice.WaitsInSelenium.Parameterized" name="TestCase4" time="0.000"/>
  <testcase classname="seleniumpractice.WaitsInSelenium.Parameterized" name="TestCase4" time="0.000"/>
  <testcase classname="seleniumpractice.WaitsInSelenium.Parameterized" name="TestCase4" time="0.000"/>
  <testcase classname="seleniumpractice.WaitsInSelenium.Parameterized" name="TestCase4" time="0.000"/>
  <testcase classname="seleniumpractice.WaitsInSelenium.Parameterized" name="TestCase4" time="0.000"/>
  <testcase classname="seleniumpractice.WaitsInSelenium.Parameterized" name="TestCase4" time="0.001"/>
  <testcase classname="seleniumpractice.WaitsInSelenium.Parameterized" name="TestCase4" time="0.001"/>
  <testcase classname="seleniumpractice.WaitsInSelenium.Parameterized" name="TestCase4" time="0.000"/>
  <testcase classname="seleniumpractice.WaitsInSelenium.Parameterized" name="TestCase4" time="0.000"/>
  <testcase classname="seleniumpractice.WaitsInSelenium.Parameterized" name="TestCase4" time="0.000"/>
  <testcase classname="seleniumpractice.WaitsInSelenium.Parameterized" name="TestCase4" time="0.002"/>
  <testcase classname="seleniumpractice.WaitsInSelenium.Parameterized" name="TestCase4" time="0.000"/>
  <testcase classname="seleniumpractice.WaitsInSelenium.Parameterized" name="TestCase4" time="0.001"/>
  <testcase classname="seleniumpractice.WaitsInSelenium.Parameterized" name="TestCase4" time="0.001"/>
  <testcase classname="seleniumpractice.WaitsInSelenium.Parameterized" name="TestCase4" time="0.001"/>
  <testcase classname="seleniumpractice.WaitsInSelenium.Parameterized" name="TestCase4" time="0.000"/>
  <testcase classname="seleniumpractice.WaitsInSelenium.Parameterized" name="TestCase4" time="0.001"/>
  <testcase classname="seleniumpractice.WaitsInSelenium.Parameterized" name="TestCase4" time="0.000"/>
  <testcase classname="seleniumpractice.WaitsInSelenium.Parameterized" name="TestCase4" time="0.000"/>
  <testcase classname="seleniumpractice.WaitsInSelenium.Parameterized" name="TestCase4" time="0.000"/>
  <testcase classname="seleniumpractice.WaitsInSelenium.Parameterized" name="TestCase4" time="0.001"/>
  <testcase classname="seleniumpractice.WaitsInSelenium.Parameterized" name="TestCase4" time="0.000"/>
  <testcase classname="seleniumpractice.WaitsInSelenium.Parameterized" name="TestCase4" time="0.000"/>
  <testcase classname="seleniumpractice.WaitsInSelenium.Parameterized" name="TestCase4" time="0.000"/>
  <testcase classname="seleniumpractice.WaitsInSelenium.Parameterized" name="TestCase4" time="0.000"/>
  <testcase classname="seleniumpractice.WaitsInSelenium.Parameterized" name="TestCase4" time="0.006"/>
  <testcase classname="seleniumpractice.WaitsInSelenium.Parameterized" name="TestCase4" time="0.000"/>
  <testcase classname="seleniumpractice.WaitsInSelenium.Parameterized" name="TestCase4" time="0.000"/>
  <testcase classname="seleniumpractice.WaitsInSelenium.Parameterized" name="TestCase4" time="0.000"/>
  <testcase classname="seleniumpractice.WaitsInSelenium.Parameterized" name="TestCase4" time="0.000"/>
  <testcase classname="seleniumpractice.WaitsInSelenium.Parameterized" name="TestCase4" time="0.001"/>
  <testcase classname="seleniumpractice.WaitsInSelenium.Parameterized" name="TestCase4" time="0.000"/>
  <testcase classname="seleniumpractice.WaitsInSelenium.Parameterized" name="TestCase4" time="0.000"/>
  <testcase classname="seleniumpractice.WaitsInSelenium.Parameterized" name="TestCase4" time="0.000"/>
  <testcase classname="seleniumpractice.WaitsInSelenium.Parameterized" name="TestCase4" time="0.000"/>
  <testcase classname="seleniumpractice.WaitsInSelenium.Parameterized" name="TestCase4" time="0.000"/>
  <testcase classname="seleniumpractice.WaitsInSelenium.Parameterized" name="TestCase4" time="0.001"/>
  <testcase classname="seleniumpractice.WaitsInSelenium.Parameterized" name="TestCase4" time="0.000"/>
  <testcase classname="seleniumpractice.WaitsInSelenium.Parameterized" name="TestCase4" time="0.000"/>
  <testcase classname="seleniumpractice.WaitsInSelenium.Parameterized" name="TestCase4" time="0.001"/>
  <testcase classname="seleniumpractice.WaitsInSelenium.Parameterized" name="TestCase4" time="0.000"/>
  <testcase classname="seleniumpractice.WaitsInSelenium.Parameterized" name="TestCase4" time="0.000"/>
  <testcase classname="seleniumpractice.WaitsInSelenium.Parameterized" name="TestCase4" time="0.001"/>
  <testcase classname="seleniumpractice.WaitsInSelenium.Parameterized" name="TestCase4" time="0.000"/>
  <testcase classname="seleniumpractice.WaitsInSelenium.Parameterized" name="TestCase4" time="0.001"/>
  <testcase classname="seleniumpractice.WaitsInSelenium.Parameterized" name="TestCase4" time="0.000"/>
  <testcase classname="seleniumpractice.WaitsInSelenium.Parameterized" name="TestCase4" time="0.000"/>
  <testcase classname="seleniumpractice.WaitsInSelenium.Parameterized" name="TestCase4" time="0.000"/>
  <testcase classname="seleniumpractice.WaitsInSelenium.Parameterized" name="TestCase4" time="0.000"/>
  <testcase classname="seleniumpractice.WaitsInSelenium.Parameterized" name="TestCase4" time="0.000"/>
  <testcase classname="seleniumpractice.WaitsInSelenium.Parameterized" name="TestCase4" time="0.000"/>
  <testcase classname="seleniumpractice.WaitsInSelenium.Parameterized" name="TestCase4" time="0.001"/>
  <testcase classname="seleniumpractice.WaitsInSelenium.Parameterized" name="TestCase4" time="0.000"/>
  <testcase classname="seleniumpractice.WaitsInSelenium.Parameterized" name="TestCase4" time="0.000"/>
  <testcase classname="seleniumpractice.WaitsInSelenium.Parameterized" name="TestCase4" time="0.001"/>
  <testcase classname="seleniumpractice.WaitsInSelenium.Parameterized" name="TestCase4" time="0.001"/>
  <testcase classname="seleniumpractice.WaitsInSelenium.Parameterized" name="TestCase4" time="0.000"/>
  <testcase classname="seleniumpractice.WaitsInSelenium.Parameterized" name="TestCase4" time="0.000"/>
  <testcase classname="seleniumpractice.WaitsInSelenium.Parameterized" name="TestCase4" time="0.001"/>
  <testcase classname="seleniumpractice.WaitsInSelenium.Parameterized" name="TestCase4" time="0.000"/>
  <testcase classname="seleniumpractice.WaitsInSelenium.Parameterized" name="TestCase4" time="0.001"/>
  <testcase classname="seleniumpractice.WaitsInSelenium.Parameterized" name="TestCase4" time="0.000"/>
  <testcase classname="seleniumpractice.WaitsInSelenium.Parameterized" name="TestCase4" time="0.000"/>
  <testcase classname="seleniumpractice.WaitsInSelenium.Parameterized" name="TestCase4" time="0.000"/>
  <testcase classname="seleniumpractice.WaitsInSelenium.Parameterized" name="TestCase4" time="0.000"/>
  <testcase classname="seleniumpractice.WaitsInSelenium.Parameterized" name="TestCase4" time="0.001"/>
  <testcase classname="seleniumpractice.WaitsInSelenium.Parameterized" name="TestCase4" time="0.001"/>
  <testcase classname="seleniumpractice.WaitsInSelenium.Parameterized" name="TestCase4" time="0.001"/>
  <testcase classname="seleniumpractice.WaitsInSelenium.Parameterized" name="TestCase4" time="0.000"/>
  <testcase classname="seleniumpractice.WaitsInSelenium.Parameterized" name="TestCase4" time="0.000"/>
  <testcase classname="seleniumpractice.WaitsInSelenium.Parameterized" name="TestCase4" time="0.001"/>
  <testcase classname="seleniumpractice.WaitsInSelenium.Parameterized" name="TestCase4" time="0.000"/>
  <testcase classname="seleniumpractice.WaitsInSelenium.Parameterized" name="TestCase4" time="0.000"/>
  <testcase classname="seleniumpractice.WaitsInSelenium.Parameterized" name="TestCase4" time="0.000"/>
  <testcase classname="seleniumpractice.WaitsInSelenium.Parameterized" name="TestCase4" time="0.000"/>
  <testcase classname="seleniumpractice.WaitsInSelenium.Parameterized" name="TestCase4" time="0.001"/>
  <testcase classname="seleniumpractice.WaitsInSelenium.Parameterized" name="TestCase4" time="0.000"/>
  <testcase classname="seleniumpractice.WaitsInSelenium.Parameterized" name="TestCase4" time="0.000"/>
  <testcase classname="seleniumpractice.WaitsInSelenium.Parameterized" name="TestCase4" time="0.000"/>
  <testcase classname="seleniumpractice.WaitsInSelenium.Parameterized" name="TestCase4" time="0.001"/>
  <testcase classname="seleniumpractice.WaitsInSelenium.Parameterized" name="TestCase4" time="0.000"/>
  <testcase classname="seleniumpractice.WaitsInSelenium.Parameterized" name="TestCase4" time="0.000"/>
  <testcase classname="seleniumpractice.WaitsInSelenium.Parameterized" name="TestCase4" time="0.001"/>
  <testcase classname="seleniumpractice.WaitsInSelenium.Parameterized" name="TestCase4" time="0.000"/>
  <testcase classname="seleniumpractice.WaitsInSelenium.Parameterized" name="TestCase4" time="0.000"/>
  <testcase classname="seleniumpractice.WaitsInSelenium.Parameterized" name="TestCase4" time="0.000"/>
  <testcase classname="seleniumpractice.WaitsInSelenium.Parameterized" name="TestCase4" time="0.000"/>
  <testcase classname="seleniumpractice.WaitsInSelenium.Parameterized" name="TestCase4" time="0.000"/>
  <testcase classname="seleniumpractice.WaitsInSelenium.Parameterized" name="TestCase4" time="0.001"/>
  <testcase classname="seleniumpractice.WaitsInSelenium.Parameterized" name="TestCase4" time="0.000"/>
  <testcase classname="seleniumpractice.WaitsInSelenium.Parameterized" name="TestCase4" time="0.000"/>
  <testcase classname="seleniumpractice.WaitsInSelenium.Parameterized" name="TestCase4" time="0.001"/>
  <testcase classname="seleniumpractice.WaitsInSelenium.Parameterized" name="TestCase4" time="0.001"/>
  <testcase classname="seleniumpractice.WaitsInSelenium.Parameterized" name="TestCase4" time="0.000"/>
  <testcase classname="seleniumpractice.WaitsInSelenium.Parameterized" name="TestCase4" time="0.001"/>
  <testcase classname="seleniumpractice.WaitsInSelenium.Parameterized" name="TestCase4" time="0.000"/>
  <testcase classname="seleniumpractice.WaitsInSelenium.Parameterized" name="TestCase4" time="0.000"/>
  <testcase classname="seleniumpractice.WaitsInSelenium.Parameterized" name="TestCase4" time="0.000"/>
  <testcase classname="seleniumpractice.WaitsInSelenium.Parameterized" name="TestCase4" time="0.000"/>
  <testcase classname="seleniumpractice.WaitsInSelenium.Parameterized" name="TestCase4" time="0.000"/>
  <testcase classname="seleniumpractice.WaitsInSelenium.Parameterized" name="TestCase4" time="0.000"/>
  <testcase classname="seleniumpractice.WaitsInSelenium.Parameterized" name="TestCase4" time="0.000"/>
  <testcase classname="seleniumpractice.WaitsInSelenium.Parameterized" name="TestCase4" time="0.000"/>
  <testcase classname="seleniumpractice.WaitsInSelenium.Parameterized" name="TestCase4" time="0.000"/>
  <testcase classname="seleniumpractice.WaitsInSelenium.Parameterized" name="TestCase4" time="0.000"/>
  <testcase classname="seleniumpractice.WaitsInSelenium.Parameterized" name="TestCase4" time="0.001"/>
  <testcase classname="seleniumpractice.WaitsInSelenium.Parameterized" name="TestCase4" time="0.000"/>
  <testcase classname="seleniumpractice.WaitsInSelenium.Parameterized" name="TestCase4" time="0.000"/>
  <testcase classname="seleniumpractice.WaitsInSelenium.Parameterized" name="TestCase4" time="0.000"/>
  <testcase classname="seleniumpractice.WaitsInSelenium.Parameterized" name="TestCase4" time="0.001"/>
  <testcase classname="seleniumpractice.WaitsInSelenium.Parameterized" name="TestCase4" time="0.000"/>
  <testcase classname="seleniumpractice.WaitsInSelenium.Parameterized" name="TestCase4" time="0.001"/>
  <testcase classname="seleniumpractice.WaitsInSelenium.Parameterized" name="TestCase4" time="0.001"/>
  <testcase classname="seleniumpractice.WaitsInSelenium.Parameterized" name="TestCase4" time="0.000"/>
  <testcase classname="seleniumpractice.WaitsInSelenium.Parameterized" name="TestCase4" time="0.001"/>
  <testcase classname="seleniumpractice.WaitsInSelenium.Parameterized" name="TestCase4" time="0.000"/>
  <testcase classname="seleniumpractice.WaitsInSelenium.Parameterized" name="TestCase4" time="0.001"/>
  <testcase classname="seleniumpractice.WaitsInSelenium.Parameterized" name="TestCase4" time="0.001"/>
  <testcase classname="seleniumpractice.WaitsInSelenium.Parameterized" name="TestCase4" time="0.001"/>
  <testcase classname="seleniumpractice.WaitsInSelenium.Parameterized" name="TestCase4" time="0.001"/>
  <testcase classname="seleniumpractice.WaitsInSelenium.Parameterized" name="TestCase4" time="0.000"/>
  <testcase classname="seleniumpractice.WaitsInSelenium.Parameterized" name="TestCase4" time="0.000"/>
  <testcase classname="seleniumpractice.WaitsInSelenium.Parameterized" name="TestCase4" time="0.000"/>
  <testcase classname="seleniumpractice.WaitsInSelenium.Parameterized" name="TestCase4" time="0.000"/>
  <testcase classname="seleniumpractice.WaitsInSelenium.Parameterized" name="TestCase4" time="0.000"/>
  <testcase classname="seleniumpractice.WaitsInSelenium.Parameterized" name="TestCase4" time="0.000"/>
  <testcase classname="seleniumpractice.WaitsInSelenium.Parameterized" name="TestCase4" time="0.000"/>
  <testcase classname="seleniumpractice.WaitsInSelenium.Parameterized" name="TestCase4" time="0.000"/>
  <testcase classname="seleniumpractice.WaitsInSelenium.Parameterized" name="TestCase4" time="0.000"/>
  <testcase classname="seleniumpractice.WaitsInSelenium.Parameterized" name="TestCase4" time="0.000"/>
  <testcase classname="seleniumpractice.WaitsInSelenium.Parameterized" name="TestCase4" time="0.001"/>
  <testcase classname="seleniumpractice.WaitsInSelenium.Parameterized" name="TestCase4" time="0.000"/>
  <testcase classname="seleniumpractice.WaitsInSelenium.Parameterized" name="TestCase4" time="0.000"/>
  <testcase classname="seleniumpractice.WaitsInSelenium.Parameterized" name="TestCase4" time="0.001"/>
  <testcase classname="seleniumpractice.WaitsInSelenium.Parameterized" name="TestCase4" time="0.000"/>
  <testcase classname="seleniumpractice.WaitsInSelenium.Parameterized" name="TestCase4" time="0.000"/>
  <testcase classname="seleniumpractice.WaitsInSelenium.Parameterized" name="TestCase4" time="0.000"/>
  <testcase classname="seleniumpractice.WaitsInSelenium.Parameterized" name="TestCase4" time="0.001"/>
  <testcase classname="seleniumpractice.WaitsInSelenium.Parameterized" name="TestCase4" time="0.000"/>
  <testcase classname="seleniumpractice.WaitsInSelenium.Parameterized" name="TestCase4" time="0.001"/>
  <testcase classname="seleniumpractice.WaitsInSelenium.Parameterized" name="TestCase4" time="0.001"/>
  <testcase classname="seleniumpractice.WaitsInSelenium.Parameterized" name="TestCase4" time="0.001"/>
  <testcase classname="seleniumpractice.WaitsInSelenium.Parameterized" name="TestCase4" time="0.000"/>
  <testcase classname="seleniumpractice.WaitsInSelenium.Parameterized" name="TestCase4" time="0.001"/>
  <testcase classname="seleniumpractice.WaitsInSelenium.Parameterized" name="TestCase4" time="0.000"/>
  <testcase classname="seleniumpractice.WaitsInSelenium.Parameterized" name="TestCase4" time="0.000"/>
  <testcase classname="seleniumpractice.WaitsInSelenium.Parameterized" name="TestCase4" time="0.000"/>
  <testcase classname="seleniumpractice.WaitsInSelenium.Parameterized" name="TestCase4" time="0.000"/>
  <testcase classname="seleniumpractice.WaitsInSelenium.Parameterized" name="TestCase4" time="0.000"/>
  <testcase classname="seleniumpractice.WaitsInSelenium.Parameterized" name="TestCase4" time="0.000"/>
  <testcase classname="seleniumpractice.WaitsInSelenium.Parameterized" name="TestCase4" time="0.000"/>
  <testcase classname="seleniumpractice.WaitsInSelenium.Parameterized" name="TestCase4" time="0.000"/>
  <testcase classname="seleniumpractice.WaitsInSelenium.Parameterized" name="TestCase4" time="0.000"/>
  <testcase classname="seleniumpractice.WaitsInSelenium.Parameterized" name="TestCase4" time="0.000"/>
  <testcase classname="seleniumpractice.WaitsInSelenium.Parameterized" name="TestCase4" time="0.000"/>
  <testcase classname="seleniumpractice.WaitsInSelenium.Parameterized" name="TestCase4" time="0.001"/>
  <testcase classname="seleniumpractice.WaitsInSelenium.Parameterized" name="TestCase4" time="0.000"/>
  <testcase classname="seleniumpractice.WaitsInSelenium.Parameterized" name="TestCase4" time="0.000"/>
  <testcase classname="seleniumpractice.WaitsInSelenium.Parameterized" name="TestCase4" time="0.000"/>
  <testcase classname="seleniumpractice.WaitsInSelenium.Parameterized" name="TestCase4" time="0.000"/>
  <testcase classname="seleniumpractice.WaitsInSelenium.Parameterized" name="TestCase4" time="0.000"/>
  <testcase classname="seleniumpractice.WaitsInSelenium.Parameterized" name="TestCase4" time="0.000"/>
  <testcase classname="seleniumpractice.WaitsInSelenium.Parameterized" name="TestCase4" time="0.000"/>
  <testcase classname="seleniumpractice.WaitsInSelenium.Parameterized" name="TestCase4" time="0.000"/>
  <testcase classname="seleniumpractice.WaitsInSelenium.Parameterized" name="TestCase4" time="0.001"/>
  <testcase classname="seleniumpractice.WaitsInSelenium.Parameterized" name="TestCase4" time="0.000"/>
  <testcase classname="seleniumpractice.WaitsInSelenium.Parameterized" name="TestCase4" time="0.001"/>
  <testcase classname="seleniumpractice.WaitsInSelenium.Parameterized" name="TestCase4" time="0.000"/>
  <testcase classname="seleniumpractice.WaitsInSelenium.Parameterized" name="TestCase4" time="0.000"/>
  <testcase classname="seleniumpractice.WaitsInSelenium.Parameterized" name="TestCase4" time="0.001"/>
  <testcase classname="seleniumpractice.WaitsInSelenium.Parameterized" name="TestCase4" time="0.001"/>
  <testcase classname="seleniumpractice.WaitsInSelenium.Parameterized" name="TestCase4" time="0.000"/>
  <testcase classname="seleniumpractice.WaitsInSelenium.Parameterized" name="TestCase4" time="0.001"/>
  <testcase classname="seleniumpractice.WaitsInSelenium.Parameterized" name="TestCase4" time="0.001"/>
  <testcase classname="seleniumpractice.WaitsInSelenium.Parameterized" name="TestCase4" time="0.000"/>
  <testcase classname="seleniumpractice.WaitsInSelenium.Parameterized" name="TestCase4" time="0.000"/>
  <testcase classname="seleniumpractice.WaitsInSelenium.Parameterized" name="TestCase4" time="0.000"/>
  <testcase classname="seleniumpractice.WaitsInSelenium.Parameterized" name="TestCase4" time="0.000"/>
  <testcase classname="seleniumpractice.WaitsInSelenium.Parameterized" name="TestCase4" time="0.000"/>
  <testcase classname="seleniumpractice.WaitsInSelenium.Parameterized" name="TestCase4" time="0.001"/>
  <testcase classname="seleniumpractice.WaitsInSelenium.Parameterized" name="TestCase4" time="0.001"/>
  <testcase classname="seleniumpractice.WaitsInSelenium.Parameterized" name="TestCase4" time="0.001"/>
  <testcase classname="seleniumpractice.WaitsInSelenium.Parameterized" name="TestCase4" time="0.001"/>
  <testcase classname="seleniumpractice.WaitsInSelenium.Parameterized" name="TestCase4" time="0.000"/>
  <testcase classname="seleniumpractice.WaitsInSelenium.Parameterized" name="TestCase4" time="0.000"/>
  <testcase classname="seleniumpractice.WaitsInSelenium.Parameterized" name="TestCase4" time="0.000"/>
  <testcase classname="seleniumpractice.WaitsInSelenium.Parameterized" name="TestCase4" time="0.000"/>
  <testcase classname="seleniumpractice.WaitsInSelenium.Parameterized" name="TestCase4" time="0.000"/>
  <testcase classname="seleniumpractice.WaitsInSelenium.Parameterized" name="TestCase4" time="0.001"/>
  <testcase classname="seleniumpractice.WaitsInSelenium.Parameterized" name="TestCase4" time="0.000"/>
  <testcase classname="seleniumpractice.WaitsInSelenium.Parameterized" name="TestCase4" time="0.001"/>
  <testcase classname="seleniumpractice.WaitsInSelenium.Parameterized" name="TestCase4" time="0.000"/>
  <testcase classname="seleniumpractice.WaitsInSelenium.Parameterized" name="TestCase4" time="0.000"/>
  <testcase classname="seleniumpractice.WaitsInSelenium.Parameterized" name="TestCase4" time="0.000"/>
  <testcase classname="seleniumpractice.WaitsInSelenium.Parameterized" name="TestCase4" time="0.001"/>
  <testcase classname="seleniumpractice.WaitsInSelenium.Parameterized" name="TestCase4" time="0.000"/>
  <testcase classname="seleniumpractice.WaitsInSelenium.Parameterized" name="TestCase4" time="0.000"/>
  <testcase classname="seleniumpractice.WaitsInSelenium.Parameterized" name="TestCase4" time="0.000"/>
  <testcase classname="seleniumpractice.WaitsInSelenium.Parameterized" name="TestCase4" time="0.001"/>
  <testcase classname="seleniumpractice.WaitsInSelenium.Parameterized" name="TestCase4" time="0.000"/>
  <testcase classname="seleniumpractice.WaitsInSelenium.Parameterized" name="TestCase4" time="0.001"/>
  <testcase classname="seleniumpractice.WaitsInSelenium.Parameterized" name="TestCase4" time="0.000"/>
  <testcase classname="seleniumpractice.WaitsInSelenium.Parameterized" name="TestCase4" time="0.000"/>
  <testcase classname="seleniumpractice.WaitsInSelenium.Parameterized" name="TestCase4" time="0.002"/>
  <testcase classname="seleniumpractice.WaitsInSelenium.Parameterized" name="TestCase4" time="0.000"/>
  <testcase classname="seleniumpractice.WaitsInSelenium.Parameterized" name="TestCase4" time="0.001"/>
  <testcase classname="seleniumpractice.WaitsInSelenium.Parameterized" name="TestCase4" time="0.000"/>
  <testcase classname="seleniumpractice.WaitsInSelenium.Parameterized" name="TestCase4" time="0.001"/>
  <testcase classname="seleniumpractice.WaitsInSelenium.Parameterized" name="TestCase4" time="0.000"/>
  <testcase classname="seleniumpractice.WaitsInSelenium.Parameterized" name="TestCase4" time="0.001"/>
  <testcase classname="seleniumpractice.WaitsInSelenium.Parameterized" name="TestCase4" time="0.000"/>
  <testcase classname="seleniumpractice.WaitsInSelenium.Parameterized" name="TestCase4" time="0.002"/>
  <testcase classname="seleniumpractice.WaitsInSelenium.Parameterized" name="TestCase4" time="0.000"/>
  <testcase classname="seleniumpractice.WaitsInSelenium.Parameterized" name="TestCase4" time="0.000"/>
  <testcase classname="seleniumpractice.WaitsInSelenium.Parameterized" name="TestCase4" time="0.000"/>
  <testcase classname="seleniumpractice.WaitsInSelenium.Parameterized" name="TestCase4" time="0.001"/>
  <testcase classname="seleniumpractice.WaitsInSelenium.Parameterized" name="TestCase4" time="0.000"/>
  <testcase classname="seleniumpractice.WaitsInSelenium.Parameterized" name="TestCase4" time="0.000"/>
  <testcase classname="seleniumpractice.WaitsInSelenium.Parameterized" name="TestCase4" time="0.000"/>
  <testcase classname="seleniumpractice.WaitsInSelenium.Parameterized" name="TestCase4" time="0.000"/>
  <testcase classname="seleniumpractice.WaitsInSelenium.Parameterized" name="TestCase4" time="0.000"/>
  <testcase classname="seleniumpractice.WaitsInSelenium.Parameterized" name="TestCase4" time="0.000"/>
  <testcase classname="seleniumpractice.WaitsInSelenium.Parameterized" name="TestCase4" time="0.000"/>
  <testcase classname="seleniumpractice.WaitsInSelenium.Parameterized" name="TestCase4" time="0.000"/>
  <testcase classname="seleniumpractice.WaitsInSelenium.Parameterized" name="TestCase4" time="0.000"/>
  <testcase classname="seleniumpractice.WaitsInSelenium.Parameterized" name="TestCase4" time="0.000"/>
  <testcase classname="seleniumpractice.WaitsInSelenium.Parameterized" name="TestCase4" time="0.000"/>
  <testcase classname="seleniumpractice.WaitsInSelenium.Parameterized" name="TestCase4" time="0.000"/>
  <testcase classname="seleniumpractice.WaitsInSelenium.Parameterized" name="TestCase4" time="0.001"/>
  <testcase classname="seleniumpractice.WaitsInSelenium.Parameterized" name="TestCase4" time="0.000"/>
  <testcase classname="seleniumpractice.WaitsInSelenium.Parameterized" name="TestCase4" time="0.000"/>
  <testcase classname="seleniumpractice.WaitsInSelenium.Parameterized" name="TestCase4" time="0.000"/>
  <testcase classname="seleniumpractice.WaitsInSelenium.Parameterized" name="TestCase4" time="0.000"/>
  <testcase classname="seleniumpractice.WaitsInSelenium.Parameterized" name="TestCase4" time="0.001"/>
  <testcase classname="seleniumpractice.WaitsInSelenium.Parameterized" name="TestCase4" time="0.000"/>
  <testcase classname="seleniumpractice.WaitsInSelenium.Parameterized" name="TestCase4" time="0.000"/>
  <testcase classname="seleniumpractice.WaitsInSelenium.Parameterized" name="TestCase4" time="0.000"/>
  <testcase classname="seleniumpractice.WaitsInSelenium.Parameterized" name="TestCase4" time="0.000"/>
  <testcase classname="seleniumpractice.WaitsInSelenium.Parameterized" name="TestCase4" time="0.001"/>
  <testcase classname="seleniumpractice.WaitsInSelenium.Parameterized" name="TestCase4" time="0.000"/>
  <testcase classname="seleniumpractice.WaitsInSelenium.Parameterized" name="TestCase4" time="0.000"/>
  <testcase classname="seleniumpractice.WaitsInSelenium.Parameterized" name="TestCase4" time="0.000"/>
  <testcase classname="seleniumpractice.WaitsInSelenium.Parameterized" name="TestCase4" time="0.000"/>
  <testcase classname="seleniumpractice.WaitsInSelenium.Parameterized" name="TestCase4" time="0.000"/>
  <testcase classname="seleniumpractice.WaitsInSelenium.Parameterized" name="TestCase4" time="0.000"/>
  <testcase classname="seleniumpractice.WaitsInSelenium.Parameterized" name="TestCase4" time="0.000"/>
  <testcase classname="seleniumpractice.WaitsInSelenium.Parameterized" name="TestCase4" time="0.000"/>
  <testcase classname="seleniumpractice.WaitsInSelenium.Parameterized" name="TestCase4" time="0.001"/>
  <testcase classname="seleniumpractice.WaitsInSelenium.Parameterized" name="TestCase4" time="0.001"/>
  <testcase classname="seleniumpractice.WaitsInSelenium.Parameterized" name="TestCase4" time="0.002"/>
  <testcase classname="seleniumpractice.WaitsInSelenium.Parameterized" name="TestCase4" time="0.000"/>
  <testcase classname="seleniumpractice.WaitsInSelenium.Parameterized" name="TestCase4" time="0.000"/>
  <testcase classname="seleniumpractice.WaitsInSelenium.Parameterized" name="TestCase4" time="0.000"/>
  <testcase classname="seleniumpractice.WaitsInSelenium.Parameterized" name="TestCase4" time="0.001"/>
  <testcase classname="seleniumpractice.WaitsInSelenium.Parameterized" name="TestCase4" time="0.000"/>
  <testcase classname="seleniumpractice.WaitsInSelenium.Parameterized" name="TestCase4" time="0.000"/>
  <testcase classname="seleniumpractice.WaitsInSelenium.Parameterized" name="TestCase4" time="0.001"/>
  <testcase classname="seleniumpractice.WaitsInSelenium.Parameterized" name="TestCase4" time="0.000"/>
  <testcase classname="seleniumpractice.WaitsInSelenium.Parameterized" name="TestCase4" time="0.000"/>
  <testcase classname="seleniumpractice.WaitsInSelenium.Parameterized" name="TestCase4" time="0.000"/>
  <testcase classname="seleniumpractice.WaitsInSelenium.Parameterized" name="TestCase4" time="0.001"/>
  <testcase classname="seleniumpractice.WaitsInSelenium.Parameterized" name="TestCase4" time="0.000"/>
  <testcase classname="seleniumpractice.WaitsInSelenium.Parameterized" name="TestCase4" time="0.000"/>
  <testcase classname="seleniumpractice.WaitsInSelenium.Parameterized" name="TestCase4" time="0.000"/>
  <testcase classname="seleniumpractice.WaitsInSelenium.Parameterized" name="TestCase4" time="0.000"/>
  <testcase classname="seleniumpractice.WaitsInSelenium.Parameterized" name="TestCase4" time="0.000"/>
  <testcase classname="seleniumpractice.WaitsInSelenium.Parameterized" name="TestCase4" time="0.001"/>
  <testcase classname="seleniumpractice.WaitsInSelenium.Parameterized" name="TestCase4" time="0.001"/>
  <testcase classname="seleniumpractice.WaitsInSelenium.Parameterized" name="TestCase4" time="0.000"/>
  <testcase classname="seleniumpractice.WaitsInSelenium.Parameterized" name="TestCase4" time="0.000"/>
  <testcase classname="seleniumpractice.WaitsInSelenium.Parameterized" name="TestCase4" time="0.000"/>
  <testcase classname="seleniumpractice.WaitsInSelenium.Parameterized" name="TestCase4" time="0.000"/>
  <testcase classname="seleniumpractice.WaitsInSelenium.Parameterized" name="TestCase4" time="0.000"/>
  <testcase classname="seleniumpractice.WaitsInSelenium.Parameterized" name="TestCase4" time="0.000"/>
  <testcase classname="seleniumpractice.WaitsInSelenium.Parameterized" name="TestCase4" time="0.000"/>
  <testcase classname="seleniumpractice.WaitsInSelenium.Parameterized" name="TestCase4" time="0.001"/>
  <testcase classname="seleniumpractice.WaitsInSelenium.Parameterized" name="TestCase4" time="0.000"/>
  <testcase classname="seleniumpractice.WaitsInSelenium.Parameterized" name="TestCase4" time="0.001"/>
  <testcase classname="seleniumpractice.WaitsInSelenium.Parameterized" name="TestCase4" time="0.000"/>
  <testcase classname="seleniumpractice.WaitsInSelenium.Parameterized" name="TestCase4" time="0.001"/>
  <testcase classname="seleniumpractice.WaitsInSelenium.Parameterized" name="TestCase4" time="0.001"/>
  <testcase classname="seleniumpractice.WaitsInSelenium.Parameterized" name="TestCase4" time="0.000"/>
  <testcase classname="seleniumpractice.WaitsInSelenium.Parameterized" name="TestCase4" time="0.001"/>
  <testcase classname="seleniumpractice.WaitsInSelenium.Parameterized" name="TestCase4" time="0.000"/>
  <testcase classname="seleniumpractice.WaitsInSelenium.Parameterized" name="TestCase4" time="0.000"/>
  <testcase classname="seleniumpractice.WaitsInSelenium.Parameterized" name="TestCase4" time="0.000"/>
  <testcase classname="seleniumpractice.WaitsInSelenium.Parameterized" name="TestCase4" time="0.001"/>
  <testcase classname="seleniumpractice.WaitsInSelenium.Parameterized" name="TestCase4" time="0.000"/>
  <testcase classname="seleniumpractice.WaitsInSelenium.Parameterized" name="TestCase4" time="0.000"/>
  <testcase classname="seleniumpractice.WaitsInSelenium.Parameterized" name="TestCase4" time="0.000"/>
  <testcase classname="seleniumpractice.WaitsInSelenium.Parameterized" name="TestCase4" time="0.001"/>
  <testcase classname="seleniumpractice.WaitsInSelenium.Parameterized" name="TestCase4" time="0.000"/>
  <testcase classname="seleniumpractice.WaitsInSelenium.Parameterized" name="TestCase4" time="0.000"/>
  <testcase classname="seleniumpractice.WaitsInSelenium.Parameterized" name="TestCase4" time="0.000"/>
  <testcase classname="seleniumpractice.WaitsInSelenium.Parameterized" name="TestCase4" time="0.000"/>
  <testcase classname="seleniumpractice.WaitsInSelenium.Parameterized" name="TestCase4" time="0.001"/>
  <testcase classname="seleniumpractice.WaitsInSelenium.Parameterized" name="TestCase4" time="0.001"/>
  <testcase classname="seleniumpractice.WaitsInSelenium.Parameterized" name="TestCase4" time="0.001"/>
  <testcase classname="seleniumpractice.WaitsInSelenium.Parameterized" name="TestCase4" time="0.000"/>
  <testcase classname="seleniumpractice.WaitsInSelenium.Parameterized" name="TestCase4" time="0.000"/>
  <testcase classname="seleniumpractice.WaitsInSelenium.Parameterized" name="TestCase4" time="0.000"/>
  <testcase classname="seleniumpractice.WaitsInSelenium.Parameterized" name="TestCase4" time="0.000"/>
  <testcase classname="seleniumpractice.WaitsInSelenium.Parameterized" name="TestCase4" time="0.000"/>
  <testcase classname="seleniumpractice.WaitsInSelenium.Parameterized" name="TestCase4" time="0.001"/>
  <testcase classname="seleniumpractice.WaitsInSelenium.Parameterized" name="TestCase4" time="0.001"/>
  <testcase classname="seleniumpractice.WaitsInSelenium.Parameterized" name="TestCase4" time="0.000"/>
  <testcase classname="seleniumpractice.WaitsInSelenium.Parameterized" name="TestCase4" time="0.000"/>
  <testcase classname="seleniumpractice.WaitsInSelenium.Parameterized" name="TestCase4" time="0.000"/>
  <testcase classname="seleniumpractice.WaitsInSelenium.Parameterized" name="TestCase4" time="0.001"/>
  <testcase classname="seleniumpractice.WaitsInSelenium.Parameterized" name="TestCase4" time="0.000"/>
  <testcase classname="seleniumpractice.WaitsInSelenium.Parameterized" name="TestCase4" time="0.000"/>
  <testcase classname="seleniumpractice.WaitsInSelenium.Parameterized" name="TestCase4" time="0.000"/>
  <testcase classname="seleniumpractice.WaitsInSelenium.Parameterized" name="TestCase4" time="0.000"/>
  <testcase classname="seleniumpractice.WaitsInSelenium.Parameterized" name="TestCase4" time="0.000"/>
  <testcase classname="seleniumpractice.WaitsInSelenium.Parameterized" name="TestCase4" time="0.000"/>
  <testcase classname="seleniumpractice.WaitsInSelenium.Parameterized" name="TestCase4" time="0.000"/>
  <testcase classname="seleniumpractice.WaitsInSelenium.Parameterized" name="TestCase4" time="0.000"/>
  <testcase classname="seleniumpractice.WaitsInSelenium.Parameterized" name="TestCase4" time="0.001"/>
  <testcase classname="seleniumpractice.WaitsInSelenium.Parameterized" name="TestCase4" time="0.000"/>
  <testcase classname="seleniumpractice.WaitsInSelenium.Parameterized" name="TestCase4" time="0.001"/>
  <testcase classname="seleniumpractice.WaitsInSelenium.Parameterized" name="TestCase4" time="0.000"/>
  <testcase classname="seleniumpractice.WaitsInSelenium.Parameterized" name="TestCase4" time="0.000"/>
  <testcase classname="seleniumpractice.WaitsInSelenium.Parameterized" name="TestCase4" time="0.001"/>
  <testcase classname="seleniumpractice.WaitsInSelenium.Parameterized" name="TestCase4" time="0.002"/>
  <testcase classname="seleniumpractice.WaitsInSelenium.Parameterized" name="TestCase4" time="0.000"/>
  <testcase classname="seleniumpractice.WaitsInSelenium.Parameterized" name="TestCase4" time="0.000"/>
  <testcase classname="seleniumpractice.WaitsInSelenium.Parameterized" name="TestCase4" time="0.000"/>
  <testcase classname="seleniumpractice.WaitsInSelenium.Parameterized" name="TestCase4" time="0.001"/>
  <testcase classname="seleniumpractice.WaitsInSelenium.Parameterized" name="TestCase4" time="0.001"/>
  <testcase classname="seleniumpractice.WaitsInSelenium.Parameterized" name="TestCase4" time="0.000"/>
  <testcase classname="seleniumpractice.WaitsInSelenium.Parameterized" name="TestCase4" time="0.000"/>
  <testcase classname="seleniumpractice.WaitsInSelenium.Parameterized" name="TestCase4" time="0.001"/>
  <testcase classname="seleniumpractice.WaitsInSelenium.Parameterized" name="TestCase4" time="0.000"/>
  <testcase classname="seleniumpractice.WaitsInSelenium.Parameterized" name="TestCase4" time="0.000"/>
  <testcase classname="seleniumpractice.WaitsInSelenium.Parameterized" name="TestCase4" time="0.000"/>
  <testcase classname="seleniumpractice.WaitsInSelenium.Parameterized" name="TestCase4" time="0.001"/>
  <testcase classname="seleniumpractice.WaitsInSelenium.Parameterized" name="TestCase4" time="0.001"/>
  <testcase classname="seleniumpractice.WaitsInSelenium.Parameterized" name="TestCase4" time="0.001"/>
  <testcase classname="seleniumpractice.WaitsInSelenium.Parameterized" name="TestCase4" time="0.000"/>
  <testcase classname="seleniumpractice.WaitsInSelenium.Parameterized" name="TestCase4" time="0.000"/>
  <testcase classname="seleniumpractice.WaitsInSelenium.Parameterized" name="TestCase4" time="0.000"/>
  <testcase classname="seleniumpractice.WaitsInSelenium.Parameterized" name="TestCase4" time="0.001"/>
  <testcase classname="seleniumpractice.WaitsInSelenium.Parameterized" name="TestCase4" time="0.000"/>
  <testcase classname="seleniumpractice.WaitsInSelenium.Parameterized" name="TestCase4" time="0.000"/>
  <testcase classname="seleniumpractice.WaitsInSelenium.Parameterized" name="TestCase4" time="0.000"/>
  <testcase classname="seleniumpractice.WaitsInSelenium.Parameterized" name="TestCase4" time="0.000"/>
  <testcase classname="seleniumpractice.WaitsInSelenium.Parameterized" name="TestCase4" time="0.000"/>
  <testcase classname="seleniumpractice.WaitsInSelenium.Parameterized" name="TestCase4" time="0.000"/>
  <testcase classname="seleniumpractice.WaitsInSelenium.Parameterized" name="TestCase4" time="0.001"/>
  <testcase classname="seleniumpractice.WaitsInSelenium.Parameterized" name="TestCase4" time="0.001"/>
  <testcase classname="seleniumpractice.WaitsInSelenium.Parameterized" name="TestCase4" time="0.001"/>
  <testcase classname="seleniumpractice.WaitsInSelenium.Parameterized" name="TestCase4" time="0.000"/>
  <testcase classname="seleniumpractice.WaitsInSelenium.Parameterized" name="TestCase4" time="0.000"/>
  <testcase classname="seleniumpractice.WaitsInSelenium.Parameterized" name="TestCase4" time="0.000"/>
  <testcase classname="seleniumpractice.WaitsInSelenium.Parameterized" name="TestCase4" time="0.000"/>
  <testcase classname="seleniumpractice.WaitsInSelenium.Parameterized" name="TestCase4" time="0.000"/>
  <testcase classname="seleniumpractice.WaitsInSelenium.Parameterized" name="TestCase4" time="0.000"/>
  <testcase classname="seleniumpractice.WaitsInSelenium.Parameterized" name="TestCase4" time="0.001"/>
  <testcase classname="seleniumpractice.WaitsInSelenium.Parameterized" name="TestCase4" time="0.000"/>
  <testcase classname="seleniumpractice.WaitsInSelenium.Parameterized" name="TestCase4" time="0.000"/>
  <testcase classname="seleniumpractice.WaitsInSelenium.Parameterized" name="TestCase4" time="0.000"/>
  <testcase classname="seleniumpractice.WaitsInSelenium.Parameterized" name="TestCase4" time="0.001"/>
  <testcase classname="seleniumpractice.WaitsInSelenium.Parameterized" name="TestCase4" time="0.000"/>
  <testcase classname="seleniumpractice.WaitsInSelenium.Parameterized" name="TestCase4" time="0.001"/>
  <testcase classname="seleniumpractice.WaitsInSelenium.Parameterized" name="TestCase4" time="0.000"/>
  <testcase classname="seleniumpractice.WaitsInSelenium.Parameterized" name="TestCase4" time="0.000"/>
  <testcase classname="seleniumpractice.WaitsInSelenium.Parameterized" name="TestCase4" time="0.000"/>
  <testcase classname="seleniumpractice.WaitsInSelenium.Parameterized" name="TestCase4" time="0.000"/>
  <testcase classname="seleniumpractice.WaitsInSelenium.Parameterized" name="TestCase4" time="0.000"/>
  <testcase classname="seleniumpractice.WaitsInSelenium.Parameterized" name="TestCase4" time="0.000"/>
  <testcase classname="seleniumpractice.WaitsInSelenium.Parameterized" name="TestCase4" time="0.000"/>
  <testcase classname="seleniumpractice.WaitsInSelenium.Parameterized" name="TestCase4" time="0.000"/>
  <testcase classname="seleniumpractice.WaitsInSelenium.Parameterized" name="TestCase4" time="0.001"/>
  <testcase classname="seleniumpractice.WaitsInSelenium.Parameterized" name="TestCase4" time="0.000"/>
  <testcase classname="seleniumpractice.WaitsInSelenium.Parameterized" name="TestCase4" time="0.000"/>
  <testcase classname="seleniumpractice.WaitsInSelenium.Parameterized" name="TestCase4" time="0.000"/>
  <testcase classname="seleniumpractice.WaitsInSelenium.Parameterized" name="TestCase4" time="0.000"/>
  <testcase classname="seleniumpractice.WaitsInSelenium.Parameterized" name="TestCase4" time="0.001"/>
  <testcase classname="seleniumpractice.WaitsInSelenium.Parameterized" name="TestCase4" time="0.000"/>
  <testcase classname="seleniumpractice.WaitsInSelenium.Parameterized" name="TestCase4" time="0.001"/>
  <testcase classname="seleniumpractice.WaitsInSelenium.Parameterized" name="TestCase4" time="0.000"/>
  <testcase classname="seleniumpractice.WaitsInSelenium.Parameterized" name="TestCase4" time="0.001"/>
  <testcase classname="seleniumpractice.WaitsInSelenium.Parameterized" name="TestCase4" time="0.001"/>
  <testcase classname="seleniumpractice.WaitsInSelenium.Parameterized" name="TestCase4" time="0.000"/>
  <testcase classname="seleniumpractice.WaitsInSelenium.Parameterized" name="TestCase4" time="0.000"/>
  <testcase classname="seleniumpractice.WaitsInSelenium.Parameterized" name="TestCase4" time="0.000"/>
  <testcase classname="seleniumpractice.WaitsInSelenium.Parameterized" name="TestCase4" time="0.001"/>
  <testcase classname="seleniumpractice.WaitsInSelenium.Parameterized" name="TestCase4" time="0.001"/>
  <testcase classname="seleniumpractice.WaitsInSelenium.Parameterized" name="TestCase4" time="0.001"/>
  <testcase classname="seleniumpractice.WaitsInSelenium.Parameterized" name="TestCase4" time="0.000"/>
  <testcase classname="seleniumpractice.WaitsInSelenium.Parameterized" name="TestCase4" time="0.001"/>
  <testcase classname="seleniumpractice.WaitsInSelenium.Parameterized" name="TestCase4" time="0.000"/>
  <testcase classname="seleniumpractice.WaitsInSelenium.Parameterized" name="TestCase4" time="0.001"/>
  <testcase classname="seleniumpractice.WaitsInSelenium.Parameterized" name="TestCase4" time="0.001"/>
  <testcase classname="seleniumpractice.WaitsInSelenium.Parameterized" name="TestCase4" time="0.000"/>
  <testcase classname="seleniumpractice.WaitsInSelenium.Parameterized" name="TestCase4" time="0.000"/>
  <testcase classname="seleniumpractice.WaitsInSelenium.Parameterized" name="TestCase4" time="0.001"/>
  <testcase classname="seleniumpractice.WaitsInSelenium.Parameterized" name="TestCase4" time="0.000"/>
  <testcase classname="seleniumpractice.WaitsInSelenium.Parameterized" name="TestCase4" time="0.000"/>
  <testcase classname="seleniumpractice.WaitsInSelenium.Parameterized" name="TestCase4" time="0.001"/>
  <testcase classname="seleniumpractice.WaitsInSelenium.Parameterized" name="TestCase4" time="0.000"/>
  <testcase classname="seleniumpractice.WaitsInSelenium.Parameterized" name="TestCase4" time="0.000"/>
  <testcase classname="seleniumpractice.WaitsInSelenium.Parameterized" name="TestCase4" time="0.001"/>
  <testcase classname="seleniumpractice.WaitsInSelenium.Parameterized" name="TestCase4" time="0.002"/>
  <testcase classname="seleniumpractice.WaitsInSelenium.Parameterized" name="TestCase4" time="0.000"/>
  <testcase classname="seleniumpractice.WaitsInSelenium.Parameterized" name="TestCase4" time="0.000"/>
  <testcase classname="seleniumpractice.WaitsInSelenium.Parameterized" name="TestCase4" time="0.000"/>
  <testcase classname="seleniumpractice.WaitsInSelenium.Parameterized" name="TestCase4" time="0.000"/>
  <testcase classname="seleniumpractice.WaitsInSelenium.Parameterized" name="TestCase4" time="0.000"/>
  <testcase classname="seleniumpractice.WaitsInSelenium.Parameterized" name="TestCase4" time="0.000"/>
  <testcase classname="seleniumpractice.WaitsInSelenium.Parameterized" name="TestCase4" time="0.000"/>
  <testcase classname="seleniumpractice.WaitsInSelenium.Parameterized" name="TestCase4" time="0.000"/>
  <testcase classname="seleniumpractice.WaitsInSelenium.Parameterized" name="TestCase4" time="0.000"/>
  <testcase classname="seleniumpractice.WaitsInSelenium.Parameterized" name="TestCase4" time="0.000"/>
  <testcase classname="seleniumpractice.WaitsInSelenium.Parameterized" name="TestCase4" time="0.001"/>
  <testcase classname="seleniumpractice.WaitsInSelenium.Parameterized" name="TestCase4" time="0.000"/>
  <testcase classname="seleniumpractice.WaitsInSelenium.Parameterized" name="TestCase4" time="0.000"/>
  <testcase classname="seleniumpractice.WaitsInSelenium.Parameterized" name="TestCase4" time="0.000"/>
  <testcase classname="seleniumpractice.WaitsInSelenium.Parameterized" name="TestCase4" time="0.001"/>
  <testcase classname="seleniumpractice.WaitsInSelenium.Parameterized" name="TestCase4" time="0.001"/>
  <testcase classname="seleniumpractice.WaitsInSelenium.Parameterized" name="TestCase4" time="0.001"/>
  <testcase classname="seleniumpractice.WaitsInSelenium.Parameterized" name="TestCase4" time="0.001"/>
  <testcase classname="seleniumpractice.WaitsInSelenium.Parameterized" name="TestCase4" time="0.000"/>
  <testcase classname="seleniumpractice.WaitsInSelenium.Parameterized" name="TestCase4" time="0.000"/>
  <testcase classname="seleniumpractice.WaitsInSelenium.Parameterized" name="TestCase4" time="0.000"/>
  <testcase classname="seleniumpractice.WaitsInSelenium.Parameterized" name="TestCase4" time="0.000"/>
  <testcase classname="seleniumpractice.WaitsInSelenium.Parameterized" name="TestCase4" time="0.000"/>
  <testcase classname="seleniumpractice.WaitsInSelenium.Parameterized" name="TestCase4" time="0.000"/>
  <testcase classname="seleniumpractice.WaitsInSelenium.Parameterized" name="TestCase4" time="0.000"/>
  <testcase classname="seleniumpractice.WaitsInSelenium.Parameterized" name="TestCase4" time="0.001"/>
  <testcase classname="seleniumpractice.WaitsInSelenium.Parameterized" name="TestCase4" time="0.000"/>
  <testcase classname="seleniumpractice.WaitsInSelenium.Parameterized" name="TestCase4" time="0.001"/>
  <testcase classname="seleniumpractice.WaitsInSelenium.Parameterized" name="TestCase4" time="0.000"/>
  <testcase classname="seleniumpractice.WaitsInSelenium.Parameterized" name="TestCase4" time="0.000"/>
  <testcase classname="seleniumpractice.WaitsInSelenium.Parameterized" name="TestCase4" time="0.000"/>
  <testcase classname="seleniumpractice.WaitsInSelenium.Parameterized" name="TestCase4" time="0.000"/>
  <testcase classname="seleniumpractice.WaitsInSelenium.Parameterized" name="TestCase4" time="0.000"/>
  <testcase classname="seleniumpractice.WaitsInSelenium.Parameterized" name="TestCase4" time="0.000"/>
  <testcase classname="seleniumpractice.WaitsInSelenium.Parameterized" name="TestCase4" time="0.001"/>
  <testcase classname="seleniumpractice.WaitsInSelenium.Parameterized" name="TestCase4" time="0.000"/>
  <testcase classname="seleniumpractice.WaitsInSelenium.Parameterized" name="TestCase4" time="0.000"/>
  <testcase classname="seleniumpractice.WaitsInSelenium.Parameterized" name="TestCase4" time="0.000"/>
  <testcase classname="seleniumpractice.WaitsInSelenium.Parameterized" name="TestCase4" time="0.001"/>
  <testcase classname="seleniumpractice.WaitsInSelenium.Parameterized" name="TestCase4" time="0.000"/>
  <testcase classname="seleniumpractice.WaitsInSelenium.Parameterized" name="TestCase4" time="0.000"/>
  <testcase classname="seleniumpractice.WaitsInSelenium.Parameterized" name="TestCase4" time="0.000"/>
  <testcase classname="seleniumpractice.WaitsInSelenium.Parameterized" name="TestCase4" time="0.000"/>
  <testcase classname="seleniumpractice.WaitsInSelenium.Parameterized" name="TestCase4" time="0.000"/>
  <testcase classname="seleniumpractice.WaitsInSelenium.Parameterized" name="TestCase4" time="0.001"/>
  <testcase classname="seleniumpractice.WaitsInSelenium.Parameterized" name="TestCase4" time="0.000"/>
  <testcase classname="seleniumpractice.WaitsInSelenium.Parameterized" name="TestCase4" time="0.001"/>
  <testcase classname="seleniumpractice.WaitsInSelenium.Parameterized" name="TestCase4" time="0.001"/>
  <testcase classname="seleniumpractice.WaitsInSelenium.Parameterized" name="TestCase4" time="0.000"/>
  <testcase classname="seleniumpractice.WaitsInSelenium.Parameterized" name="TestCase4" time="0.000"/>
  <testcase classname="seleniumpractice.WaitsInSelenium.Parameterized" name="TestCase4" time="0.000"/>
  <testcase classname="seleniumpractice.WaitsInSelenium.Parameterized" name="TestCase4" time="0.000"/>
  <testcase classname="seleniumpractice.WaitsInSelenium.Parameterized" name="TestCase4" time="0.000"/>
  <testcase classname="seleniumpractice.WaitsInSelenium.Parameterized" name="TestCase4" time="0.000"/>
  <testcase classname="seleniumpractice.WaitsInSelenium.Parameterized" name="TestCase4" time="0.000"/>
  <testcase classname="seleniumpractice.WaitsInSelenium.Parameterized" name="TestCase4" time="0.000"/>
  <testcase classname="seleniumpractice.WaitsInSelenium.Parameterized" name="TestCase4" time="0.000"/>
  <testcase classname="seleniumpractice.WaitsInSelenium.Parameterized" name="TestCase4" time="0.001"/>
  <testcase classname="seleniumpractice.WaitsInSelenium.Parameterized" name="TestCase4" time="0.002"/>
  <testcase classname="seleniumpractice.WaitsInSelenium.Parameterized" name="TestCase4" time="0.001"/>
  <testcase classname="seleniumpractice.WaitsInSelenium.Parameterized" name="TestCase4" time="0.000"/>
  <testcase classname="seleniumpractice.WaitsInSelenium.Parameterized" name="TestCase4" time="0.001"/>
  <testcase classname="seleniumpractice.WaitsInSelenium.Parameterized" name="TestCase4" time="0.000"/>
  <testcase classname="seleniumpractice.WaitsInSelenium.Parameterized" name="TestCase4" time="0.001"/>
  <testcase classname="seleniumpractice.WaitsInSelenium.Parameterized" name="TestCase4" time="0.001"/>
  <testcase classname="seleniumpractice.WaitsInSelenium.Parameterized" name="TestCase4" time="0.000"/>
  <testcase classname="seleniumpractice.WaitsInSelenium.Parameterized" name="TestCase4" time="0.001"/>
  <testcase classname="seleniumpractice.WaitsInSelenium.Parameterized" name="TestCase4" time="0.000"/>
  <testcase classname="seleniumpractice.WaitsInSelenium.Parameterized" name="TestCase4" time="0.000"/>
  <testcase classname="seleniumpractice.WaitsInSelenium.Parameterized" name="TestCase4" time="0.000"/>
  <testcase classname="seleniumpractice.WaitsInSelenium.Parameterized" name="TestCase4" time="0.000"/>
  <testcase classname="seleniumpractice.WaitsInSelenium.Parameterized" name="TestCase4" time="0.000"/>
  <testcase classname="seleniumpractice.WaitsInSelenium.Parameterized" name="TestCase4" time="0.000"/>
  <testcase classname="seleniumpractice.WaitsInSelenium.Parameterized" name="TestCase4" time="0.000"/>
  <testcase classname="seleniumpractice.WaitsInSelenium.Parameterized" name="TestCase4" time="0.000"/>
  <testcase classname="seleniumpractice.WaitsInSelenium.Parameterized" name="TestCase4" time="0.000"/>
  <testcase classname="seleniumpractice.WaitsInSelenium.Parameterized" name="TestCase4" time="0.000"/>
  <testcase classname="seleniumpractice.WaitsInSelenium.Parameterized" name="TestCase4" time="0.000"/>
  <testcase classname="seleniumpractice.WaitsInSelenium.Parameterized" name="TestCase4" time="0.000"/>
  <testcase classname="seleniumpractice.WaitsInSelenium.Parameterized" name="TestCase4" time="0.001"/>
  <testcase classname="seleniumpractice.WaitsInSelenium.Parameterized" name="TestCase4" time="0.000"/>
  <testcase classname="seleniumpractice.WaitsInSelenium.Parameterized" name="TestCase4" time="0.000"/>
  <testcase classname="seleniumpractice.WaitsInSelenium.Parameterized" name="TestCase4" time="0.000"/>
  <testcase classname="seleniumpractice.WaitsInSelenium.Parameterized" name="TestCase4" time="0.000"/>
  <testcase classname="seleniumpractice.WaitsInSelenium.Parameterized" name="TestCase4" time="0.000"/>
  <testcase classname="seleniumpractice.WaitsInSelenium.Parameterized" name="TestCase4" time="0.000"/>
  <testcase classname="seleniumpractice.WaitsInSelenium.Parameterized" name="TestCase4" time="0.000"/>
  <testcase classname="seleniumpractice.WaitsInSelenium.Parameterized" name="TestCase4" time="0.000"/>
  <testcase classname="seleniumpractice.WaitsInSelenium.Parameterized" name="TestCase4" time="0.002"/>
  <testcase classname="seleniumpractice.WaitsInSelenium.Parameterized" name="TestCase4" time="0.002"/>
  <testcase classname="seleniumpractice.WaitsInSelenium.Parameterized" name="TestCase4" time="0.000"/>
  <testcase classname="seleniumpractice.WaitsInSelenium.Parameterized" name="TestCase4" time="0.001"/>
  <testcase classname="seleniumpractice.WaitsInSelenium.Parameterized" name="TestCase4" time="0.000"/>
  <testcase classname="seleniumpractice.WaitsInSelenium.Parameterized" name="TestCase4" time="0.000"/>
  <testcase classname="seleniumpractice.WaitsInSelenium.Parameterized" name="TestCase4" time="0.000"/>
  <testcase classname="seleniumpractice.WaitsInSelenium.Parameterized" name="TestCase4" time="0.000"/>
  <testcase classname="seleniumpractice.WaitsInSelenium.Parameterized" name="TestCase4" time="0.000"/>
  <testcase classname="seleniumpractice.WaitsInSelenium.Parameterized" name="TestCase4" time="0.000"/>
  <testcase classname="seleniumpractice.WaitsInSelenium.Parameterized" name="TestCase4" time="0.000"/>
  <testcase classname="seleniumpractice.WaitsInSelenium.Parameterized" name="TestCase4" time="0.000"/>
  <testcase classname="seleniumpractice.WaitsInSelenium.Parameterized" name="TestCase4" time="0.001"/>
  <testcase classname="seleniumpractice.WaitsInSelenium.Parameterized" name="TestCase4" time="0.001"/>
  <testcase classname="seleniumpractice.WaitsInSelenium.Parameterized" name="TestCase4" time="0.000"/>
  <testcase classname="seleniumpractice.WaitsInSelenium.Parameterized" name="TestCase4" time="0.001"/>
  <testcase classname="seleniumpractice.WaitsInSelenium.Parameterized" name="TestCase4" time="0.000"/>
  <testcase classname="seleniumpractice.WaitsInSelenium.Parameterized" name="TestCase4" time="0.000"/>
  <testcase classname="seleniumpractice.WaitsInSelenium.Parameterized" name="TestCase4" time="0.000"/>
  <testcase classname="seleniumpractice.WaitsInSelenium.Parameterized" name="TestCase4" time="0.000"/>
  <testcase classname="seleniumpractice.WaitsInSelenium.Parameterized" name="TestCase4" time="0.001"/>
  <testcase classname="seleniumpractice.WaitsInSelenium.Parameterized" name="TestCase4" time="0.000"/>
  <testcase classname="seleniumpractice.WaitsInSelenium.Parameterized" name="TestCase4" time="0.000"/>
  <testcase classname="seleniumpractice.WaitsInSelenium.Parameterized" name="TestCase4" time="0.001"/>
  <testcase classname="seleniumpractice.WaitsInSelenium.Parameterized" name="TestCase4" time="0.001"/>
  <testcase classname="seleniumpractice.WaitsInSelenium.Parameterized" name="TestCase4" time="0.002"/>
  <testcase classname="seleniumpractice.WaitsInSelenium.Parameterized" name="TestCase4" time="0.000"/>
  <testcase classname="seleniumpractice.WaitsInSelenium.Parameterized" name="TestCase4" time="0.000"/>
  <testcase classname="seleniumpractice.WaitsInSelenium.Parameterized" name="TestCase4" time="0.000"/>
  <testcase classname="seleniumpractice.WaitsInSelenium.Parameterized" name="TestCase4" time="0.001"/>
  <testcase classname="seleniumpractice.WaitsInSelenium.Parameterized" name="TestCase4" time="0.000"/>
  <testcase classname="seleniumpractice.WaitsInSelenium.Parameterized" name="TestCase4" time="0.001"/>
  <testcase classname="seleniumpractice.WaitsInSelenium.Parameterized" name="TestCase4" time="0.000"/>
  <testcase classname="seleniumpractice.WaitsInSelenium.Parameterized" name="TestCase4" time="0.000"/>
  <testcase classname="seleniumpractice.WaitsInSelenium.Parameterized" name="TestCase4" time="0.001"/>
  <testcase classname="seleniumpractice.WaitsInSelenium.Parameterized" name="TestCase4" time="0.000"/>
  <testcase classname="seleniumpractice.WaitsInSelenium.Parameterized" name="TestCase4" time="0.001"/>
  <testcase classname="seleniumpractice.WaitsInSelenium.Parameterized" name="TestCase4" time="0.000"/>
  <testcase classname="seleniumpractice.WaitsInSelenium.Parameterized" name="TestCase4" time="0.000"/>
  <testcase classname="seleniumpractice.WaitsInSelenium.Parameterized" name="TestCase4" time="0.001"/>
  <testcase classname="seleniumpractice.WaitsInSelenium.Parameterized" name="TestCase4" time="0.000"/>
  <testcase classname="seleniumpractice.WaitsInSelenium.Parameterized" name="TestCase4" time="0.000"/>
  <testcase classname="seleniumpractice.WaitsInSelenium.Parameterized" name="TestCase4" time="0.001"/>
  <testcase classname="seleniumpractice.WaitsInSelenium.Parameterized" name="TestCase4" time="0.000"/>
  <testcase classname="seleniumpractice.WaitsInSelenium.Parameterized" name="TestCase4" time="0.000"/>
  <testcase classname="seleniumpractice.WaitsInSelenium.Parameterized" name="TestCase4" time="0.000"/>
  <testcase classname="seleniumpractice.WaitsInSelenium.Parameterized" name="TestCase4" time="0.001"/>
  <testcase classname="seleniumpractice.WaitsInSelenium.Parameterized" name="TestCase4" time="0.001"/>
  <testcase classname="seleniumpractice.WaitsInSelenium.Parameterized" name="TestCase4" time="0.001"/>
  <testcase classname="seleniumpractice.WaitsInSelenium.Parameterized" name="TestCase4" time="0.000"/>
  <testcase classname="seleniumpractice.WaitsInSelenium.Parameterized" name="TestCase4" time="0.000"/>
  <testcase classname="seleniumpractice.WaitsInSelenium.Parameterized" name="TestCase4" time="0.000"/>
  <testcase classname="seleniumpractice.WaitsInSelenium.Parameterized" name="TestCase4" time="0.000"/>
  <testcase classname="seleniumpractice.WaitsInSelenium.Parameterized" name="TestCase4" time="0.000"/>
  <testcase classname="seleniumpractice.WaitsInSelenium.Parameterized" name="TestCase4" time="0.000"/>
  <testcase classname="seleniumpractice.WaitsInSelenium.Parameterized" name="TestCase4" time="0.000"/>
  <testcase classname="seleniumpractice.WaitsInSelenium.Parameterized" name="TestCase4" time="0.000"/>
  <testcase classname="seleniumpractice.WaitsInSelenium.Parameterized" name="TestCase4" time="0.000"/>
  <testcase classname="seleniumpractice.WaitsInSelenium.Parameterized" name="TestCase4" time="0.000"/>
  <testcase classname="seleniumpractice.WaitsInSelenium.Parameterized" name="TestCase4" time="0.000"/>
  <testcase classname="seleniumpractice.WaitsInSelenium.Parameterized" name="TestCase4" time="0.000"/>
  <testcase classname="seleniumpractice.WaitsInSelenium.Parameterized" name="TestCase4" time="0.000"/>
  <testcase classname="seleniumpractice.WaitsInSelenium.Parameterized" name="TestCase4" time="0.000"/>
  <testcase classname="seleniumpractice.WaitsInSelenium.Parameterized" name="TestCase4" time="0.000"/>
  <testcase classname="seleniumpractice.WaitsInSelenium.Parameterized" name="TestCase4" time="0.000"/>
  <testcase classname="seleniumpractice.WaitsInSelenium.Parameterized" name="TestCase4" time="0.000"/>
  <testcase classname="seleniumpractice.WaitsInSelenium.Parameterized" name="TestCase4" time="0.000"/>
  <testcase classname="seleniumpractice.WaitsInSelenium.Parameterized" name="TestCase4" time="0.000"/>
  <testcase classname="seleniumpractice.WaitsInSelenium.Parameterized" name="TestCase4" time="0.000"/>
  <testcase classname="seleniumpractice.WaitsInSelenium.Parameterized" name="TestCase4" time="0.000"/>
  <testcase classname="seleniumpractice.WaitsInSelenium.Parameterized" name="TestCase4" time="0.000"/>
  <testcase classname="seleniumpractice.WaitsInSelenium.Parameterized" name="TestCase4" time="0.001"/>
  <testcase classname="seleniumpractice.WaitsInSelenium.Parameterized" name="TestCase4" time="0.003"/>
  <testcase classname="seleniumpractice.WaitsInSelenium.Parameterized" name="TestCase4" time="0.000"/>
  <testcase classname="seleniumpractice.WaitsInSelenium.Parameterized" name="TestCase4" time="0.000"/>
  <testcase classname="seleniumpractice.WaitsInSelenium.Parameterized" name="TestCase4" time="0.000"/>
  <testcase classname="seleniumpractice.WaitsInSelenium.Parameterized" name="TestCase4" time="0.000"/>
  <testcase classname="seleniumpractice.WaitsInSelenium.Parameterized" name="TestCase4" time="0.000"/>
  <testcase classname="seleniumpractice.WaitsInSelenium.Parameterized" name="TestCase4" time="0.000"/>
  <testcase classname="seleniumpractice.WaitsInSelenium.Parameterized" name="TestCase4" time="0.000"/>
  <testcase classname="seleniumpractice.WaitsInSelenium.Parameterized" name="TestCase4" time="0.000"/>
  <testcase classname="seleniumpractice.WaitsInSelenium.Parameterized" name="TestCase4" time="0.000"/>
  <testcase classname="seleniumpractice.WaitsInSelenium.Parameterized" name="TestCase4" time="0.001"/>
  <testcase classname="seleniumpractice.WaitsInSelenium.Parameterized" name="TestCase4" time="0.000"/>
  <testcase classname="seleniumpractice.WaitsInSelenium.Parameterized" name="TestCase4" time="0.000"/>
  <testcase classname="seleniumpractice.WaitsInSelenium.Parameterized" name="TestCase4" time="0.000"/>
  <testcase classname="seleniumpractice.WaitsInSelenium.Parameterized" name="TestCase4" time="0.001"/>
  <testcase classname="seleniumpractice.WaitsInSelenium.Parameterized" name="TestCase4" time="0.000"/>
  <testcase classname="seleniumpractice.WaitsInSelenium.Parameterized" name="TestCase4" time="0.000"/>
  <testcase classname="seleniumpractice.WaitsInSelenium.Parameterized" name="TestCase4" time="0.000"/>
  <testcase classname="seleniumpractice.WaitsInSelenium.Parameterized" name="TestCase4" time="0.001"/>
  <testcase classname="seleniumpractice.WaitsInSelenium.Parameterized" name="TestCase4" time="0.001"/>
  <testcase classname="seleniumpractice.WaitsInSelenium.Parameterized" name="TestCase4" time="0.000"/>
  <testcase classname="seleniumpractice.WaitsInSelenium.Parameterized" name="TestCase4" time="0.001"/>
  <testcase classname="seleniumpractice.WaitsInSelenium.Parameterized" name="TestCase4" time="0.001"/>
  <testcase classname="seleniumpractice.WaitsInSelenium.Parameterized" name="TestCase4" time="0.000"/>
  <testcase classname="seleniumpractice.WaitsInSelenium.Parameterized" name="TestCase4" time="0.000"/>
  <testcase classname="seleniumpractice.WaitsInSelenium.Parameterized" name="TestCase4" time="0.000"/>
  <testcase classname="seleniumpractice.WaitsInSelenium.Parameterized" name="TestCase4" time="0.000"/>
  <testcase classname="seleniumpractice.WaitsInSelenium.Parameterized" name="TestCase4" time="0.000"/>
  <testcase classname="seleniumpractice.WaitsInSelenium.Parameterized" name="TestCase4" time="0.000"/>
  <testcase classname="seleniumpractice.WaitsInSelenium.Parameterized" name="TestCase4" time="0.000"/>
  <testcase classname="seleniumpractice.WaitsInSelenium.Parameterized" name="TestCase4" time="0.000"/>
  <testcase classname="seleniumpractice.WaitsInSelenium.Parameterized" name="TestCase4" time="0.001"/>
  <testcase classname="seleniumpractice.WaitsInSelenium.Parameterized" name="TestCase4" time="0.000"/>
  <testcase classname="seleniumpractice.WaitsInSelenium.Parameterized" name="TestCase4" time="0.000"/>
  <testcase classname="seleniumpractice.WaitsInSelenium.Parameterized" name="TestCase4" time="0.001"/>
  <testcase classname="seleniumpractice.WaitsInSelenium.Parameterized" name="TestCase4" time="0.000"/>
  <testcase classname="seleniumpractice.WaitsInSelenium.Parameterized" name="TestCase4" time="0.000"/>
  <testcase classname="seleniumpractice.WaitsInSelenium.Parameterized" name="TestCase4" time="0.000"/>
  <testcase classname="seleniumpractice.WaitsInSelenium.Parameterized" name="TestCase4" time="0.000"/>
  <testcase classname="seleniumpractice.WaitsInSelenium.Parameterized" name="TestCase4" time="0.001"/>
  <testcase classname="seleniumpractice.WaitsInSelenium.Parameterized" name="TestCase4" time="0.000"/>
  <testcase classname="seleniumpractice.WaitsInSelenium.Parameterized" name="TestCase4" time="0.001"/>
  <testcase classname="seleniumpractice.WaitsInSelenium.Parameterized" name="TestCase4" time="0.001"/>
  <testcase classname="seleniumpractice.WaitsInSelenium.Parameterized" name="TestCase4" time="0.001"/>
  <testcase classname="seleniumpractice.WaitsInSelenium.Parameterized" name="TestCase4" time="0.000"/>
  <testcase classname="seleniumpractice.WaitsInSelenium.Parameterized" name="TestCase4" time="0.001"/>
  <testcase classname="seleniumpractice.WaitsInSelenium.Parameterized" name="TestCase4" time="0.001"/>
  <testcase classname="seleniumpractice.WaitsInSelenium.Parameterized" name="TestCase4" time="0.000"/>
  <testcase classname="seleniumpractice.WaitsInSelenium.Parameterized" name="TestCase4" time="0.001"/>
  <testcase classname="seleniumpractice.WaitsInSelenium.Parameterized" name="TestCase4" time="0.001"/>
  <testcase classname="seleniumpractice.WaitsInSelenium.Parameterized" name="TestCase4" time="0.000"/>
  <testcase classname="seleniumpractice.WaitsInSelenium.Parameterized" name="TestCase4" time="0.001"/>
  <testcase classname="seleniumpractice.WaitsInSelenium.Parameterized" name="TestCase4" time="0.000"/>
  <testcase classname="seleniumpractice.WaitsInSelenium.Parameterized" name="TestCase4" time="0.000"/>
  <testcase classname="seleniumpractice.WaitsInSelenium.Parameterized" name="TestCase4" time="0.000"/>
  <testcase classname="seleniumpractice.WaitsInSelenium.Parameterized" name="TestCase4" time="0.000"/>
  <testcase classname="seleniumpractice.WaitsInSelenium.Parameterized" name="TestCase4" time="0.000"/>
  <testcase classname="seleniumpractice.WaitsInSelenium.Parameterized" name="TestCase4" time="0.000"/>
  <testcase classname="seleniumpractice.WaitsInSelenium.Parameterized" name="TestCase4" time="0.001"/>
  <testcase classname="seleniumpractice.WaitsInSelenium.Parameterized" name="TestCase4" time="0.000"/>
  <testcase classname="seleniumpractice.WaitsInSelenium.Parameterized" name="TestCase4" time="0.000"/>
  <testcase classname="seleniumpractice.WaitsInSelenium.Parameterized" name="TestCase4" time="0.002"/>
  <testcase classname="seleniumpractice.WaitsInSelenium.Parameterized" name="TestCase4" time="0.001"/>
  <testcase classname="seleniumpractice.WaitsInSelenium.Parameterized" name="TestCase4" time="0.001"/>
  <testcase classname="seleniumpractice.WaitsInSelenium.Parameterized" name="TestCase4" time="0.000"/>
  <testcase classname="seleniumpractice.WaitsInSelenium.Parameterized" name="TestCase4" time="0.001"/>
  <testcase classname="seleniumpractice.WaitsInSelenium.Parameterized" name="TestCase4" time="0.000"/>
  <testcase classname="seleniumpractice.WaitsInSelenium.Parameterized" name="TestCase4" time="0.000"/>
  <testcase classname="seleniumpractice.WaitsInSelenium.Parameterized" name="TestCase4" time="0.000"/>
  <testcase classname="seleniumpractice.WaitsInSelenium.Parameterized" name="TestCase4" time="0.000"/>
  <testcase classname="seleniumpractice.WaitsInSelenium.Parameterized" name="TestCase4" time="0.001"/>
  <testcase classname="seleniumpractice.WaitsInSelenium.Parameterized" name="TestCase4" time="0.000"/>
  <testcase classname="seleniumpractice.WaitsInSelenium.Parameterized" name="TestCase4" time="0.000"/>
  <testcase classname="seleniumpractice.WaitsInSelenium.Parameterized" name="TestCase4" time="0.001"/>
  <testcase classname="seleniumpractice.WaitsInSelenium.Parameterized" name="TestCase4" time="0.001"/>
  <testcase classname="seleniumpractice.WaitsInSelenium.Parameterized" name="TestCase4" time="0.000"/>
  <testcase classname="seleniumpractice.WaitsInSelenium.Parameterized" name="TestCase4" time="0.000"/>
  <testcase classname="seleniumpractice.WaitsInSelenium.Parameterized" name="TestCase4" time="0.001"/>
  <testcase classname="seleniumpractice.WaitsInSelenium.Parameterized" name="TestCase4" time="0.000"/>
  <testcase classname="seleniumpractice.WaitsInSelenium.Parameterized" name="TestCase4" time="0.000"/>
  <testcase classname="seleniumpractice.WaitsInSelenium.Parameterized" name="TestCase4" time="0.000"/>
  <testcase classname="seleniumpractice.WaitsInSelenium.Parameterized" name="TestCase4" time="0.000"/>
  <testcase classname="seleniumpractice.WaitsInSelenium.Parameterized" name="TestCase4" time="0.000"/>
  <testcase classname="seleniumpractice.WaitsInSelenium.Parameterized" name="TestCase4" time="0.000"/>
  <testcase classname="seleniumpractice.WaitsInSelenium.Parameterized" name="TestCase4" time="0.000"/>
  <testcase classname="seleniumpractice.WaitsInSelenium.Parameterized" name="TestCase4" time="0.000"/>
  <testcase classname="seleniumpractice.WaitsInSelenium.Parameterized" name="TestCase4" time="0.000"/>
  <testcase classname="seleniumpractice.WaitsInSelenium.Parameterized" name="TestCase4" time="0.000"/>
  <testcase classname="seleniumpractice.WaitsInSelenium.Parameterized" name="TestCase4" time="0.001"/>
  <testcase classname="seleniumpractice.WaitsInSelenium.Parameterized" name="TestCase4" time="0.000"/>
  <testcase classname="seleniumpractice.WaitsInSelenium.Parameterized" name="TestCase4" time="0.000"/>
  <testcase classname="seleniumpractice.WaitsInSelenium.Parameterized" name="TestCase4" time="0.000"/>
  <testcase classname="seleniumpractice.WaitsInSelenium.Parameterized" name="TestCase4" time="0.001"/>
  <testcase classname="seleniumpractice.WaitsInSelenium.Parameterized" name="TestCase4" time="0.001"/>
  <testcase classname="seleniumpractice.WaitsInSelenium.Parameterized" name="TestCase4" time="0.000"/>
  <testcase classname="seleniumpractice.WaitsInSelenium.Parameterized" name="TestCase4" time="0.000"/>
  <testcase classname="seleniumpractice.WaitsInSelenium.Parameterized" name="TestCase4" time="0.001"/>
  <testcase classname="seleniumpractice.WaitsInSelenium.Parameterized" name="TestCase4" time="0.000"/>
  <testcase classname="seleniumpractice.WaitsInSelenium.Parameterized" name="TestCase4" time="0.000"/>
  <testcase classname="seleniumpractice.WaitsInSelenium.Parameterized" name="TestCase4" time="0.000"/>
  <testcase classname="seleniumpractice.WaitsInSelenium.Parameterized" name="TestCase4" time="0.000"/>
  <testcase classname="seleniumpractice.WaitsInSelenium.Parameterized" name="TestCase4" time="0.001"/>
  <testcase classname="seleniumpractice.WaitsInSelenium.Parameterized" name="TestCase4" time="0.000"/>
  <testcase classname="seleniumpractice.WaitsInSelenium.Parameterized" name="TestCase4" time="0.000"/>
  <testcase classname="seleniumpractice.WaitsInSelenium.Parameterized" name="TestCase4" time="0.000"/>
  <testcase classname="seleniumpractice.WaitsInSelenium.Parameterized" name="TestCase4" time="0.000"/>
  <testcase classname="seleniumpractice.WaitsInSelenium.Parameterized" name="TestCase4" time="0.000"/>
  <testcase classname="seleniumpractice.WaitsInSelenium.Parameterized" name="TestCase4" time="0.001"/>
  <testcase classname="seleniumpractice.WaitsInSelenium.Parameterized" name="TestCase4" time="0.000"/>
  <testcase classname="seleniumpractice.WaitsInSelenium.Parameterized" name="TestCase4" time="0.001"/>
  <testcase classname="seleniumpractice.WaitsInSelenium.Parameterized" name="TestCase4" time="0.001"/>
  <testcase classname="seleniumpractice.WaitsInSelenium.Parameterized" name="TestCase4" time="0.001"/>
  <testcase classname="seleniumpractice.WaitsInSelenium.Parameterized" name="TestCase4" time="0.000"/>
  <testcase classname="seleniumpractice.WaitsInSelenium.Parameterized" name="TestCase4" time="0.000"/>
  <testcase classname="seleniumpractice.WaitsInSelenium.Parameterized" name="TestCase4" time="0.000"/>
  <testcase classname="seleniumpractice.WaitsInSelenium.Parameterized" name="TestCase4" time="0.000"/>
  <testcase classname="seleniumpractice.WaitsInSelenium.Parameterized" name="TestCase4" time="0.001"/>
  <testcase classname="seleniumpractice.WaitsInSelenium.Parameterized" name="TestCase4" time="0.000"/>
  <testcase classname="seleniumpractice.WaitsInSelenium.Parameterized" name="TestCase4" time="0.000"/>
  <testcase classname="seleniumpractice.WaitsInSelenium.Parameterized" name="TestCase4" time="0.001"/>
  <testcase classname="seleniumpractice.WaitsInSelenium.Parameterized" name="TestCase4" time="0.001"/>
  <testcase classname="seleniumpractice.WaitsInSelenium.Parameterized" name="TestCase4" time="0.000"/>
  <testcase classname="seleniumpractice.WaitsInSelenium.Parameterized" name="TestCase4" time="0.001"/>
  <testcase classname="seleniumpractice.WaitsInSelenium.Parameterized" name="TestCase4" time="0.000"/>
  <testcase classname="seleniumpractice.WaitsInSelenium.Parameterized" name="TestCase4" time="0.000"/>
  <testcase classname="seleniumpractice.WaitsInSelenium.Parameterized" name="TestCase4" time="0.000"/>
  <testcase classname="seleniumpractice.WaitsInSelenium.Parameterized" name="TestCase4" time="0.000"/>
  <testcase classname="seleniumpractice.WaitsInSelenium.Parameterized" name="TestCase4" time="0.000"/>
  <testcase classname="seleniumpractice.WaitsInSelenium.Parameterized" name="TestCase4" time="0.000"/>
  <testcase classname="seleniumpractice.WaitsInSelenium.Parameterized" name="TestCase4" time="0.000"/>
  <testcase classname="seleniumpractice.WaitsInSelenium.Parameterized" name="TestCase4" time="0.000"/>
  <testcase classname="seleniumpractice.WaitsInSelenium.Parameterized" name="TestCase4" time="0.001"/>
  <testcase classname="seleniumpractice.WaitsInSelenium.Parameterized" name="TestCase4" time="0.000"/>
  <testcase classname="seleniumpractice.WaitsInSelenium.Parameterized" name="TestCase4" time="0.001"/>
  <testcase classname="seleniumpractice.WaitsInSelenium.Parameterized" name="TestCase4" time="0.000"/>
  <testcase classname="seleniumpractice.WaitsInSelenium.Parameterized" name="TestCase4" time="0.000"/>
  <testcase classname="seleniumpractice.WaitsInSelenium.Parameterized" name="TestCase4" time="0.000"/>
  <testcase classname="seleniumpractice.WaitsInSelenium.Parameterized" name="TestCase4" time="0.001"/>
  <testcase classname="seleniumpractice.WaitsInSelenium.Parameterized" name="TestCase4" time="0.001"/>
  <testcase classname="seleniumpractice.WaitsInSelenium.Parameterized" name="TestCase4" time="0.000"/>
  <testcase classname="seleniumpractice.WaitsInSelenium.Parameterized" name="TestCase4" time="0.000"/>
  <testcase classname="seleniumpractice.WaitsInSelenium.Parameterized" name="TestCase4" time="0.000"/>
  <testcase classname="seleniumpractice.WaitsInSelenium.Parameterized" name="TestCase4" time="0.000"/>
  <testcase classname="seleniumpractice.WaitsInSelenium.Parameterized" name="TestCase4" time="0.000"/>
  <testcase classname="seleniumpractice.WaitsInSelenium.Parameterized" name="TestCase4" time="0.000"/>
  <testcase classname="seleniumpractice.WaitsInSelenium.Parameterized" name="TestCase4" time="0.000"/>
  <testcase classname="seleniumpractice.WaitsInSelenium.Parameterized" name="TestCase4" time="0.000"/>
  <testcase classname="seleniumpractice.WaitsInSelenium.Parameterized" name="TestCase4" time="0.001"/>
  <testcase classname="seleniumpractice.WaitsInSelenium.Parameterized" name="TestCase4" time="0.000"/>
  <testcase classname="seleniumpractice.WaitsInSelenium.Parameterized" name="TestCase4" time="0.000"/>
  <testcase classname="seleniumpractice.WaitsInSelenium.Parameterized" name="TestCase4" time="0.000"/>
  <testcase classname="seleniumpractice.WaitsInSelenium.Parameterized" name="TestCase4" time="0.001"/>
  <testcase classname="seleniumpractice.WaitsInSelenium.Parameterized" name="TestCase4" time="0.000"/>
  <testcase classname="seleniumpractice.WaitsInSelenium.Parameterized" name="TestCase4" time="0.001"/>
  <testcase classname="seleniumpractice.WaitsInSelenium.Parameterized" name="TestCase4" time="0.000"/>
  <testcase classname="seleniumpractice.WaitsInSelenium.Parameterized" name="TestCase4" time="0.000"/>
  <testcase classname="seleniumpractice.WaitsInSelenium.Parameterized" name="TestCase4" time="0.000"/>
  <testcase classname="seleniumpractice.WaitsInSelenium.Parameterized" name="TestCase4" time="0.000"/>
  <testcase classname="seleniumpractice.WaitsInSelenium.Parameterized" name="TestCase4" time="0.000"/>
  <testcase classname="seleniumpractice.WaitsInSelenium.Parameterized" name="TestCase4" time="0.000"/>
  <testcase classname="seleniumpractice.WaitsInSelenium.Parameterized" name="TestCase4" time="0.000"/>
  <testcase classname="seleniumpractice.WaitsInSelenium.Parameterized" name="TestCase4" time="0.000"/>
  <testcase classname="seleniumpractice.WaitsInSelenium.Parameterized" name="TestCase4" time="0.003"/>
  <testcase classname="seleniumpractice.WaitsInSelenium.Parameterized" name="TestCase4" time="0.000"/>
  <testcase classname="seleniumpractice.WaitsInSelenium.Parameterized" name="TestCase4" time="0.000"/>
  <testcase classname="seleniumpractice.WaitsInSelenium.Parameterized" name="TestCase4" time="0.000"/>
  <testcase classname="seleniumpractice.WaitsInSelenium.Parameterized" name="TestCase4" time="0.000"/>
  <testcase classname="seleniumpractice.WaitsInSelenium.Parameterized" name="TestCase4" time="0.001"/>
  <testcase classname="seleniumpractice.WaitsInSelenium.Parameterized" name="TestCase4" time="0.000"/>
  <testcase classname="seleniumpractice.WaitsInSelenium.Parameterized" name="TestCase4" time="0.000"/>
  <testcase classname="seleniumpractice.WaitsInSelenium.Parameterized" name="TestCase4" time="0.001"/>
  <testcase classname="seleniumpractice.WaitsInSelenium.Parameterized" name="TestCase4" time="0.000"/>
  <testcase classname="seleniumpractice.WaitsInSelenium.Parameterized" name="TestCase4" time="0.001"/>
  <testcase classname="seleniumpractice.WaitsInSelenium.Parameterized" name="TestCase4" time="0.000"/>
  <testcase classname="seleniumpractice.WaitsInSelenium.Parameterized" name="TestCase4" time="0.000"/>
  <testcase classname="seleniumpractice.WaitsInSelenium.Parameterized" name="TestCase4" time="0.000"/>
  <testcase classname="seleniumpractice.WaitsInSelenium.Parameterized" name="TestCase4" time="0.001"/>
  <testcase classname="seleniumpractice.WaitsInSelenium.Parameterized" name="TestCase4" time="0.001"/>
  <testcase classname="seleniumpractice.WaitsInSelenium.Parameterized" name="TestCase4" time="0.001"/>
  <testcase classname="seleniumpractice.WaitsInSelenium.Parameterized" name="TestCase4" time="0.000"/>
  <testcase classname="seleniumpractice.WaitsInSelenium.Parameterized" name="TestCase4" time="0.000"/>
  <testcase classname="seleniumpractice.WaitsInSelenium.Parameterized" name="TestCase4" time="0.001"/>
  <testcase classname="seleniumpractice.WaitsInSelenium.Parameterized" name="TestCase4" time="0.000"/>
  <testcase classname="seleniumpractice.WaitsInSelenium.Parameterized" name="TestCase4" time="0.000"/>
  <testcase classname="seleniumpractice.WaitsInSelenium.Parameterized" name="TestCase4" time="0.000"/>
  <testcase classname="seleniumpractice.WaitsInSelenium.Parameterized" name="TestCase4" time="0.000"/>
  <testcase classname="seleniumpractice.WaitsInSelenium.Parameterized" name="TestCase4" time="0.000"/>
  <testcase classname="seleniumpractice.WaitsInSelenium.Parameterized" name="TestCase4" time="0.000"/>
  <testcase classname="seleniumpractice.WaitsInSelenium.Parameterized" name="TestCase4" time="0.000"/>
  <testcase classname="seleniumpractice.WaitsInSelenium.Parameterized" name="TestCase4" time="0.001"/>
  <testcase classname="seleniumpractice.WaitsInSelenium.Parameterized" name="TestCase4" time="0.000"/>
  <testcase classname="seleniumpractice.WaitsInSelenium.Parameterized" name="TestCase4" time="0.000"/>
  <testcase classname="seleniumpractice.WaitsInSelenium.Parameterized" name="TestCase4" time="0.000"/>
  <testcase classname="seleniumpractice.WaitsInSelenium.Parameterized" name="TestCase4" time="0.000"/>
  <testcase classname="seleniumpractice.WaitsInSelenium.Parameterized" name="TestCase4" time="0.000"/>
  <testcase classname="seleniumpractice.WaitsInSelenium.Parameterized" name="TestCase4" time="0.001"/>
  <testcase classname="seleniumpractice.WaitsInSelenium.Parameterized" name="TestCase4" time="0.000"/>
  <testcase classname="seleniumpractice.WaitsInSelenium.Parameterized" name="TestCase4" time="0.000"/>
  <testcase classname="seleniumpractice.WaitsInSelenium.Parameterized" name="TestCase4" time="0.000"/>
  <testcase classname="seleniumpractice.WaitsInSelenium.Parameterized" name="TestCase4" time="0.001"/>
  <testcase classname="seleniumpractice.WaitsInSelenium.Parameterized" name="TestCase4" time="0.001"/>
  <testcase classname="seleniumpractice.WaitsInSelenium.Parameterized" name="TestCase4" time="0.000"/>
  <testcase classname="seleniumpractice.WaitsInSelenium.Parameterized" name="TestCase4" time="0.000"/>
  <testcase classname="seleniumpractice.WaitsInSelenium.Parameterized" name="TestCase4" time="0.000"/>
  <testcase classname="seleniumpractice.WaitsInSelenium.Parameterized" name="TestCase4" time="0.000"/>
  <testcase classname="seleniumpractice.WaitsInSelenium.Parameterized" name="TestCase4" time="0.000"/>
  <testcase classname="seleniumpractice.WaitsInSelenium.Parameterized" name="TestCase4" time="0.001"/>
  <testcase classname="seleniumpractice.WaitsInSelenium.Parameterized" name="TestCase4" time="0.001"/>
  <testcase classname="seleniumpractice.WaitsInSelenium.Parameterized" name="TestCase4" time="0.000"/>
  <testcase classname="seleniumpractice.WaitsInSelenium.Parameterized" name="TestCase4" time="0.000"/>
  <testcase classname="seleniumpractice.WaitsInSelenium.Parameterized" name="TestCase4" time="0.000"/>
  <testcase classname="seleniumpractice.WaitsInSelenium.Parameterized" name="TestCase4" time="0.001"/>
  <testcase classname="seleniumpractice.WaitsInSelenium.Parameterized" name="TestCase4" time="0.000"/>
  <testcase classname="seleniumpractice.WaitsInSelenium.Parameterized" name="TestCase4" time="0.000"/>
  <testcase classname="seleniumpractice.WaitsInSelenium.Parameterized" name="TestCase4" time="0.000"/>
  <testcase classname="seleniumpractice.WaitsInSelenium.Parameterized" name="TestCase4" time="0.001"/>
  <testcase classname="seleniumpractice.WaitsInSelenium.Parameterized" name="TestCase4" time="0.001"/>
  <testcase classname="seleniumpractice.WaitsInSelenium.Parameterized" name="TestCase4" time="0.000"/>
  <testcase classname="seleniumpractice.WaitsInSelenium.Parameterized" name="TestCase4" time="0.000"/>
  <testcase classname="seleniumpractice.WaitsInSelenium.Parameterized" name="TestCase4" time="0.000"/>
  <testcase classname="seleniumpractice.WaitsInSelenium.Parameterized" name="TestCase4" time="0.000"/>
  <testcase classname="seleniumpractice.WaitsInSelenium.Parameterized" name="TestCase4" time="0.000"/>
  <testcase classname="seleniumpractice.WaitsInSelenium.Parameterized" name="TestCase4" time="0.000"/>
  <testcase classname="seleniumpractice.WaitsInSelenium.Parameterized" name="TestCase4" time="0.000"/>
  <testcase classname="seleniumpractice.WaitsInSelenium.Parameterized" name="TestCase4" time="0.000"/>
  <testcase classname="seleniumpractice.WaitsInSelenium.Parameterized" name="TestCase4" time="0.000"/>
  <testcase classname="seleniumpractice.WaitsInSelenium.Parameterized" name="TestCase4" time="0.000"/>
  <testcase classname="seleniumpractice.WaitsInSelenium.Parameterized" name="TestCase4" time="0.001"/>
  <testcase classname="seleniumpractice.WaitsInSelenium.Parameterized" name="TestCase4" time="0.001"/>
  <testcase classname="seleniumpractice.WaitsInSelenium.Parameterized" name="TestCase4" time="0.001"/>
  <testcase classname="seleniumpractice.WaitsInSelenium.Parameterized" name="TestCase4" time="0.001"/>
  <testcase classname="seleniumpractice.WaitsInSelenium.Parameterized" name="TestCase4" time="0.000"/>
  <testcase classname="seleniumpractice.WaitsInSelenium.Parameterized" name="TestCase4" time="0.000"/>
  <testcase classname="seleniumpractice.WaitsInSelenium.Parameterized" name="TestCase4" time="0.001"/>
  <testcase classname="seleniumpractice.WaitsInSelenium.Parameterized" name="TestCase4" time="0.001"/>
  <testcase classname="seleniumpractice.WaitsInSelenium.Parameterized" name="TestCase4" time="0.000"/>
  <testcase classname="seleniumpractice.WaitsInSelenium.Parameterized" name="TestCase4" time="0.000"/>
  <testcase classname="seleniumpractice.WaitsInSelenium.Parameterized" name="TestCase4" time="0.000"/>
  <testcase classname="seleniumpractice.WaitsInSelenium.Parameterized" name="TestCase4" time="0.000"/>
  <testcase classname="seleniumpractice.WaitsInSelenium.Parameterized" name="TestCase4" time="0.001"/>
  <testcase classname="seleniumpractice.WaitsInSelenium.Parameterized" name="TestCase4" time="0.000"/>
  <testcase classname="seleniumpractice.WaitsInSelenium.Parameterized" name="TestCase4" time="0.000"/>
  <testcase classname="seleniumpractice.WaitsInSelenium.Parameterized" name="TestCase4" time="0.001"/>
  <testcase classname="seleniumpractice.WaitsInSelenium.Parameterized" name="TestCase4" time="0.001"/>
  <testcase classname="seleniumpractice.WaitsInSelenium.Parameterized" name="TestCase4" time="0.000"/>
  <testcase classname="seleniumpractice.WaitsInSelenium.Parameterized" name="TestCase4" time="0.000"/>
  <testcase classname="seleniumpractice.WaitsInSelenium.Parameterized" name="TestCase4" time="0.001"/>
  <testcase classname="seleniumpractice.WaitsInSelenium.Parameterized" name="TestCase4" time="0.001"/>
  <testcase classname="seleniumpractice.WaitsInSelenium.Parameterized" name="TestCase4" time="0.001"/>
  <testcase classname="seleniumpractice.WaitsInSelenium.Parameterized" name="TestCase4" time="0.001"/>
  <testcase classname="seleniumpractice.WaitsInSelenium.Parameterized" name="TestCase4" time="0.000"/>
  <testcase classname="seleniumpractice.WaitsInSelenium.Parameterized" name="TestCase4" time="0.001"/>
  <testcase classname="seleniumpractice.WaitsInSelenium.Parameterized" name="TestCase4" time="0.000"/>
  <testcase classname="seleniumpractice.WaitsInSelenium.Parameterized" name="TestCase4" time="0.000"/>
  <testcase classname="seleniumpractice.WaitsInSelenium.Parameterized" name="TestCase4" time="0.000"/>
  <testcase classname="seleniumpractice.WaitsInSelenium.Parameterized" name="TestCase4" time="0.001"/>
  <testcase classname="seleniumpractice.WaitsInSelenium.Parameterized" name="TestCase4" time="0.000"/>
  <testcase classname="seleniumpractice.WaitsInSelenium.Parameterized" name="TestCase4" time="0.001"/>
  <testcase classname="seleniumpractice.WaitsInSelenium.Parameterized" name="TestCase4" time="0.000"/>
  <testcase classname="seleniumpractice.WaitsInSelenium.Parameterized" name="TestCase4" time="0.000"/>
  <testcase classname="seleniumpractice.WaitsInSelenium.Parameterized" name="TestCase4" time="0.000"/>
  <testcase classname="seleniumpractice.WaitsInSelenium.Parameterized" name="TestCase4" time="0.001"/>
  <testcase classname="seleniumpractice.WaitsInSelenium.Parameterized" name="TestCase4" time="0.000"/>
  <testcase classname="seleniumpractice.WaitsInSelenium.Parameterized" name="TestCase4" time="0.001"/>
  <testcase classname="seleniumpractice.WaitsInSelenium.Parameterized" name="TestCase4" time="0.001"/>
  <testcase classname="seleniumpractice.WaitsInSelenium.Parameterized" name="TestCase4" time="0.000"/>
  <testcase classname="seleniumpractice.WaitsInSelenium.Parameterized" name="TestCase4" time="0.001"/>
  <testcase classname="seleniumpractice.WaitsInSelenium.Parameterized" name="TestCase4" time="0.000"/>
  <testcase classname="seleniumpractice.WaitsInSelenium.Parameterized" name="TestCase4" time="0.001"/>
  <testcase classname="seleniumpractice.WaitsInSelenium.Parameterized" name="TestCase4" time="0.000"/>
  <testcase classname="seleniumpractice.WaitsInSelenium.Parameterized" name="TestCase4" time="0.000"/>
  <testcase classname="seleniumpractice.WaitsInSelenium.Parameterized" name="TestCase4" time="0.001"/>
  <testcase classname="seleniumpractice.WaitsInSelenium.Parameterized" name="TestCase4" time="0.001"/>
  <testcase classname="seleniumpractice.WaitsInSelenium.Parameterized" name="TestCase4" time="0.000"/>
  <testcase classname="seleniumpractice.WaitsInSelenium.Parameterized" name="TestCase4" time="0.000"/>
  <testcase classname="seleniumpractice.WaitsInSelenium.Parameterized" name="TestCase4" time="0.000"/>
  <testcase classname="seleniumpractice.WaitsInSelenium.Parameterized" name="TestCase4" time="0.000"/>
  <testcase classname="seleniumpractice.WaitsInSelenium.Parameterized" name="TestCase4" time="0.000"/>
  <testcase classname="seleniumpractice.WaitsInSelenium.Parameterized" name="TestCase4" time="0.000"/>
  <testcase classname="seleniumpractice.WaitsInSelenium.Parameterized" name="TestCase4" time="0.000"/>
  <testcase classname="seleniumpractice.WaitsInSelenium.Parameterized" name="TestCase4" time="0.000"/>
  <testcase classname="seleniumpractice.WaitsInSelenium.Parameterized" name="TestCase4" time="0.000"/>
  <testcase classname="seleniumpractice.WaitsInSelenium.Parameterized" name="TestCase4" time="0.001"/>
  <testcase classname="seleniumpractice.WaitsInSelenium.Parameterized" name="TestCase4" time="0.000"/>
  <testcase classname="seleniumpractice.WaitsInSelenium.Parameterized" name="TestCase4" time="0.000"/>
  <testcase classname="seleniumpractice.WaitsInSelenium.Parameterized" name="TestCase4" time="0.000"/>
  <testcase classname="seleniumpractice.WaitsInSelenium.Parameterized" name="TestCase4" time="0.000"/>
  <testcase classname="seleniumpractice.WaitsInSelenium.Parameterized" name="TestCase4" time="0.000"/>
  <testcase classname="seleniumpractice.WaitsInSelenium.Parameterized" name="TestCase4" time="0.000"/>
  <testcase classname="seleniumpractice.WaitsInSelenium.Parameterized" name="TestCase4" time="0.000"/>
  <testcase classname="seleniumpractice.WaitsInSelenium.Parameterized" name="TestCase4" time="0.001"/>
  <testcase classname="seleniumpractice.WaitsInSelenium.Parameterized" name="TestCase4" time="0.001"/>
  <testcase classname="seleniumpractice.WaitsInSelenium.Parameterized" name="TestCase4" time="0.001"/>
  <testcase classname="seleniumpractice.WaitsInSelenium.Parameterized" name="TestCase4" time="0.000"/>
  <testcase classname="seleniumpractice.WaitsInSelenium.Parameterized" name="TestCase4" time="0.001"/>
  <testcase classname="seleniumpractice.WaitsInSelenium.Parameterized" name="TestCase4" time="0.000"/>
  <testcase classname="seleniumpractice.WaitsInSelenium.Parameterized" name="TestCase4" time="0.001"/>
  <testcase classname="seleniumpractice.WaitsInSelenium.Parameterized" name="TestCase4" time="0.001"/>
  <testcase classname="seleniumpractice.WaitsInSelenium.Parameterized" name="TestCase4" time="0.000"/>
  <testcase classname="seleniumpractice.WaitsInSelenium.Parameterized" name="TestCase4" time="0.000"/>
  <testcase classname="seleniumpractice.WaitsInSelenium.Parameterized" name="TestCase4" time="0.000"/>
  <testcase classname="seleniumpractice.WaitsInSelenium.Parameterized" name="TestCase4" time="0.000"/>
  <testcase classname="seleniumpractice.WaitsInSelenium.Parameterized" name="TestCase4" time="0.000"/>
  <testcase classname="seleniumpractice.WaitsInSelenium.Parameterized" name="TestCase4" time="0.001"/>
  <testcase classname="seleniumpractice.WaitsInSelenium.Parameterized" name="TestCase4" time="0.001"/>
  <testcase classname="seleniumpractice.WaitsInSelenium.Parameterized" name="TestCase4" time="0.001"/>
  <testcase classname="seleniumpractice.WaitsInSelenium.Parameterized" name="TestCase4" time="0.000"/>
  <testcase classname="seleniumpractice.WaitsInSelenium.Parameterized" name="TestCase4" time="0.000"/>
  <testcase classname="seleniumpractice.WaitsInSelenium.Parameterized" name="TestCase4" time="0.001"/>
  <testcase classname="seleniumpractice.WaitsInSelenium.Parameterized" name="TestCase4" time="0.000"/>
  <testcase classname="seleniumpractice.WaitsInSelenium.Parameterized" name="TestCase4" time="0.000"/>
  <testcase classname="seleniumpractice.WaitsInSelenium.Parameterized" name="TestCase4" time="0.000"/>
  <testcase classname="seleniumpractice.WaitsInSelenium.Parameterized" name="TestCase4" time="0.001"/>
  <testcase classname="seleniumpractice.WaitsInSelenium.Parameterized" name="TestCase4" time="0.000"/>
  <testcase classname="seleniumpractice.WaitsInSelenium.Parameterized" name="TestCase4" time="0.000"/>
  <testcase classname="seleniumpractice.WaitsInSelenium.Parameterized" name="TestCase4" time="0.002"/>
  <testcase classname="seleniumpractice.WaitsInSelenium.Parameterized" name="TestCase4" time="0.000"/>
  <testcase classname="seleniumpractice.WaitsInSelenium.Parameterized" name="TestCase4" time="0.001"/>
  <testcase classname="seleniumpractice.WaitsInSelenium.Parameterized" name="TestCase4" time="0.000"/>
  <testcase classname="seleniumpractice.WaitsInSelenium.Parameterized" name="TestCase4" time="0.000"/>
  <testcase classname="seleniumpractice.WaitsInSelenium.Parameterized" name="TestCase4" time="0.001"/>
  <testcase classname="seleniumpractice.WaitsInSelenium.Parameterized" name="TestCase4" time="0.000"/>
  <testcase classname="seleniumpractice.WaitsInSelenium.Parameterized" name="TestCase4" time="0.000"/>
  <testcase classname="seleniumpractice.WaitsInSelenium.Parameterized" name="TestCase4" time="0.000"/>
  <testcase classname="seleniumpractice.WaitsInSelenium.Parameterized" name="TestCase4" time="0.001"/>
  <testcase classname="seleniumpractice.WaitsInSelenium.Parameterized" name="TestCase4" time="0.000"/>
  <testcase classname="seleniumpractice.WaitsInSelenium.Parameterized" name="TestCase4" time="0.000"/>
  <testcase classname="seleniumpractice.WaitsInSelenium.Parameterized" name="TestCase4" time="0.000"/>
  <testcase classname="seleniumpractice.WaitsInSelenium.Parameterized" name="TestCase4" time="0.000"/>
  <testcase classname="seleniumpractice.WaitsInSelenium.Parameterized" name="TestCase4" time="0.001"/>
  <testcase classname="seleniumpractice.WaitsInSelenium.Parameterized" name="TestCase4" time="0.000"/>
  <testcase classname="seleniumpractice.WaitsInSelenium.Parameterized" name="TestCase4" time="0.000"/>
  <testcase classname="seleniumpractice.WaitsInSelenium.Parameterized" name="TestCase4" time="0.000"/>
  <testcase classname="seleniumpractice.WaitsInSelenium.Parameterized" name="TestCase4" time="0.000"/>
  <testcase classname="seleniumpractice.WaitsInSelenium.Parameterized" name="TestCase4" time="0.000"/>
  <testcase classname="seleniumpractice.WaitsInSelenium.Parameterized" name="TestCase4" time="0.000"/>
  <testcase classname="seleniumpractice.WaitsInSelenium.Parameterized" name="TestCase4" time="0.000"/>
  <testcase classname="seleniumpractice.WaitsInSelenium.Parameterized" name="TestCase4" time="0.001"/>
  <testcase classname="seleniumpractice.WaitsInSelenium.Parameterized" name="TestCase4" time="0.000"/>
  <testcase classname="seleniumpractice.WaitsInSelenium.Parameterized" name="TestCase4" time="0.000"/>
  <testcase classname="seleniumpractice.WaitsInSelenium.Parameterized" name="TestCase4" time="0.000"/>
  <testcase classname="seleniumpractice.WaitsInSelenium.Parameterized" name="TestCase4" time="0.000"/>
  <testcase classname="seleniumpractice.WaitsInSelenium.Parameterized" name="TestCase4" time="0.001"/>
  <testcase classname="seleniumpractice.WaitsInSelenium.Parameterized" name="TestCase4" time="0.000"/>
  <testcase classname="seleniumpractice.WaitsInSelenium.Parameterized" name="TestCase4" time="0.001"/>
  <testcase classname="seleniumpractice.WaitsInSelenium.Parameterized" name="TestCase4" time="0.001"/>
  <testcase classname="seleniumpractice.WaitsInSelenium.Parameterized" name="TestCase4" time="0.000"/>
  <testcase classname="seleniumpractice.WaitsInSelenium.Parameterized" name="TestCase4" time="0.001"/>
  <testcase classname="seleniumpractice.WaitsInSelenium.Parameterized" name="TestCase4" time="0.000"/>
  <testcase classname="seleniumpractice.WaitsInSelenium.Parameterized" name="TestCase4" time="0.000"/>
  <testcase classname="seleniumpractice.WaitsInSelenium.Parameterized" name="TestCase4" time="0.000"/>
  <testcase classname="seleniumpractice.WaitsInSelenium.Parameterized" name="TestCase4" time="0.000"/>
  <testcase classname="seleniumpractice.WaitsInSelenium.Parameterized" name="TestCase4" time="0.000"/>
  <testcase classname="seleniumpractice.WaitsInSelenium.Parameterized" name="TestCase4" time="0.000"/>
  <testcase classname="seleniumpractice.WaitsInSelenium.Parameterized" name="TestCase4" time="0.000"/>
  <testcase classname="seleniumpractice.WaitsInSelenium.Parameterized" name="TestCase4" time="0.000"/>
  <testcase classname="seleniumpractice.WaitsInSelenium.Parameterized" name="TestCase4" time="0.000"/>
  <testcase classname="seleniumpractice.WaitsInSelenium.Parameterized" name="TestCase4" time="0.000"/>
  <testcase classname="seleniumpractice.WaitsInSelenium.Parameterized" name="TestCase4" time="0.000"/>
  <testcase classname="seleniumpractice.WaitsInSelenium.Parameterized" name="TestCase4" time="0.000"/>
  <testcase classname="seleniumpractice.WaitsInSelenium.Parameterized" name="TestCase4" time="0.000"/>
  <testcase classname="seleniumpractice.WaitsInSelenium.Parameterized" name="TestCase4" time="0.001"/>
  <testcase classname="seleniumpractice.WaitsInSelenium.Parameterized" name="TestCase4" time="0.000"/>
  <testcase classname="seleniumpractice.WaitsInSelenium.Parameterized" name="TestCase4" time="0.000"/>
  <testcase classname="seleniumpractice.WaitsInSelenium.Parameterized" name="TestCase4" time="0.000"/>
  <testcase classname="seleniumpractice.WaitsInSelenium.Parameterized" name="TestCase4" time="0.001"/>
  <testcase classname="seleniumpractice.WaitsInSelenium.Parameterized" name="TestCase4" time="0.000"/>
  <testcase classname="seleniumpractice.WaitsInSelenium.Parameterized" name="TestCase4" time="0.001"/>
  <testcase classname="seleniumpractice.WaitsInSelenium.Parameterized" name="TestCase4" time="0.001"/>
  <testcase classname="seleniumpractice.WaitsInSelenium.Parameterized" name="TestCase4" time="0.001"/>
  <testcase classname="seleniumpractice.WaitsInSelenium.Parameterized" name="TestCase4" time="0.000"/>
  <testcase classname="seleniumpractice.WaitsInSelenium.Parameterized" name="TestCase4" time="0.002"/>
  <testcase classname="seleniumpractice.WaitsInSelenium.Parameterized" name="TestCase4" time="0.000"/>
  <testcase classname="seleniumpractice.WaitsInSelenium.Parameterized" name="TestCase4" time="0.001"/>
  <testcase classname="seleniumpractice.WaitsInSelenium.Parameterized" name="TestCase4" time="0.000"/>
  <testcase classname="seleniumpractice.WaitsInSelenium.Parameterized" name="TestCase4" time="0.000"/>
  <testcase classname="seleniumpractice.WaitsInSelenium.Parameterized" name="TestCase4" time="0.001"/>
  <testcase classname="seleniumpractice.WaitsInSelenium.Parameterized" name="TestCase4" time="0.001"/>
  <testcase classname="seleniumpractice.WaitsInSelenium.Parameterized" name="TestCase4" time="0.000"/>
  <testcase classname="seleniumpractice.WaitsInSelenium.Parameterized" name="TestCase4" time="0.000"/>
  <testcase classname="seleniumpractice.WaitsInSelenium.Parameterized" name="TestCase4" time="0.000"/>
  <testcase classname="seleniumpractice.WaitsInSelenium.Parameterized" name="TestCase4" time="0.000"/>
  <testcase classname="seleniumpractice.WaitsInSelenium.Parameterized" name="TestCase4" time="0.000"/>
  <testcase classname="seleniumpractice.WaitsInSelenium.Parameterized" name="TestCase4" time="0.000"/>
  <testcase classname="seleniumpractice.WaitsInSelenium.Parameterized" name="TestCase4" time="0.000"/>
  <testcase classname="seleniumpractice.WaitsInSelenium.Parameterized" name="TestCase4" time="0.000"/>
  <testcase classname="seleniumpractice.WaitsInSelenium.Parameterized" name="TestCase4" time="0.001"/>
  <testcase classname="seleniumpractice.WaitsInSelenium.Parameterized" name="TestCase4" time="0.000"/>
  <testcase classname="seleniumpractice.WaitsInSelenium.Parameterized" name="TestCase4" time="0.000"/>
  <testcase classname="seleniumpractice.WaitsInSelenium.Parameterized" name="TestCase4" time="0.000"/>
  <testcase classname="seleniumpractice.WaitsInSelenium.Parameterized" name="TestCase4" time="0.000"/>
  <testcase classname="seleniumpractice.WaitsInSelenium.Parameterized" name="TestCase4" time="0.001"/>
  <testcase classname="seleniumpractice.WaitsInSelenium.Parameterized" name="TestCase4" time="0.000"/>
  <testcase classname="seleniumpractice.WaitsInSelenium.Parameterized" name="TestCase4" time="0.000"/>
  <testcase classname="seleniumpractice.WaitsInSelenium.Parameterized" name="TestCase4" time="0.000"/>
  <testcase classname="seleniumpractice.WaitsInSelenium.Parameterized" name="TestCase4" time="0.001"/>
  <testcase classname="seleniumpractice.WaitsInSelenium.Parameterized" name="TestCase4" time="0.001"/>
  <testcase classname="seleniumpractice.WaitsInSelenium.Parameterized" name="TestCase4" time="0.000"/>
  <testcase classname="seleniumpractice.WaitsInSelenium.Parameterized" name="TestCase4" time="0.000"/>
  <testcase classname="seleniumpractice.WaitsInSelenium.Parameterized" name="TestCase4" time="0.000"/>
  <testcase classname="seleniumpractice.WaitsInSelenium.Parameterized" name="TestCase4" time="0.000"/>
  <testcase classname="seleniumpractice.WaitsInSelenium.Parameterized" name="TestCase4" time="0.000"/>
  <testcase classname="seleniumpractice.WaitsInSelenium.Parameterized" name="TestCase4" time="0.001"/>
  <testcase classname="seleniumpractice.WaitsInSelenium.Parameterized" name="TestCase4" time="0.000"/>
  <testcase classname="seleniumpractice.WaitsInSelenium.Parameterized" name="TestCase4" time="0.000"/>
  <testcase classname="seleniumpractice.WaitsInSelenium.Parameterized" name="TestCase4" time="0.000"/>
  <testcase classname="seleniumpractice.WaitsInSelenium.Parameterized" name="TestCase4" time="0.001"/>
  <testcase classname="seleniumpractice.WaitsInSelenium.Parameterized" name="TestCase4" time="0.001"/>
  <testcase classname="seleniumpractice.WaitsInSelenium.Parameterized" name="TestCase4" time="0.001"/>
  <testcase classname="seleniumpractice.WaitsInSelenium.Parameterized" name="TestCase4" time="0.000"/>
  <testcase classname="seleniumpractice.WaitsInSelenium.Parameterized" name="TestCase4" time="0.001"/>
  <testcase classname="seleniumpractice.WaitsInSelenium.Parameterized" name="TestCase4" time="0.000"/>
  <testcase classname="seleniumpractice.WaitsInSelenium.Parameterized" name="TestCase4" time="0.001"/>
  <testcase classname="seleniumpractice.WaitsInSelenium.Parameterized" name="TestCase4" time="0.000"/>
  <testcase classname="seleniumpractice.WaitsInSelenium.Parameterized" name="TestCase4" time="0.000"/>
  <testcase classname="seleniumpractice.WaitsInSelenium.Parameterized" name="TestCase4" time="0.000"/>
  <testcase classname="seleniumpractice.WaitsInSelenium.Parameterized" name="TestCase4" time="0.000"/>
  <testcase classname="seleniumpractice.WaitsInSelenium.Parameterized" name="TestCase4" time="0.000"/>
  <testcase classname="seleniumpractice.WaitsInSelenium.Parameterized" name="TestCase4" time="0.000"/>
  <testcase classname="seleniumpractice.WaitsInSelenium.Parameterized" name="TestCase4" time="0.001"/>
  <testcase classname="seleniumpractice.WaitsInSelenium.Parameterized" name="TestCase4" time="0.000"/>
  <testcase classname="seleniumpractice.WaitsInSelenium.Parameterized" name="TestCase4" time="0.000"/>
  <testcase classname="seleniumpractice.WaitsInSelenium.Parameterized" name="TestCase4" time="0.000"/>
  <testcase classname="seleniumpractice.WaitsInSelenium.Parameterized" name="TestCase4" time="0.001"/>
  <testcase classname="seleniumpractice.WaitsInSelenium.Parameterized" name="TestCase4" time="0.001"/>
  <testcase classname="seleniumpractice.WaitsInSelenium.Parameterized" name="TestCase4" time="0.001"/>
  <testcase classname="seleniumpractice.WaitsInSelenium.Parameterized" name="TestCase4" time="0.001"/>
  <testcase classname="seleniumpractice.WaitsInSelenium.Parameterized" name="TestCase4" time="0.000"/>
  <testcase classname="seleniumpractice.WaitsInSelenium.Parameterized" name="TestCase4" time="0.000"/>
  <testcase classname="seleniumpractice.WaitsInSelenium.Parameterized" name="TestCase4" time="0.000"/>
  <testcase classname="seleniumpractice.WaitsInSelenium.Parameterized" name="TestCase4" time="0.001"/>
  <testcase classname="seleniumpractice.WaitsInSelenium.Parameterized" name="TestCase4" time="0.000"/>
  <testcase classname="seleniumpractice.WaitsInSelenium.Parameterized" name="TestCase4" time="0.000"/>
  <testcase classname="seleniumpractice.WaitsInSelenium.Parameterized" name="TestCase4" time="0.001"/>
  <testcase classname="seleniumpractice.WaitsInSelenium.Parameterized" name="TestCase4" time="0.001"/>
  <testcase classname="seleniumpractice.WaitsInSelenium.Parameterized" name="TestCase4" time="0.000"/>
  <testcase classname="seleniumpractice.WaitsInSelenium.Parameterized" name="TestCase4" time="0.000"/>
  <testcase classname="seleniumpractice.WaitsInSelenium.Parameterized" name="TestCase4" time="0.000"/>
  <testcase classname="seleniumpractice.WaitsInSelenium.Parameterized" name="TestCase4" time="0.000"/>
  <testcase classname="seleniumpractice.WaitsInSelenium.Parameterized" name="TestCase4" time="0.000"/>
  <testcase classname="seleniumpractice.WaitsInSelenium.Parameterized" name="TestCase4" time="0.000"/>
  <testcase classname="seleniumpractice.WaitsInSelenium.Parameterized" name="TestCase4" time="0.000"/>
  <testcase classname="seleniumpractice.WaitsInSelenium.Parameterized" name="TestCase4" time="0.000"/>
  <testcase classname="seleniumpractice.WaitsInSelenium.Parameterized" name="TestCase4" time="0.000"/>
  <testcase classname="seleniumpractice.WaitsInSelenium.Parameterized" name="TestCase4" time="0.000"/>
  <testcase classname="seleniumpractice.WaitsInSelenium.Parameterized" name="TestCase4" time="0.000"/>
  <testcase classname="seleniumpractice.WaitsInSelenium.Parameterized" name="TestCase4" time="0.000"/>
  <testcase classname="seleniumpractice.WaitsInSelenium.Parameterized" name="TestCase4" time="0.001"/>
  <testcase classname="seleniumpractice.WaitsInSelenium.Parameterized" name="TestCase4" time="0.000"/>
  <testcase classname="seleniumpractice.WaitsInSelenium.Parameterized" name="TestCase4" time="0.001"/>
  <testcase classname="seleniumpractice.WaitsInSelenium.Parameterized" name="TestCase4" time="0.001"/>
  <testcase classname="seleniumpractice.WaitsInSelenium.Parameterized" name="TestCase4" time="0.000"/>
  <testcase classname="seleniumpractice.WaitsInSelenium.Parameterized" name="TestCase4" time="0.000"/>
  <testcase classname="seleniumpractice.WaitsInSelenium.Parameterized" name="TestCase4" time="0.000"/>
  <testcase classname="seleniumpractice.WaitsInSelenium.Parameterized" name="TestCase4" time="0.000"/>
  <testcase classname="seleniumpractice.WaitsInSelenium.Parameterized" name="TestCase4" time="0.000"/>
  <testcase classname="seleniumpractice.WaitsInSelenium.Parameterized" name="TestCase4" time="0.000"/>
  <testcase classname="seleniumpractice.WaitsInSelenium.Parameterized" name="TestCase4" time="0.001"/>
  <testcase classname="seleniumpractice.WaitsInSelenium.Parameterized" name="TestCase4" time="0.000"/>
  <testcase classname="seleniumpractice.WaitsInSelenium.Parameterized" name="TestCase4" time="0.001"/>
  <testcase classname="seleniumpractice.WaitsInSelenium.Parameterized" name="TestCase4" time="0.000"/>
  <testcase classname="seleniumpractice.WaitsInSelenium.Parameterized" name="TestCase4" time="0.000"/>
  <testcase classname="seleniumpractice.WaitsInSelenium.Parameterized" name="TestCase4" time="0.000"/>
  <testcase classname="seleniumpractice.WaitsInSelenium.Parameterized" name="TestCase4" time="0.000"/>
  <testcase classname="seleniumpractice.WaitsInSelenium.Parameterized" name="TestCase4" time="0.000"/>
  <testcase classname="seleniumpractice.WaitsInSelenium.Parameterized" name="TestCase4" time="0.000"/>
  <testcase classname="seleniumpractice.WaitsInSelenium.Parameterized" name="TestCase4" time="0.001"/>
  <testcase classname="seleniumpractice.WaitsInSelenium.Parameterized" name="TestCase4" time="0.001"/>
  <testcase classname="seleniumpractice.WaitsInSelenium.Parameterized" name="TestCase4" time="0.001"/>
  <testcase classname="seleniumpractice.WaitsInSelenium.Parameterized" name="TestCase4" time="0.001"/>
  <testcase classname="seleniumpractice.WaitsInSelenium.Parameterized" name="TestCase4" time="0.001"/>
  <testcase classname="seleniumpractice.WaitsInSelenium.Parameterized" name="TestCase4" time="0.000"/>
  <testcase classname="seleniumpractice.WaitsInSelenium.Parameterized" name="TestCase4" time="0.000"/>
  <testcase classname="seleniumpractice.WaitsInSelenium.Parameterized" name="TestCase4" time="0.000"/>
  <testcase classname="seleniumpractice.WaitsInSelenium.Parameterized" name="TestCase4" time="0.001"/>
  <testcase classname="seleniumpractice.WaitsInSelenium.Parameterized" name="TestCase4" time="0.000"/>
  <testcase classname="seleniumpractice.WaitsInSelenium.Parameterized" name="TestCase4" time="0.000"/>
  <testcase classname="seleniumpractice.WaitsInSelenium.Parameterized" name="TestCase4" time="0.000"/>
  <testcase classname="seleniumpractice.WaitsInSelenium.Parameterized" name="TestCase4" time="0.000"/>
  <testcase classname="seleniumpractice.WaitsInSelenium.Parameterized" name="TestCase4" time="0.000"/>
  <testcase classname="seleniumpractice.WaitsInSelenium.Parameterized" name="TestCase4" time="0.000"/>
  <testcase classname="seleniumpractice.WaitsInSelenium.Parameterized" name="TestCase4" time="0.000"/>
  <testcase classname="seleniumpractice.WaitsInSelenium.Parameterized" name="TestCase4" time="0.000"/>
  <testcase classname="seleniumpractice.WaitsInSelenium.Parameterized" name="TestCase4" time="0.001"/>
  <testcase classname="seleniumpractice.WaitsInSelenium.Parameterized" name="TestCase4" time="0.000"/>
  <testcase classname="seleniumpractice.WaitsInSelenium.Parameterized" name="TestCase4" time="0.000"/>
  <testcase classname="seleniumpractice.WaitsInSelenium.Parameterized" name="TestCase4" time="0.000"/>
  <testcase classname="seleniumpractice.WaitsInSelenium.Parameterized" name="TestCase4" time="0.000"/>
  <testcase classname="seleniumpractice.WaitsInSelenium.Parameterized" name="TestCase4" time="0.000"/>
  <testcase classname="seleniumpractice.WaitsInSelenium.Parameterized" name="TestCase4" time="0.000"/>
  <testcase classname="seleniumpractice.WaitsInSelenium.Parameterized" name="TestCase4" time="0.000"/>
  <testcase classname="seleniumpractice.WaitsInSelenium.Parameterized" name="TestCase4" time="0.000"/>
  <testcase classname="seleniumpractice.WaitsInSelenium.Parameterized" name="TestCase4" time="0.001"/>
  <testcase classname="seleniumpractice.WaitsInSelenium.Parameterized" name="TestCase4" time="0.000"/>
  <testcase classname="seleniumpractice.WaitsInSelenium.Parameterized" name="TestCase4" time="0.001"/>
  <testcase classname="seleniumpractice.WaitsInSelenium.Parameterized" name="TestCase4" time="0.000"/>
  <testcase classname="seleniumpractice.WaitsInSelenium.Parameterized" name="TestCase4" time="0.001"/>
  <testcase classname="seleniumpractice.WaitsInSelenium.Parameterized" name="TestCase4" time="0.000"/>
  <testcase classname="seleniumpractice.WaitsInSelenium.Parameterized" name="TestCase4" time="0.000"/>
  <testcase classname="seleniumpractice.WaitsInSelenium.Parameterized" name="TestCase4" time="0.000"/>
  <testcase classname="seleniumpractice.WaitsInSelenium.Parameterized" name="TestCase4" time="0.000"/>
  <testcase classname="seleniumpractice.WaitsInSelenium.Parameterized" name="TestCase4" time="0.000"/>
  <testcase classname="seleniumpractice.WaitsInSelenium.Parameterized" name="TestCase4" time="0.001"/>
  <testcase classname="seleniumpractice.WaitsInSelenium.Parameterized" name="TestCase4" time="0.000"/>
  <testcase classname="seleniumpractice.WaitsInSelenium.Parameterized" name="TestCase4" time="0.000"/>
  <testcase classname="seleniumpractice.WaitsInSelenium.Parameterized" name="TestCase4" time="0.000"/>
  <testcase classname="seleniumpractice.WaitsInSelenium.Parameterized" name="TestCase4" time="0.000"/>
  <testcase classname="seleniumpractice.WaitsInSelenium.Parameterized" name="TestCase4" time="0.000"/>
  <testcase classname="seleniumpractice.WaitsInSelenium.Parameterized" name="TestCase4" time="0.000"/>
  <testcase classname="seleniumpractice.WaitsInSelenium.Parameterized" name="TestCase4" time="0.001"/>
  <testcase classname="seleniumpractice.WaitsInSelenium.Parameterized" name="TestCase4" time="0.000"/>
  <testcase classname="seleniumpractice.WaitsInSelenium.Parameterized" name="TestCase4" time="0.001"/>
  <testcase classname="seleniumpractice.WaitsInSelenium.Parameterized" name="TestCase4" time="0.000"/>
</testsuite> <!-- seleniumpractice.WaitsInSelenium.Parameterized -->
