<?xml version="1.0" encoding="UTF-8"?>
<!-- Generated by org.testng.reporters.JUnitReportReporter -->
<testsuite hostname="LAPTOP-SPH6G305" failures="0" tests="5" name="seleniumpractice.WaitsInSelenium.GroupTestCases" time="0.037" errors="0" timestamp="2024-03-21T15:28:51 IST" skipped="0">
  <testcase classname="seleniumpractice.WaitsInSelenium.GroupTestCases" name="TestCase4" time="0.002"/>
  <testcase classname="seleniumpractice.WaitsInSelenium.GroupTestCases" name="TestCase5" time="0.005"/>
  <testcase classname="seleniumpractice.WaitsInSelenium.GroupTestCases" name="testCase2" time="0.002"/>
  <testcase classname="seleniumpractice.WaitsInSelenium.GroupTestCases" name="TestCase3" time="0.025"/>
  <testcase classname="seleniumpractice.WaitsInSelenium.GroupTestCases" name="testCase1" time="0.003"/>
</testsuite> <!-- seleniumpractice.WaitsInSelenium.GroupTestCases -->
