<?xml version="1.0" encoding="UTF-8"?>
<!-- Generated by org.testng.reporters.JUnitReportReporter -->
<testsuite hostname="LAPTOP-SPH6G305" failures="0" tests="5" name="testNG.NewTest" time="0.027" errors="0" timestamp="2024-08-07T12:45:22 IST" skipped="0">
  <testcase classname="testNG.NewTest" name="f" time="0.017"/>
  <system-out/>
  <testcase classname="testNG.NewTest" name="testMethodC" time="0.002"/>
  <system-out/>
  <testcase classname="testNG.NewTest" name="TestMethodD" time="0.002"/>
  <system-out/>
  <testcase classname="testNG.NewTest" name="TestMethodB" time="0.004"/>
  <system-out/>
  <testcase classname="testNG.NewTest" name="testMethodA" time="0.002"/>
  <system-out/>
</testsuite> <!-- testNG.NewTest -->
