<?xml version="1.0" encoding="UTF-8"?>
<!-- Generated by org.testng.reporters.JUnitReportReporter -->
<testsuite hostname="LAPTOP-SPH6G305" failures="0" tests="1" name="seleniumpractice.WaitsInSelenium.BeforeAndAfterClass" time="0.017" errors="0" timestamp="2024-03-21T14:18:03 IST" skipped="0">
  <testcase classname="seleniumpractice.WaitsInSelenium.BeforeAndAfterClass" name="testMethod" time="0.017"/>
</testsuite> <!-- seleniumpractice.WaitsInSelenium.BeforeAndAfterClass -->
