<?xml version="1.0" encoding="UTF-8"?>
<!-- Generated by org.testng.reporters.JUnitReportReporter -->
<testsuite hostname="LAPTOP-SPH6G305" failures="0" tests="2" name="testNG.SecondExample" time="0.023" errors="0" timestamp="2024-08-28T11:45:37 IST" skipped="0">
  <testcase classname="testNG.SecondExample" name="testcase2" time="0.012"/>
  <system-out/>
  <testcase classname="testNG.SecondExample" name="testCase1" time="0.011"/>
  <system-out/>
</testsuite> <!-- testNG.SecondExample -->
