<?xml version="1.0" encoding="UTF-8"?>
<!-- Generated by org.testng.reporters.JUnitReportReporter -->
<testsuite hostname="LAPTOP-SPH6G305" failures="0" tests="2" name="seleniumpoperties.TestNg2" time="6483.087" errors="0" timestamp="2024-03-21T13:56:24 IST" skipped="0">
  <testcase classname="seleniumpoperties.TestNg2" name="verifyLoginCredentials1" time="6470.132"/>
  <testcase classname="seleniumpoperties.TestNg2" name="verifyLoginCredentials2" time="12.955"/>
</testsuite> <!-- seleniumpoperties.TestNg2 -->
