<?xml version="1.0" encoding="UTF-8"?>
<!-- Generated by org.testng.reporters.JUnitReportReporter -->
<testsuite hostname="LAPTOP-SPH6G305" failures="0" tests="4" name="seleniumpractice.WaitsInSelenium.Priority" time="0.028" errors="0" timestamp="2024-03-21T14:24:53 IST" skipped="0">
  <testcase classname="seleniumpractice.WaitsInSelenium.Priority" name="TestMethodA" time="0.021"/>
  <testcase classname="seleniumpractice.WaitsInSelenium.Priority" name="testMethodC" time="0.003"/>
  <testcase classname="seleniumpractice.WaitsInSelenium.Priority" name="TestMethodD" time="0.002"/>
  <testcase classname="seleniumpractice.WaitsInSelenium.Priority" name="TestMethodB" time="0.002"/>
</testsuite> <!-- seleniumpractice.WaitsInSelenium.Priority -->
