<?xml version="1.0" encoding="UTF-8"?>
<!-- Generated by org.testng.reporters.JUnitReportReporter -->
<testsuite hostname="LAPTOP-SPH6G305" failures="0" tests="2" name="testNG.BeforeTestAfterTestExample" time="0.016" errors="0" timestamp="2024-08-28T12:36:12 IST" skipped="0">
  <testcase classname="testNG.BeforeTestAfterTestExample" name="testCase1" time="0.013"/>
  <system-out/>
  <testcase classname="testNG.BeforeTestAfterTestExample" name="testCase2" time="0.003"/>
  <system-out/>
</testsuite> <!-- testNG.BeforeTestAfterTestExample -->
