<?xml version="1.0" encoding="UTF-8"?>
<!-- Generated by org.testng.reporters.JUnitReportReporter -->
<testsuite hostname="LAPTOP-SPH6G305" failures="0" tests="2" name="testNG.DependsOnMethodsExample" time="0.021" errors="0" timestamp="2024-08-28T12:39:07 IST" skipped="0">
  <testcase classname="testNG.DependsOnMethodsExample" name="testCase2" time="0.002"/>
  <system-out/>
  <testcase classname="testNG.DependsOnMethodsExample" name="testCase1" time="0.019"/>
  <system-out/>
</testsuite> <!-- testNG.DependsOnMethodsExample -->
