<?xml version="1.0" encoding="UTF-8"?>
<!-- Generated by org.testng.reporters.JUnitReportReporter -->
<testsuite hostname="LAPTOP-SPH6G305" failures="0" tests="1" name="seleniumpractice.WaitsInSelenium.BeforeAndAfterMethod2" time="13.841" errors="0" timestamp="2024-03-21T14:09:19 IST" skipped="0">
  <testcase classname="seleniumpractice.WaitsInSelenium.BeforeAndAfterMethod2" name="verifyLoginCredentials2" time="13.841"/>
</testsuite> <!-- seleniumpractice.WaitsInSelenium.BeforeAndAfterMethod2 -->
