<?xml version="1.0" encoding="UTF-8"?>
<!-- Generated by org.testng.reporters.JUnitReportReporter -->
<testsuite hostname="LAPTOP-SPH6G305" failures="0" tests="3" name="testNG.GroupingTestCasesExample" time="0.022" errors="0" timestamp="2024-08-28T12:30:09 IST" skipped="0">
  <testcase classname="testNG.GroupingTestCasesExample" name="testCase1" time="0.019"/>
  <system-out/>
  <testcase classname="testNG.GroupingTestCasesExample" name="testcase3" time="0.002"/>
  <system-out/>
  <testcase classname="testNG.GroupingTestCasesExample" name="testcase2" time="0.001"/>
  <system-out/>
</testsuite> <!-- testNG.GroupingTestCasesExample -->
