<?xml version="1.0" encoding="UTF-8"?>
<!-- Generated by org.testng.reporters.JUnitReportReporter -->
<testsuite hostname="LAPTOP-SPH6G305" failures="0" tests="5" name="testNG.PriorityTestCase" time="0.031" errors="0" timestamp="2024-08-28T12:14:56 IST" skipped="0">
  <testcase classname="testNG.PriorityTestCase" name="testMethod3" time="0.024"/>
  <system-out/>
  <testcase classname="testNG.PriorityTestCase" name="testMethod2" time="0.002"/>
  <system-out/>
  <testcase classname="testNG.PriorityTestCase" name="TestMethod4" time="0.002"/>
  <system-out/>
  <testcase classname="testNG.PriorityTestCase" name="TestMethod5" time="0.001"/>
  <system-out/>
  <testcase classname="testNG.PriorityTestCase" name="testMethod1" time="0.002"/>
  <system-out/>
</testsuite> <!-- testNG.PriorityTestCase -->
