<?xml version="1.0" encoding="UTF-8"?>
<!-- Generated by org.testng.reporters.JUnitReportReporter -->
<testsuite hostname="LAPTOP-SPH6G305" failures="0" tests="8" name="seleniumpoperties.BeforeClassAfterClassExample$GroupingTestCasesExample" time="0.021" errors="0" timestamp="2024-07-10T09:03:21 IST" skipped="0">
  <testcase classname="seleniumpoperties.BeforeClassAfterClassExample$GroupingTestCasesExample" name="testcase3" time="0.001"/>
  <system-out/>
  <testcase classname="seleniumpoperties.BeforeClassAfterClassExample$GroupingTestCasesExample" name="testcase6" time="0.001"/>
  <system-out/>
  <testcase classname="seleniumpoperties.BeforeClassAfterClassExample$GroupingTestCasesExample" name="testcase8" time="0.001"/>
  <system-out/>
  <testcase classname="seleniumpoperties.BeforeClassAfterClassExample$GroupingTestCasesExample" name="testCASE4" time="0.012"/>
  <system-out/>
  <testcase classname="seleniumpoperties.BeforeClassAfterClassExample$GroupingTestCasesExample" name="testCase2" time="0.002"/>
  <system-out/>
  <testcase classname="seleniumpoperties.BeforeClassAfterClassExample$GroupingTestCasesExample" name="testcase5" time="0.002"/>
  <system-out/>
  <testcase classname="seleniumpoperties.BeforeClassAfterClassExample$GroupingTestCasesExample" name="testcase1" time="0.001"/>
  <system-out/>
  <testcase classname="seleniumpoperties.BeforeClassAfterClassExample$GroupingTestCasesExample" name="testcase7" time="0.001"/>
  <system-out/>
</testsuite> <!-- seleniumpoperties.BeforeClassAfterClassExample$GroupingTestCasesExample -->
