<?xml version="1.0" encoding="UTF-8"?>
<!-- Generated by org.testng.reporters.JUnitReportReporter -->
<testsuite hostname="LAPTOP-SPH6G305" failures="0" tests="1" name="testNG.FirstExample" time="0.049" errors="0" timestamp="2024-08-28T11:39:01 IST" skipped="0">
  <testcase classname="testNG.FirstExample" name="testCase2" time="0.049"/>
  <system-out/>
</testsuite> <!-- testNG.FirstExample -->
