<?xml version="1.0" encoding="UTF-8"?>
<!-- Generated by org.testng.reporters.JUnitReportReporter -->
<testsuite hostname="LAPTOP-SPH6G305" failures="0" tests="6" name="seleniumpoperties.BeforeClassAfterClassExample" time="0.019" errors="0" timestamp="2024-07-10T08:50:40 IST" skipped="0">
  <testcase classname="seleniumpoperties.BeforeClassAfterClassExample" name="testCase2J" time="0.001"/>
  <system-out/>
  <testcase classname="seleniumpoperties.BeforeClassAfterClassExample" name="testCase2E" time="0.013"/>
  <system-out/>
  <testcase classname="seleniumpoperties.BeforeClassAfterClassExample" name="BeforeMethodB" time="0.001"/>
  <system-out/>
  <testcase classname="seleniumpoperties.BeforeClassAfterClassExample" name="afterclassA" time="0.001"/>
  <system-out/>
  <testcase classname="seleniumpoperties.BeforeClassAfterClassExample" name="beforeClassC" time="0.001"/>
  <system-out/>
  <testcase classname="seleniumpoperties.BeforeClassAfterClassExample" name="testCase1D" time="0.002"/>
  <system-out/>
</testsuite> <!-- seleniumpoperties.BeforeClassAfterClassExample -->
