<?xml version="1.0" encoding="UTF-8"?>
<!-- Generated by org.testng.reporters.JUnitReportReporter -->
<testsuite hostname="LAPTOP-SPH6G305" failures="0" tests="7" name="Practice99.BeforeAndAfterClass.PriorityExecution" time="0.034" errors="0" timestamp="2024-03-25T09:15:39 IST" skipped="0">
  <testcase classname="Practice99.BeforeAndAfterClass.PriorityExecution" name="testmethod9" time="0.018"/>
  <testcase classname="Practice99.BeforeAndAfterClass.PriorityExecution" name="testmethod7" time="0.005"/>
  <testcase classname="Practice99.BeforeAndAfterClass.PriorityExecution" name="testmethod2" time="0.002"/>
  <testcase classname="Practice99.BeforeAndAfterClass.PriorityExecution" name="testmethod3" time="0.001"/>
  <testcase classname="Practice99.BeforeAndAfterClass.PriorityExecution" name="TestMethod4" time="0.002"/>
  <testcase classname="Practice99.BeforeAndAfterClass.PriorityExecution" name="testmethod6" time="0.004"/>
  <testcase classname="Practice99.BeforeAndAfterClass.PriorityExecution" name="testmethod" time="0.002"/>
</testsuite> <!-- Practice99.BeforeAndAfterClass.PriorityExecution -->
