<?xml version="1.0" encoding="UTF-8"?>
<!-- Generated by org.testng.reporters.JUnitReportReporter -->
<testsuite hostname="LAPTOP-SPH6G305" failures="0" tests="3" name="seleniumpractice.WaitsInSelenium.PriorityE" time="0.015" errors="0" timestamp="2024-03-21T14:30:48 IST" skipped="0">
  <testcase classname="seleniumpractice.WaitsInSelenium.PriorityE" name="TestMethod2" time="0.011"/>
  <testcase classname="seleniumpractice.WaitsInSelenium.PriorityE" name="TestMethod3" time="0.002"/>
  <testcase classname="seleniumpractice.WaitsInSelenium.PriorityE" name="testMethod1" time="0.002"/>
</testsuite> <!-- seleniumpractice.WaitsInSelenium.PriorityE -->
