<?xml version="1.0" encoding="UTF-8"?>
<!-- Generated by org.testng.reporters.JUnitReportReporter -->
<testsuite hostname="LAPTOP-SPH6G305" failures="0" tests="12346" name="seleniumpoperties.AlwaysRunExample" time="8.149" errors="0" timestamp="2024-07-10T09:15:54 IST" skipped="0">
  <testcase classname="seleniumpoperties.AlwaysRunExample" name="testcase1" time="0.000"/>
  <system-out/>
  <testcase classname="seleniumpoperties.AlwaysRunExample" name="testcase1" time="0.000"/>
  <system-out/>
  <testcase classname="seleniumpoperties.AlwaysRunExample" name="testcase1" time="0.000"/>
  <system-out/>
  <testcase classname="seleniumpoperties.AlwaysRunExample" name="testcase1" time="0.000"/>
  <system-out/>
  <testcase classname="seleniumpoperties.AlwaysRunExample" name="testcase1" time="0.000"/>
  <system-out/>
  <testcase classname="seleniumpoperties.AlwaysRunExample" name="testcase1" time="0.000"/>
  <system-out/>
  <testcase classname="seleniumpoperties.AlwaysRunExample" name="testcase1" time="0.000"/>
  <system-out/>
  <testcase classname="seleniumpoperties.AlwaysRunExample" name="testcase1" time="0.001"/>
  <system-out/>
  <testcase classname="seleniumpoperties.AlwaysRunExample" name="testcase1" time="0.000"/>
  <system-out/>
  <testcase classname="seleniumpoperties.AlwaysRunExample" name="testcase1" time="0.000"/>
  <system-out/>
  <testcase classname="seleniumpoperties.AlwaysRunExample" name="testcase1" time="0.000"/>
  <system-out/>
  <testcase classname="seleniumpoperties.AlwaysRunExample" name="testcase1" time="0.000"/>
  <system-out/>
  <testcase classname="seleniumpoperties.AlwaysRunExample" name="testcase1" time="0.000"/>
  <system-out/>
  <testcase classname="seleniumpoperties.AlwaysRunExample" name="testcase1" time="0.001"/>
  <system-out/>
  <testcase classname="seleniumpoperties.AlwaysRunExample" name="testcase1" time="0.000"/>
  <system-out/>
  <testcase classname="seleniumpoperties.AlwaysRunExample" name="testcase1" time="0.000"/>
  <system-out/>
  <testcase classname="seleniumpoperties.AlwaysRunExample" name="testcase1" time="0.000"/>
  <system-out/>
  <testcase classname="seleniumpoperties.AlwaysRunExample" name="testcase1" time="0.002"/>
  <system-out/>
  <testcase classname="seleniumpoperties.AlwaysRunExample" name="testcase1" time="0.000"/>
  <system-out/>
  <testcase classname="seleniumpoperties.AlwaysRunExample" name="testcase1" time="0.000"/>
  <system-out/>
  <testcase classname="seleniumpoperties.AlwaysRunExample" name="testcase1" time="0.000"/>
  <system-out/>
  <testcase classname="seleniumpoperties.AlwaysRunExample" name="testcase1" time="0.000"/>
  <system-out/>
  <testcase classname="seleniumpoperties.AlwaysRunExample" name="testcase1" time="0.000"/>
  <system-out/>
  <testcase classname="seleniumpoperties.AlwaysRunExample" name="testcase1" time="0.001"/>
  <system-out/>
  <testcase classname="seleniumpoperties.AlwaysRunExample" name="testcase1" time="0.000"/>
  <system-out/>
  <testcase classname="seleniumpoperties.AlwaysRunExample" name="testcase1" time="0.000"/>
  <system-out/>
  <testcase classname="seleniumpoperties.AlwaysRunExample" name="testcase1" time="0.000"/>
  <system-out/>
  <testcase classname="seleniumpoperties.AlwaysRunExample" name="testcase1" time="0.000"/>
  <system-out/>
  <testcase classname="seleniumpoperties.AlwaysRunExample" name="testcase1" time="0.000"/>
  <system-out/>
  <testcase classname="seleniumpoperties.AlwaysRunExample" name="testcase1" time="0.000"/>
  <system-out/>
  <testcase classname="seleniumpoperties.AlwaysRunExample" name="testcase1" time="0.000"/>
  <system-out/>
  <testcase classname="seleniumpoperties.AlwaysRunExample" name="testcase1" time="0.000"/>
  <system-out/>
  <testcase classname="seleniumpoperties.AlwaysRunExample" name="testcase1" time="0.000"/>
  <system-out/>
  <testcase classname="seleniumpoperties.AlwaysRunExample" name="testcase1" time="0.000"/>
  <system-out/>
  <testcase classname="seleniumpoperties.AlwaysRunExample" name="testcase1" time="0.000"/>
  <system-out/>
  <testcase classname="seleniumpoperties.AlwaysRunExample" name="testcase1" time="0.000"/>
  <system-out/>
  <testcase classname="seleniumpoperties.AlwaysRunExample" name="testcase1" time="0.001"/>
  <system-out/>
  <testcase classname="seleniumpoperties.AlwaysRunExample" name="testcase1" time="0.000"/>
  <system-out/>
  <testcase classname="seleniumpoperties.AlwaysRunExample" name="testcase1" time="0.000"/>
  <system-out/>
  <testcase classname="seleniumpoperties.AlwaysRunExample" name="testcase1" time="0.000"/>
  <system-out/>
  <testcase classname="seleniumpoperties.AlwaysRunExample" name="testcase1" time="0.001"/>
  <system-out/>
  <testcase classname="seleniumpoperties.AlwaysRunExample" name="testcase1" time="0.000"/>
  <system-out/>
  <testcase classname="seleniumpoperties.AlwaysRunExample" name="testcase1" time="0.000"/>
  <system-out/>
  <testcase classname="seleniumpoperties.AlwaysRunExample" name="testcase1" time="0.000"/>
  <system-out/>
  <testcase classname="seleniumpoperties.AlwaysRunExample" name="testcase1" time="0.000"/>
  <system-out/>
  <testcase classname="seleniumpoperties.AlwaysRunExample" name="testcase1" time="0.000"/>
  <system-out/>
  <testcase classname="seleniumpoperties.AlwaysRunExample" name="testcase1" time="0.000"/>
  <system-out/>
  <testcase classname="seleniumpoperties.AlwaysRunExample" name="testcase1" time="0.001"/>
  <system-out/>
  <testcase classname="seleniumpoperties.AlwaysRunExample" name="testcase1" time="0.000"/>
  <system-out/>
  <testcase classname="seleniumpoperties.AlwaysRunExample" name="testcase1" time="0.000"/>
  <system-out/>
  <testcase classname="seleniumpoperties.AlwaysRunExample" name="testcase1" time="0.001"/>
  <system-out/>
  <testcase classname="seleniumpoperties.AlwaysRunExample" name="testcase1" time="0.000"/>
  <system-out/>
  <testcase classname="seleniumpoperties.AlwaysRunExample" name="testcase1" time="0.000"/>
  <system-out/>
  <testcase classname="seleniumpoperties.AlwaysRunExample" name="testcase1" time="0.000"/>
  <system-out/>
  <testcase classname="seleniumpoperties.AlwaysRunExample" name="testcase1" time="0.000"/>
  <system-out/>
  <testcase classname="seleniumpoperties.AlwaysRunExample" name="testcase1" time="0.000"/>
  <system-out/>
  <testcase classname="seleniumpoperties.AlwaysRunExample" name="testcase1" time="0.000"/>
  <system-out/>
  <testcase classname="seleniumpoperties.AlwaysRunExample" name="testcase1" time="0.000"/>
  <system-out/>
  <testcase classname="seleniumpoperties.AlwaysRunExample" name="testcase1" time="0.000"/>
  <system-out/>
  <testcase classname="seleniumpoperties.AlwaysRunExample" name="testcase1" time="0.000"/>
  <system-out/>
  <testcase classname="seleniumpoperties.AlwaysRunExample" name="testcase1" time="0.000"/>
  <system-out/>
  <testcase classname="seleniumpoperties.AlwaysRunExample" name="testcase1" time="0.000"/>
  <system-out/>
  <testcase classname="seleniumpoperties.AlwaysRunExample" name="testcase1" time="0.000"/>
  <system-out/>
  <testcase classname="seleniumpoperties.AlwaysRunExample" name="testcase1" time="0.000"/>
  <system-out/>
  <testcase classname="seleniumpoperties.AlwaysRunExample" name="testcase1" time="0.000"/>
  <system-out/>
  <testcase classname="seleniumpoperties.AlwaysRunExample" name="testcase1" time="0.001"/>
  <system-out/>
  <testcase classname="seleniumpoperties.AlwaysRunExample" name="testcase1" time="0.000"/>
  <system-out/>
  <testcase classname="seleniumpoperties.AlwaysRunExample" name="testcase1" time="0.000"/>
  <system-out/>
  <testcase classname="seleniumpoperties.AlwaysRunExample" name="testcase1" time="0.000"/>
  <system-out/>
  <testcase classname="seleniumpoperties.AlwaysRunExample" name="testcase1" time="0.001"/>
  <system-out/>
  <testcase classname="seleniumpoperties.AlwaysRunExample" name="testcase1" time="0.000"/>
  <system-out/>
  <testcase classname="seleniumpoperties.AlwaysRunExample" name="testcase1" time="0.000"/>
  <system-out/>
  <testcase classname="seleniumpoperties.AlwaysRunExample" name="testcase1" time="0.000"/>
  <system-out/>
  <testcase classname="seleniumpoperties.AlwaysRunExample" name="testcase1" time="0.000"/>
  <system-out/>
  <testcase classname="seleniumpoperties.AlwaysRunExample" name="testcase1" time="0.000"/>
  <system-out/>
  <testcase classname="seleniumpoperties.AlwaysRunExample" name="testcase1" time="0.000"/>
  <system-out/>
  <testcase classname="seleniumpoperties.AlwaysRunExample" name="testcase1" time="0.000"/>
  <system-out/>
  <testcase classname="seleniumpoperties.AlwaysRunExample" name="testcase1" time="0.001"/>
  <system-out/>
  <testcase classname="seleniumpoperties.AlwaysRunExample" name="testcase1" time="0.000"/>
  <system-out/>
  <testcase classname="seleniumpoperties.AlwaysRunExample" name="testcase1" time="0.000"/>
  <system-out/>
  <testcase classname="seleniumpoperties.AlwaysRunExample" name="testcase1" time="0.001"/>
  <system-out/>
  <testcase classname="seleniumpoperties.AlwaysRunExample" name="testcase1" time="0.000"/>
  <system-out/>
  <testcase classname="seleniumpoperties.AlwaysRunExample" name="testcase1" time="0.000"/>
  <system-out/>
  <testcase classname="seleniumpoperties.AlwaysRunExample" name="testcase1" time="0.000"/>
  <system-out/>
  <testcase classname="seleniumpoperties.AlwaysRunExample" name="testcase1" time="0.000"/>
  <system-out/>
  <testcase classname="seleniumpoperties.AlwaysRunExample" name="testcase1" time="0.000"/>
  <system-out/>
  <testcase classname="seleniumpoperties.AlwaysRunExample" name="testcase1" time="0.000"/>
  <system-out/>
  <testcase classname="seleniumpoperties.AlwaysRunExample" name="testcase1" time="0.000"/>
  <system-out/>
  <testcase classname="seleniumpoperties.AlwaysRunExample" name="testcase1" time="0.000"/>
  <system-out/>
  <testcase classname="seleniumpoperties.AlwaysRunExample" name="testcase1" time="0.000"/>
  <system-out/>
  <testcase classname="seleniumpoperties.AlwaysRunExample" name="testcase1" time="0.000"/>
  <system-out/>
  <testcase classname="seleniumpoperties.AlwaysRunExample" name="testcase1" time="0.000"/>
  <system-out/>
  <testcase classname="seleniumpoperties.AlwaysRunExample" name="testcase1" time="0.000"/>
  <system-out/>
  <testcase classname="seleniumpoperties.AlwaysRunExample" name="testcase1" time="0.000"/>
  <system-out/>
  <testcase classname="seleniumpoperties.AlwaysRunExample" name="testcase1" time="0.000"/>
  <system-out/>
  <testcase classname="seleniumpoperties.AlwaysRunExample" name="testcase1" time="0.001"/>
  <system-out/>
  <testcase classname="seleniumpoperties.AlwaysRunExample" name="testcase1" time="0.001"/>
  <system-out/>
  <testcase classname="seleniumpoperties.AlwaysRunExample" name="testcase1" time="0.000"/>
  <system-out/>
  <testcase classname="seleniumpoperties.AlwaysRunExample" name="testcase1" time="0.000"/>
  <system-out/>
  <testcase classname="seleniumpoperties.AlwaysRunExample" name="testcase1" time="0.000"/>
  <system-out/>
  <testcase classname="seleniumpoperties.AlwaysRunExample" name="testcase1" time="0.000"/>
  <system-out/>
  <testcase classname="seleniumpoperties.AlwaysRunExample" name="testcase1" time="0.000"/>
  <system-out/>
  <testcase classname="seleniumpoperties.AlwaysRunExample" name="testcase1" time="0.001"/>
  <system-out/>
  <testcase classname="seleniumpoperties.AlwaysRunExample" name="testcase1" time="0.000"/>
  <system-out/>
  <testcase classname="seleniumpoperties.AlwaysRunExample" name="testcase1" time="0.000"/>
  <system-out/>
  <testcase classname="seleniumpoperties.AlwaysRunExample" name="testcase1" time="0.000"/>
  <system-out/>
  <testcase classname="seleniumpoperties.AlwaysRunExample" name="testcase1" time="0.000"/>
  <system-out/>
  <testcase classname="seleniumpoperties.AlwaysRunExample" name="testcase1" time="0.000"/>
  <system-out/>
  <testcase classname="seleniumpoperties.AlwaysRunExample" name="testcase1" time="0.000"/>
  <system-out/>
  <testcase classname="seleniumpoperties.AlwaysRunExample" name="testcase1" time="0.000"/>
  <system-out/>
  <testcase classname="seleniumpoperties.AlwaysRunExample" name="testcase1" time="0.001"/>
  <system-out/>
  <testcase classname="seleniumpoperties.AlwaysRunExample" name="testcase1" time="0.001"/>
  <system-out/>
  <testcase classname="seleniumpoperties.AlwaysRunExample" name="testcase1" time="0.000"/>
  <system-out/>
  <testcase classname="seleniumpoperties.AlwaysRunExample" name="testcase1" time="0.001"/>
  <system-out/>
  <testcase classname="seleniumpoperties.AlwaysRunExample" name="testcase1" time="0.000"/>
  <system-out/>
  <testcase classname="seleniumpoperties.AlwaysRunExample" name="testcase1" time="0.000"/>
  <system-out/>
  <testcase classname="seleniumpoperties.AlwaysRunExample" name="testcase1" time="0.000"/>
  <system-out/>
  <testcase classname="seleniumpoperties.AlwaysRunExample" name="testcase1" time="0.001"/>
  <system-out/>
  <testcase classname="seleniumpoperties.AlwaysRunExample" name="testcase1" time="0.000"/>
  <system-out/>
  <testcase classname="seleniumpoperties.AlwaysRunExample" name="testcase1" time="0.000"/>
  <system-out/>
  <testcase classname="seleniumpoperties.AlwaysRunExample" name="testcase1" time="0.000"/>
  <system-out/>
  <testcase classname="seleniumpoperties.AlwaysRunExample" name="testcase1" time="0.001"/>
  <system-out/>
  <testcase classname="seleniumpoperties.AlwaysRunExample" name="testcase1" time="0.000"/>
  <system-out/>
  <testcase classname="seleniumpoperties.AlwaysRunExample" name="testcase1" time="0.000"/>
  <system-out/>
  <testcase classname="seleniumpoperties.AlwaysRunExample" name="testcase1" time="0.000"/>
  <system-out/>
  <testcase classname="seleniumpoperties.AlwaysRunExample" name="testcase1" time="0.001"/>
  <system-out/>
  <testcase classname="seleniumpoperties.AlwaysRunExample" name="testcase1" time="0.000"/>
  <system-out/>
  <testcase classname="seleniumpoperties.AlwaysRunExample" name="testcase1" time="0.000"/>
  <system-out/>
  <testcase classname="seleniumpoperties.AlwaysRunExample" name="testcase1" time="0.000"/>
  <system-out/>
  <testcase classname="seleniumpoperties.AlwaysRunExample" name="testcase1" time="0.000"/>
  <system-out/>
  <testcase classname="seleniumpoperties.AlwaysRunExample" name="testcase1" time="0.001"/>
  <system-out/>
  <testcase classname="seleniumpoperties.AlwaysRunExample" name="testcase1" time="0.000"/>
  <system-out/>
  <testcase classname="seleniumpoperties.AlwaysRunExample" name="testcase1" time="0.000"/>
  <system-out/>
  <testcase classname="seleniumpoperties.AlwaysRunExample" name="testcase1" time="0.000"/>
  <system-out/>
  <testcase classname="seleniumpoperties.AlwaysRunExample" name="testcase1" time="0.000"/>
  <system-out/>
  <testcase classname="seleniumpoperties.AlwaysRunExample" name="testcase1" time="0.001"/>
  <system-out/>
  <testcase classname="seleniumpoperties.AlwaysRunExample" name="testcase1" time="0.000"/>
  <system-out/>
  <testcase classname="seleniumpoperties.AlwaysRunExample" name="testcase1" time="0.000"/>
  <system-out/>
  <testcase classname="seleniumpoperties.AlwaysRunExample" name="testcase1" time="0.001"/>
  <system-out/>
  <testcase classname="seleniumpoperties.AlwaysRunExample" name="testcase1" time="0.001"/>
  <system-out/>
  <testcase classname="seleniumpoperties.AlwaysRunExample" name="testcase1" time="0.000"/>
  <system-out/>
  <testcase classname="seleniumpoperties.AlwaysRunExample" name="testcase1" time="0.000"/>
  <system-out/>
  <testcase classname="seleniumpoperties.AlwaysRunExample" name="testcase1" time="0.000"/>
  <system-out/>
  <testcase classname="seleniumpoperties.AlwaysRunExample" name="testcase1" time="0.000"/>
  <system-out/>
  <testcase classname="seleniumpoperties.AlwaysRunExample" name="testcase1" time="0.000"/>
  <system-out/>
  <testcase classname="seleniumpoperties.AlwaysRunExample" name="testcase1" time="0.000"/>
  <system-out/>
  <testcase classname="seleniumpoperties.AlwaysRunExample" name="testcase1" time="0.000"/>
  <system-out/>
  <testcase classname="seleniumpoperties.AlwaysRunExample" name="testcase1" time="0.000"/>
  <system-out/>
  <testcase classname="seleniumpoperties.AlwaysRunExample" name="testcase1" time="0.001"/>
  <system-out/>
  <testcase classname="seleniumpoperties.AlwaysRunExample" name="testcase1" time="0.000"/>
  <system-out/>
  <testcase classname="seleniumpoperties.AlwaysRunExample" name="testcase1" time="0.000"/>
  <system-out/>
  <testcase classname="seleniumpoperties.AlwaysRunExample" name="testcase1" time="0.000"/>
  <system-out/>
  <testcase classname="seleniumpoperties.AlwaysRunExample" name="testcase1" time="0.000"/>
  <system-out/>
  <testcase classname="seleniumpoperties.AlwaysRunExample" name="testcase1" time="0.000"/>
  <system-out/>
  <testcase classname="seleniumpoperties.AlwaysRunExample" name="testcase1" time="0.000"/>
  <system-out/>
  <testcase classname="seleniumpoperties.AlwaysRunExample" name="testcase1" time="0.000"/>
  <system-out/>
  <testcase classname="seleniumpoperties.AlwaysRunExample" name="testcase1" time="0.000"/>
  <system-out/>
  <testcase classname="seleniumpoperties.AlwaysRunExample" name="testcase1" time="0.000"/>
  <system-out/>
  <testcase classname="seleniumpoperties.AlwaysRunExample" name="testcase1" time="0.000"/>
  <system-out/>
  <testcase classname="seleniumpoperties.AlwaysRunExample" name="testcase1" time="0.000"/>
  <system-out/>
  <testcase classname="seleniumpoperties.AlwaysRunExample" name="testcase1" time="0.001"/>
  <system-out/>
  <testcase classname="seleniumpoperties.AlwaysRunExample" name="testcase1" time="0.001"/>
  <system-out/>
  <testcase classname="seleniumpoperties.AlwaysRunExample" name="testcase1" time="0.000"/>
  <system-out/>
  <testcase classname="seleniumpoperties.AlwaysRunExample" name="testcase1" time="0.000"/>
  <system-out/>
  <testcase classname="seleniumpoperties.AlwaysRunExample" name="testcase1" time="0.000"/>
  <system-out/>
  <testcase classname="seleniumpoperties.AlwaysRunExample" name="testcase1" time="0.000"/>
  <system-out/>
  <testcase classname="seleniumpoperties.AlwaysRunExample" name="testcase1" time="0.000"/>
  <system-out/>
  <testcase classname="seleniumpoperties.AlwaysRunExample" name="testcase1" time="0.000"/>
  <system-out/>
  <testcase classname="seleniumpoperties.AlwaysRunExample" name="testcase1" time="0.000"/>
  <system-out/>
  <testcase classname="seleniumpoperties.AlwaysRunExample" name="testcase1" time="0.000"/>
  <system-out/>
  <testcase classname="seleniumpoperties.AlwaysRunExample" name="testcase1" time="0.000"/>
  <system-out/>
  <testcase classname="seleniumpoperties.AlwaysRunExample" name="testcase1" time="0.000"/>
  <system-out/>
  <testcase classname="seleniumpoperties.AlwaysRunExample" name="testcase1" time="0.000"/>
  <system-out/>
  <testcase classname="seleniumpoperties.AlwaysRunExample" name="testcase1" time="0.001"/>
  <system-out/>
  <testcase classname="seleniumpoperties.AlwaysRunExample" name="testcase1" time="0.000"/>
  <system-out/>
  <testcase classname="seleniumpoperties.AlwaysRunExample" name="testcase1" time="0.000"/>
  <system-out/>
  <testcase classname="seleniumpoperties.AlwaysRunExample" name="testcase1" time="0.001"/>
  <system-out/>
  <testcase classname="seleniumpoperties.AlwaysRunExample" name="testcase1" time="0.000"/>
  <system-out/>
  <testcase classname="seleniumpoperties.AlwaysRunExample" name="testcase1" time="0.000"/>
  <system-out/>
  <testcase classname="seleniumpoperties.AlwaysRunExample" name="testcase1" time="0.000"/>
  <system-out/>
  <testcase classname="seleniumpoperties.AlwaysRunExample" name="testcase1" time="0.000"/>
  <system-out/>
  <testcase classname="seleniumpoperties.AlwaysRunExample" name="testcase1" time="0.000"/>
  <system-out/>
  <testcase classname="seleniumpoperties.AlwaysRunExample" name="testcase1" time="0.000"/>
  <system-out/>
  <testcase classname="seleniumpoperties.AlwaysRunExample" name="testcase1" time="0.000"/>
  <system-out/>
  <testcase classname="seleniumpoperties.AlwaysRunExample" name="testcase1" time="0.000"/>
  <system-out/>
  <testcase classname="seleniumpoperties.AlwaysRunExample" name="testcase1" time="0.000"/>
  <system-out/>
  <testcase classname="seleniumpoperties.AlwaysRunExample" name="testcase1" time="0.001"/>
  <system-out/>
  <testcase classname="seleniumpoperties.AlwaysRunExample" name="testcase1" time="0.000"/>
  <system-out/>
  <testcase classname="seleniumpoperties.AlwaysRunExample" name="testcase1" time="0.001"/>
  <system-out/>
  <testcase classname="seleniumpoperties.AlwaysRunExample" name="testcase1" time="0.000"/>
  <system-out/>
  <testcase classname="seleniumpoperties.AlwaysRunExample" name="testcase1" time="0.000"/>
  <system-out/>
  <testcase classname="seleniumpoperties.AlwaysRunExample" name="testcase1" time="0.000"/>
  <system-out/>
  <testcase classname="seleniumpoperties.AlwaysRunExample" name="testcase1" time="0.000"/>
  <system-out/>
  <testcase classname="seleniumpoperties.AlwaysRunExample" name="testcase1" time="0.000"/>
  <system-out/>
  <testcase classname="seleniumpoperties.AlwaysRunExample" name="testcase1" time="0.001"/>
  <system-out/>
  <testcase classname="seleniumpoperties.AlwaysRunExample" name="testcase1" time="0.000"/>
  <system-out/>
  <testcase classname="seleniumpoperties.AlwaysRunExample" name="testcase1" time="0.000"/>
  <system-out/>
  <testcase classname="seleniumpoperties.AlwaysRunExample" name="testcase1" time="0.000"/>
  <system-out/>
  <testcase classname="seleniumpoperties.AlwaysRunExample" name="testcase1" time="0.000"/>
  <system-out/>
  <testcase classname="seleniumpoperties.AlwaysRunExample" name="testcase1" time="0.000"/>
  <system-out/>
  <testcase classname="seleniumpoperties.AlwaysRunExample" name="testcase1" time="0.000"/>
  <system-out/>
  <testcase classname="seleniumpoperties.AlwaysRunExample" name="testcase1" time="0.000"/>
  <system-out/>
  <testcase classname="seleniumpoperties.AlwaysRunExample" name="testcase1" time="0.000"/>
  <system-out/>
  <testcase classname="seleniumpoperties.AlwaysRunExample" name="testcase1" time="0.000"/>
  <system-out/>
  <testcase classname="seleniumpoperties.AlwaysRunExample" name="testcase1" time="0.000"/>
  <system-out/>
  <testcase classname="seleniumpoperties.AlwaysRunExample" name="testcase1" time="0.000"/>
  <system-out/>
  <testcase classname="seleniumpoperties.AlwaysRunExample" name="testcase1" time="0.000"/>
  <system-out/>
  <testcase classname="seleniumpoperties.AlwaysRunExample" name="testcase1" time="0.000"/>
  <system-out/>
  <testcase classname="seleniumpoperties.AlwaysRunExample" name="testcase1" time="0.000"/>
  <system-out/>
  <testcase classname="seleniumpoperties.AlwaysRunExample" name="testcase1" time="0.000"/>
  <system-out/>
  <testcase classname="seleniumpoperties.AlwaysRunExample" name="testcase1" time="0.001"/>
  <system-out/>
  <testcase classname="seleniumpoperties.AlwaysRunExample" name="testcase1" time="0.000"/>
  <system-out/>
  <testcase classname="seleniumpoperties.AlwaysRunExample" name="testcase1" time="0.000"/>
  <system-out/>
  <testcase classname="seleniumpoperties.AlwaysRunExample" name="testcase1" time="0.000"/>
  <system-out/>
  <testcase classname="seleniumpoperties.AlwaysRunExample" name="testcase1" time="0.000"/>
  <system-out/>
  <testcase classname="seleniumpoperties.AlwaysRunExample" name="testcase1" time="0.000"/>
  <system-out/>
  <testcase classname="seleniumpoperties.AlwaysRunExample" name="testcase1" time="0.000"/>
  <system-out/>
  <testcase classname="seleniumpoperties.AlwaysRunExample" name="testcase1" time="0.000"/>
  <system-out/>
  <testcase classname="seleniumpoperties.AlwaysRunExample" name="testcase1" time="0.000"/>
  <system-out/>
  <testcase classname="seleniumpoperties.AlwaysRunExample" name="testcase1" time="0.000"/>
  <system-out/>
  <testcase classname="seleniumpoperties.AlwaysRunExample" name="testcase1" time="0.000"/>
  <system-out/>
  <testcase classname="seleniumpoperties.AlwaysRunExample" name="testcase1" time="0.000"/>
  <system-out/>
  <testcase classname="seleniumpoperties.AlwaysRunExample" name="testcase1" time="0.000"/>
  <system-out/>
  <testcase classname="seleniumpoperties.AlwaysRunExample" name="testcase1" time="0.000"/>
  <system-out/>
  <testcase classname="seleniumpoperties.AlwaysRunExample" name="testcase1" time="0.000"/>
  <system-out/>
  <testcase classname="seleniumpoperties.AlwaysRunExample" name="testcase1" time="0.000"/>
  <system-out/>
  <testcase classname="seleniumpoperties.AlwaysRunExample" name="testcase1" time="0.000"/>
  <system-out/>
  <testcase classname="seleniumpoperties.AlwaysRunExample" name="testcase1" time="0.001"/>
  <system-out/>
  <testcase classname="seleniumpoperties.AlwaysRunExample" name="testcase1" time="0.000"/>
  <system-out/>
  <testcase classname="seleniumpoperties.AlwaysRunExample" name="testcase1" time="0.001"/>
  <system-out/>
  <testcase classname="seleniumpoperties.AlwaysRunExample" name="testcase1" time="0.000"/>
  <system-out/>
  <testcase classname="seleniumpoperties.AlwaysRunExample" name="testcase1" time="0.000"/>
  <system-out/>
  <testcase classname="seleniumpoperties.AlwaysRunExample" name="testcase1" time="0.000"/>
  <system-out/>
  <testcase classname="seleniumpoperties.AlwaysRunExample" name="testcase1" time="0.000"/>
  <system-out/>
  <testcase classname="seleniumpoperties.AlwaysRunExample" name="testcase1" time="0.000"/>
  <system-out/>
  <testcase classname="seleniumpoperties.AlwaysRunExample" name="testcase1" time="0.000"/>
  <system-out/>
  <testcase classname="seleniumpoperties.AlwaysRunExample" name="testcase1" time="0.000"/>
  <system-out/>
  <testcase classname="seleniumpoperties.AlwaysRunExample" name="testcase1" time="0.001"/>
  <system-out/>
  <testcase classname="seleniumpoperties.AlwaysRunExample" name="testcase1" time="0.000"/>
  <system-out/>
  <testcase classname="seleniumpoperties.AlwaysRunExample" name="testcase1" time="0.000"/>
  <system-out/>
  <testcase classname="seleniumpoperties.AlwaysRunExample" name="testcase1" time="0.000"/>
  <system-out/>
  <testcase classname="seleniumpoperties.AlwaysRunExample" name="testcase1" time="0.000"/>
  <system-out/>
  <testcase classname="seleniumpoperties.AlwaysRunExample" name="testcase1" time="0.001"/>
  <system-out/>
  <testcase classname="seleniumpoperties.AlwaysRunExample" name="testcase1" time="0.000"/>
  <system-out/>
  <testcase classname="seleniumpoperties.AlwaysRunExample" name="testcase1" time="0.000"/>
  <system-out/>
  <testcase classname="seleniumpoperties.AlwaysRunExample" name="testcase1" time="0.000"/>
  <system-out/>
  <testcase classname="seleniumpoperties.AlwaysRunExample" name="testcase1" time="0.001"/>
  <system-out/>
  <testcase classname="seleniumpoperties.AlwaysRunExample" name="testcase1" time="0.000"/>
  <system-out/>
  <testcase classname="seleniumpoperties.AlwaysRunExample" name="testcase1" time="0.000"/>
  <system-out/>
  <testcase classname="seleniumpoperties.AlwaysRunExample" name="testcase1" time="0.000"/>
  <system-out/>
  <testcase classname="seleniumpoperties.AlwaysRunExample" name="testcase1" time="0.000"/>
  <system-out/>
  <testcase classname="seleniumpoperties.AlwaysRunExample" name="testcase1" time="0.001"/>
  <system-out/>
  <testcase classname="seleniumpoperties.AlwaysRunExample" name="testcase1" time="0.000"/>
  <system-out/>
  <testcase classname="seleniumpoperties.AlwaysRunExample" name="testcase1" time="0.000"/>
  <system-out/>
  <testcase classname="seleniumpoperties.AlwaysRunExample" name="testcase1" time="0.001"/>
  <system-out/>
  <testcase classname="seleniumpoperties.AlwaysRunExample" name="testcase1" time="0.000"/>
  <system-out/>
  <testcase classname="seleniumpoperties.AlwaysRunExample" name="testcase1" time="0.000"/>
  <system-out/>
  <testcase classname="seleniumpoperties.AlwaysRunExample" name="testcase1" time="0.000"/>
  <system-out/>
  <testcase classname="seleniumpoperties.AlwaysRunExample" name="testcase1" time="0.000"/>
  <system-out/>
  <testcase classname="seleniumpoperties.AlwaysRunExample" name="testcase1" time="0.000"/>
  <system-out/>
  <testcase classname="seleniumpoperties.AlwaysRunExample" name="testcase1" time="0.000"/>
  <system-out/>
  <testcase classname="seleniumpoperties.AlwaysRunExample" name="testcase1" time="0.001"/>
  <system-out/>
  <testcase classname="seleniumpoperties.AlwaysRunExample" name="testcase1" time="0.000"/>
  <system-out/>
  <testcase classname="seleniumpoperties.AlwaysRunExample" name="testcase1" time="0.000"/>
  <system-out/>
  <testcase classname="seleniumpoperties.AlwaysRunExample" name="testcase1" time="0.001"/>
  <system-out/>
  <testcase classname="seleniumpoperties.AlwaysRunExample" name="testcase1" time="0.001"/>
  <system-out/>
  <testcase classname="seleniumpoperties.AlwaysRunExample" name="testcase1" time="0.000"/>
  <system-out/>
  <testcase classname="seleniumpoperties.AlwaysRunExample" name="testcase1" time="0.000"/>
  <system-out/>
  <testcase classname="seleniumpoperties.AlwaysRunExample" name="testcase1" time="0.000"/>
  <system-out/>
  <testcase classname="seleniumpoperties.AlwaysRunExample" name="testcase1" time="0.000"/>
  <system-out/>
  <testcase classname="seleniumpoperties.AlwaysRunExample" name="testcase1" time="0.000"/>
  <system-out/>
  <testcase classname="seleniumpoperties.AlwaysRunExample" name="testcase1" time="0.000"/>
  <system-out/>
  <testcase classname="seleniumpoperties.AlwaysRunExample" name="testcase1" time="0.000"/>
  <system-out/>
  <testcase classname="seleniumpoperties.AlwaysRunExample" name="testcase1" time="0.000"/>
  <system-out/>
  <testcase classname="seleniumpoperties.AlwaysRunExample" name="testcase1" time="0.000"/>
  <system-out/>
  <testcase classname="seleniumpoperties.AlwaysRunExample" name="testcase1" time="0.000"/>
  <system-out/>
  <testcase classname="seleniumpoperties.AlwaysRunExample" name="testcase1" time="0.000"/>
  <system-out/>
  <testcase classname="seleniumpoperties.AlwaysRunExample" name="testcase1" time="0.000"/>
  <system-out/>
  <testcase classname="seleniumpoperties.AlwaysRunExample" name="testcase1" time="0.000"/>
  <system-out/>
  <testcase classname="seleniumpoperties.AlwaysRunExample" name="testcase1" time="0.000"/>
  <system-out/>
  <testcase classname="seleniumpoperties.AlwaysRunExample" name="testcase1" time="0.000"/>
  <system-out/>
  <testcase classname="seleniumpoperties.AlwaysRunExample" name="testcase1" time="0.000"/>
  <system-out/>
  <testcase classname="seleniumpoperties.AlwaysRunExample" name="testcase1" time="0.000"/>
  <system-out/>
  <testcase classname="seleniumpoperties.AlwaysRunExample" name="testcase1" time="0.000"/>
  <system-out/>
  <testcase classname="seleniumpoperties.AlwaysRunExample" name="testcase1" time="0.000"/>
  <system-out/>
  <testcase classname="seleniumpoperties.AlwaysRunExample" name="testcase1" time="0.000"/>
  <system-out/>
  <testcase classname="seleniumpoperties.AlwaysRunExample" name="testcase1" time="0.000"/>
  <system-out/>
  <testcase classname="seleniumpoperties.AlwaysRunExample" name="testcase1" time="0.000"/>
  <system-out/>
  <testcase classname="seleniumpoperties.AlwaysRunExample" name="testcase1" time="0.001"/>
  <system-out/>
  <testcase classname="seleniumpoperties.AlwaysRunExample" name="testcase1" time="0.000"/>
  <system-out/>
  <testcase classname="seleniumpoperties.AlwaysRunExample" name="testcase1" time="0.000"/>
  <system-out/>
  <testcase classname="seleniumpoperties.AlwaysRunExample" name="testcase1" time="0.000"/>
  <system-out/>
  <testcase classname="seleniumpoperties.AlwaysRunExample" name="testcase1" time="0.000"/>
  <system-out/>
  <testcase classname="seleniumpoperties.AlwaysRunExample" name="testcase1" time="0.001"/>
  <system-out/>
  <testcase classname="seleniumpoperties.AlwaysRunExample" name="testcase1" time="0.000"/>
  <system-out/>
  <testcase classname="seleniumpoperties.AlwaysRunExample" name="testcase1" time="0.001"/>
  <system-out/>
  <testcase classname="seleniumpoperties.AlwaysRunExample" name="testcase1" time="0.000"/>
  <system-out/>
  <testcase classname="seleniumpoperties.AlwaysRunExample" name="testcase1" time="0.000"/>
  <system-out/>
  <testcase classname="seleniumpoperties.AlwaysRunExample" name="testcase1" time="0.001"/>
  <system-out/>
  <testcase classname="seleniumpoperties.AlwaysRunExample" name="testcase1" time="0.000"/>
  <system-out/>
  <testcase classname="seleniumpoperties.AlwaysRunExample" name="testcase1" time="0.000"/>
  <system-out/>
  <testcase classname="seleniumpoperties.AlwaysRunExample" name="testcase1" time="0.000"/>
  <system-out/>
  <testcase classname="seleniumpoperties.AlwaysRunExample" name="testcase1" time="0.000"/>
  <system-out/>
  <testcase classname="seleniumpoperties.AlwaysRunExample" name="testcase1" time="0.000"/>
  <system-out/>
  <testcase classname="seleniumpoperties.AlwaysRunExample" name="testcase1" time="0.000"/>
  <system-out/>
  <testcase classname="seleniumpoperties.AlwaysRunExample" name="testcase1" time="0.000"/>
  <system-out/>
  <testcase classname="seleniumpoperties.AlwaysRunExample" name="testcase1" time="0.000"/>
  <system-out/>
  <testcase classname="seleniumpoperties.AlwaysRunExample" name="testcase1" time="0.000"/>
  <system-out/>
  <testcase classname="seleniumpoperties.AlwaysRunExample" name="testcase1" time="0.000"/>
  <system-out/>
  <testcase classname="seleniumpoperties.AlwaysRunExample" name="testcase1" time="0.000"/>
  <system-out/>
  <testcase classname="seleniumpoperties.AlwaysRunExample" name="testcase1" time="0.000"/>
  <system-out/>
  <testcase classname="seleniumpoperties.AlwaysRunExample" name="testcase1" time="0.001"/>
  <system-out/>
  <testcase classname="seleniumpoperties.AlwaysRunExample" name="testcase1" time="0.000"/>
  <system-out/>
  <testcase classname="seleniumpoperties.AlwaysRunExample" name="testcase1" time="0.001"/>
  <system-out/>
  <testcase classname="seleniumpoperties.AlwaysRunExample" name="testcase1" time="0.001"/>
  <system-out/>
  <testcase classname="seleniumpoperties.AlwaysRunExample" name="testcase1" time="0.001"/>
  <system-out/>
  <testcase classname="seleniumpoperties.AlwaysRunExample" name="testcase1" time="0.000"/>
  <system-out/>
  <testcase classname="seleniumpoperties.AlwaysRunExample" name="testcase1" time="0.000"/>
  <system-out/>
  <testcase classname="seleniumpoperties.AlwaysRunExample" name="testcase1" time="0.000"/>
  <system-out/>
  <testcase classname="seleniumpoperties.AlwaysRunExample" name="testcase1" time="0.000"/>
  <system-out/>
  <testcase classname="seleniumpoperties.AlwaysRunExample" name="testcase1" time="0.000"/>
  <system-out/>
  <testcase classname="seleniumpoperties.AlwaysRunExample" name="testcase1" time="0.000"/>
  <system-out/>
  <testcase classname="seleniumpoperties.AlwaysRunExample" name="testcase1" time="0.000"/>
  <system-out/>
  <testcase classname="seleniumpoperties.AlwaysRunExample" name="testcase1" time="0.000"/>
  <system-out/>
  <testcase classname="seleniumpoperties.AlwaysRunExample" name="testcase1" time="0.000"/>
  <system-out/>
  <testcase classname="seleniumpoperties.AlwaysRunExample" name="testcase1" time="0.000"/>
  <system-out/>
  <testcase classname="seleniumpoperties.AlwaysRunExample" name="testcase1" time="0.000"/>
  <system-out/>
  <testcase classname="seleniumpoperties.AlwaysRunExample" name="testcase1" time="0.000"/>
  <system-out/>
  <testcase classname="seleniumpoperties.AlwaysRunExample" name="testcase1" time="0.000"/>
  <system-out/>
  <testcase classname="seleniumpoperties.AlwaysRunExample" name="testcase1" time="0.001"/>
  <system-out/>
  <testcase classname="seleniumpoperties.AlwaysRunExample" name="testcase1" time="0.000"/>
  <system-out/>
  <testcase classname="seleniumpoperties.AlwaysRunExample" name="testcase1" time="0.000"/>
  <system-out/>
  <testcase classname="seleniumpoperties.AlwaysRunExample" name="testcase1" time="0.001"/>
  <system-out/>
  <testcase classname="seleniumpoperties.AlwaysRunExample" name="testcase1" time="0.001"/>
  <system-out/>
  <testcase classname="seleniumpoperties.AlwaysRunExample" name="testcase1" time="0.001"/>
  <system-out/>
  <testcase classname="seleniumpoperties.AlwaysRunExample" name="testcase1" time="0.000"/>
  <system-out/>
  <testcase classname="seleniumpoperties.AlwaysRunExample" name="testcase1" time="0.000"/>
  <system-out/>
  <testcase classname="seleniumpoperties.AlwaysRunExample" name="testcase1" time="0.000"/>
  <system-out/>
  <testcase classname="seleniumpoperties.AlwaysRunExample" name="testcase1" time="0.000"/>
  <system-out/>
  <testcase classname="seleniumpoperties.AlwaysRunExample" name="testcase1" time="0.000"/>
  <system-out/>
  <testcase classname="seleniumpoperties.AlwaysRunExample" name="testcase1" time="0.000"/>
  <system-out/>
  <testcase classname="seleniumpoperties.AlwaysRunExample" name="testcase1" time="0.000"/>
  <system-out/>
  <testcase classname="seleniumpoperties.AlwaysRunExample" name="testcase1" time="0.000"/>
  <system-out/>
  <testcase classname="seleniumpoperties.AlwaysRunExample" name="testcase1" time="0.000"/>
  <system-out/>
  <testcase classname="seleniumpoperties.AlwaysRunExample" name="testcase1" time="0.000"/>
  <system-out/>
  <testcase classname="seleniumpoperties.AlwaysRunExample" name="testcase1" time="0.000"/>
  <system-out/>
  <testcase classname="seleniumpoperties.AlwaysRunExample" name="testcase1" time="0.000"/>
  <system-out/>
  <testcase classname="seleniumpoperties.AlwaysRunExample" name="testcase1" time="0.001"/>
  <system-out/>
  <testcase classname="seleniumpoperties.AlwaysRunExample" name="testcase1" time="0.000"/>
  <system-out/>
  <testcase classname="seleniumpoperties.AlwaysRunExample" name="testcase1" time="0.000"/>
  <system-out/>
  <testcase classname="seleniumpoperties.AlwaysRunExample" name="testcase1" time="0.000"/>
  <system-out/>
  <testcase classname="seleniumpoperties.AlwaysRunExample" name="testcase1" time="0.000"/>
  <system-out/>
  <testcase classname="seleniumpoperties.AlwaysRunExample" name="testcase1" time="0.000"/>
  <system-out/>
  <testcase classname="seleniumpoperties.AlwaysRunExample" name="testcase1" time="0.000"/>
  <system-out/>
  <testcase classname="seleniumpoperties.AlwaysRunExample" name="testcase1" time="0.000"/>
  <system-out/>
  <testcase classname="seleniumpoperties.AlwaysRunExample" name="testcase1" time="0.000"/>
  <system-out/>
  <testcase classname="seleniumpoperties.AlwaysRunExample" name="testcase1" time="0.001"/>
  <system-out/>
  <testcase classname="seleniumpoperties.AlwaysRunExample" name="testcase1" time="0.000"/>
  <system-out/>
  <testcase classname="seleniumpoperties.AlwaysRunExample" name="testcase1" time="0.000"/>
  <system-out/>
  <testcase classname="seleniumpoperties.AlwaysRunExample" name="testcase1" time="0.000"/>
  <system-out/>
  <testcase classname="seleniumpoperties.AlwaysRunExample" name="testcase1" time="0.000"/>
  <system-out/>
  <testcase classname="seleniumpoperties.AlwaysRunExample" name="testcase1" time="0.000"/>
  <system-out/>
  <testcase classname="seleniumpoperties.AlwaysRunExample" name="testcase1" time="0.000"/>
  <system-out/>
  <testcase classname="seleniumpoperties.AlwaysRunExample" name="testcase1" time="0.000"/>
  <system-out/>
  <testcase classname="seleniumpoperties.AlwaysRunExample" name="testcase1" time="0.000"/>
  <system-out/>
  <testcase classname="seleniumpoperties.AlwaysRunExample" name="testcase1" time="0.001"/>
  <system-out/>
  <testcase classname="seleniumpoperties.AlwaysRunExample" name="testcase1" time="0.000"/>
  <system-out/>
  <testcase classname="seleniumpoperties.AlwaysRunExample" name="testcase1" time="0.000"/>
  <system-out/>
  <testcase classname="seleniumpoperties.AlwaysRunExample" name="testcase1" time="0.000"/>
  <system-out/>
  <testcase classname="seleniumpoperties.AlwaysRunExample" name="testcase1" time="0.001"/>
  <system-out/>
  <testcase classname="seleniumpoperties.AlwaysRunExample" name="testcase1" time="0.000"/>
  <system-out/>
  <testcase classname="seleniumpoperties.AlwaysRunExample" name="testcase1" time="0.001"/>
  <system-out/>
  <testcase classname="seleniumpoperties.AlwaysRunExample" name="testcase1" time="0.000"/>
  <system-out/>
  <testcase classname="seleniumpoperties.AlwaysRunExample" name="testcase1" time="0.000"/>
  <system-out/>
  <testcase classname="seleniumpoperties.AlwaysRunExample" name="testcase1" time="0.000"/>
  <system-out/>
  <testcase classname="seleniumpoperties.AlwaysRunExample" name="testcase1" time="0.000"/>
  <system-out/>
  <testcase classname="seleniumpoperties.AlwaysRunExample" name="testcase1" time="0.000"/>
  <system-out/>
  <testcase classname="seleniumpoperties.AlwaysRunExample" name="testcase1" time="0.000"/>
  <system-out/>
  <testcase classname="seleniumpoperties.AlwaysRunExample" name="testcase1" time="0.000"/>
  <system-out/>
  <testcase classname="seleniumpoperties.AlwaysRunExample" name="testcase1" time="0.000"/>
  <system-out/>
  <testcase classname="seleniumpoperties.AlwaysRunExample" name="testcase1" time="0.000"/>
  <system-out/>
  <testcase classname="seleniumpoperties.AlwaysRunExample" name="testcase1" time="0.000"/>
  <system-out/>
  <testcase classname="seleniumpoperties.AlwaysRunExample" name="testcase1" time="0.000"/>
  <system-out/>
  <testcase classname="seleniumpoperties.AlwaysRunExample" name="testcase1" time="0.000"/>
  <system-out/>
  <testcase classname="seleniumpoperties.AlwaysRunExample" name="testcase1" time="0.001"/>
  <system-out/>
  <testcase classname="seleniumpoperties.AlwaysRunExample" name="testcase1" time="0.001"/>
  <system-out/>
  <testcase classname="seleniumpoperties.AlwaysRunExample" name="testcase1" time="0.000"/>
  <system-out/>
  <testcase classname="seleniumpoperties.AlwaysRunExample" name="testcase1" time="0.000"/>
  <system-out/>
  <testcase classname="seleniumpoperties.AlwaysRunExample" name="testcase1" time="0.001"/>
  <system-out/>
  <testcase classname="seleniumpoperties.AlwaysRunExample" name="testcase1" time="0.000"/>
  <system-out/>
  <testcase classname="seleniumpoperties.AlwaysRunExample" name="testcase1" time="0.000"/>
  <system-out/>
  <testcase classname="seleniumpoperties.AlwaysRunExample" name="testcase1" time="0.000"/>
  <system-out/>
  <testcase classname="seleniumpoperties.AlwaysRunExample" name="testcase1" time="0.000"/>
  <system-out/>
  <testcase classname="seleniumpoperties.AlwaysRunExample" name="testcase1" time="0.000"/>
  <system-out/>
  <testcase classname="seleniumpoperties.AlwaysRunExample" name="testcase1" time="0.000"/>
  <system-out/>
  <testcase classname="seleniumpoperties.AlwaysRunExample" name="testcase1" time="0.000"/>
  <system-out/>
  <testcase classname="seleniumpoperties.AlwaysRunExample" name="testcase1" time="0.001"/>
  <system-out/>
  <testcase classname="seleniumpoperties.AlwaysRunExample" name="testcase1" time="0.000"/>
  <system-out/>
  <testcase classname="seleniumpoperties.AlwaysRunExample" name="testcase1" time="0.001"/>
  <system-out/>
  <testcase classname="seleniumpoperties.AlwaysRunExample" name="testcase1" time="0.000"/>
  <system-out/>
  <testcase classname="seleniumpoperties.AlwaysRunExample" name="testcase1" time="0.000"/>
  <system-out/>
  <testcase classname="seleniumpoperties.AlwaysRunExample" name="testcase1" time="0.000"/>
  <system-out/>
  <testcase classname="seleniumpoperties.AlwaysRunExample" name="testcase1" time="0.000"/>
  <system-out/>
  <testcase classname="seleniumpoperties.AlwaysRunExample" name="testcase1" time="0.000"/>
  <system-out/>
  <testcase classname="seleniumpoperties.AlwaysRunExample" name="testcase1" time="0.000"/>
  <system-out/>
  <testcase classname="seleniumpoperties.AlwaysRunExample" name="testcase1" time="0.000"/>
  <system-out/>
  <testcase classname="seleniumpoperties.AlwaysRunExample" name="testcase1" time="0.000"/>
  <system-out/>
  <testcase classname="seleniumpoperties.AlwaysRunExample" name="testcase1" time="0.000"/>
  <system-out/>
  <testcase classname="seleniumpoperties.AlwaysRunExample" name="testcase1" time="0.000"/>
  <system-out/>
  <testcase classname="seleniumpoperties.AlwaysRunExample" name="testcase1" time="0.001"/>
  <system-out/>
  <testcase classname="seleniumpoperties.AlwaysRunExample" name="testcase1" time="0.001"/>
  <system-out/>
  <testcase classname="seleniumpoperties.AlwaysRunExample" name="testcase1" time="0.000"/>
  <system-out/>
  <testcase classname="seleniumpoperties.AlwaysRunExample" name="testcase1" time="0.000"/>
  <system-out/>
  <testcase classname="seleniumpoperties.AlwaysRunExample" name="testcase1" time="0.000"/>
  <system-out/>
  <testcase classname="seleniumpoperties.AlwaysRunExample" name="testcase1" time="0.000"/>
  <system-out/>
  <testcase classname="seleniumpoperties.AlwaysRunExample" name="testcase1" time="0.001"/>
  <system-out/>
  <testcase classname="seleniumpoperties.AlwaysRunExample" name="testcase1" time="0.000"/>
  <system-out/>
  <testcase classname="seleniumpoperties.AlwaysRunExample" name="testcase1" time="0.000"/>
  <system-out/>
  <testcase classname="seleniumpoperties.AlwaysRunExample" name="testcase1" time="0.000"/>
  <system-out/>
  <testcase classname="seleniumpoperties.AlwaysRunExample" name="testcase1" time="0.001"/>
  <system-out/>
  <testcase classname="seleniumpoperties.AlwaysRunExample" name="testcase1" time="0.000"/>
  <system-out/>
  <testcase classname="seleniumpoperties.AlwaysRunExample" name="testcase1" time="0.000"/>
  <system-out/>
  <testcase classname="seleniumpoperties.AlwaysRunExample" name="testcase1" time="0.000"/>
  <system-out/>
  <testcase classname="seleniumpoperties.AlwaysRunExample" name="testcase1" time="0.000"/>
  <system-out/>
  <testcase classname="seleniumpoperties.AlwaysRunExample" name="testcase1" time="0.000"/>
  <system-out/>
  <testcase classname="seleniumpoperties.AlwaysRunExample" name="testcase1" time="0.000"/>
  <system-out/>
  <testcase classname="seleniumpoperties.AlwaysRunExample" name="testcase1" time="0.000"/>
  <system-out/>
  <testcase classname="seleniumpoperties.AlwaysRunExample" name="testcase1" time="0.001"/>
  <system-out/>
  <testcase classname="seleniumpoperties.AlwaysRunExample" name="testcase1" time="0.000"/>
  <system-out/>
  <testcase classname="seleniumpoperties.AlwaysRunExample" name="testcase1" time="0.001"/>
  <system-out/>
  <testcase classname="seleniumpoperties.AlwaysRunExample" name="testcase1" time="0.001"/>
  <system-out/>
  <testcase classname="seleniumpoperties.AlwaysRunExample" name="testcase1" time="0.000"/>
  <system-out/>
  <testcase classname="seleniumpoperties.AlwaysRunExample" name="testcase1" time="0.000"/>
  <system-out/>
  <testcase classname="seleniumpoperties.AlwaysRunExample" name="testcase1" time="0.000"/>
  <system-out/>
  <testcase classname="seleniumpoperties.AlwaysRunExample" name="testcase1" time="0.000"/>
  <system-out/>
  <testcase classname="seleniumpoperties.AlwaysRunExample" name="testcase1" time="0.000"/>
  <system-out/>
  <testcase classname="seleniumpoperties.AlwaysRunExample" name="testcase1" time="0.001"/>
  <system-out/>
  <testcase classname="seleniumpoperties.AlwaysRunExample" name="testcase1" time="0.000"/>
  <system-out/>
  <testcase classname="seleniumpoperties.AlwaysRunExample" name="testcase1" time="0.000"/>
  <system-out/>
  <testcase classname="seleniumpoperties.AlwaysRunExample" name="testcase1" time="0.000"/>
  <system-out/>
  <testcase classname="seleniumpoperties.AlwaysRunExample" name="testcase1" time="0.000"/>
  <system-out/>
  <testcase classname="seleniumpoperties.AlwaysRunExample" name="testcase1" time="0.000"/>
  <system-out/>
  <testcase classname="seleniumpoperties.AlwaysRunExample" name="testcase1" time="0.000"/>
  <system-out/>
  <testcase classname="seleniumpoperties.AlwaysRunExample" name="testcase1" time="0.001"/>
  <system-out/>
  <testcase classname="seleniumpoperties.AlwaysRunExample" name="testcase1" time="0.000"/>
  <system-out/>
  <testcase classname="seleniumpoperties.AlwaysRunExample" name="testcase1" time="0.000"/>
  <system-out/>
  <testcase classname="seleniumpoperties.AlwaysRunExample" name="testcase1" time="0.000"/>
  <system-out/>
  <testcase classname="seleniumpoperties.AlwaysRunExample" name="testcase1" time="0.000"/>
  <system-out/>
  <testcase classname="seleniumpoperties.AlwaysRunExample" name="testcase1" time="0.000"/>
  <system-out/>
  <testcase classname="seleniumpoperties.AlwaysRunExample" name="testcase1" time="0.000"/>
  <system-out/>
  <testcase classname="seleniumpoperties.AlwaysRunExample" name="testcase1" time="0.000"/>
  <system-out/>
  <testcase classname="seleniumpoperties.AlwaysRunExample" name="testcase1" time="0.000"/>
  <system-out/>
  <testcase classname="seleniumpoperties.AlwaysRunExample" name="testcase1" time="0.000"/>
  <system-out/>
  <testcase classname="seleniumpoperties.AlwaysRunExample" name="testcase1" time="0.000"/>
  <system-out/>
  <testcase classname="seleniumpoperties.AlwaysRunExample" name="testcase1" time="0.000"/>
  <system-out/>
  <testcase classname="seleniumpoperties.AlwaysRunExample" name="testcase1" time="0.000"/>
  <system-out/>
  <testcase classname="seleniumpoperties.AlwaysRunExample" name="testcase1" time="0.000"/>
  <system-out/>
  <testcase classname="seleniumpoperties.AlwaysRunExample" name="testcase1" time="0.000"/>
  <system-out/>
  <testcase classname="seleniumpoperties.AlwaysRunExample" name="testcase1" time="0.000"/>
  <system-out/>
  <testcase classname="seleniumpoperties.AlwaysRunExample" name="testcase1" time="0.001"/>
  <system-out/>
  <testcase classname="seleniumpoperties.AlwaysRunExample" name="testcase1" time="0.001"/>
  <system-out/>
  <testcase classname="seleniumpoperties.AlwaysRunExample" name="testcase1" time="0.000"/>
  <system-out/>
  <testcase classname="seleniumpoperties.AlwaysRunExample" name="testcase1" time="0.000"/>
  <system-out/>
  <testcase classname="seleniumpoperties.AlwaysRunExample" name="testcase1" time="0.000"/>
  <system-out/>
  <testcase classname="seleniumpoperties.AlwaysRunExample" name="testcase1" time="0.001"/>
  <system-out/>
  <testcase classname="seleniumpoperties.AlwaysRunExample" name="testcase1" time="0.000"/>
  <system-out/>
  <testcase classname="seleniumpoperties.AlwaysRunExample" name="testcase1" time="0.000"/>
  <system-out/>
  <testcase classname="seleniumpoperties.AlwaysRunExample" name="testcase1" time="0.000"/>
  <system-out/>
  <testcase classname="seleniumpoperties.AlwaysRunExample" name="testcase1" time="0.000"/>
  <system-out/>
  <testcase classname="seleniumpoperties.AlwaysRunExample" name="testcase1" time="0.000"/>
  <system-out/>
  <testcase classname="seleniumpoperties.AlwaysRunExample" name="testcase1" time="0.001"/>
  <system-out/>
  <testcase classname="seleniumpoperties.AlwaysRunExample" name="testcase1" time="0.000"/>
  <system-out/>
  <testcase classname="seleniumpoperties.AlwaysRunExample" name="testcase1" time="0.001"/>
  <system-out/>
  <testcase classname="seleniumpoperties.AlwaysRunExample" name="testcase1" time="0.000"/>
  <system-out/>
  <testcase classname="seleniumpoperties.AlwaysRunExample" name="testcase1" time="0.000"/>
  <system-out/>
  <testcase classname="seleniumpoperties.AlwaysRunExample" name="testcase1" time="0.000"/>
  <system-out/>
  <testcase classname="seleniumpoperties.AlwaysRunExample" name="testcase1" time="0.000"/>
  <system-out/>
  <testcase classname="seleniumpoperties.AlwaysRunExample" name="testcase1" time="0.001"/>
  <system-out/>
  <testcase classname="seleniumpoperties.AlwaysRunExample" name="testcase1" time="0.000"/>
  <system-out/>
  <testcase classname="seleniumpoperties.AlwaysRunExample" name="testcase1" time="0.000"/>
  <system-out/>
  <testcase classname="seleniumpoperties.AlwaysRunExample" name="testcase1" time="0.001"/>
  <system-out/>
  <testcase classname="seleniumpoperties.AlwaysRunExample" name="testcase1" time="0.000"/>
  <system-out/>
  <testcase classname="seleniumpoperties.AlwaysRunExample" name="testcase1" time="0.000"/>
  <system-out/>
  <testcase classname="seleniumpoperties.AlwaysRunExample" name="testcase1" time="0.004"/>
  <system-out/>
  <testcase classname="seleniumpoperties.AlwaysRunExample" name="testcase1" time="0.000"/>
  <system-out/>
  <testcase classname="seleniumpoperties.AlwaysRunExample" name="testcase1" time="0.000"/>
  <system-out/>
  <testcase classname="seleniumpoperties.AlwaysRunExample" name="testcase1" time="0.000"/>
  <system-out/>
  <testcase classname="seleniumpoperties.AlwaysRunExample" name="testcase1" time="0.000"/>
  <system-out/>
  <testcase classname="seleniumpoperties.AlwaysRunExample" name="testcase1" time="0.000"/>
  <system-out/>
  <testcase classname="seleniumpoperties.AlwaysRunExample" name="testcase1" time="0.000"/>
  <system-out/>
  <testcase classname="seleniumpoperties.AlwaysRunExample" name="testcase1" time="0.000"/>
  <system-out/>
  <testcase classname="seleniumpoperties.AlwaysRunExample" name="testcase1" time="0.001"/>
  <system-out/>
  <testcase classname="seleniumpoperties.AlwaysRunExample" name="testcase1" time="0.000"/>
  <system-out/>
  <testcase classname="seleniumpoperties.AlwaysRunExample" name="testcase1" time="0.000"/>
  <system-out/>
  <testcase classname="seleniumpoperties.AlwaysRunExample" name="testcase1" time="0.000"/>
  <system-out/>
  <testcase classname="seleniumpoperties.AlwaysRunExample" name="testcase1" time="0.000"/>
  <system-out/>
  <testcase classname="seleniumpoperties.AlwaysRunExample" name="testcase1" time="0.000"/>
  <system-out/>
  <testcase classname="seleniumpoperties.AlwaysRunExample" name="testcase1" time="0.001"/>
  <system-out/>
  <testcase classname="seleniumpoperties.AlwaysRunExample" name="testcase1" time="0.000"/>
  <system-out/>
  <testcase classname="seleniumpoperties.AlwaysRunExample" name="testcase1" time="0.000"/>
  <system-out/>
  <testcase classname="seleniumpoperties.AlwaysRunExample" name="testcase1" time="0.000"/>
  <system-out/>
  <testcase classname="seleniumpoperties.AlwaysRunExample" name="testcase1" time="0.000"/>
  <system-out/>
  <testcase classname="seleniumpoperties.AlwaysRunExample" name="testcase1" time="0.000"/>
  <system-out/>
  <testcase classname="seleniumpoperties.AlwaysRunExample" name="testcase1" time="0.000"/>
  <system-out/>
  <testcase classname="seleniumpoperties.AlwaysRunExample" name="testcase1" time="0.000"/>
  <system-out/>
  <testcase classname="seleniumpoperties.AlwaysRunExample" name="testcase1" time="0.001"/>
  <system-out/>
  <testcase classname="seleniumpoperties.AlwaysRunExample" name="testcase1" time="0.000"/>
  <system-out/>
  <testcase classname="seleniumpoperties.AlwaysRunExample" name="testcase1" time="0.000"/>
  <system-out/>
  <testcase classname="seleniumpoperties.AlwaysRunExample" name="testcase1" time="0.000"/>
  <system-out/>
  <testcase classname="seleniumpoperties.AlwaysRunExample" name="testcase1" time="0.000"/>
  <system-out/>
  <testcase classname="seleniumpoperties.AlwaysRunExample" name="testcase1" time="0.000"/>
  <system-out/>
  <testcase classname="seleniumpoperties.AlwaysRunExample" name="testcase1" time="0.000"/>
  <system-out/>
  <testcase classname="seleniumpoperties.AlwaysRunExample" name="testcase1" time="0.000"/>
  <system-out/>
  <testcase classname="seleniumpoperties.AlwaysRunExample" name="testcase1" time="0.001"/>
  <system-out/>
  <testcase classname="seleniumpoperties.AlwaysRunExample" name="testcase1" time="0.000"/>
  <system-out/>
  <testcase classname="seleniumpoperties.AlwaysRunExample" name="testcase1" time="0.000"/>
  <system-out/>
  <testcase classname="seleniumpoperties.AlwaysRunExample" name="testcase1" time="0.000"/>
  <system-out/>
  <testcase classname="seleniumpoperties.AlwaysRunExample" name="testcase1" time="0.000"/>
  <system-out/>
  <testcase classname="seleniumpoperties.AlwaysRunExample" name="testcase1" time="0.001"/>
  <system-out/>
  <testcase classname="seleniumpoperties.AlwaysRunExample" name="testcase1" time="0.000"/>
  <system-out/>
  <testcase classname="seleniumpoperties.AlwaysRunExample" name="testcase1" time="0.000"/>
  <system-out/>
  <testcase classname="seleniumpoperties.AlwaysRunExample" name="testcase1" time="0.000"/>
  <system-out/>
  <testcase classname="seleniumpoperties.AlwaysRunExample" name="testcase1" time="0.001"/>
  <system-out/>
  <testcase classname="seleniumpoperties.AlwaysRunExample" name="testcase1" time="0.000"/>
  <system-out/>
  <testcase classname="seleniumpoperties.AlwaysRunExample" name="testcase1" time="0.000"/>
  <system-out/>
  <testcase classname="seleniumpoperties.AlwaysRunExample" name="testcase1" time="0.001"/>
  <system-out/>
  <testcase classname="seleniumpoperties.AlwaysRunExample" name="testcase1" time="0.000"/>
  <system-out/>
  <testcase classname="seleniumpoperties.AlwaysRunExample" name="testcase1" time="0.000"/>
  <system-out/>
  <testcase classname="seleniumpoperties.AlwaysRunExample" name="testcase1" time="0.000"/>
  <system-out/>
  <testcase classname="seleniumpoperties.AlwaysRunExample" name="testcase1" time="0.000"/>
  <system-out/>
  <testcase classname="seleniumpoperties.AlwaysRunExample" name="testcase1" time="0.000"/>
  <system-out/>
  <testcase classname="seleniumpoperties.AlwaysRunExample" name="testcase1" time="0.001"/>
  <system-out/>
  <testcase classname="seleniumpoperties.AlwaysRunExample" name="testcase1" time="0.000"/>
  <system-out/>
  <testcase classname="seleniumpoperties.AlwaysRunExample" name="testcase1" time="0.000"/>
  <system-out/>
  <testcase classname="seleniumpoperties.AlwaysRunExample" name="testcase1" time="0.001"/>
  <system-out/>
  <testcase classname="seleniumpoperties.AlwaysRunExample" name="testcase1" time="0.000"/>
  <system-out/>
  <testcase classname="seleniumpoperties.AlwaysRunExample" name="testcase1" time="0.001"/>
  <system-out/>
  <testcase classname="seleniumpoperties.AlwaysRunExample" name="testcase1" time="0.000"/>
  <system-out/>
  <testcase classname="seleniumpoperties.AlwaysRunExample" name="testcase1" time="0.001"/>
  <system-out/>
  <testcase classname="seleniumpoperties.AlwaysRunExample" name="testcase1" time="0.000"/>
  <system-out/>
  <testcase classname="seleniumpoperties.AlwaysRunExample" name="testcase1" time="0.000"/>
  <system-out/>
  <testcase classname="seleniumpoperties.AlwaysRunExample" name="testcase1" time="0.000"/>
  <system-out/>
  <testcase classname="seleniumpoperties.AlwaysRunExample" name="testcase1" time="0.000"/>
  <system-out/>
  <testcase classname="seleniumpoperties.AlwaysRunExample" name="testcase1" time="0.000"/>
  <system-out/>
  <testcase classname="seleniumpoperties.AlwaysRunExample" name="testcase1" time="0.000"/>
  <system-out/>
  <testcase classname="seleniumpoperties.AlwaysRunExample" name="testcase1" time="0.000"/>
  <system-out/>
  <testcase classname="seleniumpoperties.AlwaysRunExample" name="testcase1" time="0.000"/>
  <system-out/>
  <testcase classname="seleniumpoperties.AlwaysRunExample" name="testcase1" time="0.001"/>
  <system-out/>
  <testcase classname="seleniumpoperties.AlwaysRunExample" name="testcase1" time="0.000"/>
  <system-out/>
  <testcase classname="seleniumpoperties.AlwaysRunExample" name="testcase1" time="0.000"/>
  <system-out/>
  <testcase classname="seleniumpoperties.AlwaysRunExample" name="testcase1" time="0.000"/>
  <system-out/>
  <testcase classname="seleniumpoperties.AlwaysRunExample" name="testcase1" time="0.000"/>
  <system-out/>
  <testcase classname="seleniumpoperties.AlwaysRunExample" name="testcase1" time="0.000"/>
  <system-out/>
  <testcase classname="seleniumpoperties.AlwaysRunExample" name="testcase1" time="0.001"/>
  <system-out/>
  <testcase classname="seleniumpoperties.AlwaysRunExample" name="testcase1" time="0.000"/>
  <system-out/>
  <testcase classname="seleniumpoperties.AlwaysRunExample" name="testcase1" time="0.000"/>
  <system-out/>
  <testcase classname="seleniumpoperties.AlwaysRunExample" name="testcase1" time="0.000"/>
  <system-out/>
  <testcase classname="seleniumpoperties.AlwaysRunExample" name="testcase1" time="0.000"/>
  <system-out/>
  <testcase classname="seleniumpoperties.AlwaysRunExample" name="testcase1" time="0.000"/>
  <system-out/>
  <testcase classname="seleniumpoperties.AlwaysRunExample" name="testcase1" time="0.000"/>
  <system-out/>
  <testcase classname="seleniumpoperties.AlwaysRunExample" name="testcase1" time="0.000"/>
  <system-out/>
  <testcase classname="seleniumpoperties.AlwaysRunExample" name="testcase1" time="0.000"/>
  <system-out/>
  <testcase classname="seleniumpoperties.AlwaysRunExample" name="testcase1" time="0.000"/>
  <system-out/>
  <testcase classname="seleniumpoperties.AlwaysRunExample" name="testcase1" time="0.000"/>
  <system-out/>
  <testcase classname="seleniumpoperties.AlwaysRunExample" name="testcase1" time="0.000"/>
  <system-out/>
  <testcase classname="seleniumpoperties.AlwaysRunExample" name="testcase1" time="0.000"/>
  <system-out/>
  <testcase classname="seleniumpoperties.AlwaysRunExample" name="testcase1" time="0.000"/>
  <system-out/>
  <testcase classname="seleniumpoperties.AlwaysRunExample" name="testcase1" time="0.000"/>
  <system-out/>
  <testcase classname="seleniumpoperties.AlwaysRunExample" name="testcase1" time="0.001"/>
  <system-out/>
  <testcase classname="seleniumpoperties.AlwaysRunExample" name="testcase1" time="0.000"/>
  <system-out/>
  <testcase classname="seleniumpoperties.AlwaysRunExample" name="testcase1" time="0.002"/>
  <system-out/>
  <testcase classname="seleniumpoperties.AlwaysRunExample" name="testcase1" time="0.001"/>
  <system-out/>
  <testcase classname="seleniumpoperties.AlwaysRunExample" name="testcase1" time="0.001"/>
  <system-out/>
  <testcase classname="seleniumpoperties.AlwaysRunExample" name="testcase1" time="0.000"/>
  <system-out/>
  <testcase classname="seleniumpoperties.AlwaysRunExample" name="testcase1" time="0.000"/>
  <system-out/>
  <testcase classname="seleniumpoperties.AlwaysRunExample" name="testcase1" time="0.000"/>
  <system-out/>
  <testcase classname="seleniumpoperties.AlwaysRunExample" name="testcase1" time="0.000"/>
  <system-out/>
  <testcase classname="seleniumpoperties.AlwaysRunExample" name="testcase1" time="0.001"/>
  <system-out/>
  <testcase classname="seleniumpoperties.AlwaysRunExample" name="testcase1" time="0.000"/>
  <system-out/>
  <testcase classname="seleniumpoperties.AlwaysRunExample" name="testcase1" time="0.000"/>
  <system-out/>
  <testcase classname="seleniumpoperties.AlwaysRunExample" name="testcase1" time="0.001"/>
  <system-out/>
  <testcase classname="seleniumpoperties.AlwaysRunExample" name="testcase1" time="0.000"/>
  <system-out/>
  <testcase classname="seleniumpoperties.AlwaysRunExample" name="testcase1" time="0.000"/>
  <system-out/>
  <testcase classname="seleniumpoperties.AlwaysRunExample" name="testcase1" time="0.000"/>
  <system-out/>
  <testcase classname="seleniumpoperties.AlwaysRunExample" name="testcase1" time="0.000"/>
  <system-out/>
  <testcase classname="seleniumpoperties.AlwaysRunExample" name="testcase1" time="0.000"/>
  <system-out/>
  <testcase classname="seleniumpoperties.AlwaysRunExample" name="testcase1" time="0.000"/>
  <system-out/>
  <testcase classname="seleniumpoperties.AlwaysRunExample" name="testcase1" time="0.001"/>
  <system-out/>
  <testcase classname="seleniumpoperties.AlwaysRunExample" name="testcase1" time="0.000"/>
  <system-out/>
  <testcase classname="seleniumpoperties.AlwaysRunExample" name="testcase1" time="0.000"/>
  <system-out/>
  <testcase classname="seleniumpoperties.AlwaysRunExample" name="testcase1" time="0.000"/>
  <system-out/>
  <testcase classname="seleniumpoperties.AlwaysRunExample" name="testcase1" time="0.000"/>
  <system-out/>
  <testcase classname="seleniumpoperties.AlwaysRunExample" name="testcase1" time="0.000"/>
  <system-out/>
  <testcase classname="seleniumpoperties.AlwaysRunExample" name="testcase1" time="0.000"/>
  <system-out/>
  <testcase classname="seleniumpoperties.AlwaysRunExample" name="testcase1" time="0.000"/>
  <system-out/>
  <testcase classname="seleniumpoperties.AlwaysRunExample" name="testcase1" time="0.000"/>
  <system-out/>
  <testcase classname="seleniumpoperties.AlwaysRunExample" name="testcase1" time="0.001"/>
  <system-out/>
  <testcase classname="seleniumpoperties.AlwaysRunExample" name="testcase1" time="0.000"/>
  <system-out/>
  <testcase classname="seleniumpoperties.AlwaysRunExample" name="testcase1" time="0.001"/>
  <system-out/>
  <testcase classname="seleniumpoperties.AlwaysRunExample" name="testcase1" time="0.000"/>
  <system-out/>
  <testcase classname="seleniumpoperties.AlwaysRunExample" name="testcase1" time="0.000"/>
  <system-out/>
  <testcase classname="seleniumpoperties.AlwaysRunExample" name="testcase1" time="0.000"/>
  <system-out/>
  <testcase classname="seleniumpoperties.AlwaysRunExample" name="testcase1" time="0.000"/>
  <system-out/>
  <testcase classname="seleniumpoperties.AlwaysRunExample" name="testcase1" time="0.000"/>
  <system-out/>
  <testcase classname="seleniumpoperties.AlwaysRunExample" name="testcase1" time="0.001"/>
  <system-out/>
  <testcase classname="seleniumpoperties.AlwaysRunExample" name="testcase1" time="0.000"/>
  <system-out/>
  <testcase classname="seleniumpoperties.AlwaysRunExample" name="testcase1" time="0.000"/>
  <system-out/>
  <testcase classname="seleniumpoperties.AlwaysRunExample" name="testcase1" time="0.000"/>
  <system-out/>
  <testcase classname="seleniumpoperties.AlwaysRunExample" name="testcase1" time="0.000"/>
  <system-out/>
  <testcase classname="seleniumpoperties.AlwaysRunExample" name="testcase1" time="0.000"/>
  <system-out/>
  <testcase classname="seleniumpoperties.AlwaysRunExample" name="testcase1" time="0.000"/>
  <system-out/>
  <testcase classname="seleniumpoperties.AlwaysRunExample" name="testcase1" time="0.001"/>
  <system-out/>
  <testcase classname="seleniumpoperties.AlwaysRunExample" name="testcase1" time="0.001"/>
  <system-out/>
  <testcase classname="seleniumpoperties.AlwaysRunExample" name="testcase1" time="0.001"/>
  <system-out/>
  <testcase classname="seleniumpoperties.AlwaysRunExample" name="testcase1" time="0.000"/>
  <system-out/>
  <testcase classname="seleniumpoperties.AlwaysRunExample" name="testcase1" time="0.000"/>
  <system-out/>
  <testcase classname="seleniumpoperties.AlwaysRunExample" name="testcase1" time="0.001"/>
  <system-out/>
  <testcase classname="seleniumpoperties.AlwaysRunExample" name="testcase1" time="0.000"/>
  <system-out/>
  <testcase classname="seleniumpoperties.AlwaysRunExample" name="testcase1" time="0.000"/>
  <system-out/>
  <testcase classname="seleniumpoperties.AlwaysRunExample" name="testcase1" time="0.000"/>
  <system-out/>
  <testcase classname="seleniumpoperties.AlwaysRunExample" name="testcase1" time="0.000"/>
  <system-out/>
  <testcase classname="seleniumpoperties.AlwaysRunExample" name="testcase1" time="0.000"/>
  <system-out/>
  <testcase classname="seleniumpoperties.AlwaysRunExample" name="testcase1" time="0.000"/>
  <system-out/>
  <testcase classname="seleniumpoperties.AlwaysRunExample" name="testcase1" time="0.000"/>
  <system-out/>
  <testcase classname="seleniumpoperties.AlwaysRunExample" name="testcase1" time="0.000"/>
  <system-out/>
  <testcase classname="seleniumpoperties.AlwaysRunExample" name="testcase1" time="0.001"/>
  <system-out/>
  <testcase classname="seleniumpoperties.AlwaysRunExample" name="testcase1" time="0.000"/>
  <system-out/>
  <testcase classname="seleniumpoperties.AlwaysRunExample" name="testcase1" time="0.001"/>
  <system-out/>
  <testcase classname="seleniumpoperties.AlwaysRunExample" name="testcase1" time="0.001"/>
  <system-out/>
  <testcase classname="seleniumpoperties.AlwaysRunExample" name="testcase1" time="0.000"/>
  <system-out/>
  <testcase classname="seleniumpoperties.AlwaysRunExample" name="testcase1" time="0.000"/>
  <system-out/>
  <testcase classname="seleniumpoperties.AlwaysRunExample" name="testcase1" time="0.000"/>
  <system-out/>
  <testcase classname="seleniumpoperties.AlwaysRunExample" name="testcase1" time="0.000"/>
  <system-out/>
  <testcase classname="seleniumpoperties.AlwaysRunExample" name="testcase1" time="0.000"/>
  <system-out/>
  <testcase classname="seleniumpoperties.AlwaysRunExample" name="testcase1" time="0.000"/>
  <system-out/>
  <testcase classname="seleniumpoperties.AlwaysRunExample" name="testcase1" time="0.000"/>
  <system-out/>
  <testcase classname="seleniumpoperties.AlwaysRunExample" name="testcase1" time="0.000"/>
  <system-out/>
  <testcase classname="seleniumpoperties.AlwaysRunExample" name="testcase1" time="0.001"/>
  <system-out/>
  <testcase classname="seleniumpoperties.AlwaysRunExample" name="testcase1" time="0.001"/>
  <system-out/>
  <testcase classname="seleniumpoperties.AlwaysRunExample" name="testcase1" time="0.001"/>
  <system-out/>
  <testcase classname="seleniumpoperties.AlwaysRunExample" name="testcase1" time="0.000"/>
  <system-out/>
  <testcase classname="seleniumpoperties.AlwaysRunExample" name="testcase1" time="0.001"/>
  <system-out/>
  <testcase classname="seleniumpoperties.AlwaysRunExample" name="testcase1" time="0.001"/>
  <system-out/>
  <testcase classname="seleniumpoperties.AlwaysRunExample" name="testcase1" time="0.000"/>
  <system-out/>
  <testcase classname="seleniumpoperties.AlwaysRunExample" name="testcase1" time="0.000"/>
  <system-out/>
  <testcase classname="seleniumpoperties.AlwaysRunExample" name="testcase1" time="0.001"/>
  <system-out/>
  <testcase classname="seleniumpoperties.AlwaysRunExample" name="testcase1" time="0.000"/>
  <system-out/>
  <testcase classname="seleniumpoperties.AlwaysRunExample" name="testcase1" time="0.000"/>
  <system-out/>
  <testcase classname="seleniumpoperties.AlwaysRunExample" name="testcase1" time="0.000"/>
  <system-out/>
  <testcase classname="seleniumpoperties.AlwaysRunExample" name="testcase1" time="0.000"/>
  <system-out/>
  <testcase classname="seleniumpoperties.AlwaysRunExample" name="testcase1" time="0.000"/>
  <system-out/>
  <testcase classname="seleniumpoperties.AlwaysRunExample" name="testcase1" time="0.001"/>
  <system-out/>
  <testcase classname="seleniumpoperties.AlwaysRunExample" name="testcase1" time="0.000"/>
  <system-out/>
  <testcase classname="seleniumpoperties.AlwaysRunExample" name="testcase1" time="0.000"/>
  <system-out/>
  <testcase classname="seleniumpoperties.AlwaysRunExample" name="testcase1" time="0.001"/>
  <system-out/>
  <testcase classname="seleniumpoperties.AlwaysRunExample" name="testcase1" time="0.000"/>
  <system-out/>
  <testcase classname="seleniumpoperties.AlwaysRunExample" name="testcase1" time="0.000"/>
  <system-out/>
  <testcase classname="seleniumpoperties.AlwaysRunExample" name="testcase1" time="0.000"/>
  <system-out/>
  <testcase classname="seleniumpoperties.AlwaysRunExample" name="testcase1" time="0.000"/>
  <system-out/>
  <testcase classname="seleniumpoperties.AlwaysRunExample" name="testcase1" time="0.000"/>
  <system-out/>
  <testcase classname="seleniumpoperties.AlwaysRunExample" name="testcase1" time="0.000"/>
  <system-out/>
  <testcase classname="seleniumpoperties.AlwaysRunExample" name="testcase1" time="0.000"/>
  <system-out/>
  <testcase classname="seleniumpoperties.AlwaysRunExample" name="testcase1" time="0.000"/>
  <system-out/>
  <testcase classname="seleniumpoperties.AlwaysRunExample" name="testcase1" time="0.000"/>
  <system-out/>
  <testcase classname="seleniumpoperties.AlwaysRunExample" name="testcase1" time="0.000"/>
  <system-out/>
  <testcase classname="seleniumpoperties.AlwaysRunExample" name="testcase1" time="0.000"/>
  <system-out/>
  <testcase classname="seleniumpoperties.AlwaysRunExample" name="testcase1" time="0.003"/>
  <system-out/>
  <testcase classname="seleniumpoperties.AlwaysRunExample" name="testcase1" time="0.000"/>
  <system-out/>
  <testcase classname="seleniumpoperties.AlwaysRunExample" name="testcase1" time="0.000"/>
  <system-out/>
  <testcase classname="seleniumpoperties.AlwaysRunExample" name="testcase1" time="0.005"/>
  <system-out/>
  <testcase classname="seleniumpoperties.AlwaysRunExample" name="testcase1" time="0.000"/>
  <system-out/>
  <testcase classname="seleniumpoperties.AlwaysRunExample" name="testcase1" time="0.000"/>
  <system-out/>
  <testcase classname="seleniumpoperties.AlwaysRunExample" name="testcase1" time="0.000"/>
  <system-out/>
  <testcase classname="seleniumpoperties.AlwaysRunExample" name="testcase1" time="0.001"/>
  <system-out/>
  <testcase classname="seleniumpoperties.AlwaysRunExample" name="testcase1" time="0.000"/>
  <system-out/>
  <testcase classname="seleniumpoperties.AlwaysRunExample" name="testcase1" time="0.001"/>
  <system-out/>
  <testcase classname="seleniumpoperties.AlwaysRunExample" name="testcase1" time="0.000"/>
  <system-out/>
  <testcase classname="seleniumpoperties.AlwaysRunExample" name="testcase1" time="0.000"/>
  <system-out/>
  <testcase classname="seleniumpoperties.AlwaysRunExample" name="testcase1" time="0.000"/>
  <system-out/>
  <testcase classname="seleniumpoperties.AlwaysRunExample" name="testcase1" time="0.000"/>
  <system-out/>
  <testcase classname="seleniumpoperties.AlwaysRunExample" name="testcase1" time="0.000"/>
  <system-out/>
  <testcase classname="seleniumpoperties.AlwaysRunExample" name="testcase1" time="0.000"/>
  <system-out/>
  <testcase classname="seleniumpoperties.AlwaysRunExample" name="testcase1" time="0.000"/>
  <system-out/>
  <testcase classname="seleniumpoperties.AlwaysRunExample" name="testcase1" time="0.000"/>
  <system-out/>
  <testcase classname="seleniumpoperties.AlwaysRunExample" name="testcase1" time="0.000"/>
  <system-out/>
  <testcase classname="seleniumpoperties.AlwaysRunExample" name="testcase1" time="0.001"/>
  <system-out/>
  <testcase classname="seleniumpoperties.AlwaysRunExample" name="testcase1" time="0.001"/>
  <system-out/>
  <testcase classname="seleniumpoperties.AlwaysRunExample" name="testcase1" time="0.001"/>
  <system-out/>
  <testcase classname="seleniumpoperties.AlwaysRunExample" name="testcase1" time="0.000"/>
  <system-out/>
  <testcase classname="seleniumpoperties.AlwaysRunExample" name="testcase1" time="0.000"/>
  <system-out/>
  <testcase classname="seleniumpoperties.AlwaysRunExample" name="testcase1" time="0.000"/>
  <system-out/>
  <testcase classname="seleniumpoperties.AlwaysRunExample" name="testcase1" time="0.000"/>
  <system-out/>
  <testcase classname="seleniumpoperties.AlwaysRunExample" name="testcase1" time="0.000"/>
  <system-out/>
  <testcase classname="seleniumpoperties.AlwaysRunExample" name="testcase1" time="0.000"/>
  <system-out/>
  <testcase classname="seleniumpoperties.AlwaysRunExample" name="testcase1" time="0.000"/>
  <system-out/>
  <testcase classname="seleniumpoperties.AlwaysRunExample" name="testcase1" time="0.001"/>
  <system-out/>
  <testcase classname="seleniumpoperties.AlwaysRunExample" name="testcase1" time="0.000"/>
  <system-out/>
  <testcase classname="seleniumpoperties.AlwaysRunExample" name="testcase1" time="0.000"/>
  <system-out/>
  <testcase classname="seleniumpoperties.AlwaysRunExample" name="testcase1" time="0.001"/>
  <system-out/>
  <testcase classname="seleniumpoperties.AlwaysRunExample" name="testcase1" time="0.000"/>
  <system-out/>
  <testcase classname="seleniumpoperties.AlwaysRunExample" name="testcase1" time="0.001"/>
  <system-out/>
  <testcase classname="seleniumpoperties.AlwaysRunExample" name="testcase1" time="0.000"/>
  <system-out/>
  <testcase classname="seleniumpoperties.AlwaysRunExample" name="testcase1" time="0.000"/>
  <system-out/>
  <testcase classname="seleniumpoperties.AlwaysRunExample" name="testcase1" time="0.001"/>
  <system-out/>
  <testcase classname="seleniumpoperties.AlwaysRunExample" name="testcase1" time="0.000"/>
  <system-out/>
  <testcase classname="seleniumpoperties.AlwaysRunExample" name="testcase1" time="0.000"/>
  <system-out/>
  <testcase classname="seleniumpoperties.AlwaysRunExample" name="testcase1" time="0.000"/>
  <system-out/>
  <testcase classname="seleniumpoperties.AlwaysRunExample" name="testcase1" time="0.000"/>
  <system-out/>
  <testcase classname="seleniumpoperties.AlwaysRunExample" name="testcase1" time="0.000"/>
  <system-out/>
  <testcase classname="seleniumpoperties.AlwaysRunExample" name="testcase1" time="0.000"/>
  <system-out/>
  <testcase classname="seleniumpoperties.AlwaysRunExample" name="testcase1" time="0.000"/>
  <system-out/>
  <testcase classname="seleniumpoperties.AlwaysRunExample" name="testcase1" time="0.000"/>
  <system-out/>
  <testcase classname="seleniumpoperties.AlwaysRunExample" name="testcase1" time="0.000"/>
  <system-out/>
  <testcase classname="seleniumpoperties.AlwaysRunExample" name="testcase1" time="0.001"/>
  <system-out/>
  <testcase classname="seleniumpoperties.AlwaysRunExample" name="testcase1" time="0.001"/>
  <system-out/>
  <testcase classname="seleniumpoperties.AlwaysRunExample" name="testcase1" time="0.000"/>
  <system-out/>
  <testcase classname="seleniumpoperties.AlwaysRunExample" name="testcase1" time="0.000"/>
  <system-out/>
  <testcase classname="seleniumpoperties.AlwaysRunExample" name="testcase1" time="0.000"/>
  <system-out/>
  <testcase classname="seleniumpoperties.AlwaysRunExample" name="testcase1" time="0.000"/>
  <system-out/>
  <testcase classname="seleniumpoperties.AlwaysRunExample" name="testcase1" time="0.000"/>
  <system-out/>
  <testcase classname="seleniumpoperties.AlwaysRunExample" name="testcase1" time="0.000"/>
  <system-out/>
  <testcase classname="seleniumpoperties.AlwaysRunExample" name="testcase1" time="0.001"/>
  <system-out/>
  <testcase classname="seleniumpoperties.AlwaysRunExample" name="testcase1" time="0.000"/>
  <system-out/>
  <testcase classname="seleniumpoperties.AlwaysRunExample" name="testcase1" time="0.000"/>
  <system-out/>
  <testcase classname="seleniumpoperties.AlwaysRunExample" name="testcase1" time="0.000"/>
  <system-out/>
  <testcase classname="seleniumpoperties.AlwaysRunExample" name="testcase1" time="0.000"/>
  <system-out/>
  <testcase classname="seleniumpoperties.AlwaysRunExample" name="testcase1" time="0.001"/>
  <system-out/>
  <testcase classname="seleniumpoperties.AlwaysRunExample" name="testcase1" time="0.001"/>
  <system-out/>
  <testcase classname="seleniumpoperties.AlwaysRunExample" name="testcase1" time="0.000"/>
  <system-out/>
  <testcase classname="seleniumpoperties.AlwaysRunExample" name="testcase1" time="0.000"/>
  <system-out/>
  <testcase classname="seleniumpoperties.AlwaysRunExample" name="testcase1" time="0.000"/>
  <system-out/>
  <testcase classname="seleniumpoperties.AlwaysRunExample" name="testcase1" time="0.000"/>
  <system-out/>
  <testcase classname="seleniumpoperties.AlwaysRunExample" name="testcase1" time="0.000"/>
  <system-out/>
  <testcase classname="seleniumpoperties.AlwaysRunExample" name="testcase1" time="0.000"/>
  <system-out/>
  <testcase classname="seleniumpoperties.AlwaysRunExample" name="testcase1" time="0.000"/>
  <system-out/>
  <testcase classname="seleniumpoperties.AlwaysRunExample" name="testcase1" time="0.000"/>
  <system-out/>
  <testcase classname="seleniumpoperties.AlwaysRunExample" name="testcase1" time="0.000"/>
  <system-out/>
  <testcase classname="seleniumpoperties.AlwaysRunExample" name="testcase1" time="0.000"/>
  <system-out/>
  <testcase classname="seleniumpoperties.AlwaysRunExample" name="testcase1" time="0.000"/>
  <system-out/>
  <testcase classname="seleniumpoperties.AlwaysRunExample" name="testcase1" time="0.000"/>
  <system-out/>
  <testcase classname="seleniumpoperties.AlwaysRunExample" name="testcase1" time="0.000"/>
  <system-out/>
  <testcase classname="seleniumpoperties.AlwaysRunExample" name="testcase1" time="0.000"/>
  <system-out/>
  <testcase classname="seleniumpoperties.AlwaysRunExample" name="testcase1" time="0.000"/>
  <system-out/>
  <testcase classname="seleniumpoperties.AlwaysRunExample" name="testcase1" time="0.000"/>
  <system-out/>
  <testcase classname="seleniumpoperties.AlwaysRunExample" name="testcase1" time="0.000"/>
  <system-out/>
  <testcase classname="seleniumpoperties.AlwaysRunExample" name="testcase1" time="0.000"/>
  <system-out/>
  <testcase classname="seleniumpoperties.AlwaysRunExample" name="testcase1" time="0.000"/>
  <system-out/>
  <testcase classname="seleniumpoperties.AlwaysRunExample" name="testcase1" time="0.000"/>
  <system-out/>
  <testcase classname="seleniumpoperties.AlwaysRunExample" name="testcase1" time="0.000"/>
  <system-out/>
  <testcase classname="seleniumpoperties.AlwaysRunExample" name="testcase1" time="0.000"/>
  <system-out/>
  <testcase classname="seleniumpoperties.AlwaysRunExample" name="testcase1" time="0.000"/>
  <system-out/>
  <testcase classname="seleniumpoperties.AlwaysRunExample" name="testcase1" time="0.000"/>
  <system-out/>
  <testcase classname="seleniumpoperties.AlwaysRunExample" name="testcase1" time="0.000"/>
  <system-out/>
  <testcase classname="seleniumpoperties.AlwaysRunExample" name="testcase1" time="0.000"/>
  <system-out/>
  <testcase classname="seleniumpoperties.AlwaysRunExample" name="testcase1" time="0.000"/>
  <system-out/>
  <testcase classname="seleniumpoperties.AlwaysRunExample" name="testcase1" time="0.000"/>
  <system-out/>
  <testcase classname="seleniumpoperties.AlwaysRunExample" name="testcase1" time="0.000"/>
  <system-out/>
  <testcase classname="seleniumpoperties.AlwaysRunExample" name="testcase1" time="0.001"/>
  <system-out/>
  <testcase classname="seleniumpoperties.AlwaysRunExample" name="testcase1" time="0.000"/>
  <system-out/>
  <testcase classname="seleniumpoperties.AlwaysRunExample" name="testcase1" time="0.000"/>
  <system-out/>
  <testcase classname="seleniumpoperties.AlwaysRunExample" name="testcase1" time="0.000"/>
  <system-out/>
  <testcase classname="seleniumpoperties.AlwaysRunExample" name="testcase1" time="0.000"/>
  <system-out/>
  <testcase classname="seleniumpoperties.AlwaysRunExample" name="testcase1" time="0.001"/>
  <system-out/>
  <testcase classname="seleniumpoperties.AlwaysRunExample" name="testcase1" time="0.000"/>
  <system-out/>
  <testcase classname="seleniumpoperties.AlwaysRunExample" name="testcase1" time="0.000"/>
  <system-out/>
  <testcase classname="seleniumpoperties.AlwaysRunExample" name="testcase1" time="0.000"/>
  <system-out/>
  <testcase classname="seleniumpoperties.AlwaysRunExample" name="testcase1" time="0.000"/>
  <system-out/>
  <testcase classname="seleniumpoperties.AlwaysRunExample" name="testcase1" time="0.000"/>
  <system-out/>
  <testcase classname="seleniumpoperties.AlwaysRunExample" name="testcase1" time="0.000"/>
  <system-out/>
  <testcase classname="seleniumpoperties.AlwaysRunExample" name="testcase1" time="0.000"/>
  <system-out/>
  <testcase classname="seleniumpoperties.AlwaysRunExample" name="testcase1" time="0.000"/>
  <system-out/>
  <testcase classname="seleniumpoperties.AlwaysRunExample" name="testcase1" time="0.000"/>
  <system-out/>
  <testcase classname="seleniumpoperties.AlwaysRunExample" name="testcase1" time="0.000"/>
  <system-out/>
  <testcase classname="seleniumpoperties.AlwaysRunExample" name="testcase1" time="0.000"/>
  <system-out/>
  <testcase classname="seleniumpoperties.AlwaysRunExample" name="testcase1" time="0.000"/>
  <system-out/>
  <testcase classname="seleniumpoperties.AlwaysRunExample" name="testcase1" time="0.001"/>
  <system-out/>
  <testcase classname="seleniumpoperties.AlwaysRunExample" name="testcase1" time="0.000"/>
  <system-out/>
  <testcase classname="seleniumpoperties.AlwaysRunExample" name="testcase1" time="0.002"/>
  <system-out/>
  <testcase classname="seleniumpoperties.AlwaysRunExample" name="testcase1" time="0.000"/>
  <system-out/>
  <testcase classname="seleniumpoperties.AlwaysRunExample" name="testcase1" time="0.000"/>
  <system-out/>
  <testcase classname="seleniumpoperties.AlwaysRunExample" name="testcase1" time="0.000"/>
  <system-out/>
  <testcase classname="seleniumpoperties.AlwaysRunExample" name="testcase1" time="0.000"/>
  <system-out/>
  <testcase classname="seleniumpoperties.AlwaysRunExample" name="testcase1" time="0.000"/>
  <system-out/>
  <testcase classname="seleniumpoperties.AlwaysRunExample" name="testcase1" time="0.001"/>
  <system-out/>
  <testcase classname="seleniumpoperties.AlwaysRunExample" name="testcase1" time="0.001"/>
  <system-out/>
  <testcase classname="seleniumpoperties.AlwaysRunExample" name="testcase1" time="0.000"/>
  <system-out/>
  <testcase classname="seleniumpoperties.AlwaysRunExample" name="testcase1" time="0.000"/>
  <system-out/>
  <testcase classname="seleniumpoperties.AlwaysRunExample" name="testcase1" time="0.001"/>
  <system-out/>
  <testcase classname="seleniumpoperties.AlwaysRunExample" name="testcase1" time="0.000"/>
  <system-out/>
  <testcase classname="seleniumpoperties.AlwaysRunExample" name="testcase1" time="0.000"/>
  <system-out/>
  <testcase classname="seleniumpoperties.AlwaysRunExample" name="testcase1" time="0.000"/>
  <system-out/>
  <testcase classname="seleniumpoperties.AlwaysRunExample" name="testcase1" time="0.000"/>
  <system-out/>
  <testcase classname="seleniumpoperties.AlwaysRunExample" name="testcase1" time="0.000"/>
  <system-out/>
  <testcase classname="seleniumpoperties.AlwaysRunExample" name="testcase1" time="0.000"/>
  <system-out/>
  <testcase classname="seleniumpoperties.AlwaysRunExample" name="testcase1" time="0.000"/>
  <system-out/>
  <testcase classname="seleniumpoperties.AlwaysRunExample" name="testcase1" time="0.000"/>
  <system-out/>
  <testcase classname="seleniumpoperties.AlwaysRunExample" name="testcase1" time="0.000"/>
  <system-out/>
  <testcase classname="seleniumpoperties.AlwaysRunExample" name="testcase1" time="0.000"/>
  <system-out/>
  <testcase classname="seleniumpoperties.AlwaysRunExample" name="testcase1" time="0.000"/>
  <system-out/>
  <testcase classname="seleniumpoperties.AlwaysRunExample" name="testcase1" time="0.001"/>
  <system-out/>
  <testcase classname="seleniumpoperties.AlwaysRunExample" name="testcase1" time="0.000"/>
  <system-out/>
  <testcase classname="seleniumpoperties.AlwaysRunExample" name="testcase1" time="0.000"/>
  <system-out/>
  <testcase classname="seleniumpoperties.AlwaysRunExample" name="testcase1" time="0.000"/>
  <system-out/>
  <testcase classname="seleniumpoperties.AlwaysRunExample" name="testcase1" time="0.000"/>
  <system-out/>
  <testcase classname="seleniumpoperties.AlwaysRunExample" name="testcase1" time="0.000"/>
  <system-out/>
  <testcase classname="seleniumpoperties.AlwaysRunExample" name="testcase1" time="0.000"/>
  <system-out/>
  <testcase classname="seleniumpoperties.AlwaysRunExample" name="testcase1" time="0.000"/>
  <system-out/>
  <testcase classname="seleniumpoperties.AlwaysRunExample" name="testcase1" time="0.000"/>
  <system-out/>
  <testcase classname="seleniumpoperties.AlwaysRunExample" name="testcase1" time="0.000"/>
  <system-out/>
  <testcase classname="seleniumpoperties.AlwaysRunExample" name="testcase1" time="0.000"/>
  <system-out/>
  <testcase classname="seleniumpoperties.AlwaysRunExample" name="testcase1" time="0.000"/>
  <system-out/>
  <testcase classname="seleniumpoperties.AlwaysRunExample" name="testcase1" time="0.000"/>
  <system-out/>
  <testcase classname="seleniumpoperties.AlwaysRunExample" name="testcase1" time="0.000"/>
  <system-out/>
  <testcase classname="seleniumpoperties.AlwaysRunExample" name="testcase1" time="0.000"/>
  <system-out/>
  <testcase classname="seleniumpoperties.AlwaysRunExample" name="testcase1" time="0.000"/>
  <system-out/>
  <testcase classname="seleniumpoperties.AlwaysRunExample" name="testcase1" time="0.000"/>
  <system-out/>
  <testcase classname="seleniumpoperties.AlwaysRunExample" name="testcase1" time="0.001"/>
  <system-out/>
  <testcase classname="seleniumpoperties.AlwaysRunExample" name="testcase1" time="0.001"/>
  <system-out/>
  <testcase classname="seleniumpoperties.AlwaysRunExample" name="testcase1" time="0.000"/>
  <system-out/>
  <testcase classname="seleniumpoperties.AlwaysRunExample" name="testcase1" time="0.000"/>
  <system-out/>
  <testcase classname="seleniumpoperties.AlwaysRunExample" name="testcase1" time="0.000"/>
  <system-out/>
  <testcase classname="seleniumpoperties.AlwaysRunExample" name="testcase1" time="0.000"/>
  <system-out/>
  <testcase classname="seleniumpoperties.AlwaysRunExample" name="testcase1" time="0.000"/>
  <system-out/>
  <testcase classname="seleniumpoperties.AlwaysRunExample" name="testcase1" time="0.000"/>
  <system-out/>
  <testcase classname="seleniumpoperties.AlwaysRunExample" name="testcase1" time="0.000"/>
  <system-out/>
  <testcase classname="seleniumpoperties.AlwaysRunExample" name="testcase1" time="0.000"/>
  <system-out/>
  <testcase classname="seleniumpoperties.AlwaysRunExample" name="testcase1" time="0.000"/>
  <system-out/>
  <testcase classname="seleniumpoperties.AlwaysRunExample" name="testcase1" time="0.000"/>
  <system-out/>
  <testcase classname="seleniumpoperties.AlwaysRunExample" name="testcase1" time="0.000"/>
  <system-out/>
  <testcase classname="seleniumpoperties.AlwaysRunExample" name="testcase1" time="0.001"/>
  <system-out/>
  <testcase classname="seleniumpoperties.AlwaysRunExample" name="testcase1" time="0.000"/>
  <system-out/>
  <testcase classname="seleniumpoperties.AlwaysRunExample" name="testcase1" time="0.000"/>
  <system-out/>
  <testcase classname="seleniumpoperties.AlwaysRunExample" name="testcase1" time="0.000"/>
  <system-out/>
  <testcase classname="seleniumpoperties.AlwaysRunExample" name="testcase1" time="0.000"/>
  <system-out/>
  <testcase classname="seleniumpoperties.AlwaysRunExample" name="testcase1" time="0.000"/>
  <system-out/>
  <testcase classname="seleniumpoperties.AlwaysRunExample" name="testcase1" time="0.000"/>
  <system-out/>
  <testcase classname="seleniumpoperties.AlwaysRunExample" name="testcase1" time="0.000"/>
  <system-out/>
  <testcase classname="seleniumpoperties.AlwaysRunExample" name="testcase1" time="0.000"/>
  <system-out/>
  <testcase classname="seleniumpoperties.AlwaysRunExample" name="testcase1" time="0.000"/>
  <system-out/>
  <testcase classname="seleniumpoperties.AlwaysRunExample" name="testcase1" time="0.001"/>
  <system-out/>
  <testcase classname="seleniumpoperties.AlwaysRunExample" name="testcase1" time="0.000"/>
  <system-out/>
  <testcase classname="seleniumpoperties.AlwaysRunExample" name="testcase1" time="0.000"/>
  <system-out/>
  <testcase classname="seleniumpoperties.AlwaysRunExample" name="testcase1" time="0.000"/>
  <system-out/>
  <testcase classname="seleniumpoperties.AlwaysRunExample" name="testcase1" time="0.000"/>
  <system-out/>
  <testcase classname="seleniumpoperties.AlwaysRunExample" name="testcase1" time="0.000"/>
  <system-out/>
  <testcase classname="seleniumpoperties.AlwaysRunExample" name="testcase1" time="0.000"/>
  <system-out/>
  <testcase classname="seleniumpoperties.AlwaysRunExample" name="testcase1" time="0.000"/>
  <system-out/>
  <testcase classname="seleniumpoperties.AlwaysRunExample" name="testcase1" time="0.000"/>
  <system-out/>
  <testcase classname="seleniumpoperties.AlwaysRunExample" name="testcase1" time="0.000"/>
  <system-out/>
  <testcase classname="seleniumpoperties.AlwaysRunExample" name="testcase1" time="0.000"/>
  <system-out/>
  <testcase classname="seleniumpoperties.AlwaysRunExample" name="testcase1" time="0.000"/>
  <system-out/>
  <testcase classname="seleniumpoperties.AlwaysRunExample" name="testcase1" time="0.000"/>
  <system-out/>
  <testcase classname="seleniumpoperties.AlwaysRunExample" name="testcase1" time="0.000"/>
  <system-out/>
  <testcase classname="seleniumpoperties.AlwaysRunExample" name="testcase1" time="0.001"/>
  <system-out/>
  <testcase classname="seleniumpoperties.AlwaysRunExample" name="testcase1" time="0.000"/>
  <system-out/>
  <testcase classname="seleniumpoperties.AlwaysRunExample" name="testcase1" time="0.000"/>
  <system-out/>
  <testcase classname="seleniumpoperties.AlwaysRunExample" name="testcase1" time="0.000"/>
  <system-out/>
  <testcase classname="seleniumpoperties.AlwaysRunExample" name="testcase1" time="0.000"/>
  <system-out/>
  <testcase classname="seleniumpoperties.AlwaysRunExample" name="testcase1" time="0.000"/>
  <system-out/>
  <testcase classname="seleniumpoperties.AlwaysRunExample" name="testcase1" time="0.000"/>
  <system-out/>
  <testcase classname="seleniumpoperties.AlwaysRunExample" name="testcase1" time="0.001"/>
  <system-out/>
  <testcase classname="seleniumpoperties.AlwaysRunExample" name="testcase1" time="0.000"/>
  <system-out/>
  <testcase classname="seleniumpoperties.AlwaysRunExample" name="testcase1" time="0.000"/>
  <system-out/>
  <testcase classname="seleniumpoperties.AlwaysRunExample" name="testcase1" time="0.000"/>
  <system-out/>
  <testcase classname="seleniumpoperties.AlwaysRunExample" name="testcase1" time="0.000"/>
  <system-out/>
  <testcase classname="seleniumpoperties.AlwaysRunExample" name="testcase1" time="0.000"/>
  <system-out/>
  <testcase classname="seleniumpoperties.AlwaysRunExample" name="testcase1" time="0.000"/>
  <system-out/>
  <testcase classname="seleniumpoperties.AlwaysRunExample" name="testcase1" time="0.000"/>
  <system-out/>
  <testcase classname="seleniumpoperties.AlwaysRunExample" name="testcase1" time="0.000"/>
  <system-out/>
  <testcase classname="seleniumpoperties.AlwaysRunExample" name="testcase1" time="0.000"/>
  <system-out/>
  <testcase classname="seleniumpoperties.AlwaysRunExample" name="testcase1" time="0.000"/>
  <system-out/>
  <testcase classname="seleniumpoperties.AlwaysRunExample" name="testcase1" time="0.001"/>
  <system-out/>
  <testcase classname="seleniumpoperties.AlwaysRunExample" name="testcase1" time="0.001"/>
  <system-out/>
  <testcase classname="seleniumpoperties.AlwaysRunExample" name="testcase1" time="0.000"/>
  <system-out/>
  <testcase classname="seleniumpoperties.AlwaysRunExample" name="testcase1" time="0.001"/>
  <system-out/>
  <testcase classname="seleniumpoperties.AlwaysRunExample" name="testcase1" time="0.000"/>
  <system-out/>
  <testcase classname="seleniumpoperties.AlwaysRunExample" name="testcase1" time="0.000"/>
  <system-out/>
  <testcase classname="seleniumpoperties.AlwaysRunExample" name="testcase1" time="0.000"/>
  <system-out/>
  <testcase classname="seleniumpoperties.AlwaysRunExample" name="testcase1" time="0.000"/>
  <system-out/>
  <testcase classname="seleniumpoperties.AlwaysRunExample" name="testcase1" time="0.000"/>
  <system-out/>
  <testcase classname="seleniumpoperties.AlwaysRunExample" name="testcase1" time="0.002"/>
  <system-out/>
  <testcase classname="seleniumpoperties.AlwaysRunExample" name="testcase1" time="0.000"/>
  <system-out/>
  <testcase classname="seleniumpoperties.AlwaysRunExample" name="testcase1" time="0.000"/>
  <system-out/>
  <testcase classname="seleniumpoperties.AlwaysRunExample" name="testcase1" time="0.001"/>
  <system-out/>
  <testcase classname="seleniumpoperties.AlwaysRunExample" name="testcase1" time="0.001"/>
  <system-out/>
  <testcase classname="seleniumpoperties.AlwaysRunExample" name="testcase1" time="0.000"/>
  <system-out/>
  <testcase classname="seleniumpoperties.AlwaysRunExample" name="testcase1" time="0.000"/>
  <system-out/>
  <testcase classname="seleniumpoperties.AlwaysRunExample" name="testcase1" time="0.000"/>
  <system-out/>
  <testcase classname="seleniumpoperties.AlwaysRunExample" name="testcase1" time="0.000"/>
  <system-out/>
  <testcase classname="seleniumpoperties.AlwaysRunExample" name="testcase1" time="0.000"/>
  <system-out/>
  <testcase classname="seleniumpoperties.AlwaysRunExample" name="testcase1" time="0.001"/>
  <system-out/>
  <testcase classname="seleniumpoperties.AlwaysRunExample" name="testcase1" time="0.001"/>
  <system-out/>
  <testcase classname="seleniumpoperties.AlwaysRunExample" name="testcase1" time="0.000"/>
  <system-out/>
  <testcase classname="seleniumpoperties.AlwaysRunExample" name="testcase1" time="0.001"/>
  <system-out/>
  <testcase classname="seleniumpoperties.AlwaysRunExample" name="testcase1" time="0.000"/>
  <system-out/>
  <testcase classname="seleniumpoperties.AlwaysRunExample" name="testcase1" time="0.000"/>
  <system-out/>
  <testcase classname="seleniumpoperties.AlwaysRunExample" name="testcase1" time="0.000"/>
  <system-out/>
  <testcase classname="seleniumpoperties.AlwaysRunExample" name="testcase1" time="0.000"/>
  <system-out/>
  <testcase classname="seleniumpoperties.AlwaysRunExample" name="testcase1" time="0.000"/>
  <system-out/>
  <testcase classname="seleniumpoperties.AlwaysRunExample" name="testcase1" time="0.000"/>
  <system-out/>
  <testcase classname="seleniumpoperties.AlwaysRunExample" name="testcase1" time="0.000"/>
  <system-out/>
  <testcase classname="seleniumpoperties.AlwaysRunExample" name="testcase1" time="0.000"/>
  <system-out/>
  <testcase classname="seleniumpoperties.AlwaysRunExample" name="testcase1" time="0.001"/>
  <system-out/>
  <testcase classname="seleniumpoperties.AlwaysRunExample" name="testcase1" time="0.000"/>
  <system-out/>
  <testcase classname="seleniumpoperties.AlwaysRunExample" name="testcase1" time="0.000"/>
  <system-out/>
  <testcase classname="seleniumpoperties.AlwaysRunExample" name="testcase1" time="0.000"/>
  <system-out/>
  <testcase classname="seleniumpoperties.AlwaysRunExample" name="testcase1" time="0.000"/>
  <system-out/>
  <testcase classname="seleniumpoperties.AlwaysRunExample" name="testcase1" time="0.000"/>
  <system-out/>
  <testcase classname="seleniumpoperties.AlwaysRunExample" name="testcase1" time="0.000"/>
  <system-out/>
  <testcase classname="seleniumpoperties.AlwaysRunExample" name="testcase1" time="0.000"/>
  <system-out/>
  <testcase classname="seleniumpoperties.AlwaysRunExample" name="testcase1" time="0.000"/>
  <system-out/>
  <testcase classname="seleniumpoperties.AlwaysRunExample" name="testcase1" time="0.000"/>
  <system-out/>
  <testcase classname="seleniumpoperties.AlwaysRunExample" name="testcase1" time="0.001"/>
  <system-out/>
  <testcase classname="seleniumpoperties.AlwaysRunExample" name="testcase1" time="0.001"/>
  <system-out/>
  <testcase classname="seleniumpoperties.AlwaysRunExample" name="testcase1" time="0.000"/>
  <system-out/>
  <testcase classname="seleniumpoperties.AlwaysRunExample" name="testcase1" time="0.000"/>
  <system-out/>
  <testcase classname="seleniumpoperties.AlwaysRunExample" name="testcase1" time="0.001"/>
  <system-out/>
  <testcase classname="seleniumpoperties.AlwaysRunExample" name="testcase1" time="0.000"/>
  <system-out/>
  <testcase classname="seleniumpoperties.AlwaysRunExample" name="testcase1" time="0.000"/>
  <system-out/>
  <testcase classname="seleniumpoperties.AlwaysRunExample" name="testcase1" time="0.000"/>
  <system-out/>
  <testcase classname="seleniumpoperties.AlwaysRunExample" name="testcase1" time="0.000"/>
  <system-out/>
  <testcase classname="seleniumpoperties.AlwaysRunExample" name="testcase1" time="0.002"/>
  <system-out/>
  <testcase classname="seleniumpoperties.AlwaysRunExample" name="testcase1" time="0.000"/>
  <system-out/>
  <testcase classname="seleniumpoperties.AlwaysRunExample" name="testcase1" time="0.001"/>
  <system-out/>
  <testcase classname="seleniumpoperties.AlwaysRunExample" name="testcase1" time="0.000"/>
  <system-out/>
  <testcase classname="seleniumpoperties.AlwaysRunExample" name="testcase1" time="0.000"/>
  <system-out/>
  <testcase classname="seleniumpoperties.AlwaysRunExample" name="testcase1" time="0.000"/>
  <system-out/>
  <testcase classname="seleniumpoperties.AlwaysRunExample" name="testcase1" time="0.000"/>
  <system-out/>
  <testcase classname="seleniumpoperties.AlwaysRunExample" name="testcase1" time="0.000"/>
  <system-out/>
  <testcase classname="seleniumpoperties.AlwaysRunExample" name="testcase1" time="0.000"/>
  <system-out/>
  <testcase classname="seleniumpoperties.AlwaysRunExample" name="testcase1" time="0.000"/>
  <system-out/>
  <testcase classname="seleniumpoperties.AlwaysRunExample" name="testcase1" time="0.000"/>
  <system-out/>
  <testcase classname="seleniumpoperties.AlwaysRunExample" name="testcase1" time="0.000"/>
  <system-out/>
  <testcase classname="seleniumpoperties.AlwaysRunExample" name="testcase1" time="0.000"/>
  <system-out/>
  <testcase classname="seleniumpoperties.AlwaysRunExample" name="testcase1" time="0.000"/>
  <system-out/>
  <testcase classname="seleniumpoperties.AlwaysRunExample" name="testcase1" time="0.003"/>
  <system-out/>
  <testcase classname="seleniumpoperties.AlwaysRunExample" name="testcase1" time="0.000"/>
  <system-out/>
  <testcase classname="seleniumpoperties.AlwaysRunExample" name="testcase1" time="0.000"/>
  <system-out/>
  <testcase classname="seleniumpoperties.AlwaysRunExample" name="testcase1" time="0.000"/>
  <system-out/>
  <testcase classname="seleniumpoperties.AlwaysRunExample" name="testcase1" time="0.000"/>
  <system-out/>
  <testcase classname="seleniumpoperties.AlwaysRunExample" name="testcase1" time="0.001"/>
  <system-out/>
  <testcase classname="seleniumpoperties.AlwaysRunExample" name="testcase1" time="0.000"/>
  <system-out/>
  <testcase classname="seleniumpoperties.AlwaysRunExample" name="testcase1" time="0.001"/>
  <system-out/>
  <testcase classname="seleniumpoperties.AlwaysRunExample" name="testcase1" time="0.000"/>
  <system-out/>
  <testcase classname="seleniumpoperties.AlwaysRunExample" name="testcase1" time="0.001"/>
  <system-out/>
  <testcase classname="seleniumpoperties.AlwaysRunExample" name="testcase1" time="0.000"/>
  <system-out/>
  <testcase classname="seleniumpoperties.AlwaysRunExample" name="testcase1" time="0.000"/>
  <system-out/>
  <testcase classname="seleniumpoperties.AlwaysRunExample" name="testcase1" time="0.000"/>
  <system-out/>
  <testcase classname="seleniumpoperties.AlwaysRunExample" name="testcase1" time="0.000"/>
  <system-out/>
  <testcase classname="seleniumpoperties.AlwaysRunExample" name="testcase1" time="0.000"/>
  <system-out/>
  <testcase classname="seleniumpoperties.AlwaysRunExample" name="testcase1" time="0.001"/>
  <system-out/>
  <testcase classname="seleniumpoperties.AlwaysRunExample" name="testcase1" time="0.000"/>
  <system-out/>
  <testcase classname="seleniumpoperties.AlwaysRunExample" name="testcase1" time="0.001"/>
  <system-out/>
  <testcase classname="seleniumpoperties.AlwaysRunExample" name="testcase1" time="0.001"/>
  <system-out/>
  <testcase classname="seleniumpoperties.AlwaysRunExample" name="testcase1" time="0.000"/>
  <system-out/>
  <testcase classname="seleniumpoperties.AlwaysRunExample" name="testcase1" time="0.000"/>
  <system-out/>
  <testcase classname="seleniumpoperties.AlwaysRunExample" name="testcase1" time="0.000"/>
  <system-out/>
  <testcase classname="seleniumpoperties.AlwaysRunExample" name="testcase1" time="0.000"/>
  <system-out/>
  <testcase classname="seleniumpoperties.AlwaysRunExample" name="testcase1" time="0.000"/>
  <system-out/>
  <testcase classname="seleniumpoperties.AlwaysRunExample" name="testcase1" time="0.000"/>
  <system-out/>
  <testcase classname="seleniumpoperties.AlwaysRunExample" name="testcase1" time="0.000"/>
  <system-out/>
  <testcase classname="seleniumpoperties.AlwaysRunExample" name="testcase1" time="0.000"/>
  <system-out/>
  <testcase classname="seleniumpoperties.AlwaysRunExample" name="testcase1" time="0.000"/>
  <system-out/>
  <testcase classname="seleniumpoperties.AlwaysRunExample" name="testcase1" time="0.000"/>
  <system-out/>
  <testcase classname="seleniumpoperties.AlwaysRunExample" name="testcase1" time="0.000"/>
  <system-out/>
  <testcase classname="seleniumpoperties.AlwaysRunExample" name="testcase1" time="0.000"/>
  <system-out/>
  <testcase classname="seleniumpoperties.AlwaysRunExample" name="testcase1" time="0.000"/>
  <system-out/>
  <testcase classname="seleniumpoperties.AlwaysRunExample" name="testcase1" time="0.000"/>
  <system-out/>
  <testcase classname="seleniumpoperties.AlwaysRunExample" name="testcase1" time="0.000"/>
  <system-out/>
  <testcase classname="seleniumpoperties.AlwaysRunExample" name="testcase1" time="0.000"/>
  <system-out/>
  <testcase classname="seleniumpoperties.AlwaysRunExample" name="testcase1" time="0.000"/>
  <system-out/>
  <testcase classname="seleniumpoperties.AlwaysRunExample" name="testcase1" time="0.000"/>
  <system-out/>
  <testcase classname="seleniumpoperties.AlwaysRunExample" name="testcase1" time="0.000"/>
  <system-out/>
  <testcase classname="seleniumpoperties.AlwaysRunExample" name="testcase1" time="0.000"/>
  <system-out/>
  <testcase classname="seleniumpoperties.AlwaysRunExample" name="testcase1" time="0.000"/>
  <system-out/>
  <testcase classname="seleniumpoperties.AlwaysRunExample" name="testcase1" time="0.001"/>
  <system-out/>
  <testcase classname="seleniumpoperties.AlwaysRunExample" name="testcase1" time="0.000"/>
  <system-out/>
  <testcase classname="seleniumpoperties.AlwaysRunExample" name="testcase1" time="0.000"/>
  <system-out/>
  <testcase classname="seleniumpoperties.AlwaysRunExample" name="testcase1" time="0.000"/>
  <system-out/>
  <testcase classname="seleniumpoperties.AlwaysRunExample" name="testcase1" time="0.000"/>
  <system-out/>
  <testcase classname="seleniumpoperties.AlwaysRunExample" name="testcase1" time="0.000"/>
  <system-out/>
  <testcase classname="seleniumpoperties.AlwaysRunExample" name="testcase1" time="0.000"/>
  <system-out/>
  <testcase classname="seleniumpoperties.AlwaysRunExample" name="testcase1" time="0.000"/>
  <system-out/>
  <testcase classname="seleniumpoperties.AlwaysRunExample" name="testcase1" time="0.000"/>
  <system-out/>
  <testcase classname="seleniumpoperties.AlwaysRunExample" name="testcase1" time="0.000"/>
  <system-out/>
  <testcase classname="seleniumpoperties.AlwaysRunExample" name="testcase1" time="0.000"/>
  <system-out/>
  <testcase classname="seleniumpoperties.AlwaysRunExample" name="testcase1" time="0.000"/>
  <system-out/>
  <testcase classname="seleniumpoperties.AlwaysRunExample" name="testcase1" time="0.000"/>
  <system-out/>
  <testcase classname="seleniumpoperties.AlwaysRunExample" name="testcase1" time="0.000"/>
  <system-out/>
  <testcase classname="seleniumpoperties.AlwaysRunExample" name="testcase1" time="0.000"/>
  <system-out/>
  <testcase classname="seleniumpoperties.AlwaysRunExample" name="testcase1" time="0.000"/>
  <system-out/>
  <testcase classname="seleniumpoperties.AlwaysRunExample" name="testcase1" time="0.000"/>
  <system-out/>
  <testcase classname="seleniumpoperties.AlwaysRunExample" name="testcase1" time="0.000"/>
  <system-out/>
  <testcase classname="seleniumpoperties.AlwaysRunExample" name="testcase1" time="0.000"/>
  <system-out/>
  <testcase classname="seleniumpoperties.AlwaysRunExample" name="testcase1" time="0.000"/>
  <system-out/>
  <testcase classname="seleniumpoperties.AlwaysRunExample" name="testcase1" time="0.000"/>
  <system-out/>
  <testcase classname="seleniumpoperties.AlwaysRunExample" name="testcase1" time="0.000"/>
  <system-out/>
  <testcase classname="seleniumpoperties.AlwaysRunExample" name="testcase1" time="0.000"/>
  <system-out/>
  <testcase classname="seleniumpoperties.AlwaysRunExample" name="testcase1" time="0.000"/>
  <system-out/>
  <testcase classname="seleniumpoperties.AlwaysRunExample" name="testcase1" time="0.000"/>
  <system-out/>
  <testcase classname="seleniumpoperties.AlwaysRunExample" name="testcase1" time="0.000"/>
  <system-out/>
  <testcase classname="seleniumpoperties.AlwaysRunExample" name="testcase1" time="0.000"/>
  <system-out/>
  <testcase classname="seleniumpoperties.AlwaysRunExample" name="testcase1" time="0.000"/>
  <system-out/>
  <testcase classname="seleniumpoperties.AlwaysRunExample" name="testcase1" time="0.000"/>
  <system-out/>
  <testcase classname="seleniumpoperties.AlwaysRunExample" name="testcase1" time="0.000"/>
  <system-out/>
  <testcase classname="seleniumpoperties.AlwaysRunExample" name="testcase1" time="0.000"/>
  <system-out/>
  <testcase classname="seleniumpoperties.AlwaysRunExample" name="testcase1" time="0.000"/>
  <system-out/>
  <testcase classname="seleniumpoperties.AlwaysRunExample" name="testcase1" time="0.001"/>
  <system-out/>
  <testcase classname="seleniumpoperties.AlwaysRunExample" name="testcase1" time="0.000"/>
  <system-out/>
  <testcase classname="seleniumpoperties.AlwaysRunExample" name="testcase1" time="0.000"/>
  <system-out/>
  <testcase classname="seleniumpoperties.AlwaysRunExample" name="testcase1" time="0.000"/>
  <system-out/>
  <testcase classname="seleniumpoperties.AlwaysRunExample" name="testcase1" time="0.001"/>
  <system-out/>
  <testcase classname="seleniumpoperties.AlwaysRunExample" name="testcase1" time="0.000"/>
  <system-out/>
  <testcase classname="seleniumpoperties.AlwaysRunExample" name="testcase1" time="0.000"/>
  <system-out/>
  <testcase classname="seleniumpoperties.AlwaysRunExample" name="testcase1" time="0.000"/>
  <system-out/>
  <testcase classname="seleniumpoperties.AlwaysRunExample" name="testcase1" time="0.000"/>
  <system-out/>
  <testcase classname="seleniumpoperties.AlwaysRunExample" name="testcase1" time="0.000"/>
  <system-out/>
  <testcase classname="seleniumpoperties.AlwaysRunExample" name="testcase1" time="0.001"/>
  <system-out/>
  <testcase classname="seleniumpoperties.AlwaysRunExample" name="testcase1" time="0.000"/>
  <system-out/>
  <testcase classname="seleniumpoperties.AlwaysRunExample" name="testcase1" time="0.000"/>
  <system-out/>
  <testcase classname="seleniumpoperties.AlwaysRunExample" name="testcase1" time="0.000"/>
  <system-out/>
  <testcase classname="seleniumpoperties.AlwaysRunExample" name="testcase1" time="0.000"/>
  <system-out/>
  <testcase classname="seleniumpoperties.AlwaysRunExample" name="testcase1" time="0.000"/>
  <system-out/>
  <testcase classname="seleniumpoperties.AlwaysRunExample" name="testcase1" time="0.000"/>
  <system-out/>
  <testcase classname="seleniumpoperties.AlwaysRunExample" name="testcase1" time="0.000"/>
  <system-out/>
  <testcase classname="seleniumpoperties.AlwaysRunExample" name="testcase1" time="0.000"/>
  <system-out/>
  <testcase classname="seleniumpoperties.AlwaysRunExample" name="testcase1" time="0.000"/>
  <system-out/>
  <testcase classname="seleniumpoperties.AlwaysRunExample" name="testcase1" time="0.000"/>
  <system-out/>
  <testcase classname="seleniumpoperties.AlwaysRunExample" name="testcase1" time="0.001"/>
  <system-out/>
  <testcase classname="seleniumpoperties.AlwaysRunExample" name="testcase1" time="0.000"/>
  <system-out/>
  <testcase classname="seleniumpoperties.AlwaysRunExample" name="testcase1" time="0.000"/>
  <system-out/>
  <testcase classname="seleniumpoperties.AlwaysRunExample" name="testcase1" time="0.001"/>
  <system-out/>
  <testcase classname="seleniumpoperties.AlwaysRunExample" name="testcase1" time="0.000"/>
  <system-out/>
  <testcase classname="seleniumpoperties.AlwaysRunExample" name="testcase1" time="0.000"/>
  <system-out/>
  <testcase classname="seleniumpoperties.AlwaysRunExample" name="testcase1" time="0.000"/>
  <system-out/>
  <testcase classname="seleniumpoperties.AlwaysRunExample" name="testcase1" time="0.000"/>
  <system-out/>
  <testcase classname="seleniumpoperties.AlwaysRunExample" name="testcase1" time="0.000"/>
  <system-out/>
  <testcase classname="seleniumpoperties.AlwaysRunExample" name="testcase1" time="0.000"/>
  <system-out/>
  <testcase classname="seleniumpoperties.AlwaysRunExample" name="testcase1" time="0.000"/>
  <system-out/>
  <testcase classname="seleniumpoperties.AlwaysRunExample" name="testcase1" time="0.001"/>
  <system-out/>
  <testcase classname="seleniumpoperties.AlwaysRunExample" name="testcase1" time="0.000"/>
  <system-out/>
  <testcase classname="seleniumpoperties.AlwaysRunExample" name="testcase1" time="0.000"/>
  <system-out/>
  <testcase classname="seleniumpoperties.AlwaysRunExample" name="testcase1" time="0.000"/>
  <system-out/>
  <testcase classname="seleniumpoperties.AlwaysRunExample" name="testcase1" time="0.000"/>
  <system-out/>
  <testcase classname="seleniumpoperties.AlwaysRunExample" name="testcase1" time="0.000"/>
  <system-out/>
  <testcase classname="seleniumpoperties.AlwaysRunExample" name="testcase1" time="0.000"/>
  <system-out/>
  <testcase classname="seleniumpoperties.AlwaysRunExample" name="testcase1" time="0.001"/>
  <system-out/>
  <testcase classname="seleniumpoperties.AlwaysRunExample" name="testcase1" time="0.001"/>
  <system-out/>
  <testcase classname="seleniumpoperties.AlwaysRunExample" name="testcase1" time="0.000"/>
  <system-out/>
  <testcase classname="seleniumpoperties.AlwaysRunExample" name="testcase1" time="0.001"/>
  <system-out/>
  <testcase classname="seleniumpoperties.AlwaysRunExample" name="testcase1" time="0.000"/>
  <system-out/>
  <testcase classname="seleniumpoperties.AlwaysRunExample" name="testcase1" time="0.000"/>
  <system-out/>
  <testcase classname="seleniumpoperties.AlwaysRunExample" name="testcase1" time="0.001"/>
  <system-out/>
  <testcase classname="seleniumpoperties.AlwaysRunExample" name="testcase1" time="0.000"/>
  <system-out/>
  <testcase classname="seleniumpoperties.AlwaysRunExample" name="testcase1" time="0.001"/>
  <system-out/>
  <testcase classname="seleniumpoperties.AlwaysRunExample" name="testcase1" time="0.000"/>
  <system-out/>
  <testcase classname="seleniumpoperties.AlwaysRunExample" name="testcase1" time="0.000"/>
  <system-out/>
  <testcase classname="seleniumpoperties.AlwaysRunExample" name="testcase1" time="0.000"/>
  <system-out/>
  <testcase classname="seleniumpoperties.AlwaysRunExample" name="testcase1" time="0.000"/>
  <system-out/>
  <testcase classname="seleniumpoperties.AlwaysRunExample" name="testcase1" time="0.001"/>
  <system-out/>
  <testcase classname="seleniumpoperties.AlwaysRunExample" name="testcase1" time="0.001"/>
  <system-out/>
  <testcase classname="seleniumpoperties.AlwaysRunExample" name="testcase1" time="0.001"/>
  <system-out/>
  <testcase classname="seleniumpoperties.AlwaysRunExample" name="testcase1" time="0.000"/>
  <system-out/>
  <testcase classname="seleniumpoperties.AlwaysRunExample" name="testcase1" time="0.000"/>
  <system-out/>
  <testcase classname="seleniumpoperties.AlwaysRunExample" name="testcase1" time="0.000"/>
  <system-out/>
  <testcase classname="seleniumpoperties.AlwaysRunExample" name="testcase1" time="0.000"/>
  <system-out/>
  <testcase classname="seleniumpoperties.AlwaysRunExample" name="testcase1" time="0.000"/>
  <system-out/>
  <testcase classname="seleniumpoperties.AlwaysRunExample" name="testcase1" time="0.000"/>
  <system-out/>
  <testcase classname="seleniumpoperties.AlwaysRunExample" name="testcase1" time="0.000"/>
  <system-out/>
  <testcase classname="seleniumpoperties.AlwaysRunExample" name="testcase1" time="0.000"/>
  <system-out/>
  <testcase classname="seleniumpoperties.AlwaysRunExample" name="testcase1" time="0.000"/>
  <system-out/>
  <testcase classname="seleniumpoperties.AlwaysRunExample" name="testcase1" time="0.000"/>
  <system-out/>
  <testcase classname="seleniumpoperties.AlwaysRunExample" name="testcase1" time="0.000"/>
  <system-out/>
  <testcase classname="seleniumpoperties.AlwaysRunExample" name="testcase1" time="0.000"/>
  <system-out/>
  <testcase classname="seleniumpoperties.AlwaysRunExample" name="testcase1" time="0.000"/>
  <system-out/>
  <testcase classname="seleniumpoperties.AlwaysRunExample" name="testcase1" time="0.001"/>
  <system-out/>
  <testcase classname="seleniumpoperties.AlwaysRunExample" name="testcase1" time="0.001"/>
  <system-out/>
  <testcase classname="seleniumpoperties.AlwaysRunExample" name="testcase1" time="0.001"/>
  <system-out/>
  <testcase classname="seleniumpoperties.AlwaysRunExample" name="testcase1" time="0.000"/>
  <system-out/>
  <testcase classname="seleniumpoperties.AlwaysRunExample" name="testcase1" time="0.000"/>
  <system-out/>
  <testcase classname="seleniumpoperties.AlwaysRunExample" name="testcase1" time="0.000"/>
  <system-out/>
  <testcase classname="seleniumpoperties.AlwaysRunExample" name="testcase1" time="0.001"/>
  <system-out/>
  <testcase classname="seleniumpoperties.AlwaysRunExample" name="testcase1" time="0.000"/>
  <system-out/>
  <testcase classname="seleniumpoperties.AlwaysRunExample" name="testcase1" time="0.001"/>
  <system-out/>
  <testcase classname="seleniumpoperties.AlwaysRunExample" name="testcase1" time="0.000"/>
  <system-out/>
  <testcase classname="seleniumpoperties.AlwaysRunExample" name="testcase1" time="0.000"/>
  <system-out/>
  <testcase classname="seleniumpoperties.AlwaysRunExample" name="testcase1" time="0.001"/>
  <system-out/>
  <testcase classname="seleniumpoperties.AlwaysRunExample" name="testcase1" time="0.000"/>
  <system-out/>
  <testcase classname="seleniumpoperties.AlwaysRunExample" name="testcase1" time="0.000"/>
  <system-out/>
  <testcase classname="seleniumpoperties.AlwaysRunExample" name="testcase1" time="0.000"/>
  <system-out/>
  <testcase classname="seleniumpoperties.AlwaysRunExample" name="testcase1" time="0.000"/>
  <system-out/>
  <testcase classname="seleniumpoperties.AlwaysRunExample" name="testcase1" time="0.000"/>
  <system-out/>
  <testcase classname="seleniumpoperties.AlwaysRunExample" name="testcase1" time="0.000"/>
  <system-out/>
  <testcase classname="seleniumpoperties.AlwaysRunExample" name="testcase1" time="0.000"/>
  <system-out/>
  <testcase classname="seleniumpoperties.AlwaysRunExample" name="testcase1" time="0.000"/>
  <system-out/>
  <testcase classname="seleniumpoperties.AlwaysRunExample" name="testcase1" time="0.000"/>
  <system-out/>
  <testcase classname="seleniumpoperties.AlwaysRunExample" name="testcase1" time="0.000"/>
  <system-out/>
  <testcase classname="seleniumpoperties.AlwaysRunExample" name="testcase1" time="0.000"/>
  <system-out/>
  <testcase classname="seleniumpoperties.AlwaysRunExample" name="testcase1" time="0.000"/>
  <system-out/>
  <testcase classname="seleniumpoperties.AlwaysRunExample" name="testcase1" time="0.001"/>
  <system-out/>
  <testcase classname="seleniumpoperties.AlwaysRunExample" name="testcase1" time="0.000"/>
  <system-out/>
  <testcase classname="seleniumpoperties.AlwaysRunExample" name="testcase1" time="0.000"/>
  <system-out/>
  <testcase classname="seleniumpoperties.AlwaysRunExample" name="testcase1" time="0.000"/>
  <system-out/>
  <testcase classname="seleniumpoperties.AlwaysRunExample" name="testcase1" time="0.000"/>
  <system-out/>
  <testcase classname="seleniumpoperties.AlwaysRunExample" name="testcase1" time="0.000"/>
  <system-out/>
  <testcase classname="seleniumpoperties.AlwaysRunExample" name="testcase1" time="0.002"/>
  <system-out/>
  <testcase classname="seleniumpoperties.AlwaysRunExample" name="testcase1" time="0.000"/>
  <system-out/>
  <testcase classname="seleniumpoperties.AlwaysRunExample" name="testcase1" time="0.002"/>
  <system-out/>
  <testcase classname="seleniumpoperties.AlwaysRunExample" name="testcase1" time="0.001"/>
  <system-out/>
  <testcase classname="seleniumpoperties.AlwaysRunExample" name="testcase1" time="0.001"/>
  <system-out/>
  <testcase classname="seleniumpoperties.AlwaysRunExample" name="testcase1" time="0.000"/>
  <system-out/>
  <testcase classname="seleniumpoperties.AlwaysRunExample" name="testcase1" time="0.000"/>
  <system-out/>
  <testcase classname="seleniumpoperties.AlwaysRunExample" name="testcase1" time="0.000"/>
  <system-out/>
  <testcase classname="seleniumpoperties.AlwaysRunExample" name="testcase1" time="0.000"/>
  <system-out/>
  <testcase classname="seleniumpoperties.AlwaysRunExample" name="testcase1" time="0.000"/>
  <system-out/>
  <testcase classname="seleniumpoperties.AlwaysRunExample" name="testcase1" time="0.000"/>
  <system-out/>
  <testcase classname="seleniumpoperties.AlwaysRunExample" name="testcase1" time="0.001"/>
  <system-out/>
  <testcase classname="seleniumpoperties.AlwaysRunExample" name="testcase1" time="0.000"/>
  <system-out/>
  <testcase classname="seleniumpoperties.AlwaysRunExample" name="testcase1" time="0.001"/>
  <system-out/>
  <testcase classname="seleniumpoperties.AlwaysRunExample" name="testcase1" time="0.000"/>
  <system-out/>
  <testcase classname="seleniumpoperties.AlwaysRunExample" name="testcase1" time="0.000"/>
  <system-out/>
  <testcase classname="seleniumpoperties.AlwaysRunExample" name="testcase1" time="0.000"/>
  <system-out/>
  <testcase classname="seleniumpoperties.AlwaysRunExample" name="testcase1" time="0.000"/>
  <system-out/>
  <testcase classname="seleniumpoperties.AlwaysRunExample" name="testcase1" time="0.000"/>
  <system-out/>
  <testcase classname="seleniumpoperties.AlwaysRunExample" name="testcase1" time="0.000"/>
  <system-out/>
  <testcase classname="seleniumpoperties.AlwaysRunExample" name="testcase1" time="0.000"/>
  <system-out/>
  <testcase classname="seleniumpoperties.AlwaysRunExample" name="testcase1" time="0.000"/>
  <system-out/>
  <testcase classname="seleniumpoperties.AlwaysRunExample" name="testcase1" time="0.000"/>
  <system-out/>
  <testcase classname="seleniumpoperties.AlwaysRunExample" name="testcase1" time="0.000"/>
  <system-out/>
  <testcase classname="seleniumpoperties.AlwaysRunExample" name="testcase1" time="0.000"/>
  <system-out/>
  <testcase classname="seleniumpoperties.AlwaysRunExample" name="testcase1" time="0.000"/>
  <system-out/>
  <testcase classname="seleniumpoperties.AlwaysRunExample" name="testcase1" time="0.000"/>
  <system-out/>
  <testcase classname="seleniumpoperties.AlwaysRunExample" name="testcase1" time="0.000"/>
  <system-out/>
  <testcase classname="seleniumpoperties.AlwaysRunExample" name="testcase1" time="0.000"/>
  <system-out/>
  <testcase classname="seleniumpoperties.AlwaysRunExample" name="testcase1" time="0.000"/>
  <system-out/>
  <testcase classname="seleniumpoperties.AlwaysRunExample" name="testcase1" time="0.000"/>
  <system-out/>
  <testcase classname="seleniumpoperties.AlwaysRunExample" name="testcase1" time="0.000"/>
  <system-out/>
  <testcase classname="seleniumpoperties.AlwaysRunExample" name="testcase1" time="0.001"/>
  <system-out/>
  <testcase classname="seleniumpoperties.AlwaysRunExample" name="testcase1" time="0.000"/>
  <system-out/>
  <testcase classname="seleniumpoperties.AlwaysRunExample" name="testcase1" time="0.000"/>
  <system-out/>
  <testcase classname="seleniumpoperties.AlwaysRunExample" name="testcase1" time="0.000"/>
  <system-out/>
  <testcase classname="seleniumpoperties.AlwaysRunExample" name="testcase1" time="0.000"/>
  <system-out/>
  <testcase classname="seleniumpoperties.AlwaysRunExample" name="testcase1" time="0.000"/>
  <system-out/>
  <testcase classname="seleniumpoperties.AlwaysRunExample" name="testcase1" time="0.000"/>
  <system-out/>
  <testcase classname="seleniumpoperties.AlwaysRunExample" name="testcase1" time="0.001"/>
  <system-out/>
  <testcase classname="seleniumpoperties.AlwaysRunExample" name="testcase1" time="0.000"/>
  <system-out/>
  <testcase classname="seleniumpoperties.AlwaysRunExample" name="testcase1" time="0.000"/>
  <system-out/>
  <testcase classname="seleniumpoperties.AlwaysRunExample" name="testcase1" time="0.000"/>
  <system-out/>
  <testcase classname="seleniumpoperties.AlwaysRunExample" name="testcase1" time="0.000"/>
  <system-out/>
  <testcase classname="seleniumpoperties.AlwaysRunExample" name="testcase1" time="0.000"/>
  <system-out/>
  <testcase classname="seleniumpoperties.AlwaysRunExample" name="testcase1" time="0.000"/>
  <system-out/>
  <testcase classname="seleniumpoperties.AlwaysRunExample" name="testcase1" time="0.000"/>
  <system-out/>
  <testcase classname="seleniumpoperties.AlwaysRunExample" name="testcase1" time="0.000"/>
  <system-out/>
  <testcase classname="seleniumpoperties.AlwaysRunExample" name="testcase1" time="0.000"/>
  <system-out/>
  <testcase classname="seleniumpoperties.AlwaysRunExample" name="testcase1" time="0.000"/>
  <system-out/>
  <testcase classname="seleniumpoperties.AlwaysRunExample" name="testcase1" time="0.001"/>
  <system-out/>
  <testcase classname="seleniumpoperties.AlwaysRunExample" name="testcase1" time="0.000"/>
  <system-out/>
  <testcase classname="seleniumpoperties.AlwaysRunExample" name="testcase1" time="0.000"/>
  <system-out/>
  <testcase classname="seleniumpoperties.AlwaysRunExample" name="testcase1" time="0.000"/>
  <system-out/>
  <testcase classname="seleniumpoperties.AlwaysRunExample" name="testcase1" time="0.000"/>
  <system-out/>
  <testcase classname="seleniumpoperties.AlwaysRunExample" name="testcase1" time="0.001"/>
  <system-out/>
  <testcase classname="seleniumpoperties.AlwaysRunExample" name="testcase1" time="0.000"/>
  <system-out/>
  <testcase classname="seleniumpoperties.AlwaysRunExample" name="testcase1" time="0.000"/>
  <system-out/>
  <testcase classname="seleniumpoperties.AlwaysRunExample" name="testcase1" time="0.000"/>
  <system-out/>
  <testcase classname="seleniumpoperties.AlwaysRunExample" name="testcase1" time="0.000"/>
  <system-out/>
  <testcase classname="seleniumpoperties.AlwaysRunExample" name="testcase1" time="0.000"/>
  <system-out/>
  <testcase classname="seleniumpoperties.AlwaysRunExample" name="testcase1" time="0.001"/>
  <system-out/>
  <testcase classname="seleniumpoperties.AlwaysRunExample" name="testcase1" time="0.000"/>
  <system-out/>
  <testcase classname="seleniumpoperties.AlwaysRunExample" name="testcase1" time="0.000"/>
  <system-out/>
  <testcase classname="seleniumpoperties.AlwaysRunExample" name="testcase1" time="0.001"/>
  <system-out/>
  <testcase classname="seleniumpoperties.AlwaysRunExample" name="testcase1" time="0.000"/>
  <system-out/>
  <testcase classname="seleniumpoperties.AlwaysRunExample" name="testcase1" time="0.000"/>
  <system-out/>
  <testcase classname="seleniumpoperties.AlwaysRunExample" name="testcase1" time="0.001"/>
  <system-out/>
  <testcase classname="seleniumpoperties.AlwaysRunExample" name="testcase1" time="0.000"/>
  <system-out/>
  <testcase classname="seleniumpoperties.AlwaysRunExample" name="testcase1" time="0.000"/>
  <system-out/>
  <testcase classname="seleniumpoperties.AlwaysRunExample" name="testcase1" time="0.000"/>
  <system-out/>
  <testcase classname="seleniumpoperties.AlwaysRunExample" name="testcase1" time="0.000"/>
  <system-out/>
  <testcase classname="seleniumpoperties.AlwaysRunExample" name="testcase1" time="0.000"/>
  <system-out/>
  <testcase classname="seleniumpoperties.AlwaysRunExample" name="testcase1" time="0.000"/>
  <system-out/>
  <testcase classname="seleniumpoperties.AlwaysRunExample" name="testcase1" time="0.000"/>
  <system-out/>
  <testcase classname="seleniumpoperties.AlwaysRunExample" name="testcase1" time="0.001"/>
  <system-out/>
  <testcase classname="seleniumpoperties.AlwaysRunExample" name="testcase1" time="0.000"/>
  <system-out/>
  <testcase classname="seleniumpoperties.AlwaysRunExample" name="testcase1" time="0.000"/>
  <system-out/>
  <testcase classname="seleniumpoperties.AlwaysRunExample" name="testcase1" time="0.000"/>
  <system-out/>
  <testcase classname="seleniumpoperties.AlwaysRunExample" name="testcase1" time="0.000"/>
  <system-out/>
  <testcase classname="seleniumpoperties.AlwaysRunExample" name="testcase1" time="0.000"/>
  <system-out/>
  <testcase classname="seleniumpoperties.AlwaysRunExample" name="testcase1" time="0.000"/>
  <system-out/>
  <testcase classname="seleniumpoperties.AlwaysRunExample" name="testcase1" time="0.000"/>
  <system-out/>
  <testcase classname="seleniumpoperties.AlwaysRunExample" name="testcase1" time="0.000"/>
  <system-out/>
  <testcase classname="seleniumpoperties.AlwaysRunExample" name="testcase1" time="0.000"/>
  <system-out/>
  <testcase classname="seleniumpoperties.AlwaysRunExample" name="testcase1" time="0.000"/>
  <system-out/>
  <testcase classname="seleniumpoperties.AlwaysRunExample" name="testcase1" time="0.000"/>
  <system-out/>
  <testcase classname="seleniumpoperties.AlwaysRunExample" name="testcase1" time="0.001"/>
  <system-out/>
  <testcase classname="seleniumpoperties.AlwaysRunExample" name="testcase1" time="0.010"/>
  <system-out/>
  <testcase classname="seleniumpoperties.AlwaysRunExample" name="testcase1" time="0.000"/>
  <system-out/>
  <testcase classname="seleniumpoperties.AlwaysRunExample" name="testcase1" time="0.000"/>
  <system-out/>
  <testcase classname="seleniumpoperties.AlwaysRunExample" name="testcase1" time="0.000"/>
  <system-out/>
  <testcase classname="seleniumpoperties.AlwaysRunExample" name="testcase1" time="0.000"/>
  <system-out/>
  <testcase classname="seleniumpoperties.AlwaysRunExample" name="testcase1" time="0.001"/>
  <system-out/>
  <testcase classname="seleniumpoperties.AlwaysRunExample" name="testcase1" time="0.000"/>
  <system-out/>
  <testcase classname="seleniumpoperties.AlwaysRunExample" name="testcase1" time="0.000"/>
  <system-out/>
  <testcase classname="seleniumpoperties.AlwaysRunExample" name="testcase1" time="0.000"/>
  <system-out/>
  <testcase classname="seleniumpoperties.AlwaysRunExample" name="testcase1" time="0.000"/>
  <system-out/>
  <testcase classname="seleniumpoperties.AlwaysRunExample" name="testcase1" time="0.000"/>
  <system-out/>
  <testcase classname="seleniumpoperties.AlwaysRunExample" name="testcase1" time="0.001"/>
  <system-out/>
  <testcase classname="seleniumpoperties.AlwaysRunExample" name="testcase1" time="0.000"/>
  <system-out/>
  <testcase classname="seleniumpoperties.AlwaysRunExample" name="testcase1" time="0.000"/>
  <system-out/>
  <testcase classname="seleniumpoperties.AlwaysRunExample" name="testcase1" time="0.000"/>
  <system-out/>
  <testcase classname="seleniumpoperties.AlwaysRunExample" name="testcase1" time="0.000"/>
  <system-out/>
  <testcase classname="seleniumpoperties.AlwaysRunExample" name="testcase1" time="0.000"/>
  <system-out/>
  <testcase classname="seleniumpoperties.AlwaysRunExample" name="testcase1" time="0.000"/>
  <system-out/>
  <testcase classname="seleniumpoperties.AlwaysRunExample" name="testcase1" time="0.000"/>
  <system-out/>
  <testcase classname="seleniumpoperties.AlwaysRunExample" name="testcase1" time="0.000"/>
  <system-out/>
  <testcase classname="seleniumpoperties.AlwaysRunExample" name="testcase1" time="0.000"/>
  <system-out/>
  <testcase classname="seleniumpoperties.AlwaysRunExample" name="testcase1" time="0.001"/>
  <system-out/>
  <testcase classname="seleniumpoperties.AlwaysRunExample" name="testcase1" time="0.000"/>
  <system-out/>
  <testcase classname="seleniumpoperties.AlwaysRunExample" name="testcase1" time="0.001"/>
  <system-out/>
  <testcase classname="seleniumpoperties.AlwaysRunExample" name="testcase1" time="0.000"/>
  <system-out/>
  <testcase classname="seleniumpoperties.AlwaysRunExample" name="testcase1" time="0.000"/>
  <system-out/>
  <testcase classname="seleniumpoperties.AlwaysRunExample" name="testcase1" time="0.001"/>
  <system-out/>
  <testcase classname="seleniumpoperties.AlwaysRunExample" name="testcase1" time="0.000"/>
  <system-out/>
  <testcase classname="seleniumpoperties.AlwaysRunExample" name="testcase1" time="0.001"/>
  <system-out/>
  <testcase classname="seleniumpoperties.AlwaysRunExample" name="testcase1" time="0.001"/>
  <system-out/>
  <testcase classname="seleniumpoperties.AlwaysRunExample" name="testcase1" time="0.000"/>
  <system-out/>
  <testcase classname="seleniumpoperties.AlwaysRunExample" name="testcase1" time="0.000"/>
  <system-out/>
  <testcase classname="seleniumpoperties.AlwaysRunExample" name="testcase1" time="0.001"/>
  <system-out/>
  <testcase classname="seleniumpoperties.AlwaysRunExample" name="testcase1" time="0.000"/>
  <system-out/>
  <testcase classname="seleniumpoperties.AlwaysRunExample" name="testcase1" time="0.000"/>
  <system-out/>
  <testcase classname="seleniumpoperties.AlwaysRunExample" name="testcase1" time="0.000"/>
  <system-out/>
  <testcase classname="seleniumpoperties.AlwaysRunExample" name="testcase1" time="0.000"/>
  <system-out/>
  <testcase classname="seleniumpoperties.AlwaysRunExample" name="testcase1" time="0.000"/>
  <system-out/>
  <testcase classname="seleniumpoperties.AlwaysRunExample" name="testcase1" time="0.000"/>
  <system-out/>
  <testcase classname="seleniumpoperties.AlwaysRunExample" name="testcase1" time="0.000"/>
  <system-out/>
  <testcase classname="seleniumpoperties.AlwaysRunExample" name="testcase1" time="0.000"/>
  <system-out/>
  <testcase classname="seleniumpoperties.AlwaysRunExample" name="testcase1" time="0.000"/>
  <system-out/>
  <testcase classname="seleniumpoperties.AlwaysRunExample" name="testcase1" time="0.000"/>
  <system-out/>
  <testcase classname="seleniumpoperties.AlwaysRunExample" name="testcase1" time="0.000"/>
  <system-out/>
  <testcase classname="seleniumpoperties.AlwaysRunExample" name="testcase1" time="0.000"/>
  <system-out/>
  <testcase classname="seleniumpoperties.AlwaysRunExample" name="testcase1" time="0.000"/>
  <system-out/>
  <testcase classname="seleniumpoperties.AlwaysRunExample" name="testcase1" time="0.000"/>
  <system-out/>
  <testcase classname="seleniumpoperties.AlwaysRunExample" name="testcase1" time="0.001"/>
  <system-out/>
  <testcase classname="seleniumpoperties.AlwaysRunExample" name="testcase1" time="0.000"/>
  <system-out/>
  <testcase classname="seleniumpoperties.AlwaysRunExample" name="testcase1" time="0.000"/>
  <system-out/>
  <testcase classname="seleniumpoperties.AlwaysRunExample" name="testcase1" time="0.001"/>
  <system-out/>
  <testcase classname="seleniumpoperties.AlwaysRunExample" name="testcase1" time="0.000"/>
  <system-out/>
  <testcase classname="seleniumpoperties.AlwaysRunExample" name="testcase1" time="0.001"/>
  <system-out/>
  <testcase classname="seleniumpoperties.AlwaysRunExample" name="testcase1" time="0.000"/>
  <system-out/>
  <testcase classname="seleniumpoperties.AlwaysRunExample" name="testcase1" time="0.001"/>
  <system-out/>
  <testcase classname="seleniumpoperties.AlwaysRunExample" name="testcase1" time="0.000"/>
  <system-out/>
  <testcase classname="seleniumpoperties.AlwaysRunExample" name="testcase1" time="0.000"/>
  <system-out/>
  <testcase classname="seleniumpoperties.AlwaysRunExample" name="testcase1" time="0.000"/>
  <system-out/>
  <testcase classname="seleniumpoperties.AlwaysRunExample" name="testcase1" time="0.000"/>
  <system-out/>
  <testcase classname="seleniumpoperties.AlwaysRunExample" name="testcase1" time="0.000"/>
  <system-out/>
  <testcase classname="seleniumpoperties.AlwaysRunExample" name="testcase1" time="0.000"/>
  <system-out/>
  <testcase classname="seleniumpoperties.AlwaysRunExample" name="testcase1" time="0.000"/>
  <system-out/>
  <testcase classname="seleniumpoperties.AlwaysRunExample" name="testcase1" time="0.000"/>
  <system-out/>
  <testcase classname="seleniumpoperties.AlwaysRunExample" name="testcase1" time="0.000"/>
  <system-out/>
  <testcase classname="seleniumpoperties.AlwaysRunExample" name="testcase1" time="0.000"/>
  <system-out/>
  <testcase classname="seleniumpoperties.AlwaysRunExample" name="testcase1" time="0.001"/>
  <system-out/>
  <testcase classname="seleniumpoperties.AlwaysRunExample" name="testcase1" time="0.000"/>
  <system-out/>
  <testcase classname="seleniumpoperties.AlwaysRunExample" name="testcase1" time="0.001"/>
  <system-out/>
  <testcase classname="seleniumpoperties.AlwaysRunExample" name="testcase1" time="0.000"/>
  <system-out/>
  <testcase classname="seleniumpoperties.AlwaysRunExample" name="testcase1" time="0.000"/>
  <system-out/>
  <testcase classname="seleniumpoperties.AlwaysRunExample" name="testcase1" time="0.000"/>
  <system-out/>
  <testcase classname="seleniumpoperties.AlwaysRunExample" name="testcase1" time="0.000"/>
  <system-out/>
  <testcase classname="seleniumpoperties.AlwaysRunExample" name="testcase1" time="0.000"/>
  <system-out/>
  <testcase classname="seleniumpoperties.AlwaysRunExample" name="testcase1" time="0.000"/>
  <system-out/>
  <testcase classname="seleniumpoperties.AlwaysRunExample" name="testcase1" time="0.000"/>
  <system-out/>
  <testcase classname="seleniumpoperties.AlwaysRunExample" name="testcase1" time="0.000"/>
  <system-out/>
  <testcase classname="seleniumpoperties.AlwaysRunExample" name="testcase1" time="0.000"/>
  <system-out/>
  <testcase classname="seleniumpoperties.AlwaysRunExample" name="testcase1" time="0.000"/>
  <system-out/>
  <testcase classname="seleniumpoperties.AlwaysRunExample" name="testcase1" time="0.000"/>
  <system-out/>
  <testcase classname="seleniumpoperties.AlwaysRunExample" name="testcase1" time="0.000"/>
  <system-out/>
  <testcase classname="seleniumpoperties.AlwaysRunExample" name="testcase1" time="0.000"/>
  <system-out/>
  <testcase classname="seleniumpoperties.AlwaysRunExample" name="testcase1" time="0.000"/>
  <system-out/>
  <testcase classname="seleniumpoperties.AlwaysRunExample" name="testcase1" time="0.001"/>
  <system-out/>
  <testcase classname="seleniumpoperties.AlwaysRunExample" name="testcase1" time="0.000"/>
  <system-out/>
  <testcase classname="seleniumpoperties.AlwaysRunExample" name="testcase1" time="0.000"/>
  <system-out/>
  <testcase classname="seleniumpoperties.AlwaysRunExample" name="testcase1" time="0.000"/>
  <system-out/>
  <testcase classname="seleniumpoperties.AlwaysRunExample" name="testcase1" time="0.001"/>
  <system-out/>
  <testcase classname="seleniumpoperties.AlwaysRunExample" name="testcase1" time="0.000"/>
  <system-out/>
  <testcase classname="seleniumpoperties.AlwaysRunExample" name="testcase1" time="0.000"/>
  <system-out/>
  <testcase classname="seleniumpoperties.AlwaysRunExample" name="testcase1" time="0.000"/>
  <system-out/>
  <testcase classname="seleniumpoperties.AlwaysRunExample" name="testcase1" time="0.000"/>
  <system-out/>
  <testcase classname="seleniumpoperties.AlwaysRunExample" name="testcase1" time="0.000"/>
  <system-out/>
  <testcase classname="seleniumpoperties.AlwaysRunExample" name="testcase1" time="0.000"/>
  <system-out/>
  <testcase classname="seleniumpoperties.AlwaysRunExample" name="testcase1" time="0.000"/>
  <system-out/>
  <testcase classname="seleniumpoperties.AlwaysRunExample" name="testcase1" time="0.001"/>
  <system-out/>
  <testcase classname="seleniumpoperties.AlwaysRunExample" name="testcase1" time="0.001"/>
  <system-out/>
  <testcase classname="seleniumpoperties.AlwaysRunExample" name="testcase1" time="0.000"/>
  <system-out/>
  <testcase classname="seleniumpoperties.AlwaysRunExample" name="testcase1" time="0.000"/>
  <system-out/>
  <testcase classname="seleniumpoperties.AlwaysRunExample" name="testcase1" time="0.000"/>
  <system-out/>
  <testcase classname="seleniumpoperties.AlwaysRunExample" name="testcase1" time="0.000"/>
  <system-out/>
  <testcase classname="seleniumpoperties.AlwaysRunExample" name="testcase1" time="0.000"/>
  <system-out/>
  <testcase classname="seleniumpoperties.AlwaysRunExample" name="testcase1" time="0.000"/>
  <system-out/>
  <testcase classname="seleniumpoperties.AlwaysRunExample" name="testcase1" time="0.001"/>
  <system-out/>
  <testcase classname="seleniumpoperties.AlwaysRunExample" name="testcase1" time="0.000"/>
  <system-out/>
  <testcase classname="seleniumpoperties.AlwaysRunExample" name="testcase1" time="0.000"/>
  <system-out/>
  <testcase classname="seleniumpoperties.AlwaysRunExample" name="testcase1" time="0.000"/>
  <system-out/>
  <testcase classname="seleniumpoperties.AlwaysRunExample" name="testcase1" time="0.001"/>
  <system-out/>
  <testcase classname="seleniumpoperties.AlwaysRunExample" name="testcase1" time="0.000"/>
  <system-out/>
  <testcase classname="seleniumpoperties.AlwaysRunExample" name="testcase1" time="0.000"/>
  <system-out/>
  <testcase classname="seleniumpoperties.AlwaysRunExample" name="testcase1" time="0.000"/>
  <system-out/>
  <testcase classname="seleniumpoperties.AlwaysRunExample" name="testcase1" time="0.001"/>
  <system-out/>
  <testcase classname="seleniumpoperties.AlwaysRunExample" name="testcase1" time="0.000"/>
  <system-out/>
  <testcase classname="seleniumpoperties.AlwaysRunExample" name="testcase1" time="0.000"/>
  <system-out/>
  <testcase classname="seleniumpoperties.AlwaysRunExample" name="testcase1" time="0.001"/>
  <system-out/>
  <testcase classname="seleniumpoperties.AlwaysRunExample" name="testcase1" time="0.000"/>
  <system-out/>
  <testcase classname="seleniumpoperties.AlwaysRunExample" name="testcase1" time="0.000"/>
  <system-out/>
  <testcase classname="seleniumpoperties.AlwaysRunExample" name="testcase1" time="0.000"/>
  <system-out/>
  <testcase classname="seleniumpoperties.AlwaysRunExample" name="testcase1" time="0.001"/>
  <system-out/>
  <testcase classname="seleniumpoperties.AlwaysRunExample" name="testcase1" time="0.000"/>
  <system-out/>
  <testcase classname="seleniumpoperties.AlwaysRunExample" name="testcase1" time="0.000"/>
  <system-out/>
  <testcase classname="seleniumpoperties.AlwaysRunExample" name="testcase1" time="0.000"/>
  <system-out/>
  <testcase classname="seleniumpoperties.AlwaysRunExample" name="testcase1" time="0.000"/>
  <system-out/>
  <testcase classname="seleniumpoperties.AlwaysRunExample" name="testcase1" time="0.000"/>
  <system-out/>
  <testcase classname="seleniumpoperties.AlwaysRunExample" name="testcase1" time="0.000"/>
  <system-out/>
  <testcase classname="seleniumpoperties.AlwaysRunExample" name="testcase1" time="0.000"/>
  <system-out/>
  <testcase classname="seleniumpoperties.AlwaysRunExample" name="testcase1" time="0.001"/>
  <system-out/>
  <testcase classname="seleniumpoperties.AlwaysRunExample" name="testcase1" time="0.000"/>
  <system-out/>
  <testcase classname="seleniumpoperties.AlwaysRunExample" name="testcase1" time="0.000"/>
  <system-out/>
  <testcase classname="seleniumpoperties.AlwaysRunExample" name="testcase1" time="0.001"/>
  <system-out/>
  <testcase classname="seleniumpoperties.AlwaysRunExample" name="testcase1" time="0.000"/>
  <system-out/>
  <testcase classname="seleniumpoperties.AlwaysRunExample" name="testcase1" time="0.000"/>
  <system-out/>
  <testcase classname="seleniumpoperties.AlwaysRunExample" name="testcase1" time="0.000"/>
  <system-out/>
  <testcase classname="seleniumpoperties.AlwaysRunExample" name="testcase1" time="0.000"/>
  <system-out/>
  <testcase classname="seleniumpoperties.AlwaysRunExample" name="testcase1" time="0.000"/>
  <system-out/>
  <testcase classname="seleniumpoperties.AlwaysRunExample" name="testcase1" time="0.000"/>
  <system-out/>
  <testcase classname="seleniumpoperties.AlwaysRunExample" name="testcase1" time="0.000"/>
  <system-out/>
  <testcase classname="seleniumpoperties.AlwaysRunExample" name="testcase1" time="0.000"/>
  <system-out/>
  <testcase classname="seleniumpoperties.AlwaysRunExample" name="testcase1" time="0.000"/>
  <system-out/>
  <testcase classname="seleniumpoperties.AlwaysRunExample" name="testcase1" time="0.000"/>
  <system-out/>
  <testcase classname="seleniumpoperties.AlwaysRunExample" name="testcase1" time="0.001"/>
  <system-out/>
  <testcase classname="seleniumpoperties.AlwaysRunExample" name="testcase1" time="0.000"/>
  <system-out/>
  <testcase classname="seleniumpoperties.AlwaysRunExample" name="testcase1" time="0.000"/>
  <system-out/>
  <testcase classname="seleniumpoperties.AlwaysRunExample" name="testcase1" time="0.000"/>
  <system-out/>
  <testcase classname="seleniumpoperties.AlwaysRunExample" name="testcase1" time="0.001"/>
  <system-out/>
  <testcase classname="seleniumpoperties.AlwaysRunExample" name="testcase1" time="0.000"/>
  <system-out/>
  <testcase classname="seleniumpoperties.AlwaysRunExample" name="testcase1" time="0.000"/>
  <system-out/>
  <testcase classname="seleniumpoperties.AlwaysRunExample" name="testcase1" time="0.000"/>
  <system-out/>
  <testcase classname="seleniumpoperties.AlwaysRunExample" name="testcase1" time="0.000"/>
  <system-out/>
  <testcase classname="seleniumpoperties.AlwaysRunExample" name="testcase1" time="0.000"/>
  <system-out/>
  <testcase classname="seleniumpoperties.AlwaysRunExample" name="testcase1" time="0.000"/>
  <system-out/>
  <testcase classname="seleniumpoperties.AlwaysRunExample" name="testcase1" time="0.000"/>
  <system-out/>
  <testcase classname="seleniumpoperties.AlwaysRunExample" name="testcase1" time="0.000"/>
  <system-out/>
  <testcase classname="seleniumpoperties.AlwaysRunExample" name="testcase1" time="0.000"/>
  <system-out/>
  <testcase classname="seleniumpoperties.AlwaysRunExample" name="testcase1" time="0.000"/>
  <system-out/>
  <testcase classname="seleniumpoperties.AlwaysRunExample" name="testcase1" time="0.000"/>
  <system-out/>
  <testcase classname="seleniumpoperties.AlwaysRunExample" name="testcase1" time="0.000"/>
  <system-out/>
  <testcase classname="seleniumpoperties.AlwaysRunExample" name="testcase1" time="0.000"/>
  <system-out/>
  <testcase classname="seleniumpoperties.AlwaysRunExample" name="testcase1" time="0.000"/>
  <system-out/>
  <testcase classname="seleniumpoperties.AlwaysRunExample" name="testcase1" time="0.000"/>
  <system-out/>
  <testcase classname="seleniumpoperties.AlwaysRunExample" name="testcase1" time="0.001"/>
  <system-out/>
  <testcase classname="seleniumpoperties.AlwaysRunExample" name="testcase1" time="0.000"/>
  <system-out/>
  <testcase classname="seleniumpoperties.AlwaysRunExample" name="testcase1" time="0.000"/>
  <system-out/>
  <testcase classname="seleniumpoperties.AlwaysRunExample" name="testcase1" time="0.001"/>
  <system-out/>
  <testcase classname="seleniumpoperties.AlwaysRunExample" name="testcase1" time="0.000"/>
  <system-out/>
  <testcase classname="seleniumpoperties.AlwaysRunExample" name="testcase1" time="0.000"/>
  <system-out/>
  <testcase classname="seleniumpoperties.AlwaysRunExample" name="testcase1" time="0.000"/>
  <system-out/>
  <testcase classname="seleniumpoperties.AlwaysRunExample" name="testcase1" time="0.000"/>
  <system-out/>
  <testcase classname="seleniumpoperties.AlwaysRunExample" name="testcase1" time="0.000"/>
  <system-out/>
  <testcase classname="seleniumpoperties.AlwaysRunExample" name="testcase1" time="0.000"/>
  <system-out/>
  <testcase classname="seleniumpoperties.AlwaysRunExample" name="testcase1" time="0.000"/>
  <system-out/>
  <testcase classname="seleniumpoperties.AlwaysRunExample" name="testcase1" time="0.000"/>
  <system-out/>
  <testcase classname="seleniumpoperties.AlwaysRunExample" name="testcase1" time="0.000"/>
  <system-out/>
  <testcase classname="seleniumpoperties.AlwaysRunExample" name="testcase1" time="0.000"/>
  <system-out/>
  <testcase classname="seleniumpoperties.AlwaysRunExample" name="testcase1" time="0.000"/>
  <system-out/>
  <testcase classname="seleniumpoperties.AlwaysRunExample" name="testcase1" time="0.000"/>
  <system-out/>
  <testcase classname="seleniumpoperties.AlwaysRunExample" name="testcase1" time="0.000"/>
  <system-out/>
  <testcase classname="seleniumpoperties.AlwaysRunExample" name="testcase1" time="0.000"/>
  <system-out/>
  <testcase classname="seleniumpoperties.AlwaysRunExample" name="testcase1" time="0.000"/>
  <system-out/>
  <testcase classname="seleniumpoperties.AlwaysRunExample" name="testcase1" time="0.001"/>
  <system-out/>
  <testcase classname="seleniumpoperties.AlwaysRunExample" name="testcase1" time="0.000"/>
  <system-out/>
  <testcase classname="seleniumpoperties.AlwaysRunExample" name="testcase1" time="0.000"/>
  <system-out/>
  <testcase classname="seleniumpoperties.AlwaysRunExample" name="testcase1" time="0.000"/>
  <system-out/>
  <testcase classname="seleniumpoperties.AlwaysRunExample" name="testcase1" time="0.000"/>
  <system-out/>
  <testcase classname="seleniumpoperties.AlwaysRunExample" name="testcase1" time="0.000"/>
  <system-out/>
  <testcase classname="seleniumpoperties.AlwaysRunExample" name="testcase1" time="0.000"/>
  <system-out/>
  <testcase classname="seleniumpoperties.AlwaysRunExample" name="testcase1" time="0.001"/>
  <system-out/>
  <testcase classname="seleniumpoperties.AlwaysRunExample" name="testcase1" time="0.000"/>
  <system-out/>
  <testcase classname="seleniumpoperties.AlwaysRunExample" name="testcase1" time="0.001"/>
  <system-out/>
  <testcase classname="seleniumpoperties.AlwaysRunExample" name="testcase1" time="0.000"/>
  <system-out/>
  <testcase classname="seleniumpoperties.AlwaysRunExample" name="testcase1" time="0.000"/>
  <system-out/>
  <testcase classname="seleniumpoperties.AlwaysRunExample" name="testcase1" time="0.000"/>
  <system-out/>
  <testcase classname="seleniumpoperties.AlwaysRunExample" name="testcase1" time="0.000"/>
  <system-out/>
  <testcase classname="seleniumpoperties.AlwaysRunExample" name="testcase1" time="0.000"/>
  <system-out/>
  <testcase classname="seleniumpoperties.AlwaysRunExample" name="testcase1" time="0.000"/>
  <system-out/>
  <testcase classname="seleniumpoperties.AlwaysRunExample" name="testcase1" time="0.000"/>
  <system-out/>
  <testcase classname="seleniumpoperties.AlwaysRunExample" name="testcase1" time="0.000"/>
  <system-out/>
  <testcase classname="seleniumpoperties.AlwaysRunExample" name="testcase1" time="0.001"/>
  <system-out/>
  <testcase classname="seleniumpoperties.AlwaysRunExample" name="testcase1" time="0.000"/>
  <system-out/>
  <testcase classname="seleniumpoperties.AlwaysRunExample" name="testcase1" time="0.000"/>
  <system-out/>
  <testcase classname="seleniumpoperties.AlwaysRunExample" name="testcase1" time="0.000"/>
  <system-out/>
  <testcase classname="seleniumpoperties.AlwaysRunExample" name="testcase1" time="0.001"/>
  <system-out/>
  <testcase classname="seleniumpoperties.AlwaysRunExample" name="testcase1" time="0.000"/>
  <system-out/>
  <testcase classname="seleniumpoperties.AlwaysRunExample" name="testcase1" time="0.000"/>
  <system-out/>
  <testcase classname="seleniumpoperties.AlwaysRunExample" name="testcase1" time="0.000"/>
  <system-out/>
  <testcase classname="seleniumpoperties.AlwaysRunExample" name="testcase1" time="0.000"/>
  <system-out/>
  <testcase classname="seleniumpoperties.AlwaysRunExample" name="testcase1" time="0.000"/>
  <system-out/>
  <testcase classname="seleniumpoperties.AlwaysRunExample" name="testcase1" time="0.000"/>
  <system-out/>
  <testcase classname="seleniumpoperties.AlwaysRunExample" name="testcase1" time="0.000"/>
  <system-out/>
  <testcase classname="seleniumpoperties.AlwaysRunExample" name="testcase1" time="0.000"/>
  <system-out/>
  <testcase classname="seleniumpoperties.AlwaysRunExample" name="testcase1" time="0.000"/>
  <system-out/>
  <testcase classname="seleniumpoperties.AlwaysRunExample" name="testcase1" time="0.000"/>
  <system-out/>
  <testcase classname="seleniumpoperties.AlwaysRunExample" name="testcase1" time="0.000"/>
  <system-out/>
  <testcase classname="seleniumpoperties.AlwaysRunExample" name="testcase1" time="0.000"/>
  <system-out/>
  <testcase classname="seleniumpoperties.AlwaysRunExample" name="testcase1" time="0.000"/>
  <system-out/>
  <testcase classname="seleniumpoperties.AlwaysRunExample" name="testcase1" time="0.000"/>
  <system-out/>
  <testcase classname="seleniumpoperties.AlwaysRunExample" name="testcase1" time="0.000"/>
  <system-out/>
  <testcase classname="seleniumpoperties.AlwaysRunExample" name="testcase1" time="0.000"/>
  <system-out/>
  <testcase classname="seleniumpoperties.AlwaysRunExample" name="testcase1" time="0.000"/>
  <system-out/>
  <testcase classname="seleniumpoperties.AlwaysRunExample" name="testcase1" time="0.000"/>
  <system-out/>
  <testcase classname="seleniumpoperties.AlwaysRunExample" name="testcase1" time="0.003"/>
  <system-out/>
  <testcase classname="seleniumpoperties.AlwaysRunExample" name="testcase1" time="0.000"/>
  <system-out/>
  <testcase classname="seleniumpoperties.AlwaysRunExample" name="testcase1" time="0.000"/>
  <system-out/>
  <testcase classname="seleniumpoperties.AlwaysRunExample" name="testcase1" time="0.000"/>
  <system-out/>
  <testcase classname="seleniumpoperties.AlwaysRunExample" name="testcase1" time="0.000"/>
  <system-out/>
  <testcase classname="seleniumpoperties.AlwaysRunExample" name="testcase1" time="0.000"/>
  <system-out/>
  <testcase classname="seleniumpoperties.AlwaysRunExample" name="testcase1" time="0.000"/>
  <system-out/>
  <testcase classname="seleniumpoperties.AlwaysRunExample" name="testcase1" time="0.000"/>
  <system-out/>
  <testcase classname="seleniumpoperties.AlwaysRunExample" name="testcase1" time="0.000"/>
  <system-out/>
  <testcase classname="seleniumpoperties.AlwaysRunExample" name="testcase1" time="0.000"/>
  <system-out/>
  <testcase classname="seleniumpoperties.AlwaysRunExample" name="testcase1" time="0.001"/>
  <system-out/>
  <testcase classname="seleniumpoperties.AlwaysRunExample" name="testcase1" time="0.000"/>
  <system-out/>
  <testcase classname="seleniumpoperties.AlwaysRunExample" name="testcase1" time="0.000"/>
  <system-out/>
  <testcase classname="seleniumpoperties.AlwaysRunExample" name="testcase1" time="0.000"/>
  <system-out/>
  <testcase classname="seleniumpoperties.AlwaysRunExample" name="testcase1" time="0.000"/>
  <system-out/>
  <testcase classname="seleniumpoperties.AlwaysRunExample" name="testcase1" time="0.000"/>
  <system-out/>
  <testcase classname="seleniumpoperties.AlwaysRunExample" name="testcase1" time="0.000"/>
  <system-out/>
  <testcase classname="seleniumpoperties.AlwaysRunExample" name="testcase1" time="0.000"/>
  <system-out/>
  <testcase classname="seleniumpoperties.AlwaysRunExample" name="testcase1" time="0.000"/>
  <system-out/>
  <testcase classname="seleniumpoperties.AlwaysRunExample" name="testcase1" time="0.000"/>
  <system-out/>
  <testcase classname="seleniumpoperties.AlwaysRunExample" name="testcase1" time="0.000"/>
  <system-out/>
  <testcase classname="seleniumpoperties.AlwaysRunExample" name="testcase1" time="0.000"/>
  <system-out/>
  <testcase classname="seleniumpoperties.AlwaysRunExample" name="testcase1" time="0.001"/>
  <system-out/>
  <testcase classname="seleniumpoperties.AlwaysRunExample" name="testcase1" time="0.000"/>
  <system-out/>
  <testcase classname="seleniumpoperties.AlwaysRunExample" name="testcase1" time="0.000"/>
  <system-out/>
  <testcase classname="seleniumpoperties.AlwaysRunExample" name="testcase1" time="0.000"/>
  <system-out/>
  <testcase classname="seleniumpoperties.AlwaysRunExample" name="testcase1" time="0.000"/>
  <system-out/>
  <testcase classname="seleniumpoperties.AlwaysRunExample" name="testcase1" time="0.000"/>
  <system-out/>
  <testcase classname="seleniumpoperties.AlwaysRunExample" name="testcase1" time="0.000"/>
  <system-out/>
  <testcase classname="seleniumpoperties.AlwaysRunExample" name="testcase1" time="0.000"/>
  <system-out/>
  <testcase classname="seleniumpoperties.AlwaysRunExample" name="testcase1" time="0.000"/>
  <system-out/>
  <testcase classname="seleniumpoperties.AlwaysRunExample" name="testcase1" time="0.000"/>
  <system-out/>
  <testcase classname="seleniumpoperties.AlwaysRunExample" name="testcase1" time="0.000"/>
  <system-out/>
  <testcase classname="seleniumpoperties.AlwaysRunExample" name="testcase1" time="0.000"/>
  <system-out/>
  <testcase classname="seleniumpoperties.AlwaysRunExample" name="testcase1" time="0.001"/>
  <system-out/>
  <testcase classname="seleniumpoperties.AlwaysRunExample" name="testcase1" time="0.002"/>
  <system-out/>
  <testcase classname="seleniumpoperties.AlwaysRunExample" name="testcase1" time="0.000"/>
  <system-out/>
  <testcase classname="seleniumpoperties.AlwaysRunExample" name="testcase1" time="0.000"/>
  <system-out/>
  <testcase classname="seleniumpoperties.AlwaysRunExample" name="testcase1" time="0.000"/>
  <system-out/>
  <testcase classname="seleniumpoperties.AlwaysRunExample" name="testcase1" time="0.000"/>
  <system-out/>
  <testcase classname="seleniumpoperties.AlwaysRunExample" name="testcase1" time="0.000"/>
  <system-out/>
  <testcase classname="seleniumpoperties.AlwaysRunExample" name="testcase1" time="0.000"/>
  <system-out/>
  <testcase classname="seleniumpoperties.AlwaysRunExample" name="testcase1" time="0.000"/>
  <system-out/>
  <testcase classname="seleniumpoperties.AlwaysRunExample" name="testcase1" time="0.000"/>
  <system-out/>
  <testcase classname="seleniumpoperties.AlwaysRunExample" name="testcase1" time="0.000"/>
  <system-out/>
  <testcase classname="seleniumpoperties.AlwaysRunExample" name="testcase1" time="0.000"/>
  <system-out/>
  <testcase classname="seleniumpoperties.AlwaysRunExample" name="testcase1" time="0.000"/>
  <system-out/>
  <testcase classname="seleniumpoperties.AlwaysRunExample" name="testcase1" time="0.000"/>
  <system-out/>
  <testcase classname="seleniumpoperties.AlwaysRunExample" name="testcase1" time="0.000"/>
  <system-out/>
  <testcase classname="seleniumpoperties.AlwaysRunExample" name="testcase1" time="0.000"/>
  <system-out/>
  <testcase classname="seleniumpoperties.AlwaysRunExample" name="testcase1" time="0.000"/>
  <system-out/>
  <testcase classname="seleniumpoperties.AlwaysRunExample" name="testcase1" time="0.000"/>
  <system-out/>
  <testcase classname="seleniumpoperties.AlwaysRunExample" name="testcase1" time="0.000"/>
  <system-out/>
  <testcase classname="seleniumpoperties.AlwaysRunExample" name="testcase1" time="0.000"/>
  <system-out/>
  <testcase classname="seleniumpoperties.AlwaysRunExample" name="testcase1" time="0.000"/>
  <system-out/>
  <testcase classname="seleniumpoperties.AlwaysRunExample" name="testcase1" time="0.000"/>
  <system-out/>
  <testcase classname="seleniumpoperties.AlwaysRunExample" name="testcase1" time="0.000"/>
  <system-out/>
  <testcase classname="seleniumpoperties.AlwaysRunExample" name="testcase1" time="0.001"/>
  <system-out/>
  <testcase classname="seleniumpoperties.AlwaysRunExample" name="testcase1" time="0.000"/>
  <system-out/>
  <testcase classname="seleniumpoperties.AlwaysRunExample" name="testcase1" time="0.000"/>
  <system-out/>
  <testcase classname="seleniumpoperties.AlwaysRunExample" name="testcase1" time="0.000"/>
  <system-out/>
  <testcase classname="seleniumpoperties.AlwaysRunExample" name="testcase1" time="0.000"/>
  <system-out/>
  <testcase classname="seleniumpoperties.AlwaysRunExample" name="testcase1" time="0.000"/>
  <system-out/>
  <testcase classname="seleniumpoperties.AlwaysRunExample" name="testcase1" time="0.000"/>
  <system-out/>
  <testcase classname="seleniumpoperties.AlwaysRunExample" name="testcase1" time="0.000"/>
  <system-out/>
  <testcase classname="seleniumpoperties.AlwaysRunExample" name="testcase1" time="0.001"/>
  <system-out/>
  <testcase classname="seleniumpoperties.AlwaysRunExample" name="testcase1" time="0.000"/>
  <system-out/>
  <testcase classname="seleniumpoperties.AlwaysRunExample" name="testcase1" time="0.000"/>
  <system-out/>
  <testcase classname="seleniumpoperties.AlwaysRunExample" name="testcase1" time="0.000"/>
  <system-out/>
  <testcase classname="seleniumpoperties.AlwaysRunExample" name="testcase1" time="0.000"/>
  <system-out/>
  <testcase classname="seleniumpoperties.AlwaysRunExample" name="testcase1" time="0.000"/>
  <system-out/>
  <testcase classname="seleniumpoperties.AlwaysRunExample" name="testcase1" time="0.000"/>
  <system-out/>
  <testcase classname="seleniumpoperties.AlwaysRunExample" name="testcase1" time="0.000"/>
  <system-out/>
  <testcase classname="seleniumpoperties.AlwaysRunExample" name="testcase1" time="0.000"/>
  <system-out/>
  <testcase classname="seleniumpoperties.AlwaysRunExample" name="testcase1" time="0.000"/>
  <system-out/>
  <testcase classname="seleniumpoperties.AlwaysRunExample" name="testcase1" time="0.000"/>
  <system-out/>
  <testcase classname="seleniumpoperties.AlwaysRunExample" name="testcase1" time="0.000"/>
  <system-out/>
  <testcase classname="seleniumpoperties.AlwaysRunExample" name="testcase1" time="0.000"/>
  <system-out/>
  <testcase classname="seleniumpoperties.AlwaysRunExample" name="testcase1" time="0.000"/>
  <system-out/>
  <testcase classname="seleniumpoperties.AlwaysRunExample" name="testcase1" time="0.000"/>
  <system-out/>
  <testcase classname="seleniumpoperties.AlwaysRunExample" name="testcase1" time="0.000"/>
  <system-out/>
  <testcase classname="seleniumpoperties.AlwaysRunExample" name="testcase1" time="0.000"/>
  <system-out/>
  <testcase classname="seleniumpoperties.AlwaysRunExample" name="testcase1" time="0.000"/>
  <system-out/>
  <testcase classname="seleniumpoperties.AlwaysRunExample" name="testcase1" time="0.000"/>
  <system-out/>
  <testcase classname="seleniumpoperties.AlwaysRunExample" name="testcase1" time="0.000"/>
  <system-out/>
  <testcase classname="seleniumpoperties.AlwaysRunExample" name="testcase1" time="0.000"/>
  <system-out/>
  <testcase classname="seleniumpoperties.AlwaysRunExample" name="testcase1" time="0.000"/>
  <system-out/>
  <testcase classname="seleniumpoperties.AlwaysRunExample" name="testcase1" time="0.000"/>
  <system-out/>
  <testcase classname="seleniumpoperties.AlwaysRunExample" name="testcase1" time="0.001"/>
  <system-out/>
  <testcase classname="seleniumpoperties.AlwaysRunExample" name="testcase1" time="0.000"/>
  <system-out/>
  <testcase classname="seleniumpoperties.AlwaysRunExample" name="testcase1" time="0.000"/>
  <system-out/>
  <testcase classname="seleniumpoperties.AlwaysRunExample" name="testcase1" time="0.000"/>
  <system-out/>
  <testcase classname="seleniumpoperties.AlwaysRunExample" name="testcase1" time="0.000"/>
  <system-out/>
  <testcase classname="seleniumpoperties.AlwaysRunExample" name="testcase1" time="0.000"/>
  <system-out/>
  <testcase classname="seleniumpoperties.AlwaysRunExample" name="testcase1" time="0.000"/>
  <system-out/>
  <testcase classname="seleniumpoperties.AlwaysRunExample" name="testcase1" time="0.000"/>
  <system-out/>
  <testcase classname="seleniumpoperties.AlwaysRunExample" name="testcase1" time="0.000"/>
  <system-out/>
  <testcase classname="seleniumpoperties.AlwaysRunExample" name="testcase1" time="0.000"/>
  <system-out/>
  <testcase classname="seleniumpoperties.AlwaysRunExample" name="testcase1" time="0.000"/>
  <system-out/>
  <testcase classname="seleniumpoperties.AlwaysRunExample" name="testcase1" time="0.000"/>
  <system-out/>
  <testcase classname="seleniumpoperties.AlwaysRunExample" name="testcase1" time="0.000"/>
  <system-out/>
  <testcase classname="seleniumpoperties.AlwaysRunExample" name="testcase1" time="0.000"/>
  <system-out/>
  <testcase classname="seleniumpoperties.AlwaysRunExample" name="testcase1" time="0.000"/>
  <system-out/>
  <testcase classname="seleniumpoperties.AlwaysRunExample" name="testcase1" time="0.000"/>
  <system-out/>
  <testcase classname="seleniumpoperties.AlwaysRunExample" name="testcase1" time="0.001"/>
  <system-out/>
  <testcase classname="seleniumpoperties.AlwaysRunExample" name="testcase1" time="0.000"/>
  <system-out/>
  <testcase classname="seleniumpoperties.AlwaysRunExample" name="testcase1" time="0.000"/>
  <system-out/>
  <testcase classname="seleniumpoperties.AlwaysRunExample" name="testcase1" time="0.000"/>
  <system-out/>
  <testcase classname="seleniumpoperties.AlwaysRunExample" name="testcase1" time="0.000"/>
  <system-out/>
  <testcase classname="seleniumpoperties.AlwaysRunExample" name="testcase1" time="0.000"/>
  <system-out/>
  <testcase classname="seleniumpoperties.AlwaysRunExample" name="testcase1" time="0.000"/>
  <system-out/>
  <testcase classname="seleniumpoperties.AlwaysRunExample" name="testcase1" time="0.000"/>
  <system-out/>
  <testcase classname="seleniumpoperties.AlwaysRunExample" name="testcase1" time="0.000"/>
  <system-out/>
  <testcase classname="seleniumpoperties.AlwaysRunExample" name="testcase1" time="0.000"/>
  <system-out/>
  <testcase classname="seleniumpoperties.AlwaysRunExample" name="testcase1" time="0.001"/>
  <system-out/>
  <testcase classname="seleniumpoperties.AlwaysRunExample" name="testcase1" time="0.001"/>
  <system-out/>
  <testcase classname="seleniumpoperties.AlwaysRunExample" name="testcase1" time="0.000"/>
  <system-out/>
  <testcase classname="seleniumpoperties.AlwaysRunExample" name="testcase1" time="0.000"/>
  <system-out/>
  <testcase classname="seleniumpoperties.AlwaysRunExample" name="testcase1" time="0.000"/>
  <system-out/>
  <testcase classname="seleniumpoperties.AlwaysRunExample" name="testcase1" time="0.000"/>
  <system-out/>
  <testcase classname="seleniumpoperties.AlwaysRunExample" name="testcase1" time="0.000"/>
  <system-out/>
  <testcase classname="seleniumpoperties.AlwaysRunExample" name="testcase1" time="0.000"/>
  <system-out/>
  <testcase classname="seleniumpoperties.AlwaysRunExample" name="testcase1" time="0.000"/>
  <system-out/>
  <testcase classname="seleniumpoperties.AlwaysRunExample" name="testcase1" time="0.000"/>
  <system-out/>
  <testcase classname="seleniumpoperties.AlwaysRunExample" name="testcase1" time="0.000"/>
  <system-out/>
  <testcase classname="seleniumpoperties.AlwaysRunExample" name="testcase1" time="0.000"/>
  <system-out/>
  <testcase classname="seleniumpoperties.AlwaysRunExample" name="testcase1" time="0.000"/>
  <system-out/>
  <testcase classname="seleniumpoperties.AlwaysRunExample" name="testcase1" time="0.000"/>
  <system-out/>
  <testcase classname="seleniumpoperties.AlwaysRunExample" name="testcase1" time="0.000"/>
  <system-out/>
  <testcase classname="seleniumpoperties.AlwaysRunExample" name="testcase1" time="0.000"/>
  <system-out/>
  <testcase classname="seleniumpoperties.AlwaysRunExample" name="testcase1" time="0.000"/>
  <system-out/>
  <testcase classname="seleniumpoperties.AlwaysRunExample" name="testcase1" time="0.000"/>
  <system-out/>
  <testcase classname="seleniumpoperties.AlwaysRunExample" name="testcase1" time="0.000"/>
  <system-out/>
  <testcase classname="seleniumpoperties.AlwaysRunExample" name="testcase1" time="0.000"/>
  <system-out/>
  <testcase classname="seleniumpoperties.AlwaysRunExample" name="testcase1" time="0.000"/>
  <system-out/>
  <testcase classname="seleniumpoperties.AlwaysRunExample" name="testcase1" time="0.000"/>
  <system-out/>
  <testcase classname="seleniumpoperties.AlwaysRunExample" name="testcase1" time="0.000"/>
  <system-out/>
  <testcase classname="seleniumpoperties.AlwaysRunExample" name="testcase1" time="0.000"/>
  <system-out/>
  <testcase classname="seleniumpoperties.AlwaysRunExample" name="testcase1" time="0.000"/>
  <system-out/>
  <testcase classname="seleniumpoperties.AlwaysRunExample" name="testcase1" time="0.000"/>
  <system-out/>
  <testcase classname="seleniumpoperties.AlwaysRunExample" name="testcase1" time="0.000"/>
  <system-out/>
  <testcase classname="seleniumpoperties.AlwaysRunExample" name="testcase1" time="0.000"/>
  <system-out/>
  <testcase classname="seleniumpoperties.AlwaysRunExample" name="testcase1" time="0.000"/>
  <system-out/>
  <testcase classname="seleniumpoperties.AlwaysRunExample" name="testcase1" time="0.000"/>
  <system-out/>
  <testcase classname="seleniumpoperties.AlwaysRunExample" name="testcase1" time="0.000"/>
  <system-out/>
  <testcase classname="seleniumpoperties.AlwaysRunExample" name="testcase1" time="0.000"/>
  <system-out/>
  <testcase classname="seleniumpoperties.AlwaysRunExample" name="testcase1" time="0.000"/>
  <system-out/>
  <testcase classname="seleniumpoperties.AlwaysRunExample" name="testcase1" time="0.000"/>
  <system-out/>
  <testcase classname="seleniumpoperties.AlwaysRunExample" name="testcase1" time="0.000"/>
  <system-out/>
  <testcase classname="seleniumpoperties.AlwaysRunExample" name="testcase1" time="0.001"/>
  <system-out/>
  <testcase classname="seleniumpoperties.AlwaysRunExample" name="testcase1" time="0.000"/>
  <system-out/>
  <testcase classname="seleniumpoperties.AlwaysRunExample" name="testcase1" time="0.001"/>
  <system-out/>
  <testcase classname="seleniumpoperties.AlwaysRunExample" name="testcase1" time="0.000"/>
  <system-out/>
  <testcase classname="seleniumpoperties.AlwaysRunExample" name="testcase1" time="0.000"/>
  <system-out/>
  <testcase classname="seleniumpoperties.AlwaysRunExample" name="testcase1" time="0.000"/>
  <system-out/>
  <testcase classname="seleniumpoperties.AlwaysRunExample" name="testcase1" time="0.000"/>
  <system-out/>
  <testcase classname="seleniumpoperties.AlwaysRunExample" name="testcase1" time="0.000"/>
  <system-out/>
  <testcase classname="seleniumpoperties.AlwaysRunExample" name="testcase1" time="0.001"/>
  <system-out/>
  <testcase classname="seleniumpoperties.AlwaysRunExample" name="testcase1" time="0.000"/>
  <system-out/>
  <testcase classname="seleniumpoperties.AlwaysRunExample" name="testcase1" time="0.000"/>
  <system-out/>
  <testcase classname="seleniumpoperties.AlwaysRunExample" name="testcase1" time="0.000"/>
  <system-out/>
  <testcase classname="seleniumpoperties.AlwaysRunExample" name="testcase1" time="0.000"/>
  <system-out/>
  <testcase classname="seleniumpoperties.AlwaysRunExample" name="testcase1" time="0.000"/>
  <system-out/>
  <testcase classname="seleniumpoperties.AlwaysRunExample" name="testcase1" time="0.000"/>
  <system-out/>
  <testcase classname="seleniumpoperties.AlwaysRunExample" name="testcase1" time="0.001"/>
  <system-out/>
  <testcase classname="seleniumpoperties.AlwaysRunExample" name="testcase1" time="0.000"/>
  <system-out/>
  <testcase classname="seleniumpoperties.AlwaysRunExample" name="testcase1" time="0.000"/>
  <system-out/>
  <testcase classname="seleniumpoperties.AlwaysRunExample" name="testcase1" time="0.000"/>
  <system-out/>
  <testcase classname="seleniumpoperties.AlwaysRunExample" name="testcase1" time="0.001"/>
  <system-out/>
  <testcase classname="seleniumpoperties.AlwaysRunExample" name="testcase1" time="0.001"/>
  <system-out/>
  <testcase classname="seleniumpoperties.AlwaysRunExample" name="testcase1" time="0.000"/>
  <system-out/>
  <testcase classname="seleniumpoperties.AlwaysRunExample" name="testcase1" time="0.000"/>
  <system-out/>
  <testcase classname="seleniumpoperties.AlwaysRunExample" name="testcase1" time="0.000"/>
  <system-out/>
  <testcase classname="seleniumpoperties.AlwaysRunExample" name="testcase1" time="0.000"/>
  <system-out/>
  <testcase classname="seleniumpoperties.AlwaysRunExample" name="testcase1" time="0.000"/>
  <system-out/>
  <testcase classname="seleniumpoperties.AlwaysRunExample" name="testcase1" time="0.000"/>
  <system-out/>
  <testcase classname="seleniumpoperties.AlwaysRunExample" name="testcase1" time="0.000"/>
  <system-out/>
  <testcase classname="seleniumpoperties.AlwaysRunExample" name="testcase1" time="0.000"/>
  <system-out/>
  <testcase classname="seleniumpoperties.AlwaysRunExample" name="testcase1" time="0.000"/>
  <system-out/>
  <testcase classname="seleniumpoperties.AlwaysRunExample" name="testcase1" time="0.000"/>
  <system-out/>
  <testcase classname="seleniumpoperties.AlwaysRunExample" name="testcase1" time="0.000"/>
  <system-out/>
  <testcase classname="seleniumpoperties.AlwaysRunExample" name="testcase1" time="0.000"/>
  <system-out/>
  <testcase classname="seleniumpoperties.AlwaysRunExample" name="testcase1" time="0.000"/>
  <system-out/>
  <testcase classname="seleniumpoperties.AlwaysRunExample" name="testcase1" time="0.000"/>
  <system-out/>
  <testcase classname="seleniumpoperties.AlwaysRunExample" name="testcase1" time="0.000"/>
  <system-out/>
  <testcase classname="seleniumpoperties.AlwaysRunExample" name="testcase1" time="0.000"/>
  <system-out/>
  <testcase classname="seleniumpoperties.AlwaysRunExample" name="testcase1" time="0.000"/>
  <system-out/>
  <testcase classname="seleniumpoperties.AlwaysRunExample" name="testcase1" time="0.000"/>
  <system-out/>
  <testcase classname="seleniumpoperties.AlwaysRunExample" name="testcase1" time="0.000"/>
  <system-out/>
  <testcase classname="seleniumpoperties.AlwaysRunExample" name="testcase1" time="0.000"/>
  <system-out/>
  <testcase classname="seleniumpoperties.AlwaysRunExample" name="testcase1" time="0.000"/>
  <system-out/>
  <testcase classname="seleniumpoperties.AlwaysRunExample" name="testcase1" time="0.000"/>
  <system-out/>
  <testcase classname="seleniumpoperties.AlwaysRunExample" name="testcase1" time="0.000"/>
  <system-out/>
  <testcase classname="seleniumpoperties.AlwaysRunExample" name="testcase1" time="0.000"/>
  <system-out/>
  <testcase classname="seleniumpoperties.AlwaysRunExample" name="testcase1" time="0.000"/>
  <system-out/>
  <testcase classname="seleniumpoperties.AlwaysRunExample" name="testcase1" time="0.000"/>
  <system-out/>
  <testcase classname="seleniumpoperties.AlwaysRunExample" name="testcase1" time="0.000"/>
  <system-out/>
  <testcase classname="seleniumpoperties.AlwaysRunExample" name="testcase1" time="0.000"/>
  <system-out/>
  <testcase classname="seleniumpoperties.AlwaysRunExample" name="testcase1" time="0.000"/>
  <system-out/>
  <testcase classname="seleniumpoperties.AlwaysRunExample" name="testcase1" time="0.000"/>
  <system-out/>
  <testcase classname="seleniumpoperties.AlwaysRunExample" name="testcase1" time="0.000"/>
  <system-out/>
  <testcase classname="seleniumpoperties.AlwaysRunExample" name="testcase1" time="0.000"/>
  <system-out/>
  <testcase classname="seleniumpoperties.AlwaysRunExample" name="testcase1" time="0.000"/>
  <system-out/>
  <testcase classname="seleniumpoperties.AlwaysRunExample" name="testcase1" time="0.000"/>
  <system-out/>
  <testcase classname="seleniumpoperties.AlwaysRunExample" name="testcase1" time="0.000"/>
  <system-out/>
  <testcase classname="seleniumpoperties.AlwaysRunExample" name="testcase1" time="0.000"/>
  <system-out/>
  <testcase classname="seleniumpoperties.AlwaysRunExample" name="testcase1" time="0.001"/>
  <system-out/>
  <testcase classname="seleniumpoperties.AlwaysRunExample" name="testcase1" time="0.001"/>
  <system-out/>
  <testcase classname="seleniumpoperties.AlwaysRunExample" name="testcase1" time="0.000"/>
  <system-out/>
  <testcase classname="seleniumpoperties.AlwaysRunExample" name="testcase1" time="0.000"/>
  <system-out/>
  <testcase classname="seleniumpoperties.AlwaysRunExample" name="testcase1" time="0.000"/>
  <system-out/>
  <testcase classname="seleniumpoperties.AlwaysRunExample" name="testcase1" time="0.000"/>
  <system-out/>
  <testcase classname="seleniumpoperties.AlwaysRunExample" name="testcase1" time="0.000"/>
  <system-out/>
  <testcase classname="seleniumpoperties.AlwaysRunExample" name="testcase1" time="0.000"/>
  <system-out/>
  <testcase classname="seleniumpoperties.AlwaysRunExample" name="testcase1" time="0.001"/>
  <system-out/>
  <testcase classname="seleniumpoperties.AlwaysRunExample" name="testcase1" time="0.000"/>
  <system-out/>
  <testcase classname="seleniumpoperties.AlwaysRunExample" name="testcase1" time="0.000"/>
  <system-out/>
  <testcase classname="seleniumpoperties.AlwaysRunExample" name="testcase1" time="0.004"/>
  <system-out/>
  <testcase classname="seleniumpoperties.AlwaysRunExample" name="testcase1" time="0.000"/>
  <system-out/>
  <testcase classname="seleniumpoperties.AlwaysRunExample" name="testcase1" time="0.246"/>
  <system-out/>
  <testcase classname="seleniumpoperties.AlwaysRunExample" name="testcase1" time="0.000"/>
  <system-out/>
  <testcase classname="seleniumpoperties.AlwaysRunExample" name="testcase1" time="0.000"/>
  <system-out/>
  <testcase classname="seleniumpoperties.AlwaysRunExample" name="testcase1" time="0.001"/>
  <system-out/>
  <testcase classname="seleniumpoperties.AlwaysRunExample" name="testcase1" time="0.000"/>
  <system-out/>
  <testcase classname="seleniumpoperties.AlwaysRunExample" name="testcase1" time="0.000"/>
  <system-out/>
  <testcase classname="seleniumpoperties.AlwaysRunExample" name="testcase1" time="0.000"/>
  <system-out/>
  <testcase classname="seleniumpoperties.AlwaysRunExample" name="testcase1" time="0.000"/>
  <system-out/>
  <testcase classname="seleniumpoperties.AlwaysRunExample" name="testcase1" time="0.000"/>
  <system-out/>
  <testcase classname="seleniumpoperties.AlwaysRunExample" name="testcase1" time="0.000"/>
  <system-out/>
  <testcase classname="seleniumpoperties.AlwaysRunExample" name="testcase1" time="0.000"/>
  <system-out/>
  <testcase classname="seleniumpoperties.AlwaysRunExample" name="testcase1" time="0.000"/>
  <system-out/>
  <testcase classname="seleniumpoperties.AlwaysRunExample" name="testcase1" time="0.000"/>
  <system-out/>
  <testcase classname="seleniumpoperties.AlwaysRunExample" name="testcase1" time="0.001"/>
  <system-out/>
  <testcase classname="seleniumpoperties.AlwaysRunExample" name="testcase1" time="0.001"/>
  <system-out/>
  <testcase classname="seleniumpoperties.AlwaysRunExample" name="testcase1" time="0.001"/>
  <system-out/>
  <testcase classname="seleniumpoperties.AlwaysRunExample" name="testcase1" time="0.000"/>
  <system-out/>
  <testcase classname="seleniumpoperties.AlwaysRunExample" name="testcase1" time="0.001"/>
  <system-out/>
  <testcase classname="seleniumpoperties.AlwaysRunExample" name="testcase1" time="0.000"/>
  <system-out/>
  <testcase classname="seleniumpoperties.AlwaysRunExample" name="testcase1" time="0.000"/>
  <system-out/>
  <testcase classname="seleniumpoperties.AlwaysRunExample" name="testcase1" time="0.001"/>
  <system-out/>
  <testcase classname="seleniumpoperties.AlwaysRunExample" name="testcase1" time="0.001"/>
  <system-out/>
  <testcase classname="seleniumpoperties.AlwaysRunExample" name="testcase1" time="0.000"/>
  <system-out/>
  <testcase classname="seleniumpoperties.AlwaysRunExample" name="testcase1" time="0.000"/>
  <system-out/>
  <testcase classname="seleniumpoperties.AlwaysRunExample" name="testcase1" time="0.000"/>
  <system-out/>
  <testcase classname="seleniumpoperties.AlwaysRunExample" name="testcase1" time="0.000"/>
  <system-out/>
  <testcase classname="seleniumpoperties.AlwaysRunExample" name="testcase1" time="0.000"/>
  <system-out/>
  <testcase classname="seleniumpoperties.AlwaysRunExample" name="testcase1" time="0.000"/>
  <system-out/>
  <testcase classname="seleniumpoperties.AlwaysRunExample" name="testcase1" time="0.000"/>
  <system-out/>
  <testcase classname="seleniumpoperties.AlwaysRunExample" name="testcase1" time="0.000"/>
  <system-out/>
  <testcase classname="seleniumpoperties.AlwaysRunExample" name="testcase1" time="0.000"/>
  <system-out/>
  <testcase classname="seleniumpoperties.AlwaysRunExample" name="testcase1" time="0.000"/>
  <system-out/>
  <testcase classname="seleniumpoperties.AlwaysRunExample" name="testcase1" time="0.000"/>
  <system-out/>
  <testcase classname="seleniumpoperties.AlwaysRunExample" name="testcase1" time="0.000"/>
  <system-out/>
  <testcase classname="seleniumpoperties.AlwaysRunExample" name="testcase1" time="0.000"/>
  <system-out/>
  <testcase classname="seleniumpoperties.AlwaysRunExample" name="testcase1" time="0.000"/>
  <system-out/>
  <testcase classname="seleniumpoperties.AlwaysRunExample" name="testcase1" time="0.001"/>
  <system-out/>
  <testcase classname="seleniumpoperties.AlwaysRunExample" name="testcase1" time="0.000"/>
  <system-out/>
  <testcase classname="seleniumpoperties.AlwaysRunExample" name="testcase1" time="0.000"/>
  <system-out/>
  <testcase classname="seleniumpoperties.AlwaysRunExample" name="testcase1" time="0.000"/>
  <system-out/>
  <testcase classname="seleniumpoperties.AlwaysRunExample" name="testcase1" time="0.000"/>
  <system-out/>
  <testcase classname="seleniumpoperties.AlwaysRunExample" name="testcase1" time="0.000"/>
  <system-out/>
  <testcase classname="seleniumpoperties.AlwaysRunExample" name="testcase1" time="0.000"/>
  <system-out/>
  <testcase classname="seleniumpoperties.AlwaysRunExample" name="testcase1" time="0.001"/>
  <system-out/>
  <testcase classname="seleniumpoperties.AlwaysRunExample" name="testcase1" time="0.000"/>
  <system-out/>
  <testcase classname="seleniumpoperties.AlwaysRunExample" name="testcase1" time="0.000"/>
  <system-out/>
  <testcase classname="seleniumpoperties.AlwaysRunExample" name="testcase1" time="0.000"/>
  <system-out/>
  <testcase classname="seleniumpoperties.AlwaysRunExample" name="testcase1" time="0.000"/>
  <system-out/>
  <testcase classname="seleniumpoperties.AlwaysRunExample" name="testcase1" time="0.000"/>
  <system-out/>
  <testcase classname="seleniumpoperties.AlwaysRunExample" name="testcase1" time="0.000"/>
  <system-out/>
  <testcase classname="seleniumpoperties.AlwaysRunExample" name="testcase1" time="0.000"/>
  <system-out/>
  <testcase classname="seleniumpoperties.AlwaysRunExample" name="testcase1" time="0.001"/>
  <system-out/>
  <testcase classname="seleniumpoperties.AlwaysRunExample" name="testcase1" time="0.000"/>
  <system-out/>
  <testcase classname="seleniumpoperties.AlwaysRunExample" name="testcase1" time="0.002"/>
  <system-out/>
  <testcase classname="seleniumpoperties.AlwaysRunExample" name="testcase1" time="0.000"/>
  <system-out/>
  <testcase classname="seleniumpoperties.AlwaysRunExample" name="testcase1" time="0.001"/>
  <system-out/>
  <testcase classname="seleniumpoperties.AlwaysRunExample" name="testcase1" time="0.000"/>
  <system-out/>
  <testcase classname="seleniumpoperties.AlwaysRunExample" name="testcase1" time="0.000"/>
  <system-out/>
  <testcase classname="seleniumpoperties.AlwaysRunExample" name="testcase1" time="0.000"/>
  <system-out/>
  <testcase classname="seleniumpoperties.AlwaysRunExample" name="testcase1" time="0.000"/>
  <system-out/>
  <testcase classname="seleniumpoperties.AlwaysRunExample" name="testcase1" time="0.000"/>
  <system-out/>
  <testcase classname="seleniumpoperties.AlwaysRunExample" name="testcase1" time="0.000"/>
  <system-out/>
  <testcase classname="seleniumpoperties.AlwaysRunExample" name="testcase1" time="0.000"/>
  <system-out/>
  <testcase classname="seleniumpoperties.AlwaysRunExample" name="testcase1" time="0.000"/>
  <system-out/>
  <testcase classname="seleniumpoperties.AlwaysRunExample" name="testcase1" time="0.000"/>
  <system-out/>
  <testcase classname="seleniumpoperties.AlwaysRunExample" name="testcase1" time="0.000"/>
  <system-out/>
  <testcase classname="seleniumpoperties.AlwaysRunExample" name="testcase1" time="0.000"/>
  <system-out/>
  <testcase classname="seleniumpoperties.AlwaysRunExample" name="testcase1" time="0.000"/>
  <system-out/>
  <testcase classname="seleniumpoperties.AlwaysRunExample" name="testcase1" time="0.000"/>
  <system-out/>
  <testcase classname="seleniumpoperties.AlwaysRunExample" name="testcase1" time="0.000"/>
  <system-out/>
  <testcase classname="seleniumpoperties.AlwaysRunExample" name="testcase1" time="0.000"/>
  <system-out/>
  <testcase classname="seleniumpoperties.AlwaysRunExample" name="testcase1" time="0.000"/>
  <system-out/>
  <testcase classname="seleniumpoperties.AlwaysRunExample" name="testcase1" time="0.000"/>
  <system-out/>
  <testcase classname="seleniumpoperties.AlwaysRunExample" name="testcase1" time="0.001"/>
  <system-out/>
  <testcase classname="seleniumpoperties.AlwaysRunExample" name="testcase1" time="0.000"/>
  <system-out/>
  <testcase classname="seleniumpoperties.AlwaysRunExample" name="testcase1" time="0.000"/>
  <system-out/>
  <testcase classname="seleniumpoperties.AlwaysRunExample" name="testcase1" time="0.000"/>
  <system-out/>
  <testcase classname="seleniumpoperties.AlwaysRunExample" name="testcase1" time="0.000"/>
  <system-out/>
  <testcase classname="seleniumpoperties.AlwaysRunExample" name="testcase1" time="0.000"/>
  <system-out/>
  <testcase classname="seleniumpoperties.AlwaysRunExample" name="testcase1" time="0.000"/>
  <system-out/>
  <testcase classname="seleniumpoperties.AlwaysRunExample" name="testcase1" time="0.000"/>
  <system-out/>
  <testcase classname="seleniumpoperties.AlwaysRunExample" name="testcase1" time="0.001"/>
  <system-out/>
  <testcase classname="seleniumpoperties.AlwaysRunExample" name="testcase1" time="0.000"/>
  <system-out/>
  <testcase classname="seleniumpoperties.AlwaysRunExample" name="testcase1" time="0.000"/>
  <system-out/>
  <testcase classname="seleniumpoperties.AlwaysRunExample" name="testcase1" time="0.000"/>
  <system-out/>
  <testcase classname="seleniumpoperties.AlwaysRunExample" name="testcase1" time="0.000"/>
  <system-out/>
  <testcase classname="seleniumpoperties.AlwaysRunExample" name="testcase1" time="0.000"/>
  <system-out/>
  <testcase classname="seleniumpoperties.AlwaysRunExample" name="testcase1" time="0.000"/>
  <system-out/>
  <testcase classname="seleniumpoperties.AlwaysRunExample" name="testcase1" time="0.001"/>
  <system-out/>
  <testcase classname="seleniumpoperties.AlwaysRunExample" name="testcase1" time="0.000"/>
  <system-out/>
  <testcase classname="seleniumpoperties.AlwaysRunExample" name="testcase1" time="0.000"/>
  <system-out/>
  <testcase classname="seleniumpoperties.AlwaysRunExample" name="testcase1" time="0.000"/>
  <system-out/>
  <testcase classname="seleniumpoperties.AlwaysRunExample" name="testcase1" time="0.000"/>
  <system-out/>
  <testcase classname="seleniumpoperties.AlwaysRunExample" name="testcase1" time="0.000"/>
  <system-out/>
  <testcase classname="seleniumpoperties.AlwaysRunExample" name="testcase1" time="0.000"/>
  <system-out/>
  <testcase classname="seleniumpoperties.AlwaysRunExample" name="testcase1" time="0.000"/>
  <system-out/>
  <testcase classname="seleniumpoperties.AlwaysRunExample" name="testcase1" time="0.000"/>
  <system-out/>
  <testcase classname="seleniumpoperties.AlwaysRunExample" name="testcase1" time="0.000"/>
  <system-out/>
  <testcase classname="seleniumpoperties.AlwaysRunExample" name="testcase1" time="0.000"/>
  <system-out/>
  <testcase classname="seleniumpoperties.AlwaysRunExample" name="testcase1" time="0.000"/>
  <system-out/>
  <testcase classname="seleniumpoperties.AlwaysRunExample" name="testcase1" time="0.000"/>
  <system-out/>
  <testcase classname="seleniumpoperties.AlwaysRunExample" name="testcase1" time="0.000"/>
  <system-out/>
  <testcase classname="seleniumpoperties.AlwaysRunExample" name="testcase1" time="0.000"/>
  <system-out/>
  <testcase classname="seleniumpoperties.AlwaysRunExample" name="testcase1" time="0.000"/>
  <system-out/>
  <testcase classname="seleniumpoperties.AlwaysRunExample" name="testcase1" time="0.000"/>
  <system-out/>
  <testcase classname="seleniumpoperties.AlwaysRunExample" name="testcase1" time="0.000"/>
  <system-out/>
  <testcase classname="seleniumpoperties.AlwaysRunExample" name="testcase1" time="0.001"/>
  <system-out/>
  <testcase classname="seleniumpoperties.AlwaysRunExample" name="testcase1" time="0.000"/>
  <system-out/>
  <testcase classname="seleniumpoperties.AlwaysRunExample" name="testcase1" time="0.000"/>
  <system-out/>
  <testcase classname="seleniumpoperties.AlwaysRunExample" name="testcase1" time="0.000"/>
  <system-out/>
  <testcase classname="seleniumpoperties.AlwaysRunExample" name="testcase1" time="0.001"/>
  <system-out/>
  <testcase classname="seleniumpoperties.AlwaysRunExample" name="testcase1" time="0.000"/>
  <system-out/>
  <testcase classname="seleniumpoperties.AlwaysRunExample" name="testcase1" time="0.000"/>
  <system-out/>
  <testcase classname="seleniumpoperties.AlwaysRunExample" name="testcase1" time="0.000"/>
  <system-out/>
  <testcase classname="seleniumpoperties.AlwaysRunExample" name="testcase1" time="0.000"/>
  <system-out/>
  <testcase classname="seleniumpoperties.AlwaysRunExample" name="testcase1" time="0.001"/>
  <system-out/>
  <testcase classname="seleniumpoperties.AlwaysRunExample" name="testcase1" time="0.000"/>
  <system-out/>
  <testcase classname="seleniumpoperties.AlwaysRunExample" name="testcase1" time="0.000"/>
  <system-out/>
  <testcase classname="seleniumpoperties.AlwaysRunExample" name="testcase1" time="0.000"/>
  <system-out/>
  <testcase classname="seleniumpoperties.AlwaysRunExample" name="testcase1" time="0.001"/>
  <system-out/>
  <testcase classname="seleniumpoperties.AlwaysRunExample" name="testcase1" time="0.000"/>
  <system-out/>
  <testcase classname="seleniumpoperties.AlwaysRunExample" name="testcase1" time="0.000"/>
  <system-out/>
  <testcase classname="seleniumpoperties.AlwaysRunExample" name="testcase1" time="0.000"/>
  <system-out/>
  <testcase classname="seleniumpoperties.AlwaysRunExample" name="testcase1" time="0.000"/>
  <system-out/>
  <testcase classname="seleniumpoperties.AlwaysRunExample" name="testcase1" time="0.000"/>
  <system-out/>
  <testcase classname="seleniumpoperties.AlwaysRunExample" name="testcase1" time="0.000"/>
  <system-out/>
  <testcase classname="seleniumpoperties.AlwaysRunExample" name="testcase1" time="0.000"/>
  <system-out/>
  <testcase classname="seleniumpoperties.AlwaysRunExample" name="testcase1" time="0.000"/>
  <system-out/>
  <testcase classname="seleniumpoperties.AlwaysRunExample" name="testcase1" time="0.000"/>
  <system-out/>
  <testcase classname="seleniumpoperties.AlwaysRunExample" name="testcase1" time="0.000"/>
  <system-out/>
  <testcase classname="seleniumpoperties.AlwaysRunExample" name="testcase1" time="0.000"/>
  <system-out/>
  <testcase classname="seleniumpoperties.AlwaysRunExample" name="testcase1" time="0.000"/>
  <system-out/>
  <testcase classname="seleniumpoperties.AlwaysRunExample" name="testcase1" time="0.000"/>
  <system-out/>
  <testcase classname="seleniumpoperties.AlwaysRunExample" name="testcase1" time="0.000"/>
  <system-out/>
  <testcase classname="seleniumpoperties.AlwaysRunExample" name="testcase1" time="0.000"/>
  <system-out/>
  <testcase classname="seleniumpoperties.AlwaysRunExample" name="testcase1" time="0.000"/>
  <system-out/>
  <testcase classname="seleniumpoperties.AlwaysRunExample" name="testcase1" time="0.000"/>
  <system-out/>
  <testcase classname="seleniumpoperties.AlwaysRunExample" name="testcase1" time="0.000"/>
  <system-out/>
  <testcase classname="seleniumpoperties.AlwaysRunExample" name="testcase1" time="0.001"/>
  <system-out/>
  <testcase classname="seleniumpoperties.AlwaysRunExample" name="testcase1" time="0.001"/>
  <system-out/>
  <testcase classname="seleniumpoperties.AlwaysRunExample" name="testcase1" time="0.000"/>
  <system-out/>
  <testcase classname="seleniumpoperties.AlwaysRunExample" name="testcase1" time="0.000"/>
  <system-out/>
  <testcase classname="seleniumpoperties.AlwaysRunExample" name="testcase1" time="0.000"/>
  <system-out/>
  <testcase classname="seleniumpoperties.AlwaysRunExample" name="testcase1" time="0.000"/>
  <system-out/>
  <testcase classname="seleniumpoperties.AlwaysRunExample" name="testcase1" time="0.000"/>
  <system-out/>
  <testcase classname="seleniumpoperties.AlwaysRunExample" name="testcase1" time="0.000"/>
  <system-out/>
  <testcase classname="seleniumpoperties.AlwaysRunExample" name="testcase1" time="0.000"/>
  <system-out/>
  <testcase classname="seleniumpoperties.AlwaysRunExample" name="testcase1" time="0.000"/>
  <system-out/>
  <testcase classname="seleniumpoperties.AlwaysRunExample" name="testcase1" time="0.000"/>
  <system-out/>
  <testcase classname="seleniumpoperties.AlwaysRunExample" name="testcase1" time="0.000"/>
  <system-out/>
  <testcase classname="seleniumpoperties.AlwaysRunExample" name="testcase1" time="0.000"/>
  <system-out/>
  <testcase classname="seleniumpoperties.AlwaysRunExample" name="testcase1" time="0.000"/>
  <system-out/>
  <testcase classname="seleniumpoperties.AlwaysRunExample" name="testcase1" time="0.000"/>
  <system-out/>
  <testcase classname="seleniumpoperties.AlwaysRunExample" name="testcase1" time="0.000"/>
  <system-out/>
  <testcase classname="seleniumpoperties.AlwaysRunExample" name="testcase1" time="0.000"/>
  <system-out/>
  <testcase classname="seleniumpoperties.AlwaysRunExample" name="testcase1" time="0.001"/>
  <system-out/>
  <testcase classname="seleniumpoperties.AlwaysRunExample" name="testcase1" time="0.000"/>
  <system-out/>
  <testcase classname="seleniumpoperties.AlwaysRunExample" name="testcase1" time="0.000"/>
  <system-out/>
  <testcase classname="seleniumpoperties.AlwaysRunExample" name="testcase1" time="0.000"/>
  <system-out/>
  <testcase classname="seleniumpoperties.AlwaysRunExample" name="testcase1" time="0.001"/>
  <system-out/>
  <testcase classname="seleniumpoperties.AlwaysRunExample" name="testcase1" time="0.000"/>
  <system-out/>
  <testcase classname="seleniumpoperties.AlwaysRunExample" name="testcase1" time="0.000"/>
  <system-out/>
  <testcase classname="seleniumpoperties.AlwaysRunExample" name="testcase1" time="0.000"/>
  <system-out/>
  <testcase classname="seleniumpoperties.AlwaysRunExample" name="testcase1" time="0.000"/>
  <system-out/>
  <testcase classname="seleniumpoperties.AlwaysRunExample" name="testcase1" time="0.000"/>
  <system-out/>
  <testcase classname="seleniumpoperties.AlwaysRunExample" name="testcase1" time="0.000"/>
  <system-out/>
  <testcase classname="seleniumpoperties.AlwaysRunExample" name="testcase1" time="0.000"/>
  <system-out/>
  <testcase classname="seleniumpoperties.AlwaysRunExample" name="testcase1" time="0.000"/>
  <system-out/>
  <testcase classname="seleniumpoperties.AlwaysRunExample" name="testcase1" time="0.000"/>
  <system-out/>
  <testcase classname="seleniumpoperties.AlwaysRunExample" name="testcase1" time="0.001"/>
  <system-out/>
  <testcase classname="seleniumpoperties.AlwaysRunExample" name="testcase1" time="0.000"/>
  <system-out/>
  <testcase classname="seleniumpoperties.AlwaysRunExample" name="testcase1" time="0.000"/>
  <system-out/>
  <testcase classname="seleniumpoperties.AlwaysRunExample" name="testcase1" time="0.000"/>
  <system-out/>
  <testcase classname="seleniumpoperties.AlwaysRunExample" name="testcase1" time="0.001"/>
  <system-out/>
  <testcase classname="seleniumpoperties.AlwaysRunExample" name="testcase1" time="0.000"/>
  <system-out/>
  <testcase classname="seleniumpoperties.AlwaysRunExample" name="testcase1" time="0.000"/>
  <system-out/>
  <testcase classname="seleniumpoperties.AlwaysRunExample" name="testcase1" time="0.000"/>
  <system-out/>
  <testcase classname="seleniumpoperties.AlwaysRunExample" name="testcase1" time="0.001"/>
  <system-out/>
  <testcase classname="seleniumpoperties.AlwaysRunExample" name="testcase1" time="0.000"/>
  <system-out/>
  <testcase classname="seleniumpoperties.AlwaysRunExample" name="testcase1" time="0.000"/>
  <system-out/>
  <testcase classname="seleniumpoperties.AlwaysRunExample" name="testcase1" time="0.001"/>
  <system-out/>
  <testcase classname="seleniumpoperties.AlwaysRunExample" name="testcase1" time="0.000"/>
  <system-out/>
  <testcase classname="seleniumpoperties.AlwaysRunExample" name="testcase1" time="0.000"/>
  <system-out/>
  <testcase classname="seleniumpoperties.AlwaysRunExample" name="testcase1" time="0.000"/>
  <system-out/>
  <testcase classname="seleniumpoperties.AlwaysRunExample" name="testcase1" time="0.000"/>
  <system-out/>
  <testcase classname="seleniumpoperties.AlwaysRunExample" name="testcase1" time="0.000"/>
  <system-out/>
  <testcase classname="seleniumpoperties.AlwaysRunExample" name="testcase1" time="0.000"/>
  <system-out/>
  <testcase classname="seleniumpoperties.AlwaysRunExample" name="testcase1" time="0.000"/>
  <system-out/>
  <testcase classname="seleniumpoperties.AlwaysRunExample" name="testcase1" time="0.000"/>
  <system-out/>
  <testcase classname="seleniumpoperties.AlwaysRunExample" name="testcase1" time="0.000"/>
  <system-out/>
  <testcase classname="seleniumpoperties.AlwaysRunExample" name="testcase1" time="0.001"/>
  <system-out/>
  <testcase classname="seleniumpoperties.AlwaysRunExample" name="testcase1" time="0.000"/>
  <system-out/>
  <testcase classname="seleniumpoperties.AlwaysRunExample" name="testcase1" time="0.000"/>
  <system-out/>
  <testcase classname="seleniumpoperties.AlwaysRunExample" name="testcase1" time="0.000"/>
  <system-out/>
  <testcase classname="seleniumpoperties.AlwaysRunExample" name="testcase1" time="0.000"/>
  <system-out/>
  <testcase classname="seleniumpoperties.AlwaysRunExample" name="testcase1" time="0.000"/>
  <system-out/>
  <testcase classname="seleniumpoperties.AlwaysRunExample" name="testcase1" time="0.000"/>
  <system-out/>
  <testcase classname="seleniumpoperties.AlwaysRunExample" name="testcase1" time="0.000"/>
  <system-out/>
  <testcase classname="seleniumpoperties.AlwaysRunExample" name="testcase1" time="0.000"/>
  <system-out/>
  <testcase classname="seleniumpoperties.AlwaysRunExample" name="testcase1" time="0.000"/>
  <system-out/>
  <testcase classname="seleniumpoperties.AlwaysRunExample" name="testcase1" time="0.000"/>
  <system-out/>
  <testcase classname="seleniumpoperties.AlwaysRunExample" name="testcase1" time="0.000"/>
  <system-out/>
  <testcase classname="seleniumpoperties.AlwaysRunExample" name="testcase1" time="0.001"/>
  <system-out/>
  <testcase classname="seleniumpoperties.AlwaysRunExample" name="testcase1" time="0.000"/>
  <system-out/>
  <testcase classname="seleniumpoperties.AlwaysRunExample" name="testcase1" time="0.000"/>
  <system-out/>
  <testcase classname="seleniumpoperties.AlwaysRunExample" name="testcase1" time="0.000"/>
  <system-out/>
  <testcase classname="seleniumpoperties.AlwaysRunExample" name="testcase1" time="0.000"/>
  <system-out/>
  <testcase classname="seleniumpoperties.AlwaysRunExample" name="testcase1" time="0.000"/>
  <system-out/>
  <testcase classname="seleniumpoperties.AlwaysRunExample" name="testcase1" time="0.000"/>
  <system-out/>
  <testcase classname="seleniumpoperties.AlwaysRunExample" name="testcase1" time="0.000"/>
  <system-out/>
  <testcase classname="seleniumpoperties.AlwaysRunExample" name="testcase1" time="0.000"/>
  <system-out/>
  <testcase classname="seleniumpoperties.AlwaysRunExample" name="testcase1" time="0.000"/>
  <system-out/>
  <testcase classname="seleniumpoperties.AlwaysRunExample" name="testcase1" time="0.000"/>
  <system-out/>
  <testcase classname="seleniumpoperties.AlwaysRunExample" name="testcase1" time="0.000"/>
  <system-out/>
  <testcase classname="seleniumpoperties.AlwaysRunExample" name="testcase1" time="0.000"/>
  <system-out/>
  <testcase classname="seleniumpoperties.AlwaysRunExample" name="testcase1" time="0.000"/>
  <system-out/>
  <testcase classname="seleniumpoperties.AlwaysRunExample" name="testcase1" time="0.000"/>
  <system-out/>
  <testcase classname="seleniumpoperties.AlwaysRunExample" name="testcase1" time="0.000"/>
  <system-out/>
  <testcase classname="seleniumpoperties.AlwaysRunExample" name="testcase1" time="0.001"/>
  <system-out/>
  <testcase classname="seleniumpoperties.AlwaysRunExample" name="testcase1" time="0.000"/>
  <system-out/>
  <testcase classname="seleniumpoperties.AlwaysRunExample" name="testcase1" time="0.000"/>
  <system-out/>
  <testcase classname="seleniumpoperties.AlwaysRunExample" name="testcase1" time="0.000"/>
  <system-out/>
  <testcase classname="seleniumpoperties.AlwaysRunExample" name="testcase1" time="0.000"/>
  <system-out/>
  <testcase classname="seleniumpoperties.AlwaysRunExample" name="testcase1" time="0.001"/>
  <system-out/>
  <testcase classname="seleniumpoperties.AlwaysRunExample" name="testcase1" time="0.001"/>
  <system-out/>
  <testcase classname="seleniumpoperties.AlwaysRunExample" name="testcase1" time="0.001"/>
  <system-out/>
  <testcase classname="seleniumpoperties.AlwaysRunExample" name="testcase1" time="0.000"/>
  <system-out/>
  <testcase classname="seleniumpoperties.AlwaysRunExample" name="testcase1" time="0.000"/>
  <system-out/>
  <testcase classname="seleniumpoperties.AlwaysRunExample" name="testcase1" time="0.000"/>
  <system-out/>
  <testcase classname="seleniumpoperties.AlwaysRunExample" name="testcase1" time="0.000"/>
  <system-out/>
  <testcase classname="seleniumpoperties.AlwaysRunExample" name="testcase1" time="0.000"/>
  <system-out/>
  <testcase classname="seleniumpoperties.AlwaysRunExample" name="testcase1" time="0.001"/>
  <system-out/>
  <testcase classname="seleniumpoperties.AlwaysRunExample" name="testcase1" time="0.000"/>
  <system-out/>
  <testcase classname="seleniumpoperties.AlwaysRunExample" name="testcase1" time="0.000"/>
  <system-out/>
  <testcase classname="seleniumpoperties.AlwaysRunExample" name="testcase1" time="0.000"/>
  <system-out/>
  <testcase classname="seleniumpoperties.AlwaysRunExample" name="testcase1" time="0.000"/>
  <system-out/>
  <testcase classname="seleniumpoperties.AlwaysRunExample" name="testcase1" time="0.000"/>
  <system-out/>
  <testcase classname="seleniumpoperties.AlwaysRunExample" name="testcase1" time="0.000"/>
  <system-out/>
  <testcase classname="seleniumpoperties.AlwaysRunExample" name="testcase1" time="0.000"/>
  <system-out/>
  <testcase classname="seleniumpoperties.AlwaysRunExample" name="testcase1" time="0.000"/>
  <system-out/>
  <testcase classname="seleniumpoperties.AlwaysRunExample" name="testcase1" time="0.000"/>
  <system-out/>
  <testcase classname="seleniumpoperties.AlwaysRunExample" name="testcase1" time="0.000"/>
  <system-out/>
  <testcase classname="seleniumpoperties.AlwaysRunExample" name="testcase1" time="0.000"/>
  <system-out/>
  <testcase classname="seleniumpoperties.AlwaysRunExample" name="testcase1" time="0.000"/>
  <system-out/>
  <testcase classname="seleniumpoperties.AlwaysRunExample" name="testcase1" time="0.000"/>
  <system-out/>
  <testcase classname="seleniumpoperties.AlwaysRunExample" name="testcase1" time="0.000"/>
  <system-out/>
  <testcase classname="seleniumpoperties.AlwaysRunExample" name="testcase1" time="0.000"/>
  <system-out/>
  <testcase classname="seleniumpoperties.AlwaysRunExample" name="testcase1" time="0.000"/>
  <system-out/>
  <testcase classname="seleniumpoperties.AlwaysRunExample" name="testcase1" time="0.000"/>
  <system-out/>
  <testcase classname="seleniumpoperties.AlwaysRunExample" name="testcase1" time="0.001"/>
  <system-out/>
  <testcase classname="seleniumpoperties.AlwaysRunExample" name="testcase1" time="0.000"/>
  <system-out/>
  <testcase classname="seleniumpoperties.AlwaysRunExample" name="testcase1" time="0.000"/>
  <system-out/>
  <testcase classname="seleniumpoperties.AlwaysRunExample" name="testcase1" time="0.000"/>
  <system-out/>
  <testcase classname="seleniumpoperties.AlwaysRunExample" name="testcase1" time="0.000"/>
  <system-out/>
  <testcase classname="seleniumpoperties.AlwaysRunExample" name="testcase1" time="0.000"/>
  <system-out/>
  <testcase classname="seleniumpoperties.AlwaysRunExample" name="testcase1" time="0.000"/>
  <system-out/>
  <testcase classname="seleniumpoperties.AlwaysRunExample" name="testcase1" time="0.000"/>
  <system-out/>
  <testcase classname="seleniumpoperties.AlwaysRunExample" name="testcase1" time="0.000"/>
  <system-out/>
  <testcase classname="seleniumpoperties.AlwaysRunExample" name="testcase1" time="0.000"/>
  <system-out/>
  <testcase classname="seleniumpoperties.AlwaysRunExample" name="testcase1" time="0.000"/>
  <system-out/>
  <testcase classname="seleniumpoperties.AlwaysRunExample" name="testcase1" time="0.000"/>
  <system-out/>
  <testcase classname="seleniumpoperties.AlwaysRunExample" name="testcase1" time="0.000"/>
  <system-out/>
  <testcase classname="seleniumpoperties.AlwaysRunExample" name="testcase1" time="0.001"/>
  <system-out/>
  <testcase classname="seleniumpoperties.AlwaysRunExample" name="testcase1" time="0.000"/>
  <system-out/>
  <testcase classname="seleniumpoperties.AlwaysRunExample" name="testcase1" time="0.001"/>
  <system-out/>
  <testcase classname="seleniumpoperties.AlwaysRunExample" name="testcase1" time="0.000"/>
  <system-out/>
  <testcase classname="seleniumpoperties.AlwaysRunExample" name="testcase1" time="0.000"/>
  <system-out/>
  <testcase classname="seleniumpoperties.AlwaysRunExample" name="testcase1" time="0.000"/>
  <system-out/>
  <testcase classname="seleniumpoperties.AlwaysRunExample" name="testcase1" time="0.001"/>
  <system-out/>
  <testcase classname="seleniumpoperties.AlwaysRunExample" name="testcase1" time="0.000"/>
  <system-out/>
  <testcase classname="seleniumpoperties.AlwaysRunExample" name="testcase1" time="0.000"/>
  <system-out/>
  <testcase classname="seleniumpoperties.AlwaysRunExample" name="testcase1" time="0.001"/>
  <system-out/>
  <testcase classname="seleniumpoperties.AlwaysRunExample" name="testcase1" time="0.000"/>
  <system-out/>
  <testcase classname="seleniumpoperties.AlwaysRunExample" name="testcase1" time="0.000"/>
  <system-out/>
  <testcase classname="seleniumpoperties.AlwaysRunExample" name="testcase1" time="0.003"/>
  <system-out/>
  <testcase classname="seleniumpoperties.AlwaysRunExample" name="testcase1" time="0.000"/>
  <system-out/>
  <testcase classname="seleniumpoperties.AlwaysRunExample" name="testcase1" time="0.000"/>
  <system-out/>
  <testcase classname="seleniumpoperties.AlwaysRunExample" name="testcase1" time="0.000"/>
  <system-out/>
  <testcase classname="seleniumpoperties.AlwaysRunExample" name="testcase1" time="0.001"/>
  <system-out/>
  <testcase classname="seleniumpoperties.AlwaysRunExample" name="testcase1" time="0.001"/>
  <system-out/>
  <testcase classname="seleniumpoperties.AlwaysRunExample" name="testcase1" time="0.000"/>
  <system-out/>
  <testcase classname="seleniumpoperties.AlwaysRunExample" name="testcase1" time="0.000"/>
  <system-out/>
  <testcase classname="seleniumpoperties.AlwaysRunExample" name="testcase1" time="0.000"/>
  <system-out/>
  <testcase classname="seleniumpoperties.AlwaysRunExample" name="testcase1" time="0.000"/>
  <system-out/>
  <testcase classname="seleniumpoperties.AlwaysRunExample" name="testcase1" time="0.000"/>
  <system-out/>
  <testcase classname="seleniumpoperties.AlwaysRunExample" name="testcase1" time="0.000"/>
  <system-out/>
  <testcase classname="seleniumpoperties.AlwaysRunExample" name="testcase1" time="0.001"/>
  <system-out/>
  <testcase classname="seleniumpoperties.AlwaysRunExample" name="testcase1" time="0.000"/>
  <system-out/>
  <testcase classname="seleniumpoperties.AlwaysRunExample" name="testcase1" time="0.000"/>
  <system-out/>
  <testcase classname="seleniumpoperties.AlwaysRunExample" name="testcase1" time="0.000"/>
  <system-out/>
  <testcase classname="seleniumpoperties.AlwaysRunExample" name="testcase1" time="0.000"/>
  <system-out/>
  <testcase classname="seleniumpoperties.AlwaysRunExample" name="testcase1" time="0.000"/>
  <system-out/>
  <testcase classname="seleniumpoperties.AlwaysRunExample" name="testcase1" time="0.000"/>
  <system-out/>
  <testcase classname="seleniumpoperties.AlwaysRunExample" name="testcase1" time="0.000"/>
  <system-out/>
  <testcase classname="seleniumpoperties.AlwaysRunExample" name="testcase1" time="0.000"/>
  <system-out/>
  <testcase classname="seleniumpoperties.AlwaysRunExample" name="testcase1" time="0.001"/>
  <system-out/>
  <testcase classname="seleniumpoperties.AlwaysRunExample" name="testcase1" time="0.001"/>
  <system-out/>
  <testcase classname="seleniumpoperties.AlwaysRunExample" name="testcase1" time="0.000"/>
  <system-out/>
  <testcase classname="seleniumpoperties.AlwaysRunExample" name="testcase1" time="0.000"/>
  <system-out/>
  <testcase classname="seleniumpoperties.AlwaysRunExample" name="testcase1" time="0.000"/>
  <system-out/>
  <testcase classname="seleniumpoperties.AlwaysRunExample" name="testcase1" time="0.000"/>
  <system-out/>
  <testcase classname="seleniumpoperties.AlwaysRunExample" name="testcase1" time="0.000"/>
  <system-out/>
  <testcase classname="seleniumpoperties.AlwaysRunExample" name="testcase1" time="0.000"/>
  <system-out/>
  <testcase classname="seleniumpoperties.AlwaysRunExample" name="testcase1" time="0.000"/>
  <system-out/>
  <testcase classname="seleniumpoperties.AlwaysRunExample" name="testcase1" time="0.000"/>
  <system-out/>
  <testcase classname="seleniumpoperties.AlwaysRunExample" name="testcase1" time="0.000"/>
  <system-out/>
  <testcase classname="seleniumpoperties.AlwaysRunExample" name="testcase1" time="0.000"/>
  <system-out/>
  <testcase classname="seleniumpoperties.AlwaysRunExample" name="testcase1" time="0.000"/>
  <system-out/>
  <testcase classname="seleniumpoperties.AlwaysRunExample" name="testcase1" time="0.000"/>
  <system-out/>
  <testcase classname="seleniumpoperties.AlwaysRunExample" name="testcase1" time="0.000"/>
  <system-out/>
  <testcase classname="seleniumpoperties.AlwaysRunExample" name="testcase1" time="0.001"/>
  <system-out/>
  <testcase classname="seleniumpoperties.AlwaysRunExample" name="testcase1" time="0.000"/>
  <system-out/>
  <testcase classname="seleniumpoperties.AlwaysRunExample" name="testcase1" time="0.000"/>
  <system-out/>
  <testcase classname="seleniumpoperties.AlwaysRunExample" name="testcase1" time="0.000"/>
  <system-out/>
  <testcase classname="seleniumpoperties.AlwaysRunExample" name="testcase1" time="0.000"/>
  <system-out/>
  <testcase classname="seleniumpoperties.AlwaysRunExample" name="testcase1" time="0.001"/>
  <system-out/>
  <testcase classname="seleniumpoperties.AlwaysRunExample" name="testcase1" time="0.000"/>
  <system-out/>
  <testcase classname="seleniumpoperties.AlwaysRunExample" name="testcase1" time="0.000"/>
  <system-out/>
  <testcase classname="seleniumpoperties.AlwaysRunExample" name="testcase1" time="0.000"/>
  <system-out/>
  <testcase classname="seleniumpoperties.AlwaysRunExample" name="testcase1" time="0.000"/>
  <system-out/>
  <testcase classname="seleniumpoperties.AlwaysRunExample" name="testcase1" time="0.000"/>
  <system-out/>
  <testcase classname="seleniumpoperties.AlwaysRunExample" name="testcase1" time="0.000"/>
  <system-out/>
  <testcase classname="seleniumpoperties.AlwaysRunExample" name="testcase1" time="0.000"/>
  <system-out/>
  <testcase classname="seleniumpoperties.AlwaysRunExample" name="testcase1" time="0.000"/>
  <system-out/>
  <testcase classname="seleniumpoperties.AlwaysRunExample" name="testcase1" time="0.001"/>
  <system-out/>
  <testcase classname="seleniumpoperties.AlwaysRunExample" name="testcase1" time="0.000"/>
  <system-out/>
  <testcase classname="seleniumpoperties.AlwaysRunExample" name="testcase1" time="0.000"/>
  <system-out/>
  <testcase classname="seleniumpoperties.AlwaysRunExample" name="testcase1" time="0.000"/>
  <system-out/>
  <testcase classname="seleniumpoperties.AlwaysRunExample" name="testcase1" time="0.000"/>
  <system-out/>
  <testcase classname="seleniumpoperties.AlwaysRunExample" name="testcase1" time="0.000"/>
  <system-out/>
  <testcase classname="seleniumpoperties.AlwaysRunExample" name="testcase1" time="0.000"/>
  <system-out/>
  <testcase classname="seleniumpoperties.AlwaysRunExample" name="testcase1" time="0.000"/>
  <system-out/>
  <testcase classname="seleniumpoperties.AlwaysRunExample" name="testcase1" time="0.000"/>
  <system-out/>
  <testcase classname="seleniumpoperties.AlwaysRunExample" name="testcase1" time="0.000"/>
  <system-out/>
  <testcase classname="seleniumpoperties.AlwaysRunExample" name="testcase1" time="0.000"/>
  <system-out/>
  <testcase classname="seleniumpoperties.AlwaysRunExample" name="testcase1" time="0.000"/>
  <system-out/>
  <testcase classname="seleniumpoperties.AlwaysRunExample" name="testcase1" time="0.000"/>
  <system-out/>
  <testcase classname="seleniumpoperties.AlwaysRunExample" name="testcase1" time="0.000"/>
  <system-out/>
  <testcase classname="seleniumpoperties.AlwaysRunExample" name="testcase1" time="0.000"/>
  <system-out/>
  <testcase classname="seleniumpoperties.AlwaysRunExample" name="testcase1" time="0.000"/>
  <system-out/>
  <testcase classname="seleniumpoperties.AlwaysRunExample" name="testcase1" time="0.000"/>
  <system-out/>
  <testcase classname="seleniumpoperties.AlwaysRunExample" name="testcase1" time="0.000"/>
  <system-out/>
  <testcase classname="seleniumpoperties.AlwaysRunExample" name="testcase1" time="0.000"/>
  <system-out/>
  <testcase classname="seleniumpoperties.AlwaysRunExample" name="testcase1" time="0.000"/>
  <system-out/>
  <testcase classname="seleniumpoperties.AlwaysRunExample" name="testcase1" time="0.000"/>
  <system-out/>
  <testcase classname="seleniumpoperties.AlwaysRunExample" name="testcase1" time="0.000"/>
  <system-out/>
  <testcase classname="seleniumpoperties.AlwaysRunExample" name="testcase1" time="0.001"/>
  <system-out/>
  <testcase classname="seleniumpoperties.AlwaysRunExample" name="testcase1" time="0.000"/>
  <system-out/>
  <testcase classname="seleniumpoperties.AlwaysRunExample" name="testcase1" time="0.001"/>
  <system-out/>
  <testcase classname="seleniumpoperties.AlwaysRunExample" name="testcase1" time="0.000"/>
  <system-out/>
  <testcase classname="seleniumpoperties.AlwaysRunExample" name="testcase1" time="0.001"/>
  <system-out/>
  <testcase classname="seleniumpoperties.AlwaysRunExample" name="testcase1" time="0.000"/>
  <system-out/>
  <testcase classname="seleniumpoperties.AlwaysRunExample" name="testcase1" time="0.000"/>
  <system-out/>
  <testcase classname="seleniumpoperties.AlwaysRunExample" name="testcase1" time="0.000"/>
  <system-out/>
  <testcase classname="seleniumpoperties.AlwaysRunExample" name="testcase1" time="0.000"/>
  <system-out/>
  <testcase classname="seleniumpoperties.AlwaysRunExample" name="testcase1" time="0.002"/>
  <system-out/>
  <testcase classname="seleniumpoperties.AlwaysRunExample" name="testcase1" time="0.000"/>
  <system-out/>
  <testcase classname="seleniumpoperties.AlwaysRunExample" name="testcase1" time="0.000"/>
  <system-out/>
  <testcase classname="seleniumpoperties.AlwaysRunExample" name="testcase1" time="0.000"/>
  <system-out/>
  <testcase classname="seleniumpoperties.AlwaysRunExample" name="testcase1" time="0.000"/>
  <system-out/>
  <testcase classname="seleniumpoperties.AlwaysRunExample" name="testcase1" time="0.000"/>
  <system-out/>
  <testcase classname="seleniumpoperties.AlwaysRunExample" name="testcase1" time="0.001"/>
  <system-out/>
  <testcase classname="seleniumpoperties.AlwaysRunExample" name="testcase1" time="0.000"/>
  <system-out/>
  <testcase classname="seleniumpoperties.AlwaysRunExample" name="testcase1" time="0.000"/>
  <system-out/>
  <testcase classname="seleniumpoperties.AlwaysRunExample" name="testcase1" time="0.000"/>
  <system-out/>
  <testcase classname="seleniumpoperties.AlwaysRunExample" name="testcase1" time="0.000"/>
  <system-out/>
  <testcase classname="seleniumpoperties.AlwaysRunExample" name="testcase1" time="0.000"/>
  <system-out/>
  <testcase classname="seleniumpoperties.AlwaysRunExample" name="testcase1" time="0.000"/>
  <system-out/>
  <testcase classname="seleniumpoperties.AlwaysRunExample" name="testcase1" time="0.000"/>
  <system-out/>
  <testcase classname="seleniumpoperties.AlwaysRunExample" name="testcase1" time="0.000"/>
  <system-out/>
  <testcase classname="seleniumpoperties.AlwaysRunExample" name="testcase1" time="0.000"/>
  <system-out/>
  <testcase classname="seleniumpoperties.AlwaysRunExample" name="testcase1" time="0.000"/>
  <system-out/>
  <testcase classname="seleniumpoperties.AlwaysRunExample" name="testcase1" time="0.000"/>
  <system-out/>
  <testcase classname="seleniumpoperties.AlwaysRunExample" name="testcase1" time="0.000"/>
  <system-out/>
  <testcase classname="seleniumpoperties.AlwaysRunExample" name="testcase1" time="0.000"/>
  <system-out/>
  <testcase classname="seleniumpoperties.AlwaysRunExample" name="testcase1" time="0.000"/>
  <system-out/>
  <testcase classname="seleniumpoperties.AlwaysRunExample" name="testcase1" time="0.000"/>
  <system-out/>
  <testcase classname="seleniumpoperties.AlwaysRunExample" name="testcase1" time="0.000"/>
  <system-out/>
  <testcase classname="seleniumpoperties.AlwaysRunExample" name="testcase1" time="0.000"/>
  <system-out/>
  <testcase classname="seleniumpoperties.AlwaysRunExample" name="testcase1" time="0.000"/>
  <system-out/>
  <testcase classname="seleniumpoperties.AlwaysRunExample" name="testcase1" time="0.001"/>
  <system-out/>
  <testcase classname="seleniumpoperties.AlwaysRunExample" name="testcase1" time="0.001"/>
  <system-out/>
  <testcase classname="seleniumpoperties.AlwaysRunExample" name="testcase1" time="0.000"/>
  <system-out/>
  <testcase classname="seleniumpoperties.AlwaysRunExample" name="testcase1" time="0.000"/>
  <system-out/>
  <testcase classname="seleniumpoperties.AlwaysRunExample" name="testcase1" time="0.000"/>
  <system-out/>
  <testcase classname="seleniumpoperties.AlwaysRunExample" name="testcase1" time="0.549"/>
  <system-out/>
  <testcase classname="seleniumpoperties.AlwaysRunExample" name="testcase1" time="0.000"/>
  <system-out/>
  <testcase classname="seleniumpoperties.AlwaysRunExample" name="testcase1" time="0.000"/>
  <system-out/>
  <testcase classname="seleniumpoperties.AlwaysRunExample" name="testcase1" time="0.000"/>
  <system-out/>
  <testcase classname="seleniumpoperties.AlwaysRunExample" name="testcase1" time="0.002"/>
  <system-out/>
  <testcase classname="seleniumpoperties.AlwaysRunExample" name="testcase1" time="0.000"/>
  <system-out/>
  <testcase classname="seleniumpoperties.AlwaysRunExample" name="testcase1" time="0.000"/>
  <system-out/>
  <testcase classname="seleniumpoperties.AlwaysRunExample" name="testcase1" time="0.001"/>
  <system-out/>
  <testcase classname="seleniumpoperties.AlwaysRunExample" name="testcase1" time="0.000"/>
  <system-out/>
  <testcase classname="seleniumpoperties.AlwaysRunExample" name="testcase1" time="0.000"/>
  <system-out/>
  <testcase classname="seleniumpoperties.AlwaysRunExample" name="testcase1" time="0.000"/>
  <system-out/>
  <testcase classname="seleniumpoperties.AlwaysRunExample" name="testcase1" time="0.000"/>
  <system-out/>
  <testcase classname="seleniumpoperties.AlwaysRunExample" name="testcase1" time="0.000"/>
  <system-out/>
  <testcase classname="seleniumpoperties.AlwaysRunExample" name="testcase1" time="0.001"/>
  <system-out/>
  <testcase classname="seleniumpoperties.AlwaysRunExample" name="testcase1" time="0.001"/>
  <system-out/>
  <testcase classname="seleniumpoperties.AlwaysRunExample" name="testcase1" time="0.000"/>
  <system-out/>
  <testcase classname="seleniumpoperties.AlwaysRunExample" name="testcase1" time="0.000"/>
  <system-out/>
  <testcase classname="seleniumpoperties.AlwaysRunExample" name="testcase1" time="0.000"/>
  <system-out/>
  <testcase classname="seleniumpoperties.AlwaysRunExample" name="testcase1" time="0.000"/>
  <system-out/>
  <testcase classname="seleniumpoperties.AlwaysRunExample" name="testcase1" time="0.000"/>
  <system-out/>
  <testcase classname="seleniumpoperties.AlwaysRunExample" name="testcase1" time="0.000"/>
  <system-out/>
  <testcase classname="seleniumpoperties.AlwaysRunExample" name="testcase1" time="0.000"/>
  <system-out/>
  <testcase classname="seleniumpoperties.AlwaysRunExample" name="testcase1" time="0.000"/>
  <system-out/>
  <testcase classname="seleniumpoperties.AlwaysRunExample" name="testcase1" time="0.000"/>
  <system-out/>
  <testcase classname="seleniumpoperties.AlwaysRunExample" name="testcase1" time="0.000"/>
  <system-out/>
  <testcase classname="seleniumpoperties.AlwaysRunExample" name="testcase1" time="0.001"/>
  <system-out/>
  <testcase classname="seleniumpoperties.AlwaysRunExample" name="testcase1" time="0.000"/>
  <system-out/>
  <testcase classname="seleniumpoperties.AlwaysRunExample" name="testcase1" time="0.001"/>
  <system-out/>
  <testcase classname="seleniumpoperties.AlwaysRunExample" name="testcase1" time="0.001"/>
  <system-out/>
  <testcase classname="seleniumpoperties.AlwaysRunExample" name="testcase1" time="0.000"/>
  <system-out/>
  <testcase classname="seleniumpoperties.AlwaysRunExample" name="testcase1" time="0.000"/>
  <system-out/>
  <testcase classname="seleniumpoperties.AlwaysRunExample" name="testcase1" time="0.000"/>
  <system-out/>
  <testcase classname="seleniumpoperties.AlwaysRunExample" name="testcase1" time="0.000"/>
  <system-out/>
  <testcase classname="seleniumpoperties.AlwaysRunExample" name="testcase1" time="0.000"/>
  <system-out/>
  <testcase classname="seleniumpoperties.AlwaysRunExample" name="testcase1" time="0.000"/>
  <system-out/>
  <testcase classname="seleniumpoperties.AlwaysRunExample" name="testcase1" time="0.000"/>
  <system-out/>
  <testcase classname="seleniumpoperties.AlwaysRunExample" name="testcase1" time="0.000"/>
  <system-out/>
  <testcase classname="seleniumpoperties.AlwaysRunExample" name="testcase1" time="0.000"/>
  <system-out/>
  <testcase classname="seleniumpoperties.AlwaysRunExample" name="testcase1" time="0.000"/>
  <system-out/>
  <testcase classname="seleniumpoperties.AlwaysRunExample" name="testcase1" time="0.000"/>
  <system-out/>
  <testcase classname="seleniumpoperties.AlwaysRunExample" name="testcase1" time="0.000"/>
  <system-out/>
  <testcase classname="seleniumpoperties.AlwaysRunExample" name="testcase1" time="0.000"/>
  <system-out/>
  <testcase classname="seleniumpoperties.AlwaysRunExample" name="testcase1" time="0.000"/>
  <system-out/>
  <testcase classname="seleniumpoperties.AlwaysRunExample" name="testcase1" time="0.000"/>
  <system-out/>
  <testcase classname="seleniumpoperties.AlwaysRunExample" name="testcase1" time="0.000"/>
  <system-out/>
  <testcase classname="seleniumpoperties.AlwaysRunExample" name="testcase1" time="0.000"/>
  <system-out/>
  <testcase classname="seleniumpoperties.AlwaysRunExample" name="testcase1" time="0.000"/>
  <system-out/>
  <testcase classname="seleniumpoperties.AlwaysRunExample" name="testcase1" time="0.000"/>
  <system-out/>
  <testcase classname="seleniumpoperties.AlwaysRunExample" name="testcase1" time="0.000"/>
  <system-out/>
  <testcase classname="seleniumpoperties.AlwaysRunExample" name="testcase1" time="0.000"/>
  <system-out/>
  <testcase classname="seleniumpoperties.AlwaysRunExample" name="testcase1" time="0.000"/>
  <system-out/>
  <testcase classname="seleniumpoperties.AlwaysRunExample" name="testcase1" time="0.000"/>
  <system-out/>
  <testcase classname="seleniumpoperties.AlwaysRunExample" name="testcase1" time="0.001"/>
  <system-out/>
  <testcase classname="seleniumpoperties.AlwaysRunExample" name="testcase1" time="0.000"/>
  <system-out/>
  <testcase classname="seleniumpoperties.AlwaysRunExample" name="testcase1" time="0.000"/>
  <system-out/>
  <testcase classname="seleniumpoperties.AlwaysRunExample" name="testcase1" time="0.000"/>
  <system-out/>
  <testcase classname="seleniumpoperties.AlwaysRunExample" name="testcase1" time="0.001"/>
  <system-out/>
  <testcase classname="seleniumpoperties.AlwaysRunExample" name="testcase1" time="0.000"/>
  <system-out/>
  <testcase classname="seleniumpoperties.AlwaysRunExample" name="testcase1" time="0.001"/>
  <system-out/>
  <testcase classname="seleniumpoperties.AlwaysRunExample" name="testcase1" time="0.000"/>
  <system-out/>
  <testcase classname="seleniumpoperties.AlwaysRunExample" name="testcase1" time="0.000"/>
  <system-out/>
  <testcase classname="seleniumpoperties.AlwaysRunExample" name="testcase1" time="0.001"/>
  <system-out/>
  <testcase classname="seleniumpoperties.AlwaysRunExample" name="testcase1" time="0.001"/>
  <system-out/>
  <testcase classname="seleniumpoperties.AlwaysRunExample" name="testcase1" time="0.000"/>
  <system-out/>
  <testcase classname="seleniumpoperties.AlwaysRunExample" name="testcase1" time="0.001"/>
  <system-out/>
  <testcase classname="seleniumpoperties.AlwaysRunExample" name="testcase1" time="0.000"/>
  <system-out/>
  <testcase classname="seleniumpoperties.AlwaysRunExample" name="testcase1" time="0.000"/>
  <system-out/>
  <testcase classname="seleniumpoperties.AlwaysRunExample" name="testcase1" time="0.000"/>
  <system-out/>
  <testcase classname="seleniumpoperties.AlwaysRunExample" name="testcase1" time="0.000"/>
  <system-out/>
  <testcase classname="seleniumpoperties.AlwaysRunExample" name="testcase1" time="0.000"/>
  <system-out/>
  <testcase classname="seleniumpoperties.AlwaysRunExample" name="testcase1" time="0.001"/>
  <system-out/>
  <testcase classname="seleniumpoperties.AlwaysRunExample" name="testcase1" time="0.001"/>
  <system-out/>
  <testcase classname="seleniumpoperties.AlwaysRunExample" name="testcase1" time="0.000"/>
  <system-out/>
  <testcase classname="seleniumpoperties.AlwaysRunExample" name="testcase1" time="0.001"/>
  <system-out/>
  <testcase classname="seleniumpoperties.AlwaysRunExample" name="testcase1" time="0.000"/>
  <system-out/>
  <testcase classname="seleniumpoperties.AlwaysRunExample" name="testcase1" time="0.001"/>
  <system-out/>
  <testcase classname="seleniumpoperties.AlwaysRunExample" name="testcase1" time="0.000"/>
  <system-out/>
  <testcase classname="seleniumpoperties.AlwaysRunExample" name="testcase1" time="0.000"/>
  <system-out/>
  <testcase classname="seleniumpoperties.AlwaysRunExample" name="testcase1" time="0.000"/>
  <system-out/>
  <testcase classname="seleniumpoperties.AlwaysRunExample" name="testcase1" time="0.000"/>
  <system-out/>
  <testcase classname="seleniumpoperties.AlwaysRunExample" name="testcase1" time="0.000"/>
  <system-out/>
  <testcase classname="seleniumpoperties.AlwaysRunExample" name="testcase1" time="0.000"/>
  <system-out/>
  <testcase classname="seleniumpoperties.AlwaysRunExample" name="testcase1" time="0.002"/>
  <system-out/>
  <testcase classname="seleniumpoperties.AlwaysRunExample" name="testcase1" time="0.000"/>
  <system-out/>
  <testcase classname="seleniumpoperties.AlwaysRunExample" name="testcase1" time="0.000"/>
  <system-out/>
  <testcase classname="seleniumpoperties.AlwaysRunExample" name="testcase1" time="0.001"/>
  <system-out/>
  <testcase classname="seleniumpoperties.AlwaysRunExample" name="testcase1" time="0.001"/>
  <system-out/>
  <testcase classname="seleniumpoperties.AlwaysRunExample" name="testcase1" time="0.000"/>
  <system-out/>
  <testcase classname="seleniumpoperties.AlwaysRunExample" name="testcase1" time="0.000"/>
  <system-out/>
  <testcase classname="seleniumpoperties.AlwaysRunExample" name="testcase1" time="0.001"/>
  <system-out/>
  <testcase classname="seleniumpoperties.AlwaysRunExample" name="testcase1" time="0.000"/>
  <system-out/>
  <testcase classname="seleniumpoperties.AlwaysRunExample" name="testcase1" time="0.000"/>
  <system-out/>
  <testcase classname="seleniumpoperties.AlwaysRunExample" name="testcase1" time="0.000"/>
  <system-out/>
  <testcase classname="seleniumpoperties.AlwaysRunExample" name="testcase1" time="0.000"/>
  <system-out/>
  <testcase classname="seleniumpoperties.AlwaysRunExample" name="testcase1" time="0.000"/>
  <system-out/>
  <testcase classname="seleniumpoperties.AlwaysRunExample" name="testcase1" time="0.001"/>
  <system-out/>
  <testcase classname="seleniumpoperties.AlwaysRunExample" name="testcase1" time="0.000"/>
  <system-out/>
  <testcase classname="seleniumpoperties.AlwaysRunExample" name="testcase1" time="0.000"/>
  <system-out/>
  <testcase classname="seleniumpoperties.AlwaysRunExample" name="testcase1" time="0.000"/>
  <system-out/>
  <testcase classname="seleniumpoperties.AlwaysRunExample" name="testcase1" time="0.000"/>
  <system-out/>
  <testcase classname="seleniumpoperties.AlwaysRunExample" name="testcase1" time="0.000"/>
  <system-out/>
  <testcase classname="seleniumpoperties.AlwaysRunExample" name="testcase1" time="0.001"/>
  <system-out/>
  <testcase classname="seleniumpoperties.AlwaysRunExample" name="testcase1" time="0.000"/>
  <system-out/>
  <testcase classname="seleniumpoperties.AlwaysRunExample" name="testcase1" time="0.000"/>
  <system-out/>
  <testcase classname="seleniumpoperties.AlwaysRunExample" name="testcase1" time="0.000"/>
  <system-out/>
  <testcase classname="seleniumpoperties.AlwaysRunExample" name="testcase1" time="0.000"/>
  <system-out/>
  <testcase classname="seleniumpoperties.AlwaysRunExample" name="testcase1" time="0.000"/>
  <system-out/>
  <testcase classname="seleniumpoperties.AlwaysRunExample" name="testcase1" time="0.000"/>
  <system-out/>
  <testcase classname="seleniumpoperties.AlwaysRunExample" name="testcase1" time="0.000"/>
  <system-out/>
  <testcase classname="seleniumpoperties.AlwaysRunExample" name="testcase1" time="0.093"/>
  <system-out/>
  <testcase classname="seleniumpoperties.AlwaysRunExample" name="testcase1" time="0.000"/>
  <system-out/>
  <testcase classname="seleniumpoperties.AlwaysRunExample" name="testcase1" time="0.000"/>
  <system-out/>
  <testcase classname="seleniumpoperties.AlwaysRunExample" name="testcase1" time="0.000"/>
  <system-out/>
  <testcase classname="seleniumpoperties.AlwaysRunExample" name="testcase1" time="0.000"/>
  <system-out/>
  <testcase classname="seleniumpoperties.AlwaysRunExample" name="testcase1" time="0.000"/>
  <system-out/>
  <testcase classname="seleniumpoperties.AlwaysRunExample" name="testcase1" time="0.001"/>
  <system-out/>
  <testcase classname="seleniumpoperties.AlwaysRunExample" name="testcase1" time="0.000"/>
  <system-out/>
  <testcase classname="seleniumpoperties.AlwaysRunExample" name="testcase1" time="0.000"/>
  <system-out/>
  <testcase classname="seleniumpoperties.AlwaysRunExample" name="testcase1" time="0.000"/>
  <system-out/>
  <testcase classname="seleniumpoperties.AlwaysRunExample" name="testcase1" time="0.001"/>
  <system-out/>
  <testcase classname="seleniumpoperties.AlwaysRunExample" name="testcase1" time="0.001"/>
  <system-out/>
  <testcase classname="seleniumpoperties.AlwaysRunExample" name="testcase1" time="0.000"/>
  <system-out/>
  <testcase classname="seleniumpoperties.AlwaysRunExample" name="testcase1" time="0.001"/>
  <system-out/>
  <testcase classname="seleniumpoperties.AlwaysRunExample" name="testcase1" time="0.000"/>
  <system-out/>
  <testcase classname="seleniumpoperties.AlwaysRunExample" name="testcase1" time="0.000"/>
  <system-out/>
  <testcase classname="seleniumpoperties.AlwaysRunExample" name="testcase1" time="0.000"/>
  <system-out/>
  <testcase classname="seleniumpoperties.AlwaysRunExample" name="testcase1" time="0.000"/>
  <system-out/>
  <testcase classname="seleniumpoperties.AlwaysRunExample" name="testcase1" time="0.000"/>
  <system-out/>
  <testcase classname="seleniumpoperties.AlwaysRunExample" name="testcase1" time="0.000"/>
  <system-out/>
  <testcase classname="seleniumpoperties.AlwaysRunExample" name="testcase1" time="0.000"/>
  <system-out/>
  <testcase classname="seleniumpoperties.AlwaysRunExample" name="testcase1" time="0.000"/>
  <system-out/>
  <testcase classname="seleniumpoperties.AlwaysRunExample" name="testcase1" time="0.001"/>
  <system-out/>
  <testcase classname="seleniumpoperties.AlwaysRunExample" name="testcase1" time="0.000"/>
  <system-out/>
  <testcase classname="seleniumpoperties.AlwaysRunExample" name="testcase1" time="0.000"/>
  <system-out/>
  <testcase classname="seleniumpoperties.AlwaysRunExample" name="testcase1" time="0.000"/>
  <system-out/>
  <testcase classname="seleniumpoperties.AlwaysRunExample" name="testcase1" time="0.000"/>
  <system-out/>
  <testcase classname="seleniumpoperties.AlwaysRunExample" name="testcase1" time="0.000"/>
  <system-out/>
  <testcase classname="seleniumpoperties.AlwaysRunExample" name="testcase1" time="0.000"/>
  <system-out/>
  <testcase classname="seleniumpoperties.AlwaysRunExample" name="testcase1" time="0.000"/>
  <system-out/>
  <testcase classname="seleniumpoperties.AlwaysRunExample" name="testcase1" time="0.000"/>
  <system-out/>
  <testcase classname="seleniumpoperties.AlwaysRunExample" name="testcase1" time="0.000"/>
  <system-out/>
  <testcase classname="seleniumpoperties.AlwaysRunExample" name="testcase1" time="0.000"/>
  <system-out/>
  <testcase classname="seleniumpoperties.AlwaysRunExample" name="testcase1" time="0.001"/>
  <system-out/>
  <testcase classname="seleniumpoperties.AlwaysRunExample" name="testcase1" time="0.000"/>
  <system-out/>
  <testcase classname="seleniumpoperties.AlwaysRunExample" name="testcase1" time="0.000"/>
  <system-out/>
  <testcase classname="seleniumpoperties.AlwaysRunExample" name="testcase1" time="0.000"/>
  <system-out/>
  <testcase classname="seleniumpoperties.AlwaysRunExample" name="testcase1" time="0.000"/>
  <system-out/>
  <testcase classname="seleniumpoperties.AlwaysRunExample" name="testcase1" time="0.000"/>
  <system-out/>
  <testcase classname="seleniumpoperties.AlwaysRunExample" name="testcase1" time="0.000"/>
  <system-out/>
  <testcase classname="seleniumpoperties.AlwaysRunExample" name="testcase1" time="0.000"/>
  <system-out/>
  <testcase classname="seleniumpoperties.AlwaysRunExample" name="testcase1" time="0.001"/>
  <system-out/>
  <testcase classname="seleniumpoperties.AlwaysRunExample" name="testcase1" time="0.000"/>
  <system-out/>
  <testcase classname="seleniumpoperties.AlwaysRunExample" name="testcase1" time="0.000"/>
  <system-out/>
  <testcase classname="seleniumpoperties.AlwaysRunExample" name="testcase1" time="0.000"/>
  <system-out/>
  <testcase classname="seleniumpoperties.AlwaysRunExample" name="testcase1" time="0.000"/>
  <system-out/>
  <testcase classname="seleniumpoperties.AlwaysRunExample" name="testcase1" time="0.000"/>
  <system-out/>
  <testcase classname="seleniumpoperties.AlwaysRunExample" name="testcase1" time="0.000"/>
  <system-out/>
  <testcase classname="seleniumpoperties.AlwaysRunExample" name="testcase1" time="0.001"/>
  <system-out/>
  <testcase classname="seleniumpoperties.AlwaysRunExample" name="testcase1" time="0.000"/>
  <system-out/>
  <testcase classname="seleniumpoperties.AlwaysRunExample" name="testcase1" time="0.000"/>
  <system-out/>
  <testcase classname="seleniumpoperties.AlwaysRunExample" name="testcase1" time="0.000"/>
  <system-out/>
  <testcase classname="seleniumpoperties.AlwaysRunExample" name="testcase1" time="0.000"/>
  <system-out/>
  <testcase classname="seleniumpoperties.AlwaysRunExample" name="testcase1" time="0.000"/>
  <system-out/>
  <testcase classname="seleniumpoperties.AlwaysRunExample" name="testcase1" time="0.000"/>
  <system-out/>
  <testcase classname="seleniumpoperties.AlwaysRunExample" name="testcase1" time="0.000"/>
  <system-out/>
  <testcase classname="seleniumpoperties.AlwaysRunExample" name="testcase1" time="0.000"/>
  <system-out/>
  <testcase classname="seleniumpoperties.AlwaysRunExample" name="testcase1" time="0.001"/>
  <system-out/>
  <testcase classname="seleniumpoperties.AlwaysRunExample" name="testcase1" time="0.000"/>
  <system-out/>
  <testcase classname="seleniumpoperties.AlwaysRunExample" name="testcase1" time="0.000"/>
  <system-out/>
  <testcase classname="seleniumpoperties.AlwaysRunExample" name="testcase1" time="0.000"/>
  <system-out/>
  <testcase classname="seleniumpoperties.AlwaysRunExample" name="testcase1" time="0.000"/>
  <system-out/>
  <testcase classname="seleniumpoperties.AlwaysRunExample" name="testcase1" time="0.000"/>
  <system-out/>
  <testcase classname="seleniumpoperties.AlwaysRunExample" name="testcase1" time="0.001"/>
  <system-out/>
  <testcase classname="seleniumpoperties.AlwaysRunExample" name="testcase1" time="0.001"/>
  <system-out/>
  <testcase classname="seleniumpoperties.AlwaysRunExample" name="testcase1" time="0.000"/>
  <system-out/>
  <testcase classname="seleniumpoperties.AlwaysRunExample" name="testcase1" time="0.000"/>
  <system-out/>
  <testcase classname="seleniumpoperties.AlwaysRunExample" name="testcase1" time="0.001"/>
  <system-out/>
  <testcase classname="seleniumpoperties.AlwaysRunExample" name="testcase1" time="0.000"/>
  <system-out/>
  <testcase classname="seleniumpoperties.AlwaysRunExample" name="testcase1" time="0.000"/>
  <system-out/>
  <testcase classname="seleniumpoperties.AlwaysRunExample" name="testcase1" time="0.000"/>
  <system-out/>
  <testcase classname="seleniumpoperties.AlwaysRunExample" name="testcase1" time="0.000"/>
  <system-out/>
  <testcase classname="seleniumpoperties.AlwaysRunExample" name="testcase1" time="0.000"/>
  <system-out/>
  <testcase classname="seleniumpoperties.AlwaysRunExample" name="testcase1" time="0.000"/>
  <system-out/>
  <testcase classname="seleniumpoperties.AlwaysRunExample" name="testcase1" time="0.000"/>
  <system-out/>
  <testcase classname="seleniumpoperties.AlwaysRunExample" name="testcase1" time="0.000"/>
  <system-out/>
  <testcase classname="seleniumpoperties.AlwaysRunExample" name="testcase1" time="0.001"/>
  <system-out/>
  <testcase classname="seleniumpoperties.AlwaysRunExample" name="testcase1" time="0.001"/>
  <system-out/>
  <testcase classname="seleniumpoperties.AlwaysRunExample" name="testcase1" time="0.001"/>
  <system-out/>
  <testcase classname="seleniumpoperties.AlwaysRunExample" name="testcase1" time="0.000"/>
  <system-out/>
  <testcase classname="seleniumpoperties.AlwaysRunExample" name="testcase1" time="0.001"/>
  <system-out/>
  <testcase classname="seleniumpoperties.AlwaysRunExample" name="testcase1" time="0.000"/>
  <system-out/>
  <testcase classname="seleniumpoperties.AlwaysRunExample" name="testcase1" time="0.000"/>
  <system-out/>
  <testcase classname="seleniumpoperties.AlwaysRunExample" name="testcase1" time="0.001"/>
  <system-out/>
  <testcase classname="seleniumpoperties.AlwaysRunExample" name="testcase1" time="0.001"/>
  <system-out/>
  <testcase classname="seleniumpoperties.AlwaysRunExample" name="testcase1" time="0.000"/>
  <system-out/>
  <testcase classname="seleniumpoperties.AlwaysRunExample" name="testcase1" time="0.000"/>
  <system-out/>
  <testcase classname="seleniumpoperties.AlwaysRunExample" name="testcase1" time="0.001"/>
  <system-out/>
  <testcase classname="seleniumpoperties.AlwaysRunExample" name="testcase1" time="0.000"/>
  <system-out/>
  <testcase classname="seleniumpoperties.AlwaysRunExample" name="testcase1" time="0.000"/>
  <system-out/>
  <testcase classname="seleniumpoperties.AlwaysRunExample" name="testcase1" time="0.000"/>
  <system-out/>
  <testcase classname="seleniumpoperties.AlwaysRunExample" name="testcase1" time="0.000"/>
  <system-out/>
  <testcase classname="seleniumpoperties.AlwaysRunExample" name="testcase1" time="0.000"/>
  <system-out/>
  <testcase classname="seleniumpoperties.AlwaysRunExample" name="testcase1" time="0.001"/>
  <system-out/>
  <testcase classname="seleniumpoperties.AlwaysRunExample" name="testcase1" time="0.000"/>
  <system-out/>
  <testcase classname="seleniumpoperties.AlwaysRunExample" name="testcase1" time="0.001"/>
  <system-out/>
  <testcase classname="seleniumpoperties.AlwaysRunExample" name="testcase1" time="0.000"/>
  <system-out/>
  <testcase classname="seleniumpoperties.AlwaysRunExample" name="testcase1" time="0.000"/>
  <system-out/>
  <testcase classname="seleniumpoperties.AlwaysRunExample" name="testcase1" time="0.000"/>
  <system-out/>
  <testcase classname="seleniumpoperties.AlwaysRunExample" name="testcase1" time="0.000"/>
  <system-out/>
  <testcase classname="seleniumpoperties.AlwaysRunExample" name="testcase1" time="0.000"/>
  <system-out/>
  <testcase classname="seleniumpoperties.AlwaysRunExample" name="testcase1" time="0.000"/>
  <system-out/>
  <testcase classname="seleniumpoperties.AlwaysRunExample" name="testcase1" time="0.047"/>
  <system-out/>
  <testcase classname="seleniumpoperties.AlwaysRunExample" name="testcase1" time="0.000"/>
  <system-out/>
  <testcase classname="seleniumpoperties.AlwaysRunExample" name="testcase1" time="0.000"/>
  <system-out/>
  <testcase classname="seleniumpoperties.AlwaysRunExample" name="testcase1" time="0.000"/>
  <system-out/>
  <testcase classname="seleniumpoperties.AlwaysRunExample" name="testcase1" time="0.000"/>
  <system-out/>
  <testcase classname="seleniumpoperties.AlwaysRunExample" name="testcase1" time="0.000"/>
  <system-out/>
  <testcase classname="seleniumpoperties.AlwaysRunExample" name="testcase1" time="0.000"/>
  <system-out/>
  <testcase classname="seleniumpoperties.AlwaysRunExample" name="testcase1" time="0.000"/>
  <system-out/>
  <testcase classname="seleniumpoperties.AlwaysRunExample" name="testcase1" time="0.000"/>
  <system-out/>
  <testcase classname="seleniumpoperties.AlwaysRunExample" name="testcase1" time="0.001"/>
  <system-out/>
  <testcase classname="seleniumpoperties.AlwaysRunExample" name="testcase1" time="0.000"/>
  <system-out/>
  <testcase classname="seleniumpoperties.AlwaysRunExample" name="testcase1" time="0.000"/>
  <system-out/>
  <testcase classname="seleniumpoperties.AlwaysRunExample" name="testcase1" time="0.000"/>
  <system-out/>
  <testcase classname="seleniumpoperties.AlwaysRunExample" name="testcase1" time="0.000"/>
  <system-out/>
  <testcase classname="seleniumpoperties.AlwaysRunExample" name="testcase1" time="0.000"/>
  <system-out/>
  <testcase classname="seleniumpoperties.AlwaysRunExample" name="testcase1" time="0.000"/>
  <system-out/>
  <testcase classname="seleniumpoperties.AlwaysRunExample" name="testcase1" time="0.000"/>
  <system-out/>
  <testcase classname="seleniumpoperties.AlwaysRunExample" name="testcase1" time="0.000"/>
  <system-out/>
  <testcase classname="seleniumpoperties.AlwaysRunExample" name="testcase1" time="0.000"/>
  <system-out/>
  <testcase classname="seleniumpoperties.AlwaysRunExample" name="testcase1" time="0.000"/>
  <system-out/>
  <testcase classname="seleniumpoperties.AlwaysRunExample" name="testcase1" time="0.000"/>
  <system-out/>
  <testcase classname="seleniumpoperties.AlwaysRunExample" name="testcase1" time="0.000"/>
  <system-out/>
  <testcase classname="seleniumpoperties.AlwaysRunExample" name="testcase1" time="0.001"/>
  <system-out/>
  <testcase classname="seleniumpoperties.AlwaysRunExample" name="testcase1" time="0.001"/>
  <system-out/>
  <testcase classname="seleniumpoperties.AlwaysRunExample" name="testcase1" time="0.000"/>
  <system-out/>
  <testcase classname="seleniumpoperties.AlwaysRunExample" name="testcase1" time="0.000"/>
  <system-out/>
  <testcase classname="seleniumpoperties.AlwaysRunExample" name="testcase1" time="0.000"/>
  <system-out/>
  <testcase classname="seleniumpoperties.AlwaysRunExample" name="testcase1" time="0.000"/>
  <system-out/>
  <testcase classname="seleniumpoperties.AlwaysRunExample" name="testcase1" time="0.000"/>
  <system-out/>
  <testcase classname="seleniumpoperties.AlwaysRunExample" name="testcase1" time="0.001"/>
  <system-out/>
  <testcase classname="seleniumpoperties.AlwaysRunExample" name="testcase1" time="0.000"/>
  <system-out/>
  <testcase classname="seleniumpoperties.AlwaysRunExample" name="testcase1" time="0.000"/>
  <system-out/>
  <testcase classname="seleniumpoperties.AlwaysRunExample" name="testcase1" time="0.000"/>
  <system-out/>
  <testcase classname="seleniumpoperties.AlwaysRunExample" name="testcase1" time="0.001"/>
  <system-out/>
  <testcase classname="seleniumpoperties.AlwaysRunExample" name="testcase1" time="0.000"/>
  <system-out/>
  <testcase classname="seleniumpoperties.AlwaysRunExample" name="testcase1" time="0.001"/>
  <system-out/>
  <testcase classname="seleniumpoperties.AlwaysRunExample" name="testcase1" time="0.000"/>
  <system-out/>
  <testcase classname="seleniumpoperties.AlwaysRunExample" name="testcase1" time="0.000"/>
  <system-out/>
  <testcase classname="seleniumpoperties.AlwaysRunExample" name="testcase1" time="0.000"/>
  <system-out/>
  <testcase classname="seleniumpoperties.AlwaysRunExample" name="testcase1" time="0.000"/>
  <system-out/>
  <testcase classname="seleniumpoperties.AlwaysRunExample" name="testcase1" time="0.000"/>
  <system-out/>
  <testcase classname="seleniumpoperties.AlwaysRunExample" name="testcase1" time="0.001"/>
  <system-out/>
  <testcase classname="seleniumpoperties.AlwaysRunExample" name="testcase1" time="0.000"/>
  <system-out/>
  <testcase classname="seleniumpoperties.AlwaysRunExample" name="testcase1" time="0.000"/>
  <system-out/>
  <testcase classname="seleniumpoperties.AlwaysRunExample" name="testcase1" time="0.000"/>
  <system-out/>
  <testcase classname="seleniumpoperties.AlwaysRunExample" name="testcase1" time="0.000"/>
  <system-out/>
  <testcase classname="seleniumpoperties.AlwaysRunExample" name="testcase1" time="0.000"/>
  <system-out/>
  <testcase classname="seleniumpoperties.AlwaysRunExample" name="testcase1" time="0.001"/>
  <system-out/>
  <testcase classname="seleniumpoperties.AlwaysRunExample" name="testcase1" time="0.000"/>
  <system-out/>
  <testcase classname="seleniumpoperties.AlwaysRunExample" name="testcase1" time="0.000"/>
  <system-out/>
  <testcase classname="seleniumpoperties.AlwaysRunExample" name="testcase1" time="0.000"/>
  <system-out/>
  <testcase classname="seleniumpoperties.AlwaysRunExample" name="testcase1" time="0.000"/>
  <system-out/>
  <testcase classname="seleniumpoperties.AlwaysRunExample" name="testcase1" time="0.001"/>
  <system-out/>
  <testcase classname="seleniumpoperties.AlwaysRunExample" name="testcase1" time="0.000"/>
  <system-out/>
  <testcase classname="seleniumpoperties.AlwaysRunExample" name="testcase1" time="0.001"/>
  <system-out/>
  <testcase classname="seleniumpoperties.AlwaysRunExample" name="testcase1" time="0.001"/>
  <system-out/>
  <testcase classname="seleniumpoperties.AlwaysRunExample" name="testcase1" time="0.000"/>
  <system-out/>
  <testcase classname="seleniumpoperties.AlwaysRunExample" name="testcase1" time="0.000"/>
  <system-out/>
  <testcase classname="seleniumpoperties.AlwaysRunExample" name="testcase1" time="0.000"/>
  <system-out/>
  <testcase classname="seleniumpoperties.AlwaysRunExample" name="testcase1" time="0.000"/>
  <system-out/>
  <testcase classname="seleniumpoperties.AlwaysRunExample" name="testcase1" time="0.000"/>
  <system-out/>
  <testcase classname="seleniumpoperties.AlwaysRunExample" name="testcase1" time="0.000"/>
  <system-out/>
  <testcase classname="seleniumpoperties.AlwaysRunExample" name="testcase1" time="0.000"/>
  <system-out/>
  <testcase classname="seleniumpoperties.AlwaysRunExample" name="testcase1" time="0.000"/>
  <system-out/>
  <testcase classname="seleniumpoperties.AlwaysRunExample" name="testcase1" time="0.000"/>
  <system-out/>
  <testcase classname="seleniumpoperties.AlwaysRunExample" name="testcase1" time="0.000"/>
  <system-out/>
  <testcase classname="seleniumpoperties.AlwaysRunExample" name="testcase1" time="0.000"/>
  <system-out/>
  <testcase classname="seleniumpoperties.AlwaysRunExample" name="testcase1" time="0.000"/>
  <system-out/>
  <testcase classname="seleniumpoperties.AlwaysRunExample" name="testcase1" time="0.004"/>
  <system-out/>
  <testcase classname="seleniumpoperties.AlwaysRunExample" name="testcase1" time="0.001"/>
  <system-out/>
  <testcase classname="seleniumpoperties.AlwaysRunExample" name="testcase1" time="0.000"/>
  <system-out/>
  <testcase classname="seleniumpoperties.AlwaysRunExample" name="testcase1" time="0.000"/>
  <system-out/>
  <testcase classname="seleniumpoperties.AlwaysRunExample" name="testcase1" time="0.000"/>
  <system-out/>
  <testcase classname="seleniumpoperties.AlwaysRunExample" name="testcase1" time="0.001"/>
  <system-out/>
  <testcase classname="seleniumpoperties.AlwaysRunExample" name="testcase1" time="0.000"/>
  <system-out/>
  <testcase classname="seleniumpoperties.AlwaysRunExample" name="testcase1" time="0.000"/>
  <system-out/>
  <testcase classname="seleniumpoperties.AlwaysRunExample" name="testcase1" time="0.001"/>
  <system-out/>
  <testcase classname="seleniumpoperties.AlwaysRunExample" name="testcase1" time="0.000"/>
  <system-out/>
  <testcase classname="seleniumpoperties.AlwaysRunExample" name="testcase1" time="0.001"/>
  <system-out/>
  <testcase classname="seleniumpoperties.AlwaysRunExample" name="testcase1" time="0.000"/>
  <system-out/>
  <testcase classname="seleniumpoperties.AlwaysRunExample" name="testcase1" time="0.000"/>
  <system-out/>
  <testcase classname="seleniumpoperties.AlwaysRunExample" name="testcase1" time="0.000"/>
  <system-out/>
  <testcase classname="seleniumpoperties.AlwaysRunExample" name="testcase1" time="0.000"/>
  <system-out/>
  <testcase classname="seleniumpoperties.AlwaysRunExample" name="testcase1" time="0.000"/>
  <system-out/>
  <testcase classname="seleniumpoperties.AlwaysRunExample" name="testcase1" time="0.000"/>
  <system-out/>
  <testcase classname="seleniumpoperties.AlwaysRunExample" name="testcase1" time="0.000"/>
  <system-out/>
  <testcase classname="seleniumpoperties.AlwaysRunExample" name="testcase1" time="0.000"/>
  <system-out/>
  <testcase classname="seleniumpoperties.AlwaysRunExample" name="testcase1" time="0.000"/>
  <system-out/>
  <testcase classname="seleniumpoperties.AlwaysRunExample" name="testcase1" time="0.000"/>
  <system-out/>
  <testcase classname="seleniumpoperties.AlwaysRunExample" name="testcase1" time="0.000"/>
  <system-out/>
  <testcase classname="seleniumpoperties.AlwaysRunExample" name="testcase1" time="0.001"/>
  <system-out/>
  <testcase classname="seleniumpoperties.AlwaysRunExample" name="testcase1" time="0.001"/>
  <system-out/>
  <testcase classname="seleniumpoperties.AlwaysRunExample" name="testcase1" time="0.001"/>
  <system-out/>
  <testcase classname="seleniumpoperties.AlwaysRunExample" name="testcase1" time="0.001"/>
  <system-out/>
  <testcase classname="seleniumpoperties.AlwaysRunExample" name="testcase1" time="0.001"/>
  <system-out/>
  <testcase classname="seleniumpoperties.AlwaysRunExample" name="testcase1" time="0.000"/>
  <system-out/>
  <testcase classname="seleniumpoperties.AlwaysRunExample" name="testcase1" time="0.000"/>
  <system-out/>
  <testcase classname="seleniumpoperties.AlwaysRunExample" name="testcase1" time="0.000"/>
  <system-out/>
  <testcase classname="seleniumpoperties.AlwaysRunExample" name="testcase1" time="0.000"/>
  <system-out/>
  <testcase classname="seleniumpoperties.AlwaysRunExample" name="testcase1" time="0.000"/>
  <system-out/>
  <testcase classname="seleniumpoperties.AlwaysRunExample" name="testcase1" time="0.000"/>
  <system-out/>
  <testcase classname="seleniumpoperties.AlwaysRunExample" name="testcase1" time="0.001"/>
  <system-out/>
  <testcase classname="seleniumpoperties.AlwaysRunExample" name="testcase1" time="0.000"/>
  <system-out/>
  <testcase classname="seleniumpoperties.AlwaysRunExample" name="testcase1" time="0.000"/>
  <system-out/>
  <testcase classname="seleniumpoperties.AlwaysRunExample" name="testcase1" time="0.000"/>
  <system-out/>
  <testcase classname="seleniumpoperties.AlwaysRunExample" name="testcase1" time="0.000"/>
  <system-out/>
  <testcase classname="seleniumpoperties.AlwaysRunExample" name="testcase1" time="0.000"/>
  <system-out/>
  <testcase classname="seleniumpoperties.AlwaysRunExample" name="testcase1" time="0.000"/>
  <system-out/>
  <testcase classname="seleniumpoperties.AlwaysRunExample" name="testcase1" time="0.000"/>
  <system-out/>
  <testcase classname="seleniumpoperties.AlwaysRunExample" name="testcase1" time="0.000"/>
  <system-out/>
  <testcase classname="seleniumpoperties.AlwaysRunExample" name="testcase1" time="0.000"/>
  <system-out/>
  <testcase classname="seleniumpoperties.AlwaysRunExample" name="testcase1" time="0.000"/>
  <system-out/>
  <testcase classname="seleniumpoperties.AlwaysRunExample" name="testcase1" time="0.000"/>
  <system-out/>
  <testcase classname="seleniumpoperties.AlwaysRunExample" name="testcase1" time="0.000"/>
  <system-out/>
  <testcase classname="seleniumpoperties.AlwaysRunExample" name="testcase1" time="0.000"/>
  <system-out/>
  <testcase classname="seleniumpoperties.AlwaysRunExample" name="testcase1" time="0.000"/>
  <system-out/>
  <testcase classname="seleniumpoperties.AlwaysRunExample" name="testcase1" time="0.000"/>
  <system-out/>
  <testcase classname="seleniumpoperties.AlwaysRunExample" name="testcase1" time="0.000"/>
  <system-out/>
  <testcase classname="seleniumpoperties.AlwaysRunExample" name="testcase1" time="0.000"/>
  <system-out/>
  <testcase classname="seleniumpoperties.AlwaysRunExample" name="testcase1" time="0.001"/>
  <system-out/>
  <testcase classname="seleniumpoperties.AlwaysRunExample" name="testcase1" time="0.001"/>
  <system-out/>
  <testcase classname="seleniumpoperties.AlwaysRunExample" name="testcase1" time="0.000"/>
  <system-out/>
  <testcase classname="seleniumpoperties.AlwaysRunExample" name="testcase1" time="0.000"/>
  <system-out/>
  <testcase classname="seleniumpoperties.AlwaysRunExample" name="testcase1" time="0.001"/>
  <system-out/>
  <testcase classname="seleniumpoperties.AlwaysRunExample" name="testcase1" time="0.000"/>
  <system-out/>
  <testcase classname="seleniumpoperties.AlwaysRunExample" name="testcase1" time="0.000"/>
  <system-out/>
  <testcase classname="seleniumpoperties.AlwaysRunExample" name="testcase1" time="0.000"/>
  <system-out/>
  <testcase classname="seleniumpoperties.AlwaysRunExample" name="testcase1" time="0.000"/>
  <system-out/>
  <testcase classname="seleniumpoperties.AlwaysRunExample" name="testcase1" time="0.000"/>
  <system-out/>
  <testcase classname="seleniumpoperties.AlwaysRunExample" name="testcase1" time="0.006"/>
  <system-out/>
  <testcase classname="seleniumpoperties.AlwaysRunExample" name="testcase1" time="0.000"/>
  <system-out/>
  <testcase classname="seleniumpoperties.AlwaysRunExample" name="testcase1" time="0.000"/>
  <system-out/>
  <testcase classname="seleniumpoperties.AlwaysRunExample" name="testcase1" time="0.000"/>
  <system-out/>
  <testcase classname="seleniumpoperties.AlwaysRunExample" name="testcase1" time="0.000"/>
  <system-out/>
  <testcase classname="seleniumpoperties.AlwaysRunExample" name="testcase1" time="0.000"/>
  <system-out/>
  <testcase classname="seleniumpoperties.AlwaysRunExample" name="testcase1" time="0.000"/>
  <system-out/>
  <testcase classname="seleniumpoperties.AlwaysRunExample" name="testcase1" time="0.000"/>
  <system-out/>
  <testcase classname="seleniumpoperties.AlwaysRunExample" name="testcase1" time="0.001"/>
  <system-out/>
  <testcase classname="seleniumpoperties.AlwaysRunExample" name="testcase1" time="0.000"/>
  <system-out/>
  <testcase classname="seleniumpoperties.AlwaysRunExample" name="testcase1" time="0.000"/>
  <system-out/>
  <testcase classname="seleniumpoperties.AlwaysRunExample" name="testcase1" time="0.000"/>
  <system-out/>
  <testcase classname="seleniumpoperties.AlwaysRunExample" name="testcase1" time="0.000"/>
  <system-out/>
  <testcase classname="seleniumpoperties.AlwaysRunExample" name="testcase1" time="0.001"/>
  <system-out/>
  <testcase classname="seleniumpoperties.AlwaysRunExample" name="testcase1" time="0.000"/>
  <system-out/>
  <testcase classname="seleniumpoperties.AlwaysRunExample" name="testcase1" time="0.000"/>
  <system-out/>
  <testcase classname="seleniumpoperties.AlwaysRunExample" name="testcase1" time="0.000"/>
  <system-out/>
  <testcase classname="seleniumpoperties.AlwaysRunExample" name="testcase1" time="0.001"/>
  <system-out/>
  <testcase classname="seleniumpoperties.AlwaysRunExample" name="testcase1" time="0.000"/>
  <system-out/>
  <testcase classname="seleniumpoperties.AlwaysRunExample" name="testcase1" time="0.000"/>
  <system-out/>
  <testcase classname="seleniumpoperties.AlwaysRunExample" name="testcase1" time="0.000"/>
  <system-out/>
  <testcase classname="seleniumpoperties.AlwaysRunExample" name="testcase1" time="0.000"/>
  <system-out/>
  <testcase classname="seleniumpoperties.AlwaysRunExample" name="testcase1" time="0.000"/>
  <system-out/>
  <testcase classname="seleniumpoperties.AlwaysRunExample" name="testcase1" time="0.000"/>
  <system-out/>
  <testcase classname="seleniumpoperties.AlwaysRunExample" name="testcase1" time="0.000"/>
  <system-out/>
  <testcase classname="seleniumpoperties.AlwaysRunExample" name="testcase1" time="0.000"/>
  <system-out/>
  <testcase classname="seleniumpoperties.AlwaysRunExample" name="testcase1" time="0.000"/>
  <system-out/>
  <testcase classname="seleniumpoperties.AlwaysRunExample" name="testcase1" time="0.001"/>
  <system-out/>
  <testcase classname="seleniumpoperties.AlwaysRunExample" name="testcase1" time="0.000"/>
  <system-out/>
  <testcase classname="seleniumpoperties.AlwaysRunExample" name="testcase1" time="0.000"/>
  <system-out/>
  <testcase classname="seleniumpoperties.AlwaysRunExample" name="testcase1" time="0.000"/>
  <system-out/>
  <testcase classname="seleniumpoperties.AlwaysRunExample" name="testcase1" time="0.000"/>
  <system-out/>
  <testcase classname="seleniumpoperties.AlwaysRunExample" name="testcase1" time="0.000"/>
  <system-out/>
  <testcase classname="seleniumpoperties.AlwaysRunExample" name="testcase1" time="0.000"/>
  <system-out/>
  <testcase classname="seleniumpoperties.AlwaysRunExample" name="testcase1" time="0.001"/>
  <system-out/>
  <testcase classname="seleniumpoperties.AlwaysRunExample" name="testcase1" time="0.000"/>
  <system-out/>
  <testcase classname="seleniumpoperties.AlwaysRunExample" name="testcase1" time="0.000"/>
  <system-out/>
  <testcase classname="seleniumpoperties.AlwaysRunExample" name="testcase1" time="0.000"/>
  <system-out/>
  <testcase classname="seleniumpoperties.AlwaysRunExample" name="testcase1" time="0.001"/>
  <system-out/>
  <testcase classname="seleniumpoperties.AlwaysRunExample" name="testcase1" time="0.000"/>
  <system-out/>
  <testcase classname="seleniumpoperties.AlwaysRunExample" name="testcase1" time="0.000"/>
  <system-out/>
  <testcase classname="seleniumpoperties.AlwaysRunExample" name="testcase1" time="0.000"/>
  <system-out/>
  <testcase classname="seleniumpoperties.AlwaysRunExample" name="testcase1" time="0.000"/>
  <system-out/>
  <testcase classname="seleniumpoperties.AlwaysRunExample" name="testcase1" time="0.000"/>
  <system-out/>
  <testcase classname="seleniumpoperties.AlwaysRunExample" name="testcase1" time="0.000"/>
  <system-out/>
  <testcase classname="seleniumpoperties.AlwaysRunExample" name="testcase1" time="0.000"/>
  <system-out/>
  <testcase classname="seleniumpoperties.AlwaysRunExample" name="testcase1" time="0.000"/>
  <system-out/>
  <testcase classname="seleniumpoperties.AlwaysRunExample" name="testcase1" time="0.000"/>
  <system-out/>
  <testcase classname="seleniumpoperties.AlwaysRunExample" name="testcase1" time="0.000"/>
  <system-out/>
  <testcase classname="seleniumpoperties.AlwaysRunExample" name="testcase1" time="0.000"/>
  <system-out/>
  <testcase classname="seleniumpoperties.AlwaysRunExample" name="testcase1" time="0.003"/>
  <system-out/>
  <testcase classname="seleniumpoperties.AlwaysRunExample" name="testcase1" time="0.001"/>
  <system-out/>
  <testcase classname="seleniumpoperties.AlwaysRunExample" name="testcase1" time="0.000"/>
  <system-out/>
  <testcase classname="seleniumpoperties.AlwaysRunExample" name="testcase1" time="0.000"/>
  <system-out/>
  <testcase classname="seleniumpoperties.AlwaysRunExample" name="testcase1" time="0.001"/>
  <system-out/>
  <testcase classname="seleniumpoperties.AlwaysRunExample" name="testcase1" time="0.000"/>
  <system-out/>
  <testcase classname="seleniumpoperties.AlwaysRunExample" name="testcase1" time="0.000"/>
  <system-out/>
  <testcase classname="seleniumpoperties.AlwaysRunExample" name="testcase1" time="0.002"/>
  <system-out/>
  <testcase classname="seleniumpoperties.AlwaysRunExample" name="testcase1" time="0.000"/>
  <system-out/>
  <testcase classname="seleniumpoperties.AlwaysRunExample" name="testcase1" time="0.000"/>
  <system-out/>
  <testcase classname="seleniumpoperties.AlwaysRunExample" name="testcase1" time="0.000"/>
  <system-out/>
  <testcase classname="seleniumpoperties.AlwaysRunExample" name="testcase1" time="0.000"/>
  <system-out/>
  <testcase classname="seleniumpoperties.AlwaysRunExample" name="testcase1" time="0.000"/>
  <system-out/>
  <testcase classname="seleniumpoperties.AlwaysRunExample" name="testcase1" time="0.000"/>
  <system-out/>
  <testcase classname="seleniumpoperties.AlwaysRunExample" name="testcase1" time="0.000"/>
  <system-out/>
  <testcase classname="seleniumpoperties.AlwaysRunExample" name="testcase1" time="0.000"/>
  <system-out/>
  <testcase classname="seleniumpoperties.AlwaysRunExample" name="testcase1" time="0.001"/>
  <system-out/>
  <testcase classname="seleniumpoperties.AlwaysRunExample" name="testcase1" time="0.000"/>
  <system-out/>
  <testcase classname="seleniumpoperties.AlwaysRunExample" name="testcase1" time="0.001"/>
  <system-out/>
  <testcase classname="seleniumpoperties.AlwaysRunExample" name="testcase1" time="0.000"/>
  <system-out/>
  <testcase classname="seleniumpoperties.AlwaysRunExample" name="testcase1" time="0.000"/>
  <system-out/>
  <testcase classname="seleniumpoperties.AlwaysRunExample" name="testcase1" time="0.000"/>
  <system-out/>
  <testcase classname="seleniumpoperties.AlwaysRunExample" name="testcase1" time="0.000"/>
  <system-out/>
  <testcase classname="seleniumpoperties.AlwaysRunExample" name="testcase1" time="0.000"/>
  <system-out/>
  <testcase classname="seleniumpoperties.AlwaysRunExample" name="testcase1" time="0.000"/>
  <system-out/>
  <testcase classname="seleniumpoperties.AlwaysRunExample" name="testcase1" time="0.000"/>
  <system-out/>
  <testcase classname="seleniumpoperties.AlwaysRunExample" name="testcase1" time="0.000"/>
  <system-out/>
  <testcase classname="seleniumpoperties.AlwaysRunExample" name="testcase1" time="0.000"/>
  <system-out/>
  <testcase classname="seleniumpoperties.AlwaysRunExample" name="testcase1" time="0.000"/>
  <system-out/>
  <testcase classname="seleniumpoperties.AlwaysRunExample" name="testcase1" time="0.000"/>
  <system-out/>
  <testcase classname="seleniumpoperties.AlwaysRunExample" name="testcase1" time="0.000"/>
  <system-out/>
  <testcase classname="seleniumpoperties.AlwaysRunExample" name="testcase1" time="0.000"/>
  <system-out/>
  <testcase classname="seleniumpoperties.AlwaysRunExample" name="testcase1" time="0.000"/>
  <system-out/>
  <testcase classname="seleniumpoperties.AlwaysRunExample" name="testcase1" time="0.000"/>
  <system-out/>
  <testcase classname="seleniumpoperties.AlwaysRunExample" name="testcase1" time="0.000"/>
  <system-out/>
  <testcase classname="seleniumpoperties.AlwaysRunExample" name="testcase1" time="0.000"/>
  <system-out/>
  <testcase classname="seleniumpoperties.AlwaysRunExample" name="testcase1" time="0.000"/>
  <system-out/>
  <testcase classname="seleniumpoperties.AlwaysRunExample" name="testcase1" time="0.000"/>
  <system-out/>
  <testcase classname="seleniumpoperties.AlwaysRunExample" name="testcase1" time="0.001"/>
  <system-out/>
  <testcase classname="seleniumpoperties.AlwaysRunExample" name="testcase1" time="0.000"/>
  <system-out/>
  <testcase classname="seleniumpoperties.AlwaysRunExample" name="testcase1" time="0.000"/>
  <system-out/>
  <testcase classname="seleniumpoperties.AlwaysRunExample" name="testcase1" time="0.000"/>
  <system-out/>
  <testcase classname="seleniumpoperties.AlwaysRunExample" name="testcase1" time="0.000"/>
  <system-out/>
  <testcase classname="seleniumpoperties.AlwaysRunExample" name="testcase1" time="0.000"/>
  <system-out/>
  <testcase classname="seleniumpoperties.AlwaysRunExample" name="testcase1" time="0.000"/>
  <system-out/>
  <testcase classname="seleniumpoperties.AlwaysRunExample" name="testcase1" time="0.000"/>
  <system-out/>
  <testcase classname="seleniumpoperties.AlwaysRunExample" name="testcase1" time="0.001"/>
  <system-out/>
  <testcase classname="seleniumpoperties.AlwaysRunExample" name="testcase1" time="0.000"/>
  <system-out/>
  <testcase classname="seleniumpoperties.AlwaysRunExample" name="testcase1" time="0.000"/>
  <system-out/>
  <testcase classname="seleniumpoperties.AlwaysRunExample" name="testcase1" time="0.001"/>
  <system-out/>
  <testcase classname="seleniumpoperties.AlwaysRunExample" name="testcase1" time="0.000"/>
  <system-out/>
  <testcase classname="seleniumpoperties.AlwaysRunExample" name="testcase1" time="0.000"/>
  <system-out/>
  <testcase classname="seleniumpoperties.AlwaysRunExample" name="testcase1" time="0.000"/>
  <system-out/>
  <testcase classname="seleniumpoperties.AlwaysRunExample" name="testcase1" time="0.000"/>
  <system-out/>
  <testcase classname="seleniumpoperties.AlwaysRunExample" name="testcase1" time="0.000"/>
  <system-out/>
  <testcase classname="seleniumpoperties.AlwaysRunExample" name="testcase1" time="0.000"/>
  <system-out/>
  <testcase classname="seleniumpoperties.AlwaysRunExample" name="testcase1" time="0.000"/>
  <system-out/>
  <testcase classname="seleniumpoperties.AlwaysRunExample" name="testcase1" time="0.000"/>
  <system-out/>
  <testcase classname="seleniumpoperties.AlwaysRunExample" name="testcase1" time="0.000"/>
  <system-out/>
  <testcase classname="seleniumpoperties.AlwaysRunExample" name="testcase1" time="0.000"/>
  <system-out/>
  <testcase classname="seleniumpoperties.AlwaysRunExample" name="testcase1" time="0.000"/>
  <system-out/>
  <testcase classname="seleniumpoperties.AlwaysRunExample" name="testcase1" time="0.000"/>
  <system-out/>
  <testcase classname="seleniumpoperties.AlwaysRunExample" name="testcase1" time="0.000"/>
  <system-out/>
  <testcase classname="seleniumpoperties.AlwaysRunExample" name="testcase1" time="0.001"/>
  <system-out/>
  <testcase classname="seleniumpoperties.AlwaysRunExample" name="testcase1" time="0.000"/>
  <system-out/>
  <testcase classname="seleniumpoperties.AlwaysRunExample" name="testcase1" time="0.000"/>
  <system-out/>
  <testcase classname="seleniumpoperties.AlwaysRunExample" name="testcase1" time="0.000"/>
  <system-out/>
  <testcase classname="seleniumpoperties.AlwaysRunExample" name="testcase1" time="0.000"/>
  <system-out/>
  <testcase classname="seleniumpoperties.AlwaysRunExample" name="testcase1" time="0.000"/>
  <system-out/>
  <testcase classname="seleniumpoperties.AlwaysRunExample" name="testcase1" time="0.000"/>
  <system-out/>
  <testcase classname="seleniumpoperties.AlwaysRunExample" name="testcase1" time="0.000"/>
  <system-out/>
  <testcase classname="seleniumpoperties.AlwaysRunExample" name="testcase1" time="0.000"/>
  <system-out/>
  <testcase classname="seleniumpoperties.AlwaysRunExample" name="testcase1" time="0.000"/>
  <system-out/>
  <testcase classname="seleniumpoperties.AlwaysRunExample" name="testcase1" time="0.000"/>
  <system-out/>
  <testcase classname="seleniumpoperties.AlwaysRunExample" name="testcase1" time="0.000"/>
  <system-out/>
  <testcase classname="seleniumpoperties.AlwaysRunExample" name="testcase1" time="0.000"/>
  <system-out/>
  <testcase classname="seleniumpoperties.AlwaysRunExample" name="testcase1" time="0.000"/>
  <system-out/>
  <testcase classname="seleniumpoperties.AlwaysRunExample" name="testcase1" time="0.000"/>
  <system-out/>
  <testcase classname="seleniumpoperties.AlwaysRunExample" name="testcase1" time="0.000"/>
  <system-out/>
  <testcase classname="seleniumpoperties.AlwaysRunExample" name="testcase1" time="0.000"/>
  <system-out/>
  <testcase classname="seleniumpoperties.AlwaysRunExample" name="testcase1" time="0.000"/>
  <system-out/>
  <testcase classname="seleniumpoperties.AlwaysRunExample" name="testcase1" time="0.001"/>
  <system-out/>
  <testcase classname="seleniumpoperties.AlwaysRunExample" name="testcase1" time="0.000"/>
  <system-out/>
  <testcase classname="seleniumpoperties.AlwaysRunExample" name="testcase1" time="0.000"/>
  <system-out/>
  <testcase classname="seleniumpoperties.AlwaysRunExample" name="testcase1" time="0.000"/>
  <system-out/>
  <testcase classname="seleniumpoperties.AlwaysRunExample" name="testcase1" time="0.000"/>
  <system-out/>
  <testcase classname="seleniumpoperties.AlwaysRunExample" name="testcase1" time="0.000"/>
  <system-out/>
  <testcase classname="seleniumpoperties.AlwaysRunExample" name="testcase1" time="0.000"/>
  <system-out/>
  <testcase classname="seleniumpoperties.AlwaysRunExample" name="testcase1" time="0.000"/>
  <system-out/>
  <testcase classname="seleniumpoperties.AlwaysRunExample" name="testcase1" time="0.001"/>
  <system-out/>
  <testcase classname="seleniumpoperties.AlwaysRunExample" name="testcase1" time="0.000"/>
  <system-out/>
  <testcase classname="seleniumpoperties.AlwaysRunExample" name="testcase1" time="0.000"/>
  <system-out/>
  <testcase classname="seleniumpoperties.AlwaysRunExample" name="testcase1" time="0.000"/>
  <system-out/>
  <testcase classname="seleniumpoperties.AlwaysRunExample" name="testcase1" time="0.000"/>
  <system-out/>
  <testcase classname="seleniumpoperties.AlwaysRunExample" name="testcase1" time="0.000"/>
  <system-out/>
  <testcase classname="seleniumpoperties.AlwaysRunExample" name="testcase1" time="0.000"/>
  <system-out/>
  <testcase classname="seleniumpoperties.AlwaysRunExample" name="testcase1" time="0.000"/>
  <system-out/>
  <testcase classname="seleniumpoperties.AlwaysRunExample" name="testcase1" time="0.001"/>
  <system-out/>
  <testcase classname="seleniumpoperties.AlwaysRunExample" name="testcase1" time="0.000"/>
  <system-out/>
  <testcase classname="seleniumpoperties.AlwaysRunExample" name="testcase1" time="0.000"/>
  <system-out/>
  <testcase classname="seleniumpoperties.AlwaysRunExample" name="testcase1" time="0.000"/>
  <system-out/>
  <testcase classname="seleniumpoperties.AlwaysRunExample" name="testcase1" time="0.000"/>
  <system-out/>
  <testcase classname="seleniumpoperties.AlwaysRunExample" name="testcase1" time="0.000"/>
  <system-out/>
  <testcase classname="seleniumpoperties.AlwaysRunExample" name="testcase1" time="0.000"/>
  <system-out/>
  <testcase classname="seleniumpoperties.AlwaysRunExample" name="testcase1" time="0.000"/>
  <system-out/>
  <testcase classname="seleniumpoperties.AlwaysRunExample" name="testcase1" time="0.001"/>
  <system-out/>
  <testcase classname="seleniumpoperties.AlwaysRunExample" name="testcase1" time="0.000"/>
  <system-out/>
  <testcase classname="seleniumpoperties.AlwaysRunExample" name="testcase1" time="0.000"/>
  <system-out/>
  <testcase classname="seleniumpoperties.AlwaysRunExample" name="testcase1" time="0.000"/>
  <system-out/>
  <testcase classname="seleniumpoperties.AlwaysRunExample" name="testcase1" time="0.001"/>
  <system-out/>
  <testcase classname="seleniumpoperties.AlwaysRunExample" name="testcase1" time="0.000"/>
  <system-out/>
  <testcase classname="seleniumpoperties.AlwaysRunExample" name="testcase1" time="0.000"/>
  <system-out/>
  <testcase classname="seleniumpoperties.AlwaysRunExample" name="testcase1" time="0.000"/>
  <system-out/>
  <testcase classname="seleniumpoperties.AlwaysRunExample" name="testcase1" time="0.000"/>
  <system-out/>
  <testcase classname="seleniumpoperties.AlwaysRunExample" name="testcase1" time="0.000"/>
  <system-out/>
  <testcase classname="seleniumpoperties.AlwaysRunExample" name="testcase1" time="0.001"/>
  <system-out/>
  <testcase classname="seleniumpoperties.AlwaysRunExample" name="testcase1" time="0.000"/>
  <system-out/>
  <testcase classname="seleniumpoperties.AlwaysRunExample" name="testcase1" time="0.000"/>
  <system-out/>
  <testcase classname="seleniumpoperties.AlwaysRunExample" name="testcase1" time="0.000"/>
  <system-out/>
  <testcase classname="seleniumpoperties.AlwaysRunExample" name="testcase1" time="0.000"/>
  <system-out/>
  <testcase classname="seleniumpoperties.AlwaysRunExample" name="testcase1" time="0.000"/>
  <system-out/>
  <testcase classname="seleniumpoperties.AlwaysRunExample" name="testcase1" time="0.000"/>
  <system-out/>
  <testcase classname="seleniumpoperties.AlwaysRunExample" name="testcase1" time="0.000"/>
  <system-out/>
  <testcase classname="seleniumpoperties.AlwaysRunExample" name="testcase1" time="0.000"/>
  <system-out/>
  <testcase classname="seleniumpoperties.AlwaysRunExample" name="testcase1" time="0.000"/>
  <system-out/>
  <testcase classname="seleniumpoperties.AlwaysRunExample" name="testcase1" time="0.000"/>
  <system-out/>
  <testcase classname="seleniumpoperties.AlwaysRunExample" name="testcase1" time="0.000"/>
  <system-out/>
  <testcase classname="seleniumpoperties.AlwaysRunExample" name="testcase1" time="0.001"/>
  <system-out/>
  <testcase classname="seleniumpoperties.AlwaysRunExample" name="testcase1" time="0.000"/>
  <system-out/>
  <testcase classname="seleniumpoperties.AlwaysRunExample" name="testcase1" time="0.000"/>
  <system-out/>
  <testcase classname="seleniumpoperties.AlwaysRunExample" name="testcase1" time="0.001"/>
  <system-out/>
  <testcase classname="seleniumpoperties.AlwaysRunExample" name="testcase1" time="0.000"/>
  <system-out/>
  <testcase classname="seleniumpoperties.AlwaysRunExample" name="testcase1" time="0.000"/>
  <system-out/>
  <testcase classname="seleniumpoperties.AlwaysRunExample" name="testcase1" time="0.000"/>
  <system-out/>
  <testcase classname="seleniumpoperties.AlwaysRunExample" name="testcase1" time="0.000"/>
  <system-out/>
  <testcase classname="seleniumpoperties.AlwaysRunExample" name="testcase1" time="0.000"/>
  <system-out/>
  <testcase classname="seleniumpoperties.AlwaysRunExample" name="testcase1" time="0.000"/>
  <system-out/>
  <testcase classname="seleniumpoperties.AlwaysRunExample" name="testcase1" time="0.000"/>
  <system-out/>
  <testcase classname="seleniumpoperties.AlwaysRunExample" name="testcase1" time="0.000"/>
  <system-out/>
  <testcase classname="seleniumpoperties.AlwaysRunExample" name="testcase1" time="0.000"/>
  <system-out/>
  <testcase classname="seleniumpoperties.AlwaysRunExample" name="testcase1" time="0.000"/>
  <system-out/>
  <testcase classname="seleniumpoperties.AlwaysRunExample" name="testcase1" time="0.000"/>
  <system-out/>
  <testcase classname="seleniumpoperties.AlwaysRunExample" name="testcase1" time="0.001"/>
  <system-out/>
  <testcase classname="seleniumpoperties.AlwaysRunExample" name="testcase1" time="0.000"/>
  <system-out/>
  <testcase classname="seleniumpoperties.AlwaysRunExample" name="testcase1" time="0.000"/>
  <system-out/>
  <testcase classname="seleniumpoperties.AlwaysRunExample" name="testcase1" time="0.000"/>
  <system-out/>
  <testcase classname="seleniumpoperties.AlwaysRunExample" name="testcase1" time="0.001"/>
  <system-out/>
  <testcase classname="seleniumpoperties.AlwaysRunExample" name="testcase1" time="0.000"/>
  <system-out/>
  <testcase classname="seleniumpoperties.AlwaysRunExample" name="testcase1" time="0.000"/>
  <system-out/>
  <testcase classname="seleniumpoperties.AlwaysRunExample" name="testcase1" time="0.000"/>
  <system-out/>
  <testcase classname="seleniumpoperties.AlwaysRunExample" name="testcase1" time="0.000"/>
  <system-out/>
  <testcase classname="seleniumpoperties.AlwaysRunExample" name="testcase1" time="0.000"/>
  <system-out/>
  <testcase classname="seleniumpoperties.AlwaysRunExample" name="testcase1" time="0.000"/>
  <system-out/>
  <testcase classname="seleniumpoperties.AlwaysRunExample" name="testcase1" time="0.000"/>
  <system-out/>
  <testcase classname="seleniumpoperties.AlwaysRunExample" name="testcase1" time="0.000"/>
  <system-out/>
  <testcase classname="seleniumpoperties.AlwaysRunExample" name="testcase1" time="0.001"/>
  <system-out/>
  <testcase classname="seleniumpoperties.AlwaysRunExample" name="testcase1" time="0.000"/>
  <system-out/>
  <testcase classname="seleniumpoperties.AlwaysRunExample" name="testcase1" time="0.000"/>
  <system-out/>
  <testcase classname="seleniumpoperties.AlwaysRunExample" name="testcase1" time="0.001"/>
  <system-out/>
  <testcase classname="seleniumpoperties.AlwaysRunExample" name="testcase1" time="0.000"/>
  <system-out/>
  <testcase classname="seleniumpoperties.AlwaysRunExample" name="testcase1" time="0.000"/>
  <system-out/>
  <testcase classname="seleniumpoperties.AlwaysRunExample" name="testcase1" time="0.001"/>
  <system-out/>
  <testcase classname="seleniumpoperties.AlwaysRunExample" name="testcase1" time="0.001"/>
  <system-out/>
  <testcase classname="seleniumpoperties.AlwaysRunExample" name="testcase1" time="0.000"/>
  <system-out/>
  <testcase classname="seleniumpoperties.AlwaysRunExample" name="testcase1" time="0.000"/>
  <system-out/>
  <testcase classname="seleniumpoperties.AlwaysRunExample" name="testcase1" time="0.001"/>
  <system-out/>
  <testcase classname="seleniumpoperties.AlwaysRunExample" name="testcase1" time="0.000"/>
  <system-out/>
  <testcase classname="seleniumpoperties.AlwaysRunExample" name="testcase1" time="0.000"/>
  <system-out/>
  <testcase classname="seleniumpoperties.AlwaysRunExample" name="testcase1" time="0.000"/>
  <system-out/>
  <testcase classname="seleniumpoperties.AlwaysRunExample" name="testcase1" time="0.001"/>
  <system-out/>
  <testcase classname="seleniumpoperties.AlwaysRunExample" name="testcase1" time="0.000"/>
  <system-out/>
  <testcase classname="seleniumpoperties.AlwaysRunExample" name="testcase1" time="0.000"/>
  <system-out/>
  <testcase classname="seleniumpoperties.AlwaysRunExample" name="testcase1" time="0.000"/>
  <system-out/>
  <testcase classname="seleniumpoperties.AlwaysRunExample" name="testcase1" time="0.002"/>
  <system-out/>
  <testcase classname="seleniumpoperties.AlwaysRunExample" name="testcase1" time="0.000"/>
  <system-out/>
  <testcase classname="seleniumpoperties.AlwaysRunExample" name="testcase1" time="0.000"/>
  <system-out/>
  <testcase classname="seleniumpoperties.AlwaysRunExample" name="testcase1" time="0.000"/>
  <system-out/>
  <testcase classname="seleniumpoperties.AlwaysRunExample" name="testcase1" time="0.000"/>
  <system-out/>
  <testcase classname="seleniumpoperties.AlwaysRunExample" name="testcase1" time="0.001"/>
  <system-out/>
  <testcase classname="seleniumpoperties.AlwaysRunExample" name="testcase1" time="0.001"/>
  <system-out/>
  <testcase classname="seleniumpoperties.AlwaysRunExample" name="testcase1" time="0.001"/>
  <system-out/>
  <testcase classname="seleniumpoperties.AlwaysRunExample" name="testcase1" time="0.000"/>
  <system-out/>
  <testcase classname="seleniumpoperties.AlwaysRunExample" name="testcase1" time="0.000"/>
  <system-out/>
  <testcase classname="seleniumpoperties.AlwaysRunExample" name="testcase1" time="0.000"/>
  <system-out/>
  <testcase classname="seleniumpoperties.AlwaysRunExample" name="testcase1" time="0.000"/>
  <system-out/>
  <testcase classname="seleniumpoperties.AlwaysRunExample" name="testcase1" time="0.001"/>
  <system-out/>
  <testcase classname="seleniumpoperties.AlwaysRunExample" name="testcase1" time="0.000"/>
  <system-out/>
  <testcase classname="seleniumpoperties.AlwaysRunExample" name="testcase1" time="0.000"/>
  <system-out/>
  <testcase classname="seleniumpoperties.AlwaysRunExample" name="testcase1" time="0.000"/>
  <system-out/>
  <testcase classname="seleniumpoperties.AlwaysRunExample" name="testcase1" time="0.000"/>
  <system-out/>
  <testcase classname="seleniumpoperties.AlwaysRunExample" name="testcase1" time="0.000"/>
  <system-out/>
  <testcase classname="seleniumpoperties.AlwaysRunExample" name="testcase1" time="0.000"/>
  <system-out/>
  <testcase classname="seleniumpoperties.AlwaysRunExample" name="testcase1" time="0.000"/>
  <system-out/>
  <testcase classname="seleniumpoperties.AlwaysRunExample" name="testcase1" time="0.000"/>
  <system-out/>
  <testcase classname="seleniumpoperties.AlwaysRunExample" name="testcase1" time="0.000"/>
  <system-out/>
  <testcase classname="seleniumpoperties.AlwaysRunExample" name="testcase1" time="0.001"/>
  <system-out/>
  <testcase classname="seleniumpoperties.AlwaysRunExample" name="testcase1" time="0.000"/>
  <system-out/>
  <testcase classname="seleniumpoperties.AlwaysRunExample" name="testcase1" time="0.000"/>
  <system-out/>
  <testcase classname="seleniumpoperties.AlwaysRunExample" name="testcase1" time="0.001"/>
  <system-out/>
  <testcase classname="seleniumpoperties.AlwaysRunExample" name="testcase1" time="0.000"/>
  <system-out/>
  <testcase classname="seleniumpoperties.AlwaysRunExample" name="testcase1" time="0.002"/>
  <system-out/>
  <testcase classname="seleniumpoperties.AlwaysRunExample" name="testcase1" time="0.000"/>
  <system-out/>
  <testcase classname="seleniumpoperties.AlwaysRunExample" name="testcase1" time="0.000"/>
  <system-out/>
  <testcase classname="seleniumpoperties.AlwaysRunExample" name="testcase1" time="0.000"/>
  <system-out/>
  <testcase classname="seleniumpoperties.AlwaysRunExample" name="testcase1" time="0.000"/>
  <system-out/>
  <testcase classname="seleniumpoperties.AlwaysRunExample" name="testcase1" time="0.000"/>
  <system-out/>
  <testcase classname="seleniumpoperties.AlwaysRunExample" name="testcase1" time="0.001"/>
  <system-out/>
  <testcase classname="seleniumpoperties.AlwaysRunExample" name="testcase1" time="0.000"/>
  <system-out/>
  <testcase classname="seleniumpoperties.AlwaysRunExample" name="testcase1" time="0.000"/>
  <system-out/>
  <testcase classname="seleniumpoperties.AlwaysRunExample" name="testcase1" time="0.001"/>
  <system-out/>
  <testcase classname="seleniumpoperties.AlwaysRunExample" name="testcase1" time="0.000"/>
  <system-out/>
  <testcase classname="seleniumpoperties.AlwaysRunExample" name="testcase1" time="0.000"/>
  <system-out/>
  <testcase classname="seleniumpoperties.AlwaysRunExample" name="testcase1" time="0.000"/>
  <system-out/>
  <testcase classname="seleniumpoperties.AlwaysRunExample" name="testcase1" time="0.000"/>
  <system-out/>
  <testcase classname="seleniumpoperties.AlwaysRunExample" name="testcase1" time="0.000"/>
  <system-out/>
  <testcase classname="seleniumpoperties.AlwaysRunExample" name="testcase1" time="0.001"/>
  <system-out/>
  <testcase classname="seleniumpoperties.AlwaysRunExample" name="testcase1" time="0.000"/>
  <system-out/>
  <testcase classname="seleniumpoperties.AlwaysRunExample" name="testcase1" time="0.000"/>
  <system-out/>
  <testcase classname="seleniumpoperties.AlwaysRunExample" name="testcase1" time="0.000"/>
  <system-out/>
  <testcase classname="seleniumpoperties.AlwaysRunExample" name="testcase1" time="0.000"/>
  <system-out/>
  <testcase classname="seleniumpoperties.AlwaysRunExample" name="testcase1" time="0.000"/>
  <system-out/>
  <testcase classname="seleniumpoperties.AlwaysRunExample" name="testcase1" time="0.000"/>
  <system-out/>
  <testcase classname="seleniumpoperties.AlwaysRunExample" name="testcase1" time="0.001"/>
  <system-out/>
  <testcase classname="seleniumpoperties.AlwaysRunExample" name="testcase1" time="0.000"/>
  <system-out/>
  <testcase classname="seleniumpoperties.AlwaysRunExample" name="testcase1" time="0.000"/>
  <system-out/>
  <testcase classname="seleniumpoperties.AlwaysRunExample" name="testcase1" time="0.000"/>
  <system-out/>
  <testcase classname="seleniumpoperties.AlwaysRunExample" name="testcase1" time="0.001"/>
  <system-out/>
  <testcase classname="seleniumpoperties.AlwaysRunExample" name="testcase1" time="0.000"/>
  <system-out/>
  <testcase classname="seleniumpoperties.AlwaysRunExample" name="testcase1" time="0.001"/>
  <system-out/>
  <testcase classname="seleniumpoperties.AlwaysRunExample" name="testcase1" time="0.001"/>
  <system-out/>
  <testcase classname="seleniumpoperties.AlwaysRunExample" name="testcase1" time="0.000"/>
  <system-out/>
  <testcase classname="seleniumpoperties.AlwaysRunExample" name="testcase1" time="0.000"/>
  <system-out/>
  <testcase classname="seleniumpoperties.AlwaysRunExample" name="testcase1" time="0.000"/>
  <system-out/>
  <testcase classname="seleniumpoperties.AlwaysRunExample" name="testcase1" time="0.000"/>
  <system-out/>
  <testcase classname="seleniumpoperties.AlwaysRunExample" name="testcase1" time="0.000"/>
  <system-out/>
  <testcase classname="seleniumpoperties.AlwaysRunExample" name="testcase1" time="0.000"/>
  <system-out/>
  <testcase classname="seleniumpoperties.AlwaysRunExample" name="testcase1" time="0.001"/>
  <system-out/>
  <testcase classname="seleniumpoperties.AlwaysRunExample" name="testcase1" time="0.000"/>
  <system-out/>
  <testcase classname="seleniumpoperties.AlwaysRunExample" name="testcase1" time="0.001"/>
  <system-out/>
  <testcase classname="seleniumpoperties.AlwaysRunExample" name="testcase1" time="0.000"/>
  <system-out/>
  <testcase classname="seleniumpoperties.AlwaysRunExample" name="testcase1" time="0.000"/>
  <system-out/>
  <testcase classname="seleniumpoperties.AlwaysRunExample" name="testcase1" time="0.000"/>
  <system-out/>
  <testcase classname="seleniumpoperties.AlwaysRunExample" name="testcase1" time="0.000"/>
  <system-out/>
  <testcase classname="seleniumpoperties.AlwaysRunExample" name="testcase1" time="0.000"/>
  <system-out/>
  <testcase classname="seleniumpoperties.AlwaysRunExample" name="testcase1" time="0.000"/>
  <system-out/>
  <testcase classname="seleniumpoperties.AlwaysRunExample" name="testcase1" time="0.000"/>
  <system-out/>
  <testcase classname="seleniumpoperties.AlwaysRunExample" name="testcase1" time="0.001"/>
  <system-out/>
  <testcase classname="seleniumpoperties.AlwaysRunExample" name="testcase1" time="0.000"/>
  <system-out/>
  <testcase classname="seleniumpoperties.AlwaysRunExample" name="testcase1" time="0.001"/>
  <system-out/>
  <testcase classname="seleniumpoperties.AlwaysRunExample" name="testcase1" time="0.000"/>
  <system-out/>
  <testcase classname="seleniumpoperties.AlwaysRunExample" name="testcase1" time="0.000"/>
  <system-out/>
  <testcase classname="seleniumpoperties.AlwaysRunExample" name="testcase1" time="0.000"/>
  <system-out/>
  <testcase classname="seleniumpoperties.AlwaysRunExample" name="testcase1" time="0.000"/>
  <system-out/>
  <testcase classname="seleniumpoperties.AlwaysRunExample" name="testcase1" time="0.000"/>
  <system-out/>
  <testcase classname="seleniumpoperties.AlwaysRunExample" name="testcase1" time="0.000"/>
  <system-out/>
  <testcase classname="seleniumpoperties.AlwaysRunExample" name="testcase1" time="0.000"/>
  <system-out/>
  <testcase classname="seleniumpoperties.AlwaysRunExample" name="testcase1" time="0.001"/>
  <system-out/>
  <testcase classname="seleniumpoperties.AlwaysRunExample" name="testcase1" time="0.000"/>
  <system-out/>
  <testcase classname="seleniumpoperties.AlwaysRunExample" name="testcase1" time="0.000"/>
  <system-out/>
  <testcase classname="seleniumpoperties.AlwaysRunExample" name="testcase1" time="0.001"/>
  <system-out/>
  <testcase classname="seleniumpoperties.AlwaysRunExample" name="testcase1" time="0.000"/>
  <system-out/>
  <testcase classname="seleniumpoperties.AlwaysRunExample" name="testcase1" time="0.000"/>
  <system-out/>
  <testcase classname="seleniumpoperties.AlwaysRunExample" name="testcase1" time="0.000"/>
  <system-out/>
  <testcase classname="seleniumpoperties.AlwaysRunExample" name="testcase1" time="0.000"/>
  <system-out/>
  <testcase classname="seleniumpoperties.AlwaysRunExample" name="testcase1" time="0.000"/>
  <system-out/>
  <testcase classname="seleniumpoperties.AlwaysRunExample" name="testcase1" time="0.000"/>
  <system-out/>
  <testcase classname="seleniumpoperties.AlwaysRunExample" name="testcase1" time="0.000"/>
  <system-out/>
  <testcase classname="seleniumpoperties.AlwaysRunExample" name="testcase1" time="0.000"/>
  <system-out/>
  <testcase classname="seleniumpoperties.AlwaysRunExample" name="testcase1" time="0.003"/>
  <system-out/>
  <testcase classname="seleniumpoperties.AlwaysRunExample" name="testcase1" time="0.000"/>
  <system-out/>
  <testcase classname="seleniumpoperties.AlwaysRunExample" name="testcase1" time="0.000"/>
  <system-out/>
  <testcase classname="seleniumpoperties.AlwaysRunExample" name="testcase1" time="0.000"/>
  <system-out/>
  <testcase classname="seleniumpoperties.AlwaysRunExample" name="testcase1" time="0.000"/>
  <system-out/>
  <testcase classname="seleniumpoperties.AlwaysRunExample" name="testcase1" time="0.000"/>
  <system-out/>
  <testcase classname="seleniumpoperties.AlwaysRunExample" name="testcase1" time="0.000"/>
  <system-out/>
  <testcase classname="seleniumpoperties.AlwaysRunExample" name="testcase1" time="0.000"/>
  <system-out/>
  <testcase classname="seleniumpoperties.AlwaysRunExample" name="testcase1" time="0.001"/>
  <system-out/>
  <testcase classname="seleniumpoperties.AlwaysRunExample" name="testcase1" time="0.001"/>
  <system-out/>
  <testcase classname="seleniumpoperties.AlwaysRunExample" name="testcase1" time="0.000"/>
  <system-out/>
  <testcase classname="seleniumpoperties.AlwaysRunExample" name="testcase1" time="0.000"/>
  <system-out/>
  <testcase classname="seleniumpoperties.AlwaysRunExample" name="testcase1" time="0.000"/>
  <system-out/>
  <testcase classname="seleniumpoperties.AlwaysRunExample" name="testcase1" time="0.000"/>
  <system-out/>
  <testcase classname="seleniumpoperties.AlwaysRunExample" name="testcase1" time="0.000"/>
  <system-out/>
  <testcase classname="seleniumpoperties.AlwaysRunExample" name="testcase1" time="0.000"/>
  <system-out/>
  <testcase classname="seleniumpoperties.AlwaysRunExample" name="testcase1" time="0.000"/>
  <system-out/>
  <testcase classname="seleniumpoperties.AlwaysRunExample" name="testcase1" time="0.001"/>
  <system-out/>
  <testcase classname="seleniumpoperties.AlwaysRunExample" name="testcase1" time="0.000"/>
  <system-out/>
  <testcase classname="seleniumpoperties.AlwaysRunExample" name="testcase1" time="0.000"/>
  <system-out/>
  <testcase classname="seleniumpoperties.AlwaysRunExample" name="testcase1" time="0.000"/>
  <system-out/>
  <testcase classname="seleniumpoperties.AlwaysRunExample" name="testcase1" time="0.001"/>
  <system-out/>
  <testcase classname="seleniumpoperties.AlwaysRunExample" name="testcase1" time="0.001"/>
  <system-out/>
  <testcase classname="seleniumpoperties.AlwaysRunExample" name="testcase1" time="0.000"/>
  <system-out/>
  <testcase classname="seleniumpoperties.AlwaysRunExample" name="testcase1" time="0.000"/>
  <system-out/>
  <testcase classname="seleniumpoperties.AlwaysRunExample" name="testcase1" time="0.000"/>
  <system-out/>
  <testcase classname="seleniumpoperties.AlwaysRunExample" name="testcase1" time="0.000"/>
  <system-out/>
  <testcase classname="seleniumpoperties.AlwaysRunExample" name="testcase1" time="0.000"/>
  <system-out/>
  <testcase classname="seleniumpoperties.AlwaysRunExample" name="testcase1" time="0.000"/>
  <system-out/>
  <testcase classname="seleniumpoperties.AlwaysRunExample" name="testcase1" time="0.000"/>
  <system-out/>
  <testcase classname="seleniumpoperties.AlwaysRunExample" name="testcase1" time="0.000"/>
  <system-out/>
  <testcase classname="seleniumpoperties.AlwaysRunExample" name="testcase1" time="0.000"/>
  <system-out/>
  <testcase classname="seleniumpoperties.AlwaysRunExample" name="testcase1" time="0.001"/>
  <system-out/>
  <testcase classname="seleniumpoperties.AlwaysRunExample" name="testcase1" time="0.000"/>
  <system-out/>
  <testcase classname="seleniumpoperties.AlwaysRunExample" name="testcase1" time="0.000"/>
  <system-out/>
  <testcase classname="seleniumpoperties.AlwaysRunExample" name="testcase1" time="0.000"/>
  <system-out/>
  <testcase classname="seleniumpoperties.AlwaysRunExample" name="testcase1" time="0.000"/>
  <system-out/>
  <testcase classname="seleniumpoperties.AlwaysRunExample" name="testcase1" time="0.000"/>
  <system-out/>
  <testcase classname="seleniumpoperties.AlwaysRunExample" name="testcase1" time="0.000"/>
  <system-out/>
  <testcase classname="seleniumpoperties.AlwaysRunExample" name="testcase1" time="0.000"/>
  <system-out/>
  <testcase classname="seleniumpoperties.AlwaysRunExample" name="testcase1" time="0.001"/>
  <system-out/>
  <testcase classname="seleniumpoperties.AlwaysRunExample" name="testcase1" time="0.000"/>
  <system-out/>
  <testcase classname="seleniumpoperties.AlwaysRunExample" name="testcase1" time="0.001"/>
  <system-out/>
  <testcase classname="seleniumpoperties.AlwaysRunExample" name="testcase1" time="0.000"/>
  <system-out/>
  <testcase classname="seleniumpoperties.AlwaysRunExample" name="testcase1" time="0.000"/>
  <system-out/>
  <testcase classname="seleniumpoperties.AlwaysRunExample" name="testcase1" time="0.000"/>
  <system-out/>
  <testcase classname="seleniumpoperties.AlwaysRunExample" name="testcase1" time="0.000"/>
  <system-out/>
  <testcase classname="seleniumpoperties.AlwaysRunExample" name="testcase1" time="0.001"/>
  <system-out/>
  <testcase classname="seleniumpoperties.AlwaysRunExample" name="testcase1" time="0.001"/>
  <system-out/>
  <testcase classname="seleniumpoperties.AlwaysRunExample" name="testcase1" time="0.000"/>
  <system-out/>
  <testcase classname="seleniumpoperties.AlwaysRunExample" name="testcase1" time="0.000"/>
  <system-out/>
  <testcase classname="seleniumpoperties.AlwaysRunExample" name="testcase1" time="0.000"/>
  <system-out/>
  <testcase classname="seleniumpoperties.AlwaysRunExample" name="testcase1" time="0.000"/>
  <system-out/>
  <testcase classname="seleniumpoperties.AlwaysRunExample" name="testcase1" time="0.000"/>
  <system-out/>
  <testcase classname="seleniumpoperties.AlwaysRunExample" name="testcase1" time="0.001"/>
  <system-out/>
  <testcase classname="seleniumpoperties.AlwaysRunExample" name="testcase1" time="0.000"/>
  <system-out/>
  <testcase classname="seleniumpoperties.AlwaysRunExample" name="testcase1" time="0.000"/>
  <system-out/>
  <testcase classname="seleniumpoperties.AlwaysRunExample" name="testcase1" time="0.001"/>
  <system-out/>
  <testcase classname="seleniumpoperties.AlwaysRunExample" name="testcase1" time="0.000"/>
  <system-out/>
  <testcase classname="seleniumpoperties.AlwaysRunExample" name="testcase1" time="0.000"/>
  <system-out/>
  <testcase classname="seleniumpoperties.AlwaysRunExample" name="testcase1" time="0.000"/>
  <system-out/>
  <testcase classname="seleniumpoperties.AlwaysRunExample" name="testcase1" time="0.000"/>
  <system-out/>
  <testcase classname="seleniumpoperties.AlwaysRunExample" name="testcase1" time="0.000"/>
  <system-out/>
  <testcase classname="seleniumpoperties.AlwaysRunExample" name="testcase1" time="0.000"/>
  <system-out/>
  <testcase classname="seleniumpoperties.AlwaysRunExample" name="testcase1" time="0.000"/>
  <system-out/>
  <testcase classname="seleniumpoperties.AlwaysRunExample" name="testcase1" time="0.000"/>
  <system-out/>
  <testcase classname="seleniumpoperties.AlwaysRunExample" name="testcase1" time="0.000"/>
  <system-out/>
  <testcase classname="seleniumpoperties.AlwaysRunExample" name="testcase1" time="0.000"/>
  <system-out/>
  <testcase classname="seleniumpoperties.AlwaysRunExample" name="testcase1" time="0.000"/>
  <system-out/>
  <testcase classname="seleniumpoperties.AlwaysRunExample" name="testcase1" time="0.000"/>
  <system-out/>
  <testcase classname="seleniumpoperties.AlwaysRunExample" name="testcase1" time="0.000"/>
  <system-out/>
  <testcase classname="seleniumpoperties.AlwaysRunExample" name="testcase1" time="0.001"/>
  <system-out/>
  <testcase classname="seleniumpoperties.AlwaysRunExample" name="testcase1" time="0.000"/>
  <system-out/>
  <testcase classname="seleniumpoperties.AlwaysRunExample" name="testcase1" time="0.000"/>
  <system-out/>
  <testcase classname="seleniumpoperties.AlwaysRunExample" name="testcase1" time="0.000"/>
  <system-out/>
  <testcase classname="seleniumpoperties.AlwaysRunExample" name="testcase1" time="0.000"/>
  <system-out/>
  <testcase classname="seleniumpoperties.AlwaysRunExample" name="testcase1" time="0.000"/>
  <system-out/>
  <testcase classname="seleniumpoperties.AlwaysRunExample" name="testcase1" time="0.000"/>
  <system-out/>
  <testcase classname="seleniumpoperties.AlwaysRunExample" name="testcase1" time="0.000"/>
  <system-out/>
  <testcase classname="seleniumpoperties.AlwaysRunExample" name="testcase1" time="0.000"/>
  <system-out/>
  <testcase classname="seleniumpoperties.AlwaysRunExample" name="testcase1" time="0.000"/>
  <system-out/>
  <testcase classname="seleniumpoperties.AlwaysRunExample" name="testcase1" time="0.000"/>
  <system-out/>
  <testcase classname="seleniumpoperties.AlwaysRunExample" name="testcase1" time="0.000"/>
  <system-out/>
  <testcase classname="seleniumpoperties.AlwaysRunExample" name="testcase1" time="0.000"/>
  <system-out/>
  <testcase classname="seleniumpoperties.AlwaysRunExample" name="testcase1" time="0.000"/>
  <system-out/>
  <testcase classname="seleniumpoperties.AlwaysRunExample" name="testcase1" time="0.000"/>
  <system-out/>
  <testcase classname="seleniumpoperties.AlwaysRunExample" name="testcase1" time="0.000"/>
  <system-out/>
  <testcase classname="seleniumpoperties.AlwaysRunExample" name="testcase1" time="0.000"/>
  <system-out/>
  <testcase classname="seleniumpoperties.AlwaysRunExample" name="testcase1" time="0.000"/>
  <system-out/>
  <testcase classname="seleniumpoperties.AlwaysRunExample" name="testcase1" time="0.001"/>
  <system-out/>
  <testcase classname="seleniumpoperties.AlwaysRunExample" name="testcase1" time="0.000"/>
  <system-out/>
  <testcase classname="seleniumpoperties.AlwaysRunExample" name="testcase1" time="0.000"/>
  <system-out/>
  <testcase classname="seleniumpoperties.AlwaysRunExample" name="testcase1" time="0.000"/>
  <system-out/>
  <testcase classname="seleniumpoperties.AlwaysRunExample" name="testcase1" time="0.000"/>
  <system-out/>
  <testcase classname="seleniumpoperties.AlwaysRunExample" name="testcase1" time="0.000"/>
  <system-out/>
  <testcase classname="seleniumpoperties.AlwaysRunExample" name="testcase1" time="0.001"/>
  <system-out/>
  <testcase classname="seleniumpoperties.AlwaysRunExample" name="testcase1" time="0.000"/>
  <system-out/>
  <testcase classname="seleniumpoperties.AlwaysRunExample" name="testcase1" time="0.000"/>
  <system-out/>
  <testcase classname="seleniumpoperties.AlwaysRunExample" name="testcase1" time="0.000"/>
  <system-out/>
  <testcase classname="seleniumpoperties.AlwaysRunExample" name="testcase1" time="0.000"/>
  <system-out/>
  <testcase classname="seleniumpoperties.AlwaysRunExample" name="testcase1" time="0.000"/>
  <system-out/>
  <testcase classname="seleniumpoperties.AlwaysRunExample" name="testcase1" time="0.000"/>
  <system-out/>
  <testcase classname="seleniumpoperties.AlwaysRunExample" name="testcase1" time="0.000"/>
  <system-out/>
  <testcase classname="seleniumpoperties.AlwaysRunExample" name="testcase1" time="0.000"/>
  <system-out/>
  <testcase classname="seleniumpoperties.AlwaysRunExample" name="testcase1" time="0.000"/>
  <system-out/>
  <testcase classname="seleniumpoperties.AlwaysRunExample" name="testcase1" time="0.000"/>
  <system-out/>
  <testcase classname="seleniumpoperties.AlwaysRunExample" name="testcase1" time="0.001"/>
  <system-out/>
  <testcase classname="seleniumpoperties.AlwaysRunExample" name="testcase1" time="0.000"/>
  <system-out/>
  <testcase classname="seleniumpoperties.AlwaysRunExample" name="testcase1" time="0.000"/>
  <system-out/>
  <testcase classname="seleniumpoperties.AlwaysRunExample" name="testcase1" time="0.001"/>
  <system-out/>
  <testcase classname="seleniumpoperties.AlwaysRunExample" name="testcase1" time="0.000"/>
  <system-out/>
  <testcase classname="seleniumpoperties.AlwaysRunExample" name="testcase1" time="0.000"/>
  <system-out/>
  <testcase classname="seleniumpoperties.AlwaysRunExample" name="testcase1" time="0.000"/>
  <system-out/>
  <testcase classname="seleniumpoperties.AlwaysRunExample" name="testcase1" time="0.000"/>
  <system-out/>
  <testcase classname="seleniumpoperties.AlwaysRunExample" name="testcase1" time="0.000"/>
  <system-out/>
  <testcase classname="seleniumpoperties.AlwaysRunExample" name="testcase1" time="0.000"/>
  <system-out/>
  <testcase classname="seleniumpoperties.AlwaysRunExample" name="testcase1" time="0.000"/>
  <system-out/>
  <testcase classname="seleniumpoperties.AlwaysRunExample" name="testcase1" time="0.000"/>
  <system-out/>
  <testcase classname="seleniumpoperties.AlwaysRunExample" name="testcase1" time="0.000"/>
  <system-out/>
  <testcase classname="seleniumpoperties.AlwaysRunExample" name="testcase1" time="0.000"/>
  <system-out/>
  <testcase classname="seleniumpoperties.AlwaysRunExample" name="testcase1" time="0.000"/>
  <system-out/>
  <testcase classname="seleniumpoperties.AlwaysRunExample" name="testcase1" time="0.000"/>
  <system-out/>
  <testcase classname="seleniumpoperties.AlwaysRunExample" name="testcase1" time="0.000"/>
  <system-out/>
  <testcase classname="seleniumpoperties.AlwaysRunExample" name="testcase1" time="0.000"/>
  <system-out/>
  <testcase classname="seleniumpoperties.AlwaysRunExample" name="testcase1" time="0.000"/>
  <system-out/>
  <testcase classname="seleniumpoperties.AlwaysRunExample" name="testcase1" time="0.000"/>
  <system-out/>
  <testcase classname="seleniumpoperties.AlwaysRunExample" name="testcase1" time="0.000"/>
  <system-out/>
  <testcase classname="seleniumpoperties.AlwaysRunExample" name="testcase1" time="0.000"/>
  <system-out/>
  <testcase classname="seleniumpoperties.AlwaysRunExample" name="testcase1" time="0.000"/>
  <system-out/>
  <testcase classname="seleniumpoperties.AlwaysRunExample" name="testcase1" time="0.000"/>
  <system-out/>
  <testcase classname="seleniumpoperties.AlwaysRunExample" name="testcase1" time="0.000"/>
  <system-out/>
  <testcase classname="seleniumpoperties.AlwaysRunExample" name="testcase1" time="0.000"/>
  <system-out/>
  <testcase classname="seleniumpoperties.AlwaysRunExample" name="testcase1" time="0.001"/>
  <system-out/>
  <testcase classname="seleniumpoperties.AlwaysRunExample" name="testcase1" time="0.000"/>
  <system-out/>
  <testcase classname="seleniumpoperties.AlwaysRunExample" name="testcase1" time="0.000"/>
  <system-out/>
  <testcase classname="seleniumpoperties.AlwaysRunExample" name="testcase1" time="0.000"/>
  <system-out/>
  <testcase classname="seleniumpoperties.AlwaysRunExample" name="testcase1" time="0.000"/>
  <system-out/>
  <testcase classname="seleniumpoperties.AlwaysRunExample" name="testcase1" time="0.000"/>
  <system-out/>
  <testcase classname="seleniumpoperties.AlwaysRunExample" name="testcase1" time="0.000"/>
  <system-out/>
  <testcase classname="seleniumpoperties.AlwaysRunExample" name="testcase1" time="0.000"/>
  <system-out/>
  <testcase classname="seleniumpoperties.AlwaysRunExample" name="testcase1" time="0.000"/>
  <system-out/>
  <testcase classname="seleniumpoperties.AlwaysRunExample" name="testcase1" time="0.000"/>
  <system-out/>
  <testcase classname="seleniumpoperties.AlwaysRunExample" name="testcase1" time="0.000"/>
  <system-out/>
  <testcase classname="seleniumpoperties.AlwaysRunExample" name="testcase1" time="0.000"/>
  <system-out/>
  <testcase classname="seleniumpoperties.AlwaysRunExample" name="testcase1" time="0.002"/>
  <system-out/>
  <testcase classname="seleniumpoperties.AlwaysRunExample" name="testcase1" time="0.000"/>
  <system-out/>
  <testcase classname="seleniumpoperties.AlwaysRunExample" name="testcase1" time="0.000"/>
  <system-out/>
  <testcase classname="seleniumpoperties.AlwaysRunExample" name="testcase1" time="0.000"/>
  <system-out/>
  <testcase classname="seleniumpoperties.AlwaysRunExample" name="testcase1" time="0.000"/>
  <system-out/>
  <testcase classname="seleniumpoperties.AlwaysRunExample" name="testcase1" time="0.000"/>
  <system-out/>
  <testcase classname="seleniumpoperties.AlwaysRunExample" name="testcase1" time="0.000"/>
  <system-out/>
  <testcase classname="seleniumpoperties.AlwaysRunExample" name="testcase1" time="0.000"/>
  <system-out/>
  <testcase classname="seleniumpoperties.AlwaysRunExample" name="testcase1" time="0.000"/>
  <system-out/>
  <testcase classname="seleniumpoperties.AlwaysRunExample" name="testcase1" time="0.001"/>
  <system-out/>
  <testcase classname="seleniumpoperties.AlwaysRunExample" name="testcase1" time="0.000"/>
  <system-out/>
  <testcase classname="seleniumpoperties.AlwaysRunExample" name="testcase1" time="0.001"/>
  <system-out/>
  <testcase classname="seleniumpoperties.AlwaysRunExample" name="testcase1" time="0.000"/>
  <system-out/>
  <testcase classname="seleniumpoperties.AlwaysRunExample" name="testcase1" time="0.000"/>
  <system-out/>
  <testcase classname="seleniumpoperties.AlwaysRunExample" name="testcase1" time="0.000"/>
  <system-out/>
  <testcase classname="seleniumpoperties.AlwaysRunExample" name="testcase1" time="0.001"/>
  <system-out/>
  <testcase classname="seleniumpoperties.AlwaysRunExample" name="testcase1" time="0.001"/>
  <system-out/>
  <testcase classname="seleniumpoperties.AlwaysRunExample" name="testcase1" time="0.000"/>
  <system-out/>
  <testcase classname="seleniumpoperties.AlwaysRunExample" name="testcase1" time="0.000"/>
  <system-out/>
  <testcase classname="seleniumpoperties.AlwaysRunExample" name="testcase1" time="0.000"/>
  <system-out/>
  <testcase classname="seleniumpoperties.AlwaysRunExample" name="testcase1" time="0.000"/>
  <system-out/>
  <testcase classname="seleniumpoperties.AlwaysRunExample" name="testcase1" time="0.000"/>
  <system-out/>
  <testcase classname="seleniumpoperties.AlwaysRunExample" name="testcase1" time="0.000"/>
  <system-out/>
  <testcase classname="seleniumpoperties.AlwaysRunExample" name="testcase1" time="0.000"/>
  <system-out/>
  <testcase classname="seleniumpoperties.AlwaysRunExample" name="testcase1" time="0.000"/>
  <system-out/>
  <testcase classname="seleniumpoperties.AlwaysRunExample" name="testcase1" time="0.000"/>
  <system-out/>
  <testcase classname="seleniumpoperties.AlwaysRunExample" name="testcase1" time="0.000"/>
  <system-out/>
  <testcase classname="seleniumpoperties.AlwaysRunExample" name="testcase1" time="0.000"/>
  <system-out/>
  <testcase classname="seleniumpoperties.AlwaysRunExample" name="testcase1" time="0.000"/>
  <system-out/>
  <testcase classname="seleniumpoperties.AlwaysRunExample" name="testcase1" time="0.000"/>
  <system-out/>
  <testcase classname="seleniumpoperties.AlwaysRunExample" name="testcase1" time="0.000"/>
  <system-out/>
  <testcase classname="seleniumpoperties.AlwaysRunExample" name="testcase1" time="0.001"/>
  <system-out/>
  <testcase classname="seleniumpoperties.AlwaysRunExample" name="testcase1" time="0.000"/>
  <system-out/>
  <testcase classname="seleniumpoperties.AlwaysRunExample" name="testcase1" time="0.000"/>
  <system-out/>
  <testcase classname="seleniumpoperties.AlwaysRunExample" name="testcase1" time="0.000"/>
  <system-out/>
  <testcase classname="seleniumpoperties.AlwaysRunExample" name="testcase1" time="0.000"/>
  <system-out/>
  <testcase classname="seleniumpoperties.AlwaysRunExample" name="testcase1" time="0.000"/>
  <system-out/>
  <testcase classname="seleniumpoperties.AlwaysRunExample" name="testcase1" time="0.000"/>
  <system-out/>
  <testcase classname="seleniumpoperties.AlwaysRunExample" name="testcase1" time="0.001"/>
  <system-out/>
  <testcase classname="seleniumpoperties.AlwaysRunExample" name="testcase1" time="0.000"/>
  <system-out/>
  <testcase classname="seleniumpoperties.AlwaysRunExample" name="testcase1" time="0.000"/>
  <system-out/>
  <testcase classname="seleniumpoperties.AlwaysRunExample" name="testcase1" time="0.000"/>
  <system-out/>
  <testcase classname="seleniumpoperties.AlwaysRunExample" name="testcase1" time="0.000"/>
  <system-out/>
  <testcase classname="seleniumpoperties.AlwaysRunExample" name="testcase1" time="0.000"/>
  <system-out/>
  <testcase classname="seleniumpoperties.AlwaysRunExample" name="testcase1" time="0.000"/>
  <system-out/>
  <testcase classname="seleniumpoperties.AlwaysRunExample" name="testcase1" time="0.000"/>
  <system-out/>
  <testcase classname="seleniumpoperties.AlwaysRunExample" name="testcase1" time="0.000"/>
  <system-out/>
  <testcase classname="seleniumpoperties.AlwaysRunExample" name="testcase1" time="0.000"/>
  <system-out/>
  <testcase classname="seleniumpoperties.AlwaysRunExample" name="testcase1" time="0.000"/>
  <system-out/>
  <testcase classname="seleniumpoperties.AlwaysRunExample" name="testcase1" time="0.000"/>
  <system-out/>
  <testcase classname="seleniumpoperties.AlwaysRunExample" name="testcase1" time="0.000"/>
  <system-out/>
  <testcase classname="seleniumpoperties.AlwaysRunExample" name="testcase1" time="0.000"/>
  <system-out/>
  <testcase classname="seleniumpoperties.AlwaysRunExample" name="testcase1" time="0.000"/>
  <system-out/>
  <testcase classname="seleniumpoperties.AlwaysRunExample" name="testcase1" time="0.001"/>
  <system-out/>
  <testcase classname="seleniumpoperties.AlwaysRunExample" name="testcase1" time="0.000"/>
  <system-out/>
  <testcase classname="seleniumpoperties.AlwaysRunExample" name="testcase1" time="0.000"/>
  <system-out/>
  <testcase classname="seleniumpoperties.AlwaysRunExample" name="testcase1" time="0.000"/>
  <system-out/>
  <testcase classname="seleniumpoperties.AlwaysRunExample" name="testcase1" time="0.000"/>
  <system-out/>
  <testcase classname="seleniumpoperties.AlwaysRunExample" name="testcase1" time="0.000"/>
  <system-out/>
  <testcase classname="seleniumpoperties.AlwaysRunExample" name="testcase1" time="0.000"/>
  <system-out/>
  <testcase classname="seleniumpoperties.AlwaysRunExample" name="testcase1" time="0.000"/>
  <system-out/>
  <testcase classname="seleniumpoperties.AlwaysRunExample" name="testcase1" time="0.000"/>
  <system-out/>
  <testcase classname="seleniumpoperties.AlwaysRunExample" name="testcase1" time="0.000"/>
  <system-out/>
  <testcase classname="seleniumpoperties.AlwaysRunExample" name="testcase1" time="0.000"/>
  <system-out/>
  <testcase classname="seleniumpoperties.AlwaysRunExample" name="testcase1" time="0.000"/>
  <system-out/>
  <testcase classname="seleniumpoperties.AlwaysRunExample" name="testcase1" time="0.000"/>
  <system-out/>
  <testcase classname="seleniumpoperties.AlwaysRunExample" name="testcase1" time="0.001"/>
  <system-out/>
  <testcase classname="seleniumpoperties.AlwaysRunExample" name="testcase1" time="0.000"/>
  <system-out/>
  <testcase classname="seleniumpoperties.AlwaysRunExample" name="testcase1" time="0.000"/>
  <system-out/>
  <testcase classname="seleniumpoperties.AlwaysRunExample" name="testcase1" time="0.000"/>
  <system-out/>
  <testcase classname="seleniumpoperties.AlwaysRunExample" name="testcase1" time="0.001"/>
  <system-out/>
  <testcase classname="seleniumpoperties.AlwaysRunExample" name="testcase1" time="0.000"/>
  <system-out/>
  <testcase classname="seleniumpoperties.AlwaysRunExample" name="testcase1" time="0.001"/>
  <system-out/>
  <testcase classname="seleniumpoperties.AlwaysRunExample" name="testcase1" time="0.000"/>
  <system-out/>
  <testcase classname="seleniumpoperties.AlwaysRunExample" name="testcase1" time="0.000"/>
  <system-out/>
  <testcase classname="seleniumpoperties.AlwaysRunExample" name="testcase1" time="0.000"/>
  <system-out/>
  <testcase classname="seleniumpoperties.AlwaysRunExample" name="testcase1" time="0.000"/>
  <system-out/>
  <testcase classname="seleniumpoperties.AlwaysRunExample" name="testcase1" time="0.001"/>
  <system-out/>
  <testcase classname="seleniumpoperties.AlwaysRunExample" name="testcase1" time="0.000"/>
  <system-out/>
  <testcase classname="seleniumpoperties.AlwaysRunExample" name="testcase1" time="0.000"/>
  <system-out/>
  <testcase classname="seleniumpoperties.AlwaysRunExample" name="testcase1" time="0.000"/>
  <system-out/>
  <testcase classname="seleniumpoperties.AlwaysRunExample" name="testcase1" time="0.000"/>
  <system-out/>
  <testcase classname="seleniumpoperties.AlwaysRunExample" name="testcase1" time="0.000"/>
  <system-out/>
  <testcase classname="seleniumpoperties.AlwaysRunExample" name="testcase1" time="0.000"/>
  <system-out/>
  <testcase classname="seleniumpoperties.AlwaysRunExample" name="testcase1" time="0.000"/>
  <system-out/>
  <testcase classname="seleniumpoperties.AlwaysRunExample" name="testcase1" time="0.000"/>
  <system-out/>
  <testcase classname="seleniumpoperties.AlwaysRunExample" name="testcase1" time="0.000"/>
  <system-out/>
  <testcase classname="seleniumpoperties.AlwaysRunExample" name="testcase1" time="0.000"/>
  <system-out/>
  <testcase classname="seleniumpoperties.AlwaysRunExample" name="testcase1" time="0.000"/>
  <system-out/>
  <testcase classname="seleniumpoperties.AlwaysRunExample" name="testcase1" time="0.000"/>
  <system-out/>
  <testcase classname="seleniumpoperties.AlwaysRunExample" name="testcase1" time="0.000"/>
  <system-out/>
  <testcase classname="seleniumpoperties.AlwaysRunExample" name="testcase1" time="0.000"/>
  <system-out/>
  <testcase classname="seleniumpoperties.AlwaysRunExample" name="testcase1" time="0.000"/>
  <system-out/>
  <testcase classname="seleniumpoperties.AlwaysRunExample" name="testcase1" time="0.000"/>
  <system-out/>
  <testcase classname="seleniumpoperties.AlwaysRunExample" name="testcase1" time="0.000"/>
  <system-out/>
  <testcase classname="seleniumpoperties.AlwaysRunExample" name="testcase1" time="0.000"/>
  <system-out/>
  <testcase classname="seleniumpoperties.AlwaysRunExample" name="testcase1" time="0.000"/>
  <system-out/>
  <testcase classname="seleniumpoperties.AlwaysRunExample" name="testcase1" time="0.000"/>
  <system-out/>
  <testcase classname="seleniumpoperties.AlwaysRunExample" name="testcase1" time="0.000"/>
  <system-out/>
  <testcase classname="seleniumpoperties.AlwaysRunExample" name="testcase1" time="0.000"/>
  <system-out/>
  <testcase classname="seleniumpoperties.AlwaysRunExample" name="testcase1" time="0.000"/>
  <system-out/>
  <testcase classname="seleniumpoperties.AlwaysRunExample" name="testcase1" time="0.000"/>
  <system-out/>
  <testcase classname="seleniumpoperties.AlwaysRunExample" name="testcase1" time="0.000"/>
  <system-out/>
  <testcase classname="seleniumpoperties.AlwaysRunExample" name="testcase1" time="0.000"/>
  <system-out/>
  <testcase classname="seleniumpoperties.AlwaysRunExample" name="testcase1" time="0.000"/>
  <system-out/>
  <testcase classname="seleniumpoperties.AlwaysRunExample" name="testcase1" time="0.000"/>
  <system-out/>
  <testcase classname="seleniumpoperties.AlwaysRunExample" name="testcase1" time="0.000"/>
  <system-out/>
  <testcase classname="seleniumpoperties.AlwaysRunExample" name="testcase1" time="0.000"/>
  <system-out/>
  <testcase classname="seleniumpoperties.AlwaysRunExample" name="testcase1" time="0.000"/>
  <system-out/>
  <testcase classname="seleniumpoperties.AlwaysRunExample" name="testcase1" time="0.000"/>
  <system-out/>
  <testcase classname="seleniumpoperties.AlwaysRunExample" name="testcase1" time="0.001"/>
  <system-out/>
  <testcase classname="seleniumpoperties.AlwaysRunExample" name="testcase1" time="0.000"/>
  <system-out/>
  <testcase classname="seleniumpoperties.AlwaysRunExample" name="testcase1" time="0.001"/>
  <system-out/>
  <testcase classname="seleniumpoperties.AlwaysRunExample" name="testcase1" time="0.000"/>
  <system-out/>
  <testcase classname="seleniumpoperties.AlwaysRunExample" name="testcase1" time="0.002"/>
  <system-out/>
  <testcase classname="seleniumpoperties.AlwaysRunExample" name="testcase1" time="0.000"/>
  <system-out/>
  <testcase classname="seleniumpoperties.AlwaysRunExample" name="testcase1" time="0.001"/>
  <system-out/>
  <testcase classname="seleniumpoperties.AlwaysRunExample" name="testcase1" time="0.000"/>
  <system-out/>
  <testcase classname="seleniumpoperties.AlwaysRunExample" name="testcase1" time="0.000"/>
  <system-out/>
  <testcase classname="seleniumpoperties.AlwaysRunExample" name="testcase1" time="0.000"/>
  <system-out/>
  <testcase classname="seleniumpoperties.AlwaysRunExample" name="testcase1" time="0.000"/>
  <system-out/>
  <testcase classname="seleniumpoperties.AlwaysRunExample" name="testcase1" time="0.000"/>
  <system-out/>
  <testcase classname="seleniumpoperties.AlwaysRunExample" name="testcase1" time="0.000"/>
  <system-out/>
  <testcase classname="seleniumpoperties.AlwaysRunExample" name="testcase1" time="0.000"/>
  <system-out/>
  <testcase classname="seleniumpoperties.AlwaysRunExample" name="testcase1" time="0.000"/>
  <system-out/>
  <testcase classname="seleniumpoperties.AlwaysRunExample" name="testcase1" time="0.001"/>
  <system-out/>
  <testcase classname="seleniumpoperties.AlwaysRunExample" name="testcase1" time="0.000"/>
  <system-out/>
  <testcase classname="seleniumpoperties.AlwaysRunExample" name="testcase1" time="0.000"/>
  <system-out/>
  <testcase classname="seleniumpoperties.AlwaysRunExample" name="testcase1" time="0.000"/>
  <system-out/>
  <testcase classname="seleniumpoperties.AlwaysRunExample" name="testcase1" time="0.000"/>
  <system-out/>
  <testcase classname="seleniumpoperties.AlwaysRunExample" name="testcase1" time="0.000"/>
  <system-out/>
  <testcase classname="seleniumpoperties.AlwaysRunExample" name="testcase1" time="0.000"/>
  <system-out/>
  <testcase classname="seleniumpoperties.AlwaysRunExample" name="testcase1" time="0.000"/>
  <system-out/>
  <testcase classname="seleniumpoperties.AlwaysRunExample" name="testcase1" time="0.001"/>
  <system-out/>
  <testcase classname="seleniumpoperties.AlwaysRunExample" name="testcase1" time="0.000"/>
  <system-out/>
  <testcase classname="seleniumpoperties.AlwaysRunExample" name="testcase1" time="0.001"/>
  <system-out/>
  <testcase classname="seleniumpoperties.AlwaysRunExample" name="testcase1" time="0.000"/>
  <system-out/>
  <testcase classname="seleniumpoperties.AlwaysRunExample" name="testcase1" time="0.000"/>
  <system-out/>
  <testcase classname="seleniumpoperties.AlwaysRunExample" name="testcase1" time="0.000"/>
  <system-out/>
  <testcase classname="seleniumpoperties.AlwaysRunExample" name="testcase1" time="0.000"/>
  <system-out/>
  <testcase classname="seleniumpoperties.AlwaysRunExample" name="testcase1" time="0.000"/>
  <system-out/>
  <testcase classname="seleniumpoperties.AlwaysRunExample" name="testcase1" time="0.000"/>
  <system-out/>
  <testcase classname="seleniumpoperties.AlwaysRunExample" name="testcase1" time="0.000"/>
  <system-out/>
  <testcase classname="seleniumpoperties.AlwaysRunExample" name="testcase1" time="0.000"/>
  <system-out/>
  <testcase classname="seleniumpoperties.AlwaysRunExample" name="testcase1" time="0.000"/>
  <system-out/>
  <testcase classname="seleniumpoperties.AlwaysRunExample" name="testcase1" time="0.000"/>
  <system-out/>
  <testcase classname="seleniumpoperties.AlwaysRunExample" name="testcase1" time="0.000"/>
  <system-out/>
  <testcase classname="seleniumpoperties.AlwaysRunExample" name="testcase1" time="0.000"/>
  <system-out/>
  <testcase classname="seleniumpoperties.AlwaysRunExample" name="testcase1" time="0.000"/>
  <system-out/>
  <testcase classname="seleniumpoperties.AlwaysRunExample" name="testcase1" time="0.000"/>
  <system-out/>
  <testcase classname="seleniumpoperties.AlwaysRunExample" name="testcase1" time="0.000"/>
  <system-out/>
  <testcase classname="seleniumpoperties.AlwaysRunExample" name="testcase1" time="0.000"/>
  <system-out/>
  <testcase classname="seleniumpoperties.AlwaysRunExample" name="testcase1" time="0.000"/>
  <system-out/>
  <testcase classname="seleniumpoperties.AlwaysRunExample" name="testcase1" time="0.000"/>
  <system-out/>
  <testcase classname="seleniumpoperties.AlwaysRunExample" name="testcase1" time="0.000"/>
  <system-out/>
  <testcase classname="seleniumpoperties.AlwaysRunExample" name="testcase1" time="0.001"/>
  <system-out/>
  <testcase classname="seleniumpoperties.AlwaysRunExample" name="testcase1" time="0.000"/>
  <system-out/>
  <testcase classname="seleniumpoperties.AlwaysRunExample" name="testcase1" time="0.000"/>
  <system-out/>
  <testcase classname="seleniumpoperties.AlwaysRunExample" name="testcase1" time="0.000"/>
  <system-out/>
  <testcase classname="seleniumpoperties.AlwaysRunExample" name="testcase1" time="0.000"/>
  <system-out/>
  <testcase classname="seleniumpoperties.AlwaysRunExample" name="testcase1" time="0.000"/>
  <system-out/>
  <testcase classname="seleniumpoperties.AlwaysRunExample" name="testcase1" time="0.000"/>
  <system-out/>
  <testcase classname="seleniumpoperties.AlwaysRunExample" name="testcase1" time="0.000"/>
  <system-out/>
  <testcase classname="seleniumpoperties.AlwaysRunExample" name="testcase1" time="0.000"/>
  <system-out/>
  <testcase classname="seleniumpoperties.AlwaysRunExample" name="testcase1" time="0.000"/>
  <system-out/>
  <testcase classname="seleniumpoperties.AlwaysRunExample" name="testcase1" time="0.000"/>
  <system-out/>
  <testcase classname="seleniumpoperties.AlwaysRunExample" name="testcase1" time="0.000"/>
  <system-out/>
  <testcase classname="seleniumpoperties.AlwaysRunExample" name="testcase1" time="0.001"/>
  <system-out/>
  <testcase classname="seleniumpoperties.AlwaysRunExample" name="testcase1" time="0.000"/>
  <system-out/>
  <testcase classname="seleniumpoperties.AlwaysRunExample" name="testcase1" time="0.000"/>
  <system-out/>
  <testcase classname="seleniumpoperties.AlwaysRunExample" name="testcase1" time="0.003"/>
  <system-out/>
  <testcase classname="seleniumpoperties.AlwaysRunExample" name="testcase1" time="0.000"/>
  <system-out/>
  <testcase classname="seleniumpoperties.AlwaysRunExample" name="testcase1" time="0.002"/>
  <system-out/>
  <testcase classname="seleniumpoperties.AlwaysRunExample" name="testcase1" time="0.000"/>
  <system-out/>
  <testcase classname="seleniumpoperties.AlwaysRunExample" name="testcase1" time="0.000"/>
  <system-out/>
  <testcase classname="seleniumpoperties.AlwaysRunExample" name="testcase1" time="0.000"/>
  <system-out/>
  <testcase classname="seleniumpoperties.AlwaysRunExample" name="testcase1" time="0.000"/>
  <system-out/>
  <testcase classname="seleniumpoperties.AlwaysRunExample" name="testcase1" time="0.000"/>
  <system-out/>
  <testcase classname="seleniumpoperties.AlwaysRunExample" name="testcase1" time="0.000"/>
  <system-out/>
  <testcase classname="seleniumpoperties.AlwaysRunExample" name="testcase1" time="0.002"/>
  <system-out/>
  <testcase classname="seleniumpoperties.AlwaysRunExample" name="testcase1" time="0.000"/>
  <system-out/>
  <testcase classname="seleniumpoperties.AlwaysRunExample" name="testcase1" time="0.000"/>
  <system-out/>
  <testcase classname="seleniumpoperties.AlwaysRunExample" name="testcase1" time="0.000"/>
  <system-out/>
  <testcase classname="seleniumpoperties.AlwaysRunExample" name="testcase1" time="0.000"/>
  <system-out/>
  <testcase classname="seleniumpoperties.AlwaysRunExample" name="testcase1" time="0.000"/>
  <system-out/>
  <testcase classname="seleniumpoperties.AlwaysRunExample" name="testcase1" time="0.002"/>
  <system-out/>
  <testcase classname="seleniumpoperties.AlwaysRunExample" name="testcase1" time="0.001"/>
  <system-out/>
  <testcase classname="seleniumpoperties.AlwaysRunExample" name="testcase1" time="0.001"/>
  <system-out/>
  <testcase classname="seleniumpoperties.AlwaysRunExample" name="testcase1" time="0.547"/>
  <system-out/>
  <testcase classname="seleniumpoperties.AlwaysRunExample" name="testcase1" time="0.000"/>
  <system-out/>
  <testcase classname="seleniumpoperties.AlwaysRunExample" name="testcase1" time="0.001"/>
  <system-out/>
  <testcase classname="seleniumpoperties.AlwaysRunExample" name="testcase1" time="0.000"/>
  <system-out/>
  <testcase classname="seleniumpoperties.AlwaysRunExample" name="testcase1" time="0.000"/>
  <system-out/>
  <testcase classname="seleniumpoperties.AlwaysRunExample" name="testcase1" time="0.000"/>
  <system-out/>
  <testcase classname="seleniumpoperties.AlwaysRunExample" name="testcase1" time="0.000"/>
  <system-out/>
  <testcase classname="seleniumpoperties.AlwaysRunExample" name="testcase1" time="0.000"/>
  <system-out/>
  <testcase classname="seleniumpoperties.AlwaysRunExample" name="testcase1" time="0.001"/>
  <system-out/>
  <testcase classname="seleniumpoperties.AlwaysRunExample" name="testcase1" time="0.000"/>
  <system-out/>
  <testcase classname="seleniumpoperties.AlwaysRunExample" name="testcase1" time="0.000"/>
  <system-out/>
  <testcase classname="seleniumpoperties.AlwaysRunExample" name="testcase1" time="0.000"/>
  <system-out/>
  <testcase classname="seleniumpoperties.AlwaysRunExample" name="testcase1" time="0.000"/>
  <system-out/>
  <testcase classname="seleniumpoperties.AlwaysRunExample" name="testcase1" time="0.000"/>
  <system-out/>
  <testcase classname="seleniumpoperties.AlwaysRunExample" name="testcase1" time="0.000"/>
  <system-out/>
  <testcase classname="seleniumpoperties.AlwaysRunExample" name="testcase1" time="0.000"/>
  <system-out/>
  <testcase classname="seleniumpoperties.AlwaysRunExample" name="testcase1" time="0.000"/>
  <system-out/>
  <testcase classname="seleniumpoperties.AlwaysRunExample" name="testcase1" time="0.000"/>
  <system-out/>
  <testcase classname="seleniumpoperties.AlwaysRunExample" name="testcase1" time="0.000"/>
  <system-out/>
  <testcase classname="seleniumpoperties.AlwaysRunExample" name="testcase1" time="0.000"/>
  <system-out/>
  <testcase classname="seleniumpoperties.AlwaysRunExample" name="testcase1" time="0.000"/>
  <system-out/>
  <testcase classname="seleniumpoperties.AlwaysRunExample" name="testcase1" time="0.000"/>
  <system-out/>
  <testcase classname="seleniumpoperties.AlwaysRunExample" name="testcase1" time="0.000"/>
  <system-out/>
  <testcase classname="seleniumpoperties.AlwaysRunExample" name="testcase1" time="0.001"/>
  <system-out/>
  <testcase classname="seleniumpoperties.AlwaysRunExample" name="testcase1" time="0.000"/>
  <system-out/>
  <testcase classname="seleniumpoperties.AlwaysRunExample" name="testcase1" time="0.000"/>
  <system-out/>
  <testcase classname="seleniumpoperties.AlwaysRunExample" name="testcase1" time="0.000"/>
  <system-out/>
  <testcase classname="seleniumpoperties.AlwaysRunExample" name="testcase1" time="0.000"/>
  <system-out/>
  <testcase classname="seleniumpoperties.AlwaysRunExample" name="testcase1" time="0.000"/>
  <system-out/>
  <testcase classname="seleniumpoperties.AlwaysRunExample" name="testcase1" time="0.000"/>
  <system-out/>
  <testcase classname="seleniumpoperties.AlwaysRunExample" name="testcase1" time="0.000"/>
  <system-out/>
  <testcase classname="seleniumpoperties.AlwaysRunExample" name="testcase1" time="0.000"/>
  <system-out/>
  <testcase classname="seleniumpoperties.AlwaysRunExample" name="testcase1" time="0.000"/>
  <system-out/>
  <testcase classname="seleniumpoperties.AlwaysRunExample" name="testcase1" time="0.000"/>
  <system-out/>
  <testcase classname="seleniumpoperties.AlwaysRunExample" name="testcase1" time="0.000"/>
  <system-out/>
  <testcase classname="seleniumpoperties.AlwaysRunExample" name="testcase1" time="0.001"/>
  <system-out/>
  <testcase classname="seleniumpoperties.AlwaysRunExample" name="testcase1" time="0.000"/>
  <system-out/>
  <testcase classname="seleniumpoperties.AlwaysRunExample" name="testcase1" time="0.000"/>
  <system-out/>
  <testcase classname="seleniumpoperties.AlwaysRunExample" name="testcase1" time="0.000"/>
  <system-out/>
  <testcase classname="seleniumpoperties.AlwaysRunExample" name="testcase1" time="0.000"/>
  <system-out/>
  <testcase classname="seleniumpoperties.AlwaysRunExample" name="testcase1" time="0.001"/>
  <system-out/>
  <testcase classname="seleniumpoperties.AlwaysRunExample" name="testcase1" time="0.000"/>
  <system-out/>
  <testcase classname="seleniumpoperties.AlwaysRunExample" name="testcase1" time="0.000"/>
  <system-out/>
  <testcase classname="seleniumpoperties.AlwaysRunExample" name="testcase1" time="0.000"/>
  <system-out/>
  <testcase classname="seleniumpoperties.AlwaysRunExample" name="testcase1" time="0.000"/>
  <system-out/>
  <testcase classname="seleniumpoperties.AlwaysRunExample" name="testcase1" time="0.000"/>
  <system-out/>
  <testcase classname="seleniumpoperties.AlwaysRunExample" name="testcase1" time="0.000"/>
  <system-out/>
  <testcase classname="seleniumpoperties.AlwaysRunExample" name="testcase1" time="0.001"/>
  <system-out/>
  <testcase classname="seleniumpoperties.AlwaysRunExample" name="testcase1" time="0.000"/>
  <system-out/>
  <testcase classname="seleniumpoperties.AlwaysRunExample" name="testcase1" time="0.000"/>
  <system-out/>
  <testcase classname="seleniumpoperties.AlwaysRunExample" name="testcase1" time="0.001"/>
  <system-out/>
  <testcase classname="seleniumpoperties.AlwaysRunExample" name="testcase1" time="0.000"/>
  <system-out/>
  <testcase classname="seleniumpoperties.AlwaysRunExample" name="testcase1" time="0.000"/>
  <system-out/>
  <testcase classname="seleniumpoperties.AlwaysRunExample" name="testcase1" time="0.000"/>
  <system-out/>
  <testcase classname="seleniumpoperties.AlwaysRunExample" name="testcase1" time="0.000"/>
  <system-out/>
  <testcase classname="seleniumpoperties.AlwaysRunExample" name="testcase1" time="0.001"/>
  <system-out/>
  <testcase classname="seleniumpoperties.AlwaysRunExample" name="testcase1" time="0.000"/>
  <system-out/>
  <testcase classname="seleniumpoperties.AlwaysRunExample" name="testcase1" time="0.000"/>
  <system-out/>
  <testcase classname="seleniumpoperties.AlwaysRunExample" name="testcase1" time="0.000"/>
  <system-out/>
  <testcase classname="seleniumpoperties.AlwaysRunExample" name="testcase1" time="0.000"/>
  <system-out/>
  <testcase classname="seleniumpoperties.AlwaysRunExample" name="testcase1" time="0.000"/>
  <system-out/>
  <testcase classname="seleniumpoperties.AlwaysRunExample" name="testcase1" time="0.000"/>
  <system-out/>
  <testcase classname="seleniumpoperties.AlwaysRunExample" name="testcase1" time="0.000"/>
  <system-out/>
  <testcase classname="seleniumpoperties.AlwaysRunExample" name="testcase1" time="0.000"/>
  <system-out/>
  <testcase classname="seleniumpoperties.AlwaysRunExample" name="testcase1" time="0.001"/>
  <system-out/>
  <testcase classname="seleniumpoperties.AlwaysRunExample" name="testcase1" time="0.000"/>
  <system-out/>
  <testcase classname="seleniumpoperties.AlwaysRunExample" name="testcase1" time="0.000"/>
  <system-out/>
  <testcase classname="seleniumpoperties.AlwaysRunExample" name="testcase1" time="0.000"/>
  <system-out/>
  <testcase classname="seleniumpoperties.AlwaysRunExample" name="testcase1" time="0.000"/>
  <system-out/>
  <testcase classname="seleniumpoperties.AlwaysRunExample" name="testcase1" time="0.000"/>
  <system-out/>
  <testcase classname="seleniumpoperties.AlwaysRunExample" name="testcase1" time="0.000"/>
  <system-out/>
  <testcase classname="seleniumpoperties.AlwaysRunExample" name="testcase1" time="0.000"/>
  <system-out/>
  <testcase classname="seleniumpoperties.AlwaysRunExample" name="testcase1" time="0.000"/>
  <system-out/>
  <testcase classname="seleniumpoperties.AlwaysRunExample" name="testcase1" time="0.000"/>
  <system-out/>
  <testcase classname="seleniumpoperties.AlwaysRunExample" name="testcase1" time="0.000"/>
  <system-out/>
  <testcase classname="seleniumpoperties.AlwaysRunExample" name="testcase1" time="0.000"/>
  <system-out/>
  <testcase classname="seleniumpoperties.AlwaysRunExample" name="testcase1" time="0.000"/>
  <system-out/>
  <testcase classname="seleniumpoperties.AlwaysRunExample" name="testcase1" time="0.001"/>
  <system-out/>
  <testcase classname="seleniumpoperties.AlwaysRunExample" name="testcase1" time="0.000"/>
  <system-out/>
  <testcase classname="seleniumpoperties.AlwaysRunExample" name="testcase1" time="0.000"/>
  <system-out/>
  <testcase classname="seleniumpoperties.AlwaysRunExample" name="testcase1" time="0.000"/>
  <system-out/>
  <testcase classname="seleniumpoperties.AlwaysRunExample" name="testcase1" time="0.001"/>
  <system-out/>
  <testcase classname="seleniumpoperties.AlwaysRunExample" name="testcase1" time="0.000"/>
  <system-out/>
  <testcase classname="seleniumpoperties.AlwaysRunExample" name="testcase1" time="0.000"/>
  <system-out/>
  <testcase classname="seleniumpoperties.AlwaysRunExample" name="testcase1" time="0.000"/>
  <system-out/>
  <testcase classname="seleniumpoperties.AlwaysRunExample" name="testcase1" time="0.001"/>
  <system-out/>
  <testcase classname="seleniumpoperties.AlwaysRunExample" name="testcase1" time="0.001"/>
  <system-out/>
  <testcase classname="seleniumpoperties.AlwaysRunExample" name="testcase1" time="0.000"/>
  <system-out/>
  <testcase classname="seleniumpoperties.AlwaysRunExample" name="testcase1" time="0.000"/>
  <system-out/>
  <testcase classname="seleniumpoperties.AlwaysRunExample" name="testcase1" time="0.000"/>
  <system-out/>
  <testcase classname="seleniumpoperties.AlwaysRunExample" name="testcase1" time="0.000"/>
  <system-out/>
  <testcase classname="seleniumpoperties.AlwaysRunExample" name="testcase1" time="0.000"/>
  <system-out/>
  <testcase classname="seleniumpoperties.AlwaysRunExample" name="testcase1" time="0.000"/>
  <system-out/>
  <testcase classname="seleniumpoperties.AlwaysRunExample" name="testcase1" time="0.000"/>
  <system-out/>
  <testcase classname="seleniumpoperties.AlwaysRunExample" name="testcase1" time="0.000"/>
  <system-out/>
  <testcase classname="seleniumpoperties.AlwaysRunExample" name="testcase1" time="0.000"/>
  <system-out/>
  <testcase classname="seleniumpoperties.AlwaysRunExample" name="testcase1" time="0.000"/>
  <system-out/>
  <testcase classname="seleniumpoperties.AlwaysRunExample" name="testcase1" time="0.000"/>
  <system-out/>
  <testcase classname="seleniumpoperties.AlwaysRunExample" name="testcase1" time="0.000"/>
  <system-out/>
  <testcase classname="seleniumpoperties.AlwaysRunExample" name="testcase1" time="0.000"/>
  <system-out/>
  <testcase classname="seleniumpoperties.AlwaysRunExample" name="testcase1" time="0.000"/>
  <system-out/>
  <testcase classname="seleniumpoperties.AlwaysRunExample" name="testcase1" time="0.000"/>
  <system-out/>
  <testcase classname="seleniumpoperties.AlwaysRunExample" name="testcase1" time="0.000"/>
  <system-out/>
  <testcase classname="seleniumpoperties.AlwaysRunExample" name="testcase1" time="0.000"/>
  <system-out/>
  <testcase classname="seleniumpoperties.AlwaysRunExample" name="testcase1" time="0.000"/>
  <system-out/>
  <testcase classname="seleniumpoperties.AlwaysRunExample" name="testcase1" time="0.000"/>
  <system-out/>
  <testcase classname="seleniumpoperties.AlwaysRunExample" name="testcase1" time="0.000"/>
  <system-out/>
  <testcase classname="seleniumpoperties.AlwaysRunExample" name="testcase1" time="0.000"/>
  <system-out/>
  <testcase classname="seleniumpoperties.AlwaysRunExample" name="testcase1" time="0.000"/>
  <system-out/>
  <testcase classname="seleniumpoperties.AlwaysRunExample" name="testcase1" time="0.001"/>
  <system-out/>
  <testcase classname="seleniumpoperties.AlwaysRunExample" name="testcase1" time="0.000"/>
  <system-out/>
  <testcase classname="seleniumpoperties.AlwaysRunExample" name="testcase1" time="0.000"/>
  <system-out/>
  <testcase classname="seleniumpoperties.AlwaysRunExample" name="testcase1" time="0.000"/>
  <system-out/>
  <testcase classname="seleniumpoperties.AlwaysRunExample" name="testcase1" time="0.001"/>
  <system-out/>
  <testcase classname="seleniumpoperties.AlwaysRunExample" name="testcase1" time="0.000"/>
  <system-out/>
  <testcase classname="seleniumpoperties.AlwaysRunExample" name="testcase1" time="0.000"/>
  <system-out/>
  <testcase classname="seleniumpoperties.AlwaysRunExample" name="testcase1" time="0.001"/>
  <system-out/>
  <testcase classname="seleniumpoperties.AlwaysRunExample" name="testcase1" time="0.001"/>
  <system-out/>
  <testcase classname="seleniumpoperties.AlwaysRunExample" name="testcase1" time="0.000"/>
  <system-out/>
  <testcase classname="seleniumpoperties.AlwaysRunExample" name="testcase1" time="0.000"/>
  <system-out/>
  <testcase classname="seleniumpoperties.AlwaysRunExample" name="testcase1" time="0.000"/>
  <system-out/>
  <testcase classname="seleniumpoperties.AlwaysRunExample" name="testcase1" time="0.001"/>
  <system-out/>
  <testcase classname="seleniumpoperties.AlwaysRunExample" name="testcase1" time="0.001"/>
  <system-out/>
  <testcase classname="seleniumpoperties.AlwaysRunExample" name="testcase1" time="0.000"/>
  <system-out/>
  <testcase classname="seleniumpoperties.AlwaysRunExample" name="testcase1" time="0.001"/>
  <system-out/>
  <testcase classname="seleniumpoperties.AlwaysRunExample" name="testcase1" time="0.000"/>
  <system-out/>
  <testcase classname="seleniumpoperties.AlwaysRunExample" name="testcase1" time="0.000"/>
  <system-out/>
  <testcase classname="seleniumpoperties.AlwaysRunExample" name="testcase1" time="0.000"/>
  <system-out/>
  <testcase classname="seleniumpoperties.AlwaysRunExample" name="testcase1" time="0.000"/>
  <system-out/>
  <testcase classname="seleniumpoperties.AlwaysRunExample" name="testcase1" time="0.000"/>
  <system-out/>
  <testcase classname="seleniumpoperties.AlwaysRunExample" name="testcase1" time="0.000"/>
  <system-out/>
  <testcase classname="seleniumpoperties.AlwaysRunExample" name="testcase1" time="0.000"/>
  <system-out/>
  <testcase classname="seleniumpoperties.AlwaysRunExample" name="testcase1" time="0.000"/>
  <system-out/>
  <testcase classname="seleniumpoperties.AlwaysRunExample" name="testcase1" time="0.000"/>
  <system-out/>
  <testcase classname="seleniumpoperties.AlwaysRunExample" name="testcase1" time="0.000"/>
  <system-out/>
  <testcase classname="seleniumpoperties.AlwaysRunExample" name="testcase1" time="0.000"/>
  <system-out/>
  <testcase classname="seleniumpoperties.AlwaysRunExample" name="testcase1" time="0.000"/>
  <system-out/>
  <testcase classname="seleniumpoperties.AlwaysRunExample" name="testcase1" time="0.000"/>
  <system-out/>
  <testcase classname="seleniumpoperties.AlwaysRunExample" name="testcase1" time="0.000"/>
  <system-out/>
  <testcase classname="seleniumpoperties.AlwaysRunExample" name="testcase1" time="0.000"/>
  <system-out/>
  <testcase classname="seleniumpoperties.AlwaysRunExample" name="testcase1" time="0.000"/>
  <system-out/>
  <testcase classname="seleniumpoperties.AlwaysRunExample" name="testcase1" time="0.000"/>
  <system-out/>
  <testcase classname="seleniumpoperties.AlwaysRunExample" name="testcase1" time="0.000"/>
  <system-out/>
  <testcase classname="seleniumpoperties.AlwaysRunExample" name="testcase1" time="0.000"/>
  <system-out/>
  <testcase classname="seleniumpoperties.AlwaysRunExample" name="testcase1" time="0.000"/>
  <system-out/>
  <testcase classname="seleniumpoperties.AlwaysRunExample" name="testcase1" time="0.000"/>
  <system-out/>
  <testcase classname="seleniumpoperties.AlwaysRunExample" name="testcase1" time="0.002"/>
  <system-out/>
  <testcase classname="seleniumpoperties.AlwaysRunExample" name="testcase1" time="0.001"/>
  <system-out/>
  <testcase classname="seleniumpoperties.AlwaysRunExample" name="testcase1" time="0.001"/>
  <system-out/>
  <testcase classname="seleniumpoperties.AlwaysRunExample" name="testcase1" time="0.000"/>
  <system-out/>
  <testcase classname="seleniumpoperties.AlwaysRunExample" name="testcase1" time="0.000"/>
  <system-out/>
  <testcase classname="seleniumpoperties.AlwaysRunExample" name="testcase1" time="0.001"/>
  <system-out/>
  <testcase classname="seleniumpoperties.AlwaysRunExample" name="testcase1" time="0.000"/>
  <system-out/>
  <testcase classname="seleniumpoperties.AlwaysRunExample" name="testcase1" time="0.000"/>
  <system-out/>
  <testcase classname="seleniumpoperties.AlwaysRunExample" name="testcase1" time="0.000"/>
  <system-out/>
  <testcase classname="seleniumpoperties.AlwaysRunExample" name="testcase1" time="0.000"/>
  <system-out/>
  <testcase classname="seleniumpoperties.AlwaysRunExample" name="testcase1" time="0.000"/>
  <system-out/>
  <testcase classname="seleniumpoperties.AlwaysRunExample" name="testcase1" time="0.000"/>
  <system-out/>
  <testcase classname="seleniumpoperties.AlwaysRunExample" name="testcase1" time="0.000"/>
  <system-out/>
  <testcase classname="seleniumpoperties.AlwaysRunExample" name="testcase1" time="0.000"/>
  <system-out/>
  <testcase classname="seleniumpoperties.AlwaysRunExample" name="testcase1" time="0.000"/>
  <system-out/>
  <testcase classname="seleniumpoperties.AlwaysRunExample" name="testcase1" time="0.000"/>
  <system-out/>
  <testcase classname="seleniumpoperties.AlwaysRunExample" name="testcase1" time="0.000"/>
  <system-out/>
  <testcase classname="seleniumpoperties.AlwaysRunExample" name="testcase1" time="0.000"/>
  <system-out/>
  <testcase classname="seleniumpoperties.AlwaysRunExample" name="testcase1" time="0.000"/>
  <system-out/>
  <testcase classname="seleniumpoperties.AlwaysRunExample" name="testcase1" time="0.000"/>
  <system-out/>
  <testcase classname="seleniumpoperties.AlwaysRunExample" name="testcase1" time="0.000"/>
  <system-out/>
  <testcase classname="seleniumpoperties.AlwaysRunExample" name="testcase1" time="0.000"/>
  <system-out/>
  <testcase classname="seleniumpoperties.AlwaysRunExample" name="testcase1" time="0.001"/>
  <system-out/>
  <testcase classname="seleniumpoperties.AlwaysRunExample" name="testcase1" time="0.000"/>
  <system-out/>
  <testcase classname="seleniumpoperties.AlwaysRunExample" name="testcase1" time="0.000"/>
  <system-out/>
  <testcase classname="seleniumpoperties.AlwaysRunExample" name="testcase1" time="0.000"/>
  <system-out/>
  <testcase classname="seleniumpoperties.AlwaysRunExample" name="testcase1" time="0.000"/>
  <system-out/>
  <testcase classname="seleniumpoperties.AlwaysRunExample" name="testcase1" time="0.000"/>
  <system-out/>
  <testcase classname="seleniumpoperties.AlwaysRunExample" name="testcase1" time="0.001"/>
  <system-out/>
  <testcase classname="seleniumpoperties.AlwaysRunExample" name="testcase1" time="0.000"/>
  <system-out/>
  <testcase classname="seleniumpoperties.AlwaysRunExample" name="testcase1" time="0.001"/>
  <system-out/>
  <testcase classname="seleniumpoperties.AlwaysRunExample" name="testcase1" time="0.001"/>
  <system-out/>
  <testcase classname="seleniumpoperties.AlwaysRunExample" name="testcase1" time="0.001"/>
  <system-out/>
  <testcase classname="seleniumpoperties.AlwaysRunExample" name="testcase1" time="0.000"/>
  <system-out/>
  <testcase classname="seleniumpoperties.AlwaysRunExample" name="testcase1" time="0.000"/>
  <system-out/>
  <testcase classname="seleniumpoperties.AlwaysRunExample" name="testcase1" time="0.000"/>
  <system-out/>
  <testcase classname="seleniumpoperties.AlwaysRunExample" name="testcase1" time="0.000"/>
  <system-out/>
  <testcase classname="seleniumpoperties.AlwaysRunExample" name="testcase1" time="0.000"/>
  <system-out/>
  <testcase classname="seleniumpoperties.AlwaysRunExample" name="testcase1" time="0.000"/>
  <system-out/>
  <testcase classname="seleniumpoperties.AlwaysRunExample" name="testcase1" time="0.000"/>
  <system-out/>
  <testcase classname="seleniumpoperties.AlwaysRunExample" name="testcase1" time="0.000"/>
  <system-out/>
  <testcase classname="seleniumpoperties.AlwaysRunExample" name="testcase1" time="0.000"/>
  <system-out/>
  <testcase classname="seleniumpoperties.AlwaysRunExample" name="testcase1" time="0.000"/>
  <system-out/>
  <testcase classname="seleniumpoperties.AlwaysRunExample" name="testcase1" time="0.001"/>
  <system-out/>
  <testcase classname="seleniumpoperties.AlwaysRunExample" name="testcase1" time="0.000"/>
  <system-out/>
  <testcase classname="seleniumpoperties.AlwaysRunExample" name="testcase1" time="0.000"/>
  <system-out/>
  <testcase classname="seleniumpoperties.AlwaysRunExample" name="testcase1" time="0.000"/>
  <system-out/>
  <testcase classname="seleniumpoperties.AlwaysRunExample" name="testcase1" time="0.000"/>
  <system-out/>
  <testcase classname="seleniumpoperties.AlwaysRunExample" name="testcase1" time="0.000"/>
  <system-out/>
  <testcase classname="seleniumpoperties.AlwaysRunExample" name="testcase1" time="0.000"/>
  <system-out/>
  <testcase classname="seleniumpoperties.AlwaysRunExample" name="testcase1" time="0.001"/>
  <system-out/>
  <testcase classname="seleniumpoperties.AlwaysRunExample" name="testcase1" time="0.000"/>
  <system-out/>
  <testcase classname="seleniumpoperties.AlwaysRunExample" name="testcase1" time="0.000"/>
  <system-out/>
  <testcase classname="seleniumpoperties.AlwaysRunExample" name="testcase1" time="0.000"/>
  <system-out/>
  <testcase classname="seleniumpoperties.AlwaysRunExample" name="testcase1" time="0.000"/>
  <system-out/>
  <testcase classname="seleniumpoperties.AlwaysRunExample" name="testcase1" time="0.000"/>
  <system-out/>
  <testcase classname="seleniumpoperties.AlwaysRunExample" name="testcase1" time="0.000"/>
  <system-out/>
  <testcase classname="seleniumpoperties.AlwaysRunExample" name="testcase1" time="0.000"/>
  <system-out/>
  <testcase classname="seleniumpoperties.AlwaysRunExample" name="testcase1" time="0.000"/>
  <system-out/>
  <testcase classname="seleniumpoperties.AlwaysRunExample" name="testcase1" time="0.000"/>
  <system-out/>
  <testcase classname="seleniumpoperties.AlwaysRunExample" name="testcase1" time="0.001"/>
  <system-out/>
  <testcase classname="seleniumpoperties.AlwaysRunExample" name="testcase1" time="0.000"/>
  <system-out/>
  <testcase classname="seleniumpoperties.AlwaysRunExample" name="testcase1" time="0.000"/>
  <system-out/>
  <testcase classname="seleniumpoperties.AlwaysRunExample" name="testcase1" time="0.000"/>
  <system-out/>
  <testcase classname="seleniumpoperties.AlwaysRunExample" name="testcase1" time="0.000"/>
  <system-out/>
  <testcase classname="seleniumpoperties.AlwaysRunExample" name="testcase1" time="0.000"/>
  <system-out/>
  <testcase classname="seleniumpoperties.AlwaysRunExample" name="testcase1" time="0.001"/>
  <system-out/>
  <testcase classname="seleniumpoperties.AlwaysRunExample" name="testcase1" time="0.000"/>
  <system-out/>
  <testcase classname="seleniumpoperties.AlwaysRunExample" name="testcase1" time="0.000"/>
  <system-out/>
  <testcase classname="seleniumpoperties.AlwaysRunExample" name="testcase1" time="0.000"/>
  <system-out/>
  <testcase classname="seleniumpoperties.AlwaysRunExample" name="testcase1" time="0.000"/>
  <system-out/>
  <testcase classname="seleniumpoperties.AlwaysRunExample" name="testcase1" time="0.000"/>
  <system-out/>
  <testcase classname="seleniumpoperties.AlwaysRunExample" name="testcase1" time="0.000"/>
  <system-out/>
  <testcase classname="seleniumpoperties.AlwaysRunExample" name="testcase1" time="0.000"/>
  <system-out/>
  <testcase classname="seleniumpoperties.AlwaysRunExample" name="testcase1" time="0.000"/>
  <system-out/>
  <testcase classname="seleniumpoperties.AlwaysRunExample" name="testcase1" time="0.000"/>
  <system-out/>
  <testcase classname="seleniumpoperties.AlwaysRunExample" name="testcase1" time="0.000"/>
  <system-out/>
  <testcase classname="seleniumpoperties.AlwaysRunExample" name="testcase1" time="0.001"/>
  <system-out/>
  <testcase classname="seleniumpoperties.AlwaysRunExample" name="testcase1" time="0.000"/>
  <system-out/>
  <testcase classname="seleniumpoperties.AlwaysRunExample" name="testcase1" time="0.000"/>
  <system-out/>
  <testcase classname="seleniumpoperties.AlwaysRunExample" name="testcase1" time="0.000"/>
  <system-out/>
  <testcase classname="seleniumpoperties.AlwaysRunExample" name="testcase1" time="0.000"/>
  <system-out/>
  <testcase classname="seleniumpoperties.AlwaysRunExample" name="testcase1" time="0.000"/>
  <system-out/>
  <testcase classname="seleniumpoperties.AlwaysRunExample" name="testcase1" time="0.000"/>
  <system-out/>
  <testcase classname="seleniumpoperties.AlwaysRunExample" name="testcase1" time="0.001"/>
  <system-out/>
  <testcase classname="seleniumpoperties.AlwaysRunExample" name="testcase1" time="0.000"/>
  <system-out/>
  <testcase classname="seleniumpoperties.AlwaysRunExample" name="testcase1" time="0.000"/>
  <system-out/>
  <testcase classname="seleniumpoperties.AlwaysRunExample" name="testcase1" time="0.000"/>
  <system-out/>
  <testcase classname="seleniumpoperties.AlwaysRunExample" name="testcase1" time="0.001"/>
  <system-out/>
  <testcase classname="seleniumpoperties.AlwaysRunExample" name="testcase1" time="0.001"/>
  <system-out/>
  <testcase classname="seleniumpoperties.AlwaysRunExample" name="testcase1" time="0.000"/>
  <system-out/>
  <testcase classname="seleniumpoperties.AlwaysRunExample" name="testcase1" time="0.000"/>
  <system-out/>
  <testcase classname="seleniumpoperties.AlwaysRunExample" name="testcase1" time="0.000"/>
  <system-out/>
  <testcase classname="seleniumpoperties.AlwaysRunExample" name="testcase1" time="0.000"/>
  <system-out/>
  <testcase classname="seleniumpoperties.AlwaysRunExample" name="testcase1" time="0.000"/>
  <system-out/>
  <testcase classname="seleniumpoperties.AlwaysRunExample" name="testcase1" time="0.001"/>
  <system-out/>
  <testcase classname="seleniumpoperties.AlwaysRunExample" name="testcase1" time="0.000"/>
  <system-out/>
  <testcase classname="seleniumpoperties.AlwaysRunExample" name="testcase1" time="0.000"/>
  <system-out/>
  <testcase classname="seleniumpoperties.AlwaysRunExample" name="testcase1" time="0.000"/>
  <system-out/>
  <testcase classname="seleniumpoperties.AlwaysRunExample" name="testcase1" time="0.000"/>
  <system-out/>
  <testcase classname="seleniumpoperties.AlwaysRunExample" name="testcase1" time="0.000"/>
  <system-out/>
  <testcase classname="seleniumpoperties.AlwaysRunExample" name="testcase1" time="0.001"/>
  <system-out/>
  <testcase classname="seleniumpoperties.AlwaysRunExample" name="testcase1" time="0.000"/>
  <system-out/>
  <testcase classname="seleniumpoperties.AlwaysRunExample" name="testcase1" time="0.000"/>
  <system-out/>
  <testcase classname="seleniumpoperties.AlwaysRunExample" name="testcase1" time="0.000"/>
  <system-out/>
  <testcase classname="seleniumpoperties.AlwaysRunExample" name="testcase1" time="0.001"/>
  <system-out/>
  <testcase classname="seleniumpoperties.AlwaysRunExample" name="testcase1" time="0.000"/>
  <system-out/>
  <testcase classname="seleniumpoperties.AlwaysRunExample" name="testcase1" time="0.000"/>
  <system-out/>
  <testcase classname="seleniumpoperties.AlwaysRunExample" name="testcase1" time="0.000"/>
  <system-out/>
  <testcase classname="seleniumpoperties.AlwaysRunExample" name="testcase1" time="0.000"/>
  <system-out/>
  <testcase classname="seleniumpoperties.AlwaysRunExample" name="testcase1" time="0.000"/>
  <system-out/>
  <testcase classname="seleniumpoperties.AlwaysRunExample" name="testcase1" time="0.000"/>
  <system-out/>
  <testcase classname="seleniumpoperties.AlwaysRunExample" name="testcase1" time="0.000"/>
  <system-out/>
  <testcase classname="seleniumpoperties.AlwaysRunExample" name="testcase1" time="0.000"/>
  <system-out/>
  <testcase classname="seleniumpoperties.AlwaysRunExample" name="testcase1" time="0.000"/>
  <system-out/>
  <testcase classname="seleniumpoperties.AlwaysRunExample" name="testcase1" time="0.000"/>
  <system-out/>
  <testcase classname="seleniumpoperties.AlwaysRunExample" name="testcase1" time="0.000"/>
  <system-out/>
  <testcase classname="seleniumpoperties.AlwaysRunExample" name="testcase1" time="0.000"/>
  <system-out/>
  <testcase classname="seleniumpoperties.AlwaysRunExample" name="testcase1" time="0.000"/>
  <system-out/>
  <testcase classname="seleniumpoperties.AlwaysRunExample" name="testcase1" time="0.000"/>
  <system-out/>
  <testcase classname="seleniumpoperties.AlwaysRunExample" name="testcase1" time="0.000"/>
  <system-out/>
  <testcase classname="seleniumpoperties.AlwaysRunExample" name="testcase1" time="0.000"/>
  <system-out/>
  <testcase classname="seleniumpoperties.AlwaysRunExample" name="testcase1" time="0.000"/>
  <system-out/>
  <testcase classname="seleniumpoperties.AlwaysRunExample" name="testcase1" time="0.000"/>
  <system-out/>
  <testcase classname="seleniumpoperties.AlwaysRunExample" name="testcase1" time="0.000"/>
  <system-out/>
  <testcase classname="seleniumpoperties.AlwaysRunExample" name="testcase1" time="0.001"/>
  <system-out/>
  <testcase classname="seleniumpoperties.AlwaysRunExample" name="testcase1" time="0.000"/>
  <system-out/>
  <testcase classname="seleniumpoperties.AlwaysRunExample" name="testcase1" time="0.000"/>
  <system-out/>
  <testcase classname="seleniumpoperties.AlwaysRunExample" name="testcase1" time="0.000"/>
  <system-out/>
  <testcase classname="seleniumpoperties.AlwaysRunExample" name="testcase1" time="0.001"/>
  <system-out/>
  <testcase classname="seleniumpoperties.AlwaysRunExample" name="testcase1" time="0.000"/>
  <system-out/>
  <testcase classname="seleniumpoperties.AlwaysRunExample" name="testcase1" time="0.000"/>
  <system-out/>
  <testcase classname="seleniumpoperties.AlwaysRunExample" name="testcase1" time="0.000"/>
  <system-out/>
  <testcase classname="seleniumpoperties.AlwaysRunExample" name="testcase1" time="0.001"/>
  <system-out/>
  <testcase classname="seleniumpoperties.AlwaysRunExample" name="testcase1" time="0.000"/>
  <system-out/>
  <testcase classname="seleniumpoperties.AlwaysRunExample" name="testcase1" time="0.000"/>
  <system-out/>
  <testcase classname="seleniumpoperties.AlwaysRunExample" name="testcase1" time="0.000"/>
  <system-out/>
  <testcase classname="seleniumpoperties.AlwaysRunExample" name="testcase1" time="0.000"/>
  <system-out/>
  <testcase classname="seleniumpoperties.AlwaysRunExample" name="testcase1" time="0.000"/>
  <system-out/>
  <testcase classname="seleniumpoperties.AlwaysRunExample" name="testcase1" time="0.000"/>
  <system-out/>
  <testcase classname="seleniumpoperties.AlwaysRunExample" name="testcase1" time="0.000"/>
  <system-out/>
  <testcase classname="seleniumpoperties.AlwaysRunExample" name="testcase1" time="0.000"/>
  <system-out/>
  <testcase classname="seleniumpoperties.AlwaysRunExample" name="testcase1" time="0.000"/>
  <system-out/>
  <testcase classname="seleniumpoperties.AlwaysRunExample" name="testcase1" time="0.000"/>
  <system-out/>
  <testcase classname="seleniumpoperties.AlwaysRunExample" name="testcase1" time="0.000"/>
  <system-out/>
  <testcase classname="seleniumpoperties.AlwaysRunExample" name="testcase1" time="0.000"/>
  <system-out/>
  <testcase classname="seleniumpoperties.AlwaysRunExample" name="testcase1" time="0.000"/>
  <system-out/>
  <testcase classname="seleniumpoperties.AlwaysRunExample" name="testcase1" time="0.000"/>
  <system-out/>
  <testcase classname="seleniumpoperties.AlwaysRunExample" name="testcase1" time="0.000"/>
  <system-out/>
  <testcase classname="seleniumpoperties.AlwaysRunExample" name="testcase1" time="0.000"/>
  <system-out/>
  <testcase classname="seleniumpoperties.AlwaysRunExample" name="testcase1" time="0.000"/>
  <system-out/>
  <testcase classname="seleniumpoperties.AlwaysRunExample" name="testcase1" time="0.000"/>
  <system-out/>
  <testcase classname="seleniumpoperties.AlwaysRunExample" name="testcase1" time="0.000"/>
  <system-out/>
  <testcase classname="seleniumpoperties.AlwaysRunExample" name="testcase1" time="0.000"/>
  <system-out/>
  <testcase classname="seleniumpoperties.AlwaysRunExample" name="testcase1" time="0.000"/>
  <system-out/>
  <testcase classname="seleniumpoperties.AlwaysRunExample" name="testcase1" time="0.000"/>
  <system-out/>
  <testcase classname="seleniumpoperties.AlwaysRunExample" name="testcase1" time="0.000"/>
  <system-out/>
  <testcase classname="seleniumpoperties.AlwaysRunExample" name="testcase1" time="0.000"/>
  <system-out/>
  <testcase classname="seleniumpoperties.AlwaysRunExample" name="testcase1" time="0.000"/>
  <system-out/>
  <testcase classname="seleniumpoperties.AlwaysRunExample" name="testcase1" time="0.000"/>
  <system-out/>
  <testcase classname="seleniumpoperties.AlwaysRunExample" name="testcase1" time="0.000"/>
  <system-out/>
  <testcase classname="seleniumpoperties.AlwaysRunExample" name="testcase1" time="0.000"/>
  <system-out/>
  <testcase classname="seleniumpoperties.AlwaysRunExample" name="testcase1" time="0.001"/>
  <system-out/>
  <testcase classname="seleniumpoperties.AlwaysRunExample" name="testcase1" time="0.000"/>
  <system-out/>
  <testcase classname="seleniumpoperties.AlwaysRunExample" name="testcase1" time="0.000"/>
  <system-out/>
  <testcase classname="seleniumpoperties.AlwaysRunExample" name="testcase1" time="0.000"/>
  <system-out/>
  <testcase classname="seleniumpoperties.AlwaysRunExample" name="testcase1" time="0.000"/>
  <system-out/>
  <testcase classname="seleniumpoperties.AlwaysRunExample" name="testcase1" time="0.000"/>
  <system-out/>
  <testcase classname="seleniumpoperties.AlwaysRunExample" name="testcase1" time="0.000"/>
  <system-out/>
  <testcase classname="seleniumpoperties.AlwaysRunExample" name="testcase1" time="0.000"/>
  <system-out/>
  <testcase classname="seleniumpoperties.AlwaysRunExample" name="testcase1" time="0.000"/>
  <system-out/>
  <testcase classname="seleniumpoperties.AlwaysRunExample" name="testcase1" time="0.000"/>
  <system-out/>
  <testcase classname="seleniumpoperties.AlwaysRunExample" name="testcase1" time="0.000"/>
  <system-out/>
  <testcase classname="seleniumpoperties.AlwaysRunExample" name="testcase1" time="0.000"/>
  <system-out/>
  <testcase classname="seleniumpoperties.AlwaysRunExample" name="testcase1" time="0.000"/>
  <system-out/>
  <testcase classname="seleniumpoperties.AlwaysRunExample" name="testcase1" time="0.000"/>
  <system-out/>
  <testcase classname="seleniumpoperties.AlwaysRunExample" name="testcase1" time="0.000"/>
  <system-out/>
  <testcase classname="seleniumpoperties.AlwaysRunExample" name="testcase1" time="0.000"/>
  <system-out/>
  <testcase classname="seleniumpoperties.AlwaysRunExample" name="testcase1" time="0.000"/>
  <system-out/>
  <testcase classname="seleniumpoperties.AlwaysRunExample" name="testcase1" time="0.009"/>
  <system-out/>
  <testcase classname="seleniumpoperties.AlwaysRunExample" name="testcase1" time="0.000"/>
  <system-out/>
  <testcase classname="seleniumpoperties.AlwaysRunExample" name="testcase1" time="0.000"/>
  <system-out/>
  <testcase classname="seleniumpoperties.AlwaysRunExample" name="testcase1" time="0.000"/>
  <system-out/>
  <testcase classname="seleniumpoperties.AlwaysRunExample" name="testcase1" time="0.001"/>
  <system-out/>
  <testcase classname="seleniumpoperties.AlwaysRunExample" name="testcase1" time="0.000"/>
  <system-out/>
  <testcase classname="seleniumpoperties.AlwaysRunExample" name="testcase1" time="0.000"/>
  <system-out/>
  <testcase classname="seleniumpoperties.AlwaysRunExample" name="testcase1" time="0.000"/>
  <system-out/>
  <testcase classname="seleniumpoperties.AlwaysRunExample" name="testcase1" time="0.000"/>
  <system-out/>
  <testcase classname="seleniumpoperties.AlwaysRunExample" name="testcase1" time="0.000"/>
  <system-out/>
  <testcase classname="seleniumpoperties.AlwaysRunExample" name="testcase1" time="0.000"/>
  <system-out/>
  <testcase classname="seleniumpoperties.AlwaysRunExample" name="testcase1" time="0.000"/>
  <system-out/>
  <testcase classname="seleniumpoperties.AlwaysRunExample" name="testcase1" time="0.000"/>
  <system-out/>
  <testcase classname="seleniumpoperties.AlwaysRunExample" name="testcase1" time="0.000"/>
  <system-out/>
  <testcase classname="seleniumpoperties.AlwaysRunExample" name="testcase1" time="0.000"/>
  <system-out/>
  <testcase classname="seleniumpoperties.AlwaysRunExample" name="testcase1" time="0.000"/>
  <system-out/>
  <testcase classname="seleniumpoperties.AlwaysRunExample" name="testcase1" time="0.000"/>
  <system-out/>
  <testcase classname="seleniumpoperties.AlwaysRunExample" name="testcase1" time="0.000"/>
  <system-out/>
  <testcase classname="seleniumpoperties.AlwaysRunExample" name="testcase1" time="0.000"/>
  <system-out/>
  <testcase classname="seleniumpoperties.AlwaysRunExample" name="testcase1" time="0.000"/>
  <system-out/>
  <testcase classname="seleniumpoperties.AlwaysRunExample" name="testcase1" time="0.000"/>
  <system-out/>
  <testcase classname="seleniumpoperties.AlwaysRunExample" name="testcase1" time="0.000"/>
  <system-out/>
  <testcase classname="seleniumpoperties.AlwaysRunExample" name="testcase1" time="0.000"/>
  <system-out/>
  <testcase classname="seleniumpoperties.AlwaysRunExample" name="testcase1" time="0.001"/>
  <system-out/>
  <testcase classname="seleniumpoperties.AlwaysRunExample" name="testcase1" time="0.000"/>
  <system-out/>
  <testcase classname="seleniumpoperties.AlwaysRunExample" name="testcase1" time="0.000"/>
  <system-out/>
  <testcase classname="seleniumpoperties.AlwaysRunExample" name="testcase1" time="0.000"/>
  <system-out/>
  <testcase classname="seleniumpoperties.AlwaysRunExample" name="testcase1" time="0.000"/>
  <system-out/>
  <testcase classname="seleniumpoperties.AlwaysRunExample" name="testcase1" time="0.000"/>
  <system-out/>
  <testcase classname="seleniumpoperties.AlwaysRunExample" name="testcase1" time="0.001"/>
  <system-out/>
  <testcase classname="seleniumpoperties.AlwaysRunExample" name="testcase1" time="0.000"/>
  <system-out/>
  <testcase classname="seleniumpoperties.AlwaysRunExample" name="testcase1" time="0.000"/>
  <system-out/>
  <testcase classname="seleniumpoperties.AlwaysRunExample" name="testcase1" time="0.000"/>
  <system-out/>
  <testcase classname="seleniumpoperties.AlwaysRunExample" name="testcase1" time="0.000"/>
  <system-out/>
  <testcase classname="seleniumpoperties.AlwaysRunExample" name="testcase1" time="0.001"/>
  <system-out/>
  <testcase classname="seleniumpoperties.AlwaysRunExample" name="testcase1" time="0.000"/>
  <system-out/>
  <testcase classname="seleniumpoperties.AlwaysRunExample" name="testcase1" time="0.000"/>
  <system-out/>
  <testcase classname="seleniumpoperties.AlwaysRunExample" name="testcase1" time="0.000"/>
  <system-out/>
  <testcase classname="seleniumpoperties.AlwaysRunExample" name="testcase1" time="0.000"/>
  <system-out/>
  <testcase classname="seleniumpoperties.AlwaysRunExample" name="testcase1" time="0.000"/>
  <system-out/>
  <testcase classname="seleniumpoperties.AlwaysRunExample" name="testcase1" time="0.000"/>
  <system-out/>
  <testcase classname="seleniumpoperties.AlwaysRunExample" name="testcase1" time="0.000"/>
  <system-out/>
  <testcase classname="seleniumpoperties.AlwaysRunExample" name="testcase1" time="0.000"/>
  <system-out/>
  <testcase classname="seleniumpoperties.AlwaysRunExample" name="testcase1" time="0.000"/>
  <system-out/>
  <testcase classname="seleniumpoperties.AlwaysRunExample" name="testcase1" time="0.000"/>
  <system-out/>
  <testcase classname="seleniumpoperties.AlwaysRunExample" name="testcase1" time="0.000"/>
  <system-out/>
  <testcase classname="seleniumpoperties.AlwaysRunExample" name="testcase1" time="0.000"/>
  <system-out/>
  <testcase classname="seleniumpoperties.AlwaysRunExample" name="testcase1" time="0.000"/>
  <system-out/>
  <testcase classname="seleniumpoperties.AlwaysRunExample" name="testcase1" time="0.001"/>
  <system-out/>
  <testcase classname="seleniumpoperties.AlwaysRunExample" name="testcase1" time="0.000"/>
  <system-out/>
  <testcase classname="seleniumpoperties.AlwaysRunExample" name="testcase1" time="0.000"/>
  <system-out/>
  <testcase classname="seleniumpoperties.AlwaysRunExample" name="testcase1" time="0.000"/>
  <system-out/>
  <testcase classname="seleniumpoperties.AlwaysRunExample" name="testcase1" time="0.000"/>
  <system-out/>
  <testcase classname="seleniumpoperties.AlwaysRunExample" name="testcase1" time="0.000"/>
  <system-out/>
  <testcase classname="seleniumpoperties.AlwaysRunExample" name="testcase1" time="0.001"/>
  <system-out/>
  <testcase classname="seleniumpoperties.AlwaysRunExample" name="testcase1" time="0.004"/>
  <system-out/>
  <testcase classname="seleniumpoperties.AlwaysRunExample" name="testcase1" time="0.000"/>
  <system-out/>
  <testcase classname="seleniumpoperties.AlwaysRunExample" name="testcase1" time="0.001"/>
  <system-out/>
  <testcase classname="seleniumpoperties.AlwaysRunExample" name="testcase1" time="0.000"/>
  <system-out/>
  <testcase classname="seleniumpoperties.AlwaysRunExample" name="testcase1" time="0.000"/>
  <system-out/>
  <testcase classname="seleniumpoperties.AlwaysRunExample" name="testcase1" time="0.000"/>
  <system-out/>
  <testcase classname="seleniumpoperties.AlwaysRunExample" name="testcase1" time="0.000"/>
  <system-out/>
  <testcase classname="seleniumpoperties.AlwaysRunExample" name="testcase1" time="0.000"/>
  <system-out/>
  <testcase classname="seleniumpoperties.AlwaysRunExample" name="testcase1" time="0.000"/>
  <system-out/>
  <testcase classname="seleniumpoperties.AlwaysRunExample" name="testcase1" time="0.000"/>
  <system-out/>
  <testcase classname="seleniumpoperties.AlwaysRunExample" name="testcase1" time="0.001"/>
  <system-out/>
  <testcase classname="seleniumpoperties.AlwaysRunExample" name="testcase1" time="0.001"/>
  <system-out/>
  <testcase classname="seleniumpoperties.AlwaysRunExample" name="testcase1" time="0.000"/>
  <system-out/>
  <testcase classname="seleniumpoperties.AlwaysRunExample" name="testcase1" time="0.000"/>
  <system-out/>
  <testcase classname="seleniumpoperties.AlwaysRunExample" name="testcase1" time="0.000"/>
  <system-out/>
  <testcase classname="seleniumpoperties.AlwaysRunExample" name="testcase1" time="0.000"/>
  <system-out/>
  <testcase classname="seleniumpoperties.AlwaysRunExample" name="testcase1" time="0.000"/>
  <system-out/>
  <testcase classname="seleniumpoperties.AlwaysRunExample" name="testcase1" time="0.000"/>
  <system-out/>
  <testcase classname="seleniumpoperties.AlwaysRunExample" name="testcase1" time="0.000"/>
  <system-out/>
  <testcase classname="seleniumpoperties.AlwaysRunExample" name="testcase1" time="0.000"/>
  <system-out/>
  <testcase classname="seleniumpoperties.AlwaysRunExample" name="testcase1" time="0.000"/>
  <system-out/>
  <testcase classname="seleniumpoperties.AlwaysRunExample" name="testcase1" time="0.000"/>
  <system-out/>
  <testcase classname="seleniumpoperties.AlwaysRunExample" name="testcase1" time="0.000"/>
  <system-out/>
  <testcase classname="seleniumpoperties.AlwaysRunExample" name="testcase1" time="0.001"/>
  <system-out/>
  <testcase classname="seleniumpoperties.AlwaysRunExample" name="testcase1" time="0.001"/>
  <system-out/>
  <testcase classname="seleniumpoperties.AlwaysRunExample" name="testcase1" time="0.001"/>
  <system-out/>
  <testcase classname="seleniumpoperties.AlwaysRunExample" name="testcase1" time="0.000"/>
  <system-out/>
  <testcase classname="seleniumpoperties.AlwaysRunExample" name="testcase1" time="0.000"/>
  <system-out/>
  <testcase classname="seleniumpoperties.AlwaysRunExample" name="testcase1" time="0.000"/>
  <system-out/>
  <testcase classname="seleniumpoperties.AlwaysRunExample" name="testcase1" time="0.000"/>
  <system-out/>
  <testcase classname="seleniumpoperties.AlwaysRunExample" name="testcase1" time="0.000"/>
  <system-out/>
  <testcase classname="seleniumpoperties.AlwaysRunExample" name="testcase1" time="0.001"/>
  <system-out/>
  <testcase classname="seleniumpoperties.AlwaysRunExample" name="testcase1" time="0.000"/>
  <system-out/>
  <testcase classname="seleniumpoperties.AlwaysRunExample" name="testcase1" time="0.000"/>
  <system-out/>
  <testcase classname="seleniumpoperties.AlwaysRunExample" name="testcase1" time="0.000"/>
  <system-out/>
  <testcase classname="seleniumpoperties.AlwaysRunExample" name="testcase1" time="0.003"/>
  <system-out/>
  <testcase classname="seleniumpoperties.AlwaysRunExample" name="testcase1" time="0.001"/>
  <system-out/>
  <testcase classname="seleniumpoperties.AlwaysRunExample" name="testcase1" time="0.000"/>
  <system-out/>
  <testcase classname="seleniumpoperties.AlwaysRunExample" name="testcase1" time="0.001"/>
  <system-out/>
  <testcase classname="seleniumpoperties.AlwaysRunExample" name="testcase1" time="0.001"/>
  <system-out/>
  <testcase classname="seleniumpoperties.AlwaysRunExample" name="testcase1" time="0.000"/>
  <system-out/>
  <testcase classname="seleniumpoperties.AlwaysRunExample" name="testcase1" time="0.000"/>
  <system-out/>
  <testcase classname="seleniumpoperties.AlwaysRunExample" name="testcase1" time="0.001"/>
  <system-out/>
  <testcase classname="seleniumpoperties.AlwaysRunExample" name="testcase1" time="0.000"/>
  <system-out/>
  <testcase classname="seleniumpoperties.AlwaysRunExample" name="testcase1" time="0.000"/>
  <system-out/>
  <testcase classname="seleniumpoperties.AlwaysRunExample" name="testcase1" time="0.000"/>
  <system-out/>
  <testcase classname="seleniumpoperties.AlwaysRunExample" name="testcase1" time="0.000"/>
  <system-out/>
  <testcase classname="seleniumpoperties.AlwaysRunExample" name="testcase1" time="0.000"/>
  <system-out/>
  <testcase classname="seleniumpoperties.AlwaysRunExample" name="testcase1" time="0.000"/>
  <system-out/>
  <testcase classname="seleniumpoperties.AlwaysRunExample" name="testcase1" time="0.000"/>
  <system-out/>
  <testcase classname="seleniumpoperties.AlwaysRunExample" name="testcase1" time="0.000"/>
  <system-out/>
  <testcase classname="seleniumpoperties.AlwaysRunExample" name="testcase1" time="0.000"/>
  <system-out/>
  <testcase classname="seleniumpoperties.AlwaysRunExample" name="testcase1" time="0.000"/>
  <system-out/>
  <testcase classname="seleniumpoperties.AlwaysRunExample" name="testcase1" time="0.000"/>
  <system-out/>
  <testcase classname="seleniumpoperties.AlwaysRunExample" name="testcase1" time="0.001"/>
  <system-out/>
  <testcase classname="seleniumpoperties.AlwaysRunExample" name="testcase1" time="0.000"/>
  <system-out/>
  <testcase classname="seleniumpoperties.AlwaysRunExample" name="testcase1" time="0.000"/>
  <system-out/>
  <testcase classname="seleniumpoperties.AlwaysRunExample" name="testcase1" time="0.000"/>
  <system-out/>
  <testcase classname="seleniumpoperties.AlwaysRunExample" name="testcase1" time="0.000"/>
  <system-out/>
  <testcase classname="seleniumpoperties.AlwaysRunExample" name="testcase1" time="0.000"/>
  <system-out/>
  <testcase classname="seleniumpoperties.AlwaysRunExample" name="testcase1" time="0.001"/>
  <system-out/>
  <testcase classname="seleniumpoperties.AlwaysRunExample" name="testcase1" time="0.000"/>
  <system-out/>
  <testcase classname="seleniumpoperties.AlwaysRunExample" name="testcase1" time="0.000"/>
  <system-out/>
  <testcase classname="seleniumpoperties.AlwaysRunExample" name="testcase1" time="0.000"/>
  <system-out/>
  <testcase classname="seleniumpoperties.AlwaysRunExample" name="testcase1" time="0.000"/>
  <system-out/>
  <testcase classname="seleniumpoperties.AlwaysRunExample" name="testcase1" time="0.000"/>
  <system-out/>
  <testcase classname="seleniumpoperties.AlwaysRunExample" name="testcase1" time="0.000"/>
  <system-out/>
  <testcase classname="seleniumpoperties.AlwaysRunExample" name="testcase1" time="0.000"/>
  <system-out/>
  <testcase classname="seleniumpoperties.AlwaysRunExample" name="testcase1" time="0.000"/>
  <system-out/>
  <testcase classname="seleniumpoperties.AlwaysRunExample" name="testcase1" time="0.000"/>
  <system-out/>
  <testcase classname="seleniumpoperties.AlwaysRunExample" name="testcase1" time="0.000"/>
  <system-out/>
  <testcase classname="seleniumpoperties.AlwaysRunExample" name="testcase1" time="0.000"/>
  <system-out/>
  <testcase classname="seleniumpoperties.AlwaysRunExample" name="testcase1" time="0.000"/>
  <system-out/>
  <testcase classname="seleniumpoperties.AlwaysRunExample" name="testcase1" time="0.000"/>
  <system-out/>
  <testcase classname="seleniumpoperties.AlwaysRunExample" name="testcase1" time="0.000"/>
  <system-out/>
  <testcase classname="seleniumpoperties.AlwaysRunExample" name="testcase1" time="0.000"/>
  <system-out/>
  <testcase classname="seleniumpoperties.AlwaysRunExample" name="testcase1" time="0.000"/>
  <system-out/>
  <testcase classname="seleniumpoperties.AlwaysRunExample" name="testcase1" time="0.000"/>
  <system-out/>
  <testcase classname="seleniumpoperties.AlwaysRunExample" name="testcase1" time="0.001"/>
  <system-out/>
  <testcase classname="seleniumpoperties.AlwaysRunExample" name="testcase1" time="0.000"/>
  <system-out/>
  <testcase classname="seleniumpoperties.AlwaysRunExample" name="testcase1" time="0.000"/>
  <system-out/>
  <testcase classname="seleniumpoperties.AlwaysRunExample" name="testcase1" time="0.001"/>
  <system-out/>
  <testcase classname="seleniumpoperties.AlwaysRunExample" name="testcase1" time="0.001"/>
  <system-out/>
  <testcase classname="seleniumpoperties.AlwaysRunExample" name="testcase1" time="0.000"/>
  <system-out/>
  <testcase classname="seleniumpoperties.AlwaysRunExample" name="testcase1" time="0.000"/>
  <system-out/>
  <testcase classname="seleniumpoperties.AlwaysRunExample" name="testcase1" time="0.000"/>
  <system-out/>
  <testcase classname="seleniumpoperties.AlwaysRunExample" name="testcase1" time="0.000"/>
  <system-out/>
  <testcase classname="seleniumpoperties.AlwaysRunExample" name="testcase1" time="0.000"/>
  <system-out/>
  <testcase classname="seleniumpoperties.AlwaysRunExample" name="testcase1" time="0.000"/>
  <system-out/>
  <testcase classname="seleniumpoperties.AlwaysRunExample" name="testcase1" time="0.000"/>
  <system-out/>
  <testcase classname="seleniumpoperties.AlwaysRunExample" name="testcase1" time="0.000"/>
  <system-out/>
  <testcase classname="seleniumpoperties.AlwaysRunExample" name="testcase1" time="0.000"/>
  <system-out/>
  <testcase classname="seleniumpoperties.AlwaysRunExample" name="testcase1" time="0.000"/>
  <system-out/>
  <testcase classname="seleniumpoperties.AlwaysRunExample" name="testcase1" time="0.000"/>
  <system-out/>
  <testcase classname="seleniumpoperties.AlwaysRunExample" name="testcase1" time="0.000"/>
  <system-out/>
  <testcase classname="seleniumpoperties.AlwaysRunExample" name="testcase1" time="0.000"/>
  <system-out/>
  <testcase classname="seleniumpoperties.AlwaysRunExample" name="testcase1" time="0.000"/>
  <system-out/>
  <testcase classname="seleniumpoperties.AlwaysRunExample" name="testcase1" time="0.001"/>
  <system-out/>
  <testcase classname="seleniumpoperties.AlwaysRunExample" name="testcase1" time="0.000"/>
  <system-out/>
  <testcase classname="seleniumpoperties.AlwaysRunExample" name="testcase1" time="0.000"/>
  <system-out/>
  <testcase classname="seleniumpoperties.AlwaysRunExample" name="testcase1" time="0.001"/>
  <system-out/>
  <testcase classname="seleniumpoperties.AlwaysRunExample" name="testcase1" time="0.000"/>
  <system-out/>
  <testcase classname="seleniumpoperties.AlwaysRunExample" name="testcase1" time="0.001"/>
  <system-out/>
  <testcase classname="seleniumpoperties.AlwaysRunExample" name="testcase1" time="0.001"/>
  <system-out/>
  <testcase classname="seleniumpoperties.AlwaysRunExample" name="testcase1" time="0.000"/>
  <system-out/>
  <testcase classname="seleniumpoperties.AlwaysRunExample" name="testcase1" time="0.000"/>
  <system-out/>
  <testcase classname="seleniumpoperties.AlwaysRunExample" name="testcase1" time="0.000"/>
  <system-out/>
  <testcase classname="seleniumpoperties.AlwaysRunExample" name="testcase1" time="0.001"/>
  <system-out/>
  <testcase classname="seleniumpoperties.AlwaysRunExample" name="testcase1" time="0.000"/>
  <system-out/>
  <testcase classname="seleniumpoperties.AlwaysRunExample" name="testcase1" time="0.000"/>
  <system-out/>
  <testcase classname="seleniumpoperties.AlwaysRunExample" name="testcase1" time="0.000"/>
  <system-out/>
  <testcase classname="seleniumpoperties.AlwaysRunExample" name="testcase1" time="0.000"/>
  <system-out/>
  <testcase classname="seleniumpoperties.AlwaysRunExample" name="testcase1" time="0.000"/>
  <system-out/>
  <testcase classname="seleniumpoperties.AlwaysRunExample" name="testcase1" time="0.000"/>
  <system-out/>
  <testcase classname="seleniumpoperties.AlwaysRunExample" name="testcase1" time="0.000"/>
  <system-out/>
  <testcase classname="seleniumpoperties.AlwaysRunExample" name="testcase1" time="0.000"/>
  <system-out/>
  <testcase classname="seleniumpoperties.AlwaysRunExample" name="testcase1" time="0.000"/>
  <system-out/>
  <testcase classname="seleniumpoperties.AlwaysRunExample" name="testcase1" time="0.000"/>
  <system-out/>
  <testcase classname="seleniumpoperties.AlwaysRunExample" name="testcase1" time="0.000"/>
  <system-out/>
  <testcase classname="seleniumpoperties.AlwaysRunExample" name="testcase1" time="0.000"/>
  <system-out/>
  <testcase classname="seleniumpoperties.AlwaysRunExample" name="testcase1" time="0.001"/>
  <system-out/>
  <testcase classname="seleniumpoperties.AlwaysRunExample" name="testcase1" time="0.000"/>
  <system-out/>
  <testcase classname="seleniumpoperties.AlwaysRunExample" name="testcase1" time="0.000"/>
  <system-out/>
  <testcase classname="seleniumpoperties.AlwaysRunExample" name="testcase1" time="0.000"/>
  <system-out/>
  <testcase classname="seleniumpoperties.AlwaysRunExample" name="testcase1" time="0.000"/>
  <system-out/>
  <testcase classname="seleniumpoperties.AlwaysRunExample" name="testcase1" time="0.000"/>
  <system-out/>
  <testcase classname="seleniumpoperties.AlwaysRunExample" name="testcase1" time="0.000"/>
  <system-out/>
  <testcase classname="seleniumpoperties.AlwaysRunExample" name="testcase1" time="0.001"/>
  <system-out/>
  <testcase classname="seleniumpoperties.AlwaysRunExample" name="testcase1" time="0.000"/>
  <system-out/>
  <testcase classname="seleniumpoperties.AlwaysRunExample" name="testcase1" time="0.000"/>
  <system-out/>
  <testcase classname="seleniumpoperties.AlwaysRunExample" name="testcase1" time="0.000"/>
  <system-out/>
  <testcase classname="seleniumpoperties.AlwaysRunExample" name="testcase1" time="0.000"/>
  <system-out/>
  <testcase classname="seleniumpoperties.AlwaysRunExample" name="testcase1" time="0.000"/>
  <system-out/>
  <testcase classname="seleniumpoperties.AlwaysRunExample" name="testcase1" time="0.000"/>
  <system-out/>
  <testcase classname="seleniumpoperties.AlwaysRunExample" name="testcase1" time="0.000"/>
  <system-out/>
  <testcase classname="seleniumpoperties.AlwaysRunExample" name="testcase1" time="0.001"/>
  <system-out/>
  <testcase classname="seleniumpoperties.AlwaysRunExample" name="testcase1" time="0.000"/>
  <system-out/>
  <testcase classname="seleniumpoperties.AlwaysRunExample" name="testcase1" time="0.000"/>
  <system-out/>
  <testcase classname="seleniumpoperties.AlwaysRunExample" name="testcase1" time="0.000"/>
  <system-out/>
  <testcase classname="seleniumpoperties.AlwaysRunExample" name="testcase1" time="0.000"/>
  <system-out/>
  <testcase classname="seleniumpoperties.AlwaysRunExample" name="testcase1" time="0.000"/>
  <system-out/>
  <testcase classname="seleniumpoperties.AlwaysRunExample" name="testcase1" time="0.000"/>
  <system-out/>
  <testcase classname="seleniumpoperties.AlwaysRunExample" name="testcase1" time="0.001"/>
  <system-out/>
  <testcase classname="seleniumpoperties.AlwaysRunExample" name="testcase1" time="0.000"/>
  <system-out/>
  <testcase classname="seleniumpoperties.AlwaysRunExample" name="testcase1" time="0.000"/>
  <system-out/>
  <testcase classname="seleniumpoperties.AlwaysRunExample" name="testcase1" time="0.000"/>
  <system-out/>
  <testcase classname="seleniumpoperties.AlwaysRunExample" name="testcase1" time="0.000"/>
  <system-out/>
  <testcase classname="seleniumpoperties.AlwaysRunExample" name="testcase1" time="0.000"/>
  <system-out/>
  <testcase classname="seleniumpoperties.AlwaysRunExample" name="testcase1" time="0.000"/>
  <system-out/>
  <testcase classname="seleniumpoperties.AlwaysRunExample" name="testcase1" time="0.001"/>
  <system-out/>
  <testcase classname="seleniumpoperties.AlwaysRunExample" name="testcase1" time="0.000"/>
  <system-out/>
  <testcase classname="seleniumpoperties.AlwaysRunExample" name="testcase1" time="0.000"/>
  <system-out/>
  <testcase classname="seleniumpoperties.AlwaysRunExample" name="testcase1" time="0.000"/>
  <system-out/>
  <testcase classname="seleniumpoperties.AlwaysRunExample" name="testcase1" time="0.000"/>
  <system-out/>
  <testcase classname="seleniumpoperties.AlwaysRunExample" name="testcase1" time="0.000"/>
  <system-out/>
  <testcase classname="seleniumpoperties.AlwaysRunExample" name="testcase1" time="0.000"/>
  <system-out/>
  <testcase classname="seleniumpoperties.AlwaysRunExample" name="testcase1" time="0.001"/>
  <system-out/>
  <testcase classname="seleniumpoperties.AlwaysRunExample" name="testcase1" time="0.000"/>
  <system-out/>
  <testcase classname="seleniumpoperties.AlwaysRunExample" name="testcase1" time="0.000"/>
  <system-out/>
  <testcase classname="seleniumpoperties.AlwaysRunExample" name="testcase1" time="0.000"/>
  <system-out/>
  <testcase classname="seleniumpoperties.AlwaysRunExample" name="testcase1" time="0.000"/>
  <system-out/>
  <testcase classname="seleniumpoperties.AlwaysRunExample" name="testcase1" time="0.001"/>
  <system-out/>
  <testcase classname="seleniumpoperties.AlwaysRunExample" name="testcase1" time="0.000"/>
  <system-out/>
  <testcase classname="seleniumpoperties.AlwaysRunExample" name="testcase1" time="0.000"/>
  <system-out/>
  <testcase classname="seleniumpoperties.AlwaysRunExample" name="testcase1" time="0.001"/>
  <system-out/>
  <testcase classname="seleniumpoperties.AlwaysRunExample" name="testcase1" time="0.000"/>
  <system-out/>
  <testcase classname="seleniumpoperties.AlwaysRunExample" name="testcase1" time="0.000"/>
  <system-out/>
  <testcase classname="seleniumpoperties.AlwaysRunExample" name="testcase1" time="0.000"/>
  <system-out/>
  <testcase classname="seleniumpoperties.AlwaysRunExample" name="testcase1" time="0.001"/>
  <system-out/>
  <testcase classname="seleniumpoperties.AlwaysRunExample" name="testcase1" time="0.000"/>
  <system-out/>
  <testcase classname="seleniumpoperties.AlwaysRunExample" name="testcase1" time="0.001"/>
  <system-out/>
  <testcase classname="seleniumpoperties.AlwaysRunExample" name="testcase1" time="0.000"/>
  <system-out/>
  <testcase classname="seleniumpoperties.AlwaysRunExample" name="testcase1" time="0.000"/>
  <system-out/>
  <testcase classname="seleniumpoperties.AlwaysRunExample" name="testcase1" time="0.000"/>
  <system-out/>
  <testcase classname="seleniumpoperties.AlwaysRunExample" name="testcase1" time="0.000"/>
  <system-out/>
  <testcase classname="seleniumpoperties.AlwaysRunExample" name="testcase1" time="0.000"/>
  <system-out/>
  <testcase classname="seleniumpoperties.AlwaysRunExample" name="testcase1" time="0.000"/>
  <system-out/>
  <testcase classname="seleniumpoperties.AlwaysRunExample" name="testcase1" time="0.000"/>
  <system-out/>
  <testcase classname="seleniumpoperties.AlwaysRunExample" name="testcase1" time="0.000"/>
  <system-out/>
  <testcase classname="seleniumpoperties.AlwaysRunExample" name="testcase1" time="0.000"/>
  <system-out/>
  <testcase classname="seleniumpoperties.AlwaysRunExample" name="testcase1" time="0.000"/>
  <system-out/>
  <testcase classname="seleniumpoperties.AlwaysRunExample" name="testcase1" time="0.001"/>
  <system-out/>
  <testcase classname="seleniumpoperties.AlwaysRunExample" name="testcase1" time="0.001"/>
  <system-out/>
  <testcase classname="seleniumpoperties.AlwaysRunExample" name="testcase1" time="0.000"/>
  <system-out/>
  <testcase classname="seleniumpoperties.AlwaysRunExample" name="testcase1" time="0.000"/>
  <system-out/>
  <testcase classname="seleniumpoperties.AlwaysRunExample" name="testcase1" time="0.000"/>
  <system-out/>
  <testcase classname="seleniumpoperties.AlwaysRunExample" name="testcase1" time="0.000"/>
  <system-out/>
  <testcase classname="seleniumpoperties.AlwaysRunExample" name="testcase1" time="0.000"/>
  <system-out/>
  <testcase classname="seleniumpoperties.AlwaysRunExample" name="testcase1" time="0.001"/>
  <system-out/>
  <testcase classname="seleniumpoperties.AlwaysRunExample" name="testcase1" time="0.000"/>
  <system-out/>
  <testcase classname="seleniumpoperties.AlwaysRunExample" name="testcase1" time="0.000"/>
  <system-out/>
  <testcase classname="seleniumpoperties.AlwaysRunExample" name="testcase1" time="0.001"/>
  <system-out/>
  <testcase classname="seleniumpoperties.AlwaysRunExample" name="testcase1" time="0.000"/>
  <system-out/>
  <testcase classname="seleniumpoperties.AlwaysRunExample" name="testcase1" time="0.000"/>
  <system-out/>
  <testcase classname="seleniumpoperties.AlwaysRunExample" name="testcase1" time="0.001"/>
  <system-out/>
  <testcase classname="seleniumpoperties.AlwaysRunExample" name="testcase1" time="0.000"/>
  <system-out/>
  <testcase classname="seleniumpoperties.AlwaysRunExample" name="testcase1" time="0.000"/>
  <system-out/>
  <testcase classname="seleniumpoperties.AlwaysRunExample" name="testcase1" time="0.000"/>
  <system-out/>
  <testcase classname="seleniumpoperties.AlwaysRunExample" name="testcase1" time="0.001"/>
  <system-out/>
  <testcase classname="seleniumpoperties.AlwaysRunExample" name="testcase1" time="0.000"/>
  <system-out/>
  <testcase classname="seleniumpoperties.AlwaysRunExample" name="testcase1" time="0.001"/>
  <system-out/>
  <testcase classname="seleniumpoperties.AlwaysRunExample" name="testcase1" time="0.000"/>
  <system-out/>
  <testcase classname="seleniumpoperties.AlwaysRunExample" name="testcase1" time="0.000"/>
  <system-out/>
  <testcase classname="seleniumpoperties.AlwaysRunExample" name="testcase1" time="0.000"/>
  <system-out/>
  <testcase classname="seleniumpoperties.AlwaysRunExample" name="testcase1" time="0.000"/>
  <system-out/>
  <testcase classname="seleniumpoperties.AlwaysRunExample" name="testcase1" time="0.000"/>
  <system-out/>
  <testcase classname="seleniumpoperties.AlwaysRunExample" name="testcase1" time="0.001"/>
  <system-out/>
  <testcase classname="seleniumpoperties.AlwaysRunExample" name="testcase1" time="0.000"/>
  <system-out/>
  <testcase classname="seleniumpoperties.AlwaysRunExample" name="testcase1" time="0.000"/>
  <system-out/>
  <testcase classname="seleniumpoperties.AlwaysRunExample" name="testcase1" time="0.001"/>
  <system-out/>
  <testcase classname="seleniumpoperties.AlwaysRunExample" name="testcase1" time="0.000"/>
  <system-out/>
  <testcase classname="seleniumpoperties.AlwaysRunExample" name="testcase1" time="0.001"/>
  <system-out/>
  <testcase classname="seleniumpoperties.AlwaysRunExample" name="testcase1" time="0.000"/>
  <system-out/>
  <testcase classname="seleniumpoperties.AlwaysRunExample" name="testcase1" time="0.000"/>
  <system-out/>
  <testcase classname="seleniumpoperties.AlwaysRunExample" name="testcase1" time="0.001"/>
  <system-out/>
  <testcase classname="seleniumpoperties.AlwaysRunExample" name="testcase1" time="0.001"/>
  <system-out/>
  <testcase classname="seleniumpoperties.AlwaysRunExample" name="testcase1" time="0.000"/>
  <system-out/>
  <testcase classname="seleniumpoperties.AlwaysRunExample" name="testcase1" time="0.000"/>
  <system-out/>
  <testcase classname="seleniumpoperties.AlwaysRunExample" name="testcase1" time="0.000"/>
  <system-out/>
  <testcase classname="seleniumpoperties.AlwaysRunExample" name="testcase1" time="0.000"/>
  <system-out/>
  <testcase classname="seleniumpoperties.AlwaysRunExample" name="testcase1" time="0.000"/>
  <system-out/>
  <testcase classname="seleniumpoperties.AlwaysRunExample" name="testcase1" time="0.000"/>
  <system-out/>
  <testcase classname="seleniumpoperties.AlwaysRunExample" name="testcase1" time="0.000"/>
  <system-out/>
  <testcase classname="seleniumpoperties.AlwaysRunExample" name="testcase1" time="0.000"/>
  <system-out/>
  <testcase classname="seleniumpoperties.AlwaysRunExample" name="testcase1" time="0.000"/>
  <system-out/>
  <testcase classname="seleniumpoperties.AlwaysRunExample" name="testcase1" time="0.000"/>
  <system-out/>
  <testcase classname="seleniumpoperties.AlwaysRunExample" name="testcase1" time="0.000"/>
  <system-out/>
  <testcase classname="seleniumpoperties.AlwaysRunExample" name="testcase1" time="0.000"/>
  <system-out/>
  <testcase classname="seleniumpoperties.AlwaysRunExample" name="testcase1" time="0.000"/>
  <system-out/>
  <testcase classname="seleniumpoperties.AlwaysRunExample" name="testcase1" time="0.000"/>
  <system-out/>
  <testcase classname="seleniumpoperties.AlwaysRunExample" name="testcase1" time="0.000"/>
  <system-out/>
  <testcase classname="seleniumpoperties.AlwaysRunExample" name="testcase1" time="0.001"/>
  <system-out/>
  <testcase classname="seleniumpoperties.AlwaysRunExample" name="testcase1" time="0.001"/>
  <system-out/>
  <testcase classname="seleniumpoperties.AlwaysRunExample" name="testcase1" time="0.000"/>
  <system-out/>
  <testcase classname="seleniumpoperties.AlwaysRunExample" name="testcase1" time="0.000"/>
  <system-out/>
  <testcase classname="seleniumpoperties.AlwaysRunExample" name="testcase1" time="0.000"/>
  <system-out/>
  <testcase classname="seleniumpoperties.AlwaysRunExample" name="testcase1" time="0.000"/>
  <system-out/>
  <testcase classname="seleniumpoperties.AlwaysRunExample" name="testcase1" time="0.000"/>
  <system-out/>
  <testcase classname="seleniumpoperties.AlwaysRunExample" name="testcase1" time="0.000"/>
  <system-out/>
  <testcase classname="seleniumpoperties.AlwaysRunExample" name="testcase1" time="0.000"/>
  <system-out/>
  <testcase classname="seleniumpoperties.AlwaysRunExample" name="testcase1" time="0.000"/>
  <system-out/>
  <testcase classname="seleniumpoperties.AlwaysRunExample" name="testcase1" time="0.000"/>
  <system-out/>
  <testcase classname="seleniumpoperties.AlwaysRunExample" name="testcase1" time="0.000"/>
  <system-out/>
  <testcase classname="seleniumpoperties.AlwaysRunExample" name="testcase1" time="0.000"/>
  <system-out/>
  <testcase classname="seleniumpoperties.AlwaysRunExample" name="testcase1" time="0.000"/>
  <system-out/>
  <testcase classname="seleniumpoperties.AlwaysRunExample" name="testcase1" time="0.000"/>
  <system-out/>
  <testcase classname="seleniumpoperties.AlwaysRunExample" name="testcase1" time="0.000"/>
  <system-out/>
  <testcase classname="seleniumpoperties.AlwaysRunExample" name="testcase1" time="0.000"/>
  <system-out/>
  <testcase classname="seleniumpoperties.AlwaysRunExample" name="testcase1" time="0.000"/>
  <system-out/>
  <testcase classname="seleniumpoperties.AlwaysRunExample" name="testcase1" time="0.000"/>
  <system-out/>
  <testcase classname="seleniumpoperties.AlwaysRunExample" name="testcase1" time="0.000"/>
  <system-out/>
  <testcase classname="seleniumpoperties.AlwaysRunExample" name="testcase1" time="0.000"/>
  <system-out/>
  <testcase classname="seleniumpoperties.AlwaysRunExample" name="testcase1" time="0.003"/>
  <system-out/>
  <testcase classname="seleniumpoperties.AlwaysRunExample" name="testcase1" time="0.001"/>
  <system-out/>
  <testcase classname="seleniumpoperties.AlwaysRunExample" name="testcase1" time="0.000"/>
  <system-out/>
  <testcase classname="seleniumpoperties.AlwaysRunExample" name="testcase1" time="0.000"/>
  <system-out/>
  <testcase classname="seleniumpoperties.AlwaysRunExample" name="testcase1" time="0.001"/>
  <system-out/>
  <testcase classname="seleniumpoperties.AlwaysRunExample" name="testcase1" time="0.000"/>
  <system-out/>
  <testcase classname="seleniumpoperties.AlwaysRunExample" name="testcase1" time="0.000"/>
  <system-out/>
  <testcase classname="seleniumpoperties.AlwaysRunExample" name="testcase1" time="0.000"/>
  <system-out/>
  <testcase classname="seleniumpoperties.AlwaysRunExample" name="testcase1" time="0.000"/>
  <system-out/>
  <testcase classname="seleniumpoperties.AlwaysRunExample" name="testcase1" time="0.000"/>
  <system-out/>
  <testcase classname="seleniumpoperties.AlwaysRunExample" name="testcase1" time="0.000"/>
  <system-out/>
  <testcase classname="seleniumpoperties.AlwaysRunExample" name="testcase1" time="0.000"/>
  <system-out/>
  <testcase classname="seleniumpoperties.AlwaysRunExample" name="testcase1" time="0.000"/>
  <system-out/>
  <testcase classname="seleniumpoperties.AlwaysRunExample" name="testcase1" time="0.001"/>
  <system-out/>
  <testcase classname="seleniumpoperties.AlwaysRunExample" name="testcase1" time="0.000"/>
  <system-out/>
  <testcase classname="seleniumpoperties.AlwaysRunExample" name="testcase1" time="0.000"/>
  <system-out/>
  <testcase classname="seleniumpoperties.AlwaysRunExample" name="testcase1" time="0.001"/>
  <system-out/>
  <testcase classname="seleniumpoperties.AlwaysRunExample" name="testcase1" time="0.000"/>
  <system-out/>
  <testcase classname="seleniumpoperties.AlwaysRunExample" name="testcase1" time="0.000"/>
  <system-out/>
  <testcase classname="seleniumpoperties.AlwaysRunExample" name="testcase1" time="0.000"/>
  <system-out/>
  <testcase classname="seleniumpoperties.AlwaysRunExample" name="testcase1" time="0.000"/>
  <system-out/>
  <testcase classname="seleniumpoperties.AlwaysRunExample" name="testcase1" time="0.001"/>
  <system-out/>
  <testcase classname="seleniumpoperties.AlwaysRunExample" name="testcase1" time="0.000"/>
  <system-out/>
  <testcase classname="seleniumpoperties.AlwaysRunExample" name="testcase1" time="0.000"/>
  <system-out/>
  <testcase classname="seleniumpoperties.AlwaysRunExample" name="testcase1" time="0.000"/>
  <system-out/>
  <testcase classname="seleniumpoperties.AlwaysRunExample" name="testcase1" time="0.000"/>
  <system-out/>
  <testcase classname="seleniumpoperties.AlwaysRunExample" name="testcase1" time="0.001"/>
  <system-out/>
  <testcase classname="seleniumpoperties.AlwaysRunExample" name="testcase1" time="0.000"/>
  <system-out/>
  <testcase classname="seleniumpoperties.AlwaysRunExample" name="testcase1" time="0.000"/>
  <system-out/>
  <testcase classname="seleniumpoperties.AlwaysRunExample" name="testcase1" time="0.000"/>
  <system-out/>
  <testcase classname="seleniumpoperties.AlwaysRunExample" name="testcase1" time="0.000"/>
  <system-out/>
  <testcase classname="seleniumpoperties.AlwaysRunExample" name="testcase1" time="0.000"/>
  <system-out/>
  <testcase classname="seleniumpoperties.AlwaysRunExample" name="testcase1" time="0.000"/>
  <system-out/>
  <testcase classname="seleniumpoperties.AlwaysRunExample" name="testcase1" time="0.000"/>
  <system-out/>
  <testcase classname="seleniumpoperties.AlwaysRunExample" name="testcase1" time="0.000"/>
  <system-out/>
  <testcase classname="seleniumpoperties.AlwaysRunExample" name="testcase1" time="0.000"/>
  <system-out/>
  <testcase classname="seleniumpoperties.AlwaysRunExample" name="testcase1" time="0.000"/>
  <system-out/>
  <testcase classname="seleniumpoperties.AlwaysRunExample" name="testcase1" time="0.000"/>
  <system-out/>
  <testcase classname="seleniumpoperties.AlwaysRunExample" name="testcase1" time="0.000"/>
  <system-out/>
  <testcase classname="seleniumpoperties.AlwaysRunExample" name="testcase1" time="0.000"/>
  <system-out/>
  <testcase classname="seleniumpoperties.AlwaysRunExample" name="testcase1" time="0.001"/>
  <system-out/>
  <testcase classname="seleniumpoperties.AlwaysRunExample" name="testcase1" time="0.000"/>
  <system-out/>
  <testcase classname="seleniumpoperties.AlwaysRunExample" name="testcase1" time="0.000"/>
  <system-out/>
  <testcase classname="seleniumpoperties.AlwaysRunExample" name="testcase1" time="0.000"/>
  <system-out/>
  <testcase classname="seleniumpoperties.AlwaysRunExample" name="testcase1" time="0.001"/>
  <system-out/>
  <testcase classname="seleniumpoperties.AlwaysRunExample" name="testcase1" time="0.000"/>
  <system-out/>
  <testcase classname="seleniumpoperties.AlwaysRunExample" name="testcase1" time="0.002"/>
  <system-out/>
  <testcase classname="seleniumpoperties.AlwaysRunExample" name="testcase1" time="0.000"/>
  <system-out/>
  <testcase classname="seleniumpoperties.AlwaysRunExample" name="testcase1" time="0.000"/>
  <system-out/>
  <testcase classname="seleniumpoperties.AlwaysRunExample" name="testcase1" time="0.000"/>
  <system-out/>
  <testcase classname="seleniumpoperties.AlwaysRunExample" name="testcase1" time="0.000"/>
  <system-out/>
  <testcase classname="seleniumpoperties.AlwaysRunExample" name="testcase1" time="0.000"/>
  <system-out/>
  <testcase classname="seleniumpoperties.AlwaysRunExample" name="testcase1" time="0.001"/>
  <system-out/>
  <testcase classname="seleniumpoperties.AlwaysRunExample" name="testcase1" time="0.000"/>
  <system-out/>
  <testcase classname="seleniumpoperties.AlwaysRunExample" name="testcase1" time="0.000"/>
  <system-out/>
  <testcase classname="seleniumpoperties.AlwaysRunExample" name="testcase1" time="0.000"/>
  <system-out/>
  <testcase classname="seleniumpoperties.AlwaysRunExample" name="testcase1" time="0.001"/>
  <system-out/>
  <testcase classname="seleniumpoperties.AlwaysRunExample" name="testcase1" time="0.001"/>
  <system-out/>
  <testcase classname="seleniumpoperties.AlwaysRunExample" name="testcase1" time="0.000"/>
  <system-out/>
  <testcase classname="seleniumpoperties.AlwaysRunExample" name="testcase1" time="0.001"/>
  <system-out/>
  <testcase classname="seleniumpoperties.AlwaysRunExample" name="testcase1" time="0.000"/>
  <system-out/>
  <testcase classname="seleniumpoperties.AlwaysRunExample" name="testcase1" time="0.000"/>
  <system-out/>
  <testcase classname="seleniumpoperties.AlwaysRunExample" name="testcase1" time="0.000"/>
  <system-out/>
  <testcase classname="seleniumpoperties.AlwaysRunExample" name="testcase1" time="0.000"/>
  <system-out/>
  <testcase classname="seleniumpoperties.AlwaysRunExample" name="testcase1" time="0.000"/>
  <system-out/>
  <testcase classname="seleniumpoperties.AlwaysRunExample" name="testcase1" time="0.000"/>
  <system-out/>
  <testcase classname="seleniumpoperties.AlwaysRunExample" name="testcase1" time="0.001"/>
  <system-out/>
  <testcase classname="seleniumpoperties.AlwaysRunExample" name="testcase1" time="0.001"/>
  <system-out/>
  <testcase classname="seleniumpoperties.AlwaysRunExample" name="testcase1" time="0.000"/>
  <system-out/>
  <testcase classname="seleniumpoperties.AlwaysRunExample" name="testcase1" time="0.000"/>
  <system-out/>
  <testcase classname="seleniumpoperties.AlwaysRunExample" name="testcase1" time="0.000"/>
  <system-out/>
  <testcase classname="seleniumpoperties.AlwaysRunExample" name="testcase1" time="0.000"/>
  <system-out/>
  <testcase classname="seleniumpoperties.AlwaysRunExample" name="testcase1" time="0.000"/>
  <system-out/>
  <testcase classname="seleniumpoperties.AlwaysRunExample" name="testcase1" time="0.000"/>
  <system-out/>
  <testcase classname="seleniumpoperties.AlwaysRunExample" name="testcase1" time="0.000"/>
  <system-out/>
  <testcase classname="seleniumpoperties.AlwaysRunExample" name="testcase1" time="0.001"/>
  <system-out/>
  <testcase classname="seleniumpoperties.AlwaysRunExample" name="testcase1" time="0.001"/>
  <system-out/>
  <testcase classname="seleniumpoperties.AlwaysRunExample" name="testcase1" time="0.000"/>
  <system-out/>
  <testcase classname="seleniumpoperties.AlwaysRunExample" name="testcase1" time="0.001"/>
  <system-out/>
  <testcase classname="seleniumpoperties.AlwaysRunExample" name="testcase1" time="0.000"/>
  <system-out/>
  <testcase classname="seleniumpoperties.AlwaysRunExample" name="testcase1" time="0.000"/>
  <system-out/>
  <testcase classname="seleniumpoperties.AlwaysRunExample" name="testcase1" time="0.000"/>
  <system-out/>
  <testcase classname="seleniumpoperties.AlwaysRunExample" name="testcase1" time="0.001"/>
  <system-out/>
  <testcase classname="seleniumpoperties.AlwaysRunExample" name="testcase1" time="0.000"/>
  <system-out/>
  <testcase classname="seleniumpoperties.AlwaysRunExample" name="testcase1" time="0.000"/>
  <system-out/>
  <testcase classname="seleniumpoperties.AlwaysRunExample" name="testcase1" time="0.000"/>
  <system-out/>
  <testcase classname="seleniumpoperties.AlwaysRunExample" name="testcase1" time="0.000"/>
  <system-out/>
  <testcase classname="seleniumpoperties.AlwaysRunExample" name="testcase1" time="0.000"/>
  <system-out/>
  <testcase classname="seleniumpoperties.AlwaysRunExample" name="testcase1" time="0.000"/>
  <system-out/>
  <testcase classname="seleniumpoperties.AlwaysRunExample" name="testcase1" time="0.000"/>
  <system-out/>
  <testcase classname="seleniumpoperties.AlwaysRunExample" name="testcase1" time="0.000"/>
  <system-out/>
  <testcase classname="seleniumpoperties.AlwaysRunExample" name="testcase1" time="0.000"/>
  <system-out/>
  <testcase classname="seleniumpoperties.AlwaysRunExample" name="testcase1" time="0.001"/>
  <system-out/>
  <testcase classname="seleniumpoperties.AlwaysRunExample" name="testcase1" time="0.000"/>
  <system-out/>
  <testcase classname="seleniumpoperties.AlwaysRunExample" name="testcase1" time="0.000"/>
  <system-out/>
  <testcase classname="seleniumpoperties.AlwaysRunExample" name="testcase1" time="0.000"/>
  <system-out/>
  <testcase classname="seleniumpoperties.AlwaysRunExample" name="testcase1" time="0.000"/>
  <system-out/>
  <testcase classname="seleniumpoperties.AlwaysRunExample" name="testcase1" time="0.000"/>
  <system-out/>
  <testcase classname="seleniumpoperties.AlwaysRunExample" name="testcase1" time="0.000"/>
  <system-out/>
  <testcase classname="seleniumpoperties.AlwaysRunExample" name="testcase1" time="0.000"/>
  <system-out/>
  <testcase classname="seleniumpoperties.AlwaysRunExample" name="testcase1" time="0.000"/>
  <system-out/>
  <testcase classname="seleniumpoperties.AlwaysRunExample" name="testcase1" time="0.001"/>
  <system-out/>
  <testcase classname="seleniumpoperties.AlwaysRunExample" name="testcase1" time="0.021"/>
  <system-out/>
  <testcase classname="seleniumpoperties.AlwaysRunExample" name="testcase1" time="0.000"/>
  <system-out/>
  <testcase classname="seleniumpoperties.AlwaysRunExample" name="testcase1" time="0.000"/>
  <system-out/>
  <testcase classname="seleniumpoperties.AlwaysRunExample" name="testcase1" time="0.000"/>
  <system-out/>
  <testcase classname="seleniumpoperties.AlwaysRunExample" name="testcase1" time="0.000"/>
  <system-out/>
  <testcase classname="seleniumpoperties.AlwaysRunExample" name="testcase1" time="0.001"/>
  <system-out/>
  <testcase classname="seleniumpoperties.AlwaysRunExample" name="testcase1" time="0.000"/>
  <system-out/>
  <testcase classname="seleniumpoperties.AlwaysRunExample" name="testcase1" time="0.000"/>
  <system-out/>
  <testcase classname="seleniumpoperties.AlwaysRunExample" name="testcase1" time="0.001"/>
  <system-out/>
  <testcase classname="seleniumpoperties.AlwaysRunExample" name="testcase1" time="0.000"/>
  <system-out/>
  <testcase classname="seleniumpoperties.AlwaysRunExample" name="testcase1" time="0.000"/>
  <system-out/>
  <testcase classname="seleniumpoperties.AlwaysRunExample" name="testcase1" time="0.000"/>
  <system-out/>
  <testcase classname="seleniumpoperties.AlwaysRunExample" name="testcase1" time="0.000"/>
  <system-out/>
  <testcase classname="seleniumpoperties.AlwaysRunExample" name="testcase1" time="0.000"/>
  <system-out/>
  <testcase classname="seleniumpoperties.AlwaysRunExample" name="testcase1" time="0.000"/>
  <system-out/>
  <testcase classname="seleniumpoperties.AlwaysRunExample" name="testcase1" time="0.000"/>
  <system-out/>
  <testcase classname="seleniumpoperties.AlwaysRunExample" name="testcase1" time="0.000"/>
  <system-out/>
  <testcase classname="seleniumpoperties.AlwaysRunExample" name="testcase1" time="0.000"/>
  <system-out/>
  <testcase classname="seleniumpoperties.AlwaysRunExample" name="testcase1" time="0.000"/>
  <system-out/>
  <testcase classname="seleniumpoperties.AlwaysRunExample" name="testcase1" time="0.000"/>
  <system-out/>
  <testcase classname="seleniumpoperties.AlwaysRunExample" name="testcase1" time="0.000"/>
  <system-out/>
  <testcase classname="seleniumpoperties.AlwaysRunExample" name="testcase1" time="0.000"/>
  <system-out/>
  <testcase classname="seleniumpoperties.AlwaysRunExample" name="testcase1" time="0.000"/>
  <system-out/>
  <testcase classname="seleniumpoperties.AlwaysRunExample" name="testcase1" time="0.000"/>
  <system-out/>
  <testcase classname="seleniumpoperties.AlwaysRunExample" name="testcase1" time="0.000"/>
  <system-out/>
  <testcase classname="seleniumpoperties.AlwaysRunExample" name="testcase1" time="0.000"/>
  <system-out/>
  <testcase classname="seleniumpoperties.AlwaysRunExample" name="testcase1" time="0.000"/>
  <system-out/>
  <testcase classname="seleniumpoperties.AlwaysRunExample" name="testcase1" time="0.001"/>
  <system-out/>
  <testcase classname="seleniumpoperties.AlwaysRunExample" name="testcase1" time="0.000"/>
  <system-out/>
  <testcase classname="seleniumpoperties.AlwaysRunExample" name="testcase1" time="0.000"/>
  <system-out/>
  <testcase classname="seleniumpoperties.AlwaysRunExample" name="testcase1" time="0.000"/>
  <system-out/>
  <testcase classname="seleniumpoperties.AlwaysRunExample" name="testcase1" time="0.000"/>
  <system-out/>
  <testcase classname="seleniumpoperties.AlwaysRunExample" name="testcase1" time="0.000"/>
  <system-out/>
  <testcase classname="seleniumpoperties.AlwaysRunExample" name="testcase1" time="0.000"/>
  <system-out/>
  <testcase classname="seleniumpoperties.AlwaysRunExample" name="testcase1" time="0.001"/>
  <system-out/>
  <testcase classname="seleniumpoperties.AlwaysRunExample" name="testcase1" time="0.000"/>
  <system-out/>
  <testcase classname="seleniumpoperties.AlwaysRunExample" name="testcase1" time="0.000"/>
  <system-out/>
  <testcase classname="seleniumpoperties.AlwaysRunExample" name="testcase1" time="0.002"/>
  <system-out/>
  <testcase classname="seleniumpoperties.AlwaysRunExample" name="testcase1" time="0.001"/>
  <system-out/>
  <testcase classname="seleniumpoperties.AlwaysRunExample" name="testcase1" time="0.000"/>
  <system-out/>
  <testcase classname="seleniumpoperties.AlwaysRunExample" name="testcase1" time="0.000"/>
  <system-out/>
  <testcase classname="seleniumpoperties.AlwaysRunExample" name="testcase1" time="0.001"/>
  <system-out/>
  <testcase classname="seleniumpoperties.AlwaysRunExample" name="testcase1" time="0.001"/>
  <system-out/>
  <testcase classname="seleniumpoperties.AlwaysRunExample" name="testcase1" time="0.000"/>
  <system-out/>
  <testcase classname="seleniumpoperties.AlwaysRunExample" name="testcase1" time="0.001"/>
  <system-out/>
  <testcase classname="seleniumpoperties.AlwaysRunExample" name="testcase1" time="0.000"/>
  <system-out/>
  <testcase classname="seleniumpoperties.AlwaysRunExample" name="testcase1" time="0.000"/>
  <system-out/>
  <testcase classname="seleniumpoperties.AlwaysRunExample" name="testcase1" time="0.000"/>
  <system-out/>
  <testcase classname="seleniumpoperties.AlwaysRunExample" name="testcase1" time="0.000"/>
  <system-out/>
  <testcase classname="seleniumpoperties.AlwaysRunExample" name="testcase1" time="0.000"/>
  <system-out/>
  <testcase classname="seleniumpoperties.AlwaysRunExample" name="testcase1" time="0.001"/>
  <system-out/>
  <testcase classname="seleniumpoperties.AlwaysRunExample" name="testcase1" time="0.000"/>
  <system-out/>
  <testcase classname="seleniumpoperties.AlwaysRunExample" name="testcase1" time="0.000"/>
  <system-out/>
  <testcase classname="seleniumpoperties.AlwaysRunExample" name="testcase1" time="0.000"/>
  <system-out/>
  <testcase classname="seleniumpoperties.AlwaysRunExample" name="testcase1" time="0.000"/>
  <system-out/>
  <testcase classname="seleniumpoperties.AlwaysRunExample" name="testcase1" time="0.001"/>
  <system-out/>
  <testcase classname="seleniumpoperties.AlwaysRunExample" name="testcase1" time="0.000"/>
  <system-out/>
  <testcase classname="seleniumpoperties.AlwaysRunExample" name="testcase1" time="0.000"/>
  <system-out/>
  <testcase classname="seleniumpoperties.AlwaysRunExample" name="testcase1" time="0.000"/>
  <system-out/>
  <testcase classname="seleniumpoperties.AlwaysRunExample" name="testcase1" time="0.000"/>
  <system-out/>
  <testcase classname="seleniumpoperties.AlwaysRunExample" name="testcase1" time="0.000"/>
  <system-out/>
  <testcase classname="seleniumpoperties.AlwaysRunExample" name="testcase1" time="0.000"/>
  <system-out/>
  <testcase classname="seleniumpoperties.AlwaysRunExample" name="testcase1" time="0.000"/>
  <system-out/>
  <testcase classname="seleniumpoperties.AlwaysRunExample" name="testcase1" time="0.000"/>
  <system-out/>
  <testcase classname="seleniumpoperties.AlwaysRunExample" name="testcase1" time="0.000"/>
  <system-out/>
  <testcase classname="seleniumpoperties.AlwaysRunExample" name="testcase1" time="0.000"/>
  <system-out/>
  <testcase classname="seleniumpoperties.AlwaysRunExample" name="testcase1" time="0.000"/>
  <system-out/>
  <testcase classname="seleniumpoperties.AlwaysRunExample" name="testcase1" time="0.000"/>
  <system-out/>
  <testcase classname="seleniumpoperties.AlwaysRunExample" name="testcase1" time="0.000"/>
  <system-out/>
  <testcase classname="seleniumpoperties.AlwaysRunExample" name="testcase1" time="0.000"/>
  <system-out/>
  <testcase classname="seleniumpoperties.AlwaysRunExample" name="testcase1" time="0.000"/>
  <system-out/>
  <testcase classname="seleniumpoperties.AlwaysRunExample" name="testcase1" time="0.004"/>
  <system-out/>
  <testcase classname="seleniumpoperties.AlwaysRunExample" name="testcase1" time="0.000"/>
  <system-out/>
  <testcase classname="seleniumpoperties.AlwaysRunExample" name="testcase1" time="0.000"/>
  <system-out/>
  <testcase classname="seleniumpoperties.AlwaysRunExample" name="testcase1" time="0.001"/>
  <system-out/>
  <testcase classname="seleniumpoperties.AlwaysRunExample" name="testcase1" time="0.000"/>
  <system-out/>
  <testcase classname="seleniumpoperties.AlwaysRunExample" name="testcase1" time="0.001"/>
  <system-out/>
  <testcase classname="seleniumpoperties.AlwaysRunExample" name="testcase1" time="0.000"/>
  <system-out/>
  <testcase classname="seleniumpoperties.AlwaysRunExample" name="testcase1" time="0.000"/>
  <system-out/>
  <testcase classname="seleniumpoperties.AlwaysRunExample" name="testcase1" time="0.000"/>
  <system-out/>
  <testcase classname="seleniumpoperties.AlwaysRunExample" name="testcase1" time="0.001"/>
  <system-out/>
  <testcase classname="seleniumpoperties.AlwaysRunExample" name="testcase1" time="0.000"/>
  <system-out/>
  <testcase classname="seleniumpoperties.AlwaysRunExample" name="testcase1" time="0.000"/>
  <system-out/>
  <testcase classname="seleniumpoperties.AlwaysRunExample" name="testcase1" time="0.000"/>
  <system-out/>
  <testcase classname="seleniumpoperties.AlwaysRunExample" name="testcase1" time="0.000"/>
  <system-out/>
  <testcase classname="seleniumpoperties.AlwaysRunExample" name="testcase1" time="0.000"/>
  <system-out/>
  <testcase classname="seleniumpoperties.AlwaysRunExample" name="testcase1" time="0.000"/>
  <system-out/>
  <testcase classname="seleniumpoperties.AlwaysRunExample" name="testcase1" time="0.000"/>
  <system-out/>
  <testcase classname="seleniumpoperties.AlwaysRunExample" name="testcase1" time="0.000"/>
  <system-out/>
  <testcase classname="seleniumpoperties.AlwaysRunExample" name="testcase1" time="0.000"/>
  <system-out/>
  <testcase classname="seleniumpoperties.AlwaysRunExample" name="testcase1" time="0.001"/>
  <system-out/>
  <testcase classname="seleniumpoperties.AlwaysRunExample" name="testcase1" time="0.000"/>
  <system-out/>
  <testcase classname="seleniumpoperties.AlwaysRunExample" name="testcase1" time="0.000"/>
  <system-out/>
  <testcase classname="seleniumpoperties.AlwaysRunExample" name="testcase1" time="0.000"/>
  <system-out/>
  <testcase classname="seleniumpoperties.AlwaysRunExample" name="testcase1" time="0.001"/>
  <system-out/>
  <testcase classname="seleniumpoperties.AlwaysRunExample" name="testcase1" time="0.000"/>
  <system-out/>
  <testcase classname="seleniumpoperties.AlwaysRunExample" name="testcase1" time="0.000"/>
  <system-out/>
  <testcase classname="seleniumpoperties.AlwaysRunExample" name="testcase1" time="0.000"/>
  <system-out/>
  <testcase classname="seleniumpoperties.AlwaysRunExample" name="testcase1" time="0.000"/>
  <system-out/>
  <testcase classname="seleniumpoperties.AlwaysRunExample" name="testcase1" time="0.000"/>
  <system-out/>
  <testcase classname="seleniumpoperties.AlwaysRunExample" name="testcase1" time="0.001"/>
  <system-out/>
  <testcase classname="seleniumpoperties.AlwaysRunExample" name="testcase1" time="0.000"/>
  <system-out/>
  <testcase classname="seleniumpoperties.AlwaysRunExample" name="testcase1" time="0.000"/>
  <system-out/>
  <testcase classname="seleniumpoperties.AlwaysRunExample" name="testcase1" time="0.001"/>
  <system-out/>
  <testcase classname="seleniumpoperties.AlwaysRunExample" name="testcase1" time="0.000"/>
  <system-out/>
  <testcase classname="seleniumpoperties.AlwaysRunExample" name="testcase1" time="0.000"/>
  <system-out/>
  <testcase classname="seleniumpoperties.AlwaysRunExample" name="testcase1" time="0.000"/>
  <system-out/>
  <testcase classname="seleniumpoperties.AlwaysRunExample" name="testcase1" time="0.000"/>
  <system-out/>
  <testcase classname="seleniumpoperties.AlwaysRunExample" name="testcase1" time="0.001"/>
  <system-out/>
  <testcase classname="seleniumpoperties.AlwaysRunExample" name="testcase1" time="0.000"/>
  <system-out/>
  <testcase classname="seleniumpoperties.AlwaysRunExample" name="testcase1" time="0.000"/>
  <system-out/>
  <testcase classname="seleniumpoperties.AlwaysRunExample" name="testcase1" time="0.000"/>
  <system-out/>
  <testcase classname="seleniumpoperties.AlwaysRunExample" name="testcase1" time="0.001"/>
  <system-out/>
  <testcase classname="seleniumpoperties.AlwaysRunExample" name="testcase1" time="0.001"/>
  <system-out/>
  <testcase classname="seleniumpoperties.AlwaysRunExample" name="testcase1" time="0.000"/>
  <system-out/>
  <testcase classname="seleniumpoperties.AlwaysRunExample" name="testcase1" time="0.000"/>
  <system-out/>
  <testcase classname="seleniumpoperties.AlwaysRunExample" name="testcase1" time="0.000"/>
  <system-out/>
  <testcase classname="seleniumpoperties.AlwaysRunExample" name="testcase1" time="0.000"/>
  <system-out/>
  <testcase classname="seleniumpoperties.AlwaysRunExample" name="testcase1" time="0.000"/>
  <system-out/>
  <testcase classname="seleniumpoperties.AlwaysRunExample" name="testcase1" time="0.000"/>
  <system-out/>
  <testcase classname="seleniumpoperties.AlwaysRunExample" name="testcase1" time="0.001"/>
  <system-out/>
  <testcase classname="seleniumpoperties.AlwaysRunExample" name="testcase1" time="0.001"/>
  <system-out/>
  <testcase classname="seleniumpoperties.AlwaysRunExample" name="testcase1" time="0.000"/>
  <system-out/>
  <testcase classname="seleniumpoperties.AlwaysRunExample" name="testcase1" time="0.000"/>
  <system-out/>
  <testcase classname="seleniumpoperties.AlwaysRunExample" name="testcase1" time="0.000"/>
  <system-out/>
  <testcase classname="seleniumpoperties.AlwaysRunExample" name="testcase1" time="0.000"/>
  <system-out/>
  <testcase classname="seleniumpoperties.AlwaysRunExample" name="testcase1" time="0.000"/>
  <system-out/>
  <testcase classname="seleniumpoperties.AlwaysRunExample" name="testcase1" time="0.000"/>
  <system-out/>
  <testcase classname="seleniumpoperties.AlwaysRunExample" name="testcase1" time="0.000"/>
  <system-out/>
  <testcase classname="seleniumpoperties.AlwaysRunExample" name="testcase1" time="0.000"/>
  <system-out/>
  <testcase classname="seleniumpoperties.AlwaysRunExample" name="testcase1" time="0.001"/>
  <system-out/>
  <testcase classname="seleniumpoperties.AlwaysRunExample" name="testcase1" time="0.001"/>
  <system-out/>
  <testcase classname="seleniumpoperties.AlwaysRunExample" name="testcase1" time="0.000"/>
  <system-out/>
  <testcase classname="seleniumpoperties.AlwaysRunExample" name="testcase1" time="0.000"/>
  <system-out/>
  <testcase classname="seleniumpoperties.AlwaysRunExample" name="testcase1" time="0.000"/>
  <system-out/>
  <testcase classname="seleniumpoperties.AlwaysRunExample" name="testcase1" time="0.000"/>
  <system-out/>
  <testcase classname="seleniumpoperties.AlwaysRunExample" name="testcase1" time="0.000"/>
  <system-out/>
  <testcase classname="seleniumpoperties.AlwaysRunExample" name="testcase1" time="0.000"/>
  <system-out/>
  <testcase classname="seleniumpoperties.AlwaysRunExample" name="testcase1" time="0.000"/>
  <system-out/>
  <testcase classname="seleniumpoperties.AlwaysRunExample" name="testcase1" time="0.000"/>
  <system-out/>
  <testcase classname="seleniumpoperties.AlwaysRunExample" name="testcase1" time="0.000"/>
  <system-out/>
  <testcase classname="seleniumpoperties.AlwaysRunExample" name="testcase1" time="0.000"/>
  <system-out/>
  <testcase classname="seleniumpoperties.AlwaysRunExample" name="testcase1" time="0.000"/>
  <system-out/>
  <testcase classname="seleniumpoperties.AlwaysRunExample" name="testcase1" time="0.000"/>
  <system-out/>
  <testcase classname="seleniumpoperties.AlwaysRunExample" name="testcase1" time="0.002"/>
  <system-out/>
  <testcase classname="seleniumpoperties.AlwaysRunExample" name="testcase1" time="0.000"/>
  <system-out/>
  <testcase classname="seleniumpoperties.AlwaysRunExample" name="testcase1" time="0.000"/>
  <system-out/>
  <testcase classname="seleniumpoperties.AlwaysRunExample" name="testcase1" time="0.000"/>
  <system-out/>
  <testcase classname="seleniumpoperties.AlwaysRunExample" name="testcase1" time="0.000"/>
  <system-out/>
  <testcase classname="seleniumpoperties.AlwaysRunExample" name="testcase1" time="0.000"/>
  <system-out/>
  <testcase classname="seleniumpoperties.AlwaysRunExample" name="testcase1" time="0.001"/>
  <system-out/>
  <testcase classname="seleniumpoperties.AlwaysRunExample" name="testcase1" time="0.000"/>
  <system-out/>
  <testcase classname="seleniumpoperties.AlwaysRunExample" name="testcase1" time="0.000"/>
  <system-out/>
  <testcase classname="seleniumpoperties.AlwaysRunExample" name="testcase1" time="0.000"/>
  <system-out/>
  <testcase classname="seleniumpoperties.AlwaysRunExample" name="testcase1" time="0.000"/>
  <system-out/>
  <testcase classname="seleniumpoperties.AlwaysRunExample" name="testcase1" time="0.000"/>
  <system-out/>
  <testcase classname="seleniumpoperties.AlwaysRunExample" name="testcase1" time="0.000"/>
  <system-out/>
  <testcase classname="seleniumpoperties.AlwaysRunExample" name="testcase1" time="0.000"/>
  <system-out/>
  <testcase classname="seleniumpoperties.AlwaysRunExample" name="testcase1" time="0.001"/>
  <system-out/>
  <testcase classname="seleniumpoperties.AlwaysRunExample" name="testcase1" time="0.000"/>
  <system-out/>
  <testcase classname="seleniumpoperties.AlwaysRunExample" name="testcase1" time="0.000"/>
  <system-out/>
  <testcase classname="seleniumpoperties.AlwaysRunExample" name="testcase1" time="0.000"/>
  <system-out/>
  <testcase classname="seleniumpoperties.AlwaysRunExample" name="testcase1" time="0.000"/>
  <system-out/>
  <testcase classname="seleniumpoperties.AlwaysRunExample" name="testcase1" time="0.001"/>
  <system-out/>
  <testcase classname="seleniumpoperties.AlwaysRunExample" name="testcase1" time="0.000"/>
  <system-out/>
  <testcase classname="seleniumpoperties.AlwaysRunExample" name="testcase1" time="0.000"/>
  <system-out/>
  <testcase classname="seleniumpoperties.AlwaysRunExample" name="testcase1" time="0.000"/>
  <system-out/>
  <testcase classname="seleniumpoperties.AlwaysRunExample" name="testcase1" time="0.001"/>
  <system-out/>
  <testcase classname="seleniumpoperties.AlwaysRunExample" name="testcase1" time="0.001"/>
  <system-out/>
  <testcase classname="seleniumpoperties.AlwaysRunExample" name="testcase1" time="0.001"/>
  <system-out/>
  <testcase classname="seleniumpoperties.AlwaysRunExample" name="testcase1" time="0.000"/>
  <system-out/>
  <testcase classname="seleniumpoperties.AlwaysRunExample" name="testcase1" time="0.000"/>
  <system-out/>
  <testcase classname="seleniumpoperties.AlwaysRunExample" name="testcase1" time="0.000"/>
  <system-out/>
  <testcase classname="seleniumpoperties.AlwaysRunExample" name="testcase1" time="0.001"/>
  <system-out/>
  <testcase classname="seleniumpoperties.AlwaysRunExample" name="testcase1" time="0.000"/>
  <system-out/>
  <testcase classname="seleniumpoperties.AlwaysRunExample" name="testcase1" time="0.000"/>
  <system-out/>
  <testcase classname="seleniumpoperties.AlwaysRunExample" name="testcase1" time="0.000"/>
  <system-out/>
  <testcase classname="seleniumpoperties.AlwaysRunExample" name="testcase1" time="0.000"/>
  <system-out/>
  <testcase classname="seleniumpoperties.AlwaysRunExample" name="testcase1" time="0.000"/>
  <system-out/>
  <testcase classname="seleniumpoperties.AlwaysRunExample" name="testcase1" time="0.000"/>
  <system-out/>
  <testcase classname="seleniumpoperties.AlwaysRunExample" name="testcase1" time="0.001"/>
  <system-out/>
  <testcase classname="seleniumpoperties.AlwaysRunExample" name="testcase1" time="0.000"/>
  <system-out/>
  <testcase classname="seleniumpoperties.AlwaysRunExample" name="testcase1" time="0.000"/>
  <system-out/>
  <testcase classname="seleniumpoperties.AlwaysRunExample" name="testcase1" time="0.000"/>
  <system-out/>
  <testcase classname="seleniumpoperties.AlwaysRunExample" name="testcase1" time="0.000"/>
  <system-out/>
  <testcase classname="seleniumpoperties.AlwaysRunExample" name="testcase1" time="0.001"/>
  <system-out/>
  <testcase classname="seleniumpoperties.AlwaysRunExample" name="testcase1" time="0.000"/>
  <system-out/>
  <testcase classname="seleniumpoperties.AlwaysRunExample" name="testcase1" time="0.000"/>
  <system-out/>
  <testcase classname="seleniumpoperties.AlwaysRunExample" name="testcase1" time="0.000"/>
  <system-out/>
  <testcase classname="seleniumpoperties.AlwaysRunExample" name="testcase1" time="0.000"/>
  <system-out/>
  <testcase classname="seleniumpoperties.AlwaysRunExample" name="testcase1" time="0.000"/>
  <system-out/>
  <testcase classname="seleniumpoperties.AlwaysRunExample" name="testcase1" time="0.001"/>
  <system-out/>
  <testcase classname="seleniumpoperties.AlwaysRunExample" name="testcase1" time="0.001"/>
  <system-out/>
  <testcase classname="seleniumpoperties.AlwaysRunExample" name="testcase1" time="0.000"/>
  <system-out/>
  <testcase classname="seleniumpoperties.AlwaysRunExample" name="testcase1" time="0.000"/>
  <system-out/>
  <testcase classname="seleniumpoperties.AlwaysRunExample" name="testcase1" time="0.000"/>
  <system-out/>
  <testcase classname="seleniumpoperties.AlwaysRunExample" name="testcase1" time="0.000"/>
  <system-out/>
  <testcase classname="seleniumpoperties.AlwaysRunExample" name="testcase1" time="0.000"/>
  <system-out/>
  <testcase classname="seleniumpoperties.AlwaysRunExample" name="testcase1" time="0.000"/>
  <system-out/>
  <testcase classname="seleniumpoperties.AlwaysRunExample" name="testcase1" time="0.000"/>
  <system-out/>
  <testcase classname="seleniumpoperties.AlwaysRunExample" name="testcase1" time="0.000"/>
  <system-out/>
  <testcase classname="seleniumpoperties.AlwaysRunExample" name="testcase1" time="0.000"/>
  <system-out/>
  <testcase classname="seleniumpoperties.AlwaysRunExample" name="testcase1" time="0.000"/>
  <system-out/>
  <testcase classname="seleniumpoperties.AlwaysRunExample" name="testcase1" time="0.000"/>
  <system-out/>
  <testcase classname="seleniumpoperties.AlwaysRunExample" name="testcase1" time="0.000"/>
  <system-out/>
  <testcase classname="seleniumpoperties.AlwaysRunExample" name="testcase1" time="0.000"/>
  <system-out/>
  <testcase classname="seleniumpoperties.AlwaysRunExample" name="testcase1" time="0.000"/>
  <system-out/>
  <testcase classname="seleniumpoperties.AlwaysRunExample" name="testcase1" time="0.000"/>
  <system-out/>
  <testcase classname="seleniumpoperties.AlwaysRunExample" name="testcase1" time="0.000"/>
  <system-out/>
  <testcase classname="seleniumpoperties.AlwaysRunExample" name="testcase1" time="0.001"/>
  <system-out/>
  <testcase classname="seleniumpoperties.AlwaysRunExample" name="testcase1" time="0.000"/>
  <system-out/>
  <testcase classname="seleniumpoperties.AlwaysRunExample" name="testcase1" time="0.000"/>
  <system-out/>
  <testcase classname="seleniumpoperties.AlwaysRunExample" name="testcase1" time="0.000"/>
  <system-out/>
  <testcase classname="seleniumpoperties.AlwaysRunExample" name="testcase1" time="0.000"/>
  <system-out/>
  <testcase classname="seleniumpoperties.AlwaysRunExample" name="testcase1" time="0.000"/>
  <system-out/>
  <testcase classname="seleniumpoperties.AlwaysRunExample" name="testcase1" time="0.000"/>
  <system-out/>
  <testcase classname="seleniumpoperties.AlwaysRunExample" name="testcase1" time="0.000"/>
  <system-out/>
  <testcase classname="seleniumpoperties.AlwaysRunExample" name="testcase1" time="0.000"/>
  <system-out/>
  <testcase classname="seleniumpoperties.AlwaysRunExample" name="testcase1" time="0.001"/>
  <system-out/>
  <testcase classname="seleniumpoperties.AlwaysRunExample" name="testcase1" time="0.000"/>
  <system-out/>
  <testcase classname="seleniumpoperties.AlwaysRunExample" name="testcase1" time="0.000"/>
  <system-out/>
  <testcase classname="seleniumpoperties.AlwaysRunExample" name="testcase1" time="0.000"/>
  <system-out/>
  <testcase classname="seleniumpoperties.AlwaysRunExample" name="testcase1" time="0.000"/>
  <system-out/>
  <testcase classname="seleniumpoperties.AlwaysRunExample" name="testcase1" time="0.000"/>
  <system-out/>
  <testcase classname="seleniumpoperties.AlwaysRunExample" name="testcase1" time="0.000"/>
  <system-out/>
  <testcase classname="seleniumpoperties.AlwaysRunExample" name="testcase1" time="0.001"/>
  <system-out/>
  <testcase classname="seleniumpoperties.AlwaysRunExample" name="testcase1" time="0.000"/>
  <system-out/>
  <testcase classname="seleniumpoperties.AlwaysRunExample" name="testcase1" time="0.000"/>
  <system-out/>
  <testcase classname="seleniumpoperties.AlwaysRunExample" name="testcase1" time="0.001"/>
  <system-out/>
  <testcase classname="seleniumpoperties.AlwaysRunExample" name="testcase1" time="0.001"/>
  <system-out/>
  <testcase classname="seleniumpoperties.AlwaysRunExample" name="testcase1" time="0.000"/>
  <system-out/>
  <testcase classname="seleniumpoperties.AlwaysRunExample" name="testcase1" time="0.000"/>
  <system-out/>
  <testcase classname="seleniumpoperties.AlwaysRunExample" name="testcase1" time="0.000"/>
  <system-out/>
  <testcase classname="seleniumpoperties.AlwaysRunExample" name="testcase1" time="0.000"/>
  <system-out/>
  <testcase classname="seleniumpoperties.AlwaysRunExample" name="testcase1" time="0.000"/>
  <system-out/>
  <testcase classname="seleniumpoperties.AlwaysRunExample" name="testcase1" time="0.000"/>
  <system-out/>
  <testcase classname="seleniumpoperties.AlwaysRunExample" name="testcase1" time="0.000"/>
  <system-out/>
  <testcase classname="seleniumpoperties.AlwaysRunExample" name="testcase1" time="0.001"/>
  <system-out/>
  <testcase classname="seleniumpoperties.AlwaysRunExample" name="testcase1" time="0.000"/>
  <system-out/>
  <testcase classname="seleniumpoperties.AlwaysRunExample" name="testcase1" time="0.001"/>
  <system-out/>
  <testcase classname="seleniumpoperties.AlwaysRunExample" name="testcase1" time="0.001"/>
  <system-out/>
  <testcase classname="seleniumpoperties.AlwaysRunExample" name="testcase1" time="0.000"/>
  <system-out/>
  <testcase classname="seleniumpoperties.AlwaysRunExample" name="testcase1" time="0.001"/>
  <system-out/>
  <testcase classname="seleniumpoperties.AlwaysRunExample" name="testcase1" time="0.000"/>
  <system-out/>
  <testcase classname="seleniumpoperties.AlwaysRunExample" name="testcase1" time="0.000"/>
  <system-out/>
  <testcase classname="seleniumpoperties.AlwaysRunExample" name="testcase1" time="0.000"/>
  <system-out/>
  <testcase classname="seleniumpoperties.AlwaysRunExample" name="testcase1" time="0.000"/>
  <system-out/>
  <testcase classname="seleniumpoperties.AlwaysRunExample" name="testcase1" time="0.000"/>
  <system-out/>
  <testcase classname="seleniumpoperties.AlwaysRunExample" name="testcase1" time="0.000"/>
  <system-out/>
  <testcase classname="seleniumpoperties.AlwaysRunExample" name="testcase1" time="0.000"/>
  <system-out/>
  <testcase classname="seleniumpoperties.AlwaysRunExample" name="testcase1" time="0.000"/>
  <system-out/>
  <testcase classname="seleniumpoperties.AlwaysRunExample" name="testcase1" time="0.000"/>
  <system-out/>
  <testcase classname="seleniumpoperties.AlwaysRunExample" name="testcase1" time="0.000"/>
  <system-out/>
  <testcase classname="seleniumpoperties.AlwaysRunExample" name="testcase1" time="0.001"/>
  <system-out/>
  <testcase classname="seleniumpoperties.AlwaysRunExample" name="testcase1" time="0.000"/>
  <system-out/>
  <testcase classname="seleniumpoperties.AlwaysRunExample" name="testcase1" time="0.000"/>
  <system-out/>
  <testcase classname="seleniumpoperties.AlwaysRunExample" name="testcase1" time="0.000"/>
  <system-out/>
  <testcase classname="seleniumpoperties.AlwaysRunExample" name="testcase1" time="0.001"/>
  <system-out/>
  <testcase classname="seleniumpoperties.AlwaysRunExample" name="testcase1" time="0.000"/>
  <system-out/>
  <testcase classname="seleniumpoperties.AlwaysRunExample" name="testcase1" time="0.001"/>
  <system-out/>
  <testcase classname="seleniumpoperties.AlwaysRunExample" name="testcase1" time="0.001"/>
  <system-out/>
  <testcase classname="seleniumpoperties.AlwaysRunExample" name="testcase1" time="0.000"/>
  <system-out/>
  <testcase classname="seleniumpoperties.AlwaysRunExample" name="testcase1" time="0.000"/>
  <system-out/>
  <testcase classname="seleniumpoperties.AlwaysRunExample" name="testcase1" time="0.000"/>
  <system-out/>
  <testcase classname="seleniumpoperties.AlwaysRunExample" name="testcase1" time="0.000"/>
  <system-out/>
  <testcase classname="seleniumpoperties.AlwaysRunExample" name="testcase1" time="0.000"/>
  <system-out/>
  <testcase classname="seleniumpoperties.AlwaysRunExample" name="testcase1" time="0.000"/>
  <system-out/>
  <testcase classname="seleniumpoperties.AlwaysRunExample" name="testcase1" time="0.000"/>
  <system-out/>
  <testcase classname="seleniumpoperties.AlwaysRunExample" name="testcase1" time="0.000"/>
  <system-out/>
  <testcase classname="seleniumpoperties.AlwaysRunExample" name="testcase1" time="0.001"/>
  <system-out/>
  <testcase classname="seleniumpoperties.AlwaysRunExample" name="testcase1" time="0.002"/>
  <system-out/>
  <testcase classname="seleniumpoperties.AlwaysRunExample" name="testcase1" time="0.000"/>
  <system-out/>
  <testcase classname="seleniumpoperties.AlwaysRunExample" name="testcase1" time="0.000"/>
  <system-out/>
  <testcase classname="seleniumpoperties.AlwaysRunExample" name="testcase1" time="0.000"/>
  <system-out/>
  <testcase classname="seleniumpoperties.AlwaysRunExample" name="testcase1" time="0.000"/>
  <system-out/>
  <testcase classname="seleniumpoperties.AlwaysRunExample" name="testcase1" time="0.000"/>
  <system-out/>
  <testcase classname="seleniumpoperties.AlwaysRunExample" name="testcase1" time="0.000"/>
  <system-out/>
  <testcase classname="seleniumpoperties.AlwaysRunExample" name="testcase1" time="0.000"/>
  <system-out/>
  <testcase classname="seleniumpoperties.AlwaysRunExample" name="testcase1" time="0.000"/>
  <system-out/>
  <testcase classname="seleniumpoperties.AlwaysRunExample" name="testcase1" time="0.000"/>
  <system-out/>
  <testcase classname="seleniumpoperties.AlwaysRunExample" name="testcase1" time="0.000"/>
  <system-out/>
  <testcase classname="seleniumpoperties.AlwaysRunExample" name="testcase1" time="0.000"/>
  <system-out/>
  <testcase classname="seleniumpoperties.AlwaysRunExample" name="testcase1" time="0.000"/>
  <system-out/>
  <testcase classname="seleniumpoperties.AlwaysRunExample" name="testcase1" time="0.001"/>
  <system-out/>
  <testcase classname="seleniumpoperties.AlwaysRunExample" name="testcase1" time="0.000"/>
  <system-out/>
  <testcase classname="seleniumpoperties.AlwaysRunExample" name="testcase1" time="0.000"/>
  <system-out/>
  <testcase classname="seleniumpoperties.AlwaysRunExample" name="testcase1" time="0.000"/>
  <system-out/>
  <testcase classname="seleniumpoperties.AlwaysRunExample" name="testcase1" time="0.000"/>
  <system-out/>
  <testcase classname="seleniumpoperties.AlwaysRunExample" name="testcase1" time="0.000"/>
  <system-out/>
  <testcase classname="seleniumpoperties.AlwaysRunExample" name="testcase1" time="0.000"/>
  <system-out/>
  <testcase classname="seleniumpoperties.AlwaysRunExample" name="testcase1" time="0.001"/>
  <system-out/>
  <testcase classname="seleniumpoperties.AlwaysRunExample" name="testcase1" time="0.000"/>
  <system-out/>
  <testcase classname="seleniumpoperties.AlwaysRunExample" name="testcase1" time="0.001"/>
  <system-out/>
  <testcase classname="seleniumpoperties.AlwaysRunExample" name="testcase1" time="0.000"/>
  <system-out/>
  <testcase classname="seleniumpoperties.AlwaysRunExample" name="testcase1" time="0.001"/>
  <system-out/>
  <testcase classname="seleniumpoperties.AlwaysRunExample" name="testcase1" time="0.000"/>
  <system-out/>
  <testcase classname="seleniumpoperties.AlwaysRunExample" name="testcase1" time="0.000"/>
  <system-out/>
  <testcase classname="seleniumpoperties.AlwaysRunExample" name="testcase1" time="0.000"/>
  <system-out/>
  <testcase classname="seleniumpoperties.AlwaysRunExample" name="testcase1" time="0.001"/>
  <system-out/>
  <testcase classname="seleniumpoperties.AlwaysRunExample" name="testcase1" time="0.000"/>
  <system-out/>
  <testcase classname="seleniumpoperties.AlwaysRunExample" name="testcase1" time="0.001"/>
  <system-out/>
  <testcase classname="seleniumpoperties.AlwaysRunExample" name="testcase1" time="0.000"/>
  <system-out/>
  <testcase classname="seleniumpoperties.AlwaysRunExample" name="testcase1" time="0.000"/>
  <system-out/>
  <testcase classname="seleniumpoperties.AlwaysRunExample" name="testcase1" time="0.000"/>
  <system-out/>
  <testcase classname="seleniumpoperties.AlwaysRunExample" name="testcase1" time="0.000"/>
  <system-out/>
  <testcase classname="seleniumpoperties.AlwaysRunExample" name="testcase1" time="0.000"/>
  <system-out/>
  <testcase classname="seleniumpoperties.AlwaysRunExample" name="testcase1" time="0.000"/>
  <system-out/>
  <testcase classname="seleniumpoperties.AlwaysRunExample" name="testcase1" time="0.000"/>
  <system-out/>
  <testcase classname="seleniumpoperties.AlwaysRunExample" name="testcase1" time="0.000"/>
  <system-out/>
  <testcase classname="seleniumpoperties.AlwaysRunExample" name="testcase1" time="0.000"/>
  <system-out/>
  <testcase classname="seleniumpoperties.AlwaysRunExample" name="testcase1" time="0.000"/>
  <system-out/>
  <testcase classname="seleniumpoperties.AlwaysRunExample" name="testcase1" time="0.000"/>
  <system-out/>
  <testcase classname="seleniumpoperties.AlwaysRunExample" name="testcase1" time="0.000"/>
  <system-out/>
  <testcase classname="seleniumpoperties.AlwaysRunExample" name="testcase1" time="0.000"/>
  <system-out/>
  <testcase classname="seleniumpoperties.AlwaysRunExample" name="testcase1" time="0.000"/>
  <system-out/>
  <testcase classname="seleniumpoperties.AlwaysRunExample" name="testcase1" time="0.001"/>
  <system-out/>
  <testcase classname="seleniumpoperties.AlwaysRunExample" name="testcase1" time="0.001"/>
  <system-out/>
  <testcase classname="seleniumpoperties.AlwaysRunExample" name="testcase1" time="0.001"/>
  <system-out/>
  <testcase classname="seleniumpoperties.AlwaysRunExample" name="testcase1" time="0.001"/>
  <system-out/>
  <testcase classname="seleniumpoperties.AlwaysRunExample" name="testcase1" time="0.000"/>
  <system-out/>
  <testcase classname="seleniumpoperties.AlwaysRunExample" name="testcase1" time="0.000"/>
  <system-out/>
  <testcase classname="seleniumpoperties.AlwaysRunExample" name="testcase1" time="0.000"/>
  <system-out/>
  <testcase classname="seleniumpoperties.AlwaysRunExample" name="testcase1" time="0.001"/>
  <system-out/>
  <testcase classname="seleniumpoperties.AlwaysRunExample" name="testcase1" time="0.000"/>
  <system-out/>
  <testcase classname="seleniumpoperties.AlwaysRunExample" name="testcase1" time="0.001"/>
  <system-out/>
  <testcase classname="seleniumpoperties.AlwaysRunExample" name="testcase1" time="0.000"/>
  <system-out/>
  <testcase classname="seleniumpoperties.AlwaysRunExample" name="testcase1" time="0.000"/>
  <system-out/>
  <testcase classname="seleniumpoperties.AlwaysRunExample" name="testcase1" time="0.000"/>
  <system-out/>
  <testcase classname="seleniumpoperties.AlwaysRunExample" name="testcase1" time="0.000"/>
  <system-out/>
  <testcase classname="seleniumpoperties.AlwaysRunExample" name="testcase1" time="0.000"/>
  <system-out/>
  <testcase classname="seleniumpoperties.AlwaysRunExample" name="testcase1" time="0.000"/>
  <system-out/>
  <testcase classname="seleniumpoperties.AlwaysRunExample" name="testcase1" time="0.000"/>
  <system-out/>
  <testcase classname="seleniumpoperties.AlwaysRunExample" name="testcase1" time="0.000"/>
  <system-out/>
  <testcase classname="seleniumpoperties.AlwaysRunExample" name="testcase1" time="0.000"/>
  <system-out/>
  <testcase classname="seleniumpoperties.AlwaysRunExample" name="testcase1" time="0.000"/>
  <system-out/>
  <testcase classname="seleniumpoperties.AlwaysRunExample" name="testcase1" time="0.000"/>
  <system-out/>
  <testcase classname="seleniumpoperties.AlwaysRunExample" name="testcase1" time="0.000"/>
  <system-out/>
  <testcase classname="seleniumpoperties.AlwaysRunExample" name="testcase1" time="0.000"/>
  <system-out/>
  <testcase classname="seleniumpoperties.AlwaysRunExample" name="testcase1" time="0.000"/>
  <system-out/>
  <testcase classname="seleniumpoperties.AlwaysRunExample" name="testcase1" time="0.000"/>
  <system-out/>
  <testcase classname="seleniumpoperties.AlwaysRunExample" name="testcase1" time="0.001"/>
  <system-out/>
  <testcase classname="seleniumpoperties.AlwaysRunExample" name="testcase1" time="0.001"/>
  <system-out/>
  <testcase classname="seleniumpoperties.AlwaysRunExample" name="testcase1" time="0.000"/>
  <system-out/>
  <testcase classname="seleniumpoperties.AlwaysRunExample" name="testcase1" time="0.001"/>
  <system-out/>
  <testcase classname="seleniumpoperties.AlwaysRunExample" name="testcase1" time="0.000"/>
  <system-out/>
  <testcase classname="seleniumpoperties.AlwaysRunExample" name="testcase1" time="0.000"/>
  <system-out/>
  <testcase classname="seleniumpoperties.AlwaysRunExample" name="testcase1" time="0.000"/>
  <system-out/>
  <testcase classname="seleniumpoperties.AlwaysRunExample" name="testcase1" time="0.000"/>
  <system-out/>
  <testcase classname="seleniumpoperties.AlwaysRunExample" name="testcase1" time="0.000"/>
  <system-out/>
  <testcase classname="seleniumpoperties.AlwaysRunExample" name="testcase1" time="0.000"/>
  <system-out/>
  <testcase classname="seleniumpoperties.AlwaysRunExample" name="testcase1" time="0.000"/>
  <system-out/>
  <testcase classname="seleniumpoperties.AlwaysRunExample" name="testcase1" time="0.000"/>
  <system-out/>
  <testcase classname="seleniumpoperties.AlwaysRunExample" name="testcase1" time="0.000"/>
  <system-out/>
  <testcase classname="seleniumpoperties.AlwaysRunExample" name="testcase1" time="0.000"/>
  <system-out/>
  <testcase classname="seleniumpoperties.AlwaysRunExample" name="testcase1" time="0.001"/>
  <system-out/>
  <testcase classname="seleniumpoperties.AlwaysRunExample" name="testcase1" time="0.000"/>
  <system-out/>
  <testcase classname="seleniumpoperties.AlwaysRunExample" name="testcase1" time="0.000"/>
  <system-out/>
  <testcase classname="seleniumpoperties.AlwaysRunExample" name="testcase1" time="0.000"/>
  <system-out/>
  <testcase classname="seleniumpoperties.AlwaysRunExample" name="testcase1" time="0.000"/>
  <system-out/>
  <testcase classname="seleniumpoperties.AlwaysRunExample" name="testcase1" time="0.000"/>
  <system-out/>
  <testcase classname="seleniumpoperties.AlwaysRunExample" name="testcase1" time="0.000"/>
  <system-out/>
  <testcase classname="seleniumpoperties.AlwaysRunExample" name="testcase1" time="0.001"/>
  <system-out/>
  <testcase classname="seleniumpoperties.AlwaysRunExample" name="testcase1" time="0.000"/>
  <system-out/>
  <testcase classname="seleniumpoperties.AlwaysRunExample" name="testcase1" time="0.000"/>
  <system-out/>
  <testcase classname="seleniumpoperties.AlwaysRunExample" name="testcase1" time="0.000"/>
  <system-out/>
  <testcase classname="seleniumpoperties.AlwaysRunExample" name="testcase1" time="0.000"/>
  <system-out/>
  <testcase classname="seleniumpoperties.AlwaysRunExample" name="testcase1" time="0.000"/>
  <system-out/>
  <testcase classname="seleniumpoperties.AlwaysRunExample" name="testcase1" time="0.000"/>
  <system-out/>
  <testcase classname="seleniumpoperties.AlwaysRunExample" name="testcase1" time="0.000"/>
  <system-out/>
  <testcase classname="seleniumpoperties.AlwaysRunExample" name="testcase1" time="0.000"/>
  <system-out/>
  <testcase classname="seleniumpoperties.AlwaysRunExample" name="testcase1" time="0.000"/>
  <system-out/>
  <testcase classname="seleniumpoperties.AlwaysRunExample" name="testcase1" time="0.000"/>
  <system-out/>
  <testcase classname="seleniumpoperties.AlwaysRunExample" name="testcase1" time="0.000"/>
  <system-out/>
  <testcase classname="seleniumpoperties.AlwaysRunExample" name="testcase1" time="0.000"/>
  <system-out/>
  <testcase classname="seleniumpoperties.AlwaysRunExample" name="testcase1" time="0.000"/>
  <system-out/>
  <testcase classname="seleniumpoperties.AlwaysRunExample" name="testcase1" time="0.000"/>
  <system-out/>
  <testcase classname="seleniumpoperties.AlwaysRunExample" name="testcase1" time="0.000"/>
  <system-out/>
  <testcase classname="seleniumpoperties.AlwaysRunExample" name="testcase1" time="0.001"/>
  <system-out/>
  <testcase classname="seleniumpoperties.AlwaysRunExample" name="testcase1" time="0.001"/>
  <system-out/>
  <testcase classname="seleniumpoperties.AlwaysRunExample" name="testcase1" time="0.000"/>
  <system-out/>
  <testcase classname="seleniumpoperties.AlwaysRunExample" name="testcase1" time="0.000"/>
  <system-out/>
  <testcase classname="seleniumpoperties.AlwaysRunExample" name="testcase1" time="0.000"/>
  <system-out/>
  <testcase classname="seleniumpoperties.AlwaysRunExample" name="testcase1" time="0.000"/>
  <system-out/>
  <testcase classname="seleniumpoperties.AlwaysRunExample" name="testcase1" time="0.001"/>
  <system-out/>
  <testcase classname="seleniumpoperties.AlwaysRunExample" name="testcase1" time="0.001"/>
  <system-out/>
  <testcase classname="seleniumpoperties.AlwaysRunExample" name="testcase1" time="0.001"/>
  <system-out/>
  <testcase classname="seleniumpoperties.AlwaysRunExample" name="testcase1" time="0.000"/>
  <system-out/>
  <testcase classname="seleniumpoperties.AlwaysRunExample" name="testcase1" time="0.000"/>
  <system-out/>
  <testcase classname="seleniumpoperties.AlwaysRunExample" name="testcase1" time="0.001"/>
  <system-out/>
  <testcase classname="seleniumpoperties.AlwaysRunExample" name="testcase1" time="0.000"/>
  <system-out/>
  <testcase classname="seleniumpoperties.AlwaysRunExample" name="testcase1" time="0.000"/>
  <system-out/>
  <testcase classname="seleniumpoperties.AlwaysRunExample" name="testcase1" time="0.000"/>
  <system-out/>
  <testcase classname="seleniumpoperties.AlwaysRunExample" name="testcase1" time="0.000"/>
  <system-out/>
  <testcase classname="seleniumpoperties.AlwaysRunExample" name="testcase1" time="0.000"/>
  <system-out/>
  <testcase classname="seleniumpoperties.AlwaysRunExample" name="testcase1" time="0.000"/>
  <system-out/>
  <testcase classname="seleniumpoperties.AlwaysRunExample" name="testcase1" time="0.000"/>
  <system-out/>
  <testcase classname="seleniumpoperties.AlwaysRunExample" name="testcase1" time="0.000"/>
  <system-out/>
  <testcase classname="seleniumpoperties.AlwaysRunExample" name="testcase1" time="0.001"/>
  <system-out/>
  <testcase classname="seleniumpoperties.AlwaysRunExample" name="testcase1" time="0.001"/>
  <system-out/>
  <testcase classname="seleniumpoperties.AlwaysRunExample" name="testcase1" time="0.000"/>
  <system-out/>
  <testcase classname="seleniumpoperties.AlwaysRunExample" name="testcase1" time="0.000"/>
  <system-out/>
  <testcase classname="seleniumpoperties.AlwaysRunExample" name="testcase1" time="0.000"/>
  <system-out/>
  <testcase classname="seleniumpoperties.AlwaysRunExample" name="testcase1" time="0.000"/>
  <system-out/>
  <testcase classname="seleniumpoperties.AlwaysRunExample" name="testcase1" time="0.000"/>
  <system-out/>
  <testcase classname="seleniumpoperties.AlwaysRunExample" name="testcase1" time="0.000"/>
  <system-out/>
  <testcase classname="seleniumpoperties.AlwaysRunExample" name="testcase1" time="0.000"/>
  <system-out/>
  <testcase classname="seleniumpoperties.AlwaysRunExample" name="testcase1" time="0.000"/>
  <system-out/>
  <testcase classname="seleniumpoperties.AlwaysRunExample" name="testcase1" time="0.000"/>
  <system-out/>
  <testcase classname="seleniumpoperties.AlwaysRunExample" name="testcase1" time="0.000"/>
  <system-out/>
  <testcase classname="seleniumpoperties.AlwaysRunExample" name="testcase1" time="0.000"/>
  <system-out/>
  <testcase classname="seleniumpoperties.AlwaysRunExample" name="testcase1" time="0.001"/>
  <system-out/>
  <testcase classname="seleniumpoperties.AlwaysRunExample" name="testcase1" time="0.000"/>
  <system-out/>
  <testcase classname="seleniumpoperties.AlwaysRunExample" name="testcase1" time="0.000"/>
  <system-out/>
  <testcase classname="seleniumpoperties.AlwaysRunExample" name="testcase1" time="0.000"/>
  <system-out/>
  <testcase classname="seleniumpoperties.AlwaysRunExample" name="testcase1" time="0.001"/>
  <system-out/>
  <testcase classname="seleniumpoperties.AlwaysRunExample" name="testcase1" time="0.000"/>
  <system-out/>
  <testcase classname="seleniumpoperties.AlwaysRunExample" name="testcase1" time="0.001"/>
  <system-out/>
  <testcase classname="seleniumpoperties.AlwaysRunExample" name="testcase1" time="0.000"/>
  <system-out/>
  <testcase classname="seleniumpoperties.AlwaysRunExample" name="testcase1" time="0.000"/>
  <system-out/>
  <testcase classname="seleniumpoperties.AlwaysRunExample" name="testcase1" time="0.000"/>
  <system-out/>
  <testcase classname="seleniumpoperties.AlwaysRunExample" name="testcase1" time="0.000"/>
  <system-out/>
  <testcase classname="seleniumpoperties.AlwaysRunExample" name="testcase1" time="0.000"/>
  <system-out/>
  <testcase classname="seleniumpoperties.AlwaysRunExample" name="testcase1" time="0.000"/>
  <system-out/>
  <testcase classname="seleniumpoperties.AlwaysRunExample" name="testcase1" time="0.000"/>
  <system-out/>
  <testcase classname="seleniumpoperties.AlwaysRunExample" name="testcase1" time="0.000"/>
  <system-out/>
  <testcase classname="seleniumpoperties.AlwaysRunExample" name="testcase1" time="0.000"/>
  <system-out/>
  <testcase classname="seleniumpoperties.AlwaysRunExample" name="testcase1" time="0.001"/>
  <system-out/>
  <testcase classname="seleniumpoperties.AlwaysRunExample" name="testcase1" time="0.005"/>
  <system-out/>
  <testcase classname="seleniumpoperties.AlwaysRunExample" name="testcase1" time="0.001"/>
  <system-out/>
  <testcase classname="seleniumpoperties.AlwaysRunExample" name="testcase1" time="0.000"/>
  <system-out/>
  <testcase classname="seleniumpoperties.AlwaysRunExample" name="testcase1" time="0.000"/>
  <system-out/>
  <testcase classname="seleniumpoperties.AlwaysRunExample" name="testcase1" time="0.000"/>
  <system-out/>
  <testcase classname="seleniumpoperties.AlwaysRunExample" name="testcase1" time="0.000"/>
  <system-out/>
  <testcase classname="seleniumpoperties.AlwaysRunExample" name="testcase1" time="0.000"/>
  <system-out/>
  <testcase classname="seleniumpoperties.AlwaysRunExample" name="testcase1" time="0.000"/>
  <system-out/>
  <testcase classname="seleniumpoperties.AlwaysRunExample" name="testcase1" time="0.000"/>
  <system-out/>
  <testcase classname="seleniumpoperties.AlwaysRunExample" name="testcase1" time="0.000"/>
  <system-out/>
  <testcase classname="seleniumpoperties.AlwaysRunExample" name="testcase1" time="0.000"/>
  <system-out/>
  <testcase classname="seleniumpoperties.AlwaysRunExample" name="testcase1" time="0.000"/>
  <system-out/>
  <testcase classname="seleniumpoperties.AlwaysRunExample" name="testcase1" time="0.000"/>
  <system-out/>
  <testcase classname="seleniumpoperties.AlwaysRunExample" name="testcase1" time="0.000"/>
  <system-out/>
  <testcase classname="seleniumpoperties.AlwaysRunExample" name="testcase1" time="0.000"/>
  <system-out/>
  <testcase classname="seleniumpoperties.AlwaysRunExample" name="testcase1" time="0.000"/>
  <system-out/>
  <testcase classname="seleniumpoperties.AlwaysRunExample" name="testcase1" time="0.000"/>
  <system-out/>
  <testcase classname="seleniumpoperties.AlwaysRunExample" name="testcase1" time="0.000"/>
  <system-out/>
  <testcase classname="seleniumpoperties.AlwaysRunExample" name="testcase1" time="0.000"/>
  <system-out/>
  <testcase classname="seleniumpoperties.AlwaysRunExample" name="testcase1" time="0.000"/>
  <system-out/>
  <testcase classname="seleniumpoperties.AlwaysRunExample" name="testcase1" time="0.000"/>
  <system-out/>
  <testcase classname="seleniumpoperties.AlwaysRunExample" name="testcase1" time="0.000"/>
  <system-out/>
  <testcase classname="seleniumpoperties.AlwaysRunExample" name="testcase1" time="0.000"/>
  <system-out/>
  <testcase classname="seleniumpoperties.AlwaysRunExample" name="testcase1" time="0.000"/>
  <system-out/>
  <testcase classname="seleniumpoperties.AlwaysRunExample" name="testcase1" time="0.000"/>
  <system-out/>
  <testcase classname="seleniumpoperties.AlwaysRunExample" name="testcase1" time="0.000"/>
  <system-out/>
  <testcase classname="seleniumpoperties.AlwaysRunExample" name="testcase1" time="0.000"/>
  <system-out/>
  <testcase classname="seleniumpoperties.AlwaysRunExample" name="testcase1" time="0.000"/>
  <system-out/>
  <testcase classname="seleniumpoperties.AlwaysRunExample" name="testcase1" time="0.001"/>
  <system-out/>
  <testcase classname="seleniumpoperties.AlwaysRunExample" name="testcase1" time="0.000"/>
  <system-out/>
  <testcase classname="seleniumpoperties.AlwaysRunExample" name="testcase1" time="0.000"/>
  <system-out/>
  <testcase classname="seleniumpoperties.AlwaysRunExample" name="testcase1" time="0.001"/>
  <system-out/>
  <testcase classname="seleniumpoperties.AlwaysRunExample" name="testcase1" time="0.000"/>
  <system-out/>
  <testcase classname="seleniumpoperties.AlwaysRunExample" name="testcase1" time="0.001"/>
  <system-out/>
  <testcase classname="seleniumpoperties.AlwaysRunExample" name="testcase1" time="0.001"/>
  <system-out/>
  <testcase classname="seleniumpoperties.AlwaysRunExample" name="testcase1" time="0.001"/>
  <system-out/>
  <testcase classname="seleniumpoperties.AlwaysRunExample" name="testcase1" time="0.001"/>
  <system-out/>
  <testcase classname="seleniumpoperties.AlwaysRunExample" name="testcase1" time="0.002"/>
  <system-out/>
  <testcase classname="seleniumpoperties.AlwaysRunExample" name="testcase1" time="0.000"/>
  <system-out/>
  <testcase classname="seleniumpoperties.AlwaysRunExample" name="testcase1" time="0.000"/>
  <system-out/>
  <testcase classname="seleniumpoperties.AlwaysRunExample" name="testcase1" time="0.000"/>
  <system-out/>
  <testcase classname="seleniumpoperties.AlwaysRunExample" name="testcase1" time="0.000"/>
  <system-out/>
  <testcase classname="seleniumpoperties.AlwaysRunExample" name="testcase1" time="0.000"/>
  <system-out/>
  <testcase classname="seleniumpoperties.AlwaysRunExample" name="testcase1" time="0.000"/>
  <system-out/>
  <testcase classname="seleniumpoperties.AlwaysRunExample" name="testcase1" time="0.000"/>
  <system-out/>
  <testcase classname="seleniumpoperties.AlwaysRunExample" name="testcase1" time="0.000"/>
  <system-out/>
  <testcase classname="seleniumpoperties.AlwaysRunExample" name="testcase1" time="0.000"/>
  <system-out/>
  <testcase classname="seleniumpoperties.AlwaysRunExample" name="testcase1" time="0.000"/>
  <system-out/>
  <testcase classname="seleniumpoperties.AlwaysRunExample" name="testcase1" time="0.000"/>
  <system-out/>
  <testcase classname="seleniumpoperties.AlwaysRunExample" name="testcase1" time="0.000"/>
  <system-out/>
  <testcase classname="seleniumpoperties.AlwaysRunExample" name="testcase1" time="0.000"/>
  <system-out/>
  <testcase classname="seleniumpoperties.AlwaysRunExample" name="testcase1" time="0.000"/>
  <system-out/>
  <testcase classname="seleniumpoperties.AlwaysRunExample" name="testcase1" time="0.000"/>
  <system-out/>
  <testcase classname="seleniumpoperties.AlwaysRunExample" name="testcase1" time="0.000"/>
  <system-out/>
  <testcase classname="seleniumpoperties.AlwaysRunExample" name="testcase1" time="0.000"/>
  <system-out/>
  <testcase classname="seleniumpoperties.AlwaysRunExample" name="testcase1" time="0.000"/>
  <system-out/>
  <testcase classname="seleniumpoperties.AlwaysRunExample" name="testcase1" time="0.000"/>
  <system-out/>
  <testcase classname="seleniumpoperties.AlwaysRunExample" name="testcase1" time="0.000"/>
  <system-out/>
  <testcase classname="seleniumpoperties.AlwaysRunExample" name="testcase1" time="0.000"/>
  <system-out/>
  <testcase classname="seleniumpoperties.AlwaysRunExample" name="testcase1" time="0.000"/>
  <system-out/>
  <testcase classname="seleniumpoperties.AlwaysRunExample" name="testcase1" time="0.000"/>
  <system-out/>
  <testcase classname="seleniumpoperties.AlwaysRunExample" name="testcase1" time="0.001"/>
  <system-out/>
  <testcase classname="seleniumpoperties.AlwaysRunExample" name="testcase1" time="0.000"/>
  <system-out/>
  <testcase classname="seleniumpoperties.AlwaysRunExample" name="testcase1" time="0.000"/>
  <system-out/>
  <testcase classname="seleniumpoperties.AlwaysRunExample" name="testcase1" time="0.000"/>
  <system-out/>
  <testcase classname="seleniumpoperties.AlwaysRunExample" name="testcase1" time="0.000"/>
  <system-out/>
  <testcase classname="seleniumpoperties.AlwaysRunExample" name="testcase1" time="0.001"/>
  <system-out/>
  <testcase classname="seleniumpoperties.AlwaysRunExample" name="testcase1" time="0.000"/>
  <system-out/>
  <testcase classname="seleniumpoperties.AlwaysRunExample" name="testcase1" time="0.000"/>
  <system-out/>
  <testcase classname="seleniumpoperties.AlwaysRunExample" name="testcase1" time="0.000"/>
  <system-out/>
  <testcase classname="seleniumpoperties.AlwaysRunExample" name="testcase1" time="0.000"/>
  <system-out/>
  <testcase classname="seleniumpoperties.AlwaysRunExample" name="testcase1" time="0.000"/>
  <system-out/>
  <testcase classname="seleniumpoperties.AlwaysRunExample" name="testcase1" time="0.000"/>
  <system-out/>
  <testcase classname="seleniumpoperties.AlwaysRunExample" name="testcase1" time="0.000"/>
  <system-out/>
  <testcase classname="seleniumpoperties.AlwaysRunExample" name="testcase1" time="0.000"/>
  <system-out/>
  <testcase classname="seleniumpoperties.AlwaysRunExample" name="testcase1" time="0.000"/>
  <system-out/>
  <testcase classname="seleniumpoperties.AlwaysRunExample" name="testcase1" time="0.000"/>
  <system-out/>
  <testcase classname="seleniumpoperties.AlwaysRunExample" name="testcase1" time="0.000"/>
  <system-out/>
  <testcase classname="seleniumpoperties.AlwaysRunExample" name="testcase1" time="0.001"/>
  <system-out/>
  <testcase classname="seleniumpoperties.AlwaysRunExample" name="testcase1" time="0.000"/>
  <system-out/>
  <testcase classname="seleniumpoperties.AlwaysRunExample" name="testcase1" time="0.001"/>
  <system-out/>
  <testcase classname="seleniumpoperties.AlwaysRunExample" name="testcase1" time="0.000"/>
  <system-out/>
  <testcase classname="seleniumpoperties.AlwaysRunExample" name="testcase1" time="0.002"/>
  <system-out/>
  <testcase classname="seleniumpoperties.AlwaysRunExample" name="testcase1" time="0.000"/>
  <system-out/>
  <testcase classname="seleniumpoperties.AlwaysRunExample" name="testcase1" time="0.001"/>
  <system-out/>
  <testcase classname="seleniumpoperties.AlwaysRunExample" name="testcase1" time="0.001"/>
  <system-out/>
  <testcase classname="seleniumpoperties.AlwaysRunExample" name="testcase1" time="0.000"/>
  <system-out/>
  <testcase classname="seleniumpoperties.AlwaysRunExample" name="testcase1" time="0.000"/>
  <system-out/>
  <testcase classname="seleniumpoperties.AlwaysRunExample" name="testcase1" time="0.001"/>
  <system-out/>
  <testcase classname="seleniumpoperties.AlwaysRunExample" name="testcase1" time="0.001"/>
  <system-out/>
  <testcase classname="seleniumpoperties.AlwaysRunExample" name="testcase1" time="0.000"/>
  <system-out/>
  <testcase classname="seleniumpoperties.AlwaysRunExample" name="testcase1" time="0.000"/>
  <system-out/>
  <testcase classname="seleniumpoperties.AlwaysRunExample" name="testcase1" time="0.000"/>
  <system-out/>
  <testcase classname="seleniumpoperties.AlwaysRunExample" name="testcase1" time="0.000"/>
  <system-out/>
  <testcase classname="seleniumpoperties.AlwaysRunExample" name="testcase1" time="0.000"/>
  <system-out/>
  <testcase classname="seleniumpoperties.AlwaysRunExample" name="testcase1" time="0.000"/>
  <system-out/>
  <testcase classname="seleniumpoperties.AlwaysRunExample" name="testcase1" time="0.000"/>
  <system-out/>
  <testcase classname="seleniumpoperties.AlwaysRunExample" name="testcase1" time="0.000"/>
  <system-out/>
  <testcase classname="seleniumpoperties.AlwaysRunExample" name="testcase1" time="0.000"/>
  <system-out/>
  <testcase classname="seleniumpoperties.AlwaysRunExample" name="testcase1" time="0.000"/>
  <system-out/>
  <testcase classname="seleniumpoperties.AlwaysRunExample" name="testcase1" time="0.000"/>
  <system-out/>
  <testcase classname="seleniumpoperties.AlwaysRunExample" name="testcase1" time="0.000"/>
  <system-out/>
  <testcase classname="seleniumpoperties.AlwaysRunExample" name="testcase1" time="0.000"/>
  <system-out/>
  <testcase classname="seleniumpoperties.AlwaysRunExample" name="testcase1" time="0.001"/>
  <system-out/>
  <testcase classname="seleniumpoperties.AlwaysRunExample" name="testcase1" time="0.002"/>
  <system-out/>
  <testcase classname="seleniumpoperties.AlwaysRunExample" name="testcase1" time="0.000"/>
  <system-out/>
  <testcase classname="seleniumpoperties.AlwaysRunExample" name="testcase1" time="0.000"/>
  <system-out/>
  <testcase classname="seleniumpoperties.AlwaysRunExample" name="testcase1" time="0.000"/>
  <system-out/>
  <testcase classname="seleniumpoperties.AlwaysRunExample" name="testcase1" time="0.000"/>
  <system-out/>
  <testcase classname="seleniumpoperties.AlwaysRunExample" name="testcase1" time="0.000"/>
  <system-out/>
  <testcase classname="seleniumpoperties.AlwaysRunExample" name="testcase1" time="0.000"/>
  <system-out/>
  <testcase classname="seleniumpoperties.AlwaysRunExample" name="testcase1" time="0.000"/>
  <system-out/>
  <testcase classname="seleniumpoperties.AlwaysRunExample" name="testcase1" time="0.000"/>
  <system-out/>
  <testcase classname="seleniumpoperties.AlwaysRunExample" name="testcase1" time="0.000"/>
  <system-out/>
  <testcase classname="seleniumpoperties.AlwaysRunExample" name="testcase1" time="0.000"/>
  <system-out/>
  <testcase classname="seleniumpoperties.AlwaysRunExample" name="testcase1" time="0.000"/>
  <system-out/>
  <testcase classname="seleniumpoperties.AlwaysRunExample" name="testcase1" time="0.001"/>
  <system-out/>
  <testcase classname="seleniumpoperties.AlwaysRunExample" name="testcase1" time="0.000"/>
  <system-out/>
  <testcase classname="seleniumpoperties.AlwaysRunExample" name="testcase1" time="0.000"/>
  <system-out/>
  <testcase classname="seleniumpoperties.AlwaysRunExample" name="testcase1" time="0.000"/>
  <system-out/>
  <testcase classname="seleniumpoperties.AlwaysRunExample" name="testcase1" time="0.001"/>
  <system-out/>
  <testcase classname="seleniumpoperties.AlwaysRunExample" name="testcase1" time="0.000"/>
  <system-out/>
  <testcase classname="seleniumpoperties.AlwaysRunExample" name="testcase1" time="0.000"/>
  <system-out/>
  <testcase classname="seleniumpoperties.AlwaysRunExample" name="testcase1" time="0.000"/>
  <system-out/>
  <testcase classname="seleniumpoperties.AlwaysRunExample" name="testcase1" time="0.000"/>
  <system-out/>
  <testcase classname="seleniumpoperties.AlwaysRunExample" name="testcase1" time="0.000"/>
  <system-out/>
  <testcase classname="seleniumpoperties.AlwaysRunExample" name="testcase1" time="0.000"/>
  <system-out/>
  <testcase classname="seleniumpoperties.AlwaysRunExample" name="testcase1" time="0.000"/>
  <system-out/>
  <testcase classname="seleniumpoperties.AlwaysRunExample" name="testcase1" time="0.000"/>
  <system-out/>
  <testcase classname="seleniumpoperties.AlwaysRunExample" name="testcase1" time="0.001"/>
  <system-out/>
  <testcase classname="seleniumpoperties.AlwaysRunExample" name="testcase1" time="0.001"/>
  <system-out/>
  <testcase classname="seleniumpoperties.AlwaysRunExample" name="testcase1" time="0.000"/>
  <system-out/>
  <testcase classname="seleniumpoperties.AlwaysRunExample" name="testcase1" time="0.001"/>
  <system-out/>
  <testcase classname="seleniumpoperties.AlwaysRunExample" name="testcase1" time="0.000"/>
  <system-out/>
  <testcase classname="seleniumpoperties.AlwaysRunExample" name="testcase1" time="0.000"/>
  <system-out/>
  <testcase classname="seleniumpoperties.AlwaysRunExample" name="testcase1" time="0.000"/>
  <system-out/>
  <testcase classname="seleniumpoperties.AlwaysRunExample" name="testcase1" time="0.000"/>
  <system-out/>
  <testcase classname="seleniumpoperties.AlwaysRunExample" name="testcase1" time="0.000"/>
  <system-out/>
  <testcase classname="seleniumpoperties.AlwaysRunExample" name="testcase1" time="0.000"/>
  <system-out/>
  <testcase classname="seleniumpoperties.AlwaysRunExample" name="testcase1" time="0.001"/>
  <system-out/>
  <testcase classname="seleniumpoperties.AlwaysRunExample" name="testcase1" time="0.000"/>
  <system-out/>
  <testcase classname="seleniumpoperties.AlwaysRunExample" name="testcase1" time="0.000"/>
  <system-out/>
  <testcase classname="seleniumpoperties.AlwaysRunExample" name="testcase1" time="0.000"/>
  <system-out/>
  <testcase classname="seleniumpoperties.AlwaysRunExample" name="testcase1" time="0.000"/>
  <system-out/>
  <testcase classname="seleniumpoperties.AlwaysRunExample" name="testcase1" time="0.000"/>
  <system-out/>
  <testcase classname="seleniumpoperties.AlwaysRunExample" name="testcase1" time="0.001"/>
  <system-out/>
  <testcase classname="seleniumpoperties.AlwaysRunExample" name="testcase1" time="0.000"/>
  <system-out/>
  <testcase classname="seleniumpoperties.AlwaysRunExample" name="testcase1" time="0.000"/>
  <system-out/>
  <testcase classname="seleniumpoperties.AlwaysRunExample" name="testcase1" time="0.000"/>
  <system-out/>
  <testcase classname="seleniumpoperties.AlwaysRunExample" name="testcase1" time="0.000"/>
  <system-out/>
  <testcase classname="seleniumpoperties.AlwaysRunExample" name="testcase1" time="0.000"/>
  <system-out/>
  <testcase classname="seleniumpoperties.AlwaysRunExample" name="testcase1" time="0.001"/>
  <system-out/>
  <testcase classname="seleniumpoperties.AlwaysRunExample" name="testcase1" time="0.000"/>
  <system-out/>
  <testcase classname="seleniumpoperties.AlwaysRunExample" name="testcase1" time="0.000"/>
  <system-out/>
  <testcase classname="seleniumpoperties.AlwaysRunExample" name="testcase1" time="0.000"/>
  <system-out/>
  <testcase classname="seleniumpoperties.AlwaysRunExample" name="testcase1" time="0.000"/>
  <system-out/>
  <testcase classname="seleniumpoperties.AlwaysRunExample" name="testcase1" time="0.000"/>
  <system-out/>
  <testcase classname="seleniumpoperties.AlwaysRunExample" name="testcase1" time="0.001"/>
  <system-out/>
  <testcase classname="seleniumpoperties.AlwaysRunExample" name="testcase1" time="0.000"/>
  <system-out/>
  <testcase classname="seleniumpoperties.AlwaysRunExample" name="testcase1" time="0.001"/>
  <system-out/>
  <testcase classname="seleniumpoperties.AlwaysRunExample" name="testcase1" time="0.000"/>
  <system-out/>
  <testcase classname="seleniumpoperties.AlwaysRunExample" name="testcase1" time="0.000"/>
  <system-out/>
  <testcase classname="seleniumpoperties.AlwaysRunExample" name="testcase1" time="0.000"/>
  <system-out/>
  <testcase classname="seleniumpoperties.AlwaysRunExample" name="testcase1" time="0.000"/>
  <system-out/>
  <testcase classname="seleniumpoperties.AlwaysRunExample" name="testcase1" time="0.000"/>
  <system-out/>
  <testcase classname="seleniumpoperties.AlwaysRunExample" name="testcase1" time="0.001"/>
  <system-out/>
  <testcase classname="seleniumpoperties.AlwaysRunExample" name="testcase1" time="0.000"/>
  <system-out/>
  <testcase classname="seleniumpoperties.AlwaysRunExample" name="testcase1" time="0.002"/>
  <system-out/>
  <testcase classname="seleniumpoperties.AlwaysRunExample" name="testcase1" time="0.000"/>
  <system-out/>
  <testcase classname="seleniumpoperties.AlwaysRunExample" name="testcase1" time="0.000"/>
  <system-out/>
  <testcase classname="seleniumpoperties.AlwaysRunExample" name="testcase1" time="0.000"/>
  <system-out/>
  <testcase classname="seleniumpoperties.AlwaysRunExample" name="testcase1" time="0.000"/>
  <system-out/>
  <testcase classname="seleniumpoperties.AlwaysRunExample" name="testcase1" time="0.001"/>
  <system-out/>
  <testcase classname="seleniumpoperties.AlwaysRunExample" name="testcase1" time="0.001"/>
  <system-out/>
  <testcase classname="seleniumpoperties.AlwaysRunExample" name="testcase1" time="0.000"/>
  <system-out/>
  <testcase classname="seleniumpoperties.AlwaysRunExample" name="testcase1" time="0.000"/>
  <system-out/>
  <testcase classname="seleniumpoperties.AlwaysRunExample" name="testcase1" time="0.000"/>
  <system-out/>
  <testcase classname="seleniumpoperties.AlwaysRunExample" name="testcase1" time="0.000"/>
  <system-out/>
  <testcase classname="seleniumpoperties.AlwaysRunExample" name="testcase1" time="0.000"/>
  <system-out/>
  <testcase classname="seleniumpoperties.AlwaysRunExample" name="testcase1" time="0.000"/>
  <system-out/>
  <testcase classname="seleniumpoperties.AlwaysRunExample" name="testcase1" time="0.001"/>
  <system-out/>
  <testcase classname="seleniumpoperties.AlwaysRunExample" name="testcase1" time="0.000"/>
  <system-out/>
  <testcase classname="seleniumpoperties.AlwaysRunExample" name="testcase1" time="0.000"/>
  <system-out/>
  <testcase classname="seleniumpoperties.AlwaysRunExample" name="testcase1" time="0.000"/>
  <system-out/>
  <testcase classname="seleniumpoperties.AlwaysRunExample" name="testcase1" time="0.000"/>
  <system-out/>
  <testcase classname="seleniumpoperties.AlwaysRunExample" name="testcase1" time="0.001"/>
  <system-out/>
  <testcase classname="seleniumpoperties.AlwaysRunExample" name="testcase1" time="0.000"/>
  <system-out/>
  <testcase classname="seleniumpoperties.AlwaysRunExample" name="testcase1" time="0.000"/>
  <system-out/>
  <testcase classname="seleniumpoperties.AlwaysRunExample" name="testcase1" time="0.000"/>
  <system-out/>
  <testcase classname="seleniumpoperties.AlwaysRunExample" name="testcase1" time="0.001"/>
  <system-out/>
  <testcase classname="seleniumpoperties.AlwaysRunExample" name="testcase1" time="0.000"/>
  <system-out/>
  <testcase classname="seleniumpoperties.AlwaysRunExample" name="testcase1" time="0.000"/>
  <system-out/>
  <testcase classname="seleniumpoperties.AlwaysRunExample" name="testcase1" time="0.000"/>
  <system-out/>
  <testcase classname="seleniumpoperties.AlwaysRunExample" name="testcase1" time="0.000"/>
  <system-out/>
  <testcase classname="seleniumpoperties.AlwaysRunExample" name="testcase1" time="0.000"/>
  <system-out/>
  <testcase classname="seleniumpoperties.AlwaysRunExample" name="testcase1" time="0.000"/>
  <system-out/>
  <testcase classname="seleniumpoperties.AlwaysRunExample" name="testcase1" time="0.000"/>
  <system-out/>
  <testcase classname="seleniumpoperties.AlwaysRunExample" name="testcase1" time="0.001"/>
  <system-out/>
  <testcase classname="seleniumpoperties.AlwaysRunExample" name="testcase1" time="0.000"/>
  <system-out/>
  <testcase classname="seleniumpoperties.AlwaysRunExample" name="testcase1" time="0.000"/>
  <system-out/>
  <testcase classname="seleniumpoperties.AlwaysRunExample" name="testcase1" time="0.001"/>
  <system-out/>
  <testcase classname="seleniumpoperties.AlwaysRunExample" name="testcase1" time="0.001"/>
  <system-out/>
  <testcase classname="seleniumpoperties.AlwaysRunExample" name="testcase1" time="0.000"/>
  <system-out/>
  <testcase classname="seleniumpoperties.AlwaysRunExample" name="testcase1" time="0.001"/>
  <system-out/>
  <testcase classname="seleniumpoperties.AlwaysRunExample" name="testcase1" time="0.000"/>
  <system-out/>
  <testcase classname="seleniumpoperties.AlwaysRunExample" name="testcase1" time="0.000"/>
  <system-out/>
  <testcase classname="seleniumpoperties.AlwaysRunExample" name="testcase1" time="0.000"/>
  <system-out/>
  <testcase classname="seleniumpoperties.AlwaysRunExample" name="testcase1" time="0.000"/>
  <system-out/>
  <testcase classname="seleniumpoperties.AlwaysRunExample" name="testcase1" time="0.001"/>
  <system-out/>
  <testcase classname="seleniumpoperties.AlwaysRunExample" name="testcase1" time="0.000"/>
  <system-out/>
  <testcase classname="seleniumpoperties.AlwaysRunExample" name="testcase1" time="0.001"/>
  <system-out/>
  <testcase classname="seleniumpoperties.AlwaysRunExample" name="testcase1" time="0.000"/>
  <system-out/>
  <testcase classname="seleniumpoperties.AlwaysRunExample" name="testcase1" time="0.000"/>
  <system-out/>
  <testcase classname="seleniumpoperties.AlwaysRunExample" name="testcase1" time="0.001"/>
  <system-out/>
  <testcase classname="seleniumpoperties.AlwaysRunExample" name="testcase1" time="0.000"/>
  <system-out/>
  <testcase classname="seleniumpoperties.AlwaysRunExample" name="testcase1" time="0.000"/>
  <system-out/>
  <testcase classname="seleniumpoperties.AlwaysRunExample" name="testcase1" time="0.001"/>
  <system-out/>
  <testcase classname="seleniumpoperties.AlwaysRunExample" name="testcase1" time="0.000"/>
  <system-out/>
  <testcase classname="seleniumpoperties.AlwaysRunExample" name="testcase1" time="0.001"/>
  <system-out/>
  <testcase classname="seleniumpoperties.AlwaysRunExample" name="testcase1" time="0.001"/>
  <system-out/>
  <testcase classname="seleniumpoperties.AlwaysRunExample" name="testcase1" time="0.000"/>
  <system-out/>
  <testcase classname="seleniumpoperties.AlwaysRunExample" name="testcase1" time="0.000"/>
  <system-out/>
  <testcase classname="seleniumpoperties.AlwaysRunExample" name="testcase1" time="0.000"/>
  <system-out/>
  <testcase classname="seleniumpoperties.AlwaysRunExample" name="testcase1" time="0.000"/>
  <system-out/>
  <testcase classname="seleniumpoperties.AlwaysRunExample" name="testcase1" time="0.000"/>
  <system-out/>
  <testcase classname="seleniumpoperties.AlwaysRunExample" name="testcase1" time="0.000"/>
  <system-out/>
  <testcase classname="seleniumpoperties.AlwaysRunExample" name="testcase1" time="0.000"/>
  <system-out/>
  <testcase classname="seleniumpoperties.AlwaysRunExample" name="testcase1" time="0.001"/>
  <system-out/>
  <testcase classname="seleniumpoperties.AlwaysRunExample" name="testcase1" time="0.000"/>
  <system-out/>
  <testcase classname="seleniumpoperties.AlwaysRunExample" name="testcase1" time="0.000"/>
  <system-out/>
  <testcase classname="seleniumpoperties.AlwaysRunExample" name="testcase1" time="0.000"/>
  <system-out/>
  <testcase classname="seleniumpoperties.AlwaysRunExample" name="testcase1" time="0.000"/>
  <system-out/>
  <testcase classname="seleniumpoperties.AlwaysRunExample" name="testcase1" time="0.000"/>
  <system-out/>
  <testcase classname="seleniumpoperties.AlwaysRunExample" name="testcase1" time="0.000"/>
  <system-out/>
  <testcase classname="seleniumpoperties.AlwaysRunExample" name="testcase1" time="0.000"/>
  <system-out/>
  <testcase classname="seleniumpoperties.AlwaysRunExample" name="testcase1" time="0.000"/>
  <system-out/>
  <testcase classname="seleniumpoperties.AlwaysRunExample" name="testcase1" time="0.000"/>
  <system-out/>
  <testcase classname="seleniumpoperties.AlwaysRunExample" name="testcase1" time="0.000"/>
  <system-out/>
  <testcase classname="seleniumpoperties.AlwaysRunExample" name="testcase1" time="0.000"/>
  <system-out/>
  <testcase classname="seleniumpoperties.AlwaysRunExample" name="testcase1" time="0.000"/>
  <system-out/>
  <testcase classname="seleniumpoperties.AlwaysRunExample" name="testcase1" time="0.000"/>
  <system-out/>
  <testcase classname="seleniumpoperties.AlwaysRunExample" name="testcase1" time="0.000"/>
  <system-out/>
  <testcase classname="seleniumpoperties.AlwaysRunExample" name="testcase1" time="0.000"/>
  <system-out/>
  <testcase classname="seleniumpoperties.AlwaysRunExample" name="testcase1" time="0.000"/>
  <system-out/>
  <testcase classname="seleniumpoperties.AlwaysRunExample" name="testcase1" time="0.000"/>
  <system-out/>
  <testcase classname="seleniumpoperties.AlwaysRunExample" name="testcase1" time="0.000"/>
  <system-out/>
  <testcase classname="seleniumpoperties.AlwaysRunExample" name="testcase1" time="0.000"/>
  <system-out/>
  <testcase classname="seleniumpoperties.AlwaysRunExample" name="testcase1" time="0.000"/>
  <system-out/>
  <testcase classname="seleniumpoperties.AlwaysRunExample" name="testcase1" time="0.000"/>
  <system-out/>
  <testcase classname="seleniumpoperties.AlwaysRunExample" name="testcase1" time="0.000"/>
  <system-out/>
  <testcase classname="seleniumpoperties.AlwaysRunExample" name="testcase1" time="0.000"/>
  <system-out/>
  <testcase classname="seleniumpoperties.AlwaysRunExample" name="testcase1" time="0.001"/>
  <system-out/>
  <testcase classname="seleniumpoperties.AlwaysRunExample" name="testcase1" time="0.001"/>
  <system-out/>
  <testcase classname="seleniumpoperties.AlwaysRunExample" name="testcase1" time="0.001"/>
  <system-out/>
  <testcase classname="seleniumpoperties.AlwaysRunExample" name="testcase1" time="0.000"/>
  <system-out/>
  <testcase classname="seleniumpoperties.AlwaysRunExample" name="testcase1" time="0.000"/>
  <system-out/>
  <testcase classname="seleniumpoperties.AlwaysRunExample" name="testcase1" time="0.000"/>
  <system-out/>
  <testcase classname="seleniumpoperties.AlwaysRunExample" name="testcase1" time="0.001"/>
  <system-out/>
  <testcase classname="seleniumpoperties.AlwaysRunExample" name="testcase1" time="0.000"/>
  <system-out/>
  <testcase classname="seleniumpoperties.AlwaysRunExample" name="testcase1" time="0.002"/>
  <system-out/>
  <testcase classname="seleniumpoperties.AlwaysRunExample" name="testcase1" time="0.000"/>
  <system-out/>
  <testcase classname="seleniumpoperties.AlwaysRunExample" name="testcase1" time="0.000"/>
  <system-out/>
  <testcase classname="seleniumpoperties.AlwaysRunExample" name="testcase1" time="0.001"/>
  <system-out/>
  <testcase classname="seleniumpoperties.AlwaysRunExample" name="testcase1" time="0.000"/>
  <system-out/>
  <testcase classname="seleniumpoperties.AlwaysRunExample" name="testcase1" time="0.001"/>
  <system-out/>
  <testcase classname="seleniumpoperties.AlwaysRunExample" name="testcase1" time="0.000"/>
  <system-out/>
  <testcase classname="seleniumpoperties.AlwaysRunExample" name="testcase1" time="0.000"/>
  <system-out/>
  <testcase classname="seleniumpoperties.AlwaysRunExample" name="testcase1" time="0.000"/>
  <system-out/>
  <testcase classname="seleniumpoperties.AlwaysRunExample" name="testcase1" time="0.000"/>
  <system-out/>
  <testcase classname="seleniumpoperties.AlwaysRunExample" name="testcase1" time="0.001"/>
  <system-out/>
  <testcase classname="seleniumpoperties.AlwaysRunExample" name="testcase1" time="0.001"/>
  <system-out/>
  <testcase classname="seleniumpoperties.AlwaysRunExample" name="testcase1" time="0.000"/>
  <system-out/>
  <testcase classname="seleniumpoperties.AlwaysRunExample" name="testcase1" time="0.001"/>
  <system-out/>
  <testcase classname="seleniumpoperties.AlwaysRunExample" name="testcase1" time="0.001"/>
  <system-out/>
  <testcase classname="seleniumpoperties.AlwaysRunExample" name="testcase1" time="0.000"/>
  <system-out/>
  <testcase classname="seleniumpoperties.AlwaysRunExample" name="testcase1" time="0.000"/>
  <system-out/>
  <testcase classname="seleniumpoperties.AlwaysRunExample" name="testcase1" time="0.000"/>
  <system-out/>
  <testcase classname="seleniumpoperties.AlwaysRunExample" name="testcase1" time="0.000"/>
  <system-out/>
  <testcase classname="seleniumpoperties.AlwaysRunExample" name="testcase1" time="0.000"/>
  <system-out/>
  <testcase classname="seleniumpoperties.AlwaysRunExample" name="testcase1" time="0.000"/>
  <system-out/>
  <testcase classname="seleniumpoperties.AlwaysRunExample" name="testcase1" time="0.000"/>
  <system-out/>
  <testcase classname="seleniumpoperties.AlwaysRunExample" name="testcase1" time="0.000"/>
  <system-out/>
  <testcase classname="seleniumpoperties.AlwaysRunExample" name="testcase1" time="0.001"/>
  <system-out/>
  <testcase classname="seleniumpoperties.AlwaysRunExample" name="testcase1" time="0.000"/>
  <system-out/>
  <testcase classname="seleniumpoperties.AlwaysRunExample" name="testcase1" time="0.000"/>
  <system-out/>
  <testcase classname="seleniumpoperties.AlwaysRunExample" name="testcase1" time="0.000"/>
  <system-out/>
  <testcase classname="seleniumpoperties.AlwaysRunExample" name="testcase1" time="0.000"/>
  <system-out/>
  <testcase classname="seleniumpoperties.AlwaysRunExample" name="testcase1" time="0.000"/>
  <system-out/>
  <testcase classname="seleniumpoperties.AlwaysRunExample" name="testcase1" time="0.000"/>
  <system-out/>
  <testcase classname="seleniumpoperties.AlwaysRunExample" name="testcase1" time="0.000"/>
  <system-out/>
  <testcase classname="seleniumpoperties.AlwaysRunExample" name="testcase1" time="0.000"/>
  <system-out/>
  <testcase classname="seleniumpoperties.AlwaysRunExample" name="testcase1" time="0.000"/>
  <system-out/>
  <testcase classname="seleniumpoperties.AlwaysRunExample" name="testcase1" time="0.000"/>
  <system-out/>
  <testcase classname="seleniumpoperties.AlwaysRunExample" name="testcase1" time="0.000"/>
  <system-out/>
  <testcase classname="seleniumpoperties.AlwaysRunExample" name="testcase1" time="0.000"/>
  <system-out/>
  <testcase classname="seleniumpoperties.AlwaysRunExample" name="testcase1" time="0.000"/>
  <system-out/>
  <testcase classname="seleniumpoperties.AlwaysRunExample" name="testcase1" time="0.000"/>
  <system-out/>
  <testcase classname="seleniumpoperties.AlwaysRunExample" name="testcase1" time="0.000"/>
  <system-out/>
  <testcase classname="seleniumpoperties.AlwaysRunExample" name="testcase1" time="0.000"/>
  <system-out/>
  <testcase classname="seleniumpoperties.AlwaysRunExample" name="testcase1" time="0.000"/>
  <system-out/>
  <testcase classname="seleniumpoperties.AlwaysRunExample" name="testcase1" time="0.000"/>
  <system-out/>
  <testcase classname="seleniumpoperties.AlwaysRunExample" name="testcase1" time="0.000"/>
  <system-out/>
  <testcase classname="seleniumpoperties.AlwaysRunExample" name="testcase1" time="0.000"/>
  <system-out/>
  <testcase classname="seleniumpoperties.AlwaysRunExample" name="testcase1" time="0.000"/>
  <system-out/>
  <testcase classname="seleniumpoperties.AlwaysRunExample" name="testcase1" time="0.000"/>
  <system-out/>
  <testcase classname="seleniumpoperties.AlwaysRunExample" name="testcase1" time="0.000"/>
  <system-out/>
  <testcase classname="seleniumpoperties.AlwaysRunExample" name="testcase1" time="0.000"/>
  <system-out/>
  <testcase classname="seleniumpoperties.AlwaysRunExample" name="testcase1" time="0.000"/>
  <system-out/>
  <testcase classname="seleniumpoperties.AlwaysRunExample" name="testcase1" time="0.000"/>
  <system-out/>
  <testcase classname="seleniumpoperties.AlwaysRunExample" name="testcase1" time="0.000"/>
  <system-out/>
  <testcase classname="seleniumpoperties.AlwaysRunExample" name="testcase1" time="0.001"/>
  <system-out/>
  <testcase classname="seleniumpoperties.AlwaysRunExample" name="testcase1" time="0.000"/>
  <system-out/>
  <testcase classname="seleniumpoperties.AlwaysRunExample" name="testcase1" time="0.000"/>
  <system-out/>
  <testcase classname="seleniumpoperties.AlwaysRunExample" name="testcase1" time="0.000"/>
  <system-out/>
  <testcase classname="seleniumpoperties.AlwaysRunExample" name="testcase1" time="0.000"/>
  <system-out/>
  <testcase classname="seleniumpoperties.AlwaysRunExample" name="testcase1" time="0.000"/>
  <system-out/>
  <testcase classname="seleniumpoperties.AlwaysRunExample" name="testcase1" time="0.001"/>
  <system-out/>
  <testcase classname="seleniumpoperties.AlwaysRunExample" name="testcase1" time="0.000"/>
  <system-out/>
  <testcase classname="seleniumpoperties.AlwaysRunExample" name="testcase1" time="0.000"/>
  <system-out/>
  <testcase classname="seleniumpoperties.AlwaysRunExample" name="testcase1" time="0.001"/>
  <system-out/>
  <testcase classname="seleniumpoperties.AlwaysRunExample" name="testcase1" time="0.000"/>
  <system-out/>
  <testcase classname="seleniumpoperties.AlwaysRunExample" name="testcase1" time="0.001"/>
  <system-out/>
  <testcase classname="seleniumpoperties.AlwaysRunExample" name="testcase1" time="0.000"/>
  <system-out/>
  <testcase classname="seleniumpoperties.AlwaysRunExample" name="testcase1" time="0.000"/>
  <system-out/>
  <testcase classname="seleniumpoperties.AlwaysRunExample" name="testcase1" time="0.000"/>
  <system-out/>
  <testcase classname="seleniumpoperties.AlwaysRunExample" name="testcase1" time="0.000"/>
  <system-out/>
  <testcase classname="seleniumpoperties.AlwaysRunExample" name="testcase1" time="0.000"/>
  <system-out/>
  <testcase classname="seleniumpoperties.AlwaysRunExample" name="testcase1" time="0.000"/>
  <system-out/>
  <testcase classname="seleniumpoperties.AlwaysRunExample" name="testcase1" time="0.000"/>
  <system-out/>
  <testcase classname="seleniumpoperties.AlwaysRunExample" name="testcase1" time="0.000"/>
  <system-out/>
  <testcase classname="seleniumpoperties.AlwaysRunExample" name="testcase1" time="0.000"/>
  <system-out/>
  <testcase classname="seleniumpoperties.AlwaysRunExample" name="testcase1" time="0.000"/>
  <system-out/>
  <testcase classname="seleniumpoperties.AlwaysRunExample" name="testcase1" time="0.000"/>
  <system-out/>
  <testcase classname="seleniumpoperties.AlwaysRunExample" name="testcase1" time="0.000"/>
  <system-out/>
  <testcase classname="seleniumpoperties.AlwaysRunExample" name="testcase1" time="0.000"/>
  <system-out/>
  <testcase classname="seleniumpoperties.AlwaysRunExample" name="testcase1" time="0.001"/>
  <system-out/>
  <testcase classname="seleniumpoperties.AlwaysRunExample" name="testcase1" time="0.000"/>
  <system-out/>
  <testcase classname="seleniumpoperties.AlwaysRunExample" name="testcase1" time="0.000"/>
  <system-out/>
  <testcase classname="seleniumpoperties.AlwaysRunExample" name="testcase1" time="0.000"/>
  <system-out/>
  <testcase classname="seleniumpoperties.AlwaysRunExample" name="testcase1" time="0.000"/>
  <system-out/>
  <testcase classname="seleniumpoperties.AlwaysRunExample" name="testcase1" time="0.000"/>
  <system-out/>
  <testcase classname="seleniumpoperties.AlwaysRunExample" name="testcase1" time="0.000"/>
  <system-out/>
  <testcase classname="seleniumpoperties.AlwaysRunExample" name="testcase1" time="0.000"/>
  <system-out/>
  <testcase classname="seleniumpoperties.AlwaysRunExample" name="testcase1" time="0.001"/>
  <system-out/>
  <testcase classname="seleniumpoperties.AlwaysRunExample" name="testcase1" time="0.000"/>
  <system-out/>
  <testcase classname="seleniumpoperties.AlwaysRunExample" name="testcase1" time="0.001"/>
  <system-out/>
  <testcase classname="seleniumpoperties.AlwaysRunExample" name="testcase1" time="0.000"/>
  <system-out/>
  <testcase classname="seleniumpoperties.AlwaysRunExample" name="testcase1" time="0.001"/>
  <system-out/>
  <testcase classname="seleniumpoperties.AlwaysRunExample" name="testcase1" time="0.000"/>
  <system-out/>
  <testcase classname="seleniumpoperties.AlwaysRunExample" name="testcase1" time="0.000"/>
  <system-out/>
  <testcase classname="seleniumpoperties.AlwaysRunExample" name="testcase1" time="0.000"/>
  <system-out/>
  <testcase classname="seleniumpoperties.AlwaysRunExample" name="testcase1" time="0.001"/>
  <system-out/>
  <testcase classname="seleniumpoperties.AlwaysRunExample" name="testcase1" time="0.000"/>
  <system-out/>
  <testcase classname="seleniumpoperties.AlwaysRunExample" name="testcase1" time="0.001"/>
  <system-out/>
  <testcase classname="seleniumpoperties.AlwaysRunExample" name="testcase1" time="0.000"/>
  <system-out/>
  <testcase classname="seleniumpoperties.AlwaysRunExample" name="testcase1" time="0.000"/>
  <system-out/>
  <testcase classname="seleniumpoperties.AlwaysRunExample" name="testcase1" time="0.000"/>
  <system-out/>
  <testcase classname="seleniumpoperties.AlwaysRunExample" name="testcase1" time="0.000"/>
  <system-out/>
  <testcase classname="seleniumpoperties.AlwaysRunExample" name="testcase1" time="0.000"/>
  <system-out/>
  <testcase classname="seleniumpoperties.AlwaysRunExample" name="testcase1" time="0.000"/>
  <system-out/>
  <testcase classname="seleniumpoperties.AlwaysRunExample" name="testcase1" time="0.000"/>
  <system-out/>
  <testcase classname="seleniumpoperties.AlwaysRunExample" name="testcase1" time="0.000"/>
  <system-out/>
  <testcase classname="seleniumpoperties.AlwaysRunExample" name="testcase1" time="0.000"/>
  <system-out/>
  <testcase classname="seleniumpoperties.AlwaysRunExample" name="testcase1" time="0.000"/>
  <system-out/>
  <testcase classname="seleniumpoperties.AlwaysRunExample" name="testcase1" time="0.000"/>
  <system-out/>
  <testcase classname="seleniumpoperties.AlwaysRunExample" name="testcase1" time="0.000"/>
  <system-out/>
  <testcase classname="seleniumpoperties.AlwaysRunExample" name="testcase1" time="0.000"/>
  <system-out/>
  <testcase classname="seleniumpoperties.AlwaysRunExample" name="testcase1" time="0.000"/>
  <system-out/>
  <testcase classname="seleniumpoperties.AlwaysRunExample" name="testcase1" time="0.001"/>
  <system-out/>
  <testcase classname="seleniumpoperties.AlwaysRunExample" name="testcase1" time="0.000"/>
  <system-out/>
  <testcase classname="seleniumpoperties.AlwaysRunExample" name="testcase1" time="0.000"/>
  <system-out/>
  <testcase classname="seleniumpoperties.AlwaysRunExample" name="testcase1" time="0.000"/>
  <system-out/>
  <testcase classname="seleniumpoperties.AlwaysRunExample" name="testcase1" time="0.001"/>
  <system-out/>
  <testcase classname="seleniumpoperties.AlwaysRunExample" name="testcase1" time="0.000"/>
  <system-out/>
  <testcase classname="seleniumpoperties.AlwaysRunExample" name="testcase1" time="0.001"/>
  <system-out/>
  <testcase classname="seleniumpoperties.AlwaysRunExample" name="testcase1" time="0.000"/>
  <system-out/>
  <testcase classname="seleniumpoperties.AlwaysRunExample" name="testcase1" time="0.000"/>
  <system-out/>
  <testcase classname="seleniumpoperties.AlwaysRunExample" name="testcase1" time="0.000"/>
  <system-out/>
  <testcase classname="seleniumpoperties.AlwaysRunExample" name="testcase1" time="0.000"/>
  <system-out/>
  <testcase classname="seleniumpoperties.AlwaysRunExample" name="testcase1" time="0.001"/>
  <system-out/>
  <testcase classname="seleniumpoperties.AlwaysRunExample" name="testcase1" time="0.001"/>
  <system-out/>
  <testcase classname="seleniumpoperties.AlwaysRunExample" name="testcase1" time="0.000"/>
  <system-out/>
  <testcase classname="seleniumpoperties.AlwaysRunExample" name="testcase1" time="0.000"/>
  <system-out/>
  <testcase classname="seleniumpoperties.AlwaysRunExample" name="testcase1" time="0.001"/>
  <system-out/>
  <testcase classname="seleniumpoperties.AlwaysRunExample" name="testcase1" time="0.000"/>
  <system-out/>
  <testcase classname="seleniumpoperties.AlwaysRunExample" name="testcase1" time="0.001"/>
  <system-out/>
  <testcase classname="seleniumpoperties.AlwaysRunExample" name="testcase1" time="0.000"/>
  <system-out/>
  <testcase classname="seleniumpoperties.AlwaysRunExample" name="testcase1" time="0.000"/>
  <system-out/>
  <testcase classname="seleniumpoperties.AlwaysRunExample" name="testcase1" time="0.000"/>
  <system-out/>
  <testcase classname="seleniumpoperties.AlwaysRunExample" name="testcase1" time="0.000"/>
  <system-out/>
  <testcase classname="seleniumpoperties.AlwaysRunExample" name="testcase1" time="0.000"/>
  <system-out/>
  <testcase classname="seleniumpoperties.AlwaysRunExample" name="testcase1" time="0.000"/>
  <system-out/>
  <testcase classname="seleniumpoperties.AlwaysRunExample" name="testcase1" time="0.000"/>
  <system-out/>
  <testcase classname="seleniumpoperties.AlwaysRunExample" name="testcase1" time="0.000"/>
  <system-out/>
  <testcase classname="seleniumpoperties.AlwaysRunExample" name="testcase1" time="0.000"/>
  <system-out/>
  <testcase classname="seleniumpoperties.AlwaysRunExample" name="testcase1" time="0.000"/>
  <system-out/>
  <testcase classname="seleniumpoperties.AlwaysRunExample" name="testcase1" time="0.000"/>
  <system-out/>
  <testcase classname="seleniumpoperties.AlwaysRunExample" name="testcase1" time="0.000"/>
  <system-out/>
  <testcase classname="seleniumpoperties.AlwaysRunExample" name="testcase1" time="0.000"/>
  <system-out/>
  <testcase classname="seleniumpoperties.AlwaysRunExample" name="testcase1" time="0.000"/>
  <system-out/>
  <testcase classname="seleniumpoperties.AlwaysRunExample" name="testcase1" time="0.001"/>
  <system-out/>
  <testcase classname="seleniumpoperties.AlwaysRunExample" name="testcase1" time="0.000"/>
  <system-out/>
  <testcase classname="seleniumpoperties.AlwaysRunExample" name="testcase1" time="0.001"/>
  <system-out/>
  <testcase classname="seleniumpoperties.AlwaysRunExample" name="testcase1" time="0.000"/>
  <system-out/>
  <testcase classname="seleniumpoperties.AlwaysRunExample" name="testcase1" time="0.000"/>
  <system-out/>
  <testcase classname="seleniumpoperties.AlwaysRunExample" name="testcase1" time="0.000"/>
  <system-out/>
  <testcase classname="seleniumpoperties.AlwaysRunExample" name="testcase1" time="0.000"/>
  <system-out/>
  <testcase classname="seleniumpoperties.AlwaysRunExample" name="testcase1" time="0.000"/>
  <system-out/>
  <testcase classname="seleniumpoperties.AlwaysRunExample" name="testcase1" time="0.001"/>
  <system-out/>
  <testcase classname="seleniumpoperties.AlwaysRunExample" name="testcase1" time="0.000"/>
  <system-out/>
  <testcase classname="seleniumpoperties.AlwaysRunExample" name="testcase1" time="0.000"/>
  <system-out/>
  <testcase classname="seleniumpoperties.AlwaysRunExample" name="testcase1" time="0.000"/>
  <system-out/>
  <testcase classname="seleniumpoperties.AlwaysRunExample" name="testcase1" time="0.000"/>
  <system-out/>
  <testcase classname="seleniumpoperties.AlwaysRunExample" name="testcase1" time="0.000"/>
  <system-out/>
  <testcase classname="seleniumpoperties.AlwaysRunExample" name="testcase1" time="0.000"/>
  <system-out/>
  <testcase classname="seleniumpoperties.AlwaysRunExample" name="testcase1" time="0.001"/>
  <system-out/>
  <testcase classname="seleniumpoperties.AlwaysRunExample" name="testcase1" time="0.000"/>
  <system-out/>
  <testcase classname="seleniumpoperties.AlwaysRunExample" name="testcase1" time="0.000"/>
  <system-out/>
  <testcase classname="seleniumpoperties.AlwaysRunExample" name="testcase1" time="0.001"/>
  <system-out/>
  <testcase classname="seleniumpoperties.AlwaysRunExample" name="testcase1" time="0.000"/>
  <system-out/>
  <testcase classname="seleniumpoperties.AlwaysRunExample" name="testcase1" time="0.000"/>
  <system-out/>
  <testcase classname="seleniumpoperties.AlwaysRunExample" name="testcase1" time="0.000"/>
  <system-out/>
  <testcase classname="seleniumpoperties.AlwaysRunExample" name="testcase1" time="0.000"/>
  <system-out/>
  <testcase classname="seleniumpoperties.AlwaysRunExample" name="testcase1" time="0.001"/>
  <system-out/>
  <testcase classname="seleniumpoperties.AlwaysRunExample" name="testcase1" time="0.000"/>
  <system-out/>
  <testcase classname="seleniumpoperties.AlwaysRunExample" name="testcase1" time="0.000"/>
  <system-out/>
  <testcase classname="seleniumpoperties.AlwaysRunExample" name="testcase1" time="0.000"/>
  <system-out/>
  <testcase classname="seleniumpoperties.AlwaysRunExample" name="testcase1" time="0.000"/>
  <system-out/>
  <testcase classname="seleniumpoperties.AlwaysRunExample" name="testcase1" time="0.001"/>
  <system-out/>
  <testcase classname="seleniumpoperties.AlwaysRunExample" name="testcase1" time="0.001"/>
  <system-out/>
  <testcase classname="seleniumpoperties.AlwaysRunExample" name="testcase1" time="0.001"/>
  <system-out/>
  <testcase classname="seleniumpoperties.AlwaysRunExample" name="testcase1" time="0.001"/>
  <system-out/>
  <testcase classname="seleniumpoperties.AlwaysRunExample" name="testcase1" time="0.000"/>
  <system-out/>
  <testcase classname="seleniumpoperties.AlwaysRunExample" name="testcase1" time="0.001"/>
  <system-out/>
  <testcase classname="seleniumpoperties.AlwaysRunExample" name="testcase1" time="0.002"/>
  <system-out/>
  <testcase classname="seleniumpoperties.AlwaysRunExample" name="testcase1" time="0.001"/>
  <system-out/>
  <testcase classname="seleniumpoperties.AlwaysRunExample" name="testcase1" time="0.000"/>
  <system-out/>
  <testcase classname="seleniumpoperties.AlwaysRunExample" name="testcase1" time="0.000"/>
  <system-out/>
  <testcase classname="seleniumpoperties.AlwaysRunExample" name="testcase1" time="0.000"/>
  <system-out/>
  <testcase classname="seleniumpoperties.AlwaysRunExample" name="testcase1" time="0.000"/>
  <system-out/>
  <testcase classname="seleniumpoperties.AlwaysRunExample" name="testcase1" time="0.000"/>
  <system-out/>
  <testcase classname="seleniumpoperties.AlwaysRunExample" name="testcase1" time="0.000"/>
  <system-out/>
  <testcase classname="seleniumpoperties.AlwaysRunExample" name="testcase1" time="0.000"/>
  <system-out/>
  <testcase classname="seleniumpoperties.AlwaysRunExample" name="testcase1" time="0.000"/>
  <system-out/>
  <testcase classname="seleniumpoperties.AlwaysRunExample" name="testcase1" time="0.000"/>
  <system-out/>
  <testcase classname="seleniumpoperties.AlwaysRunExample" name="testcase1" time="0.000"/>
  <system-out/>
  <testcase classname="seleniumpoperties.AlwaysRunExample" name="testcase1" time="0.000"/>
  <system-out/>
  <testcase classname="seleniumpoperties.AlwaysRunExample" name="testcase1" time="0.000"/>
  <system-out/>
  <testcase classname="seleniumpoperties.AlwaysRunExample" name="testcase1" time="0.001"/>
  <system-out/>
  <testcase classname="seleniumpoperties.AlwaysRunExample" name="testcase1" time="0.000"/>
  <system-out/>
  <testcase classname="seleniumpoperties.AlwaysRunExample" name="testcase1" time="0.000"/>
  <system-out/>
  <testcase classname="seleniumpoperties.AlwaysRunExample" name="testcase1" time="0.000"/>
  <system-out/>
  <testcase classname="seleniumpoperties.AlwaysRunExample" name="testcase1" time="0.001"/>
  <system-out/>
  <testcase classname="seleniumpoperties.AlwaysRunExample" name="testcase1" time="0.000"/>
  <system-out/>
  <testcase classname="seleniumpoperties.AlwaysRunExample" name="testcase1" time="0.000"/>
  <system-out/>
  <testcase classname="seleniumpoperties.AlwaysRunExample" name="testcase1" time="0.000"/>
  <system-out/>
  <testcase classname="seleniumpoperties.AlwaysRunExample" name="testcase1" time="0.000"/>
  <system-out/>
  <testcase classname="seleniumpoperties.AlwaysRunExample" name="testcase1" time="0.000"/>
  <system-out/>
  <testcase classname="seleniumpoperties.AlwaysRunExample" name="testcase1" time="0.001"/>
  <system-out/>
  <testcase classname="seleniumpoperties.AlwaysRunExample" name="testcase1" time="0.000"/>
  <system-out/>
  <testcase classname="seleniumpoperties.AlwaysRunExample" name="testcase1" time="0.000"/>
  <system-out/>
  <testcase classname="seleniumpoperties.AlwaysRunExample" name="testcase1" time="0.001"/>
  <system-out/>
  <testcase classname="seleniumpoperties.AlwaysRunExample" name="testcase1" time="0.000"/>
  <system-out/>
  <testcase classname="seleniumpoperties.AlwaysRunExample" name="testcase1" time="0.000"/>
  <system-out/>
  <testcase classname="seleniumpoperties.AlwaysRunExample" name="testcase1" time="0.000"/>
  <system-out/>
  <testcase classname="seleniumpoperties.AlwaysRunExample" name="testcase1" time="0.001"/>
  <system-out/>
  <testcase classname="seleniumpoperties.AlwaysRunExample" name="testcase1" time="0.000"/>
  <system-out/>
  <testcase classname="seleniumpoperties.AlwaysRunExample" name="testcase1" time="0.000"/>
  <system-out/>
  <testcase classname="seleniumpoperties.AlwaysRunExample" name="testcase1" time="0.000"/>
  <system-out/>
  <testcase classname="seleniumpoperties.AlwaysRunExample" name="testcase1" time="0.000"/>
  <system-out/>
  <testcase classname="seleniumpoperties.AlwaysRunExample" name="testcase1" time="0.000"/>
  <system-out/>
  <testcase classname="seleniumpoperties.AlwaysRunExample" name="testcase1" time="0.000"/>
  <system-out/>
  <testcase classname="seleniumpoperties.AlwaysRunExample" name="testcase1" time="0.001"/>
  <system-out/>
  <testcase classname="seleniumpoperties.AlwaysRunExample" name="testcase1" time="0.000"/>
  <system-out/>
  <testcase classname="seleniumpoperties.AlwaysRunExample" name="testcase1" time="0.000"/>
  <system-out/>
  <testcase classname="seleniumpoperties.AlwaysRunExample" name="testcase1" time="0.000"/>
  <system-out/>
  <testcase classname="seleniumpoperties.AlwaysRunExample" name="testcase1" time="0.001"/>
  <system-out/>
  <testcase classname="seleniumpoperties.AlwaysRunExample" name="testcase1" time="0.000"/>
  <system-out/>
  <testcase classname="seleniumpoperties.AlwaysRunExample" name="testcase1" time="0.000"/>
  <system-out/>
  <testcase classname="seleniumpoperties.AlwaysRunExample" name="testcase1" time="0.000"/>
  <system-out/>
  <testcase classname="seleniumpoperties.AlwaysRunExample" name="testcase1" time="0.000"/>
  <system-out/>
  <testcase classname="seleniumpoperties.AlwaysRunExample" name="testcase1" time="0.000"/>
  <system-out/>
  <testcase classname="seleniumpoperties.AlwaysRunExample" name="testcase1" time="0.000"/>
  <system-out/>
  <testcase classname="seleniumpoperties.AlwaysRunExample" name="testcase1" time="0.000"/>
  <system-out/>
  <testcase classname="seleniumpoperties.AlwaysRunExample" name="testcase1" time="0.000"/>
  <system-out/>
  <testcase classname="seleniumpoperties.AlwaysRunExample" name="testcase1" time="0.000"/>
  <system-out/>
  <testcase classname="seleniumpoperties.AlwaysRunExample" name="testcase1" time="0.000"/>
  <system-out/>
  <testcase classname="seleniumpoperties.AlwaysRunExample" name="testcase1" time="0.001"/>
  <system-out/>
  <testcase classname="seleniumpoperties.AlwaysRunExample" name="testcase1" time="0.000"/>
  <system-out/>
  <testcase classname="seleniumpoperties.AlwaysRunExample" name="testcase1" time="0.000"/>
  <system-out/>
  <testcase classname="seleniumpoperties.AlwaysRunExample" name="testcase1" time="0.000"/>
  <system-out/>
  <testcase classname="seleniumpoperties.AlwaysRunExample" name="testcase1" time="0.000"/>
  <system-out/>
  <testcase classname="seleniumpoperties.AlwaysRunExample" name="testcase1" time="0.001"/>
  <system-out/>
  <testcase classname="seleniumpoperties.AlwaysRunExample" name="testcase1" time="0.001"/>
  <system-out/>
  <testcase classname="seleniumpoperties.AlwaysRunExample" name="testcase1" time="0.000"/>
  <system-out/>
  <testcase classname="seleniumpoperties.AlwaysRunExample" name="testcase1" time="0.000"/>
  <system-out/>
  <testcase classname="seleniumpoperties.AlwaysRunExample" name="testcase1" time="0.000"/>
  <system-out/>
  <testcase classname="seleniumpoperties.AlwaysRunExample" name="testcase1" time="0.000"/>
  <system-out/>
  <testcase classname="seleniumpoperties.AlwaysRunExample" name="testcase1" time="0.001"/>
  <system-out/>
  <testcase classname="seleniumpoperties.AlwaysRunExample" name="testcase1" time="0.000"/>
  <system-out/>
  <testcase classname="seleniumpoperties.AlwaysRunExample" name="testcase1" time="0.001"/>
  <system-out/>
  <testcase classname="seleniumpoperties.AlwaysRunExample" name="testcase1" time="0.000"/>
  <system-out/>
  <testcase classname="seleniumpoperties.AlwaysRunExample" name="testcase1" time="0.000"/>
  <system-out/>
  <testcase classname="seleniumpoperties.AlwaysRunExample" name="testcase1" time="0.000"/>
  <system-out/>
  <testcase classname="seleniumpoperties.AlwaysRunExample" name="testcase1" time="0.000"/>
  <system-out/>
  <testcase classname="seleniumpoperties.AlwaysRunExample" name="testcase1" time="0.000"/>
  <system-out/>
  <testcase classname="seleniumpoperties.AlwaysRunExample" name="testcase1" time="0.000"/>
  <system-out/>
  <testcase classname="seleniumpoperties.AlwaysRunExample" name="testcase1" time="0.000"/>
  <system-out/>
  <testcase classname="seleniumpoperties.AlwaysRunExample" name="testcase1" time="0.000"/>
  <system-out/>
  <testcase classname="seleniumpoperties.AlwaysRunExample" name="testcase1" time="0.000"/>
  <system-out/>
  <testcase classname="seleniumpoperties.AlwaysRunExample" name="testcase1" time="0.000"/>
  <system-out/>
  <testcase classname="seleniumpoperties.AlwaysRunExample" name="testcase1" time="0.000"/>
  <system-out/>
  <testcase classname="seleniumpoperties.AlwaysRunExample" name="testcase1" time="0.000"/>
  <system-out/>
  <testcase classname="seleniumpoperties.AlwaysRunExample" name="testcase1" time="0.000"/>
  <system-out/>
  <testcase classname="seleniumpoperties.AlwaysRunExample" name="testcase1" time="0.000"/>
  <system-out/>
  <testcase classname="seleniumpoperties.AlwaysRunExample" name="testcase1" time="0.000"/>
  <system-out/>
  <testcase classname="seleniumpoperties.AlwaysRunExample" name="testcase1" time="0.001"/>
  <system-out/>
  <testcase classname="seleniumpoperties.AlwaysRunExample" name="testcase1" time="0.000"/>
  <system-out/>
  <testcase classname="seleniumpoperties.AlwaysRunExample" name="testcase1" time="0.001"/>
  <system-out/>
  <testcase classname="seleniumpoperties.AlwaysRunExample" name="testcase1" time="0.000"/>
  <system-out/>
  <testcase classname="seleniumpoperties.AlwaysRunExample" name="testcase1" time="0.000"/>
  <system-out/>
  <testcase classname="seleniumpoperties.AlwaysRunExample" name="testcase1" time="0.001"/>
  <system-out/>
  <testcase classname="seleniumpoperties.AlwaysRunExample" name="testcase1" time="0.000"/>
  <system-out/>
  <testcase classname="seleniumpoperties.AlwaysRunExample" name="testcase1" time="0.000"/>
  <system-out/>
  <testcase classname="seleniumpoperties.AlwaysRunExample" name="testcase1" time="0.001"/>
  <system-out/>
  <testcase classname="seleniumpoperties.AlwaysRunExample" name="testcase1" time="0.001"/>
  <system-out/>
  <testcase classname="seleniumpoperties.AlwaysRunExample" name="testcase1" time="0.000"/>
  <system-out/>
  <testcase classname="seleniumpoperties.AlwaysRunExample" name="testcase1" time="0.000"/>
  <system-out/>
  <testcase classname="seleniumpoperties.AlwaysRunExample" name="testcase1" time="0.001"/>
  <system-out/>
  <testcase classname="seleniumpoperties.AlwaysRunExample" name="testcase1" time="0.000"/>
  <system-out/>
  <testcase classname="seleniumpoperties.AlwaysRunExample" name="testcase1" time="0.001"/>
  <system-out/>
  <testcase classname="seleniumpoperties.AlwaysRunExample" name="testcase1" time="0.000"/>
  <system-out/>
  <testcase classname="seleniumpoperties.AlwaysRunExample" name="testcase1" time="0.000"/>
  <system-out/>
  <testcase classname="seleniumpoperties.AlwaysRunExample" name="testcase1" time="0.000"/>
  <system-out/>
  <testcase classname="seleniumpoperties.AlwaysRunExample" name="testcase1" time="0.000"/>
  <system-out/>
  <testcase classname="seleniumpoperties.AlwaysRunExample" name="testcase1" time="0.000"/>
  <system-out/>
  <testcase classname="seleniumpoperties.AlwaysRunExample" name="testcase1" time="0.000"/>
  <system-out/>
  <testcase classname="seleniumpoperties.AlwaysRunExample" name="testcase1" time="0.000"/>
  <system-out/>
  <testcase classname="seleniumpoperties.AlwaysRunExample" name="testcase1" time="0.000"/>
  <system-out/>
  <testcase classname="seleniumpoperties.AlwaysRunExample" name="testcase1" time="0.000"/>
  <system-out/>
  <testcase classname="seleniumpoperties.AlwaysRunExample" name="testcase1" time="0.000"/>
  <system-out/>
  <testcase classname="seleniumpoperties.AlwaysRunExample" name="testcase1" time="0.000"/>
  <system-out/>
  <testcase classname="seleniumpoperties.AlwaysRunExample" name="testcase1" time="0.000"/>
  <system-out/>
  <testcase classname="seleniumpoperties.AlwaysRunExample" name="testcase1" time="0.000"/>
  <system-out/>
  <testcase classname="seleniumpoperties.AlwaysRunExample" name="testcase1" time="0.000"/>
  <system-out/>
  <testcase classname="seleniumpoperties.AlwaysRunExample" name="testcase1" time="0.000"/>
  <system-out/>
  <testcase classname="seleniumpoperties.AlwaysRunExample" name="testcase1" time="0.001"/>
  <system-out/>
  <testcase classname="seleniumpoperties.AlwaysRunExample" name="testcase1" time="0.000"/>
  <system-out/>
  <testcase classname="seleniumpoperties.AlwaysRunExample" name="testcase1" time="0.000"/>
  <system-out/>
  <testcase classname="seleniumpoperties.AlwaysRunExample" name="testcase1" time="0.000"/>
  <system-out/>
  <testcase classname="seleniumpoperties.AlwaysRunExample" name="testcase1" time="0.000"/>
  <system-out/>
  <testcase classname="seleniumpoperties.AlwaysRunExample" name="testcase1" time="0.001"/>
  <system-out/>
  <testcase classname="seleniumpoperties.AlwaysRunExample" name="testcase1" time="0.000"/>
  <system-out/>
  <testcase classname="seleniumpoperties.AlwaysRunExample" name="testcase1" time="0.000"/>
  <system-out/>
  <testcase classname="seleniumpoperties.AlwaysRunExample" name="testcase1" time="0.001"/>
  <system-out/>
  <testcase classname="seleniumpoperties.AlwaysRunExample" name="testcase1" time="0.000"/>
  <system-out/>
  <testcase classname="seleniumpoperties.AlwaysRunExample" name="testcase1" time="0.000"/>
  <system-out/>
  <testcase classname="seleniumpoperties.AlwaysRunExample" name="testcase1" time="0.001"/>
  <system-out/>
  <testcase classname="seleniumpoperties.AlwaysRunExample" name="testcase1" time="0.000"/>
  <system-out/>
  <testcase classname="seleniumpoperties.AlwaysRunExample" name="testcase1" time="0.001"/>
  <system-out/>
  <testcase classname="seleniumpoperties.AlwaysRunExample" name="testcase1" time="0.000"/>
  <system-out/>
  <testcase classname="seleniumpoperties.AlwaysRunExample" name="testcase1" time="0.000"/>
  <system-out/>
  <testcase classname="seleniumpoperties.AlwaysRunExample" name="testcase1" time="0.000"/>
  <system-out/>
  <testcase classname="seleniumpoperties.AlwaysRunExample" name="testcase1" time="0.000"/>
  <system-out/>
  <testcase classname="seleniumpoperties.AlwaysRunExample" name="testcase1" time="0.000"/>
  <system-out/>
  <testcase classname="seleniumpoperties.AlwaysRunExample" name="testcase1" time="0.000"/>
  <system-out/>
  <testcase classname="seleniumpoperties.AlwaysRunExample" name="testcase1" time="0.000"/>
  <system-out/>
  <testcase classname="seleniumpoperties.AlwaysRunExample" name="testcase1" time="0.000"/>
  <system-out/>
  <testcase classname="seleniumpoperties.AlwaysRunExample" name="testcase1" time="0.000"/>
  <system-out/>
  <testcase classname="seleniumpoperties.AlwaysRunExample" name="testcase1" time="0.001"/>
  <system-out/>
  <testcase classname="seleniumpoperties.AlwaysRunExample" name="testcase1" time="0.000"/>
  <system-out/>
  <testcase classname="seleniumpoperties.AlwaysRunExample" name="testcase1" time="0.001"/>
  <system-out/>
  <testcase classname="seleniumpoperties.AlwaysRunExample" name="testcase1" time="0.000"/>
  <system-out/>
  <testcase classname="seleniumpoperties.AlwaysRunExample" name="testcase1" time="0.000"/>
  <system-out/>
  <testcase classname="seleniumpoperties.AlwaysRunExample" name="testcase1" time="0.000"/>
  <system-out/>
  <testcase classname="seleniumpoperties.AlwaysRunExample" name="testcase1" time="0.001"/>
  <system-out/>
  <testcase classname="seleniumpoperties.AlwaysRunExample" name="testcase1" time="0.000"/>
  <system-out/>
  <testcase classname="seleniumpoperties.AlwaysRunExample" name="testcase1" time="0.001"/>
  <system-out/>
  <testcase classname="seleniumpoperties.AlwaysRunExample" name="testcase1" time="0.001"/>
  <system-out/>
  <testcase classname="seleniumpoperties.AlwaysRunExample" name="testcase1" time="0.000"/>
  <system-out/>
  <testcase classname="seleniumpoperties.AlwaysRunExample" name="testcase1" time="0.000"/>
  <system-out/>
  <testcase classname="seleniumpoperties.AlwaysRunExample" name="testcase1" time="0.001"/>
  <system-out/>
  <testcase classname="seleniumpoperties.AlwaysRunExample" name="testcase1" time="0.000"/>
  <system-out/>
  <testcase classname="seleniumpoperties.AlwaysRunExample" name="testcase1" time="0.001"/>
  <system-out/>
  <testcase classname="seleniumpoperties.AlwaysRunExample" name="testcase1" time="0.000"/>
  <system-out/>
  <testcase classname="seleniumpoperties.AlwaysRunExample" name="testcase1" time="0.000"/>
  <system-out/>
  <testcase classname="seleniumpoperties.AlwaysRunExample" name="testcase1" time="0.000"/>
  <system-out/>
  <testcase classname="seleniumpoperties.AlwaysRunExample" name="testcase1" time="0.000"/>
  <system-out/>
  <testcase classname="seleniumpoperties.AlwaysRunExample" name="testcase1" time="0.011"/>
  <system-out/>
  <testcase classname="seleniumpoperties.AlwaysRunExample" name="testcase1" time="0.001"/>
  <system-out/>
  <testcase classname="seleniumpoperties.AlwaysRunExample" name="testcase1" time="0.001"/>
  <system-out/>
  <testcase classname="seleniumpoperties.AlwaysRunExample" name="testcase1" time="0.000"/>
  <system-out/>
  <testcase classname="seleniumpoperties.AlwaysRunExample" name="testcase1" time="0.000"/>
  <system-out/>
  <testcase classname="seleniumpoperties.AlwaysRunExample" name="testcase1" time="0.000"/>
  <system-out/>
  <testcase classname="seleniumpoperties.AlwaysRunExample" name="testcase1" time="0.000"/>
  <system-out/>
  <testcase classname="seleniumpoperties.AlwaysRunExample" name="testcase1" time="0.000"/>
  <system-out/>
  <testcase classname="seleniumpoperties.AlwaysRunExample" name="testcase1" time="0.000"/>
  <system-out/>
  <testcase classname="seleniumpoperties.AlwaysRunExample" name="testcase1" time="0.000"/>
  <system-out/>
  <testcase classname="seleniumpoperties.AlwaysRunExample" name="testcase1" time="0.000"/>
  <system-out/>
  <testcase classname="seleniumpoperties.AlwaysRunExample" name="testcase1" time="0.000"/>
  <system-out/>
  <testcase classname="seleniumpoperties.AlwaysRunExample" name="testcase1" time="0.000"/>
  <system-out/>
  <testcase classname="seleniumpoperties.AlwaysRunExample" name="testcase1" time="0.000"/>
  <system-out/>
  <testcase classname="seleniumpoperties.AlwaysRunExample" name="testcase1" time="0.000"/>
  <system-out/>
  <testcase classname="seleniumpoperties.AlwaysRunExample" name="testcase1" time="0.000"/>
  <system-out/>
  <testcase classname="seleniumpoperties.AlwaysRunExample" name="testcase1" time="0.000"/>
  <system-out/>
  <testcase classname="seleniumpoperties.AlwaysRunExample" name="testcase1" time="0.000"/>
  <system-out/>
  <testcase classname="seleniumpoperties.AlwaysRunExample" name="testcase1" time="0.000"/>
  <system-out/>
  <testcase classname="seleniumpoperties.AlwaysRunExample" name="testcase1" time="0.000"/>
  <system-out/>
  <testcase classname="seleniumpoperties.AlwaysRunExample" name="testcase1" time="0.000"/>
  <system-out/>
  <testcase classname="seleniumpoperties.AlwaysRunExample" name="testcase1" time="0.000"/>
  <system-out/>
  <testcase classname="seleniumpoperties.AlwaysRunExample" name="testcase1" time="0.000"/>
  <system-out/>
  <testcase classname="seleniumpoperties.AlwaysRunExample" name="testcase1" time="0.000"/>
  <system-out/>
  <testcase classname="seleniumpoperties.AlwaysRunExample" name="testcase1" time="0.000"/>
  <system-out/>
  <testcase classname="seleniumpoperties.AlwaysRunExample" name="testcase1" time="0.000"/>
  <system-out/>
  <testcase classname="seleniumpoperties.AlwaysRunExample" name="testcase1" time="0.000"/>
  <system-out/>
  <testcase classname="seleniumpoperties.AlwaysRunExample" name="testcase1" time="0.000"/>
  <system-out/>
  <testcase classname="seleniumpoperties.AlwaysRunExample" name="testcase1" time="0.000"/>
  <system-out/>
  <testcase classname="seleniumpoperties.AlwaysRunExample" name="testcase1" time="0.000"/>
  <system-out/>
  <testcase classname="seleniumpoperties.AlwaysRunExample" name="testcase1" time="0.000"/>
  <system-out/>
  <testcase classname="seleniumpoperties.AlwaysRunExample" name="testcase1" time="0.000"/>
  <system-out/>
  <testcase classname="seleniumpoperties.AlwaysRunExample" name="testcase1" time="0.000"/>
  <system-out/>
  <testcase classname="seleniumpoperties.AlwaysRunExample" name="testcase1" time="0.001"/>
  <system-out/>
  <testcase classname="seleniumpoperties.AlwaysRunExample" name="testcase1" time="0.001"/>
  <system-out/>
  <testcase classname="seleniumpoperties.AlwaysRunExample" name="testcase1" time="0.001"/>
  <system-out/>
  <testcase classname="seleniumpoperties.AlwaysRunExample" name="testcase1" time="0.000"/>
  <system-out/>
  <testcase classname="seleniumpoperties.AlwaysRunExample" name="testcase1" time="0.000"/>
  <system-out/>
  <testcase classname="seleniumpoperties.AlwaysRunExample" name="testcase1" time="0.000"/>
  <system-out/>
  <testcase classname="seleniumpoperties.AlwaysRunExample" name="testcase1" time="0.000"/>
  <system-out/>
  <testcase classname="seleniumpoperties.AlwaysRunExample" name="testcase1" time="0.001"/>
  <system-out/>
  <testcase classname="seleniumpoperties.AlwaysRunExample" name="testcase1" time="0.000"/>
  <system-out/>
  <testcase classname="seleniumpoperties.AlwaysRunExample" name="testcase1" time="0.000"/>
  <system-out/>
  <testcase classname="seleniumpoperties.AlwaysRunExample" name="testcase1" time="0.001"/>
  <system-out/>
  <testcase classname="seleniumpoperties.AlwaysRunExample" name="testcase1" time="0.000"/>
  <system-out/>
  <testcase classname="seleniumpoperties.AlwaysRunExample" name="testcase1" time="0.000"/>
  <system-out/>
  <testcase classname="seleniumpoperties.AlwaysRunExample" name="testcase1" time="0.000"/>
  <system-out/>
  <testcase classname="seleniumpoperties.AlwaysRunExample" name="testcase1" time="0.000"/>
  <system-out/>
  <testcase classname="seleniumpoperties.AlwaysRunExample" name="testcase1" time="0.000"/>
  <system-out/>
  <testcase classname="seleniumpoperties.AlwaysRunExample" name="testcase1" time="0.001"/>
  <system-out/>
  <testcase classname="seleniumpoperties.AlwaysRunExample" name="testcase1" time="0.000"/>
  <system-out/>
  <testcase classname="seleniumpoperties.AlwaysRunExample" name="testcase1" time="0.000"/>
  <system-out/>
  <testcase classname="seleniumpoperties.AlwaysRunExample" name="testcase1" time="0.001"/>
  <system-out/>
  <testcase classname="seleniumpoperties.AlwaysRunExample" name="testcase1" time="0.000"/>
  <system-out/>
  <testcase classname="seleniumpoperties.AlwaysRunExample" name="testcase1" time="0.000"/>
  <system-out/>
  <testcase classname="seleniumpoperties.AlwaysRunExample" name="testcase1" time="0.001"/>
  <system-out/>
  <testcase classname="seleniumpoperties.AlwaysRunExample" name="testcase1" time="0.000"/>
  <system-out/>
  <testcase classname="seleniumpoperties.AlwaysRunExample" name="testcase1" time="0.000"/>
  <system-out/>
  <testcase classname="seleniumpoperties.AlwaysRunExample" name="testcase1" time="0.001"/>
  <system-out/>
  <testcase classname="seleniumpoperties.AlwaysRunExample" name="testcase1" time="0.000"/>
  <system-out/>
  <testcase classname="seleniumpoperties.AlwaysRunExample" name="testcase1" time="0.000"/>
  <system-out/>
  <testcase classname="seleniumpoperties.AlwaysRunExample" name="testcase1" time="0.002"/>
  <system-out/>
  <testcase classname="seleniumpoperties.AlwaysRunExample" name="testcase1" time="0.000"/>
  <system-out/>
  <testcase classname="seleniumpoperties.AlwaysRunExample" name="testcase1" time="0.000"/>
  <system-out/>
  <testcase classname="seleniumpoperties.AlwaysRunExample" name="testcase1" time="0.000"/>
  <system-out/>
  <testcase classname="seleniumpoperties.AlwaysRunExample" name="testcase1" time="0.000"/>
  <system-out/>
  <testcase classname="seleniumpoperties.AlwaysRunExample" name="testcase1" time="0.000"/>
  <system-out/>
  <testcase classname="seleniumpoperties.AlwaysRunExample" name="testcase1" time="0.000"/>
  <system-out/>
  <testcase classname="seleniumpoperties.AlwaysRunExample" name="testcase1" time="0.000"/>
  <system-out/>
  <testcase classname="seleniumpoperties.AlwaysRunExample" name="testcase1" time="0.000"/>
  <system-out/>
  <testcase classname="seleniumpoperties.AlwaysRunExample" name="testcase1" time="0.000"/>
  <system-out/>
  <testcase classname="seleniumpoperties.AlwaysRunExample" name="testcase1" time="0.000"/>
  <system-out/>
  <testcase classname="seleniumpoperties.AlwaysRunExample" name="testcase1" time="0.000"/>
  <system-out/>
  <testcase classname="seleniumpoperties.AlwaysRunExample" name="testcase1" time="0.000"/>
  <system-out/>
  <testcase classname="seleniumpoperties.AlwaysRunExample" name="testcase1" time="0.000"/>
  <system-out/>
  <testcase classname="seleniumpoperties.AlwaysRunExample" name="testcase1" time="0.000"/>
  <system-out/>
  <testcase classname="seleniumpoperties.AlwaysRunExample" name="testcase1" time="0.000"/>
  <system-out/>
  <testcase classname="seleniumpoperties.AlwaysRunExample" name="testcase1" time="0.000"/>
  <system-out/>
  <testcase classname="seleniumpoperties.AlwaysRunExample" name="testcase1" time="0.000"/>
  <system-out/>
  <testcase classname="seleniumpoperties.AlwaysRunExample" name="testcase1" time="0.000"/>
  <system-out/>
  <testcase classname="seleniumpoperties.AlwaysRunExample" name="testcase1" time="0.000"/>
  <system-out/>
  <testcase classname="seleniumpoperties.AlwaysRunExample" name="testcase1" time="0.001"/>
  <system-out/>
  <testcase classname="seleniumpoperties.AlwaysRunExample" name="testcase1" time="0.000"/>
  <system-out/>
  <testcase classname="seleniumpoperties.AlwaysRunExample" name="testcase1" time="0.000"/>
  <system-out/>
  <testcase classname="seleniumpoperties.AlwaysRunExample" name="testcase1" time="0.000"/>
  <system-out/>
  <testcase classname="seleniumpoperties.AlwaysRunExample" name="testcase1" time="0.000"/>
  <system-out/>
  <testcase classname="seleniumpoperties.AlwaysRunExample" name="testcase1" time="0.000"/>
  <system-out/>
  <testcase classname="seleniumpoperties.AlwaysRunExample" name="testcase1" time="0.000"/>
  <system-out/>
  <testcase classname="seleniumpoperties.AlwaysRunExample" name="testcase1" time="0.000"/>
  <system-out/>
  <testcase classname="seleniumpoperties.AlwaysRunExample" name="testcase1" time="0.000"/>
  <system-out/>
  <testcase classname="seleniumpoperties.AlwaysRunExample" name="testcase1" time="0.000"/>
  <system-out/>
  <testcase classname="seleniumpoperties.AlwaysRunExample" name="testcase1" time="0.000"/>
  <system-out/>
  <testcase classname="seleniumpoperties.AlwaysRunExample" name="testcase1" time="0.000"/>
  <system-out/>
  <testcase classname="seleniumpoperties.AlwaysRunExample" name="testcase1" time="0.001"/>
  <system-out/>
  <testcase classname="seleniumpoperties.AlwaysRunExample" name="testcase1" time="0.000"/>
  <system-out/>
  <testcase classname="seleniumpoperties.AlwaysRunExample" name="testcase1" time="0.000"/>
  <system-out/>
  <testcase classname="seleniumpoperties.AlwaysRunExample" name="testcase1" time="0.001"/>
  <system-out/>
  <testcase classname="seleniumpoperties.AlwaysRunExample" name="testcase1" time="0.000"/>
  <system-out/>
  <testcase classname="seleniumpoperties.AlwaysRunExample" name="testcase1" time="0.000"/>
  <system-out/>
  <testcase classname="seleniumpoperties.AlwaysRunExample" name="testcase1" time="0.000"/>
  <system-out/>
  <testcase classname="seleniumpoperties.AlwaysRunExample" name="testcase1" time="0.000"/>
  <system-out/>
  <testcase classname="seleniumpoperties.AlwaysRunExample" name="testcase1" time="0.000"/>
  <system-out/>
  <testcase classname="seleniumpoperties.AlwaysRunExample" name="testcase1" time="0.000"/>
  <system-out/>
  <testcase classname="seleniumpoperties.AlwaysRunExample" name="testcase1" time="0.001"/>
  <system-out/>
  <testcase classname="seleniumpoperties.AlwaysRunExample" name="testcase1" time="0.000"/>
  <system-out/>
  <testcase classname="seleniumpoperties.AlwaysRunExample" name="testcase1" time="0.000"/>
  <system-out/>
  <testcase classname="seleniumpoperties.AlwaysRunExample" name="testcase1" time="0.000"/>
  <system-out/>
  <testcase classname="seleniumpoperties.AlwaysRunExample" name="testcase1" time="0.000"/>
  <system-out/>
  <testcase classname="seleniumpoperties.AlwaysRunExample" name="testcase1" time="0.000"/>
  <system-out/>
  <testcase classname="seleniumpoperties.AlwaysRunExample" name="testcase1" time="0.001"/>
  <system-out/>
  <testcase classname="seleniumpoperties.AlwaysRunExample" name="testcase1" time="0.000"/>
  <system-out/>
  <testcase classname="seleniumpoperties.AlwaysRunExample" name="testcase1" time="0.001"/>
  <system-out/>
  <testcase classname="seleniumpoperties.AlwaysRunExample" name="testcase1" time="0.000"/>
  <system-out/>
  <testcase classname="seleniumpoperties.AlwaysRunExample" name="testcase1" time="0.000"/>
  <system-out/>
  <testcase classname="seleniumpoperties.AlwaysRunExample" name="testcase1" time="0.000"/>
  <system-out/>
  <testcase classname="seleniumpoperties.AlwaysRunExample" name="testcase1" time="0.000"/>
  <system-out/>
  <testcase classname="seleniumpoperties.AlwaysRunExample" name="testcase1" time="0.000"/>
  <system-out/>
  <testcase classname="seleniumpoperties.AlwaysRunExample" name="testcase1" time="0.000"/>
  <system-out/>
  <testcase classname="seleniumpoperties.AlwaysRunExample" name="testcase1" time="0.001"/>
  <system-out/>
  <testcase classname="seleniumpoperties.AlwaysRunExample" name="testcase1" time="0.001"/>
  <system-out/>
  <testcase classname="seleniumpoperties.AlwaysRunExample" name="testcase1" time="0.000"/>
  <system-out/>
  <testcase classname="seleniumpoperties.AlwaysRunExample" name="testcase1" time="0.001"/>
  <system-out/>
  <testcase classname="seleniumpoperties.AlwaysRunExample" name="testcase1" time="0.000"/>
  <system-out/>
  <testcase classname="seleniumpoperties.AlwaysRunExample" name="testcase1" time="0.000"/>
  <system-out/>
  <testcase classname="seleniumpoperties.AlwaysRunExample" name="testcase1" time="0.001"/>
  <system-out/>
  <testcase classname="seleniumpoperties.AlwaysRunExample" name="testcase1" time="0.000"/>
  <system-out/>
  <testcase classname="seleniumpoperties.AlwaysRunExample" name="testcase1" time="0.000"/>
  <system-out/>
  <testcase classname="seleniumpoperties.AlwaysRunExample" name="testcase1" time="0.001"/>
  <system-out/>
  <testcase classname="seleniumpoperties.AlwaysRunExample" name="testcase1" time="0.000"/>
  <system-out/>
  <testcase classname="seleniumpoperties.AlwaysRunExample" name="testcase1" time="0.001"/>
  <system-out/>
  <testcase classname="seleniumpoperties.AlwaysRunExample" name="testcase1" time="0.001"/>
  <system-out/>
  <testcase classname="seleniumpoperties.AlwaysRunExample" name="testcase1" time="0.000"/>
  <system-out/>
  <testcase classname="seleniumpoperties.AlwaysRunExample" name="testcase1" time="0.000"/>
  <system-out/>
  <testcase classname="seleniumpoperties.AlwaysRunExample" name="testcase1" time="0.000"/>
  <system-out/>
  <testcase classname="seleniumpoperties.AlwaysRunExample" name="testcase1" time="0.000"/>
  <system-out/>
  <testcase classname="seleniumpoperties.AlwaysRunExample" name="testcase1" time="0.000"/>
  <system-out/>
  <testcase classname="seleniumpoperties.AlwaysRunExample" name="testcase1" time="0.000"/>
  <system-out/>
  <testcase classname="seleniumpoperties.AlwaysRunExample" name="testcase1" time="0.001"/>
  <system-out/>
  <testcase classname="seleniumpoperties.AlwaysRunExample" name="testcase1" time="0.000"/>
  <system-out/>
  <testcase classname="seleniumpoperties.AlwaysRunExample" name="testcase1" time="0.001"/>
  <system-out/>
  <testcase classname="seleniumpoperties.AlwaysRunExample" name="testcase1" time="0.000"/>
  <system-out/>
  <testcase classname="seleniumpoperties.AlwaysRunExample" name="testcase1" time="0.000"/>
  <system-out/>
  <testcase classname="seleniumpoperties.AlwaysRunExample" name="testcase1" time="0.000"/>
  <system-out/>
  <testcase classname="seleniumpoperties.AlwaysRunExample" name="testcase1" time="0.000"/>
  <system-out/>
  <testcase classname="seleniumpoperties.AlwaysRunExample" name="testcase1" time="0.000"/>
  <system-out/>
  <testcase classname="seleniumpoperties.AlwaysRunExample" name="testcase1" time="0.000"/>
  <system-out/>
  <testcase classname="seleniumpoperties.AlwaysRunExample" name="testcase1" time="0.001"/>
  <system-out/>
  <testcase classname="seleniumpoperties.AlwaysRunExample" name="testcase1" time="0.000"/>
  <system-out/>
  <testcase classname="seleniumpoperties.AlwaysRunExample" name="testcase1" time="0.001"/>
  <system-out/>
  <testcase classname="seleniumpoperties.AlwaysRunExample" name="testcase1" time="0.001"/>
  <system-out/>
  <testcase classname="seleniumpoperties.AlwaysRunExample" name="testcase1" time="0.000"/>
  <system-out/>
  <testcase classname="seleniumpoperties.AlwaysRunExample" name="testcase1" time="0.001"/>
  <system-out/>
  <testcase classname="seleniumpoperties.AlwaysRunExample" name="testcase1" time="0.000"/>
  <system-out/>
  <testcase classname="seleniumpoperties.AlwaysRunExample" name="testcase1" time="0.000"/>
  <system-out/>
  <testcase classname="seleniumpoperties.AlwaysRunExample" name="testcase1" time="0.000"/>
  <system-out/>
  <testcase classname="seleniumpoperties.AlwaysRunExample" name="testcase1" time="0.000"/>
  <system-out/>
  <testcase classname="seleniumpoperties.AlwaysRunExample" name="testcase1" time="0.000"/>
  <system-out/>
  <testcase classname="seleniumpoperties.AlwaysRunExample" name="testcase1" time="0.000"/>
  <system-out/>
  <testcase classname="seleniumpoperties.AlwaysRunExample" name="testcase1" time="0.001"/>
  <system-out/>
  <testcase classname="seleniumpoperties.AlwaysRunExample" name="testcase1" time="0.001"/>
  <system-out/>
  <testcase classname="seleniumpoperties.AlwaysRunExample" name="testcase1" time="0.000"/>
  <system-out/>
  <testcase classname="seleniumpoperties.AlwaysRunExample" name="testcase1" time="0.000"/>
  <system-out/>
  <testcase classname="seleniumpoperties.AlwaysRunExample" name="testcase1" time="0.001"/>
  <system-out/>
  <testcase classname="seleniumpoperties.AlwaysRunExample" name="testcase1" time="0.000"/>
  <system-out/>
  <testcase classname="seleniumpoperties.AlwaysRunExample" name="testcase1" time="0.001"/>
  <system-out/>
  <testcase classname="seleniumpoperties.AlwaysRunExample" name="testcase1" time="0.000"/>
  <system-out/>
  <testcase classname="seleniumpoperties.AlwaysRunExample" name="testcase1" time="0.000"/>
  <system-out/>
  <testcase classname="seleniumpoperties.AlwaysRunExample" name="testcase1" time="0.001"/>
  <system-out/>
  <testcase classname="seleniumpoperties.AlwaysRunExample" name="testcase1" time="0.001"/>
  <system-out/>
  <testcase classname="seleniumpoperties.AlwaysRunExample" name="testcase1" time="0.000"/>
  <system-out/>
  <testcase classname="seleniumpoperties.AlwaysRunExample" name="testcase1" time="0.000"/>
  <system-out/>
  <testcase classname="seleniumpoperties.AlwaysRunExample" name="testcase1" time="0.000"/>
  <system-out/>
  <testcase classname="seleniumpoperties.AlwaysRunExample" name="testcase1" time="0.000"/>
  <system-out/>
  <testcase classname="seleniumpoperties.AlwaysRunExample" name="testcase1" time="0.000"/>
  <system-out/>
  <testcase classname="seleniumpoperties.AlwaysRunExample" name="testcase1" time="0.000"/>
  <system-out/>
  <testcase classname="seleniumpoperties.AlwaysRunExample" name="testcase1" time="0.000"/>
  <system-out/>
  <testcase classname="seleniumpoperties.AlwaysRunExample" name="testcase1" time="0.000"/>
  <system-out/>
  <testcase classname="seleniumpoperties.AlwaysRunExample" name="testcase1" time="0.000"/>
  <system-out/>
  <testcase classname="seleniumpoperties.AlwaysRunExample" name="testcase1" time="0.000"/>
  <system-out/>
  <testcase classname="seleniumpoperties.AlwaysRunExample" name="testcase1" time="0.001"/>
  <system-out/>
  <testcase classname="seleniumpoperties.AlwaysRunExample" name="testcase1" time="0.000"/>
  <system-out/>
  <testcase classname="seleniumpoperties.AlwaysRunExample" name="testcase1" time="0.000"/>
  <system-out/>
  <testcase classname="seleniumpoperties.AlwaysRunExample" name="testcase1" time="0.000"/>
  <system-out/>
  <testcase classname="seleniumpoperties.AlwaysRunExample" name="testcase1" time="0.000"/>
  <system-out/>
  <testcase classname="seleniumpoperties.AlwaysRunExample" name="testcase1" time="0.000"/>
  <system-out/>
  <testcase classname="seleniumpoperties.AlwaysRunExample" name="testcase1" time="0.000"/>
  <system-out/>
  <testcase classname="seleniumpoperties.AlwaysRunExample" name="testcase1" time="0.001"/>
  <system-out/>
  <testcase classname="seleniumpoperties.AlwaysRunExample" name="testcase1" time="0.000"/>
  <system-out/>
  <testcase classname="seleniumpoperties.AlwaysRunExample" name="testcase1" time="0.000"/>
  <system-out/>
  <testcase classname="seleniumpoperties.AlwaysRunExample" name="testcase1" time="0.000"/>
  <system-out/>
  <testcase classname="seleniumpoperties.AlwaysRunExample" name="testcase1" time="0.000"/>
  <system-out/>
  <testcase classname="seleniumpoperties.AlwaysRunExample" name="testcase1" time="0.002"/>
  <system-out/>
  <testcase classname="seleniumpoperties.AlwaysRunExample" name="testcase1" time="0.000"/>
  <system-out/>
  <testcase classname="seleniumpoperties.AlwaysRunExample" name="testcase1" time="0.000"/>
  <system-out/>
  <testcase classname="seleniumpoperties.AlwaysRunExample" name="testcase1" time="0.000"/>
  <system-out/>
  <testcase classname="seleniumpoperties.AlwaysRunExample" name="testcase1" time="0.000"/>
  <system-out/>
  <testcase classname="seleniumpoperties.AlwaysRunExample" name="testcase1" time="0.000"/>
  <system-out/>
  <testcase classname="seleniumpoperties.AlwaysRunExample" name="testcase1" time="0.001"/>
  <system-out/>
  <testcase classname="seleniumpoperties.AlwaysRunExample" name="testcase1" time="0.000"/>
  <system-out/>
  <testcase classname="seleniumpoperties.AlwaysRunExample" name="testcase1" time="0.000"/>
  <system-out/>
  <testcase classname="seleniumpoperties.AlwaysRunExample" name="testcase1" time="0.000"/>
  <system-out/>
  <testcase classname="seleniumpoperties.AlwaysRunExample" name="testcase1" time="0.000"/>
  <system-out/>
  <testcase classname="seleniumpoperties.AlwaysRunExample" name="testcase1" time="0.000"/>
  <system-out/>
  <testcase classname="seleniumpoperties.AlwaysRunExample" name="testcase1" time="0.000"/>
  <system-out/>
  <testcase classname="seleniumpoperties.AlwaysRunExample" name="testcase1" time="0.000"/>
  <system-out/>
  <testcase classname="seleniumpoperties.AlwaysRunExample" name="testcase1" time="0.001"/>
  <system-out/>
  <testcase classname="seleniumpoperties.AlwaysRunExample" name="testcase1" time="0.000"/>
  <system-out/>
  <testcase classname="seleniumpoperties.AlwaysRunExample" name="testcase1" time="0.000"/>
  <system-out/>
  <testcase classname="seleniumpoperties.AlwaysRunExample" name="testcase1" time="0.000"/>
  <system-out/>
  <testcase classname="seleniumpoperties.AlwaysRunExample" name="testcase1" time="0.001"/>
  <system-out/>
  <testcase classname="seleniumpoperties.AlwaysRunExample" name="testcase1" time="0.000"/>
  <system-out/>
  <testcase classname="seleniumpoperties.AlwaysRunExample" name="testcase1" time="0.000"/>
  <system-out/>
  <testcase classname="seleniumpoperties.AlwaysRunExample" name="testcase1" time="0.001"/>
  <system-out/>
  <testcase classname="seleniumpoperties.AlwaysRunExample" name="testcase1" time="0.000"/>
  <system-out/>
  <testcase classname="seleniumpoperties.AlwaysRunExample" name="testcase1" time="0.000"/>
  <system-out/>
  <testcase classname="seleniumpoperties.AlwaysRunExample" name="testcase1" time="0.000"/>
  <system-out/>
  <testcase classname="seleniumpoperties.AlwaysRunExample" name="testcase1" time="0.000"/>
  <system-out/>
  <testcase classname="seleniumpoperties.AlwaysRunExample" name="testcase1" time="0.000"/>
  <system-out/>
  <testcase classname="seleniumpoperties.AlwaysRunExample" name="testcase1" time="0.000"/>
  <system-out/>
  <testcase classname="seleniumpoperties.AlwaysRunExample" name="testcase1" time="0.000"/>
  <system-out/>
  <testcase classname="seleniumpoperties.AlwaysRunExample" name="testcase1" time="0.000"/>
  <system-out/>
  <testcase classname="seleniumpoperties.AlwaysRunExample" name="testcase1" time="0.001"/>
  <system-out/>
  <testcase classname="seleniumpoperties.AlwaysRunExample" name="testcase1" time="0.000"/>
  <system-out/>
  <testcase classname="seleniumpoperties.AlwaysRunExample" name="testcase1" time="0.001"/>
  <system-out/>
  <testcase classname="seleniumpoperties.AlwaysRunExample" name="testcase1" time="0.001"/>
  <system-out/>
  <testcase classname="seleniumpoperties.AlwaysRunExample" name="testcase1" time="0.000"/>
  <system-out/>
  <testcase classname="seleniumpoperties.AlwaysRunExample" name="testcase1" time="0.000"/>
  <system-out/>
  <testcase classname="seleniumpoperties.AlwaysRunExample" name="testcase1" time="0.001"/>
  <system-out/>
  <testcase classname="seleniumpoperties.AlwaysRunExample" name="testcase1" time="0.000"/>
  <system-out/>
  <testcase classname="seleniumpoperties.AlwaysRunExample" name="testcase1" time="0.000"/>
  <system-out/>
  <testcase classname="seleniumpoperties.AlwaysRunExample" name="testcase1" time="0.000"/>
  <system-out/>
  <testcase classname="seleniumpoperties.AlwaysRunExample" name="testcase1" time="0.001"/>
  <system-out/>
  <testcase classname="seleniumpoperties.AlwaysRunExample" name="testcase1" time="0.000"/>
  <system-out/>
  <testcase classname="seleniumpoperties.AlwaysRunExample" name="testcase1" time="0.000"/>
  <system-out/>
  <testcase classname="seleniumpoperties.AlwaysRunExample" name="testcase1" time="0.000"/>
  <system-out/>
  <testcase classname="seleniumpoperties.AlwaysRunExample" name="testcase1" time="0.000"/>
  <system-out/>
  <testcase classname="seleniumpoperties.AlwaysRunExample" name="testcase1" time="0.000"/>
  <system-out/>
  <testcase classname="seleniumpoperties.AlwaysRunExample" name="testcase1" time="0.000"/>
  <system-out/>
  <testcase classname="seleniumpoperties.AlwaysRunExample" name="testcase1" time="0.000"/>
  <system-out/>
  <testcase classname="seleniumpoperties.AlwaysRunExample" name="testcase1" time="0.000"/>
  <system-out/>
  <testcase classname="seleniumpoperties.AlwaysRunExample" name="testcase1" time="0.001"/>
  <system-out/>
  <testcase classname="seleniumpoperties.AlwaysRunExample" name="testcase1" time="0.000"/>
  <system-out/>
  <testcase classname="seleniumpoperties.AlwaysRunExample" name="testcase1" time="0.000"/>
  <system-out/>
  <testcase classname="seleniumpoperties.AlwaysRunExample" name="testcase1" time="0.000"/>
  <system-out/>
  <testcase classname="seleniumpoperties.AlwaysRunExample" name="testcase1" time="0.000"/>
  <system-out/>
  <testcase classname="seleniumpoperties.AlwaysRunExample" name="testcase1" time="0.000"/>
  <system-out/>
  <testcase classname="seleniumpoperties.AlwaysRunExample" name="testcase1" time="0.000"/>
  <system-out/>
  <testcase classname="seleniumpoperties.AlwaysRunExample" name="testcase1" time="0.000"/>
  <system-out/>
  <testcase classname="seleniumpoperties.AlwaysRunExample" name="testcase1" time="0.000"/>
  <system-out/>
  <testcase classname="seleniumpoperties.AlwaysRunExample" name="testcase1" time="0.000"/>
  <system-out/>
  <testcase classname="seleniumpoperties.AlwaysRunExample" name="testcase1" time="0.000"/>
  <system-out/>
  <testcase classname="seleniumpoperties.AlwaysRunExample" name="testcase1" time="0.000"/>
  <system-out/>
  <testcase classname="seleniumpoperties.AlwaysRunExample" name="testcase1" time="0.000"/>
  <system-out/>
  <testcase classname="seleniumpoperties.AlwaysRunExample" name="testcase1" time="0.000"/>
  <system-out/>
  <testcase classname="seleniumpoperties.AlwaysRunExample" name="testcase1" time="0.000"/>
  <system-out/>
  <testcase classname="seleniumpoperties.AlwaysRunExample" name="testcase1" time="0.001"/>
  <system-out/>
  <testcase classname="seleniumpoperties.AlwaysRunExample" name="testcase1" time="0.000"/>
  <system-out/>
  <testcase classname="seleniumpoperties.AlwaysRunExample" name="testcase1" time="0.000"/>
  <system-out/>
  <testcase classname="seleniumpoperties.AlwaysRunExample" name="testcase1" time="0.000"/>
  <system-out/>
  <testcase classname="seleniumpoperties.AlwaysRunExample" name="testcase1" time="0.000"/>
  <system-out/>
  <testcase classname="seleniumpoperties.AlwaysRunExample" name="testcase1" time="0.000"/>
  <system-out/>
  <testcase classname="seleniumpoperties.AlwaysRunExample" name="testcase1" time="0.000"/>
  <system-out/>
  <testcase classname="seleniumpoperties.AlwaysRunExample" name="testcase1" time="0.000"/>
  <system-out/>
  <testcase classname="seleniumpoperties.AlwaysRunExample" name="testcase1" time="0.001"/>
  <system-out/>
  <testcase classname="seleniumpoperties.AlwaysRunExample" name="testcase1" time="0.000"/>
  <system-out/>
  <testcase classname="seleniumpoperties.AlwaysRunExample" name="testcase1" time="0.000"/>
  <system-out/>
  <testcase classname="seleniumpoperties.AlwaysRunExample" name="testcase1" time="0.001"/>
  <system-out/>
  <testcase classname="seleniumpoperties.AlwaysRunExample" name="testcase1" time="0.000"/>
  <system-out/>
  <testcase classname="seleniumpoperties.AlwaysRunExample" name="testcase1" time="0.000"/>
  <system-out/>
  <testcase classname="seleniumpoperties.AlwaysRunExample" name="testcase1" time="0.000"/>
  <system-out/>
  <testcase classname="seleniumpoperties.AlwaysRunExample" name="testcase1" time="0.000"/>
  <system-out/>
  <testcase classname="seleniumpoperties.AlwaysRunExample" name="testcase1" time="0.000"/>
  <system-out/>
  <testcase classname="seleniumpoperties.AlwaysRunExample" name="testcase1" time="0.007"/>
  <system-out/>
  <testcase classname="seleniumpoperties.AlwaysRunExample" name="testcase1" time="0.000"/>
  <system-out/>
  <testcase classname="seleniumpoperties.AlwaysRunExample" name="testcase1" time="0.000"/>
  <system-out/>
  <testcase classname="seleniumpoperties.AlwaysRunExample" name="testcase1" time="0.000"/>
  <system-out/>
  <testcase classname="seleniumpoperties.AlwaysRunExample" name="testcase1" time="0.001"/>
  <system-out/>
  <testcase classname="seleniumpoperties.AlwaysRunExample" name="testcase1" time="0.000"/>
  <system-out/>
  <testcase classname="seleniumpoperties.AlwaysRunExample" name="testcase1" time="0.000"/>
  <system-out/>
  <testcase classname="seleniumpoperties.AlwaysRunExample" name="testcase1" time="0.000"/>
  <system-out/>
  <testcase classname="seleniumpoperties.AlwaysRunExample" name="testcase1" time="0.000"/>
  <system-out/>
  <testcase classname="seleniumpoperties.AlwaysRunExample" name="testcase1" time="0.000"/>
  <system-out/>
  <testcase classname="seleniumpoperties.AlwaysRunExample" name="testcase1" time="0.001"/>
  <system-out/>
  <testcase classname="seleniumpoperties.AlwaysRunExample" name="testcase1" time="0.000"/>
  <system-out/>
  <testcase classname="seleniumpoperties.AlwaysRunExample" name="testcase1" time="0.000"/>
  <system-out/>
  <testcase classname="seleniumpoperties.AlwaysRunExample" name="testcase1" time="0.000"/>
  <system-out/>
  <testcase classname="seleniumpoperties.AlwaysRunExample" name="testcase1" time="0.000"/>
  <system-out/>
  <testcase classname="seleniumpoperties.AlwaysRunExample" name="testcase1" time="0.000"/>
  <system-out/>
  <testcase classname="seleniumpoperties.AlwaysRunExample" name="testcase1" time="0.000"/>
  <system-out/>
  <testcase classname="seleniumpoperties.AlwaysRunExample" name="testcase1" time="0.000"/>
  <system-out/>
  <testcase classname="seleniumpoperties.AlwaysRunExample" name="testcase1" time="0.000"/>
  <system-out/>
  <testcase classname="seleniumpoperties.AlwaysRunExample" name="testcase1" time="0.000"/>
  <system-out/>
  <testcase classname="seleniumpoperties.AlwaysRunExample" name="testcase1" time="0.000"/>
  <system-out/>
  <testcase classname="seleniumpoperties.AlwaysRunExample" name="testcase1" time="0.001"/>
  <system-out/>
  <testcase classname="seleniumpoperties.AlwaysRunExample" name="testcase1" time="0.000"/>
  <system-out/>
  <testcase classname="seleniumpoperties.AlwaysRunExample" name="testcase1" time="0.000"/>
  <system-out/>
  <testcase classname="seleniumpoperties.AlwaysRunExample" name="testcase1" time="0.000"/>
  <system-out/>
  <testcase classname="seleniumpoperties.AlwaysRunExample" name="testcase1" time="0.001"/>
  <system-out/>
  <testcase classname="seleniumpoperties.AlwaysRunExample" name="testcase1" time="0.000"/>
  <system-out/>
  <testcase classname="seleniumpoperties.AlwaysRunExample" name="testcase1" time="0.000"/>
  <system-out/>
  <testcase classname="seleniumpoperties.AlwaysRunExample" name="testcase1" time="0.000"/>
  <system-out/>
  <testcase classname="seleniumpoperties.AlwaysRunExample" name="testcase1" time="0.001"/>
  <system-out/>
  <testcase classname="seleniumpoperties.AlwaysRunExample" name="testcase1" time="0.000"/>
  <system-out/>
  <testcase classname="seleniumpoperties.AlwaysRunExample" name="testcase1" time="0.000"/>
  <system-out/>
  <testcase classname="seleniumpoperties.AlwaysRunExample" name="testcase1" time="0.001"/>
  <system-out/>
  <testcase classname="seleniumpoperties.AlwaysRunExample" name="testcase1" time="0.000"/>
  <system-out/>
  <testcase classname="seleniumpoperties.AlwaysRunExample" name="testcase1" time="0.000"/>
  <system-out/>
  <testcase classname="seleniumpoperties.AlwaysRunExample" name="testcase1" time="0.000"/>
  <system-out/>
  <testcase classname="seleniumpoperties.AlwaysRunExample" name="testcase1" time="0.001"/>
  <system-out/>
  <testcase classname="seleniumpoperties.AlwaysRunExample" name="testcase1" time="0.000"/>
  <system-out/>
  <testcase classname="seleniumpoperties.AlwaysRunExample" name="testcase1" time="0.000"/>
  <system-out/>
  <testcase classname="seleniumpoperties.AlwaysRunExample" name="testcase1" time="0.000"/>
  <system-out/>
  <testcase classname="seleniumpoperties.AlwaysRunExample" name="testcase1" time="0.000"/>
  <system-out/>
  <testcase classname="seleniumpoperties.AlwaysRunExample" name="testcase1" time="0.000"/>
  <system-out/>
  <testcase classname="seleniumpoperties.AlwaysRunExample" name="testcase1" time="0.001"/>
  <system-out/>
  <testcase classname="seleniumpoperties.AlwaysRunExample" name="testcase1" time="0.000"/>
  <system-out/>
  <testcase classname="seleniumpoperties.AlwaysRunExample" name="testcase1" time="0.000"/>
  <system-out/>
  <testcase classname="seleniumpoperties.AlwaysRunExample" name="testcase1" time="0.000"/>
  <system-out/>
  <testcase classname="seleniumpoperties.AlwaysRunExample" name="testcase1" time="0.000"/>
  <system-out/>
  <testcase classname="seleniumpoperties.AlwaysRunExample" name="testcase1" time="0.000"/>
  <system-out/>
  <testcase classname="seleniumpoperties.AlwaysRunExample" name="testcase1" time="0.000"/>
  <system-out/>
  <testcase classname="seleniumpoperties.AlwaysRunExample" name="testcase1" time="0.000"/>
  <system-out/>
  <testcase classname="seleniumpoperties.AlwaysRunExample" name="testcase1" time="0.000"/>
  <system-out/>
  <testcase classname="seleniumpoperties.AlwaysRunExample" name="testcase1" time="0.000"/>
  <system-out/>
  <testcase classname="seleniumpoperties.AlwaysRunExample" name="testcase1" time="0.000"/>
  <system-out/>
  <testcase classname="seleniumpoperties.AlwaysRunExample" name="testcase1" time="0.000"/>
  <system-out/>
  <testcase classname="seleniumpoperties.AlwaysRunExample" name="testcase1" time="0.000"/>
  <system-out/>
  <testcase classname="seleniumpoperties.AlwaysRunExample" name="testcase1" time="0.000"/>
  <system-out/>
  <testcase classname="seleniumpoperties.AlwaysRunExample" name="testcase1" time="0.000"/>
  <system-out/>
  <testcase classname="seleniumpoperties.AlwaysRunExample" name="testcase1" time="0.000"/>
  <system-out/>
  <testcase classname="seleniumpoperties.AlwaysRunExample" name="testcase1" time="0.000"/>
  <system-out/>
  <testcase classname="seleniumpoperties.AlwaysRunExample" name="testcase1" time="0.000"/>
  <system-out/>
  <testcase classname="seleniumpoperties.AlwaysRunExample" name="testcase1" time="0.001"/>
  <system-out/>
  <testcase classname="seleniumpoperties.AlwaysRunExample" name="testcase1" time="0.000"/>
  <system-out/>
  <testcase classname="seleniumpoperties.AlwaysRunExample" name="testcase1" time="0.001"/>
  <system-out/>
  <testcase classname="seleniumpoperties.AlwaysRunExample" name="testcase1" time="0.000"/>
  <system-out/>
  <testcase classname="seleniumpoperties.AlwaysRunExample" name="testcase1" time="0.000"/>
  <system-out/>
  <testcase classname="seleniumpoperties.AlwaysRunExample" name="testcase1" time="0.000"/>
  <system-out/>
  <testcase classname="seleniumpoperties.AlwaysRunExample" name="testcase1" time="0.000"/>
  <system-out/>
  <testcase classname="seleniumpoperties.AlwaysRunExample" name="testcase1" time="0.001"/>
  <system-out/>
  <testcase classname="seleniumpoperties.AlwaysRunExample" name="testcase1" time="0.001"/>
  <system-out/>
  <testcase classname="seleniumpoperties.AlwaysRunExample" name="testcase1" time="0.000"/>
  <system-out/>
  <testcase classname="seleniumpoperties.AlwaysRunExample" name="testcase1" time="0.000"/>
  <system-out/>
  <testcase classname="seleniumpoperties.AlwaysRunExample" name="testcase1" time="0.001"/>
  <system-out/>
  <testcase classname="seleniumpoperties.AlwaysRunExample" name="testcase1" time="0.000"/>
  <system-out/>
  <testcase classname="seleniumpoperties.AlwaysRunExample" name="testcase1" time="0.000"/>
  <system-out/>
  <testcase classname="seleniumpoperties.AlwaysRunExample" name="testcase1" time="0.000"/>
  <system-out/>
  <testcase classname="seleniumpoperties.AlwaysRunExample" name="testcase1" time="0.000"/>
  <system-out/>
  <testcase classname="seleniumpoperties.AlwaysRunExample" name="testcase1" time="0.001"/>
  <system-out/>
  <testcase classname="seleniumpoperties.AlwaysRunExample" name="testcase1" time="0.000"/>
  <system-out/>
  <testcase classname="seleniumpoperties.AlwaysRunExample" name="testcase1" time="0.000"/>
  <system-out/>
  <testcase classname="seleniumpoperties.AlwaysRunExample" name="testcase1" time="0.000"/>
  <system-out/>
  <testcase classname="seleniumpoperties.AlwaysRunExample" name="testcase1" time="0.000"/>
  <system-out/>
  <testcase classname="seleniumpoperties.AlwaysRunExample" name="testcase1" time="0.000"/>
  <system-out/>
  <testcase classname="seleniumpoperties.AlwaysRunExample" name="testcase1" time="0.000"/>
  <system-out/>
  <testcase classname="seleniumpoperties.AlwaysRunExample" name="testcase1" time="0.000"/>
  <system-out/>
  <testcase classname="seleniumpoperties.AlwaysRunExample" name="testcase1" time="0.004"/>
  <system-out/>
  <testcase classname="seleniumpoperties.AlwaysRunExample" name="testcase1" time="0.001"/>
  <system-out/>
  <testcase classname="seleniumpoperties.AlwaysRunExample" name="testcase1" time="0.000"/>
  <system-out/>
  <testcase classname="seleniumpoperties.AlwaysRunExample" name="testcase1" time="0.001"/>
  <system-out/>
  <testcase classname="seleniumpoperties.AlwaysRunExample" name="testcase1" time="0.000"/>
  <system-out/>
  <testcase classname="seleniumpoperties.AlwaysRunExample" name="testcase1" time="0.000"/>
  <system-out/>
  <testcase classname="seleniumpoperties.AlwaysRunExample" name="testcase1" time="0.000"/>
  <system-out/>
  <testcase classname="seleniumpoperties.AlwaysRunExample" name="testcase1" time="0.000"/>
  <system-out/>
  <testcase classname="seleniumpoperties.AlwaysRunExample" name="testcase1" time="0.001"/>
  <system-out/>
  <testcase classname="seleniumpoperties.AlwaysRunExample" name="testcase1" time="0.000"/>
  <system-out/>
  <testcase classname="seleniumpoperties.AlwaysRunExample" name="testcase1" time="0.000"/>
  <system-out/>
  <testcase classname="seleniumpoperties.AlwaysRunExample" name="testcase1" time="0.000"/>
  <system-out/>
  <testcase classname="seleniumpoperties.AlwaysRunExample" name="testcase1" time="0.000"/>
  <system-out/>
  <testcase classname="seleniumpoperties.AlwaysRunExample" name="testcase1" time="0.000"/>
  <system-out/>
  <testcase classname="seleniumpoperties.AlwaysRunExample" name="testcase1" time="0.000"/>
  <system-out/>
  <testcase classname="seleniumpoperties.AlwaysRunExample" name="testcase1" time="0.000"/>
  <system-out/>
  <testcase classname="seleniumpoperties.AlwaysRunExample" name="testcase1" time="0.001"/>
  <system-out/>
  <testcase classname="seleniumpoperties.AlwaysRunExample" name="testcase1" time="0.000"/>
  <system-out/>
  <testcase classname="seleniumpoperties.AlwaysRunExample" name="testcase1" time="0.001"/>
  <system-out/>
  <testcase classname="seleniumpoperties.AlwaysRunExample" name="testcase1" time="0.000"/>
  <system-out/>
  <testcase classname="seleniumpoperties.AlwaysRunExample" name="testcase1" time="0.000"/>
  <system-out/>
  <testcase classname="seleniumpoperties.AlwaysRunExample" name="testcase1" time="0.000"/>
  <system-out/>
  <testcase classname="seleniumpoperties.AlwaysRunExample" name="testcase1" time="0.000"/>
  <system-out/>
  <testcase classname="seleniumpoperties.AlwaysRunExample" name="testcase1" time="0.000"/>
  <system-out/>
  <testcase classname="seleniumpoperties.AlwaysRunExample" name="testcase1" time="0.000"/>
  <system-out/>
  <testcase classname="seleniumpoperties.AlwaysRunExample" name="testcase1" time="0.233"/>
  <system-out/>
  <testcase classname="seleniumpoperties.AlwaysRunExample" name="testcase1" time="0.000"/>
  <system-out/>
  <testcase classname="seleniumpoperties.AlwaysRunExample" name="testcase1" time="0.000"/>
  <system-out/>
  <testcase classname="seleniumpoperties.AlwaysRunExample" name="testcase1" time="0.000"/>
  <system-out/>
  <testcase classname="seleniumpoperties.AlwaysRunExample" name="testcase1" time="0.001"/>
  <system-out/>
  <testcase classname="seleniumpoperties.AlwaysRunExample" name="testcase1" time="0.000"/>
  <system-out/>
  <testcase classname="seleniumpoperties.AlwaysRunExample" name="testcase1" time="0.001"/>
  <system-out/>
  <testcase classname="seleniumpoperties.AlwaysRunExample" name="testcase1" time="0.000"/>
  <system-out/>
  <testcase classname="seleniumpoperties.AlwaysRunExample" name="testcase1" time="0.000"/>
  <system-out/>
  <testcase classname="seleniumpoperties.AlwaysRunExample" name="testcase1" time="0.000"/>
  <system-out/>
  <testcase classname="seleniumpoperties.AlwaysRunExample" name="testcase1" time="0.000"/>
  <system-out/>
  <testcase classname="seleniumpoperties.AlwaysRunExample" name="testcase1" time="0.000"/>
  <system-out/>
  <testcase classname="seleniumpoperties.AlwaysRunExample" name="testcase1" time="0.000"/>
  <system-out/>
  <testcase classname="seleniumpoperties.AlwaysRunExample" name="testcase1" time="0.000"/>
  <system-out/>
  <testcase classname="seleniumpoperties.AlwaysRunExample" name="testcase1" time="0.000"/>
  <system-out/>
  <testcase classname="seleniumpoperties.AlwaysRunExample" name="testcase1" time="0.000"/>
  <system-out/>
  <testcase classname="seleniumpoperties.AlwaysRunExample" name="testcase1" time="0.000"/>
  <system-out/>
  <testcase classname="seleniumpoperties.AlwaysRunExample" name="testcase1" time="0.000"/>
  <system-out/>
  <testcase classname="seleniumpoperties.AlwaysRunExample" name="testcase1" time="0.000"/>
  <system-out/>
  <testcase classname="seleniumpoperties.AlwaysRunExample" name="testcase1" time="0.000"/>
  <system-out/>
  <testcase classname="seleniumpoperties.AlwaysRunExample" name="testcase1" time="0.000"/>
  <system-out/>
  <testcase classname="seleniumpoperties.AlwaysRunExample" name="testcase1" time="0.000"/>
  <system-out/>
  <testcase classname="seleniumpoperties.AlwaysRunExample" name="testcase1" time="0.000"/>
  <system-out/>
  <testcase classname="seleniumpoperties.AlwaysRunExample" name="testcase1" time="0.000"/>
  <system-out/>
  <testcase classname="seleniumpoperties.AlwaysRunExample" name="testcase1" time="0.001"/>
  <system-out/>
  <testcase classname="seleniumpoperties.AlwaysRunExample" name="testcase1" time="0.000"/>
  <system-out/>
  <testcase classname="seleniumpoperties.AlwaysRunExample" name="testcase1" time="0.000"/>
  <system-out/>
  <testcase classname="seleniumpoperties.AlwaysRunExample" name="testcase1" time="0.000"/>
  <system-out/>
  <testcase classname="seleniumpoperties.AlwaysRunExample" name="testcase1" time="0.000"/>
  <system-out/>
  <testcase classname="seleniumpoperties.AlwaysRunExample" name="testcase1" time="0.000"/>
  <system-out/>
  <testcase classname="seleniumpoperties.AlwaysRunExample" name="testcase1" time="0.000"/>
  <system-out/>
  <testcase classname="seleniumpoperties.AlwaysRunExample" name="testcase1" time="0.000"/>
  <system-out/>
  <testcase classname="seleniumpoperties.AlwaysRunExample" name="testcase1" time="0.000"/>
  <system-out/>
  <testcase classname="seleniumpoperties.AlwaysRunExample" name="testcase1" time="0.000"/>
  <system-out/>
  <testcase classname="seleniumpoperties.AlwaysRunExample" name="testcase1" time="0.000"/>
  <system-out/>
  <testcase classname="seleniumpoperties.AlwaysRunExample" name="testcase1" time="0.000"/>
  <system-out/>
  <testcase classname="seleniumpoperties.AlwaysRunExample" name="testcase1" time="0.000"/>
  <system-out/>
  <testcase classname="seleniumpoperties.AlwaysRunExample" name="testcase1" time="0.000"/>
  <system-out/>
  <testcase classname="seleniumpoperties.AlwaysRunExample" name="testcase1" time="0.000"/>
  <system-out/>
  <testcase classname="seleniumpoperties.AlwaysRunExample" name="testcase1" time="0.000"/>
  <system-out/>
  <testcase classname="seleniumpoperties.AlwaysRunExample" name="testcase1" time="0.000"/>
  <system-out/>
  <testcase classname="seleniumpoperties.AlwaysRunExample" name="testcase1" time="0.000"/>
  <system-out/>
  <testcase classname="seleniumpoperties.AlwaysRunExample" name="testcase1" time="0.000"/>
  <system-out/>
  <testcase classname="seleniumpoperties.AlwaysRunExample" name="testcase1" time="0.000"/>
  <system-out/>
  <testcase classname="seleniumpoperties.AlwaysRunExample" name="testcase1" time="0.000"/>
  <system-out/>
  <testcase classname="seleniumpoperties.AlwaysRunExample" name="testcase1" time="0.000"/>
  <system-out/>
  <testcase classname="seleniumpoperties.AlwaysRunExample" name="testcase1" time="0.001"/>
  <system-out/>
  <testcase classname="seleniumpoperties.AlwaysRunExample" name="testcase1" time="0.000"/>
  <system-out/>
  <testcase classname="seleniumpoperties.AlwaysRunExample" name="testcase1" time="0.000"/>
  <system-out/>
  <testcase classname="seleniumpoperties.AlwaysRunExample" name="testcase1" time="0.000"/>
  <system-out/>
  <testcase classname="seleniumpoperties.AlwaysRunExample" name="testcase1" time="0.000"/>
  <system-out/>
  <testcase classname="seleniumpoperties.AlwaysRunExample" name="testcase1" time="0.000"/>
  <system-out/>
  <testcase classname="seleniumpoperties.AlwaysRunExample" name="testcase1" time="0.000"/>
  <system-out/>
  <testcase classname="seleniumpoperties.AlwaysRunExample" name="testcase1" time="0.001"/>
  <system-out/>
  <testcase classname="seleniumpoperties.AlwaysRunExample" name="testcase1" time="0.001"/>
  <system-out/>
  <testcase classname="seleniumpoperties.AlwaysRunExample" name="testcase1" time="0.000"/>
  <system-out/>
  <testcase classname="seleniumpoperties.AlwaysRunExample" name="testcase1" time="0.000"/>
  <system-out/>
  <testcase classname="seleniumpoperties.AlwaysRunExample" name="testcase1" time="0.000"/>
  <system-out/>
  <testcase classname="seleniumpoperties.AlwaysRunExample" name="testcase1" time="0.001"/>
  <system-out/>
  <testcase classname="seleniumpoperties.AlwaysRunExample" name="testcase1" time="0.000"/>
  <system-out/>
  <testcase classname="seleniumpoperties.AlwaysRunExample" name="testcase1" time="0.000"/>
  <system-out/>
  <testcase classname="seleniumpoperties.AlwaysRunExample" name="testcase1" time="0.000"/>
  <system-out/>
  <testcase classname="seleniumpoperties.AlwaysRunExample" name="testcase1" time="0.000"/>
  <system-out/>
  <testcase classname="seleniumpoperties.AlwaysRunExample" name="testcase1" time="0.000"/>
  <system-out/>
  <testcase classname="seleniumpoperties.AlwaysRunExample" name="testcase1" time="0.001"/>
  <system-out/>
  <testcase classname="seleniumpoperties.AlwaysRunExample" name="testcase1" time="0.001"/>
  <system-out/>
  <testcase classname="seleniumpoperties.AlwaysRunExample" name="testcase1" time="0.000"/>
  <system-out/>
  <testcase classname="seleniumpoperties.AlwaysRunExample" name="testcase1" time="0.000"/>
  <system-out/>
  <testcase classname="seleniumpoperties.AlwaysRunExample" name="testcase1" time="0.000"/>
  <system-out/>
  <testcase classname="seleniumpoperties.AlwaysRunExample" name="testcase1" time="0.001"/>
  <system-out/>
  <testcase classname="seleniumpoperties.AlwaysRunExample" name="testcase1" time="0.000"/>
  <system-out/>
  <testcase classname="seleniumpoperties.AlwaysRunExample" name="testcase1" time="0.000"/>
  <system-out/>
  <testcase classname="seleniumpoperties.AlwaysRunExample" name="testcase1" time="0.001"/>
  <system-out/>
  <testcase classname="seleniumpoperties.AlwaysRunExample" name="testcase1" time="0.001"/>
  <system-out/>
  <testcase classname="seleniumpoperties.AlwaysRunExample" name="testcase1" time="0.001"/>
  <system-out/>
  <testcase classname="seleniumpoperties.AlwaysRunExample" name="testcase1" time="0.001"/>
  <system-out/>
  <testcase classname="seleniumpoperties.AlwaysRunExample" name="testcase1" time="0.000"/>
  <system-out/>
  <testcase classname="seleniumpoperties.AlwaysRunExample" name="testcase1" time="0.000"/>
  <system-out/>
  <testcase classname="seleniumpoperties.AlwaysRunExample" name="testcase1" time="0.001"/>
  <system-out/>
  <testcase classname="seleniumpoperties.AlwaysRunExample" name="testcase1" time="0.000"/>
  <system-out/>
  <testcase classname="seleniumpoperties.AlwaysRunExample" name="testcase1" time="0.000"/>
  <system-out/>
  <testcase classname="seleniumpoperties.AlwaysRunExample" name="testcase1" time="0.001"/>
  <system-out/>
  <testcase classname="seleniumpoperties.AlwaysRunExample" name="testcase1" time="0.000"/>
  <system-out/>
  <testcase classname="seleniumpoperties.AlwaysRunExample" name="testcase1" time="0.000"/>
  <system-out/>
  <testcase classname="seleniumpoperties.AlwaysRunExample" name="testcase1" time="0.000"/>
  <system-out/>
  <testcase classname="seleniumpoperties.AlwaysRunExample" name="testcase1" time="0.000"/>
  <system-out/>
  <testcase classname="seleniumpoperties.AlwaysRunExample" name="testcase1" time="0.000"/>
  <system-out/>
  <testcase classname="seleniumpoperties.AlwaysRunExample" name="testcase1" time="0.000"/>
  <system-out/>
  <testcase classname="seleniumpoperties.AlwaysRunExample" name="testcase1" time="0.000"/>
  <system-out/>
  <testcase classname="seleniumpoperties.AlwaysRunExample" name="testcase1" time="0.000"/>
  <system-out/>
  <testcase classname="seleniumpoperties.AlwaysRunExample" name="testcase1" time="0.000"/>
  <system-out/>
  <testcase classname="seleniumpoperties.AlwaysRunExample" name="testcase1" time="0.000"/>
  <system-out/>
  <testcase classname="seleniumpoperties.AlwaysRunExample" name="testcase1" time="0.000"/>
  <system-out/>
  <testcase classname="seleniumpoperties.AlwaysRunExample" name="testcase1" time="0.002"/>
  <system-out/>
  <testcase classname="seleniumpoperties.AlwaysRunExample" name="testcase1" time="0.000"/>
  <system-out/>
  <testcase classname="seleniumpoperties.AlwaysRunExample" name="testcase1" time="0.000"/>
  <system-out/>
  <testcase classname="seleniumpoperties.AlwaysRunExample" name="testcase1" time="0.000"/>
  <system-out/>
  <testcase classname="seleniumpoperties.AlwaysRunExample" name="testcase1" time="0.000"/>
  <system-out/>
  <testcase classname="seleniumpoperties.AlwaysRunExample" name="testcase1" time="0.001"/>
  <system-out/>
  <testcase classname="seleniumpoperties.AlwaysRunExample" name="testcase1" time="0.000"/>
  <system-out/>
  <testcase classname="seleniumpoperties.AlwaysRunExample" name="testcase1" time="0.000"/>
  <system-out/>
  <testcase classname="seleniumpoperties.AlwaysRunExample" name="testcase1" time="0.000"/>
  <system-out/>
  <testcase classname="seleniumpoperties.AlwaysRunExample" name="testcase1" time="0.000"/>
  <system-out/>
  <testcase classname="seleniumpoperties.AlwaysRunExample" name="testcase1" time="0.000"/>
  <system-out/>
  <testcase classname="seleniumpoperties.AlwaysRunExample" name="testcase1" time="0.000"/>
  <system-out/>
  <testcase classname="seleniumpoperties.AlwaysRunExample" name="testcase1" time="0.000"/>
  <system-out/>
  <testcase classname="seleniumpoperties.AlwaysRunExample" name="testcase1" time="0.000"/>
  <system-out/>
  <testcase classname="seleniumpoperties.AlwaysRunExample" name="testcase1" time="0.000"/>
  <system-out/>
  <testcase classname="seleniumpoperties.AlwaysRunExample" name="testcase1" time="0.001"/>
  <system-out/>
  <testcase classname="seleniumpoperties.AlwaysRunExample" name="testcase1" time="0.000"/>
  <system-out/>
  <testcase classname="seleniumpoperties.AlwaysRunExample" name="testcase1" time="0.000"/>
  <system-out/>
  <testcase classname="seleniumpoperties.AlwaysRunExample" name="testcase1" time="0.000"/>
  <system-out/>
  <testcase classname="seleniumpoperties.AlwaysRunExample" name="testcase1" time="0.000"/>
  <system-out/>
  <testcase classname="seleniumpoperties.AlwaysRunExample" name="testcase1" time="0.000"/>
  <system-out/>
  <testcase classname="seleniumpoperties.AlwaysRunExample" name="testcase1" time="0.000"/>
  <system-out/>
  <testcase classname="seleniumpoperties.AlwaysRunExample" name="testcase1" time="0.000"/>
  <system-out/>
  <testcase classname="seleniumpoperties.AlwaysRunExample" name="testcase1" time="0.000"/>
  <system-out/>
  <testcase classname="seleniumpoperties.AlwaysRunExample" name="testcase1" time="0.000"/>
  <system-out/>
  <testcase classname="seleniumpoperties.AlwaysRunExample" name="testcase1" time="0.001"/>
  <system-out/>
  <testcase classname="seleniumpoperties.AlwaysRunExample" name="testcase1" time="0.000"/>
  <system-out/>
  <testcase classname="seleniumpoperties.AlwaysRunExample" name="testcase1" time="0.000"/>
  <system-out/>
  <testcase classname="seleniumpoperties.AlwaysRunExample" name="testcase1" time="0.000"/>
  <system-out/>
  <testcase classname="seleniumpoperties.AlwaysRunExample" name="testcase1" time="0.001"/>
  <system-out/>
  <testcase classname="seleniumpoperties.AlwaysRunExample" name="testcase1" time="0.000"/>
  <system-out/>
  <testcase classname="seleniumpoperties.AlwaysRunExample" name="testcase1" time="0.001"/>
  <system-out/>
  <testcase classname="seleniumpoperties.AlwaysRunExample" name="testcase1" time="0.000"/>
  <system-out/>
  <testcase classname="seleniumpoperties.AlwaysRunExample" name="testcase1" time="0.000"/>
  <system-out/>
  <testcase classname="seleniumpoperties.AlwaysRunExample" name="testcase1" time="0.000"/>
  <system-out/>
  <testcase classname="seleniumpoperties.AlwaysRunExample" name="testcase1" time="0.000"/>
  <system-out/>
  <testcase classname="seleniumpoperties.AlwaysRunExample" name="testcase1" time="0.000"/>
  <system-out/>
  <testcase classname="seleniumpoperties.AlwaysRunExample" name="testcase1" time="0.000"/>
  <system-out/>
  <testcase classname="seleniumpoperties.AlwaysRunExample" name="testcase1" time="0.000"/>
  <system-out/>
  <testcase classname="seleniumpoperties.AlwaysRunExample" name="testcase1" time="0.000"/>
  <system-out/>
  <testcase classname="seleniumpoperties.AlwaysRunExample" name="testcase1" time="0.000"/>
  <system-out/>
  <testcase classname="seleniumpoperties.AlwaysRunExample" name="testcase1" time="0.000"/>
  <system-out/>
  <testcase classname="seleniumpoperties.AlwaysRunExample" name="testcase1" time="0.000"/>
  <system-out/>
  <testcase classname="seleniumpoperties.AlwaysRunExample" name="testcase1" time="0.000"/>
  <system-out/>
  <testcase classname="seleniumpoperties.AlwaysRunExample" name="testcase1" time="0.000"/>
  <system-out/>
  <testcase classname="seleniumpoperties.AlwaysRunExample" name="testcase1" time="0.000"/>
  <system-out/>
  <testcase classname="seleniumpoperties.AlwaysRunExample" name="testcase1" time="0.000"/>
  <system-out/>
  <testcase classname="seleniumpoperties.AlwaysRunExample" name="testcase1" time="0.000"/>
  <system-out/>
  <testcase classname="seleniumpoperties.AlwaysRunExample" name="testcase1" time="0.000"/>
  <system-out/>
  <testcase classname="seleniumpoperties.AlwaysRunExample" name="testcase1" time="0.001"/>
  <system-out/>
  <testcase classname="seleniumpoperties.AlwaysRunExample" name="testcase1" time="0.000"/>
  <system-out/>
  <testcase classname="seleniumpoperties.AlwaysRunExample" name="testcase1" time="0.000"/>
  <system-out/>
  <testcase classname="seleniumpoperties.AlwaysRunExample" name="testcase1" time="0.000"/>
  <system-out/>
  <testcase classname="seleniumpoperties.AlwaysRunExample" name="testcase1" time="0.000"/>
  <system-out/>
  <testcase classname="seleniumpoperties.AlwaysRunExample" name="testcase1" time="0.001"/>
  <system-out/>
  <testcase classname="seleniumpoperties.AlwaysRunExample" name="testcase1" time="0.000"/>
  <system-out/>
  <testcase classname="seleniumpoperties.AlwaysRunExample" name="testcase1" time="0.000"/>
  <system-out/>
  <testcase classname="seleniumpoperties.AlwaysRunExample" name="testcase1" time="0.000"/>
  <system-out/>
  <testcase classname="seleniumpoperties.AlwaysRunExample" name="testcase1" time="0.000"/>
  <system-out/>
  <testcase classname="seleniumpoperties.AlwaysRunExample" name="testcase1" time="0.000"/>
  <system-out/>
  <testcase classname="seleniumpoperties.AlwaysRunExample" name="testcase1" time="0.000"/>
  <system-out/>
  <testcase classname="seleniumpoperties.AlwaysRunExample" name="testcase1" time="0.000"/>
  <system-out/>
  <testcase classname="seleniumpoperties.AlwaysRunExample" name="testcase1" time="0.000"/>
  <system-out/>
  <testcase classname="seleniumpoperties.AlwaysRunExample" name="testcase1" time="0.000"/>
  <system-out/>
  <testcase classname="seleniumpoperties.AlwaysRunExample" name="testcase1" time="0.000"/>
  <system-out/>
  <testcase classname="seleniumpoperties.AlwaysRunExample" name="testcase1" time="0.000"/>
  <system-out/>
  <testcase classname="seleniumpoperties.AlwaysRunExample" name="testcase1" time="0.000"/>
  <system-out/>
  <testcase classname="seleniumpoperties.AlwaysRunExample" name="testcase1" time="0.000"/>
  <system-out/>
  <testcase classname="seleniumpoperties.AlwaysRunExample" name="testcase1" time="0.000"/>
  <system-out/>
  <testcase classname="seleniumpoperties.AlwaysRunExample" name="testcase1" time="0.000"/>
  <system-out/>
  <testcase classname="seleniumpoperties.AlwaysRunExample" name="testcase1" time="0.000"/>
  <system-out/>
  <testcase classname="seleniumpoperties.AlwaysRunExample" name="testcase1" time="0.001"/>
  <system-out/>
  <testcase classname="seleniumpoperties.AlwaysRunExample" name="testcase1" time="0.000"/>
  <system-out/>
  <testcase classname="seleniumpoperties.AlwaysRunExample" name="testcase1" time="0.000"/>
  <system-out/>
  <testcase classname="seleniumpoperties.AlwaysRunExample" name="testcase1" time="0.000"/>
  <system-out/>
  <testcase classname="seleniumpoperties.AlwaysRunExample" name="testcase1" time="0.000"/>
  <system-out/>
  <testcase classname="seleniumpoperties.AlwaysRunExample" name="testcase1" time="0.000"/>
  <system-out/>
  <testcase classname="seleniumpoperties.AlwaysRunExample" name="testcase1" time="0.001"/>
  <system-out/>
  <testcase classname="seleniumpoperties.AlwaysRunExample" name="testcase1" time="0.000"/>
  <system-out/>
  <testcase classname="seleniumpoperties.AlwaysRunExample" name="testcase1" time="0.000"/>
  <system-out/>
  <testcase classname="seleniumpoperties.AlwaysRunExample" name="testcase1" time="0.000"/>
  <system-out/>
  <testcase classname="seleniumpoperties.AlwaysRunExample" name="testcase1" time="0.001"/>
  <system-out/>
  <testcase classname="seleniumpoperties.AlwaysRunExample" name="testcase1" time="0.001"/>
  <system-out/>
  <testcase classname="seleniumpoperties.AlwaysRunExample" name="testcase1" time="0.002"/>
  <system-out/>
  <testcase classname="seleniumpoperties.AlwaysRunExample" name="testcase1" time="0.000"/>
  <system-out/>
  <testcase classname="seleniumpoperties.AlwaysRunExample" name="testcase1" time="0.000"/>
  <system-out/>
  <testcase classname="seleniumpoperties.AlwaysRunExample" name="testcase1" time="0.000"/>
  <system-out/>
  <testcase classname="seleniumpoperties.AlwaysRunExample" name="testcase1" time="0.000"/>
  <system-out/>
  <testcase classname="seleniumpoperties.AlwaysRunExample" name="testcase1" time="0.000"/>
  <system-out/>
  <testcase classname="seleniumpoperties.AlwaysRunExample" name="testcase1" time="0.000"/>
  <system-out/>
  <testcase classname="seleniumpoperties.AlwaysRunExample" name="testcase1" time="0.001"/>
  <system-out/>
  <testcase classname="seleniumpoperties.AlwaysRunExample" name="testcase1" time="0.000"/>
  <system-out/>
  <testcase classname="seleniumpoperties.AlwaysRunExample" name="testcase1" time="0.000"/>
  <system-out/>
  <testcase classname="seleniumpoperties.AlwaysRunExample" name="testcase1" time="0.000"/>
  <system-out/>
  <testcase classname="seleniumpoperties.AlwaysRunExample" name="testcase1" time="0.000"/>
  <system-out/>
  <testcase classname="seleniumpoperties.AlwaysRunExample" name="testcase1" time="0.001"/>
  <system-out/>
  <testcase classname="seleniumpoperties.AlwaysRunExample" name="testcase1" time="0.000"/>
  <system-out/>
  <testcase classname="seleniumpoperties.AlwaysRunExample" name="testcase1" time="0.000"/>
  <system-out/>
  <testcase classname="seleniumpoperties.AlwaysRunExample" name="testcase1" time="0.000"/>
  <system-out/>
  <testcase classname="seleniumpoperties.AlwaysRunExample" name="testcase1" time="0.000"/>
  <system-out/>
  <testcase classname="seleniumpoperties.AlwaysRunExample" name="testcase1" time="0.000"/>
  <system-out/>
  <testcase classname="seleniumpoperties.AlwaysRunExample" name="testcase1" time="0.000"/>
  <system-out/>
  <testcase classname="seleniumpoperties.AlwaysRunExample" name="testcase1" time="0.000"/>
  <system-out/>
  <testcase classname="seleniumpoperties.AlwaysRunExample" name="testcase1" time="0.000"/>
  <system-out/>
  <testcase classname="seleniumpoperties.AlwaysRunExample" name="testcase1" time="0.245"/>
  <system-out/>
  <testcase classname="seleniumpoperties.AlwaysRunExample" name="testcase1" time="0.000"/>
  <system-out/>
  <testcase classname="seleniumpoperties.AlwaysRunExample" name="testcase1" time="0.001"/>
  <system-out/>
  <testcase classname="seleniumpoperties.AlwaysRunExample" name="testcase1" time="0.000"/>
  <system-out/>
  <testcase classname="seleniumpoperties.AlwaysRunExample" name="testcase1" time="0.001"/>
  <system-out/>
  <testcase classname="seleniumpoperties.AlwaysRunExample" name="testcase1" time="0.000"/>
  <system-out/>
  <testcase classname="seleniumpoperties.AlwaysRunExample" name="testcase1" time="0.000"/>
  <system-out/>
  <testcase classname="seleniumpoperties.AlwaysRunExample" name="testcase1" time="0.001"/>
  <system-out/>
  <testcase classname="seleniumpoperties.AlwaysRunExample" name="testcase1" time="0.000"/>
  <system-out/>
  <testcase classname="seleniumpoperties.AlwaysRunExample" name="testcase1" time="0.000"/>
  <system-out/>
  <testcase classname="seleniumpoperties.AlwaysRunExample" name="testcase1" time="0.000"/>
  <system-out/>
  <testcase classname="seleniumpoperties.AlwaysRunExample" name="testcase1" time="0.000"/>
  <system-out/>
  <testcase classname="seleniumpoperties.AlwaysRunExample" name="testcase1" time="0.000"/>
  <system-out/>
  <testcase classname="seleniumpoperties.AlwaysRunExample" name="testcase1" time="0.000"/>
  <system-out/>
  <testcase classname="seleniumpoperties.AlwaysRunExample" name="testcase1" time="0.000"/>
  <system-out/>
  <testcase classname="seleniumpoperties.AlwaysRunExample" name="testcase1" time="0.000"/>
  <system-out/>
  <testcase classname="seleniumpoperties.AlwaysRunExample" name="testcase1" time="0.000"/>
  <system-out/>
  <testcase classname="seleniumpoperties.AlwaysRunExample" name="testcase1" time="0.000"/>
  <system-out/>
  <testcase classname="seleniumpoperties.AlwaysRunExample" name="testcase1" time="0.000"/>
  <system-out/>
  <testcase classname="seleniumpoperties.AlwaysRunExample" name="testcase1" time="0.000"/>
  <system-out/>
  <testcase classname="seleniumpoperties.AlwaysRunExample" name="testcase1" time="0.000"/>
  <system-out/>
  <testcase classname="seleniumpoperties.AlwaysRunExample" name="testcase1" time="0.000"/>
  <system-out/>
  <testcase classname="seleniumpoperties.AlwaysRunExample" name="testcase1" time="0.001"/>
  <system-out/>
  <testcase classname="seleniumpoperties.AlwaysRunExample" name="testcase1" time="0.000"/>
  <system-out/>
  <testcase classname="seleniumpoperties.AlwaysRunExample" name="testcase1" time="0.000"/>
  <system-out/>
  <testcase classname="seleniumpoperties.AlwaysRunExample" name="testcase1" time="0.000"/>
  <system-out/>
  <testcase classname="seleniumpoperties.AlwaysRunExample" name="testcase1" time="0.000"/>
  <system-out/>
  <testcase classname="seleniumpoperties.AlwaysRunExample" name="testcase1" time="0.000"/>
  <system-out/>
  <testcase classname="seleniumpoperties.AlwaysRunExample" name="testcase1" time="0.000"/>
  <system-out/>
  <testcase classname="seleniumpoperties.AlwaysRunExample" name="testcase1" time="0.000"/>
  <system-out/>
  <testcase classname="seleniumpoperties.AlwaysRunExample" name="testcase1" time="0.000"/>
  <system-out/>
  <testcase classname="seleniumpoperties.AlwaysRunExample" name="testcase1" time="0.000"/>
  <system-out/>
  <testcase classname="seleniumpoperties.AlwaysRunExample" name="testcase1" time="0.000"/>
  <system-out/>
  <testcase classname="seleniumpoperties.AlwaysRunExample" name="testcase1" time="0.001"/>
  <system-out/>
  <testcase classname="seleniumpoperties.AlwaysRunExample" name="testcase1" time="0.000"/>
  <system-out/>
  <testcase classname="seleniumpoperties.AlwaysRunExample" name="testcase1" time="0.000"/>
  <system-out/>
  <testcase classname="seleniumpoperties.AlwaysRunExample" name="testcase1" time="0.000"/>
  <system-out/>
  <testcase classname="seleniumpoperties.AlwaysRunExample" name="testcase1" time="0.000"/>
  <system-out/>
  <testcase classname="seleniumpoperties.AlwaysRunExample" name="testcase1" time="0.000"/>
  <system-out/>
  <testcase classname="seleniumpoperties.AlwaysRunExample" name="testcase1" time="0.000"/>
  <system-out/>
  <testcase classname="seleniumpoperties.AlwaysRunExample" name="testcase1" time="0.000"/>
  <system-out/>
  <testcase classname="seleniumpoperties.AlwaysRunExample" name="testcase1" time="0.000"/>
  <system-out/>
  <testcase classname="seleniumpoperties.AlwaysRunExample" name="testcase1" time="0.000"/>
  <system-out/>
  <testcase classname="seleniumpoperties.AlwaysRunExample" name="testcase1" time="0.000"/>
  <system-out/>
  <testcase classname="seleniumpoperties.AlwaysRunExample" name="testcase1" time="0.001"/>
  <system-out/>
  <testcase classname="seleniumpoperties.AlwaysRunExample" name="testcase1" time="0.000"/>
  <system-out/>
  <testcase classname="seleniumpoperties.AlwaysRunExample" name="testcase1" time="0.000"/>
  <system-out/>
  <testcase classname="seleniumpoperties.AlwaysRunExample" name="testcase1" time="0.000"/>
  <system-out/>
  <testcase classname="seleniumpoperties.AlwaysRunExample" name="testcase1" time="0.000"/>
  <system-out/>
  <testcase classname="seleniumpoperties.AlwaysRunExample" name="testcase1" time="0.000"/>
  <system-out/>
  <testcase classname="seleniumpoperties.AlwaysRunExample" name="testcase1" time="0.001"/>
  <system-out/>
  <testcase classname="seleniumpoperties.AlwaysRunExample" name="testcase1" time="0.001"/>
  <system-out/>
  <testcase classname="seleniumpoperties.AlwaysRunExample" name="testcase1" time="0.001"/>
  <system-out/>
  <testcase classname="seleniumpoperties.AlwaysRunExample" name="testcase1" time="0.000"/>
  <system-out/>
  <testcase classname="seleniumpoperties.AlwaysRunExample" name="testcase1" time="0.001"/>
  <system-out/>
  <testcase classname="seleniumpoperties.AlwaysRunExample" name="testcase1" time="0.001"/>
  <system-out/>
  <testcase classname="seleniumpoperties.AlwaysRunExample" name="testcase1" time="0.000"/>
  <system-out/>
  <testcase classname="seleniumpoperties.AlwaysRunExample" name="testcase1" time="0.001"/>
  <system-out/>
  <testcase classname="seleniumpoperties.AlwaysRunExample" name="testcase1" time="0.000"/>
  <system-out/>
  <testcase classname="seleniumpoperties.AlwaysRunExample" name="testcase1" time="0.000"/>
  <system-out/>
  <testcase classname="seleniumpoperties.AlwaysRunExample" name="testcase1" time="0.000"/>
  <system-out/>
  <testcase classname="seleniumpoperties.AlwaysRunExample" name="testcase1" time="0.001"/>
  <system-out/>
  <testcase classname="seleniumpoperties.AlwaysRunExample" name="testcase1" time="0.000"/>
  <system-out/>
  <testcase classname="seleniumpoperties.AlwaysRunExample" name="testcase1" time="0.000"/>
  <system-out/>
  <testcase classname="seleniumpoperties.AlwaysRunExample" name="testcase1" time="0.000"/>
  <system-out/>
  <testcase classname="seleniumpoperties.AlwaysRunExample" name="testcase1" time="0.000"/>
  <system-out/>
  <testcase classname="seleniumpoperties.AlwaysRunExample" name="testcase1" time="0.001"/>
  <system-out/>
  <testcase classname="seleniumpoperties.AlwaysRunExample" name="testcase1" time="0.000"/>
  <system-out/>
  <testcase classname="seleniumpoperties.AlwaysRunExample" name="testcase1" time="0.000"/>
  <system-out/>
  <testcase classname="seleniumpoperties.AlwaysRunExample" name="testcase1" time="0.000"/>
  <system-out/>
  <testcase classname="seleniumpoperties.AlwaysRunExample" name="testcase1" time="0.000"/>
  <system-out/>
  <testcase classname="seleniumpoperties.AlwaysRunExample" name="testcase1" time="0.001"/>
  <system-out/>
  <testcase classname="seleniumpoperties.AlwaysRunExample" name="testcase1" time="0.000"/>
  <system-out/>
  <testcase classname="seleniumpoperties.AlwaysRunExample" name="testcase1" time="0.000"/>
  <system-out/>
  <testcase classname="seleniumpoperties.AlwaysRunExample" name="testcase1" time="0.001"/>
  <system-out/>
  <testcase classname="seleniumpoperties.AlwaysRunExample" name="testcase1" time="0.001"/>
  <system-out/>
  <testcase classname="seleniumpoperties.AlwaysRunExample" name="testcase1" time="0.000"/>
  <system-out/>
  <testcase classname="seleniumpoperties.AlwaysRunExample" name="testcase1" time="0.000"/>
  <system-out/>
  <testcase classname="seleniumpoperties.AlwaysRunExample" name="testcase1" time="0.000"/>
  <system-out/>
  <testcase classname="seleniumpoperties.AlwaysRunExample" name="testcase1" time="0.000"/>
  <system-out/>
  <testcase classname="seleniumpoperties.AlwaysRunExample" name="testcase1" time="0.000"/>
  <system-out/>
  <testcase classname="seleniumpoperties.AlwaysRunExample" name="testcase1" time="0.000"/>
  <system-out/>
  <testcase classname="seleniumpoperties.AlwaysRunExample" name="testcase1" time="0.000"/>
  <system-out/>
  <testcase classname="seleniumpoperties.AlwaysRunExample" name="testcase1" time="0.000"/>
  <system-out/>
  <testcase classname="seleniumpoperties.AlwaysRunExample" name="testcase1" time="0.000"/>
  <system-out/>
  <testcase classname="seleniumpoperties.AlwaysRunExample" name="testcase1" time="0.000"/>
  <system-out/>
  <testcase classname="seleniumpoperties.AlwaysRunExample" name="testcase1" time="0.000"/>
  <system-out/>
  <testcase classname="seleniumpoperties.AlwaysRunExample" name="testcase1" time="0.005"/>
  <system-out/>
  <testcase classname="seleniumpoperties.AlwaysRunExample" name="testcase1" time="0.000"/>
  <system-out/>
  <testcase classname="seleniumpoperties.AlwaysRunExample" name="testcase1" time="0.000"/>
  <system-out/>
  <testcase classname="seleniumpoperties.AlwaysRunExample" name="testcase1" time="0.000"/>
  <system-out/>
  <testcase classname="seleniumpoperties.AlwaysRunExample" name="testcase1" time="0.000"/>
  <system-out/>
  <testcase classname="seleniumpoperties.AlwaysRunExample" name="testcase1" time="0.000"/>
  <system-out/>
  <testcase classname="seleniumpoperties.AlwaysRunExample" name="testcase1" time="0.000"/>
  <system-out/>
  <testcase classname="seleniumpoperties.AlwaysRunExample" name="testcase1" time="0.000"/>
  <system-out/>
  <testcase classname="seleniumpoperties.AlwaysRunExample" name="testcase1" time="0.000"/>
  <system-out/>
  <testcase classname="seleniumpoperties.AlwaysRunExample" name="testcase1" time="0.000"/>
  <system-out/>
  <testcase classname="seleniumpoperties.AlwaysRunExample" name="testcase1" time="0.000"/>
  <system-out/>
  <testcase classname="seleniumpoperties.AlwaysRunExample" name="testcase1" time="0.000"/>
  <system-out/>
  <testcase classname="seleniumpoperties.AlwaysRunExample" name="testcase1" time="0.000"/>
  <system-out/>
  <testcase classname="seleniumpoperties.AlwaysRunExample" name="testcase1" time="0.000"/>
  <system-out/>
  <testcase classname="seleniumpoperties.AlwaysRunExample" name="testcase1" time="0.000"/>
  <system-out/>
  <testcase classname="seleniumpoperties.AlwaysRunExample" name="testcase1" time="0.000"/>
  <system-out/>
  <testcase classname="seleniumpoperties.AlwaysRunExample" name="testcase1" time="0.000"/>
  <system-out/>
  <testcase classname="seleniumpoperties.AlwaysRunExample" name="testcase1" time="0.000"/>
  <system-out/>
  <testcase classname="seleniumpoperties.AlwaysRunExample" name="testcase1" time="0.001"/>
  <system-out/>
  <testcase classname="seleniumpoperties.AlwaysRunExample" name="testcase1" time="0.001"/>
  <system-out/>
  <testcase classname="seleniumpoperties.AlwaysRunExample" name="testcase1" time="0.000"/>
  <system-out/>
  <testcase classname="seleniumpoperties.AlwaysRunExample" name="testcase1" time="0.000"/>
  <system-out/>
  <testcase classname="seleniumpoperties.AlwaysRunExample" name="testcase1" time="0.000"/>
  <system-out/>
  <testcase classname="seleniumpoperties.AlwaysRunExample" name="testcase1" time="0.000"/>
  <system-out/>
  <testcase classname="seleniumpoperties.AlwaysRunExample" name="testcase1" time="0.000"/>
  <system-out/>
  <testcase classname="seleniumpoperties.AlwaysRunExample" name="testcase1" time="0.001"/>
  <system-out/>
  <testcase classname="seleniumpoperties.AlwaysRunExample" name="testcase1" time="0.000"/>
  <system-out/>
  <testcase classname="seleniumpoperties.AlwaysRunExample" name="testcase1" time="0.000"/>
  <system-out/>
  <testcase classname="seleniumpoperties.AlwaysRunExample" name="testcase1" time="0.000"/>
  <system-out/>
  <testcase classname="seleniumpoperties.AlwaysRunExample" name="testcase1" time="0.000"/>
  <system-out/>
  <testcase classname="seleniumpoperties.AlwaysRunExample" name="testcase1" time="0.000"/>
  <system-out/>
  <testcase classname="seleniumpoperties.AlwaysRunExample" name="testcase1" time="0.000"/>
  <system-out/>
  <testcase classname="seleniumpoperties.AlwaysRunExample" name="testcase1" time="0.001"/>
  <system-out/>
  <testcase classname="seleniumpoperties.AlwaysRunExample" name="testcase1" time="0.000"/>
  <system-out/>
  <testcase classname="seleniumpoperties.AlwaysRunExample" name="testcase1" time="0.000"/>
  <system-out/>
  <testcase classname="seleniumpoperties.AlwaysRunExample" name="testcase1" time="0.000"/>
  <system-out/>
  <testcase classname="seleniumpoperties.AlwaysRunExample" name="testcase1" time="0.001"/>
  <system-out/>
  <testcase classname="seleniumpoperties.AlwaysRunExample" name="testcase1" time="0.001"/>
  <system-out/>
  <testcase classname="seleniumpoperties.AlwaysRunExample" name="testcase1" time="0.000"/>
  <system-out/>
  <testcase classname="seleniumpoperties.AlwaysRunExample" name="testcase1" time="0.000"/>
  <system-out/>
  <testcase classname="seleniumpoperties.AlwaysRunExample" name="testcase1" time="0.000"/>
  <system-out/>
  <testcase classname="seleniumpoperties.AlwaysRunExample" name="testcase1" time="0.000"/>
  <system-out/>
  <testcase classname="seleniumpoperties.AlwaysRunExample" name="testcase1" time="0.000"/>
  <system-out/>
  <testcase classname="seleniumpoperties.AlwaysRunExample" name="testcase1" time="0.001"/>
  <system-out/>
  <testcase classname="seleniumpoperties.AlwaysRunExample" name="testcase1" time="0.000"/>
  <system-out/>
  <testcase classname="seleniumpoperties.AlwaysRunExample" name="testcase1" time="0.000"/>
  <system-out/>
  <testcase classname="seleniumpoperties.AlwaysRunExample" name="testcase1" time="0.000"/>
  <system-out/>
  <testcase classname="seleniumpoperties.AlwaysRunExample" name="testcase1" time="0.000"/>
  <system-out/>
  <testcase classname="seleniumpoperties.AlwaysRunExample" name="testcase1" time="0.004"/>
  <system-out/>
  <testcase classname="seleniumpoperties.AlwaysRunExample" name="testcase1" time="0.000"/>
  <system-out/>
  <testcase classname="seleniumpoperties.AlwaysRunExample" name="testcase1" time="0.001"/>
  <system-out/>
  <testcase classname="seleniumpoperties.AlwaysRunExample" name="testcase1" time="0.000"/>
  <system-out/>
  <testcase classname="seleniumpoperties.AlwaysRunExample" name="testcase1" time="0.000"/>
  <system-out/>
  <testcase classname="seleniumpoperties.AlwaysRunExample" name="testcase1" time="0.000"/>
  <system-out/>
  <testcase classname="seleniumpoperties.AlwaysRunExample" name="testcase1" time="0.000"/>
  <system-out/>
  <testcase classname="seleniumpoperties.AlwaysRunExample" name="testcase1" time="0.000"/>
  <system-out/>
  <testcase classname="seleniumpoperties.AlwaysRunExample" name="testcase1" time="0.000"/>
  <system-out/>
  <testcase classname="seleniumpoperties.AlwaysRunExample" name="testcase1" time="0.000"/>
  <system-out/>
  <testcase classname="seleniumpoperties.AlwaysRunExample" name="testcase1" time="0.000"/>
  <system-out/>
  <testcase classname="seleniumpoperties.AlwaysRunExample" name="testcase1" time="0.000"/>
  <system-out/>
  <testcase classname="seleniumpoperties.AlwaysRunExample" name="testcase1" time="0.000"/>
  <system-out/>
  <testcase classname="seleniumpoperties.AlwaysRunExample" name="testcase1" time="0.000"/>
  <system-out/>
  <testcase classname="seleniumpoperties.AlwaysRunExample" name="testcase1" time="0.000"/>
  <system-out/>
  <testcase classname="seleniumpoperties.AlwaysRunExample" name="testcase1" time="0.000"/>
  <system-out/>
  <testcase classname="seleniumpoperties.AlwaysRunExample" name="testcase1" time="0.001"/>
  <system-out/>
  <testcase classname="seleniumpoperties.AlwaysRunExample" name="testcase1" time="0.000"/>
  <system-out/>
  <testcase classname="seleniumpoperties.AlwaysRunExample" name="testcase1" time="0.000"/>
  <system-out/>
  <testcase classname="seleniumpoperties.AlwaysRunExample" name="testcase1" time="0.000"/>
  <system-out/>
  <testcase classname="seleniumpoperties.AlwaysRunExample" name="testcase1" time="0.000"/>
  <system-out/>
  <testcase classname="seleniumpoperties.AlwaysRunExample" name="testcase1" time="0.000"/>
  <system-out/>
  <testcase classname="seleniumpoperties.AlwaysRunExample" name="testcase1" time="0.000"/>
  <system-out/>
  <testcase classname="seleniumpoperties.AlwaysRunExample" name="testcase1" time="0.000"/>
  <system-out/>
  <testcase classname="seleniumpoperties.AlwaysRunExample" name="testcase1" time="0.000"/>
  <system-out/>
  <testcase classname="seleniumpoperties.AlwaysRunExample" name="testcase1" time="0.001"/>
  <system-out/>
  <testcase classname="seleniumpoperties.AlwaysRunExample" name="testcase1" time="0.000"/>
  <system-out/>
  <testcase classname="seleniumpoperties.AlwaysRunExample" name="testcase1" time="0.000"/>
  <system-out/>
  <testcase classname="seleniumpoperties.AlwaysRunExample" name="testcase1" time="0.001"/>
  <system-out/>
  <testcase classname="seleniumpoperties.AlwaysRunExample" name="testcase1" time="0.000"/>
  <system-out/>
  <testcase classname="seleniumpoperties.AlwaysRunExample" name="testcase1" time="0.000"/>
  <system-out/>
  <testcase classname="seleniumpoperties.AlwaysRunExample" name="testcase1" time="0.000"/>
  <system-out/>
  <testcase classname="seleniumpoperties.AlwaysRunExample" name="testcase1" time="0.000"/>
  <system-out/>
  <testcase classname="seleniumpoperties.AlwaysRunExample" name="testcase1" time="0.000"/>
  <system-out/>
  <testcase classname="seleniumpoperties.AlwaysRunExample" name="testcase1" time="0.000"/>
  <system-out/>
  <testcase classname="seleniumpoperties.AlwaysRunExample" name="testcase1" time="0.001"/>
  <system-out/>
  <testcase classname="seleniumpoperties.AlwaysRunExample" name="testcase1" time="0.000"/>
  <system-out/>
  <testcase classname="seleniumpoperties.AlwaysRunExample" name="testcase1" time="0.000"/>
  <system-out/>
  <testcase classname="seleniumpoperties.AlwaysRunExample" name="testcase1" time="0.001"/>
  <system-out/>
  <testcase classname="seleniumpoperties.AlwaysRunExample" name="testcase1" time="0.000"/>
  <system-out/>
  <testcase classname="seleniumpoperties.AlwaysRunExample" name="testcase1" time="0.000"/>
  <system-out/>
  <testcase classname="seleniumpoperties.AlwaysRunExample" name="testcase1" time="0.000"/>
  <system-out/>
  <testcase classname="seleniumpoperties.AlwaysRunExample" name="testcase1" time="0.001"/>
  <system-out/>
  <testcase classname="seleniumpoperties.AlwaysRunExample" name="testcase1" time="0.000"/>
  <system-out/>
  <testcase classname="seleniumpoperties.AlwaysRunExample" name="testcase1" time="0.001"/>
  <system-out/>
  <testcase classname="seleniumpoperties.AlwaysRunExample" name="testcase1" time="0.001"/>
  <system-out/>
  <testcase classname="seleniumpoperties.AlwaysRunExample" name="testcase1" time="0.000"/>
  <system-out/>
  <testcase classname="seleniumpoperties.AlwaysRunExample" name="testcase1" time="0.001"/>
  <system-out/>
  <testcase classname="seleniumpoperties.AlwaysRunExample" name="testcase1" time="0.000"/>
  <system-out/>
  <testcase classname="seleniumpoperties.AlwaysRunExample" name="testcase1" time="0.000"/>
  <system-out/>
  <testcase classname="seleniumpoperties.AlwaysRunExample" name="testcase1" time="0.000"/>
  <system-out/>
  <testcase classname="seleniumpoperties.AlwaysRunExample" name="testcase1" time="0.000"/>
  <system-out/>
  <testcase classname="seleniumpoperties.AlwaysRunExample" name="testcase1" time="0.001"/>
  <system-out/>
  <testcase classname="seleniumpoperties.AlwaysRunExample" name="testcase1" time="0.000"/>
  <system-out/>
  <testcase classname="seleniumpoperties.AlwaysRunExample" name="testcase1" time="0.000"/>
  <system-out/>
  <testcase classname="seleniumpoperties.AlwaysRunExample" name="testcase1" time="0.000"/>
  <system-out/>
  <testcase classname="seleniumpoperties.AlwaysRunExample" name="testcase1" time="0.000"/>
  <system-out/>
  <testcase classname="seleniumpoperties.AlwaysRunExample" name="testcase1" time="0.001"/>
  <system-out/>
  <testcase classname="seleniumpoperties.AlwaysRunExample" name="testcase1" time="0.000"/>
  <system-out/>
  <testcase classname="seleniumpoperties.AlwaysRunExample" name="testcase1" time="0.001"/>
  <system-out/>
  <testcase classname="seleniumpoperties.AlwaysRunExample" name="testcase1" time="0.000"/>
  <system-out/>
  <testcase classname="seleniumpoperties.AlwaysRunExample" name="testcase1" time="0.000"/>
  <system-out/>
  <testcase classname="seleniumpoperties.AlwaysRunExample" name="testcase1" time="0.001"/>
  <system-out/>
  <testcase classname="seleniumpoperties.AlwaysRunExample" name="testcase1" time="0.000"/>
  <system-out/>
  <testcase classname="seleniumpoperties.AlwaysRunExample" name="testcase1" time="0.000"/>
  <system-out/>
  <testcase classname="seleniumpoperties.AlwaysRunExample" name="testcase1" time="0.000"/>
  <system-out/>
  <testcase classname="seleniumpoperties.AlwaysRunExample" name="testcase1" time="0.001"/>
  <system-out/>
  <testcase classname="seleniumpoperties.AlwaysRunExample" name="testcase1" time="0.000"/>
  <system-out/>
  <testcase classname="seleniumpoperties.AlwaysRunExample" name="testcase1" time="0.001"/>
  <system-out/>
  <testcase classname="seleniumpoperties.AlwaysRunExample" name="testcase1" time="0.000"/>
  <system-out/>
  <testcase classname="seleniumpoperties.AlwaysRunExample" name="testcase1" time="0.000"/>
  <system-out/>
  <testcase classname="seleniumpoperties.AlwaysRunExample" name="testcase1" time="0.000"/>
  <system-out/>
  <testcase classname="seleniumpoperties.AlwaysRunExample" name="testcase1" time="0.000"/>
  <system-out/>
  <testcase classname="seleniumpoperties.AlwaysRunExample" name="testcase1" time="0.000"/>
  <system-out/>
  <testcase classname="seleniumpoperties.AlwaysRunExample" name="testcase1" time="0.000"/>
  <system-out/>
  <testcase classname="seleniumpoperties.AlwaysRunExample" name="testcase1" time="0.001"/>
  <system-out/>
  <testcase classname="seleniumpoperties.AlwaysRunExample" name="testcase1" time="0.000"/>
  <system-out/>
  <testcase classname="seleniumpoperties.AlwaysRunExample" name="testcase1" time="0.001"/>
  <system-out/>
  <testcase classname="seleniumpoperties.AlwaysRunExample" name="testcase1" time="0.000"/>
  <system-out/>
  <testcase classname="seleniumpoperties.AlwaysRunExample" name="testcase1" time="0.000"/>
  <system-out/>
  <testcase classname="seleniumpoperties.AlwaysRunExample" name="testcase1" time="0.000"/>
  <system-out/>
  <testcase classname="seleniumpoperties.AlwaysRunExample" name="testcase1" time="0.000"/>
  <system-out/>
  <testcase classname="seleniumpoperties.AlwaysRunExample" name="testcase1" time="0.000"/>
  <system-out/>
  <testcase classname="seleniumpoperties.AlwaysRunExample" name="testcase1" time="0.000"/>
  <system-out/>
  <testcase classname="seleniumpoperties.AlwaysRunExample" name="testcase1" time="0.000"/>
  <system-out/>
  <testcase classname="seleniumpoperties.AlwaysRunExample" name="testcase1" time="0.000"/>
  <system-out/>
  <testcase classname="seleniumpoperties.AlwaysRunExample" name="testcase1" time="0.000"/>
  <system-out/>
  <testcase classname="seleniumpoperties.AlwaysRunExample" name="testcase1" time="0.000"/>
  <system-out/>
  <testcase classname="seleniumpoperties.AlwaysRunExample" name="testcase1" time="0.000"/>
  <system-out/>
  <testcase classname="seleniumpoperties.AlwaysRunExample" name="testcase1" time="0.000"/>
  <system-out/>
  <testcase classname="seleniumpoperties.AlwaysRunExample" name="testcase1" time="0.000"/>
  <system-out/>
  <testcase classname="seleniumpoperties.AlwaysRunExample" name="testcase1" time="0.000"/>
  <system-out/>
  <testcase classname="seleniumpoperties.AlwaysRunExample" name="testcase1" time="0.001"/>
  <system-out/>
  <testcase classname="seleniumpoperties.AlwaysRunExample" name="testcase1" time="0.000"/>
  <system-out/>
  <testcase classname="seleniumpoperties.AlwaysRunExample" name="testcase1" time="0.000"/>
  <system-out/>
  <testcase classname="seleniumpoperties.AlwaysRunExample" name="testcase1" time="0.000"/>
  <system-out/>
  <testcase classname="seleniumpoperties.AlwaysRunExample" name="testcase1" time="0.000"/>
  <system-out/>
  <testcase classname="seleniumpoperties.AlwaysRunExample" name="testcase1" time="0.000"/>
  <system-out/>
  <testcase classname="seleniumpoperties.AlwaysRunExample" name="testcase1" time="0.001"/>
  <system-out/>
  <testcase classname="seleniumpoperties.AlwaysRunExample" name="testcase1" time="0.000"/>
  <system-out/>
  <testcase classname="seleniumpoperties.AlwaysRunExample" name="testcase1" time="0.001"/>
  <system-out/>
  <testcase classname="seleniumpoperties.AlwaysRunExample" name="testcase1" time="0.000"/>
  <system-out/>
  <testcase classname="seleniumpoperties.AlwaysRunExample" name="testcase1" time="0.000"/>
  <system-out/>
  <testcase classname="seleniumpoperties.AlwaysRunExample" name="testcase1" time="0.000"/>
  <system-out/>
  <testcase classname="seleniumpoperties.AlwaysRunExample" name="testcase1" time="0.000"/>
  <system-out/>
  <testcase classname="seleniumpoperties.AlwaysRunExample" name="testcase1" time="0.000"/>
  <system-out/>
  <testcase classname="seleniumpoperties.AlwaysRunExample" name="testcase1" time="0.000"/>
  <system-out/>
  <testcase classname="seleniumpoperties.AlwaysRunExample" name="testcase1" time="0.000"/>
  <system-out/>
  <testcase classname="seleniumpoperties.AlwaysRunExample" name="testcase1" time="0.000"/>
  <system-out/>
  <testcase classname="seleniumpoperties.AlwaysRunExample" name="testcase1" time="0.000"/>
  <system-out/>
  <testcase classname="seleniumpoperties.AlwaysRunExample" name="testcase1" time="0.000"/>
  <system-out/>
  <testcase classname="seleniumpoperties.AlwaysRunExample" name="testcase1" time="0.000"/>
  <system-out/>
  <testcase classname="seleniumpoperties.AlwaysRunExample" name="testcase1" time="0.000"/>
  <system-out/>
  <testcase classname="seleniumpoperties.AlwaysRunExample" name="testcase1" time="0.000"/>
  <system-out/>
  <testcase classname="seleniumpoperties.AlwaysRunExample" name="testcase1" time="0.000"/>
  <system-out/>
  <testcase classname="seleniumpoperties.AlwaysRunExample" name="testcase1" time="0.001"/>
  <system-out/>
  <testcase classname="seleniumpoperties.AlwaysRunExample" name="testcase1" time="0.000"/>
  <system-out/>
  <testcase classname="seleniumpoperties.AlwaysRunExample" name="testcase1" time="0.000"/>
  <system-out/>
  <testcase classname="seleniumpoperties.AlwaysRunExample" name="testcase1" time="0.000"/>
  <system-out/>
  <testcase classname="seleniumpoperties.AlwaysRunExample" name="testcase1" time="0.000"/>
  <system-out/>
  <testcase classname="seleniumpoperties.AlwaysRunExample" name="testcase1" time="0.000"/>
  <system-out/>
  <testcase classname="seleniumpoperties.AlwaysRunExample" name="testcase1" time="0.000"/>
  <system-out/>
  <testcase classname="seleniumpoperties.AlwaysRunExample" name="testcase1" time="0.000"/>
  <system-out/>
  <testcase classname="seleniumpoperties.AlwaysRunExample" name="testcase1" time="0.000"/>
  <system-out/>
  <testcase classname="seleniumpoperties.AlwaysRunExample" name="testcase1" time="0.000"/>
  <system-out/>
  <testcase classname="seleniumpoperties.AlwaysRunExample" name="testcase1" time="0.000"/>
  <system-out/>
  <testcase classname="seleniumpoperties.AlwaysRunExample" name="testcase1" time="0.000"/>
  <system-out/>
  <testcase classname="seleniumpoperties.AlwaysRunExample" name="testcase1" time="0.000"/>
  <system-out/>
  <testcase classname="seleniumpoperties.AlwaysRunExample" name="testcase1" time="0.000"/>
  <system-out/>
  <testcase classname="seleniumpoperties.AlwaysRunExample" name="testcase1" time="0.000"/>
  <system-out/>
  <testcase classname="seleniumpoperties.AlwaysRunExample" name="testcase1" time="0.000"/>
  <system-out/>
  <testcase classname="seleniumpoperties.AlwaysRunExample" name="testcase1" time="0.000"/>
  <system-out/>
  <testcase classname="seleniumpoperties.AlwaysRunExample" name="testcase1" time="0.000"/>
  <system-out/>
  <testcase classname="seleniumpoperties.AlwaysRunExample" name="testcase1" time="0.000"/>
  <system-out/>
  <testcase classname="seleniumpoperties.AlwaysRunExample" name="testcase1" time="0.000"/>
  <system-out/>
  <testcase classname="seleniumpoperties.AlwaysRunExample" name="testcase1" time="0.000"/>
  <system-out/>
  <testcase classname="seleniumpoperties.AlwaysRunExample" name="testcase1" time="0.000"/>
  <system-out/>
  <testcase classname="seleniumpoperties.AlwaysRunExample" name="testcase1" time="0.000"/>
  <system-out/>
  <testcase classname="seleniumpoperties.AlwaysRunExample" name="testcase1" time="0.000"/>
  <system-out/>
  <testcase classname="seleniumpoperties.AlwaysRunExample" name="testcase1" time="0.000"/>
  <system-out/>
  <testcase classname="seleniumpoperties.AlwaysRunExample" name="testcase1" time="0.001"/>
  <system-out/>
  <testcase classname="seleniumpoperties.AlwaysRunExample" name="testcase1" time="0.000"/>
  <system-out/>
  <testcase classname="seleniumpoperties.AlwaysRunExample" name="testcase1" time="0.000"/>
  <system-out/>
  <testcase classname="seleniumpoperties.AlwaysRunExample" name="testcase1" time="0.000"/>
  <system-out/>
  <testcase classname="seleniumpoperties.AlwaysRunExample" name="testcase1" time="0.000"/>
  <system-out/>
  <testcase classname="seleniumpoperties.AlwaysRunExample" name="testcase1" time="0.000"/>
  <system-out/>
  <testcase classname="seleniumpoperties.AlwaysRunExample" name="testcase1" time="0.000"/>
  <system-out/>
  <testcase classname="seleniumpoperties.AlwaysRunExample" name="testcase1" time="0.000"/>
  <system-out/>
  <testcase classname="seleniumpoperties.AlwaysRunExample" name="testcase1" time="0.000"/>
  <system-out/>
  <testcase classname="seleniumpoperties.AlwaysRunExample" name="testcase1" time="0.000"/>
  <system-out/>
  <testcase classname="seleniumpoperties.AlwaysRunExample" name="testcase1" time="0.001"/>
  <system-out/>
  <testcase classname="seleniumpoperties.AlwaysRunExample" name="testcase1" time="0.000"/>
  <system-out/>
  <testcase classname="seleniumpoperties.AlwaysRunExample" name="testcase1" time="0.001"/>
  <system-out/>
  <testcase classname="seleniumpoperties.AlwaysRunExample" name="testcase1" time="0.001"/>
  <system-out/>
  <testcase classname="seleniumpoperties.AlwaysRunExample" name="testcase1" time="0.001"/>
  <system-out/>
  <testcase classname="seleniumpoperties.AlwaysRunExample" name="testcase1" time="0.000"/>
  <system-out/>
  <testcase classname="seleniumpoperties.AlwaysRunExample" name="testcase1" time="0.000"/>
  <system-out/>
  <testcase classname="seleniumpoperties.AlwaysRunExample" name="testcase1" time="0.000"/>
  <system-out/>
  <testcase classname="seleniumpoperties.AlwaysRunExample" name="testcase1" time="0.000"/>
  <system-out/>
  <testcase classname="seleniumpoperties.AlwaysRunExample" name="testcase1" time="0.000"/>
  <system-out/>
  <testcase classname="seleniumpoperties.AlwaysRunExample" name="testcase1" time="0.000"/>
  <system-out/>
  <testcase classname="seleniumpoperties.AlwaysRunExample" name="testcase1" time="0.000"/>
  <system-out/>
  <testcase classname="seleniumpoperties.AlwaysRunExample" name="testcase1" time="0.000"/>
  <system-out/>
  <testcase classname="seleniumpoperties.AlwaysRunExample" name="testcase1" time="0.000"/>
  <system-out/>
  <testcase classname="seleniumpoperties.AlwaysRunExample" name="testcase1" time="0.000"/>
  <system-out/>
  <testcase classname="seleniumpoperties.AlwaysRunExample" name="testcase1" time="0.000"/>
  <system-out/>
  <testcase classname="seleniumpoperties.AlwaysRunExample" name="testcase1" time="0.000"/>
  <system-out/>
  <testcase classname="seleniumpoperties.AlwaysRunExample" name="testcase1" time="0.001"/>
  <system-out/>
  <testcase classname="seleniumpoperties.AlwaysRunExample" name="testcase1" time="0.000"/>
  <system-out/>
  <testcase classname="seleniumpoperties.AlwaysRunExample" name="testcase1" time="0.000"/>
  <system-out/>
  <testcase classname="seleniumpoperties.AlwaysRunExample" name="testcase1" time="0.000"/>
  <system-out/>
  <testcase classname="seleniumpoperties.AlwaysRunExample" name="testcase1" time="0.000"/>
  <system-out/>
  <testcase classname="seleniumpoperties.AlwaysRunExample" name="testcase1" time="0.000"/>
  <system-out/>
  <testcase classname="seleniumpoperties.AlwaysRunExample" name="testcase1" time="0.000"/>
  <system-out/>
  <testcase classname="seleniumpoperties.AlwaysRunExample" name="testcase1" time="0.000"/>
  <system-out/>
  <testcase classname="seleniumpoperties.AlwaysRunExample" name="testcase1" time="0.000"/>
  <system-out/>
  <testcase classname="seleniumpoperties.AlwaysRunExample" name="testcase1" time="0.001"/>
  <system-out/>
  <testcase classname="seleniumpoperties.AlwaysRunExample" name="testcase1" time="0.000"/>
  <system-out/>
  <testcase classname="seleniumpoperties.AlwaysRunExample" name="testcase1" time="0.000"/>
  <system-out/>
  <testcase classname="seleniumpoperties.AlwaysRunExample" name="testcase1" time="0.000"/>
  <system-out/>
  <testcase classname="seleniumpoperties.AlwaysRunExample" name="testcase1" time="0.001"/>
  <system-out/>
  <testcase classname="seleniumpoperties.AlwaysRunExample" name="testcase1" time="0.001"/>
  <system-out/>
  <testcase classname="seleniumpoperties.AlwaysRunExample" name="testcase1" time="0.000"/>
  <system-out/>
  <testcase classname="seleniumpoperties.AlwaysRunExample" name="testcase1" time="0.001"/>
  <system-out/>
  <testcase classname="seleniumpoperties.AlwaysRunExample" name="testcase1" time="0.001"/>
  <system-out/>
  <testcase classname="seleniumpoperties.AlwaysRunExample" name="testcase1" time="0.000"/>
  <system-out/>
  <testcase classname="seleniumpoperties.AlwaysRunExample" name="testcase1" time="0.000"/>
  <system-out/>
  <testcase classname="seleniumpoperties.AlwaysRunExample" name="testcase1" time="0.001"/>
  <system-out/>
  <testcase classname="seleniumpoperties.AlwaysRunExample" name="testcase1" time="0.000"/>
  <system-out/>
  <testcase classname="seleniumpoperties.AlwaysRunExample" name="testcase1" time="0.000"/>
  <system-out/>
  <testcase classname="seleniumpoperties.AlwaysRunExample" name="testcase1" time="0.000"/>
  <system-out/>
  <testcase classname="seleniumpoperties.AlwaysRunExample" name="testcase1" time="0.001"/>
  <system-out/>
  <testcase classname="seleniumpoperties.AlwaysRunExample" name="testcase1" time="0.000"/>
  <system-out/>
  <testcase classname="seleniumpoperties.AlwaysRunExample" name="testcase1" time="0.000"/>
  <system-out/>
  <testcase classname="seleniumpoperties.AlwaysRunExample" name="testcase1" time="0.001"/>
  <system-out/>
  <testcase classname="seleniumpoperties.AlwaysRunExample" name="testcase1" time="0.000"/>
  <system-out/>
  <testcase classname="seleniumpoperties.AlwaysRunExample" name="testcase1" time="0.000"/>
  <system-out/>
  <testcase classname="seleniumpoperties.AlwaysRunExample" name="testcase1" time="0.000"/>
  <system-out/>
  <testcase classname="seleniumpoperties.AlwaysRunExample" name="testcase1" time="0.001"/>
  <system-out/>
  <testcase classname="seleniumpoperties.AlwaysRunExample" name="testcase1" time="0.000"/>
  <system-out/>
  <testcase classname="seleniumpoperties.AlwaysRunExample" name="testcase1" time="0.000"/>
  <system-out/>
  <testcase classname="seleniumpoperties.AlwaysRunExample" name="testcase1" time="0.000"/>
  <system-out/>
  <testcase classname="seleniumpoperties.AlwaysRunExample" name="testcase1" time="0.000"/>
  <system-out/>
  <testcase classname="seleniumpoperties.AlwaysRunExample" name="testcase1" time="0.000"/>
  <system-out/>
  <testcase classname="seleniumpoperties.AlwaysRunExample" name="testcase1" time="0.000"/>
  <system-out/>
  <testcase classname="seleniumpoperties.AlwaysRunExample" name="testcase1" time="0.001"/>
  <system-out/>
  <testcase classname="seleniumpoperties.AlwaysRunExample" name="testcase1" time="0.000"/>
  <system-out/>
  <testcase classname="seleniumpoperties.AlwaysRunExample" name="testcase1" time="0.000"/>
  <system-out/>
  <testcase classname="seleniumpoperties.AlwaysRunExample" name="testcase1" time="0.001"/>
  <system-out/>
  <testcase classname="seleniumpoperties.AlwaysRunExample" name="testcase1" time="0.000"/>
  <system-out/>
  <testcase classname="seleniumpoperties.AlwaysRunExample" name="testcase1" time="0.000"/>
  <system-out/>
  <testcase classname="seleniumpoperties.AlwaysRunExample" name="testcase1" time="0.000"/>
  <system-out/>
  <testcase classname="seleniumpoperties.AlwaysRunExample" name="testcase1" time="0.000"/>
  <system-out/>
  <testcase classname="seleniumpoperties.AlwaysRunExample" name="testcase1" time="0.000"/>
  <system-out/>
  <testcase classname="seleniumpoperties.AlwaysRunExample" name="testcase1" time="0.000"/>
  <system-out/>
  <testcase classname="seleniumpoperties.AlwaysRunExample" name="testcase1" time="0.000"/>
  <system-out/>
  <testcase classname="seleniumpoperties.AlwaysRunExample" name="testcase1" time="0.000"/>
  <system-out/>
  <testcase classname="seleniumpoperties.AlwaysRunExample" name="testcase1" time="0.000"/>
  <system-out/>
  <testcase classname="seleniumpoperties.AlwaysRunExample" name="testcase1" time="0.000"/>
  <system-out/>
  <testcase classname="seleniumpoperties.AlwaysRunExample" name="testcase1" time="0.001"/>
  <system-out/>
  <testcase classname="seleniumpoperties.AlwaysRunExample" name="testcase1" time="0.000"/>
  <system-out/>
  <testcase classname="seleniumpoperties.AlwaysRunExample" name="testcase1" time="0.000"/>
  <system-out/>
  <testcase classname="seleniumpoperties.AlwaysRunExample" name="testcase1" time="0.000"/>
  <system-out/>
  <testcase classname="seleniumpoperties.AlwaysRunExample" name="testcase1" time="0.000"/>
  <system-out/>
  <testcase classname="seleniumpoperties.AlwaysRunExample" name="testcase1" time="0.000"/>
  <system-out/>
  <testcase classname="seleniumpoperties.AlwaysRunExample" name="testcase1" time="0.001"/>
  <system-out/>
  <testcase classname="seleniumpoperties.AlwaysRunExample" name="testcase1" time="0.000"/>
  <system-out/>
  <testcase classname="seleniumpoperties.AlwaysRunExample" name="testcase1" time="0.000"/>
  <system-out/>
  <testcase classname="seleniumpoperties.AlwaysRunExample" name="testcase1" time="0.000"/>
  <system-out/>
  <testcase classname="seleniumpoperties.AlwaysRunExample" name="testcase1" time="0.000"/>
  <system-out/>
  <testcase classname="seleniumpoperties.AlwaysRunExample" name="testcase1" time="0.000"/>
  <system-out/>
  <testcase classname="seleniumpoperties.AlwaysRunExample" name="testcase1" time="0.000"/>
  <system-out/>
  <testcase classname="seleniumpoperties.AlwaysRunExample" name="testcase1" time="0.000"/>
  <system-out/>
  <testcase classname="seleniumpoperties.AlwaysRunExample" name="testcase1" time="0.001"/>
  <system-out/>
  <testcase classname="seleniumpoperties.AlwaysRunExample" name="testcase1" time="0.000"/>
  <system-out/>
  <testcase classname="seleniumpoperties.AlwaysRunExample" name="testcase1" time="0.000"/>
  <system-out/>
  <testcase classname="seleniumpoperties.AlwaysRunExample" name="testcase1" time="0.000"/>
  <system-out/>
  <testcase classname="seleniumpoperties.AlwaysRunExample" name="testcase1" time="0.000"/>
  <system-out/>
  <testcase classname="seleniumpoperties.AlwaysRunExample" name="testcase1" time="0.000"/>
  <system-out/>
  <testcase classname="seleniumpoperties.AlwaysRunExample" name="testcase1" time="0.001"/>
  <system-out/>
  <testcase classname="seleniumpoperties.AlwaysRunExample" name="testcase1" time="0.000"/>
  <system-out/>
  <testcase classname="seleniumpoperties.AlwaysRunExample" name="testcase1" time="0.000"/>
  <system-out/>
  <testcase classname="seleniumpoperties.AlwaysRunExample" name="testcase1" time="0.000"/>
  <system-out/>
  <testcase classname="seleniumpoperties.AlwaysRunExample" name="testcase1" time="0.000"/>
  <system-out/>
  <testcase classname="seleniumpoperties.AlwaysRunExample" name="testcase1" time="0.000"/>
  <system-out/>
  <testcase classname="seleniumpoperties.AlwaysRunExample" name="testcase1" time="0.000"/>
  <system-out/>
  <testcase classname="seleniumpoperties.AlwaysRunExample" name="testcase1" time="0.001"/>
  <system-out/>
  <testcase classname="seleniumpoperties.AlwaysRunExample" name="testcase1" time="0.000"/>
  <system-out/>
  <testcase classname="seleniumpoperties.AlwaysRunExample" name="testcase1" time="0.000"/>
  <system-out/>
  <testcase classname="seleniumpoperties.AlwaysRunExample" name="testcase1" time="0.000"/>
  <system-out/>
  <testcase classname="seleniumpoperties.AlwaysRunExample" name="testcase1" time="0.000"/>
  <system-out/>
  <testcase classname="seleniumpoperties.AlwaysRunExample" name="testcase1" time="0.000"/>
  <system-out/>
  <testcase classname="seleniumpoperties.AlwaysRunExample" name="testcase1" time="0.001"/>
  <system-out/>
  <testcase classname="seleniumpoperties.AlwaysRunExample" name="testcase1" time="0.000"/>
  <system-out/>
  <testcase classname="seleniumpoperties.AlwaysRunExample" name="testcase1" time="0.001"/>
  <system-out/>
  <testcase classname="seleniumpoperties.AlwaysRunExample" name="testcase1" time="0.001"/>
  <system-out/>
  <testcase classname="seleniumpoperties.AlwaysRunExample" name="testcase1" time="0.001"/>
  <system-out/>
  <testcase classname="seleniumpoperties.AlwaysRunExample" name="testcase1" time="0.000"/>
  <system-out/>
  <testcase classname="seleniumpoperties.AlwaysRunExample" name="testcase1" time="0.000"/>
  <system-out/>
  <testcase classname="seleniumpoperties.AlwaysRunExample" name="testcase1" time="0.000"/>
  <system-out/>
  <testcase classname="seleniumpoperties.AlwaysRunExample" name="testcase1" time="0.000"/>
  <system-out/>
  <testcase classname="seleniumpoperties.AlwaysRunExample" name="testcase1" time="0.000"/>
  <system-out/>
  <testcase classname="seleniumpoperties.AlwaysRunExample" name="testcase1" time="0.000"/>
  <system-out/>
  <testcase classname="seleniumpoperties.AlwaysRunExample" name="testcase1" time="0.000"/>
  <system-out/>
  <testcase classname="seleniumpoperties.AlwaysRunExample" name="testcase1" time="0.000"/>
  <system-out/>
  <testcase classname="seleniumpoperties.AlwaysRunExample" name="testcase1" time="0.001"/>
  <system-out/>
  <testcase classname="seleniumpoperties.AlwaysRunExample" name="testcase1" time="0.000"/>
  <system-out/>
  <testcase classname="seleniumpoperties.AlwaysRunExample" name="testcase1" time="0.000"/>
  <system-out/>
  <testcase classname="seleniumpoperties.AlwaysRunExample" name="testcase1" time="0.000"/>
  <system-out/>
  <testcase classname="seleniumpoperties.AlwaysRunExample" name="testcase1" time="0.000"/>
  <system-out/>
  <testcase classname="seleniumpoperties.AlwaysRunExample" name="testcase1" time="0.000"/>
  <system-out/>
  <testcase classname="seleniumpoperties.AlwaysRunExample" name="testcase1" time="0.000"/>
  <system-out/>
  <testcase classname="seleniumpoperties.AlwaysRunExample" name="testcase1" time="0.000"/>
  <system-out/>
  <testcase classname="seleniumpoperties.AlwaysRunExample" name="testcase1" time="0.001"/>
  <system-out/>
  <testcase classname="seleniumpoperties.AlwaysRunExample" name="testcase1" time="0.000"/>
  <system-out/>
  <testcase classname="seleniumpoperties.AlwaysRunExample" name="testcase1" time="0.000"/>
  <system-out/>
  <testcase classname="seleniumpoperties.AlwaysRunExample" name="testcase1" time="0.000"/>
  <system-out/>
  <testcase classname="seleniumpoperties.AlwaysRunExample" name="testcase1" time="0.001"/>
  <system-out/>
  <testcase classname="seleniumpoperties.AlwaysRunExample" name="testcase1" time="0.000"/>
  <system-out/>
  <testcase classname="seleniumpoperties.AlwaysRunExample" name="testcase1" time="0.000"/>
  <system-out/>
  <testcase classname="seleniumpoperties.AlwaysRunExample" name="testcase1" time="0.000"/>
  <system-out/>
  <testcase classname="seleniumpoperties.AlwaysRunExample" name="testcase1" time="0.000"/>
  <system-out/>
  <testcase classname="seleniumpoperties.AlwaysRunExample" name="testcase1" time="0.000"/>
  <system-out/>
  <testcase classname="seleniumpoperties.AlwaysRunExample" name="testcase1" time="0.000"/>
  <system-out/>
  <testcase classname="seleniumpoperties.AlwaysRunExample" name="testcase1" time="0.000"/>
  <system-out/>
  <testcase classname="seleniumpoperties.AlwaysRunExample" name="testcase1" time="0.000"/>
  <system-out/>
  <testcase classname="seleniumpoperties.AlwaysRunExample" name="testcase1" time="0.000"/>
  <system-out/>
  <testcase classname="seleniumpoperties.AlwaysRunExample" name="testcase1" time="0.000"/>
  <system-out/>
  <testcase classname="seleniumpoperties.AlwaysRunExample" name="testcase1" time="0.000"/>
  <system-out/>
  <testcase classname="seleniumpoperties.AlwaysRunExample" name="testcase1" time="0.000"/>
  <system-out/>
  <testcase classname="seleniumpoperties.AlwaysRunExample" name="testcase1" time="0.000"/>
  <system-out/>
  <testcase classname="seleniumpoperties.AlwaysRunExample" name="testcase1" time="0.000"/>
  <system-out/>
  <testcase classname="seleniumpoperties.AlwaysRunExample" name="testcase1" time="0.001"/>
  <system-out/>
  <testcase classname="seleniumpoperties.AlwaysRunExample" name="testcase1" time="0.000"/>
  <system-out/>
  <testcase classname="seleniumpoperties.AlwaysRunExample" name="testcase1" time="0.000"/>
  <system-out/>
  <testcase classname="seleniumpoperties.AlwaysRunExample" name="testcase1" time="0.000"/>
  <system-out/>
  <testcase classname="seleniumpoperties.AlwaysRunExample" name="testcase1" time="0.000"/>
  <system-out/>
  <testcase classname="seleniumpoperties.AlwaysRunExample" name="testcase1" time="0.000"/>
  <system-out/>
  <testcase classname="seleniumpoperties.AlwaysRunExample" name="testcase1" time="0.000"/>
  <system-out/>
  <testcase classname="seleniumpoperties.AlwaysRunExample" name="testcase1" time="0.001"/>
  <system-out/>
  <testcase classname="seleniumpoperties.AlwaysRunExample" name="testcase1" time="0.001"/>
  <system-out/>
  <testcase classname="seleniumpoperties.AlwaysRunExample" name="testcase1" time="0.000"/>
  <system-out/>
  <testcase classname="seleniumpoperties.AlwaysRunExample" name="testcase1" time="0.001"/>
  <system-out/>
  <testcase classname="seleniumpoperties.AlwaysRunExample" name="testcase1" time="0.000"/>
  <system-out/>
  <testcase classname="seleniumpoperties.AlwaysRunExample" name="testcase1" time="0.000"/>
  <system-out/>
  <testcase classname="seleniumpoperties.AlwaysRunExample" name="testcase1" time="0.000"/>
  <system-out/>
  <testcase classname="seleniumpoperties.AlwaysRunExample" name="testcase1" time="0.001"/>
  <system-out/>
  <testcase classname="seleniumpoperties.AlwaysRunExample" name="testcase1" time="0.000"/>
  <system-out/>
  <testcase classname="seleniumpoperties.AlwaysRunExample" name="testcase1" time="0.000"/>
  <system-out/>
  <testcase classname="seleniumpoperties.AlwaysRunExample" name="testcase1" time="0.000"/>
  <system-out/>
  <testcase classname="seleniumpoperties.AlwaysRunExample" name="testcase1" time="0.000"/>
  <system-out/>
  <testcase classname="seleniumpoperties.AlwaysRunExample" name="testcase1" time="0.001"/>
  <system-out/>
  <testcase classname="seleniumpoperties.AlwaysRunExample" name="testcase1" time="0.000"/>
  <system-out/>
  <testcase classname="seleniumpoperties.AlwaysRunExample" name="testcase1" time="0.000"/>
  <system-out/>
  <testcase classname="seleniumpoperties.AlwaysRunExample" name="testcase1" time="0.000"/>
  <system-out/>
  <testcase classname="seleniumpoperties.AlwaysRunExample" name="testcase1" time="0.000"/>
  <system-out/>
  <testcase classname="seleniumpoperties.AlwaysRunExample" name="testcase1" time="0.001"/>
  <system-out/>
  <testcase classname="seleniumpoperties.AlwaysRunExample" name="testcase1" time="0.000"/>
  <system-out/>
  <testcase classname="seleniumpoperties.AlwaysRunExample" name="testcase1" time="0.000"/>
  <system-out/>
  <testcase classname="seleniumpoperties.AlwaysRunExample" name="testcase1" time="0.001"/>
  <system-out/>
  <testcase classname="seleniumpoperties.AlwaysRunExample" name="testcase1" time="0.000"/>
  <system-out/>
  <testcase classname="seleniumpoperties.AlwaysRunExample" name="testcase1" time="0.000"/>
  <system-out/>
  <testcase classname="seleniumpoperties.AlwaysRunExample" name="testcase1" time="0.000"/>
  <system-out/>
  <testcase classname="seleniumpoperties.AlwaysRunExample" name="testcase1" time="0.000"/>
  <system-out/>
  <testcase classname="seleniumpoperties.AlwaysRunExample" name="testcase1" time="0.000"/>
  <system-out/>
  <testcase classname="seleniumpoperties.AlwaysRunExample" name="testcase1" time="0.001"/>
  <system-out/>
  <testcase classname="seleniumpoperties.AlwaysRunExample" name="testcase1" time="0.000"/>
  <system-out/>
  <testcase classname="seleniumpoperties.AlwaysRunExample" name="testcase1" time="0.000"/>
  <system-out/>
  <testcase classname="seleniumpoperties.AlwaysRunExample" name="testcase1" time="0.001"/>
  <system-out/>
  <testcase classname="seleniumpoperties.AlwaysRunExample" name="testcase1" time="0.000"/>
  <system-out/>
  <testcase classname="seleniumpoperties.AlwaysRunExample" name="testcase1" time="0.000"/>
  <system-out/>
  <testcase classname="seleniumpoperties.AlwaysRunExample" name="testcase1" time="0.000"/>
  <system-out/>
  <testcase classname="seleniumpoperties.AlwaysRunExample" name="testcase1" time="0.000"/>
  <system-out/>
  <testcase classname="seleniumpoperties.AlwaysRunExample" name="testcase1" time="0.000"/>
  <system-out/>
  <testcase classname="seleniumpoperties.AlwaysRunExample" name="testcase1" time="0.000"/>
  <system-out/>
  <testcase classname="seleniumpoperties.AlwaysRunExample" name="testcase1" time="0.000"/>
  <system-out/>
  <testcase classname="seleniumpoperties.AlwaysRunExample" name="testcase1" time="0.000"/>
  <system-out/>
  <testcase classname="seleniumpoperties.AlwaysRunExample" name="testcase1" time="0.000"/>
  <system-out/>
  <testcase classname="seleniumpoperties.AlwaysRunExample" name="testcase1" time="0.001"/>
  <system-out/>
  <testcase classname="seleniumpoperties.AlwaysRunExample" name="testcase1" time="0.000"/>
  <system-out/>
  <testcase classname="seleniumpoperties.AlwaysRunExample" name="testcase1" time="0.000"/>
  <system-out/>
  <testcase classname="seleniumpoperties.AlwaysRunExample" name="testcase1" time="0.000"/>
  <system-out/>
  <testcase classname="seleniumpoperties.AlwaysRunExample" name="testcase1" time="0.001"/>
  <system-out/>
  <testcase classname="seleniumpoperties.AlwaysRunExample" name="testcase1" time="0.000"/>
  <system-out/>
  <testcase classname="seleniumpoperties.AlwaysRunExample" name="testcase1" time="0.000"/>
  <system-out/>
  <testcase classname="seleniumpoperties.AlwaysRunExample" name="testcase1" time="0.000"/>
  <system-out/>
  <testcase classname="seleniumpoperties.AlwaysRunExample" name="testcase1" time="0.000"/>
  <system-out/>
  <testcase classname="seleniumpoperties.AlwaysRunExample" name="testcase1" time="0.001"/>
  <system-out/>
  <testcase classname="seleniumpoperties.AlwaysRunExample" name="testcase1" time="0.000"/>
  <system-out/>
  <testcase classname="seleniumpoperties.AlwaysRunExample" name="testcase1" time="0.000"/>
  <system-out/>
  <testcase classname="seleniumpoperties.AlwaysRunExample" name="testcase1" time="0.000"/>
  <system-out/>
  <testcase classname="seleniumpoperties.AlwaysRunExample" name="testcase1" time="0.000"/>
  <system-out/>
  <testcase classname="seleniumpoperties.AlwaysRunExample" name="testcase1" time="0.001"/>
  <system-out/>
  <testcase classname="seleniumpoperties.AlwaysRunExample" name="testcase1" time="0.000"/>
  <system-out/>
  <testcase classname="seleniumpoperties.AlwaysRunExample" name="testcase1" time="0.001"/>
  <system-out/>
  <testcase classname="seleniumpoperties.AlwaysRunExample" name="testcase1" time="0.000"/>
  <system-out/>
  <testcase classname="seleniumpoperties.AlwaysRunExample" name="testcase1" time="0.000"/>
  <system-out/>
  <testcase classname="seleniumpoperties.AlwaysRunExample" name="testcase1" time="0.000"/>
  <system-out/>
  <testcase classname="seleniumpoperties.AlwaysRunExample" name="testcase1" time="0.000"/>
  <system-out/>
  <testcase classname="seleniumpoperties.AlwaysRunExample" name="testcase1" time="0.000"/>
  <system-out/>
  <testcase classname="seleniumpoperties.AlwaysRunExample" name="testcase1" time="0.000"/>
  <system-out/>
  <testcase classname="seleniumpoperties.AlwaysRunExample" name="testcase1" time="0.001"/>
  <system-out/>
  <testcase classname="seleniumpoperties.AlwaysRunExample" name="testCase2" time="0.013"/>
  <system-out/>
  <testcase classname="seleniumpoperties.AlwaysRunExample" name="testcase1" time="0.001"/>
  <system-out/>
  <testcase classname="seleniumpoperties.AlwaysRunExample" name="testcase1" time="0.000"/>
  <system-out/>
  <testcase classname="seleniumpoperties.AlwaysRunExample" name="testcase1" time="0.000"/>
  <system-out/>
  <testcase classname="seleniumpoperties.AlwaysRunExample" name="testcase1" time="0.000"/>
  <system-out/>
  <testcase classname="seleniumpoperties.AlwaysRunExample" name="testcase1" time="0.000"/>
  <system-out/>
  <testcase classname="seleniumpoperties.AlwaysRunExample" name="testcase1" time="0.000"/>
  <system-out/>
  <testcase classname="seleniumpoperties.AlwaysRunExample" name="testcase1" time="0.001"/>
  <system-out/>
  <testcase classname="seleniumpoperties.AlwaysRunExample" name="testcase1" time="0.000"/>
  <system-out/>
  <testcase classname="seleniumpoperties.AlwaysRunExample" name="testcase1" time="0.000"/>
  <system-out/>
  <testcase classname="seleniumpoperties.AlwaysRunExample" name="testcase1" time="0.000"/>
  <system-out/>
  <testcase classname="seleniumpoperties.AlwaysRunExample" name="testcase1" time="0.000"/>
  <system-out/>
  <testcase classname="seleniumpoperties.AlwaysRunExample" name="testcase1" time="0.000"/>
  <system-out/>
  <testcase classname="seleniumpoperties.AlwaysRunExample" name="testcase1" time="0.000"/>
  <system-out/>
  <testcase classname="seleniumpoperties.AlwaysRunExample" name="testcase1" time="0.000"/>
  <system-out/>
  <testcase classname="seleniumpoperties.AlwaysRunExample" name="testcase1" time="0.000"/>
  <system-out/>
  <testcase classname="seleniumpoperties.AlwaysRunExample" name="testcase1" time="0.000"/>
  <system-out/>
  <testcase classname="seleniumpoperties.AlwaysRunExample" name="testcase1" time="0.000"/>
  <system-out/>
  <testcase classname="seleniumpoperties.AlwaysRunExample" name="testcase1" time="0.000"/>
  <system-out/>
  <testcase classname="seleniumpoperties.AlwaysRunExample" name="testcase1" time="0.000"/>
  <system-out/>
  <testcase classname="seleniumpoperties.AlwaysRunExample" name="testcase1" time="0.000"/>
  <system-out/>
  <testcase classname="seleniumpoperties.AlwaysRunExample" name="testcase1" time="0.000"/>
  <system-out/>
  <testcase classname="seleniumpoperties.AlwaysRunExample" name="testcase1" time="0.000"/>
  <system-out/>
  <testcase classname="seleniumpoperties.AlwaysRunExample" name="testcase1" time="0.000"/>
  <system-out/>
  <testcase classname="seleniumpoperties.AlwaysRunExample" name="testcase1" time="0.000"/>
  <system-out/>
  <testcase classname="seleniumpoperties.AlwaysRunExample" name="testcase1" time="0.000"/>
  <system-out/>
  <testcase classname="seleniumpoperties.AlwaysRunExample" name="testcase1" time="0.001"/>
  <system-out/>
  <testcase classname="seleniumpoperties.AlwaysRunExample" name="testcase1" time="0.000"/>
  <system-out/>
  <testcase classname="seleniumpoperties.AlwaysRunExample" name="testcase1" time="0.001"/>
  <system-out/>
  <testcase classname="seleniumpoperties.AlwaysRunExample" name="testcase1" time="0.000"/>
  <system-out/>
  <testcase classname="seleniumpoperties.AlwaysRunExample" name="testcase1" time="0.000"/>
  <system-out/>
  <testcase classname="seleniumpoperties.AlwaysRunExample" name="testcase1" time="0.000"/>
  <system-out/>
  <testcase classname="seleniumpoperties.AlwaysRunExample" name="testcase1" time="0.000"/>
  <system-out/>
  <testcase classname="seleniumpoperties.AlwaysRunExample" name="testcase1" time="0.001"/>
  <system-out/>
  <testcase classname="seleniumpoperties.AlwaysRunExample" name="testcase1" time="0.000"/>
  <system-out/>
  <testcase classname="seleniumpoperties.AlwaysRunExample" name="testcase1" time="0.000"/>
  <system-out/>
  <testcase classname="seleniumpoperties.AlwaysRunExample" name="testcase1" time="0.000"/>
  <system-out/>
  <testcase classname="seleniumpoperties.AlwaysRunExample" name="testcase1" time="0.000"/>
  <system-out/>
  <testcase classname="seleniumpoperties.AlwaysRunExample" name="testcase1" time="0.000"/>
  <system-out/>
  <testcase classname="seleniumpoperties.AlwaysRunExample" name="testcase1" time="0.000"/>
  <system-out/>
  <testcase classname="seleniumpoperties.AlwaysRunExample" name="testcase1" time="0.000"/>
  <system-out/>
  <testcase classname="seleniumpoperties.AlwaysRunExample" name="testcase1" time="0.000"/>
  <system-out/>
  <testcase classname="seleniumpoperties.AlwaysRunExample" name="testcase1" time="0.000"/>
  <system-out/>
  <testcase classname="seleniumpoperties.AlwaysRunExample" name="testcase1" time="0.000"/>
  <system-out/>
  <testcase classname="seleniumpoperties.AlwaysRunExample" name="testcase1" time="0.000"/>
  <system-out/>
  <testcase classname="seleniumpoperties.AlwaysRunExample" name="testcase1" time="0.000"/>
  <system-out/>
  <testcase classname="seleniumpoperties.AlwaysRunExample" name="testcase1" time="0.001"/>
  <system-out/>
  <testcase classname="seleniumpoperties.AlwaysRunExample" name="testcase1" time="0.000"/>
  <system-out/>
  <testcase classname="seleniumpoperties.AlwaysRunExample" name="testcase1" time="0.001"/>
  <system-out/>
  <testcase classname="seleniumpoperties.AlwaysRunExample" name="testcase1" time="0.000"/>
  <system-out/>
  <testcase classname="seleniumpoperties.AlwaysRunExample" name="testcase1" time="0.000"/>
  <system-out/>
  <testcase classname="seleniumpoperties.AlwaysRunExample" name="testcase1" time="0.000"/>
  <system-out/>
  <testcase classname="seleniumpoperties.AlwaysRunExample" name="testcase1" time="0.001"/>
  <system-out/>
  <testcase classname="seleniumpoperties.AlwaysRunExample" name="testcase1" time="0.001"/>
  <system-out/>
  <testcase classname="seleniumpoperties.AlwaysRunExample" name="testcase1" time="0.000"/>
  <system-out/>
  <testcase classname="seleniumpoperties.AlwaysRunExample" name="testcase1" time="0.000"/>
  <system-out/>
  <testcase classname="seleniumpoperties.AlwaysRunExample" name="testcase1" time="0.000"/>
  <system-out/>
  <testcase classname="seleniumpoperties.AlwaysRunExample" name="testcase1" time="0.001"/>
  <system-out/>
  <testcase classname="seleniumpoperties.AlwaysRunExample" name="testcase1" time="0.000"/>
  <system-out/>
  <testcase classname="seleniumpoperties.AlwaysRunExample" name="testcase1" time="0.000"/>
  <system-out/>
  <testcase classname="seleniumpoperties.AlwaysRunExample" name="testcase1" time="0.000"/>
  <system-out/>
  <testcase classname="seleniumpoperties.AlwaysRunExample" name="testcase1" time="0.000"/>
  <system-out/>
  <testcase classname="seleniumpoperties.AlwaysRunExample" name="testcase1" time="0.000"/>
  <system-out/>
  <testcase classname="seleniumpoperties.AlwaysRunExample" name="testcase1" time="0.000"/>
  <system-out/>
  <testcase classname="seleniumpoperties.AlwaysRunExample" name="testcase1" time="0.000"/>
  <system-out/>
  <testcase classname="seleniumpoperties.AlwaysRunExample" name="testcase1" time="0.001"/>
  <system-out/>
  <testcase classname="seleniumpoperties.AlwaysRunExample" name="testcase1" time="0.000"/>
  <system-out/>
  <testcase classname="seleniumpoperties.AlwaysRunExample" name="testcase1" time="0.000"/>
  <system-out/>
  <testcase classname="seleniumpoperties.AlwaysRunExample" name="testcase1" time="0.000"/>
  <system-out/>
  <testcase classname="seleniumpoperties.AlwaysRunExample" name="testcase1" time="0.000"/>
  <system-out/>
  <testcase classname="seleniumpoperties.AlwaysRunExample" name="testcase1" time="0.000"/>
  <system-out/>
  <testcase classname="seleniumpoperties.AlwaysRunExample" name="testcase1" time="0.000"/>
  <system-out/>
  <testcase classname="seleniumpoperties.AlwaysRunExample" name="testcase1" time="0.000"/>
  <system-out/>
  <testcase classname="seleniumpoperties.AlwaysRunExample" name="testcase1" time="0.000"/>
  <system-out/>
  <testcase classname="seleniumpoperties.AlwaysRunExample" name="testcase1" time="0.000"/>
  <system-out/>
  <testcase classname="seleniumpoperties.AlwaysRunExample" name="testcase1" time="0.000"/>
  <system-out/>
  <testcase classname="seleniumpoperties.AlwaysRunExample" name="testcase1" time="0.001"/>
  <system-out/>
  <testcase classname="seleniumpoperties.AlwaysRunExample" name="testcase1" time="0.000"/>
  <system-out/>
  <testcase classname="seleniumpoperties.AlwaysRunExample" name="testcase1" time="0.001"/>
  <system-out/>
  <testcase classname="seleniumpoperties.AlwaysRunExample" name="testcase1" time="0.000"/>
  <system-out/>
  <testcase classname="seleniumpoperties.AlwaysRunExample" name="testcase1" time="0.001"/>
  <system-out/>
  <testcase classname="seleniumpoperties.AlwaysRunExample" name="testcase1" time="0.000"/>
  <system-out/>
  <testcase classname="seleniumpoperties.AlwaysRunExample" name="testcase1" time="0.000"/>
  <system-out/>
  <testcase classname="seleniumpoperties.AlwaysRunExample" name="testcase1" time="0.001"/>
  <system-out/>
  <testcase classname="seleniumpoperties.AlwaysRunExample" name="testcase1" time="0.000"/>
  <system-out/>
  <testcase classname="seleniumpoperties.AlwaysRunExample" name="testcase1" time="0.000"/>
  <system-out/>
  <testcase classname="seleniumpoperties.AlwaysRunExample" name="testcase1" time="0.001"/>
  <system-out/>
  <testcase classname="seleniumpoperties.AlwaysRunExample" name="testcase1" time="0.000"/>
  <system-out/>
  <testcase classname="seleniumpoperties.AlwaysRunExample" name="testcase1" time="0.000"/>
  <system-out/>
  <testcase classname="seleniumpoperties.AlwaysRunExample" name="testcase1" time="0.001"/>
  <system-out/>
  <testcase classname="seleniumpoperties.AlwaysRunExample" name="testcase1" time="0.001"/>
  <system-out/>
  <testcase classname="seleniumpoperties.AlwaysRunExample" name="testcase1" time="0.000"/>
  <system-out/>
  <testcase classname="seleniumpoperties.AlwaysRunExample" name="testcase1" time="0.000"/>
  <system-out/>
  <testcase classname="seleniumpoperties.AlwaysRunExample" name="testcase1" time="0.000"/>
  <system-out/>
  <testcase classname="seleniumpoperties.AlwaysRunExample" name="testcase1" time="0.000"/>
  <system-out/>
  <testcase classname="seleniumpoperties.AlwaysRunExample" name="testcase1" time="0.000"/>
  <system-out/>
  <testcase classname="seleniumpoperties.AlwaysRunExample" name="testcase1" time="0.000"/>
  <system-out/>
  <testcase classname="seleniumpoperties.AlwaysRunExample" name="testcase1" time="0.000"/>
  <system-out/>
  <testcase classname="seleniumpoperties.AlwaysRunExample" name="testcase1" time="0.001"/>
  <system-out/>
  <testcase classname="seleniumpoperties.AlwaysRunExample" name="testcase1" time="0.000"/>
  <system-out/>
  <testcase classname="seleniumpoperties.AlwaysRunExample" name="testcase1" time="0.000"/>
  <system-out/>
  <testcase classname="seleniumpoperties.AlwaysRunExample" name="testcase1" time="0.000"/>
  <system-out/>
  <testcase classname="seleniumpoperties.AlwaysRunExample" name="testcase1" time="0.000"/>
  <system-out/>
  <testcase classname="seleniumpoperties.AlwaysRunExample" name="testcase1" time="0.000"/>
  <system-out/>
  <testcase classname="seleniumpoperties.AlwaysRunExample" name="testcase1" time="0.001"/>
  <system-out/>
  <testcase classname="seleniumpoperties.AlwaysRunExample" name="testcase1" time="0.001"/>
  <system-out/>
  <testcase classname="seleniumpoperties.AlwaysRunExample" name="testcase1" time="0.001"/>
  <system-out/>
  <testcase classname="seleniumpoperties.AlwaysRunExample" name="testcase1" time="0.001"/>
  <system-out/>
  <testcase classname="seleniumpoperties.AlwaysRunExample" name="testcase1" time="0.000"/>
  <system-out/>
  <testcase classname="seleniumpoperties.AlwaysRunExample" name="testcase1" time="0.001"/>
  <system-out/>
  <testcase classname="seleniumpoperties.AlwaysRunExample" name="testcase1" time="0.001"/>
  <system-out/>
  <testcase classname="seleniumpoperties.AlwaysRunExample" name="testcase1" time="0.000"/>
  <system-out/>
  <testcase classname="seleniumpoperties.AlwaysRunExample" name="testcase1" time="0.000"/>
  <system-out/>
  <testcase classname="seleniumpoperties.AlwaysRunExample" name="testcase1" time="0.001"/>
  <system-out/>
  <testcase classname="seleniumpoperties.AlwaysRunExample" name="testcase1" time="0.000"/>
  <system-out/>
  <testcase classname="seleniumpoperties.AlwaysRunExample" name="testcase1" time="0.000"/>
  <system-out/>
  <testcase classname="seleniumpoperties.AlwaysRunExample" name="testcase1" time="0.000"/>
  <system-out/>
  <testcase classname="seleniumpoperties.AlwaysRunExample" name="testcase1" time="0.000"/>
  <system-out/>
  <testcase classname="seleniumpoperties.AlwaysRunExample" name="testcase1" time="0.000"/>
  <system-out/>
  <testcase classname="seleniumpoperties.AlwaysRunExample" name="testcase1" time="0.000"/>
  <system-out/>
  <testcase classname="seleniumpoperties.AlwaysRunExample" name="testcase1" time="0.000"/>
  <system-out/>
  <testcase classname="seleniumpoperties.AlwaysRunExample" name="testcase1" time="0.000"/>
  <system-out/>
  <testcase classname="seleniumpoperties.AlwaysRunExample" name="testcase1" time="0.000"/>
  <system-out/>
  <testcase classname="seleniumpoperties.AlwaysRunExample" name="testcase1" time="0.001"/>
  <system-out/>
  <testcase classname="seleniumpoperties.AlwaysRunExample" name="testcase1" time="0.000"/>
  <system-out/>
  <testcase classname="seleniumpoperties.AlwaysRunExample" name="testcase1" time="0.000"/>
  <system-out/>
  <testcase classname="seleniumpoperties.AlwaysRunExample" name="testcase1" time="0.001"/>
  <system-out/>
  <testcase classname="seleniumpoperties.AlwaysRunExample" name="testcase1" time="0.000"/>
  <system-out/>
  <testcase classname="seleniumpoperties.AlwaysRunExample" name="testcase1" time="0.000"/>
  <system-out/>
  <testcase classname="seleniumpoperties.AlwaysRunExample" name="testcase1" time="0.001"/>
  <system-out/>
  <testcase classname="seleniumpoperties.AlwaysRunExample" name="testcase1" time="0.000"/>
  <system-out/>
  <testcase classname="seleniumpoperties.AlwaysRunExample" name="testcase1" time="0.000"/>
  <system-out/>
  <testcase classname="seleniumpoperties.AlwaysRunExample" name="testcase1" time="0.000"/>
  <system-out/>
  <testcase classname="seleniumpoperties.AlwaysRunExample" name="testcase1" time="0.000"/>
  <system-out/>
  <testcase classname="seleniumpoperties.AlwaysRunExample" name="testcase1" time="0.000"/>
  <system-out/>
  <testcase classname="seleniumpoperties.AlwaysRunExample" name="testcase1" time="0.000"/>
  <system-out/>
  <testcase classname="seleniumpoperties.AlwaysRunExample" name="testcase1" time="0.000"/>
  <system-out/>
  <testcase classname="seleniumpoperties.AlwaysRunExample" name="testcase1" time="0.000"/>
  <system-out/>
  <testcase classname="seleniumpoperties.AlwaysRunExample" name="testcase1" time="0.000"/>
  <system-out/>
  <testcase classname="seleniumpoperties.AlwaysRunExample" name="testcase1" time="0.000"/>
  <system-out/>
  <testcase classname="seleniumpoperties.AlwaysRunExample" name="testcase1" time="0.000"/>
  <system-out/>
  <testcase classname="seleniumpoperties.AlwaysRunExample" name="testcase1" time="0.000"/>
  <system-out/>
  <testcase classname="seleniumpoperties.AlwaysRunExample" name="testcase1" time="0.000"/>
  <system-out/>
  <testcase classname="seleniumpoperties.AlwaysRunExample" name="testcase1" time="0.000"/>
  <system-out/>
  <testcase classname="seleniumpoperties.AlwaysRunExample" name="testcase1" time="0.000"/>
  <system-out/>
  <testcase classname="seleniumpoperties.AlwaysRunExample" name="testcase1" time="0.000"/>
  <system-out/>
  <testcase classname="seleniumpoperties.AlwaysRunExample" name="testcase1" time="0.000"/>
  <system-out/>
  <testcase classname="seleniumpoperties.AlwaysRunExample" name="testcase1" time="0.000"/>
  <system-out/>
  <testcase classname="seleniumpoperties.AlwaysRunExample" name="testcase1" time="0.000"/>
  <system-out/>
  <testcase classname="seleniumpoperties.AlwaysRunExample" name="testcase1" time="0.000"/>
  <system-out/>
  <testcase classname="seleniumpoperties.AlwaysRunExample" name="testcase1" time="0.000"/>
  <system-out/>
  <testcase classname="seleniumpoperties.AlwaysRunExample" name="testcase1" time="0.000"/>
  <system-out/>
  <testcase classname="seleniumpoperties.AlwaysRunExample" name="testcase1" time="0.000"/>
  <system-out/>
  <testcase classname="seleniumpoperties.AlwaysRunExample" name="testcase1" time="0.000"/>
  <system-out/>
  <testcase classname="seleniumpoperties.AlwaysRunExample" name="testcase1" time="0.000"/>
  <system-out/>
  <testcase classname="seleniumpoperties.AlwaysRunExample" name="testcase1" time="0.000"/>
  <system-out/>
  <testcase classname="seleniumpoperties.AlwaysRunExample" name="testcase1" time="0.000"/>
  <system-out/>
  <testcase classname="seleniumpoperties.AlwaysRunExample" name="testcase1" time="0.001"/>
  <system-out/>
  <testcase classname="seleniumpoperties.AlwaysRunExample" name="testcase1" time="0.000"/>
  <system-out/>
  <testcase classname="seleniumpoperties.AlwaysRunExample" name="testcase1" time="0.000"/>
  <system-out/>
  <testcase classname="seleniumpoperties.AlwaysRunExample" name="testcase1" time="0.000"/>
  <system-out/>
  <testcase classname="seleniumpoperties.AlwaysRunExample" name="testcase1" time="0.000"/>
  <system-out/>
  <testcase classname="seleniumpoperties.AlwaysRunExample" name="testcase1" time="0.000"/>
  <system-out/>
  <testcase classname="seleniumpoperties.AlwaysRunExample" name="testcase1" time="0.000"/>
  <system-out/>
  <testcase classname="seleniumpoperties.AlwaysRunExample" name="testcase1" time="0.000"/>
  <system-out/>
  <testcase classname="seleniumpoperties.AlwaysRunExample" name="testcase1" time="0.000"/>
  <system-out/>
  <testcase classname="seleniumpoperties.AlwaysRunExample" name="testcase1" time="0.000"/>
  <system-out/>
  <testcase classname="seleniumpoperties.AlwaysRunExample" name="testcase1" time="0.000"/>
  <system-out/>
  <testcase classname="seleniumpoperties.AlwaysRunExample" name="testcase1" time="0.000"/>
  <system-out/>
  <testcase classname="seleniumpoperties.AlwaysRunExample" name="testcase1" time="0.000"/>
  <system-out/>
  <testcase classname="seleniumpoperties.AlwaysRunExample" name="testcase1" time="0.000"/>
  <system-out/>
  <testcase classname="seleniumpoperties.AlwaysRunExample" name="testcase1" time="0.001"/>
  <system-out/>
  <testcase classname="seleniumpoperties.AlwaysRunExample" name="testcase1" time="0.000"/>
  <system-out/>
  <testcase classname="seleniumpoperties.AlwaysRunExample" name="testcase1" time="0.000"/>
  <system-out/>
  <testcase classname="seleniumpoperties.AlwaysRunExample" name="testcase1" time="0.000"/>
  <system-out/>
  <testcase classname="seleniumpoperties.AlwaysRunExample" name="testcase1" time="0.001"/>
  <system-out/>
  <testcase classname="seleniumpoperties.AlwaysRunExample" name="testcase1" time="0.000"/>
  <system-out/>
  <testcase classname="seleniumpoperties.AlwaysRunExample" name="testcase1" time="0.000"/>
  <system-out/>
  <testcase classname="seleniumpoperties.AlwaysRunExample" name="testcase1" time="0.000"/>
  <system-out/>
  <testcase classname="seleniumpoperties.AlwaysRunExample" name="testcase1" time="0.000"/>
  <system-out/>
  <testcase classname="seleniumpoperties.AlwaysRunExample" name="testcase1" time="0.000"/>
  <system-out/>
  <testcase classname="seleniumpoperties.AlwaysRunExample" name="testcase1" time="0.000"/>
  <system-out/>
  <testcase classname="seleniumpoperties.AlwaysRunExample" name="testcase1" time="0.000"/>
  <system-out/>
  <testcase classname="seleniumpoperties.AlwaysRunExample" name="testcase1" time="0.001"/>
  <system-out/>
  <testcase classname="seleniumpoperties.AlwaysRunExample" name="testcase1" time="0.000"/>
  <system-out/>
  <testcase classname="seleniumpoperties.AlwaysRunExample" name="testcase1" time="0.000"/>
  <system-out/>
  <testcase classname="seleniumpoperties.AlwaysRunExample" name="testcase1" time="0.000"/>
  <system-out/>
  <testcase classname="seleniumpoperties.AlwaysRunExample" name="testcase1" time="0.000"/>
  <system-out/>
  <testcase classname="seleniumpoperties.AlwaysRunExample" name="testcase1" time="0.000"/>
  <system-out/>
  <testcase classname="seleniumpoperties.AlwaysRunExample" name="testcase1" time="0.000"/>
  <system-out/>
  <testcase classname="seleniumpoperties.AlwaysRunExample" name="testcase1" time="0.000"/>
  <system-out/>
  <testcase classname="seleniumpoperties.AlwaysRunExample" name="testcase1" time="0.000"/>
  <system-out/>
  <testcase classname="seleniumpoperties.AlwaysRunExample" name="testcase1" time="0.000"/>
  <system-out/>
  <testcase classname="seleniumpoperties.AlwaysRunExample" name="testcase1" time="0.000"/>
  <system-out/>
  <testcase classname="seleniumpoperties.AlwaysRunExample" name="testcase1" time="0.000"/>
  <system-out/>
  <testcase classname="seleniumpoperties.AlwaysRunExample" name="testcase1" time="0.000"/>
  <system-out/>
  <testcase classname="seleniumpoperties.AlwaysRunExample" name="testcase1" time="0.000"/>
  <system-out/>
  <testcase classname="seleniumpoperties.AlwaysRunExample" name="testcase1" time="0.000"/>
  <system-out/>
  <testcase classname="seleniumpoperties.AlwaysRunExample" name="testcase1" time="0.000"/>
  <system-out/>
  <testcase classname="seleniumpoperties.AlwaysRunExample" name="testcase1" time="0.000"/>
  <system-out/>
  <testcase classname="seleniumpoperties.AlwaysRunExample" name="testcase1" time="0.000"/>
  <system-out/>
  <testcase classname="seleniumpoperties.AlwaysRunExample" name="testcase1" time="0.001"/>
  <system-out/>
  <testcase classname="seleniumpoperties.AlwaysRunExample" name="testcase1" time="0.001"/>
  <system-out/>
  <testcase classname="seleniumpoperties.AlwaysRunExample" name="testcase1" time="0.000"/>
  <system-out/>
  <testcase classname="seleniumpoperties.AlwaysRunExample" name="testcase1" time="0.000"/>
  <system-out/>
  <testcase classname="seleniumpoperties.AlwaysRunExample" name="testcase1" time="0.000"/>
  <system-out/>
  <testcase classname="seleniumpoperties.AlwaysRunExample" name="testcase1" time="0.001"/>
  <system-out/>
  <testcase classname="seleniumpoperties.AlwaysRunExample" name="testcase1" time="0.001"/>
  <system-out/>
  <testcase classname="seleniumpoperties.AlwaysRunExample" name="testcase1" time="0.000"/>
  <system-out/>
  <testcase classname="seleniumpoperties.AlwaysRunExample" name="testcase1" time="0.001"/>
  <system-out/>
  <testcase classname="seleniumpoperties.AlwaysRunExample" name="testcase1" time="0.000"/>
  <system-out/>
  <testcase classname="seleniumpoperties.AlwaysRunExample" name="testcase1" time="0.000"/>
  <system-out/>
  <testcase classname="seleniumpoperties.AlwaysRunExample" name="testcase1" time="0.000"/>
  <system-out/>
  <testcase classname="seleniumpoperties.AlwaysRunExample" name="testcase1" time="0.000"/>
  <system-out/>
  <testcase classname="seleniumpoperties.AlwaysRunExample" name="testcase1" time="0.000"/>
  <system-out/>
  <testcase classname="seleniumpoperties.AlwaysRunExample" name="testcase1" time="0.000"/>
  <system-out/>
  <testcase classname="seleniumpoperties.AlwaysRunExample" name="testcase1" time="0.000"/>
  <system-out/>
  <testcase classname="seleniumpoperties.AlwaysRunExample" name="testcase1" time="0.000"/>
  <system-out/>
  <testcase classname="seleniumpoperties.AlwaysRunExample" name="testcase1" time="0.000"/>
  <system-out/>
  <testcase classname="seleniumpoperties.AlwaysRunExample" name="testcase1" time="0.000"/>
  <system-out/>
  <testcase classname="seleniumpoperties.AlwaysRunExample" name="testcase1" time="0.000"/>
  <system-out/>
  <testcase classname="seleniumpoperties.AlwaysRunExample" name="testcase1" time="0.000"/>
  <system-out/>
  <testcase classname="seleniumpoperties.AlwaysRunExample" name="testcase1" time="0.000"/>
  <system-out/>
  <testcase classname="seleniumpoperties.AlwaysRunExample" name="testcase1" time="0.001"/>
  <system-out/>
  <testcase classname="seleniumpoperties.AlwaysRunExample" name="testcase1" time="0.000"/>
  <system-out/>
  <testcase classname="seleniumpoperties.AlwaysRunExample" name="testcase1" time="0.000"/>
  <system-out/>
  <testcase classname="seleniumpoperties.AlwaysRunExample" name="testcase1" time="0.000"/>
  <system-out/>
  <testcase classname="seleniumpoperties.AlwaysRunExample" name="testcase1" time="0.001"/>
  <system-out/>
  <testcase classname="seleniumpoperties.AlwaysRunExample" name="testcase1" time="0.000"/>
  <system-out/>
  <testcase classname="seleniumpoperties.AlwaysRunExample" name="testcase1" time="0.000"/>
  <system-out/>
  <testcase classname="seleniumpoperties.AlwaysRunExample" name="testcase1" time="0.000"/>
  <system-out/>
  <testcase classname="seleniumpoperties.AlwaysRunExample" name="testcase1" time="0.000"/>
  <system-out/>
  <testcase classname="seleniumpoperties.AlwaysRunExample" name="testcase1" time="0.000"/>
  <system-out/>
  <testcase classname="seleniumpoperties.AlwaysRunExample" name="testcase1" time="0.001"/>
  <system-out/>
  <testcase classname="seleniumpoperties.AlwaysRunExample" name="testcase1" time="0.000"/>
  <system-out/>
  <testcase classname="seleniumpoperties.AlwaysRunExample" name="testcase1" time="0.000"/>
  <system-out/>
  <testcase classname="seleniumpoperties.AlwaysRunExample" name="testcase1" time="0.000"/>
  <system-out/>
  <testcase classname="seleniumpoperties.AlwaysRunExample" name="testcase1" time="0.000"/>
  <system-out/>
  <testcase classname="seleniumpoperties.AlwaysRunExample" name="testcase1" time="0.000"/>
  <system-out/>
  <testcase classname="seleniumpoperties.AlwaysRunExample" name="testcase1" time="0.000"/>
  <system-out/>
  <testcase classname="seleniumpoperties.AlwaysRunExample" name="testcase1" time="0.000"/>
  <system-out/>
  <testcase classname="seleniumpoperties.AlwaysRunExample" name="testcase1" time="0.000"/>
  <system-out/>
  <testcase classname="seleniumpoperties.AlwaysRunExample" name="testcase1" time="0.001"/>
  <system-out/>
  <testcase classname="seleniumpoperties.AlwaysRunExample" name="testcase1" time="0.000"/>
  <system-out/>
  <testcase classname="seleniumpoperties.AlwaysRunExample" name="testcase1" time="0.000"/>
  <system-out/>
  <testcase classname="seleniumpoperties.AlwaysRunExample" name="testcase1" time="0.001"/>
  <system-out/>
  <testcase classname="seleniumpoperties.AlwaysRunExample" name="testcase1" time="0.000"/>
  <system-out/>
  <testcase classname="seleniumpoperties.AlwaysRunExample" name="testcase1" time="0.000"/>
  <system-out/>
  <testcase classname="seleniumpoperties.AlwaysRunExample" name="testcase1" time="0.000"/>
  <system-out/>
  <testcase classname="seleniumpoperties.AlwaysRunExample" name="testcase1" time="0.000"/>
  <system-out/>
  <testcase classname="seleniumpoperties.AlwaysRunExample" name="testcase1" time="0.000"/>
  <system-out/>
  <testcase classname="seleniumpoperties.AlwaysRunExample" name="testcase1" time="0.000"/>
  <system-out/>
  <testcase classname="seleniumpoperties.AlwaysRunExample" name="testcase1" time="0.000"/>
  <system-out/>
  <testcase classname="seleniumpoperties.AlwaysRunExample" name="testcase1" time="0.001"/>
  <system-out/>
  <testcase classname="seleniumpoperties.AlwaysRunExample" name="testcase1" time="0.000"/>
  <system-out/>
  <testcase classname="seleniumpoperties.AlwaysRunExample" name="testcase1" time="0.000"/>
  <system-out/>
  <testcase classname="seleniumpoperties.AlwaysRunExample" name="testcase1" time="0.000"/>
  <system-out/>
  <testcase classname="seleniumpoperties.AlwaysRunExample" name="testcase1" time="0.000"/>
  <system-out/>
  <testcase classname="seleniumpoperties.AlwaysRunExample" name="testcase1" time="0.000"/>
  <system-out/>
  <testcase classname="seleniumpoperties.AlwaysRunExample" name="testcase1" time="0.000"/>
  <system-out/>
  <testcase classname="seleniumpoperties.AlwaysRunExample" name="testcase1" time="0.001"/>
  <system-out/>
  <testcase classname="seleniumpoperties.AlwaysRunExample" name="testcase1" time="0.000"/>
  <system-out/>
  <testcase classname="seleniumpoperties.AlwaysRunExample" name="testcase1" time="0.000"/>
  <system-out/>
  <testcase classname="seleniumpoperties.AlwaysRunExample" name="testcase1" time="0.000"/>
  <system-out/>
  <testcase classname="seleniumpoperties.AlwaysRunExample" name="testcase1" time="0.000"/>
  <system-out/>
  <testcase classname="seleniumpoperties.AlwaysRunExample" name="testcase1" time="0.001"/>
  <system-out/>
  <testcase classname="seleniumpoperties.AlwaysRunExample" name="testcase1" time="0.000"/>
  <system-out/>
  <testcase classname="seleniumpoperties.AlwaysRunExample" name="testcase1" time="0.000"/>
  <system-out/>
  <testcase classname="seleniumpoperties.AlwaysRunExample" name="testcase1" time="0.000"/>
  <system-out/>
  <testcase classname="seleniumpoperties.AlwaysRunExample" name="testcase1" time="0.001"/>
  <system-out/>
  <testcase classname="seleniumpoperties.AlwaysRunExample" name="testcase1" time="0.000"/>
  <system-out/>
  <testcase classname="seleniumpoperties.AlwaysRunExample" name="testcase1" time="0.001"/>
  <system-out/>
  <testcase classname="seleniumpoperties.AlwaysRunExample" name="testcase1" time="0.000"/>
  <system-out/>
  <testcase classname="seleniumpoperties.AlwaysRunExample" name="testcase1" time="0.000"/>
  <system-out/>
  <testcase classname="seleniumpoperties.AlwaysRunExample" name="testcase1" time="0.001"/>
  <system-out/>
  <testcase classname="seleniumpoperties.AlwaysRunExample" name="testcase1" time="0.000"/>
  <system-out/>
  <testcase classname="seleniumpoperties.AlwaysRunExample" name="testcase1" time="0.000"/>
  <system-out/>
  <testcase classname="seleniumpoperties.AlwaysRunExample" name="testcase1" time="0.000"/>
  <system-out/>
  <testcase classname="seleniumpoperties.AlwaysRunExample" name="testcase1" time="0.000"/>
  <system-out/>
  <testcase classname="seleniumpoperties.AlwaysRunExample" name="testcase1" time="0.001"/>
  <system-out/>
  <testcase classname="seleniumpoperties.AlwaysRunExample" name="testcase1" time="0.000"/>
  <system-out/>
  <testcase classname="seleniumpoperties.AlwaysRunExample" name="testcase1" time="0.000"/>
  <system-out/>
  <testcase classname="seleniumpoperties.AlwaysRunExample" name="testcase1" time="0.000"/>
  <system-out/>
  <testcase classname="seleniumpoperties.AlwaysRunExample" name="testcase1" time="0.000"/>
  <system-out/>
  <testcase classname="seleniumpoperties.AlwaysRunExample" name="testcase1" time="0.000"/>
  <system-out/>
  <testcase classname="seleniumpoperties.AlwaysRunExample" name="testcase1" time="0.000"/>
  <system-out/>
  <testcase classname="seleniumpoperties.AlwaysRunExample" name="testcase1" time="0.000"/>
  <system-out/>
  <testcase classname="seleniumpoperties.AlwaysRunExample" name="testcase1" time="0.000"/>
  <system-out/>
  <testcase classname="seleniumpoperties.AlwaysRunExample" name="testcase1" time="0.000"/>
  <system-out/>
  <testcase classname="seleniumpoperties.AlwaysRunExample" name="testcase1" time="0.000"/>
  <system-out/>
  <testcase classname="seleniumpoperties.AlwaysRunExample" name="testcase1" time="0.000"/>
  <system-out/>
  <testcase classname="seleniumpoperties.AlwaysRunExample" name="testcase1" time="0.000"/>
  <system-out/>
  <testcase classname="seleniumpoperties.AlwaysRunExample" name="testcase1" time="0.000"/>
  <system-out/>
  <testcase classname="seleniumpoperties.AlwaysRunExample" name="testcase1" time="0.000"/>
  <system-out/>
  <testcase classname="seleniumpoperties.AlwaysRunExample" name="testcase1" time="0.000"/>
  <system-out/>
  <testcase classname="seleniumpoperties.AlwaysRunExample" name="testcase1" time="0.000"/>
  <system-out/>
  <testcase classname="seleniumpoperties.AlwaysRunExample" name="testcase1" time="0.000"/>
  <system-out/>
  <testcase classname="seleniumpoperties.AlwaysRunExample" name="testcase1" time="0.000"/>
  <system-out/>
  <testcase classname="seleniumpoperties.AlwaysRunExample" name="testcase1" time="0.000"/>
  <system-out/>
  <testcase classname="seleniumpoperties.AlwaysRunExample" name="testcase1" time="0.000"/>
  <system-out/>
  <testcase classname="seleniumpoperties.AlwaysRunExample" name="testcase1" time="0.000"/>
  <system-out/>
  <testcase classname="seleniumpoperties.AlwaysRunExample" name="testcase1" time="0.000"/>
  <system-out/>
  <testcase classname="seleniumpoperties.AlwaysRunExample" name="testcase1" time="0.000"/>
  <system-out/>
  <testcase classname="seleniumpoperties.AlwaysRunExample" name="testcase1" time="0.000"/>
  <system-out/>
  <testcase classname="seleniumpoperties.AlwaysRunExample" name="testcase1" time="0.000"/>
  <system-out/>
  <testcase classname="seleniumpoperties.AlwaysRunExample" name="testcase1" time="0.001"/>
  <system-out/>
  <testcase classname="seleniumpoperties.AlwaysRunExample" name="testcase1" time="0.000"/>
  <system-out/>
  <testcase classname="seleniumpoperties.AlwaysRunExample" name="testcase1" time="0.000"/>
  <system-out/>
  <testcase classname="seleniumpoperties.AlwaysRunExample" name="testcase1" time="0.000"/>
  <system-out/>
  <testcase classname="seleniumpoperties.AlwaysRunExample" name="testcase1" time="0.000"/>
  <system-out/>
  <testcase classname="seleniumpoperties.AlwaysRunExample" name="testcase1" time="0.000"/>
  <system-out/>
  <testcase classname="seleniumpoperties.AlwaysRunExample" name="testcase1" time="0.001"/>
  <system-out/>
  <testcase classname="seleniumpoperties.AlwaysRunExample" name="testcase1" time="0.000"/>
  <system-out/>
  <testcase classname="seleniumpoperties.AlwaysRunExample" name="testcase1" time="0.000"/>
  <system-out/>
  <testcase classname="seleniumpoperties.AlwaysRunExample" name="testcase1" time="0.000"/>
  <system-out/>
  <testcase classname="seleniumpoperties.AlwaysRunExample" name="testcase1" time="0.001"/>
  <system-out/>
  <testcase classname="seleniumpoperties.AlwaysRunExample" name="testcase1" time="0.000"/>
  <system-out/>
  <testcase classname="seleniumpoperties.AlwaysRunExample" name="testcase1" time="0.000"/>
  <system-out/>
  <testcase classname="seleniumpoperties.AlwaysRunExample" name="testcase1" time="0.001"/>
  <system-out/>
  <testcase classname="seleniumpoperties.AlwaysRunExample" name="testcase1" time="0.001"/>
  <system-out/>
  <testcase classname="seleniumpoperties.AlwaysRunExample" name="testcase1" time="0.000"/>
  <system-out/>
  <testcase classname="seleniumpoperties.AlwaysRunExample" name="testcase1" time="0.000"/>
  <system-out/>
  <testcase classname="seleniumpoperties.AlwaysRunExample" name="testcase1" time="0.000"/>
  <system-out/>
  <testcase classname="seleniumpoperties.AlwaysRunExample" name="testcase1" time="0.001"/>
  <system-out/>
  <testcase classname="seleniumpoperties.AlwaysRunExample" name="testcase1" time="0.000"/>
  <system-out/>
  <testcase classname="seleniumpoperties.AlwaysRunExample" name="testcase1" time="0.000"/>
  <system-out/>
  <testcase classname="seleniumpoperties.AlwaysRunExample" name="testcase1" time="0.000"/>
  <system-out/>
  <testcase classname="seleniumpoperties.AlwaysRunExample" name="testcase1" time="0.000"/>
  <system-out/>
  <testcase classname="seleniumpoperties.AlwaysRunExample" name="testcase1" time="0.000"/>
  <system-out/>
  <testcase classname="seleniumpoperties.AlwaysRunExample" name="testcase1" time="0.000"/>
  <system-out/>
  <testcase classname="seleniumpoperties.AlwaysRunExample" name="testcase1" time="0.000"/>
  <system-out/>
  <testcase classname="seleniumpoperties.AlwaysRunExample" name="testcase1" time="0.000"/>
  <system-out/>
  <testcase classname="seleniumpoperties.AlwaysRunExample" name="testcase1" time="0.000"/>
  <system-out/>
  <testcase classname="seleniumpoperties.AlwaysRunExample" name="testcase1" time="0.000"/>
  <system-out/>
  <testcase classname="seleniumpoperties.AlwaysRunExample" name="testcase1" time="0.000"/>
  <system-out/>
  <testcase classname="seleniumpoperties.AlwaysRunExample" name="testcase1" time="0.000"/>
  <system-out/>
  <testcase classname="seleniumpoperties.AlwaysRunExample" name="testcase1" time="0.000"/>
  <system-out/>
  <testcase classname="seleniumpoperties.AlwaysRunExample" name="testcase1" time="0.000"/>
  <system-out/>
  <testcase classname="seleniumpoperties.AlwaysRunExample" name="testcase1" time="0.000"/>
  <system-out/>
  <testcase classname="seleniumpoperties.AlwaysRunExample" name="testcase1" time="0.000"/>
  <system-out/>
  <testcase classname="seleniumpoperties.AlwaysRunExample" name="testcase1" time="0.000"/>
  <system-out/>
  <testcase classname="seleniumpoperties.AlwaysRunExample" name="testcase1" time="0.000"/>
  <system-out/>
  <testcase classname="seleniumpoperties.AlwaysRunExample" name="testcase1" time="0.000"/>
  <system-out/>
  <testcase classname="seleniumpoperties.AlwaysRunExample" name="testcase1" time="0.000"/>
  <system-out/>
  <testcase classname="seleniumpoperties.AlwaysRunExample" name="testcase1" time="0.000"/>
  <system-out/>
  <testcase classname="seleniumpoperties.AlwaysRunExample" name="testcase1" time="0.000"/>
  <system-out/>
  <testcase classname="seleniumpoperties.AlwaysRunExample" name="testcase1" time="0.000"/>
  <system-out/>
  <testcase classname="seleniumpoperties.AlwaysRunExample" name="testcase1" time="0.000"/>
  <system-out/>
  <testcase classname="seleniumpoperties.AlwaysRunExample" name="testcase1" time="0.000"/>
  <system-out/>
  <testcase classname="seleniumpoperties.AlwaysRunExample" name="testcase1" time="0.000"/>
  <system-out/>
  <testcase classname="seleniumpoperties.AlwaysRunExample" name="testcase1" time="0.001"/>
  <system-out/>
  <testcase classname="seleniumpoperties.AlwaysRunExample" name="testcase1" time="0.000"/>
  <system-out/>
  <testcase classname="seleniumpoperties.AlwaysRunExample" name="testcase1" time="0.000"/>
  <system-out/>
  <testcase classname="seleniumpoperties.AlwaysRunExample" name="testcase1" time="0.000"/>
  <system-out/>
  <testcase classname="seleniumpoperties.AlwaysRunExample" name="testcase1" time="0.000"/>
  <system-out/>
  <testcase classname="seleniumpoperties.AlwaysRunExample" name="testcase1" time="0.000"/>
  <system-out/>
  <testcase classname="seleniumpoperties.AlwaysRunExample" name="testcase1" time="0.000"/>
  <system-out/>
  <testcase classname="seleniumpoperties.AlwaysRunExample" name="testcase1" time="0.000"/>
  <system-out/>
  <testcase classname="seleniumpoperties.AlwaysRunExample" name="testcase1" time="0.000"/>
  <system-out/>
  <testcase classname="seleniumpoperties.AlwaysRunExample" name="testcase1" time="0.000"/>
  <system-out/>
  <testcase classname="seleniumpoperties.AlwaysRunExample" name="testcase1" time="0.000"/>
  <system-out/>
  <testcase classname="seleniumpoperties.AlwaysRunExample" name="testcase1" time="0.000"/>
  <system-out/>
  <testcase classname="seleniumpoperties.AlwaysRunExample" name="testcase1" time="0.000"/>
  <system-out/>
  <testcase classname="seleniumpoperties.AlwaysRunExample" name="testcase1" time="0.000"/>
  <system-out/>
  <testcase classname="seleniumpoperties.AlwaysRunExample" name="testcase1" time="0.000"/>
  <system-out/>
  <testcase classname="seleniumpoperties.AlwaysRunExample" name="testcase1" time="0.002"/>
  <system-out/>
  <testcase classname="seleniumpoperties.AlwaysRunExample" name="testcase1" time="0.000"/>
  <system-out/>
  <testcase classname="seleniumpoperties.AlwaysRunExample" name="testcase1" time="0.000"/>
  <system-out/>
  <testcase classname="seleniumpoperties.AlwaysRunExample" name="testcase1" time="0.001"/>
  <system-out/>
  <testcase classname="seleniumpoperties.AlwaysRunExample" name="testcase1" time="0.000"/>
  <system-out/>
  <testcase classname="seleniumpoperties.AlwaysRunExample" name="testcase1" time="0.001"/>
  <system-out/>
  <testcase classname="seleniumpoperties.AlwaysRunExample" name="testcase1" time="0.001"/>
  <system-out/>
  <testcase classname="seleniumpoperties.AlwaysRunExample" name="testcase1" time="0.000"/>
  <system-out/>
  <testcase classname="seleniumpoperties.AlwaysRunExample" name="testcase1" time="0.000"/>
  <system-out/>
  <testcase classname="seleniumpoperties.AlwaysRunExample" name="testcase1" time="0.000"/>
  <system-out/>
  <testcase classname="seleniumpoperties.AlwaysRunExample" name="testcase1" time="0.001"/>
  <system-out/>
  <testcase classname="seleniumpoperties.AlwaysRunExample" name="testcase1" time="0.000"/>
  <system-out/>
  <testcase classname="seleniumpoperties.AlwaysRunExample" name="testcase1" time="0.000"/>
  <system-out/>
  <testcase classname="seleniumpoperties.AlwaysRunExample" name="testcase1" time="0.000"/>
  <system-out/>
  <testcase classname="seleniumpoperties.AlwaysRunExample" name="testcase1" time="0.000"/>
  <system-out/>
  <testcase classname="seleniumpoperties.AlwaysRunExample" name="testcase1" time="0.000"/>
  <system-out/>
  <testcase classname="seleniumpoperties.AlwaysRunExample" name="testcase1" time="0.000"/>
  <system-out/>
  <testcase classname="seleniumpoperties.AlwaysRunExample" name="testcase1" time="0.000"/>
  <system-out/>
  <testcase classname="seleniumpoperties.AlwaysRunExample" name="testcase1" time="0.000"/>
  <system-out/>
  <testcase classname="seleniumpoperties.AlwaysRunExample" name="testcase1" time="0.000"/>
  <system-out/>
  <testcase classname="seleniumpoperties.AlwaysRunExample" name="testcase1" time="0.001"/>
  <system-out/>
  <testcase classname="seleniumpoperties.AlwaysRunExample" name="testcase1" time="0.000"/>
  <system-out/>
  <testcase classname="seleniumpoperties.AlwaysRunExample" name="testcase1" time="0.000"/>
  <system-out/>
  <testcase classname="seleniumpoperties.AlwaysRunExample" name="testcase1" time="0.000"/>
  <system-out/>
  <testcase classname="seleniumpoperties.AlwaysRunExample" name="testcase1" time="0.000"/>
  <system-out/>
  <testcase classname="seleniumpoperties.AlwaysRunExample" name="testcase1" time="0.000"/>
  <system-out/>
  <testcase classname="seleniumpoperties.AlwaysRunExample" name="testcase1" time="0.000"/>
  <system-out/>
  <testcase classname="seleniumpoperties.AlwaysRunExample" name="testcase1" time="0.001"/>
  <system-out/>
  <testcase classname="seleniumpoperties.AlwaysRunExample" name="testcase1" time="0.000"/>
  <system-out/>
  <testcase classname="seleniumpoperties.AlwaysRunExample" name="testcase1" time="0.000"/>
  <system-out/>
  <testcase classname="seleniumpoperties.AlwaysRunExample" name="testcase1" time="0.001"/>
  <system-out/>
  <testcase classname="seleniumpoperties.AlwaysRunExample" name="testcase1" time="0.001"/>
  <system-out/>
  <testcase classname="seleniumpoperties.AlwaysRunExample" name="testcase1" time="0.000"/>
  <system-out/>
  <testcase classname="seleniumpoperties.AlwaysRunExample" name="testcase1" time="0.000"/>
  <system-out/>
  <testcase classname="seleniumpoperties.AlwaysRunExample" name="testcase1" time="0.000"/>
  <system-out/>
  <testcase classname="seleniumpoperties.AlwaysRunExample" name="testcase1" time="0.000"/>
  <system-out/>
  <testcase classname="seleniumpoperties.AlwaysRunExample" name="testcase1" time="0.000"/>
  <system-out/>
  <testcase classname="seleniumpoperties.AlwaysRunExample" name="testcase1" time="0.000"/>
  <system-out/>
  <testcase classname="seleniumpoperties.AlwaysRunExample" name="testcase1" time="0.000"/>
  <system-out/>
  <testcase classname="seleniumpoperties.AlwaysRunExample" name="testcase1" time="0.000"/>
  <system-out/>
  <testcase classname="seleniumpoperties.AlwaysRunExample" name="testcase1" time="0.000"/>
  <system-out/>
  <testcase classname="seleniumpoperties.AlwaysRunExample" name="testcase1" time="0.000"/>
  <system-out/>
  <testcase classname="seleniumpoperties.AlwaysRunExample" name="testcase1" time="0.000"/>
  <system-out/>
  <testcase classname="seleniumpoperties.AlwaysRunExample" name="testcase1" time="0.000"/>
  <system-out/>
  <testcase classname="seleniumpoperties.AlwaysRunExample" name="testcase1" time="0.000"/>
  <system-out/>
  <testcase classname="seleniumpoperties.AlwaysRunExample" name="testcase1" time="0.000"/>
  <system-out/>
  <testcase classname="seleniumpoperties.AlwaysRunExample" name="testcase1" time="0.000"/>
  <system-out/>
  <testcase classname="seleniumpoperties.AlwaysRunExample" name="testcase1" time="0.001"/>
  <system-out/>
  <testcase classname="seleniumpoperties.AlwaysRunExample" name="testcase1" time="0.001"/>
  <system-out/>
  <testcase classname="seleniumpoperties.AlwaysRunExample" name="testcase1" time="0.000"/>
  <system-out/>
  <testcase classname="seleniumpoperties.AlwaysRunExample" name="testcase1" time="0.000"/>
  <system-out/>
  <testcase classname="seleniumpoperties.AlwaysRunExample" name="testcase1" time="0.000"/>
  <system-out/>
  <testcase classname="seleniumpoperties.AlwaysRunExample" name="testcase1" time="0.001"/>
  <system-out/>
  <testcase classname="seleniumpoperties.AlwaysRunExample" name="testcase1" time="0.000"/>
  <system-out/>
  <testcase classname="seleniumpoperties.AlwaysRunExample" name="testcase1" time="0.000"/>
  <system-out/>
  <testcase classname="seleniumpoperties.AlwaysRunExample" name="testcase1" time="0.000"/>
  <system-out/>
  <testcase classname="seleniumpoperties.AlwaysRunExample" name="testcase1" time="0.001"/>
  <system-out/>
  <testcase classname="seleniumpoperties.AlwaysRunExample" name="testcase1" time="0.000"/>
  <system-out/>
  <testcase classname="seleniumpoperties.AlwaysRunExample" name="testcase1" time="0.000"/>
  <system-out/>
  <testcase classname="seleniumpoperties.AlwaysRunExample" name="testcase1" time="0.001"/>
  <system-out/>
  <testcase classname="seleniumpoperties.AlwaysRunExample" name="testcase1" time="0.000"/>
  <system-out/>
  <testcase classname="seleniumpoperties.AlwaysRunExample" name="testcase1" time="0.000"/>
  <system-out/>
  <testcase classname="seleniumpoperties.AlwaysRunExample" name="testcase1" time="0.001"/>
  <system-out/>
  <testcase classname="seleniumpoperties.AlwaysRunExample" name="testcase1" time="0.000"/>
  <system-out/>
  <testcase classname="seleniumpoperties.AlwaysRunExample" name="testcase1" time="0.000"/>
  <system-out/>
  <testcase classname="seleniumpoperties.AlwaysRunExample" name="testcase1" time="0.000"/>
  <system-out/>
  <testcase classname="seleniumpoperties.AlwaysRunExample" name="testcase1" time="0.000"/>
  <system-out/>
  <testcase classname="seleniumpoperties.AlwaysRunExample" name="testcase1" time="0.000"/>
  <system-out/>
  <testcase classname="seleniumpoperties.AlwaysRunExample" name="testcase1" time="0.000"/>
  <system-out/>
  <testcase classname="seleniumpoperties.AlwaysRunExample" name="testcase1" time="0.001"/>
  <system-out/>
  <testcase classname="seleniumpoperties.AlwaysRunExample" name="testcase1" time="0.000"/>
  <system-out/>
  <testcase classname="seleniumpoperties.AlwaysRunExample" name="testcase1" time="0.000"/>
  <system-out/>
  <testcase classname="seleniumpoperties.AlwaysRunExample" name="testcase1" time="0.000"/>
  <system-out/>
  <testcase classname="seleniumpoperties.AlwaysRunExample" name="testcase1" time="0.000"/>
  <system-out/>
  <testcase classname="seleniumpoperties.AlwaysRunExample" name="testcase1" time="0.000"/>
  <system-out/>
  <testcase classname="seleniumpoperties.AlwaysRunExample" name="testcase1" time="0.000"/>
  <system-out/>
  <testcase classname="seleniumpoperties.AlwaysRunExample" name="testcase1" time="0.000"/>
  <system-out/>
  <testcase classname="seleniumpoperties.AlwaysRunExample" name="testcase1" time="0.000"/>
  <system-out/>
  <testcase classname="seleniumpoperties.AlwaysRunExample" name="testcase1" time="0.000"/>
  <system-out/>
  <testcase classname="seleniumpoperties.AlwaysRunExample" name="testcase1" time="0.000"/>
  <system-out/>
  <testcase classname="seleniumpoperties.AlwaysRunExample" name="testcase1" time="0.000"/>
  <system-out/>
  <testcase classname="seleniumpoperties.AlwaysRunExample" name="testcase1" time="0.000"/>
  <system-out/>
  <testcase classname="seleniumpoperties.AlwaysRunExample" name="testcase1" time="0.000"/>
  <system-out/>
  <testcase classname="seleniumpoperties.AlwaysRunExample" name="testcase1" time="0.000"/>
  <system-out/>
  <testcase classname="seleniumpoperties.AlwaysRunExample" name="testcase1" time="0.001"/>
  <system-out/>
  <testcase classname="seleniumpoperties.AlwaysRunExample" name="testcase1" time="0.000"/>
  <system-out/>
  <testcase classname="seleniumpoperties.AlwaysRunExample" name="testcase1" time="0.001"/>
  <system-out/>
  <testcase classname="seleniumpoperties.AlwaysRunExample" name="testcase1" time="0.000"/>
  <system-out/>
  <testcase classname="seleniumpoperties.AlwaysRunExample" name="testcase1" time="0.000"/>
  <system-out/>
  <testcase classname="seleniumpoperties.AlwaysRunExample" name="testcase1" time="0.001"/>
  <system-out/>
  <testcase classname="seleniumpoperties.AlwaysRunExample" name="testcase1" time="0.000"/>
  <system-out/>
  <testcase classname="seleniumpoperties.AlwaysRunExample" name="testcase1" time="0.001"/>
  <system-out/>
  <testcase classname="seleniumpoperties.AlwaysRunExample" name="testcase1" time="0.001"/>
  <system-out/>
  <testcase classname="seleniumpoperties.AlwaysRunExample" name="testcase1" time="0.000"/>
  <system-out/>
  <testcase classname="seleniumpoperties.AlwaysRunExample" name="testcase1" time="0.000"/>
  <system-out/>
  <testcase classname="seleniumpoperties.AlwaysRunExample" name="testcase1" time="0.000"/>
  <system-out/>
  <testcase classname="seleniumpoperties.AlwaysRunExample" name="testcase1" time="0.001"/>
  <system-out/>
  <testcase classname="seleniumpoperties.AlwaysRunExample" name="testcase1" time="0.000"/>
  <system-out/>
  <testcase classname="seleniumpoperties.AlwaysRunExample" name="testcase1" time="0.000"/>
  <system-out/>
  <testcase classname="seleniumpoperties.AlwaysRunExample" name="testcase1" time="0.000"/>
  <system-out/>
  <testcase classname="seleniumpoperties.AlwaysRunExample" name="testcase1" time="0.000"/>
  <system-out/>
  <testcase classname="seleniumpoperties.AlwaysRunExample" name="testcase1" time="0.001"/>
  <system-out/>
  <testcase classname="seleniumpoperties.AlwaysRunExample" name="testcase1" time="0.000"/>
  <system-out/>
  <testcase classname="seleniumpoperties.AlwaysRunExample" name="testcase1" time="0.000"/>
  <system-out/>
  <testcase classname="seleniumpoperties.AlwaysRunExample" name="testcase1" time="0.000"/>
  <system-out/>
  <testcase classname="seleniumpoperties.AlwaysRunExample" name="testcase1" time="0.001"/>
  <system-out/>
  <testcase classname="seleniumpoperties.AlwaysRunExample" name="testcase1" time="0.000"/>
  <system-out/>
  <testcase classname="seleniumpoperties.AlwaysRunExample" name="testcase1" time="0.001"/>
  <system-out/>
  <testcase classname="seleniumpoperties.AlwaysRunExample" name="testcase1" time="0.000"/>
  <system-out/>
  <testcase classname="seleniumpoperties.AlwaysRunExample" name="testcase1" time="0.000"/>
  <system-out/>
  <testcase classname="seleniumpoperties.AlwaysRunExample" name="testcase1" time="0.000"/>
  <system-out/>
  <testcase classname="seleniumpoperties.AlwaysRunExample" name="testcase1" time="0.000"/>
  <system-out/>
  <testcase classname="seleniumpoperties.AlwaysRunExample" name="testcase1" time="0.000"/>
  <system-out/>
  <testcase classname="seleniumpoperties.AlwaysRunExample" name="testcase1" time="0.000"/>
  <system-out/>
  <testcase classname="seleniumpoperties.AlwaysRunExample" name="testcase1" time="0.000"/>
  <system-out/>
  <testcase classname="seleniumpoperties.AlwaysRunExample" name="testcase1" time="0.000"/>
  <system-out/>
  <testcase classname="seleniumpoperties.AlwaysRunExample" name="testcase1" time="0.000"/>
  <system-out/>
  <testcase classname="seleniumpoperties.AlwaysRunExample" name="testcase1" time="0.000"/>
  <system-out/>
  <testcase classname="seleniumpoperties.AlwaysRunExample" name="testcase1" time="0.001"/>
  <system-out/>
  <testcase classname="seleniumpoperties.AlwaysRunExample" name="testcase1" time="0.001"/>
  <system-out/>
  <testcase classname="seleniumpoperties.AlwaysRunExample" name="testcase1" time="0.000"/>
  <system-out/>
  <testcase classname="seleniumpoperties.AlwaysRunExample" name="testcase1" time="0.000"/>
  <system-out/>
  <testcase classname="seleniumpoperties.AlwaysRunExample" name="testcase1" time="0.000"/>
  <system-out/>
  <testcase classname="seleniumpoperties.AlwaysRunExample" name="testcase1" time="0.001"/>
  <system-out/>
  <testcase classname="seleniumpoperties.AlwaysRunExample" name="testcase1" time="0.000"/>
  <system-out/>
  <testcase classname="seleniumpoperties.AlwaysRunExample" name="testcase1" time="0.000"/>
  <system-out/>
  <testcase classname="seleniumpoperties.AlwaysRunExample" name="testcase1" time="0.000"/>
  <system-out/>
  <testcase classname="seleniumpoperties.AlwaysRunExample" name="testcase1" time="0.000"/>
  <system-out/>
  <testcase classname="seleniumpoperties.AlwaysRunExample" name="testcase1" time="0.000"/>
  <system-out/>
  <testcase classname="seleniumpoperties.AlwaysRunExample" name="testcase1" time="0.000"/>
  <system-out/>
  <testcase classname="seleniumpoperties.AlwaysRunExample" name="testcase1" time="0.000"/>
  <system-out/>
  <testcase classname="seleniumpoperties.AlwaysRunExample" name="testcase1" time="0.000"/>
  <system-out/>
  <testcase classname="seleniumpoperties.AlwaysRunExample" name="testcase1" time="0.000"/>
  <system-out/>
  <testcase classname="seleniumpoperties.AlwaysRunExample" name="testcase1" time="0.000"/>
  <system-out/>
  <testcase classname="seleniumpoperties.AlwaysRunExample" name="testcase1" time="0.000"/>
  <system-out/>
  <testcase classname="seleniumpoperties.AlwaysRunExample" name="testcase1" time="0.000"/>
  <system-out/>
  <testcase classname="seleniumpoperties.AlwaysRunExample" name="testcase1" time="0.000"/>
  <system-out/>
  <testcase classname="seleniumpoperties.AlwaysRunExample" name="testcase1" time="0.000"/>
  <system-out/>
  <testcase classname="seleniumpoperties.AlwaysRunExample" name="testcase1" time="0.001"/>
  <system-out/>
  <testcase classname="seleniumpoperties.AlwaysRunExample" name="testcase1" time="0.000"/>
  <system-out/>
  <testcase classname="seleniumpoperties.AlwaysRunExample" name="testcase1" time="0.001"/>
  <system-out/>
  <testcase classname="seleniumpoperties.AlwaysRunExample" name="testcase1" time="0.000"/>
  <system-out/>
  <testcase classname="seleniumpoperties.AlwaysRunExample" name="testcase1" time="0.000"/>
  <system-out/>
  <testcase classname="seleniumpoperties.AlwaysRunExample" name="testcase1" time="0.000"/>
  <system-out/>
  <testcase classname="seleniumpoperties.AlwaysRunExample" name="testcase1" time="0.000"/>
  <system-out/>
  <testcase classname="seleniumpoperties.AlwaysRunExample" name="testcase1" time="0.000"/>
  <system-out/>
  <testcase classname="seleniumpoperties.AlwaysRunExample" name="testcase1" time="0.000"/>
  <system-out/>
  <testcase classname="seleniumpoperties.AlwaysRunExample" name="testcase1" time="0.000"/>
  <system-out/>
  <testcase classname="seleniumpoperties.AlwaysRunExample" name="testcase1" time="0.001"/>
  <system-out/>
  <testcase classname="seleniumpoperties.AlwaysRunExample" name="testcase1" time="0.000"/>
  <system-out/>
  <testcase classname="seleniumpoperties.AlwaysRunExample" name="testcase1" time="0.000"/>
  <system-out/>
  <testcase classname="seleniumpoperties.AlwaysRunExample" name="testcase1" time="0.000"/>
  <system-out/>
  <testcase classname="seleniumpoperties.AlwaysRunExample" name="testcase1" time="0.000"/>
  <system-out/>
  <testcase classname="seleniumpoperties.AlwaysRunExample" name="testcase1" time="0.000"/>
  <system-out/>
  <testcase classname="seleniumpoperties.AlwaysRunExample" name="testcase1" time="0.000"/>
  <system-out/>
  <testcase classname="seleniumpoperties.AlwaysRunExample" name="testcase1" time="0.000"/>
  <system-out/>
  <testcase classname="seleniumpoperties.AlwaysRunExample" name="testcase1" time="0.000"/>
  <system-out/>
  <testcase classname="seleniumpoperties.AlwaysRunExample" name="testcase1" time="0.001"/>
  <system-out/>
  <testcase classname="seleniumpoperties.AlwaysRunExample" name="testcase1" time="0.000"/>
  <system-out/>
  <testcase classname="seleniumpoperties.AlwaysRunExample" name="testcase1" time="0.001"/>
  <system-out/>
  <testcase classname="seleniumpoperties.AlwaysRunExample" name="testcase1" time="0.000"/>
  <system-out/>
  <testcase classname="seleniumpoperties.AlwaysRunExample" name="testcase1" time="0.000"/>
  <system-out/>
  <testcase classname="seleniumpoperties.AlwaysRunExample" name="testcase1" time="0.000"/>
  <system-out/>
  <testcase classname="seleniumpoperties.AlwaysRunExample" name="testcase1" time="0.001"/>
  <system-out/>
  <testcase classname="seleniumpoperties.AlwaysRunExample" name="testcase1" time="0.000"/>
  <system-out/>
  <testcase classname="seleniumpoperties.AlwaysRunExample" name="testcase1" time="0.000"/>
  <system-out/>
  <testcase classname="seleniumpoperties.AlwaysRunExample" name="testcase1" time="0.000"/>
  <system-out/>
  <testcase classname="seleniumpoperties.AlwaysRunExample" name="testcase1" time="0.001"/>
  <system-out/>
  <testcase classname="seleniumpoperties.AlwaysRunExample" name="testcase1" time="0.001"/>
  <system-out/>
  <testcase classname="seleniumpoperties.AlwaysRunExample" name="testcase1" time="0.000"/>
  <system-out/>
  <testcase classname="seleniumpoperties.AlwaysRunExample" name="testcase1" time="0.000"/>
  <system-out/>
  <testcase classname="seleniumpoperties.AlwaysRunExample" name="testcase1" time="0.000"/>
  <system-out/>
  <testcase classname="seleniumpoperties.AlwaysRunExample" name="testcase1" time="0.000"/>
  <system-out/>
  <testcase classname="seleniumpoperties.AlwaysRunExample" name="testcase1" time="0.001"/>
  <system-out/>
  <testcase classname="seleniumpoperties.AlwaysRunExample" name="testcase1" time="0.000"/>
  <system-out/>
  <testcase classname="seleniumpoperties.AlwaysRunExample" name="testcase1" time="0.000"/>
  <system-out/>
  <testcase classname="seleniumpoperties.AlwaysRunExample" name="testcase1" time="0.000"/>
  <system-out/>
  <testcase classname="seleniumpoperties.AlwaysRunExample" name="testcase1" time="0.001"/>
  <system-out/>
  <testcase classname="seleniumpoperties.AlwaysRunExample" name="testcase1" time="0.000"/>
  <system-out/>
  <testcase classname="seleniumpoperties.AlwaysRunExample" name="testcase1" time="0.000"/>
  <system-out/>
  <testcase classname="seleniumpoperties.AlwaysRunExample" name="testcase1" time="0.000"/>
  <system-out/>
  <testcase classname="seleniumpoperties.AlwaysRunExample" name="testcase1" time="0.000"/>
  <system-out/>
  <testcase classname="seleniumpoperties.AlwaysRunExample" name="testcase1" time="0.000"/>
  <system-out/>
  <testcase classname="seleniumpoperties.AlwaysRunExample" name="testcase1" time="0.000"/>
  <system-out/>
  <testcase classname="seleniumpoperties.AlwaysRunExample" name="testcase1" time="0.001"/>
  <system-out/>
  <testcase classname="seleniumpoperties.AlwaysRunExample" name="testcase1" time="0.000"/>
  <system-out/>
  <testcase classname="seleniumpoperties.AlwaysRunExample" name="testcase1" time="0.000"/>
  <system-out/>
  <testcase classname="seleniumpoperties.AlwaysRunExample" name="testcase1" time="0.000"/>
  <system-out/>
  <testcase classname="seleniumpoperties.AlwaysRunExample" name="testcase1" time="0.000"/>
  <system-out/>
  <testcase classname="seleniumpoperties.AlwaysRunExample" name="testcase1" time="0.001"/>
  <system-out/>
  <testcase classname="seleniumpoperties.AlwaysRunExample" name="testcase1" time="0.001"/>
  <system-out/>
  <testcase classname="seleniumpoperties.AlwaysRunExample" name="testcase1" time="0.000"/>
  <system-out/>
  <testcase classname="seleniumpoperties.AlwaysRunExample" name="testcase1" time="0.001"/>
  <system-out/>
  <testcase classname="seleniumpoperties.AlwaysRunExample" name="testcase1" time="0.001"/>
  <system-out/>
  <testcase classname="seleniumpoperties.AlwaysRunExample" name="testcase1" time="0.005"/>
  <system-out/>
  <testcase classname="seleniumpoperties.AlwaysRunExample" name="testcase1" time="0.000"/>
  <system-out/>
  <testcase classname="seleniumpoperties.AlwaysRunExample" name="testcase1" time="0.001"/>
  <system-out/>
  <testcase classname="seleniumpoperties.AlwaysRunExample" name="testcase1" time="0.000"/>
  <system-out/>
  <testcase classname="seleniumpoperties.AlwaysRunExample" name="testcase1" time="0.000"/>
  <system-out/>
  <testcase classname="seleniumpoperties.AlwaysRunExample" name="testcase1" time="0.001"/>
  <system-out/>
  <testcase classname="seleniumpoperties.AlwaysRunExample" name="testcase1" time="0.000"/>
  <system-out/>
  <testcase classname="seleniumpoperties.AlwaysRunExample" name="testcase1" time="0.000"/>
  <system-out/>
  <testcase classname="seleniumpoperties.AlwaysRunExample" name="testcase1" time="0.000"/>
  <system-out/>
  <testcase classname="seleniumpoperties.AlwaysRunExample" name="testcase1" time="0.000"/>
  <system-out/>
  <testcase classname="seleniumpoperties.AlwaysRunExample" name="testcase1" time="0.000"/>
  <system-out/>
  <testcase classname="seleniumpoperties.AlwaysRunExample" name="testcase1" time="0.001"/>
  <system-out/>
  <testcase classname="seleniumpoperties.AlwaysRunExample" name="testcase1" time="0.000"/>
  <system-out/>
  <testcase classname="seleniumpoperties.AlwaysRunExample" name="testcase1" time="0.000"/>
  <system-out/>
  <testcase classname="seleniumpoperties.AlwaysRunExample" name="testcase1" time="0.000"/>
  <system-out/>
  <testcase classname="seleniumpoperties.AlwaysRunExample" name="testcase1" time="0.000"/>
  <system-out/>
  <testcase classname="seleniumpoperties.AlwaysRunExample" name="testcase1" time="0.000"/>
  <system-out/>
  <testcase classname="seleniumpoperties.AlwaysRunExample" name="testcase1" time="0.001"/>
  <system-out/>
  <testcase classname="seleniumpoperties.AlwaysRunExample" name="testcase1" time="0.000"/>
  <system-out/>
  <testcase classname="seleniumpoperties.AlwaysRunExample" name="testcase1" time="0.000"/>
  <system-out/>
  <testcase classname="seleniumpoperties.AlwaysRunExample" name="testcase1" time="0.001"/>
  <system-out/>
  <testcase classname="seleniumpoperties.AlwaysRunExample" name="testcase1" time="0.000"/>
  <system-out/>
  <testcase classname="seleniumpoperties.AlwaysRunExample" name="testcase1" time="0.001"/>
  <system-out/>
  <testcase classname="seleniumpoperties.AlwaysRunExample" name="testcase1" time="0.001"/>
  <system-out/>
  <testcase classname="seleniumpoperties.AlwaysRunExample" name="testcase1" time="0.000"/>
  <system-out/>
  <testcase classname="seleniumpoperties.AlwaysRunExample" name="testcase1" time="0.000"/>
  <system-out/>
  <testcase classname="seleniumpoperties.AlwaysRunExample" name="testcase1" time="0.000"/>
  <system-out/>
  <testcase classname="seleniumpoperties.AlwaysRunExample" name="testcase1" time="0.000"/>
  <system-out/>
  <testcase classname="seleniumpoperties.AlwaysRunExample" name="testcase1" time="0.000"/>
  <system-out/>
  <testcase classname="seleniumpoperties.AlwaysRunExample" name="testcase1" time="0.000"/>
  <system-out/>
  <testcase classname="seleniumpoperties.AlwaysRunExample" name="testcase1" time="0.000"/>
  <system-out/>
  <testcase classname="seleniumpoperties.AlwaysRunExample" name="testcase1" time="0.000"/>
  <system-out/>
  <testcase classname="seleniumpoperties.AlwaysRunExample" name="testcase1" time="0.001"/>
  <system-out/>
  <testcase classname="seleniumpoperties.AlwaysRunExample" name="testcase1" time="0.000"/>
  <system-out/>
  <testcase classname="seleniumpoperties.AlwaysRunExample" name="testcase1" time="0.000"/>
  <system-out/>
  <testcase classname="seleniumpoperties.AlwaysRunExample" name="testcase1" time="0.000"/>
  <system-out/>
  <testcase classname="seleniumpoperties.AlwaysRunExample" name="testcase1" time="0.000"/>
  <system-out/>
  <testcase classname="seleniumpoperties.AlwaysRunExample" name="testcase1" time="0.000"/>
  <system-out/>
  <testcase classname="seleniumpoperties.AlwaysRunExample" name="testcase1" time="0.000"/>
  <system-out/>
  <testcase classname="seleniumpoperties.AlwaysRunExample" name="testcase1" time="0.000"/>
  <system-out/>
  <testcase classname="seleniumpoperties.AlwaysRunExample" name="testcase1" time="0.000"/>
  <system-out/>
  <testcase classname="seleniumpoperties.AlwaysRunExample" name="testcase1" time="0.000"/>
  <system-out/>
  <testcase classname="seleniumpoperties.AlwaysRunExample" name="testcase1" time="0.000"/>
  <system-out/>
  <testcase classname="seleniumpoperties.AlwaysRunExample" name="testcase1" time="0.000"/>
  <system-out/>
  <testcase classname="seleniumpoperties.AlwaysRunExample" name="testcase1" time="0.000"/>
  <system-out/>
  <testcase classname="seleniumpoperties.AlwaysRunExample" name="testcase1" time="0.000"/>
  <system-out/>
  <testcase classname="seleniumpoperties.AlwaysRunExample" name="testcase1" time="0.000"/>
  <system-out/>
  <testcase classname="seleniumpoperties.AlwaysRunExample" name="testcase1" time="0.002"/>
  <system-out/>
  <testcase classname="seleniumpoperties.AlwaysRunExample" name="testcase1" time="0.001"/>
  <system-out/>
  <testcase classname="seleniumpoperties.AlwaysRunExample" name="testcase1" time="0.000"/>
  <system-out/>
  <testcase classname="seleniumpoperties.AlwaysRunExample" name="testcase1" time="0.000"/>
  <system-out/>
  <testcase classname="seleniumpoperties.AlwaysRunExample" name="testcase1" time="0.000"/>
  <system-out/>
  <testcase classname="seleniumpoperties.AlwaysRunExample" name="testcase1" time="0.000"/>
  <system-out/>
  <testcase classname="seleniumpoperties.AlwaysRunExample" name="testcase1" time="0.000"/>
  <system-out/>
  <testcase classname="seleniumpoperties.AlwaysRunExample" name="testcase1" time="0.000"/>
  <system-out/>
  <testcase classname="seleniumpoperties.AlwaysRunExample" name="testcase1" time="0.000"/>
  <system-out/>
  <testcase classname="seleniumpoperties.AlwaysRunExample" name="testcase1" time="0.000"/>
  <system-out/>
  <testcase classname="seleniumpoperties.AlwaysRunExample" name="testcase1" time="0.000"/>
  <system-out/>
  <testcase classname="seleniumpoperties.AlwaysRunExample" name="testcase1" time="0.000"/>
  <system-out/>
  <testcase classname="seleniumpoperties.AlwaysRunExample" name="testcase1" time="0.000"/>
  <system-out/>
  <testcase classname="seleniumpoperties.AlwaysRunExample" name="testcase1" time="0.000"/>
  <system-out/>
  <testcase classname="seleniumpoperties.AlwaysRunExample" name="testcase1" time="0.000"/>
  <system-out/>
  <testcase classname="seleniumpoperties.AlwaysRunExample" name="testcase1" time="0.000"/>
  <system-out/>
  <testcase classname="seleniumpoperties.AlwaysRunExample" name="testcase1" time="0.000"/>
  <system-out/>
  <testcase classname="seleniumpoperties.AlwaysRunExample" name="testcase1" time="0.001"/>
  <system-out/>
  <testcase classname="seleniumpoperties.AlwaysRunExample" name="testcase1" time="0.000"/>
  <system-out/>
  <testcase classname="seleniumpoperties.AlwaysRunExample" name="testcase1" time="0.000"/>
  <system-out/>
  <testcase classname="seleniumpoperties.AlwaysRunExample" name="testcase1" time="0.000"/>
  <system-out/>
  <testcase classname="seleniumpoperties.AlwaysRunExample" name="testcase1" time="0.000"/>
  <system-out/>
  <testcase classname="seleniumpoperties.AlwaysRunExample" name="testcase1" time="0.000"/>
  <system-out/>
  <testcase classname="seleniumpoperties.AlwaysRunExample" name="testcase1" time="0.001"/>
  <system-out/>
  <testcase classname="seleniumpoperties.AlwaysRunExample" name="testcase1" time="0.000"/>
  <system-out/>
  <testcase classname="seleniumpoperties.AlwaysRunExample" name="testcase1" time="0.000"/>
  <system-out/>
  <testcase classname="seleniumpoperties.AlwaysRunExample" name="testcase1" time="0.001"/>
  <system-out/>
  <testcase classname="seleniumpoperties.AlwaysRunExample" name="testcase1" time="0.000"/>
  <system-out/>
  <testcase classname="seleniumpoperties.AlwaysRunExample" name="testcase1" time="0.001"/>
  <system-out/>
  <testcase classname="seleniumpoperties.AlwaysRunExample" name="testcase1" time="0.000"/>
  <system-out/>
  <testcase classname="seleniumpoperties.AlwaysRunExample" name="testcase1" time="0.000"/>
  <system-out/>
  <testcase classname="seleniumpoperties.AlwaysRunExample" name="testcase1" time="0.000"/>
  <system-out/>
  <testcase classname="seleniumpoperties.AlwaysRunExample" name="testcase1" time="0.000"/>
  <system-out/>
  <testcase classname="seleniumpoperties.AlwaysRunExample" name="testcase1" time="0.000"/>
  <system-out/>
  <testcase classname="seleniumpoperties.AlwaysRunExample" name="testcase1" time="0.007"/>
  <system-out/>
  <testcase classname="seleniumpoperties.AlwaysRunExample" name="testcase1" time="0.001"/>
  <system-out/>
  <testcase classname="seleniumpoperties.AlwaysRunExample" name="testcase1" time="0.000"/>
  <system-out/>
  <testcase classname="seleniumpoperties.AlwaysRunExample" name="testcase1" time="0.000"/>
  <system-out/>
  <testcase classname="seleniumpoperties.AlwaysRunExample" name="testcase1" time="0.001"/>
  <system-out/>
  <testcase classname="seleniumpoperties.AlwaysRunExample" name="testcase1" time="0.000"/>
  <system-out/>
  <testcase classname="seleniumpoperties.AlwaysRunExample" name="testcase1" time="0.001"/>
  <system-out/>
  <testcase classname="seleniumpoperties.AlwaysRunExample" name="testcase1" time="0.000"/>
  <system-out/>
  <testcase classname="seleniumpoperties.AlwaysRunExample" name="testcase1" time="0.000"/>
  <system-out/>
  <testcase classname="seleniumpoperties.AlwaysRunExample" name="testcase1" time="0.000"/>
  <system-out/>
  <testcase classname="seleniumpoperties.AlwaysRunExample" name="testcase1" time="0.000"/>
  <system-out/>
  <testcase classname="seleniumpoperties.AlwaysRunExample" name="testcase1" time="0.000"/>
  <system-out/>
  <testcase classname="seleniumpoperties.AlwaysRunExample" name="testcase1" time="0.000"/>
  <system-out/>
  <testcase classname="seleniumpoperties.AlwaysRunExample" name="testcase1" time="0.000"/>
  <system-out/>
  <testcase classname="seleniumpoperties.AlwaysRunExample" name="testcase1" time="0.000"/>
  <system-out/>
  <testcase classname="seleniumpoperties.AlwaysRunExample" name="testcase1" time="0.001"/>
  <system-out/>
  <testcase classname="seleniumpoperties.AlwaysRunExample" name="testcase1" time="0.000"/>
  <system-out/>
  <testcase classname="seleniumpoperties.AlwaysRunExample" name="testcase1" time="0.000"/>
  <system-out/>
  <testcase classname="seleniumpoperties.AlwaysRunExample" name="testcase1" time="0.000"/>
  <system-out/>
  <testcase classname="seleniumpoperties.AlwaysRunExample" name="testcase1" time="0.001"/>
  <system-out/>
  <testcase classname="seleniumpoperties.AlwaysRunExample" name="testcase1" time="0.000"/>
  <system-out/>
  <testcase classname="seleniumpoperties.AlwaysRunExample" name="testcase1" time="0.000"/>
  <system-out/>
  <testcase classname="seleniumpoperties.AlwaysRunExample" name="testcase1" time="0.001"/>
  <system-out/>
  <testcase classname="seleniumpoperties.AlwaysRunExample" name="testcase1" time="0.000"/>
  <system-out/>
  <testcase classname="seleniumpoperties.AlwaysRunExample" name="testcase1" time="0.000"/>
  <system-out/>
  <testcase classname="seleniumpoperties.AlwaysRunExample" name="testcase1" time="0.001"/>
  <system-out/>
  <testcase classname="seleniumpoperties.AlwaysRunExample" name="testcase1" time="0.000"/>
  <system-out/>
  <testcase classname="seleniumpoperties.AlwaysRunExample" name="testcase1" time="0.000"/>
  <system-out/>
  <testcase classname="seleniumpoperties.AlwaysRunExample" name="testcase1" time="0.001"/>
  <system-out/>
  <testcase classname="seleniumpoperties.AlwaysRunExample" name="testcase1" time="0.000"/>
  <system-out/>
  <testcase classname="seleniumpoperties.AlwaysRunExample" name="testcase1" time="0.000"/>
  <system-out/>
  <testcase classname="seleniumpoperties.AlwaysRunExample" name="testcase1" time="0.000"/>
  <system-out/>
  <testcase classname="seleniumpoperties.AlwaysRunExample" name="testcase1" time="0.000"/>
  <system-out/>
  <testcase classname="seleniumpoperties.AlwaysRunExample" name="testcase1" time="0.000"/>
  <system-out/>
  <testcase classname="seleniumpoperties.AlwaysRunExample" name="testcase1" time="0.000"/>
  <system-out/>
  <testcase classname="seleniumpoperties.AlwaysRunExample" name="testcase1" time="0.000"/>
  <system-out/>
  <testcase classname="seleniumpoperties.AlwaysRunExample" name="testcase1" time="0.001"/>
  <system-out/>
  <testcase classname="seleniumpoperties.AlwaysRunExample" name="testcase1" time="0.000"/>
  <system-out/>
  <testcase classname="seleniumpoperties.AlwaysRunExample" name="testcase1" time="0.000"/>
  <system-out/>
  <testcase classname="seleniumpoperties.AlwaysRunExample" name="testcase1" time="0.000"/>
  <system-out/>
  <testcase classname="seleniumpoperties.AlwaysRunExample" name="testcase1" time="0.000"/>
  <system-out/>
  <testcase classname="seleniumpoperties.AlwaysRunExample" name="testcase1" time="0.000"/>
  <system-out/>
  <testcase classname="seleniumpoperties.AlwaysRunExample" name="testcase1" time="0.000"/>
  <system-out/>
  <testcase classname="seleniumpoperties.AlwaysRunExample" name="testcase1" time="0.000"/>
  <system-out/>
  <testcase classname="seleniumpoperties.AlwaysRunExample" name="testcase1" time="0.000"/>
  <system-out/>
  <testcase classname="seleniumpoperties.AlwaysRunExample" name="testcase1" time="0.000"/>
  <system-out/>
  <testcase classname="seleniumpoperties.AlwaysRunExample" name="testcase1" time="0.000"/>
  <system-out/>
  <testcase classname="seleniumpoperties.AlwaysRunExample" name="testcase1" time="0.000"/>
  <system-out/>
  <testcase classname="seleniumpoperties.AlwaysRunExample" name="testcase1" time="0.000"/>
  <system-out/>
  <testcase classname="seleniumpoperties.AlwaysRunExample" name="testcase1" time="0.000"/>
  <system-out/>
  <testcase classname="seleniumpoperties.AlwaysRunExample" name="testcase1" time="0.000"/>
  <system-out/>
  <testcase classname="seleniumpoperties.AlwaysRunExample" name="testcase1" time="0.000"/>
  <system-out/>
  <testcase classname="seleniumpoperties.AlwaysRunExample" name="testcase1" time="0.000"/>
  <system-out/>
  <testcase classname="seleniumpoperties.AlwaysRunExample" name="testcase1" time="0.000"/>
  <system-out/>
  <testcase classname="seleniumpoperties.AlwaysRunExample" name="testcase1" time="0.000"/>
  <system-out/>
  <testcase classname="seleniumpoperties.AlwaysRunExample" name="testcase1" time="0.001"/>
  <system-out/>
  <testcase classname="seleniumpoperties.AlwaysRunExample" name="testcase1" time="0.000"/>
  <system-out/>
  <testcase classname="seleniumpoperties.AlwaysRunExample" name="testcase1" time="0.000"/>
  <system-out/>
  <testcase classname="seleniumpoperties.AlwaysRunExample" name="testcase1" time="0.000"/>
  <system-out/>
  <testcase classname="seleniumpoperties.AlwaysRunExample" name="testcase1" time="0.000"/>
  <system-out/>
  <testcase classname="seleniumpoperties.AlwaysRunExample" name="testcase1" time="0.000"/>
  <system-out/>
  <testcase classname="seleniumpoperties.AlwaysRunExample" name="testcase1" time="0.000"/>
  <system-out/>
  <testcase classname="seleniumpoperties.AlwaysRunExample" name="testcase1" time="0.001"/>
  <system-out/>
  <testcase classname="seleniumpoperties.AlwaysRunExample" name="testcase1" time="0.000"/>
  <system-out/>
  <testcase classname="seleniumpoperties.AlwaysRunExample" name="testcase1" time="0.001"/>
  <system-out/>
  <testcase classname="seleniumpoperties.AlwaysRunExample" name="testcase1" time="0.000"/>
  <system-out/>
  <testcase classname="seleniumpoperties.AlwaysRunExample" name="testcase1" time="0.000"/>
  <system-out/>
  <testcase classname="seleniumpoperties.AlwaysRunExample" name="testcase1" time="0.000"/>
  <system-out/>
  <testcase classname="seleniumpoperties.AlwaysRunExample" name="testcase1" time="0.001"/>
  <system-out/>
  <testcase classname="seleniumpoperties.AlwaysRunExample" name="testcase1" time="0.000"/>
  <system-out/>
  <testcase classname="seleniumpoperties.AlwaysRunExample" name="testcase1" time="0.000"/>
  <system-out/>
  <testcase classname="seleniumpoperties.AlwaysRunExample" name="testcase1" time="0.000"/>
  <system-out/>
  <testcase classname="seleniumpoperties.AlwaysRunExample" name="testcase1" time="0.000"/>
  <system-out/>
  <testcase classname="seleniumpoperties.AlwaysRunExample" name="testcase1" time="0.000"/>
  <system-out/>
  <testcase classname="seleniumpoperties.AlwaysRunExample" name="testcase1" time="0.001"/>
  <system-out/>
  <testcase classname="seleniumpoperties.AlwaysRunExample" name="testcase1" time="0.000"/>
  <system-out/>
  <testcase classname="seleniumpoperties.AlwaysRunExample" name="testcase1" time="0.000"/>
  <system-out/>
  <testcase classname="seleniumpoperties.AlwaysRunExample" name="testcase1" time="0.000"/>
  <system-out/>
  <testcase classname="seleniumpoperties.AlwaysRunExample" name="testcase1" time="0.000"/>
  <system-out/>
  <testcase classname="seleniumpoperties.AlwaysRunExample" name="testcase1" time="0.000"/>
  <system-out/>
  <testcase classname="seleniumpoperties.AlwaysRunExample" name="testcase1" time="0.000"/>
  <system-out/>
  <testcase classname="seleniumpoperties.AlwaysRunExample" name="testcase1" time="0.000"/>
  <system-out/>
  <testcase classname="seleniumpoperties.AlwaysRunExample" name="testcase1" time="0.000"/>
  <system-out/>
  <testcase classname="seleniumpoperties.AlwaysRunExample" name="testcase1" time="0.000"/>
  <system-out/>
  <testcase classname="seleniumpoperties.AlwaysRunExample" name="testcase1" time="0.000"/>
  <system-out/>
  <testcase classname="seleniumpoperties.AlwaysRunExample" name="testcase1" time="0.000"/>
  <system-out/>
  <testcase classname="seleniumpoperties.AlwaysRunExample" name="testcase1" time="0.000"/>
  <system-out/>
  <testcase classname="seleniumpoperties.AlwaysRunExample" name="testcase1" time="0.000"/>
  <system-out/>
  <testcase classname="seleniumpoperties.AlwaysRunExample" name="testcase1" time="0.000"/>
  <system-out/>
  <testcase classname="seleniumpoperties.AlwaysRunExample" name="testcase1" time="0.000"/>
  <system-out/>
  <testcase classname="seleniumpoperties.AlwaysRunExample" name="testcase1" time="0.000"/>
  <system-out/>
  <testcase classname="seleniumpoperties.AlwaysRunExample" name="testcase1" time="0.001"/>
  <system-out/>
  <testcase classname="seleniumpoperties.AlwaysRunExample" name="testcase1" time="0.000"/>
  <system-out/>
  <testcase classname="seleniumpoperties.AlwaysRunExample" name="testcase1" time="0.000"/>
  <system-out/>
  <testcase classname="seleniumpoperties.AlwaysRunExample" name="testcase1" time="0.000"/>
  <system-out/>
  <testcase classname="seleniumpoperties.AlwaysRunExample" name="testcase1" time="0.000"/>
  <system-out/>
  <testcase classname="seleniumpoperties.AlwaysRunExample" name="testcase1" time="0.000"/>
  <system-out/>
  <testcase classname="seleniumpoperties.AlwaysRunExample" name="testcase1" time="0.000"/>
  <system-out/>
  <testcase classname="seleniumpoperties.AlwaysRunExample" name="testcase1" time="0.000"/>
  <system-out/>
  <testcase classname="seleniumpoperties.AlwaysRunExample" name="testcase1" time="0.001"/>
  <system-out/>
  <testcase classname="seleniumpoperties.AlwaysRunExample" name="testcase1" time="0.000"/>
  <system-out/>
  <testcase classname="seleniumpoperties.AlwaysRunExample" name="testcase1" time="0.000"/>
  <system-out/>
  <testcase classname="seleniumpoperties.AlwaysRunExample" name="testcase1" time="0.000"/>
  <system-out/>
  <testcase classname="seleniumpoperties.AlwaysRunExample" name="testcase1" time="0.000"/>
  <system-out/>
  <testcase classname="seleniumpoperties.AlwaysRunExample" name="testcase1" time="0.000"/>
  <system-out/>
  <testcase classname="seleniumpoperties.AlwaysRunExample" name="testcase1" time="0.000"/>
  <system-out/>
  <testcase classname="seleniumpoperties.AlwaysRunExample" name="testcase1" time="0.000"/>
  <system-out/>
  <testcase classname="seleniumpoperties.AlwaysRunExample" name="testcase1" time="0.000"/>
  <system-out/>
  <testcase classname="seleniumpoperties.AlwaysRunExample" name="testcase1" time="0.000"/>
  <system-out/>
  <testcase classname="seleniumpoperties.AlwaysRunExample" name="testcase1" time="0.000"/>
  <system-out/>
  <testcase classname="seleniumpoperties.AlwaysRunExample" name="testcase1" time="0.000"/>
  <system-out/>
  <testcase classname="seleniumpoperties.AlwaysRunExample" name="testcase1" time="0.000"/>
  <system-out/>
  <testcase classname="seleniumpoperties.AlwaysRunExample" name="testcase1" time="0.000"/>
  <system-out/>
  <testcase classname="seleniumpoperties.AlwaysRunExample" name="testcase1" time="0.000"/>
  <system-out/>
  <testcase classname="seleniumpoperties.AlwaysRunExample" name="testcase1" time="0.000"/>
  <system-out/>
  <testcase classname="seleniumpoperties.AlwaysRunExample" name="testcase1" time="0.000"/>
  <system-out/>
  <testcase classname="seleniumpoperties.AlwaysRunExample" name="testcase1" time="0.001"/>
  <system-out/>
  <testcase classname="seleniumpoperties.AlwaysRunExample" name="testcase1" time="0.000"/>
  <system-out/>
  <testcase classname="seleniumpoperties.AlwaysRunExample" name="testcase1" time="0.001"/>
  <system-out/>
  <testcase classname="seleniumpoperties.AlwaysRunExample" name="testcase1" time="0.001"/>
  <system-out/>
  <testcase classname="seleniumpoperties.AlwaysRunExample" name="testcase1" time="0.000"/>
  <system-out/>
  <testcase classname="seleniumpoperties.AlwaysRunExample" name="testcase1" time="0.000"/>
  <system-out/>
  <testcase classname="seleniumpoperties.AlwaysRunExample" name="testcase1" time="0.000"/>
  <system-out/>
  <testcase classname="seleniumpoperties.AlwaysRunExample" name="testcase1" time="0.001"/>
  <system-out/>
  <testcase classname="seleniumpoperties.AlwaysRunExample" name="testcase1" time="0.001"/>
  <system-out/>
  <testcase classname="seleniumpoperties.AlwaysRunExample" name="testcase1" time="0.000"/>
  <system-out/>
  <testcase classname="seleniumpoperties.AlwaysRunExample" name="testcase1" time="0.000"/>
  <system-out/>
  <testcase classname="seleniumpoperties.AlwaysRunExample" name="testcase1" time="0.000"/>
  <system-out/>
  <testcase classname="seleniumpoperties.AlwaysRunExample" name="testcase1" time="0.000"/>
  <system-out/>
  <testcase classname="seleniumpoperties.AlwaysRunExample" name="testcase1" time="0.000"/>
  <system-out/>
  <testcase classname="seleniumpoperties.AlwaysRunExample" name="testcase1" time="0.000"/>
  <system-out/>
  <testcase classname="seleniumpoperties.AlwaysRunExample" name="testcase1" time="0.000"/>
  <system-out/>
  <testcase classname="seleniumpoperties.AlwaysRunExample" name="testcase1" time="0.000"/>
  <system-out/>
  <testcase classname="seleniumpoperties.AlwaysRunExample" name="testcase1" time="0.000"/>
  <system-out/>
  <testcase classname="seleniumpoperties.AlwaysRunExample" name="testcase1" time="0.000"/>
  <system-out/>
  <testcase classname="seleniumpoperties.AlwaysRunExample" name="testcase1" time="0.000"/>
  <system-out/>
  <testcase classname="seleniumpoperties.AlwaysRunExample" name="testcase1" time="0.000"/>
  <system-out/>
  <testcase classname="seleniumpoperties.AlwaysRunExample" name="testcase1" time="0.000"/>
  <system-out/>
  <testcase classname="seleniumpoperties.AlwaysRunExample" name="testcase1" time="0.000"/>
  <system-out/>
  <testcase classname="seleniumpoperties.AlwaysRunExample" name="testcase1" time="0.000"/>
  <system-out/>
  <testcase classname="seleniumpoperties.AlwaysRunExample" name="testcase1" time="0.000"/>
  <system-out/>
  <testcase classname="seleniumpoperties.AlwaysRunExample" name="testcase1" time="0.000"/>
  <system-out/>
  <testcase classname="seleniumpoperties.AlwaysRunExample" name="testcase1" time="0.000"/>
  <system-out/>
  <testcase classname="seleniumpoperties.AlwaysRunExample" name="testcase1" time="0.001"/>
  <system-out/>
  <testcase classname="seleniumpoperties.AlwaysRunExample" name="testcase1" time="0.000"/>
  <system-out/>
  <testcase classname="seleniumpoperties.AlwaysRunExample" name="testcase1" time="0.000"/>
  <system-out/>
  <testcase classname="seleniumpoperties.AlwaysRunExample" name="testcase1" time="0.000"/>
  <system-out/>
  <testcase classname="seleniumpoperties.AlwaysRunExample" name="testcase1" time="0.001"/>
  <system-out/>
  <testcase classname="seleniumpoperties.AlwaysRunExample" name="testcase1" time="0.000"/>
  <system-out/>
  <testcase classname="seleniumpoperties.AlwaysRunExample" name="testcase1" time="0.000"/>
  <system-out/>
  <testcase classname="seleniumpoperties.AlwaysRunExample" name="testcase1" time="0.000"/>
  <system-out/>
  <testcase classname="seleniumpoperties.AlwaysRunExample" name="testcase1" time="0.000"/>
  <system-out/>
  <testcase classname="seleniumpoperties.AlwaysRunExample" name="testcase1" time="0.000"/>
  <system-out/>
  <testcase classname="seleniumpoperties.AlwaysRunExample" name="testcase1" time="0.001"/>
  <system-out/>
  <testcase classname="seleniumpoperties.AlwaysRunExample" name="testcase1" time="0.000"/>
  <system-out/>
  <testcase classname="seleniumpoperties.AlwaysRunExample" name="testcase1" time="0.000"/>
  <system-out/>
  <testcase classname="seleniumpoperties.AlwaysRunExample" name="testcase1" time="0.001"/>
  <system-out/>
  <testcase classname="seleniumpoperties.AlwaysRunExample" name="testcase1" time="0.000"/>
  <system-out/>
  <testcase classname="seleniumpoperties.AlwaysRunExample" name="testcase1" time="0.000"/>
  <system-out/>
  <testcase classname="seleniumpoperties.AlwaysRunExample" name="testcase1" time="0.000"/>
  <system-out/>
  <testcase classname="seleniumpoperties.AlwaysRunExample" name="testcase1" time="0.000"/>
  <system-out/>
  <testcase classname="seleniumpoperties.AlwaysRunExample" name="testcase1" time="0.000"/>
  <system-out/>
  <testcase classname="seleniumpoperties.AlwaysRunExample" name="testcase1" time="0.000"/>
  <system-out/>
  <testcase classname="seleniumpoperties.AlwaysRunExample" name="testcase1" time="0.000"/>
  <system-out/>
  <testcase classname="seleniumpoperties.AlwaysRunExample" name="testcase1" time="0.000"/>
  <system-out/>
  <testcase classname="seleniumpoperties.AlwaysRunExample" name="testcase1" time="0.000"/>
  <system-out/>
  <testcase classname="seleniumpoperties.AlwaysRunExample" name="testcase1" time="0.000"/>
  <system-out/>
  <testcase classname="seleniumpoperties.AlwaysRunExample" name="testcase1" time="0.000"/>
  <system-out/>
  <testcase classname="seleniumpoperties.AlwaysRunExample" name="testcase1" time="0.001"/>
  <system-out/>
  <testcase classname="seleniumpoperties.AlwaysRunExample" name="testcase1" time="0.000"/>
  <system-out/>
  <testcase classname="seleniumpoperties.AlwaysRunExample" name="testcase1" time="0.000"/>
  <system-out/>
  <testcase classname="seleniumpoperties.AlwaysRunExample" name="testcase1" time="0.000"/>
  <system-out/>
  <testcase classname="seleniumpoperties.AlwaysRunExample" name="testcase1" time="0.001"/>
  <system-out/>
  <testcase classname="seleniumpoperties.AlwaysRunExample" name="testcase1" time="0.000"/>
  <system-out/>
  <testcase classname="seleniumpoperties.AlwaysRunExample" name="testcase1" time="0.000"/>
  <system-out/>
  <testcase classname="seleniumpoperties.AlwaysRunExample" name="testcase1" time="0.001"/>
  <system-out/>
  <testcase classname="seleniumpoperties.AlwaysRunExample" name="testcase1" time="0.000"/>
  <system-out/>
  <testcase classname="seleniumpoperties.AlwaysRunExample" name="testcase1" time="0.000"/>
  <system-out/>
  <testcase classname="seleniumpoperties.AlwaysRunExample" name="testcase1" time="0.000"/>
  <system-out/>
  <testcase classname="seleniumpoperties.AlwaysRunExample" name="testcase1" time="0.001"/>
  <system-out/>
  <testcase classname="seleniumpoperties.AlwaysRunExample" name="testcase1" time="0.000"/>
  <system-out/>
  <testcase classname="seleniumpoperties.AlwaysRunExample" name="testcase1" time="0.000"/>
  <system-out/>
  <testcase classname="seleniumpoperties.AlwaysRunExample" name="testcase1" time="0.000"/>
  <system-out/>
  <testcase classname="seleniumpoperties.AlwaysRunExample" name="testcase1" time="0.001"/>
  <system-out/>
  <testcase classname="seleniumpoperties.AlwaysRunExample" name="testcase1" time="0.000"/>
  <system-out/>
  <testcase classname="seleniumpoperties.AlwaysRunExample" name="testcase1" time="0.000"/>
  <system-out/>
  <testcase classname="seleniumpoperties.AlwaysRunExample" name="testcase1" time="0.000"/>
  <system-out/>
  <testcase classname="seleniumpoperties.AlwaysRunExample" name="testcase1" time="0.000"/>
  <system-out/>
  <testcase classname="seleniumpoperties.AlwaysRunExample" name="testcase1" time="0.000"/>
  <system-out/>
  <testcase classname="seleniumpoperties.AlwaysRunExample" name="testcase1" time="0.000"/>
  <system-out/>
  <testcase classname="seleniumpoperties.AlwaysRunExample" name="testcase1" time="0.000"/>
  <system-out/>
  <testcase classname="seleniumpoperties.AlwaysRunExample" name="testcase1" time="0.000"/>
  <system-out/>
  <testcase classname="seleniumpoperties.AlwaysRunExample" name="testcase1" time="0.001"/>
  <system-out/>
  <testcase classname="seleniumpoperties.AlwaysRunExample" name="testcase1" time="0.000"/>
  <system-out/>
  <testcase classname="seleniumpoperties.AlwaysRunExample" name="testcase1" time="0.000"/>
  <system-out/>
  <testcase classname="seleniumpoperties.AlwaysRunExample" name="testcase1" time="0.000"/>
  <system-out/>
  <testcase classname="seleniumpoperties.AlwaysRunExample" name="testcase1" time="0.000"/>
  <system-out/>
  <testcase classname="seleniumpoperties.AlwaysRunExample" name="testcase1" time="0.001"/>
  <system-out/>
  <testcase classname="seleniumpoperties.AlwaysRunExample" name="testcase1" time="0.000"/>
  <system-out/>
  <testcase classname="seleniumpoperties.AlwaysRunExample" name="testcase1" time="0.000"/>
  <system-out/>
  <testcase classname="seleniumpoperties.AlwaysRunExample" name="testcase1" time="0.000"/>
  <system-out/>
  <testcase classname="seleniumpoperties.AlwaysRunExample" name="testcase1" time="0.001"/>
  <system-out/>
  <testcase classname="seleniumpoperties.AlwaysRunExample" name="testcase1" time="0.000"/>
  <system-out/>
  <testcase classname="seleniumpoperties.AlwaysRunExample" name="testcase1" time="0.000"/>
  <system-out/>
  <testcase classname="seleniumpoperties.AlwaysRunExample" name="testcase1" time="0.000"/>
  <system-out/>
  <testcase classname="seleniumpoperties.AlwaysRunExample" name="testcase1" time="0.000"/>
  <system-out/>
  <testcase classname="seleniumpoperties.AlwaysRunExample" name="testcase1" time="0.000"/>
  <system-out/>
  <testcase classname="seleniumpoperties.AlwaysRunExample" name="testcase1" time="0.000"/>
  <system-out/>
  <testcase classname="seleniumpoperties.AlwaysRunExample" name="testcase1" time="0.001"/>
  <system-out/>
  <testcase classname="seleniumpoperties.AlwaysRunExample" name="testcase1" time="0.000"/>
  <system-out/>
  <testcase classname="seleniumpoperties.AlwaysRunExample" name="testcase1" time="0.001"/>
  <system-out/>
  <testcase classname="seleniumpoperties.AlwaysRunExample" name="testcase1" time="0.000"/>
  <system-out/>
  <testcase classname="seleniumpoperties.AlwaysRunExample" name="testcase1" time="0.000"/>
  <system-out/>
  <testcase classname="seleniumpoperties.AlwaysRunExample" name="testcase1" time="0.000"/>
  <system-out/>
  <testcase classname="seleniumpoperties.AlwaysRunExample" name="testcase1" time="0.000"/>
  <system-out/>
  <testcase classname="seleniumpoperties.AlwaysRunExample" name="testcase1" time="0.001"/>
  <system-out/>
  <testcase classname="seleniumpoperties.AlwaysRunExample" name="testcase1" time="0.000"/>
  <system-out/>
  <testcase classname="seleniumpoperties.AlwaysRunExample" name="testcase1" time="0.000"/>
  <system-out/>
  <testcase classname="seleniumpoperties.AlwaysRunExample" name="testcase1" time="0.001"/>
  <system-out/>
  <testcase classname="seleniumpoperties.AlwaysRunExample" name="testcase1" time="0.000"/>
  <system-out/>
  <testcase classname="seleniumpoperties.AlwaysRunExample" name="testcase1" time="0.000"/>
  <system-out/>
  <testcase classname="seleniumpoperties.AlwaysRunExample" name="testcase1" time="0.000"/>
  <system-out/>
  <testcase classname="seleniumpoperties.AlwaysRunExample" name="testcase1" time="0.000"/>
  <system-out/>
  <testcase classname="seleniumpoperties.AlwaysRunExample" name="testcase1" time="0.000"/>
  <system-out/>
  <testcase classname="seleniumpoperties.AlwaysRunExample" name="testcase1" time="0.000"/>
  <system-out/>
  <testcase classname="seleniumpoperties.AlwaysRunExample" name="testcase1" time="0.001"/>
  <system-out/>
  <testcase classname="seleniumpoperties.AlwaysRunExample" name="testcase1" time="0.000"/>
  <system-out/>
  <testcase classname="seleniumpoperties.AlwaysRunExample" name="testcase1" time="0.000"/>
  <system-out/>
  <testcase classname="seleniumpoperties.AlwaysRunExample" name="testcase1" time="0.000"/>
  <system-out/>
  <testcase classname="seleniumpoperties.AlwaysRunExample" name="testcase1" time="0.001"/>
  <system-out/>
  <testcase classname="seleniumpoperties.AlwaysRunExample" name="testcase1" time="0.000"/>
  <system-out/>
  <testcase classname="seleniumpoperties.AlwaysRunExample" name="testcase1" time="0.000"/>
  <system-out/>
  <testcase classname="seleniumpoperties.AlwaysRunExample" name="testcase1" time="0.001"/>
  <system-out/>
  <testcase classname="seleniumpoperties.AlwaysRunExample" name="testcase1" time="0.000"/>
  <system-out/>
  <testcase classname="seleniumpoperties.AlwaysRunExample" name="testcase1" time="0.000"/>
  <system-out/>
  <testcase classname="seleniumpoperties.AlwaysRunExample" name="testcase1" time="0.000"/>
  <system-out/>
  <testcase classname="seleniumpoperties.AlwaysRunExample" name="testcase1" time="0.001"/>
  <system-out/>
  <testcase classname="seleniumpoperties.AlwaysRunExample" name="testcase1" time="0.000"/>
  <system-out/>
  <testcase classname="seleniumpoperties.AlwaysRunExample" name="testcase1" time="0.001"/>
  <system-out/>
  <testcase classname="seleniumpoperties.AlwaysRunExample" name="testcase1" time="0.000"/>
  <system-out/>
  <testcase classname="seleniumpoperties.AlwaysRunExample" name="testcase1" time="0.000"/>
  <system-out/>
  <testcase classname="seleniumpoperties.AlwaysRunExample" name="testcase1" time="0.000"/>
  <system-out/>
  <testcase classname="seleniumpoperties.AlwaysRunExample" name="testcase1" time="0.000"/>
  <system-out/>
  <testcase classname="seleniumpoperties.AlwaysRunExample" name="testcase1" time="0.000"/>
  <system-out/>
  <testcase classname="seleniumpoperties.AlwaysRunExample" name="testcase1" time="0.000"/>
  <system-out/>
  <testcase classname="seleniumpoperties.AlwaysRunExample" name="testcase1" time="0.000"/>
  <system-out/>
  <testcase classname="seleniumpoperties.AlwaysRunExample" name="testcase1" time="0.000"/>
  <system-out/>
  <testcase classname="seleniumpoperties.AlwaysRunExample" name="testcase1" time="0.000"/>
  <system-out/>
  <testcase classname="seleniumpoperties.AlwaysRunExample" name="testcase1" time="0.000"/>
  <system-out/>
  <testcase classname="seleniumpoperties.AlwaysRunExample" name="testcase1" time="0.001"/>
  <system-out/>
  <testcase classname="seleniumpoperties.AlwaysRunExample" name="testcase1" time="0.000"/>
  <system-out/>
  <testcase classname="seleniumpoperties.AlwaysRunExample" name="testcase1" time="0.000"/>
  <system-out/>
  <testcase classname="seleniumpoperties.AlwaysRunExample" name="testcase1" time="0.000"/>
  <system-out/>
  <testcase classname="seleniumpoperties.AlwaysRunExample" name="testcase1" time="0.000"/>
  <system-out/>
  <testcase classname="seleniumpoperties.AlwaysRunExample" name="testcase1" time="0.000"/>
  <system-out/>
  <testcase classname="seleniumpoperties.AlwaysRunExample" name="testcase1" time="0.000"/>
  <system-out/>
  <testcase classname="seleniumpoperties.AlwaysRunExample" name="testcase1" time="0.000"/>
  <system-out/>
  <testcase classname="seleniumpoperties.AlwaysRunExample" name="testcase1" time="0.000"/>
  <system-out/>
  <testcase classname="seleniumpoperties.AlwaysRunExample" name="testcase1" time="0.000"/>
  <system-out/>
  <testcase classname="seleniumpoperties.AlwaysRunExample" name="testcase1" time="0.000"/>
  <system-out/>
  <testcase classname="seleniumpoperties.AlwaysRunExample" name="testcase1" time="0.000"/>
  <system-out/>
  <testcase classname="seleniumpoperties.AlwaysRunExample" name="testcase1" time="0.000"/>
  <system-out/>
  <testcase classname="seleniumpoperties.AlwaysRunExample" name="testcase1" time="0.000"/>
  <system-out/>
  <testcase classname="seleniumpoperties.AlwaysRunExample" name="testcase1" time="0.000"/>
  <system-out/>
  <testcase classname="seleniumpoperties.AlwaysRunExample" name="testcase1" time="0.000"/>
  <system-out/>
  <testcase classname="seleniumpoperties.AlwaysRunExample" name="testcase1" time="0.000"/>
  <system-out/>
  <testcase classname="seleniumpoperties.AlwaysRunExample" name="testcase1" time="0.001"/>
  <system-out/>
  <testcase classname="seleniumpoperties.AlwaysRunExample" name="testcase1" time="0.000"/>
  <system-out/>
  <testcase classname="seleniumpoperties.AlwaysRunExample" name="testcase1" time="0.000"/>
  <system-out/>
  <testcase classname="seleniumpoperties.AlwaysRunExample" name="testcase1" time="0.001"/>
  <system-out/>
  <testcase classname="seleniumpoperties.AlwaysRunExample" name="testcase1" time="0.000"/>
  <system-out/>
  <testcase classname="seleniumpoperties.AlwaysRunExample" name="testcase1" time="0.000"/>
  <system-out/>
  <testcase classname="seleniumpoperties.AlwaysRunExample" name="testcase1" time="0.000"/>
  <system-out/>
  <testcase classname="seleniumpoperties.AlwaysRunExample" name="testcase1" time="0.000"/>
  <system-out/>
  <testcase classname="seleniumpoperties.AlwaysRunExample" name="testcase1" time="0.000"/>
  <system-out/>
  <testcase classname="seleniumpoperties.AlwaysRunExample" name="testcase1" time="0.000"/>
  <system-out/>
  <testcase classname="seleniumpoperties.AlwaysRunExample" name="testcase1" time="0.000"/>
  <system-out/>
  <testcase classname="seleniumpoperties.AlwaysRunExample" name="testcase1" time="0.000"/>
  <system-out/>
  <testcase classname="seleniumpoperties.AlwaysRunExample" name="testcase1" time="0.000"/>
  <system-out/>
  <testcase classname="seleniumpoperties.AlwaysRunExample" name="testcase1" time="0.001"/>
  <system-out/>
  <testcase classname="seleniumpoperties.AlwaysRunExample" name="testcase1" time="0.000"/>
  <system-out/>
  <testcase classname="seleniumpoperties.AlwaysRunExample" name="testcase1" time="0.000"/>
  <system-out/>
  <testcase classname="seleniumpoperties.AlwaysRunExample" name="testcase1" time="0.000"/>
  <system-out/>
  <testcase classname="seleniumpoperties.AlwaysRunExample" name="testcase1" time="0.000"/>
  <system-out/>
  <testcase classname="seleniumpoperties.AlwaysRunExample" name="testcase1" time="0.000"/>
  <system-out/>
  <testcase classname="seleniumpoperties.AlwaysRunExample" name="testcase1" time="0.000"/>
  <system-out/>
  <testcase classname="seleniumpoperties.AlwaysRunExample" name="testcase1" time="0.001"/>
  <system-out/>
  <testcase classname="seleniumpoperties.AlwaysRunExample" name="testcase1" time="0.001"/>
  <system-out/>
  <testcase classname="seleniumpoperties.AlwaysRunExample" name="testcase1" time="0.000"/>
  <system-out/>
  <testcase classname="seleniumpoperties.AlwaysRunExample" name="testcase1" time="0.000"/>
  <system-out/>
  <testcase classname="seleniumpoperties.AlwaysRunExample" name="testcase1" time="0.000"/>
  <system-out/>
  <testcase classname="seleniumpoperties.AlwaysRunExample" name="testcase1" time="0.001"/>
  <system-out/>
  <testcase classname="seleniumpoperties.AlwaysRunExample" name="testcase1" time="0.000"/>
  <system-out/>
  <testcase classname="seleniumpoperties.AlwaysRunExample" name="testcase1" time="0.000"/>
  <system-out/>
  <testcase classname="seleniumpoperties.AlwaysRunExample" name="testcase1" time="0.000"/>
  <system-out/>
  <testcase classname="seleniumpoperties.AlwaysRunExample" name="testcase1" time="0.000"/>
  <system-out/>
  <testcase classname="seleniumpoperties.AlwaysRunExample" name="testcase1" time="0.001"/>
  <system-out/>
  <testcase classname="seleniumpoperties.AlwaysRunExample" name="testcase1" time="0.000"/>
  <system-out/>
  <testcase classname="seleniumpoperties.AlwaysRunExample" name="testcase1" time="0.000"/>
  <system-out/>
  <testcase classname="seleniumpoperties.AlwaysRunExample" name="testcase1" time="0.001"/>
  <system-out/>
  <testcase classname="seleniumpoperties.AlwaysRunExample" name="testcase1" time="0.000"/>
  <system-out/>
  <testcase classname="seleniumpoperties.AlwaysRunExample" name="testcase1" time="0.000"/>
  <system-out/>
  <testcase classname="seleniumpoperties.AlwaysRunExample" name="testcase1" time="0.000"/>
  <system-out/>
  <testcase classname="seleniumpoperties.AlwaysRunExample" name="testcase1" time="0.000"/>
  <system-out/>
  <testcase classname="seleniumpoperties.AlwaysRunExample" name="testcase1" time="0.000"/>
  <system-out/>
  <testcase classname="seleniumpoperties.AlwaysRunExample" name="testcase1" time="0.000"/>
  <system-out/>
  <testcase classname="seleniumpoperties.AlwaysRunExample" name="testcase1" time="0.000"/>
  <system-out/>
  <testcase classname="seleniumpoperties.AlwaysRunExample" name="testcase1" time="0.000"/>
  <system-out/>
  <testcase classname="seleniumpoperties.AlwaysRunExample" name="testcase1" time="0.000"/>
  <system-out/>
  <testcase classname="seleniumpoperties.AlwaysRunExample" name="testcase1" time="0.001"/>
  <system-out/>
  <testcase classname="seleniumpoperties.AlwaysRunExample" name="testcase1" time="0.000"/>
  <system-out/>
  <testcase classname="seleniumpoperties.AlwaysRunExample" name="testcase1" time="0.000"/>
  <system-out/>
  <testcase classname="seleniumpoperties.AlwaysRunExample" name="testcase1" time="0.000"/>
  <system-out/>
  <testcase classname="seleniumpoperties.AlwaysRunExample" name="testcase1" time="0.000"/>
  <system-out/>
  <testcase classname="seleniumpoperties.AlwaysRunExample" name="testcase1" time="0.000"/>
  <system-out/>
  <testcase classname="seleniumpoperties.AlwaysRunExample" name="testcase1" time="0.000"/>
  <system-out/>
  <testcase classname="seleniumpoperties.AlwaysRunExample" name="testcase1" time="0.001"/>
  <system-out/>
  <testcase classname="seleniumpoperties.AlwaysRunExample" name="testcase1" time="0.001"/>
  <system-out/>
  <testcase classname="seleniumpoperties.AlwaysRunExample" name="testcase1" time="0.000"/>
  <system-out/>
  <testcase classname="seleniumpoperties.AlwaysRunExample" name="testcase1" time="0.000"/>
  <system-out/>
  <testcase classname="seleniumpoperties.AlwaysRunExample" name="testcase1" time="0.001"/>
  <system-out/>
  <testcase classname="seleniumpoperties.AlwaysRunExample" name="testcase1" time="0.001"/>
  <system-out/>
  <testcase classname="seleniumpoperties.AlwaysRunExample" name="testcase1" time="0.000"/>
  <system-out/>
  <testcase classname="seleniumpoperties.AlwaysRunExample" name="testcase1" time="0.000"/>
  <system-out/>
  <testcase classname="seleniumpoperties.AlwaysRunExample" name="testcase1" time="0.000"/>
  <system-out/>
  <testcase classname="seleniumpoperties.AlwaysRunExample" name="testcase1" time="0.000"/>
  <system-out/>
  <testcase classname="seleniumpoperties.AlwaysRunExample" name="testcase1" time="0.000"/>
  <system-out/>
  <testcase classname="seleniumpoperties.AlwaysRunExample" name="testcase1" time="0.000"/>
  <system-out/>
  <testcase classname="seleniumpoperties.AlwaysRunExample" name="testcase1" time="0.000"/>
  <system-out/>
  <testcase classname="seleniumpoperties.AlwaysRunExample" name="testcase1" time="0.000"/>
  <system-out/>
  <testcase classname="seleniumpoperties.AlwaysRunExample" name="testcase1" time="0.000"/>
  <system-out/>
  <testcase classname="seleniumpoperties.AlwaysRunExample" name="testcase1" time="0.000"/>
  <system-out/>
  <testcase classname="seleniumpoperties.AlwaysRunExample" name="testcase1" time="0.001"/>
  <system-out/>
  <testcase classname="seleniumpoperties.AlwaysRunExample" name="testcase1" time="0.000"/>
  <system-out/>
  <testcase classname="seleniumpoperties.AlwaysRunExample" name="testcase1" time="0.000"/>
  <system-out/>
  <testcase classname="seleniumpoperties.AlwaysRunExample" name="testcase1" time="0.000"/>
  <system-out/>
  <testcase classname="seleniumpoperties.AlwaysRunExample" name="testcase1" time="0.000"/>
  <system-out/>
  <testcase classname="seleniumpoperties.AlwaysRunExample" name="testcase1" time="0.001"/>
  <system-out/>
  <testcase classname="seleniumpoperties.AlwaysRunExample" name="testcase1" time="0.000"/>
  <system-out/>
  <testcase classname="seleniumpoperties.AlwaysRunExample" name="testcase1" time="0.000"/>
  <system-out/>
  <testcase classname="seleniumpoperties.AlwaysRunExample" name="testcase1" time="0.001"/>
  <system-out/>
  <testcase classname="seleniumpoperties.AlwaysRunExample" name="testcase1" time="0.000"/>
  <system-out/>
  <testcase classname="seleniumpoperties.AlwaysRunExample" name="testcase1" time="0.000"/>
  <system-out/>
  <testcase classname="seleniumpoperties.AlwaysRunExample" name="testcase1" time="0.001"/>
  <system-out/>
  <testcase classname="seleniumpoperties.AlwaysRunExample" name="testcase1" time="0.000"/>
  <system-out/>
  <testcase classname="seleniumpoperties.AlwaysRunExample" name="testcase1" time="0.000"/>
  <system-out/>
  <testcase classname="seleniumpoperties.AlwaysRunExample" name="testcase1" time="0.000"/>
  <system-out/>
  <testcase classname="seleniumpoperties.AlwaysRunExample" name="testcase1" time="0.000"/>
  <system-out/>
  <testcase classname="seleniumpoperties.AlwaysRunExample" name="testcase1" time="0.001"/>
  <system-out/>
  <testcase classname="seleniumpoperties.AlwaysRunExample" name="testcase1" time="0.000"/>
  <system-out/>
  <testcase classname="seleniumpoperties.AlwaysRunExample" name="testcase1" time="0.000"/>
  <system-out/>
  <testcase classname="seleniumpoperties.AlwaysRunExample" name="testcase1" time="0.000"/>
  <system-out/>
  <testcase classname="seleniumpoperties.AlwaysRunExample" name="testcase1" time="0.000"/>
  <system-out/>
  <testcase classname="seleniumpoperties.AlwaysRunExample" name="testcase1" time="0.000"/>
  <system-out/>
  <testcase classname="seleniumpoperties.AlwaysRunExample" name="testcase1" time="0.001"/>
  <system-out/>
  <testcase classname="seleniumpoperties.AlwaysRunExample" name="testcase1" time="0.000"/>
  <system-out/>
  <testcase classname="seleniumpoperties.AlwaysRunExample" name="testcase1" time="0.000"/>
  <system-out/>
  <testcase classname="seleniumpoperties.AlwaysRunExample" name="testcase1" time="0.001"/>
  <system-out/>
  <testcase classname="seleniumpoperties.AlwaysRunExample" name="testcase1" time="0.000"/>
  <system-out/>
  <testcase classname="seleniumpoperties.AlwaysRunExample" name="testcase1" time="0.000"/>
  <system-out/>
  <testcase classname="seleniumpoperties.AlwaysRunExample" name="testcase1" time="0.000"/>
  <system-out/>
  <testcase classname="seleniumpoperties.AlwaysRunExample" name="testcase1" time="0.000"/>
  <system-out/>
  <testcase classname="seleniumpoperties.AlwaysRunExample" name="testcase1" time="0.000"/>
  <system-out/>
  <testcase classname="seleniumpoperties.AlwaysRunExample" name="testcase1" time="0.000"/>
  <system-out/>
  <testcase classname="seleniumpoperties.AlwaysRunExample" name="testcase1" time="0.000"/>
  <system-out/>
  <testcase classname="seleniumpoperties.AlwaysRunExample" name="testcase1" time="0.001"/>
  <system-out/>
  <testcase classname="seleniumpoperties.AlwaysRunExample" name="testcase1" time="0.000"/>
  <system-out/>
  <testcase classname="seleniumpoperties.AlwaysRunExample" name="testcase1" time="0.000"/>
  <system-out/>
  <testcase classname="seleniumpoperties.AlwaysRunExample" name="testcase1" time="0.000"/>
  <system-out/>
  <testcase classname="seleniumpoperties.AlwaysRunExample" name="testcase1" time="0.000"/>
  <system-out/>
  <testcase classname="seleniumpoperties.AlwaysRunExample" name="testcase1" time="0.000"/>
  <system-out/>
  <testcase classname="seleniumpoperties.AlwaysRunExample" name="testcase1" time="0.001"/>
  <system-out/>
  <testcase classname="seleniumpoperties.AlwaysRunExample" name="testcase1" time="0.000"/>
  <system-out/>
  <testcase classname="seleniumpoperties.AlwaysRunExample" name="testcase1" time="0.000"/>
  <system-out/>
  <testcase classname="seleniumpoperties.AlwaysRunExample" name="testcase1" time="0.000"/>
  <system-out/>
  <testcase classname="seleniumpoperties.AlwaysRunExample" name="testcase1" time="0.000"/>
  <system-out/>
  <testcase classname="seleniumpoperties.AlwaysRunExample" name="testcase1" time="0.000"/>
  <system-out/>
  <testcase classname="seleniumpoperties.AlwaysRunExample" name="testcase1" time="0.000"/>
  <system-out/>
  <testcase classname="seleniumpoperties.AlwaysRunExample" name="testcase1" time="0.000"/>
  <system-out/>
  <testcase classname="seleniumpoperties.AlwaysRunExample" name="testcase1" time="0.001"/>
  <system-out/>
  <testcase classname="seleniumpoperties.AlwaysRunExample" name="testcase1" time="0.002"/>
  <system-out/>
  <testcase classname="seleniumpoperties.AlwaysRunExample" name="testcase1" time="0.000"/>
  <system-out/>
  <testcase classname="seleniumpoperties.AlwaysRunExample" name="testcase1" time="0.000"/>
  <system-out/>
  <testcase classname="seleniumpoperties.AlwaysRunExample" name="testcase1" time="0.000"/>
  <system-out/>
  <testcase classname="seleniumpoperties.AlwaysRunExample" name="testcase1" time="0.000"/>
  <system-out/>
  <testcase classname="seleniumpoperties.AlwaysRunExample" name="testcase1" time="0.000"/>
  <system-out/>
  <testcase classname="seleniumpoperties.AlwaysRunExample" name="testcase1" time="0.000"/>
  <system-out/>
  <testcase classname="seleniumpoperties.AlwaysRunExample" name="testcase1" time="0.000"/>
  <system-out/>
  <testcase classname="seleniumpoperties.AlwaysRunExample" name="testcase1" time="0.000"/>
  <system-out/>
  <testcase classname="seleniumpoperties.AlwaysRunExample" name="testcase1" time="0.000"/>
  <system-out/>
  <testcase classname="seleniumpoperties.AlwaysRunExample" name="testcase1" time="0.000"/>
  <system-out/>
  <testcase classname="seleniumpoperties.AlwaysRunExample" name="testcase1" time="0.000"/>
  <system-out/>
  <testcase classname="seleniumpoperties.AlwaysRunExample" name="testcase1" time="0.000"/>
  <system-out/>
  <testcase classname="seleniumpoperties.AlwaysRunExample" name="testcase1" time="0.000"/>
  <system-out/>
  <testcase classname="seleniumpoperties.AlwaysRunExample" name="testcase1" time="0.000"/>
  <system-out/>
  <testcase classname="seleniumpoperties.AlwaysRunExample" name="testcase1" time="0.000"/>
  <system-out/>
  <testcase classname="seleniumpoperties.AlwaysRunExample" name="testcase1" time="0.557"/>
  <system-out/>
  <testcase classname="seleniumpoperties.AlwaysRunExample" name="testcase1" time="0.000"/>
  <system-out/>
  <testcase classname="seleniumpoperties.AlwaysRunExample" name="testcase1" time="0.000"/>
  <system-out/>
  <testcase classname="seleniumpoperties.AlwaysRunExample" name="testcase1" time="0.000"/>
  <system-out/>
  <testcase classname="seleniumpoperties.AlwaysRunExample" name="testcase1" time="0.000"/>
  <system-out/>
  <testcase classname="seleniumpoperties.AlwaysRunExample" name="testcase1" time="0.000"/>
  <system-out/>
  <testcase classname="seleniumpoperties.AlwaysRunExample" name="testcase1" time="0.000"/>
  <system-out/>
  <testcase classname="seleniumpoperties.AlwaysRunExample" name="testcase1" time="0.000"/>
  <system-out/>
  <testcase classname="seleniumpoperties.AlwaysRunExample" name="testcase1" time="0.000"/>
  <system-out/>
  <testcase classname="seleniumpoperties.AlwaysRunExample" name="testcase1" time="0.000"/>
  <system-out/>
  <testcase classname="seleniumpoperties.AlwaysRunExample" name="testcase1" time="0.001"/>
  <system-out/>
  <testcase classname="seleniumpoperties.AlwaysRunExample" name="testcase1" time="0.000"/>
  <system-out/>
  <testcase classname="seleniumpoperties.AlwaysRunExample" name="testcase1" time="0.000"/>
  <system-out/>
  <testcase classname="seleniumpoperties.AlwaysRunExample" name="testcase1" time="0.000"/>
  <system-out/>
  <testcase classname="seleniumpoperties.AlwaysRunExample" name="testcase1" time="0.000"/>
  <system-out/>
  <testcase classname="seleniumpoperties.AlwaysRunExample" name="testcase1" time="0.000"/>
  <system-out/>
  <testcase classname="seleniumpoperties.AlwaysRunExample" name="testcase1" time="0.000"/>
  <system-out/>
  <testcase classname="seleniumpoperties.AlwaysRunExample" name="testcase1" time="0.001"/>
  <system-out/>
  <testcase classname="seleniumpoperties.AlwaysRunExample" name="testcase1" time="0.000"/>
  <system-out/>
  <testcase classname="seleniumpoperties.AlwaysRunExample" name="testcase1" time="0.000"/>
  <system-out/>
  <testcase classname="seleniumpoperties.AlwaysRunExample" name="testcase1" time="0.000"/>
  <system-out/>
  <testcase classname="seleniumpoperties.AlwaysRunExample" name="testcase1" time="0.000"/>
  <system-out/>
  <testcase classname="seleniumpoperties.AlwaysRunExample" name="testcase1" time="0.000"/>
  <system-out/>
  <testcase classname="seleniumpoperties.AlwaysRunExample" name="testcase1" time="0.000"/>
  <system-out/>
  <testcase classname="seleniumpoperties.AlwaysRunExample" name="testcase1" time="0.000"/>
  <system-out/>
  <testcase classname="seleniumpoperties.AlwaysRunExample" name="testcase1" time="0.000"/>
  <system-out/>
  <testcase classname="seleniumpoperties.AlwaysRunExample" name="testcase1" time="0.000"/>
  <system-out/>
  <testcase classname="seleniumpoperties.AlwaysRunExample" name="testcase1" time="0.000"/>
  <system-out/>
  <testcase classname="seleniumpoperties.AlwaysRunExample" name="testcase1" time="0.001"/>
  <system-out/>
  <testcase classname="seleniumpoperties.AlwaysRunExample" name="testcase1" time="0.000"/>
  <system-out/>
  <testcase classname="seleniumpoperties.AlwaysRunExample" name="testcase1" time="0.000"/>
  <system-out/>
  <testcase classname="seleniumpoperties.AlwaysRunExample" name="testcase1" time="0.000"/>
  <system-out/>
  <testcase classname="seleniumpoperties.AlwaysRunExample" name="testcase1" time="0.000"/>
  <system-out/>
  <testcase classname="seleniumpoperties.AlwaysRunExample" name="testcase1" time="0.000"/>
  <system-out/>
  <testcase classname="seleniumpoperties.AlwaysRunExample" name="testcase1" time="0.000"/>
  <system-out/>
  <testcase classname="seleniumpoperties.AlwaysRunExample" name="testcase1" time="0.000"/>
  <system-out/>
  <testcase classname="seleniumpoperties.AlwaysRunExample" name="testcase1" time="0.000"/>
  <system-out/>
  <testcase classname="seleniumpoperties.AlwaysRunExample" name="testcase1" time="0.000"/>
  <system-out/>
  <testcase classname="seleniumpoperties.AlwaysRunExample" name="testcase1" time="0.001"/>
  <system-out/>
  <testcase classname="seleniumpoperties.AlwaysRunExample" name="testcase1" time="0.000"/>
  <system-out/>
  <testcase classname="seleniumpoperties.AlwaysRunExample" name="testcase1" time="0.000"/>
  <system-out/>
  <testcase classname="seleniumpoperties.AlwaysRunExample" name="testcase1" time="0.001"/>
  <system-out/>
  <testcase classname="seleniumpoperties.AlwaysRunExample" name="testcase1" time="0.000"/>
  <system-out/>
  <testcase classname="seleniumpoperties.AlwaysRunExample" name="testcase1" time="0.000"/>
  <system-out/>
  <testcase classname="seleniumpoperties.AlwaysRunExample" name="testcase1" time="0.001"/>
  <system-out/>
  <testcase classname="seleniumpoperties.AlwaysRunExample" name="testcase1" time="0.000"/>
  <system-out/>
  <testcase classname="seleniumpoperties.AlwaysRunExample" name="testcase1" time="0.000"/>
  <system-out/>
  <testcase classname="seleniumpoperties.AlwaysRunExample" name="testcase1" time="0.000"/>
  <system-out/>
  <testcase classname="seleniumpoperties.AlwaysRunExample" name="testcase1" time="0.000"/>
  <system-out/>
  <testcase classname="seleniumpoperties.AlwaysRunExample" name="testcase1" time="0.000"/>
  <system-out/>
  <testcase classname="seleniumpoperties.AlwaysRunExample" name="testcase1" time="0.000"/>
  <system-out/>
  <testcase classname="seleniumpoperties.AlwaysRunExample" name="testcase1" time="0.002"/>
  <system-out/>
  <testcase classname="seleniumpoperties.AlwaysRunExample" name="testcase1" time="0.001"/>
  <system-out/>
  <testcase classname="seleniumpoperties.AlwaysRunExample" name="testcase1" time="0.000"/>
  <system-out/>
  <testcase classname="seleniumpoperties.AlwaysRunExample" name="testcase1" time="0.000"/>
  <system-out/>
  <testcase classname="seleniumpoperties.AlwaysRunExample" name="testcase1" time="0.000"/>
  <system-out/>
  <testcase classname="seleniumpoperties.AlwaysRunExample" name="testcase1" time="0.000"/>
  <system-out/>
  <testcase classname="seleniumpoperties.AlwaysRunExample" name="testcase1" time="0.000"/>
  <system-out/>
  <testcase classname="seleniumpoperties.AlwaysRunExample" name="testcase1" time="0.000"/>
  <system-out/>
  <testcase classname="seleniumpoperties.AlwaysRunExample" name="testcase1" time="0.000"/>
  <system-out/>
  <testcase classname="seleniumpoperties.AlwaysRunExample" name="testcase1" time="0.000"/>
  <system-out/>
  <testcase classname="seleniumpoperties.AlwaysRunExample" name="testcase1" time="0.000"/>
  <system-out/>
  <testcase classname="seleniumpoperties.AlwaysRunExample" name="testcase1" time="0.000"/>
  <system-out/>
  <testcase classname="seleniumpoperties.AlwaysRunExample" name="testcase1" time="0.000"/>
  <system-out/>
  <testcase classname="seleniumpoperties.AlwaysRunExample" name="testcase1" time="0.000"/>
  <system-out/>
  <testcase classname="seleniumpoperties.AlwaysRunExample" name="testcase1" time="0.000"/>
  <system-out/>
  <testcase classname="seleniumpoperties.AlwaysRunExample" name="testcase1" time="0.000"/>
  <system-out/>
  <testcase classname="seleniumpoperties.AlwaysRunExample" name="testcase1" time="0.000"/>
  <system-out/>
  <testcase classname="seleniumpoperties.AlwaysRunExample" name="testcase1" time="0.000"/>
  <system-out/>
  <testcase classname="seleniumpoperties.AlwaysRunExample" name="testcase1" time="0.001"/>
  <system-out/>
  <testcase classname="seleniumpoperties.AlwaysRunExample" name="testcase1" time="0.000"/>
  <system-out/>
  <testcase classname="seleniumpoperties.AlwaysRunExample" name="testcase1" time="0.000"/>
  <system-out/>
  <testcase classname="seleniumpoperties.AlwaysRunExample" name="testcase1" time="0.000"/>
  <system-out/>
  <testcase classname="seleniumpoperties.AlwaysRunExample" name="testcase1" time="0.001"/>
  <system-out/>
  <testcase classname="seleniumpoperties.AlwaysRunExample" name="testcase1" time="0.000"/>
  <system-out/>
  <testcase classname="seleniumpoperties.AlwaysRunExample" name="testcase1" time="0.000"/>
  <system-out/>
  <testcase classname="seleniumpoperties.AlwaysRunExample" name="testcase1" time="0.001"/>
  <system-out/>
  <testcase classname="seleniumpoperties.AlwaysRunExample" name="testcase1" time="0.000"/>
  <system-out/>
  <testcase classname="seleniumpoperties.AlwaysRunExample" name="testcase1" time="0.000"/>
  <system-out/>
  <testcase classname="seleniumpoperties.AlwaysRunExample" name="testcase1" time="0.000"/>
  <system-out/>
  <testcase classname="seleniumpoperties.AlwaysRunExample" name="testcase1" time="0.001"/>
  <system-out/>
  <testcase classname="seleniumpoperties.AlwaysRunExample" name="testcase1" time="0.000"/>
  <system-out/>
  <testcase classname="seleniumpoperties.AlwaysRunExample" name="testcase1" time="0.000"/>
  <system-out/>
  <testcase classname="seleniumpoperties.AlwaysRunExample" name="testcase1" time="0.000"/>
  <system-out/>
  <testcase classname="seleniumpoperties.AlwaysRunExample" name="testcase1" time="0.000"/>
  <system-out/>
  <testcase classname="seleniumpoperties.AlwaysRunExample" name="testcase1" time="0.000"/>
  <system-out/>
  <testcase classname="seleniumpoperties.AlwaysRunExample" name="testcase1" time="0.000"/>
  <system-out/>
  <testcase classname="seleniumpoperties.AlwaysRunExample" name="testcase1" time="0.000"/>
  <system-out/>
  <testcase classname="seleniumpoperties.AlwaysRunExample" name="testcase1" time="0.000"/>
  <system-out/>
  <testcase classname="seleniumpoperties.AlwaysRunExample" name="testcase1" time="0.000"/>
  <system-out/>
  <testcase classname="seleniumpoperties.AlwaysRunExample" name="testcase1" time="0.000"/>
  <system-out/>
  <testcase classname="seleniumpoperties.AlwaysRunExample" name="testcase1" time="0.000"/>
  <system-out/>
  <testcase classname="seleniumpoperties.AlwaysRunExample" name="testcase1" time="0.001"/>
  <system-out/>
  <testcase classname="seleniumpoperties.AlwaysRunExample" name="testcase1" time="0.000"/>
  <system-out/>
  <testcase classname="seleniumpoperties.AlwaysRunExample" name="testcase1" time="0.000"/>
  <system-out/>
  <testcase classname="seleniumpoperties.AlwaysRunExample" name="testcase1" time="0.000"/>
  <system-out/>
  <testcase classname="seleniumpoperties.AlwaysRunExample" name="testcase1" time="0.000"/>
  <system-out/>
  <testcase classname="seleniumpoperties.AlwaysRunExample" name="testcase1" time="0.000"/>
  <system-out/>
  <testcase classname="seleniumpoperties.AlwaysRunExample" name="testcase1" time="0.000"/>
  <system-out/>
  <testcase classname="seleniumpoperties.AlwaysRunExample" name="testcase1" time="0.000"/>
  <system-out/>
  <testcase classname="seleniumpoperties.AlwaysRunExample" name="testcase1" time="0.000"/>
  <system-out/>
  <testcase classname="seleniumpoperties.AlwaysRunExample" name="testcase1" time="0.000"/>
  <system-out/>
  <testcase classname="seleniumpoperties.AlwaysRunExample" name="testcase1" time="0.000"/>
  <system-out/>
  <testcase classname="seleniumpoperties.AlwaysRunExample" name="testcase1" time="0.001"/>
  <system-out/>
  <testcase classname="seleniumpoperties.AlwaysRunExample" name="testcase1" time="0.000"/>
  <system-out/>
  <testcase classname="seleniumpoperties.AlwaysRunExample" name="testcase1" time="0.000"/>
  <system-out/>
  <testcase classname="seleniumpoperties.AlwaysRunExample" name="testcase1" time="0.000"/>
  <system-out/>
  <testcase classname="seleniumpoperties.AlwaysRunExample" name="testcase1" time="0.001"/>
  <system-out/>
  <testcase classname="seleniumpoperties.AlwaysRunExample" name="testcase1" time="0.000"/>
  <system-out/>
  <testcase classname="seleniumpoperties.AlwaysRunExample" name="testcase1" time="0.000"/>
  <system-out/>
  <testcase classname="seleniumpoperties.AlwaysRunExample" name="testcase1" time="0.000"/>
  <system-out/>
  <testcase classname="seleniumpoperties.AlwaysRunExample" name="testcase1" time="0.000"/>
  <system-out/>
  <testcase classname="seleniumpoperties.AlwaysRunExample" name="testcase1" time="0.000"/>
  <system-out/>
  <testcase classname="seleniumpoperties.AlwaysRunExample" name="testcase1" time="0.001"/>
  <system-out/>
  <testcase classname="seleniumpoperties.AlwaysRunExample" name="testcase1" time="0.001"/>
  <system-out/>
  <testcase classname="seleniumpoperties.AlwaysRunExample" name="testcase1" time="0.000"/>
  <system-out/>
  <testcase classname="seleniumpoperties.AlwaysRunExample" name="testcase1" time="0.000"/>
  <system-out/>
  <testcase classname="seleniumpoperties.AlwaysRunExample" name="testcase1" time="0.000"/>
  <system-out/>
  <testcase classname="seleniumpoperties.AlwaysRunExample" name="testcase1" time="0.001"/>
  <system-out/>
  <testcase classname="seleniumpoperties.AlwaysRunExample" name="testcase1" time="0.000"/>
  <system-out/>
  <testcase classname="seleniumpoperties.AlwaysRunExample" name="testcase1" time="0.000"/>
  <system-out/>
  <testcase classname="seleniumpoperties.AlwaysRunExample" name="testcase1" time="0.000"/>
  <system-out/>
  <testcase classname="seleniumpoperties.AlwaysRunExample" name="testcase1" time="0.000"/>
  <system-out/>
  <testcase classname="seleniumpoperties.AlwaysRunExample" name="testcase1" time="0.001"/>
  <system-out/>
  <testcase classname="seleniumpoperties.AlwaysRunExample" name="testcase1" time="0.000"/>
  <system-out/>
  <testcase classname="seleniumpoperties.AlwaysRunExample" name="testcase1" time="0.000"/>
  <system-out/>
  <testcase classname="seleniumpoperties.AlwaysRunExample" name="testcase1" time="0.000"/>
  <system-out/>
  <testcase classname="seleniumpoperties.AlwaysRunExample" name="testcase1" time="0.001"/>
  <system-out/>
  <testcase classname="seleniumpoperties.AlwaysRunExample" name="testcase1" time="0.000"/>
  <system-out/>
  <testcase classname="seleniumpoperties.AlwaysRunExample" name="testcase1" time="0.000"/>
  <system-out/>
  <testcase classname="seleniumpoperties.AlwaysRunExample" name="testcase1" time="0.000"/>
  <system-out/>
  <testcase classname="seleniumpoperties.AlwaysRunExample" name="testcase1" time="0.000"/>
  <system-out/>
  <testcase classname="seleniumpoperties.AlwaysRunExample" name="testcase1" time="0.000"/>
  <system-out/>
  <testcase classname="seleniumpoperties.AlwaysRunExample" name="testcase1" time="0.001"/>
  <system-out/>
  <testcase classname="seleniumpoperties.AlwaysRunExample" name="testcase1" time="0.000"/>
  <system-out/>
  <testcase classname="seleniumpoperties.AlwaysRunExample" name="testcase1" time="0.000"/>
  <system-out/>
  <testcase classname="seleniumpoperties.AlwaysRunExample" name="testcase1" time="0.000"/>
  <system-out/>
  <testcase classname="seleniumpoperties.AlwaysRunExample" name="testcase1" time="0.000"/>
  <system-out/>
  <testcase classname="seleniumpoperties.AlwaysRunExample" name="testcase1" time="0.000"/>
  <system-out/>
  <testcase classname="seleniumpoperties.AlwaysRunExample" name="testcase1" time="0.000"/>
  <system-out/>
  <testcase classname="seleniumpoperties.AlwaysRunExample" name="testcase1" time="0.000"/>
  <system-out/>
  <testcase classname="seleniumpoperties.AlwaysRunExample" name="testcase1" time="0.000"/>
  <system-out/>
  <testcase classname="seleniumpoperties.AlwaysRunExample" name="testcase1" time="0.000"/>
  <system-out/>
  <testcase classname="seleniumpoperties.AlwaysRunExample" name="testcase1" time="0.000"/>
  <system-out/>
  <testcase classname="seleniumpoperties.AlwaysRunExample" name="testcase1" time="0.000"/>
  <system-out/>
  <testcase classname="seleniumpoperties.AlwaysRunExample" name="testcase1" time="0.000"/>
  <system-out/>
  <testcase classname="seleniumpoperties.AlwaysRunExample" name="testcase1" time="0.003"/>
  <system-out/>
  <testcase classname="seleniumpoperties.AlwaysRunExample" name="testcase1" time="0.001"/>
  <system-out/>
  <testcase classname="seleniumpoperties.AlwaysRunExample" name="testcase1" time="0.000"/>
  <system-out/>
  <testcase classname="seleniumpoperties.AlwaysRunExample" name="testcase1" time="0.000"/>
  <system-out/>
  <testcase classname="seleniumpoperties.AlwaysRunExample" name="testcase1" time="0.000"/>
  <system-out/>
  <testcase classname="seleniumpoperties.AlwaysRunExample" name="testcase1" time="0.000"/>
  <system-out/>
  <testcase classname="seleniumpoperties.AlwaysRunExample" name="testcase1" time="0.000"/>
  <system-out/>
  <testcase classname="seleniumpoperties.AlwaysRunExample" name="testcase1" time="0.001"/>
  <system-out/>
  <testcase classname="seleniumpoperties.AlwaysRunExample" name="testcase1" time="0.000"/>
  <system-out/>
  <testcase classname="seleniumpoperties.AlwaysRunExample" name="testcase1" time="0.000"/>
  <system-out/>
  <testcase classname="seleniumpoperties.AlwaysRunExample" name="testcase1" time="0.000"/>
  <system-out/>
  <testcase classname="seleniumpoperties.AlwaysRunExample" name="testcase1" time="0.000"/>
  <system-out/>
  <testcase classname="seleniumpoperties.AlwaysRunExample" name="testcase1" time="0.000"/>
  <system-out/>
  <testcase classname="seleniumpoperties.AlwaysRunExample" name="testcase1" time="0.000"/>
  <system-out/>
  <testcase classname="seleniumpoperties.AlwaysRunExample" name="testcase1" time="0.000"/>
  <system-out/>
  <testcase classname="seleniumpoperties.AlwaysRunExample" name="testcase1" time="0.000"/>
  <system-out/>
  <testcase classname="seleniumpoperties.AlwaysRunExample" name="testcase1" time="0.000"/>
  <system-out/>
  <testcase classname="seleniumpoperties.AlwaysRunExample" name="testcase1" time="0.000"/>
  <system-out/>
  <testcase classname="seleniumpoperties.AlwaysRunExample" name="testcase1" time="0.001"/>
  <system-out/>
  <testcase classname="seleniumpoperties.AlwaysRunExample" name="testcase1" time="0.000"/>
  <system-out/>
  <testcase classname="seleniumpoperties.AlwaysRunExample" name="testcase1" time="0.000"/>
  <system-out/>
  <testcase classname="seleniumpoperties.AlwaysRunExample" name="testcase1" time="0.001"/>
  <system-out/>
  <testcase classname="seleniumpoperties.AlwaysRunExample" name="testcase1" time="0.000"/>
  <system-out/>
  <testcase classname="seleniumpoperties.AlwaysRunExample" name="testcase1" time="0.000"/>
  <system-out/>
  <testcase classname="seleniumpoperties.AlwaysRunExample" name="testcase1" time="0.000"/>
  <system-out/>
  <testcase classname="seleniumpoperties.AlwaysRunExample" name="testcase1" time="0.000"/>
  <system-out/>
  <testcase classname="seleniumpoperties.AlwaysRunExample" name="testcase1" time="0.000"/>
  <system-out/>
  <testcase classname="seleniumpoperties.AlwaysRunExample" name="testcase1" time="0.000"/>
  <system-out/>
  <testcase classname="seleniumpoperties.AlwaysRunExample" name="testcase1" time="0.000"/>
  <system-out/>
  <testcase classname="seleniumpoperties.AlwaysRunExample" name="testcase1" time="0.000"/>
  <system-out/>
  <testcase classname="seleniumpoperties.AlwaysRunExample" name="testcase1" time="0.000"/>
  <system-out/>
  <testcase classname="seleniumpoperties.AlwaysRunExample" name="testcase1" time="0.000"/>
  <system-out/>
  <testcase classname="seleniumpoperties.AlwaysRunExample" name="testcase1" time="0.000"/>
  <system-out/>
  <testcase classname="seleniumpoperties.AlwaysRunExample" name="testcase1" time="0.000"/>
  <system-out/>
  <testcase classname="seleniumpoperties.AlwaysRunExample" name="testcase1" time="0.004"/>
  <system-out/>
  <testcase classname="seleniumpoperties.AlwaysRunExample" name="testcase1" time="0.000"/>
  <system-out/>
  <testcase classname="seleniumpoperties.AlwaysRunExample" name="testcase1" time="0.000"/>
  <system-out/>
  <testcase classname="seleniumpoperties.AlwaysRunExample" name="testcase1" time="0.000"/>
  <system-out/>
  <testcase classname="seleniumpoperties.AlwaysRunExample" name="testcase1" time="0.000"/>
  <system-out/>
  <testcase classname="seleniumpoperties.AlwaysRunExample" name="testcase1" time="0.001"/>
  <system-out/>
  <testcase classname="seleniumpoperties.AlwaysRunExample" name="testcase1" time="0.000"/>
  <system-out/>
  <testcase classname="seleniumpoperties.AlwaysRunExample" name="testcase1" time="0.000"/>
  <system-out/>
  <testcase classname="seleniumpoperties.AlwaysRunExample" name="testcase1" time="0.000"/>
  <system-out/>
  <testcase classname="seleniumpoperties.AlwaysRunExample" name="testcase1" time="0.001"/>
  <system-out/>
  <testcase classname="seleniumpoperties.AlwaysRunExample" name="testcase1" time="0.000"/>
  <system-out/>
  <testcase classname="seleniumpoperties.AlwaysRunExample" name="testcase1" time="0.000"/>
  <system-out/>
  <testcase classname="seleniumpoperties.AlwaysRunExample" name="testcase1" time="0.000"/>
  <system-out/>
  <testcase classname="seleniumpoperties.AlwaysRunExample" name="testcase1" time="0.000"/>
  <system-out/>
  <testcase classname="seleniumpoperties.AlwaysRunExample" name="testcase1" time="0.000"/>
  <system-out/>
  <testcase classname="seleniumpoperties.AlwaysRunExample" name="testcase1" time="0.000"/>
  <system-out/>
  <testcase classname="seleniumpoperties.AlwaysRunExample" name="testcase1" time="0.000"/>
  <system-out/>
  <testcase classname="seleniumpoperties.AlwaysRunExample" name="testcase1" time="0.000"/>
  <system-out/>
  <testcase classname="seleniumpoperties.AlwaysRunExample" name="testcase1" time="0.001"/>
  <system-out/>
  <testcase classname="seleniumpoperties.AlwaysRunExample" name="testcase1" time="0.001"/>
  <system-out/>
  <testcase classname="seleniumpoperties.AlwaysRunExample" name="testcase1" time="0.000"/>
  <system-out/>
  <testcase classname="seleniumpoperties.AlwaysRunExample" name="testcase1" time="0.000"/>
  <system-out/>
  <testcase classname="seleniumpoperties.AlwaysRunExample" name="testcase1" time="0.000"/>
  <system-out/>
  <testcase classname="seleniumpoperties.AlwaysRunExample" name="testcase1" time="0.001"/>
  <system-out/>
  <testcase classname="seleniumpoperties.AlwaysRunExample" name="testcase1" time="0.001"/>
  <system-out/>
  <testcase classname="seleniumpoperties.AlwaysRunExample" name="testcase1" time="0.000"/>
  <system-out/>
  <testcase classname="seleniumpoperties.AlwaysRunExample" name="testcase1" time="0.000"/>
  <system-out/>
  <testcase classname="seleniumpoperties.AlwaysRunExample" name="testcase1" time="0.000"/>
  <system-out/>
  <testcase classname="seleniumpoperties.AlwaysRunExample" name="testcase1" time="0.000"/>
  <system-out/>
  <testcase classname="seleniumpoperties.AlwaysRunExample" name="testcase1" time="0.000"/>
  <system-out/>
  <testcase classname="seleniumpoperties.AlwaysRunExample" name="testcase1" time="0.000"/>
  <system-out/>
  <testcase classname="seleniumpoperties.AlwaysRunExample" name="testcase1" time="0.000"/>
  <system-out/>
  <testcase classname="seleniumpoperties.AlwaysRunExample" name="testcase1" time="0.000"/>
  <system-out/>
  <testcase classname="seleniumpoperties.AlwaysRunExample" name="testcase1" time="0.000"/>
  <system-out/>
  <testcase classname="seleniumpoperties.AlwaysRunExample" name="testcase1" time="0.000"/>
  <system-out/>
  <testcase classname="seleniumpoperties.AlwaysRunExample" name="testcase1" time="0.001"/>
  <system-out/>
  <testcase classname="seleniumpoperties.AlwaysRunExample" name="testcase1" time="0.000"/>
  <system-out/>
  <testcase classname="seleniumpoperties.AlwaysRunExample" name="testcase1" time="0.000"/>
  <system-out/>
  <testcase classname="seleniumpoperties.AlwaysRunExample" name="testcase1" time="0.000"/>
  <system-out/>
  <testcase classname="seleniumpoperties.AlwaysRunExample" name="testcase1" time="0.000"/>
  <system-out/>
  <testcase classname="seleniumpoperties.AlwaysRunExample" name="testcase1" time="0.000"/>
  <system-out/>
  <testcase classname="seleniumpoperties.AlwaysRunExample" name="testcase1" time="0.000"/>
  <system-out/>
  <testcase classname="seleniumpoperties.AlwaysRunExample" name="testcase1" time="0.000"/>
  <system-out/>
  <testcase classname="seleniumpoperties.AlwaysRunExample" name="testcase1" time="0.000"/>
  <system-out/>
  <testcase classname="seleniumpoperties.AlwaysRunExample" name="testcase1" time="0.000"/>
  <system-out/>
  <testcase classname="seleniumpoperties.AlwaysRunExample" name="testcase1" time="0.001"/>
  <system-out/>
  <testcase classname="seleniumpoperties.AlwaysRunExample" name="testcase1" time="0.000"/>
  <system-out/>
  <testcase classname="seleniumpoperties.AlwaysRunExample" name="testcase1" time="0.000"/>
  <system-out/>
  <testcase classname="seleniumpoperties.AlwaysRunExample" name="testcase1" time="0.000"/>
  <system-out/>
  <testcase classname="seleniumpoperties.AlwaysRunExample" name="testcase1" time="0.000"/>
  <system-out/>
  <testcase classname="seleniumpoperties.AlwaysRunExample" name="testcase1" time="0.001"/>
  <system-out/>
  <testcase classname="seleniumpoperties.AlwaysRunExample" name="testcase1" time="0.000"/>
  <system-out/>
  <testcase classname="seleniumpoperties.AlwaysRunExample" name="testcase1" time="0.000"/>
  <system-out/>
  <testcase classname="seleniumpoperties.AlwaysRunExample" name="testcase1" time="0.000"/>
  <system-out/>
  <testcase classname="seleniumpoperties.AlwaysRunExample" name="testcase1" time="0.000"/>
  <system-out/>
  <testcase classname="seleniumpoperties.AlwaysRunExample" name="testcase1" time="0.000"/>
  <system-out/>
  <testcase classname="seleniumpoperties.AlwaysRunExample" name="testcase1" time="0.000"/>
  <system-out/>
  <testcase classname="seleniumpoperties.AlwaysRunExample" name="testcase1" time="0.000"/>
  <system-out/>
  <testcase classname="seleniumpoperties.AlwaysRunExample" name="testcase1" time="0.000"/>
  <system-out/>
  <testcase classname="seleniumpoperties.AlwaysRunExample" name="testcase1" time="0.000"/>
  <system-out/>
  <testcase classname="seleniumpoperties.AlwaysRunExample" name="testcase1" time="0.000"/>
  <system-out/>
  <testcase classname="seleniumpoperties.AlwaysRunExample" name="testcase1" time="0.000"/>
  <system-out/>
  <testcase classname="seleniumpoperties.AlwaysRunExample" name="testcase1" time="0.001"/>
  <system-out/>
  <testcase classname="seleniumpoperties.AlwaysRunExample" name="testcase1" time="0.000"/>
  <system-out/>
  <testcase classname="seleniumpoperties.AlwaysRunExample" name="testcase1" time="0.000"/>
  <system-out/>
  <testcase classname="seleniumpoperties.AlwaysRunExample" name="testcase1" time="0.001"/>
  <system-out/>
  <testcase classname="seleniumpoperties.AlwaysRunExample" name="testcase1" time="0.000"/>
  <system-out/>
  <testcase classname="seleniumpoperties.AlwaysRunExample" name="testcase1" time="0.001"/>
  <system-out/>
  <testcase classname="seleniumpoperties.AlwaysRunExample" name="testcase1" time="0.000"/>
  <system-out/>
  <testcase classname="seleniumpoperties.AlwaysRunExample" name="testcase1" time="0.000"/>
  <system-out/>
  <testcase classname="seleniumpoperties.AlwaysRunExample" name="testcase1" time="0.000"/>
  <system-out/>
  <testcase classname="seleniumpoperties.AlwaysRunExample" name="testcase1" time="0.000"/>
  <system-out/>
  <testcase classname="seleniumpoperties.AlwaysRunExample" name="testcase1" time="0.000"/>
  <system-out/>
  <testcase classname="seleniumpoperties.AlwaysRunExample" name="testcase1" time="0.000"/>
  <system-out/>
  <testcase classname="seleniumpoperties.AlwaysRunExample" name="testcase1" time="0.000"/>
  <system-out/>
  <testcase classname="seleniumpoperties.AlwaysRunExample" name="testcase1" time="0.000"/>
  <system-out/>
  <testcase classname="seleniumpoperties.AlwaysRunExample" name="testcase1" time="0.000"/>
  <system-out/>
  <testcase classname="seleniumpoperties.AlwaysRunExample" name="testcase1" time="0.000"/>
  <system-out/>
  <testcase classname="seleniumpoperties.AlwaysRunExample" name="testcase1" time="0.000"/>
  <system-out/>
  <testcase classname="seleniumpoperties.AlwaysRunExample" name="testcase1" time="0.000"/>
  <system-out/>
  <testcase classname="seleniumpoperties.AlwaysRunExample" name="testcase1" time="0.000"/>
  <system-out/>
  <testcase classname="seleniumpoperties.AlwaysRunExample" name="testcase1" time="0.000"/>
  <system-out/>
  <testcase classname="seleniumpoperties.AlwaysRunExample" name="testcase1" time="0.000"/>
  <system-out/>
  <testcase classname="seleniumpoperties.AlwaysRunExample" name="testcase1" time="0.000"/>
  <system-out/>
  <testcase classname="seleniumpoperties.AlwaysRunExample" name="testcase1" time="0.000"/>
  <system-out/>
  <testcase classname="seleniumpoperties.AlwaysRunExample" name="testcase1" time="0.000"/>
  <system-out/>
  <testcase classname="seleniumpoperties.AlwaysRunExample" name="testcase1" time="0.000"/>
  <system-out/>
  <testcase classname="seleniumpoperties.AlwaysRunExample" name="testcase1" time="0.000"/>
  <system-out/>
  <testcase classname="seleniumpoperties.AlwaysRunExample" name="testcase1" time="0.001"/>
  <system-out/>
  <testcase classname="seleniumpoperties.AlwaysRunExample" name="testcase1" time="0.001"/>
  <system-out/>
  <testcase classname="seleniumpoperties.AlwaysRunExample" name="testcase1" time="0.001"/>
  <system-out/>
  <testcase classname="seleniumpoperties.AlwaysRunExample" name="testcase1" time="0.000"/>
  <system-out/>
  <testcase classname="seleniumpoperties.AlwaysRunExample" name="testcase1" time="0.000"/>
  <system-out/>
  <testcase classname="seleniumpoperties.AlwaysRunExample" name="testcase1" time="0.000"/>
  <system-out/>
  <testcase classname="seleniumpoperties.AlwaysRunExample" name="testcase1" time="0.000"/>
  <system-out/>
  <testcase classname="seleniumpoperties.AlwaysRunExample" name="testcase1" time="0.000"/>
  <system-out/>
  <testcase classname="seleniumpoperties.AlwaysRunExample" name="testcase1" time="0.000"/>
  <system-out/>
  <testcase classname="seleniumpoperties.AlwaysRunExample" name="testcase1" time="0.000"/>
  <system-out/>
  <testcase classname="seleniumpoperties.AlwaysRunExample" name="testcase1" time="0.001"/>
  <system-out/>
  <testcase classname="seleniumpoperties.AlwaysRunExample" name="testcase1" time="0.000"/>
  <system-out/>
  <testcase classname="seleniumpoperties.AlwaysRunExample" name="testcase1" time="0.001"/>
  <system-out/>
  <testcase classname="seleniumpoperties.AlwaysRunExample" name="testcase1" time="0.000"/>
  <system-out/>
  <testcase classname="seleniumpoperties.AlwaysRunExample" name="testcase1" time="0.002"/>
  <system-out/>
  <testcase classname="seleniumpoperties.AlwaysRunExample" name="testcase1" time="0.001"/>
  <system-out/>
  <testcase classname="seleniumpoperties.AlwaysRunExample" name="testcase1" time="0.000"/>
  <system-out/>
  <testcase classname="seleniumpoperties.AlwaysRunExample" name="testcase1" time="0.000"/>
  <system-out/>
  <testcase classname="seleniumpoperties.AlwaysRunExample" name="testcase1" time="0.000"/>
  <system-out/>
  <testcase classname="seleniumpoperties.AlwaysRunExample" name="testcase1" time="0.000"/>
  <system-out/>
  <testcase classname="seleniumpoperties.AlwaysRunExample" name="testcase1" time="0.000"/>
  <system-out/>
  <testcase classname="seleniumpoperties.AlwaysRunExample" name="testcase1" time="0.000"/>
  <system-out/>
  <testcase classname="seleniumpoperties.AlwaysRunExample" name="testcase1" time="0.000"/>
  <system-out/>
  <testcase classname="seleniumpoperties.AlwaysRunExample" name="testcase1" time="0.001"/>
  <system-out/>
  <testcase classname="seleniumpoperties.AlwaysRunExample" name="testcase1" time="0.000"/>
  <system-out/>
  <testcase classname="seleniumpoperties.AlwaysRunExample" name="testcase1" time="0.000"/>
  <system-out/>
  <testcase classname="seleniumpoperties.AlwaysRunExample" name="testcase1" time="0.000"/>
  <system-out/>
  <testcase classname="seleniumpoperties.AlwaysRunExample" name="testcase1" time="0.001"/>
  <system-out/>
  <testcase classname="seleniumpoperties.AlwaysRunExample" name="testcase1" time="0.000"/>
  <system-out/>
  <testcase classname="seleniumpoperties.AlwaysRunExample" name="testcase1" time="0.000"/>
  <system-out/>
  <testcase classname="seleniumpoperties.AlwaysRunExample" name="testcase1" time="0.000"/>
  <system-out/>
  <testcase classname="seleniumpoperties.AlwaysRunExample" name="testcase1" time="0.000"/>
  <system-out/>
  <testcase classname="seleniumpoperties.AlwaysRunExample" name="testcase1" time="0.000"/>
  <system-out/>
  <testcase classname="seleniumpoperties.AlwaysRunExample" name="testcase1" time="0.000"/>
  <system-out/>
  <testcase classname="seleniumpoperties.AlwaysRunExample" name="testcase1" time="0.000"/>
  <system-out/>
  <testcase classname="seleniumpoperties.AlwaysRunExample" name="testcase1" time="0.000"/>
  <system-out/>
  <testcase classname="seleniumpoperties.AlwaysRunExample" name="testcase1" time="0.001"/>
  <system-out/>
  <testcase classname="seleniumpoperties.AlwaysRunExample" name="testcase1" time="0.000"/>
  <system-out/>
  <testcase classname="seleniumpoperties.AlwaysRunExample" name="testcase1" time="0.000"/>
  <system-out/>
  <testcase classname="seleniumpoperties.AlwaysRunExample" name="testcase1" time="0.000"/>
  <system-out/>
  <testcase classname="seleniumpoperties.AlwaysRunExample" name="testcase1" time="0.000"/>
  <system-out/>
  <testcase classname="seleniumpoperties.AlwaysRunExample" name="testcase1" time="0.000"/>
  <system-out/>
  <testcase classname="seleniumpoperties.AlwaysRunExample" name="testcase1" time="0.000"/>
  <system-out/>
  <testcase classname="seleniumpoperties.AlwaysRunExample" name="testcase1" time="0.000"/>
  <system-out/>
  <testcase classname="seleniumpoperties.AlwaysRunExample" name="testcase1" time="0.000"/>
  <system-out/>
  <testcase classname="seleniumpoperties.AlwaysRunExample" name="testcase1" time="0.000"/>
  <system-out/>
  <testcase classname="seleniumpoperties.AlwaysRunExample" name="testcase1" time="0.000"/>
  <system-out/>
  <testcase classname="seleniumpoperties.AlwaysRunExample" name="testcase1" time="0.000"/>
  <system-out/>
  <testcase classname="seleniumpoperties.AlwaysRunExample" name="testcase1" time="0.000"/>
  <system-out/>
  <testcase classname="seleniumpoperties.AlwaysRunExample" name="testcase1" time="0.001"/>
  <system-out/>
  <testcase classname="seleniumpoperties.AlwaysRunExample" name="testcase1" time="0.000"/>
  <system-out/>
  <testcase classname="seleniumpoperties.AlwaysRunExample" name="testcase1" time="0.000"/>
  <system-out/>
  <testcase classname="seleniumpoperties.AlwaysRunExample" name="testcase1" time="0.001"/>
  <system-out/>
  <testcase classname="seleniumpoperties.AlwaysRunExample" name="testcase1" time="0.000"/>
  <system-out/>
  <testcase classname="seleniumpoperties.AlwaysRunExample" name="testcase1" time="0.000"/>
  <system-out/>
  <testcase classname="seleniumpoperties.AlwaysRunExample" name="testcase1" time="0.001"/>
  <system-out/>
  <testcase classname="seleniumpoperties.AlwaysRunExample" name="testcase1" time="0.000"/>
  <system-out/>
  <testcase classname="seleniumpoperties.AlwaysRunExample" name="testcase1" time="0.000"/>
  <system-out/>
  <testcase classname="seleniumpoperties.AlwaysRunExample" name="testcase1" time="0.000"/>
  <system-out/>
  <testcase classname="seleniumpoperties.AlwaysRunExample" name="testcase1" time="0.000"/>
  <system-out/>
  <testcase classname="seleniumpoperties.AlwaysRunExample" name="testcase1" time="0.000"/>
  <system-out/>
  <testcase classname="seleniumpoperties.AlwaysRunExample" name="testcase1" time="0.000"/>
  <system-out/>
  <testcase classname="seleniumpoperties.AlwaysRunExample" name="testcase1" time="0.000"/>
  <system-out/>
  <testcase classname="seleniumpoperties.AlwaysRunExample" name="testcase1" time="0.000"/>
  <system-out/>
  <testcase classname="seleniumpoperties.AlwaysRunExample" name="testcase1" time="0.001"/>
  <system-out/>
  <testcase classname="seleniumpoperties.AlwaysRunExample" name="testcase1" time="0.001"/>
  <system-out/>
  <testcase classname="seleniumpoperties.AlwaysRunExample" name="testcase1" time="0.000"/>
  <system-out/>
  <testcase classname="seleniumpoperties.AlwaysRunExample" name="testcase1" time="0.000"/>
  <system-out/>
  <testcase classname="seleniumpoperties.AlwaysRunExample" name="testcase1" time="0.000"/>
  <system-out/>
  <testcase classname="seleniumpoperties.AlwaysRunExample" name="testcase1" time="0.000"/>
  <system-out/>
  <testcase classname="seleniumpoperties.AlwaysRunExample" name="testcase1" time="0.000"/>
  <system-out/>
  <testcase classname="seleniumpoperties.AlwaysRunExample" name="testcase1" time="0.000"/>
  <system-out/>
  <testcase classname="seleniumpoperties.AlwaysRunExample" name="testcase1" time="0.000"/>
  <system-out/>
  <testcase classname="seleniumpoperties.AlwaysRunExample" name="testcase1" time="0.000"/>
  <system-out/>
  <testcase classname="seleniumpoperties.AlwaysRunExample" name="testcase1" time="0.000"/>
  <system-out/>
  <testcase classname="seleniumpoperties.AlwaysRunExample" name="testcase1" time="0.000"/>
  <system-out/>
  <testcase classname="seleniumpoperties.AlwaysRunExample" name="testcase1" time="0.000"/>
  <system-out/>
  <testcase classname="seleniumpoperties.AlwaysRunExample" name="testcase1" time="0.000"/>
  <system-out/>
  <testcase classname="seleniumpoperties.AlwaysRunExample" name="testcase1" time="0.000"/>
  <system-out/>
  <testcase classname="seleniumpoperties.AlwaysRunExample" name="testcase1" time="0.000"/>
  <system-out/>
  <testcase classname="seleniumpoperties.AlwaysRunExample" name="testcase1" time="0.000"/>
  <system-out/>
  <testcase classname="seleniumpoperties.AlwaysRunExample" name="testcase1" time="0.000"/>
  <system-out/>
  <testcase classname="seleniumpoperties.AlwaysRunExample" name="testcase1" time="0.000"/>
  <system-out/>
  <testcase classname="seleniumpoperties.AlwaysRunExample" name="testcase1" time="0.001"/>
  <system-out/>
  <testcase classname="seleniumpoperties.AlwaysRunExample" name="testcase1" time="0.000"/>
  <system-out/>
  <testcase classname="seleniumpoperties.AlwaysRunExample" name="testcase1" time="0.001"/>
  <system-out/>
  <testcase classname="seleniumpoperties.AlwaysRunExample" name="testcase1" time="0.000"/>
  <system-out/>
  <testcase classname="seleniumpoperties.AlwaysRunExample" name="testcase1" time="0.000"/>
  <system-out/>
  <testcase classname="seleniumpoperties.AlwaysRunExample" name="testcase1" time="0.000"/>
  <system-out/>
  <testcase classname="seleniumpoperties.AlwaysRunExample" name="testcase1" time="0.000"/>
  <system-out/>
  <testcase classname="seleniumpoperties.AlwaysRunExample" name="testcase1" time="0.000"/>
  <system-out/>
  <testcase classname="seleniumpoperties.AlwaysRunExample" name="testcase1" time="0.000"/>
  <system-out/>
  <testcase classname="seleniumpoperties.AlwaysRunExample" name="testcase1" time="0.001"/>
  <system-out/>
  <testcase classname="seleniumpoperties.AlwaysRunExample" name="testcase1" time="0.000"/>
  <system-out/>
  <testcase classname="seleniumpoperties.AlwaysRunExample" name="testcase1" time="0.001"/>
  <system-out/>
  <testcase classname="seleniumpoperties.AlwaysRunExample" name="testcase1" time="0.000"/>
  <system-out/>
  <testcase classname="seleniumpoperties.AlwaysRunExample" name="testcase1" time="0.000"/>
  <system-out/>
  <testcase classname="seleniumpoperties.AlwaysRunExample" name="testcase1" time="0.000"/>
  <system-out/>
  <testcase classname="seleniumpoperties.AlwaysRunExample" name="testcase1" time="0.002"/>
  <system-out/>
  <testcase classname="seleniumpoperties.AlwaysRunExample" name="testcase1" time="0.000"/>
  <system-out/>
  <testcase classname="seleniumpoperties.AlwaysRunExample" name="testcase1" time="0.000"/>
  <system-out/>
  <testcase classname="seleniumpoperties.AlwaysRunExample" name="testcase1" time="0.000"/>
  <system-out/>
  <testcase classname="seleniumpoperties.AlwaysRunExample" name="testcase1" time="0.000"/>
  <system-out/>
  <testcase classname="seleniumpoperties.AlwaysRunExample" name="testcase1" time="0.000"/>
  <system-out/>
  <testcase classname="seleniumpoperties.AlwaysRunExample" name="testcase1" time="0.000"/>
  <system-out/>
  <testcase classname="seleniumpoperties.AlwaysRunExample" name="testcase1" time="0.000"/>
  <system-out/>
  <testcase classname="seleniumpoperties.AlwaysRunExample" name="testcase1" time="0.000"/>
  <system-out/>
  <testcase classname="seleniumpoperties.AlwaysRunExample" name="testcase1" time="0.001"/>
  <system-out/>
  <testcase classname="seleniumpoperties.AlwaysRunExample" name="testcase1" time="0.000"/>
  <system-out/>
  <testcase classname="seleniumpoperties.AlwaysRunExample" name="testcase1" time="0.000"/>
  <system-out/>
  <testcase classname="seleniumpoperties.AlwaysRunExample" name="testcase1" time="0.000"/>
  <system-out/>
  <testcase classname="seleniumpoperties.AlwaysRunExample" name="testcase1" time="0.001"/>
  <system-out/>
  <testcase classname="seleniumpoperties.AlwaysRunExample" name="testcase1" time="0.001"/>
  <system-out/>
  <testcase classname="seleniumpoperties.AlwaysRunExample" name="testcase1" time="0.000"/>
  <system-out/>
  <testcase classname="seleniumpoperties.AlwaysRunExample" name="testcase1" time="0.001"/>
  <system-out/>
  <testcase classname="seleniumpoperties.AlwaysRunExample" name="testcase1" time="0.000"/>
  <system-out/>
  <testcase classname="seleniumpoperties.AlwaysRunExample" name="testcase1" time="0.001"/>
  <system-out/>
  <testcase classname="seleniumpoperties.AlwaysRunExample" name="testcase1" time="0.001"/>
  <system-out/>
  <testcase classname="seleniumpoperties.AlwaysRunExample" name="testcase1" time="0.000"/>
  <system-out/>
  <testcase classname="seleniumpoperties.AlwaysRunExample" name="testcase1" time="0.001"/>
  <system-out/>
  <testcase classname="seleniumpoperties.AlwaysRunExample" name="testcase1" time="0.000"/>
  <system-out/>
  <testcase classname="seleniumpoperties.AlwaysRunExample" name="testcase1" time="0.000"/>
  <system-out/>
  <testcase classname="seleniumpoperties.AlwaysRunExample" name="testcase1" time="0.000"/>
  <system-out/>
  <testcase classname="seleniumpoperties.AlwaysRunExample" name="testcase1" time="0.000"/>
  <system-out/>
  <testcase classname="seleniumpoperties.AlwaysRunExample" name="testcase1" time="0.000"/>
  <system-out/>
  <testcase classname="seleniumpoperties.AlwaysRunExample" name="testcase1" time="0.002"/>
  <system-out/>
  <testcase classname="seleniumpoperties.AlwaysRunExample" name="testcase1" time="0.000"/>
  <system-out/>
  <testcase classname="seleniumpoperties.AlwaysRunExample" name="testcase1" time="0.000"/>
  <system-out/>
  <testcase classname="seleniumpoperties.AlwaysRunExample" name="testcase1" time="0.000"/>
  <system-out/>
  <testcase classname="seleniumpoperties.AlwaysRunExample" name="testcase1" time="0.001"/>
  <system-out/>
  <testcase classname="seleniumpoperties.AlwaysRunExample" name="testcase1" time="0.000"/>
  <system-out/>
  <testcase classname="seleniumpoperties.AlwaysRunExample" name="testcase1" time="0.000"/>
  <system-out/>
  <testcase classname="seleniumpoperties.AlwaysRunExample" name="testcase1" time="0.001"/>
  <system-out/>
  <testcase classname="seleniumpoperties.AlwaysRunExample" name="testcase1" time="0.000"/>
  <system-out/>
  <testcase classname="seleniumpoperties.AlwaysRunExample" name="testcase1" time="0.001"/>
  <system-out/>
  <testcase classname="seleniumpoperties.AlwaysRunExample" name="testcase1" time="0.000"/>
  <system-out/>
  <testcase classname="seleniumpoperties.AlwaysRunExample" name="testcase1" time="0.000"/>
  <system-out/>
  <testcase classname="seleniumpoperties.AlwaysRunExample" name="testcase1" time="0.000"/>
  <system-out/>
  <testcase classname="seleniumpoperties.AlwaysRunExample" name="testcase1" time="0.001"/>
  <system-out/>
  <testcase classname="seleniumpoperties.AlwaysRunExample" name="testcase1" time="0.000"/>
  <system-out/>
  <testcase classname="seleniumpoperties.AlwaysRunExample" name="testcase1" time="0.000"/>
  <system-out/>
  <testcase classname="seleniumpoperties.AlwaysRunExample" name="testcase1" time="0.000"/>
  <system-out/>
  <testcase classname="seleniumpoperties.AlwaysRunExample" name="testcase1" time="0.000"/>
  <system-out/>
  <testcase classname="seleniumpoperties.AlwaysRunExample" name="testcase1" time="0.000"/>
  <system-out/>
  <testcase classname="seleniumpoperties.AlwaysRunExample" name="testcase1" time="0.000"/>
  <system-out/>
  <testcase classname="seleniumpoperties.AlwaysRunExample" name="testcase1" time="0.000"/>
  <system-out/>
  <testcase classname="seleniumpoperties.AlwaysRunExample" name="testcase1" time="0.000"/>
  <system-out/>
  <testcase classname="seleniumpoperties.AlwaysRunExample" name="testcase1" time="0.000"/>
  <system-out/>
  <testcase classname="seleniumpoperties.AlwaysRunExample" name="testcase1" time="0.000"/>
  <system-out/>
  <testcase classname="seleniumpoperties.AlwaysRunExample" name="testcase1" time="0.000"/>
  <system-out/>
  <testcase classname="seleniumpoperties.AlwaysRunExample" name="testcase1" time="0.000"/>
  <system-out/>
  <testcase classname="seleniumpoperties.AlwaysRunExample" name="testcase1" time="0.000"/>
  <system-out/>
  <testcase classname="seleniumpoperties.AlwaysRunExample" name="testcase1" time="0.000"/>
  <system-out/>
  <testcase classname="seleniumpoperties.AlwaysRunExample" name="testcase1" time="0.001"/>
  <system-out/>
  <testcase classname="seleniumpoperties.AlwaysRunExample" name="testcase1" time="0.000"/>
  <system-out/>
  <testcase classname="seleniumpoperties.AlwaysRunExample" name="testcase1" time="0.000"/>
  <system-out/>
  <testcase classname="seleniumpoperties.AlwaysRunExample" name="testcase1" time="0.000"/>
  <system-out/>
  <testcase classname="seleniumpoperties.AlwaysRunExample" name="testcase1" time="0.001"/>
  <system-out/>
  <testcase classname="seleniumpoperties.AlwaysRunExample" name="testcase1" time="0.000"/>
  <system-out/>
  <testcase classname="seleniumpoperties.AlwaysRunExample" name="testcase1" time="0.000"/>
  <system-out/>
  <testcase classname="seleniumpoperties.AlwaysRunExample" name="testcase1" time="0.000"/>
  <system-out/>
  <testcase classname="seleniumpoperties.AlwaysRunExample" name="testcase1" time="0.000"/>
  <system-out/>
  <testcase classname="seleniumpoperties.AlwaysRunExample" name="testcase1" time="0.000"/>
  <system-out/>
  <testcase classname="seleniumpoperties.AlwaysRunExample" name="testcase1" time="0.000"/>
  <system-out/>
  <testcase classname="seleniumpoperties.AlwaysRunExample" name="testcase1" time="0.000"/>
  <system-out/>
  <testcase classname="seleniumpoperties.AlwaysRunExample" name="testcase1" time="0.000"/>
  <system-out/>
  <testcase classname="seleniumpoperties.AlwaysRunExample" name="testcase1" time="0.000"/>
  <system-out/>
  <testcase classname="seleniumpoperties.AlwaysRunExample" name="testcase1" time="0.000"/>
  <system-out/>
  <testcase classname="seleniumpoperties.AlwaysRunExample" name="testcase1" time="0.000"/>
  <system-out/>
  <testcase classname="seleniumpoperties.AlwaysRunExample" name="testcase1" time="0.000"/>
  <system-out/>
  <testcase classname="seleniumpoperties.AlwaysRunExample" name="testcase1" time="0.000"/>
  <system-out/>
  <testcase classname="seleniumpoperties.AlwaysRunExample" name="testcase1" time="0.000"/>
  <system-out/>
  <testcase classname="seleniumpoperties.AlwaysRunExample" name="testcase1" time="0.000"/>
  <system-out/>
  <testcase classname="seleniumpoperties.AlwaysRunExample" name="testcase1" time="0.000"/>
  <system-out/>
  <testcase classname="seleniumpoperties.AlwaysRunExample" name="testcase1" time="0.000"/>
  <system-out/>
  <testcase classname="seleniumpoperties.AlwaysRunExample" name="testcase1" time="0.000"/>
  <system-out/>
  <testcase classname="seleniumpoperties.AlwaysRunExample" name="testcase1" time="0.000"/>
  <system-out/>
  <testcase classname="seleniumpoperties.AlwaysRunExample" name="testcase1" time="0.000"/>
  <system-out/>
  <testcase classname="seleniumpoperties.AlwaysRunExample" name="testcase1" time="0.000"/>
  <system-out/>
  <testcase classname="seleniumpoperties.AlwaysRunExample" name="testcase1" time="0.001"/>
  <system-out/>
  <testcase classname="seleniumpoperties.AlwaysRunExample" name="testcase1" time="0.000"/>
  <system-out/>
  <testcase classname="seleniumpoperties.AlwaysRunExample" name="testcase1" time="0.000"/>
  <system-out/>
  <testcase classname="seleniumpoperties.AlwaysRunExample" name="testcase1" time="0.000"/>
  <system-out/>
  <testcase classname="seleniumpoperties.AlwaysRunExample" name="testcase1" time="0.001"/>
  <system-out/>
  <testcase classname="seleniumpoperties.AlwaysRunExample" name="testcase1" time="0.000"/>
  <system-out/>
  <testcase classname="seleniumpoperties.AlwaysRunExample" name="testcase1" time="0.000"/>
  <system-out/>
  <testcase classname="seleniumpoperties.AlwaysRunExample" name="testcase1" time="0.000"/>
  <system-out/>
  <testcase classname="seleniumpoperties.AlwaysRunExample" name="testcase1" time="0.000"/>
  <system-out/>
  <testcase classname="seleniumpoperties.AlwaysRunExample" name="testcase1" time="0.001"/>
  <system-out/>
  <testcase classname="seleniumpoperties.AlwaysRunExample" name="testcase1" time="0.000"/>
  <system-out/>
  <testcase classname="seleniumpoperties.AlwaysRunExample" name="testcase1" time="0.000"/>
  <system-out/>
  <testcase classname="seleniumpoperties.AlwaysRunExample" name="testcase1" time="0.000"/>
  <system-out/>
  <testcase classname="seleniumpoperties.AlwaysRunExample" name="testcase1" time="0.000"/>
  <system-out/>
  <testcase classname="seleniumpoperties.AlwaysRunExample" name="testcase1" time="0.000"/>
  <system-out/>
  <testcase classname="seleniumpoperties.AlwaysRunExample" name="testcase1" time="0.000"/>
  <system-out/>
  <testcase classname="seleniumpoperties.AlwaysRunExample" name="testcase1" time="0.001"/>
  <system-out/>
  <testcase classname="seleniumpoperties.AlwaysRunExample" name="testcase1" time="0.000"/>
  <system-out/>
  <testcase classname="seleniumpoperties.AlwaysRunExample" name="testcase1" time="0.000"/>
  <system-out/>
  <testcase classname="seleniumpoperties.AlwaysRunExample" name="testcase1" time="0.000"/>
  <system-out/>
  <testcase classname="seleniumpoperties.AlwaysRunExample" name="testcase1" time="0.000"/>
  <system-out/>
  <testcase classname="seleniumpoperties.AlwaysRunExample" name="testcase1" time="0.000"/>
  <system-out/>
  <testcase classname="seleniumpoperties.AlwaysRunExample" name="testcase1" time="0.000"/>
  <system-out/>
  <testcase classname="seleniumpoperties.AlwaysRunExample" name="testcase1" time="0.000"/>
  <system-out/>
  <testcase classname="seleniumpoperties.AlwaysRunExample" name="testcase1" time="0.000"/>
  <system-out/>
  <testcase classname="seleniumpoperties.AlwaysRunExample" name="testcase1" time="0.000"/>
  <system-out/>
  <testcase classname="seleniumpoperties.AlwaysRunExample" name="testcase1" time="0.000"/>
  <system-out/>
  <testcase classname="seleniumpoperties.AlwaysRunExample" name="testcase1" time="0.000"/>
  <system-out/>
  <testcase classname="seleniumpoperties.AlwaysRunExample" name="testcase1" time="0.000"/>
  <system-out/>
  <testcase classname="seleniumpoperties.AlwaysRunExample" name="testcase1" time="0.000"/>
  <system-out/>
  <testcase classname="seleniumpoperties.AlwaysRunExample" name="testcase1" time="0.000"/>
  <system-out/>
  <testcase classname="seleniumpoperties.AlwaysRunExample" name="testcase1" time="0.001"/>
  <system-out/>
  <testcase classname="seleniumpoperties.AlwaysRunExample" name="testcase1" time="0.000"/>
  <system-out/>
  <testcase classname="seleniumpoperties.AlwaysRunExample" name="testcase1" time="0.000"/>
  <system-out/>
  <testcase classname="seleniumpoperties.AlwaysRunExample" name="testcase1" time="0.000"/>
  <system-out/>
  <testcase classname="seleniumpoperties.AlwaysRunExample" name="testcase1" time="0.001"/>
  <system-out/>
  <testcase classname="seleniumpoperties.AlwaysRunExample" name="testcase1" time="0.000"/>
  <system-out/>
  <testcase classname="seleniumpoperties.AlwaysRunExample" name="testcase1" time="0.001"/>
  <system-out/>
  <testcase classname="seleniumpoperties.AlwaysRunExample" name="testcase1" time="0.000"/>
  <system-out/>
  <testcase classname="seleniumpoperties.AlwaysRunExample" name="testcase1" time="0.001"/>
  <system-out/>
  <testcase classname="seleniumpoperties.AlwaysRunExample" name="testcase1" time="0.000"/>
  <system-out/>
  <testcase classname="seleniumpoperties.AlwaysRunExample" name="testcase1" time="0.000"/>
  <system-out/>
  <testcase classname="seleniumpoperties.AlwaysRunExample" name="testcase1" time="0.000"/>
  <system-out/>
  <testcase classname="seleniumpoperties.AlwaysRunExample" name="testcase1" time="0.000"/>
  <system-out/>
  <testcase classname="seleniumpoperties.AlwaysRunExample" name="testcase1" time="0.000"/>
  <system-out/>
  <testcase classname="seleniumpoperties.AlwaysRunExample" name="testcase1" time="0.000"/>
  <system-out/>
  <testcase classname="seleniumpoperties.AlwaysRunExample" name="testcase1" time="0.000"/>
  <system-out/>
  <testcase classname="seleniumpoperties.AlwaysRunExample" name="testcase1" time="0.000"/>
  <system-out/>
  <testcase classname="seleniumpoperties.AlwaysRunExample" name="testcase1" time="0.000"/>
  <system-out/>
  <testcase classname="seleniumpoperties.AlwaysRunExample" name="testcase1" time="0.003"/>
  <system-out/>
  <testcase classname="seleniumpoperties.AlwaysRunExample" name="testcase1" time="0.000"/>
  <system-out/>
  <testcase classname="seleniumpoperties.AlwaysRunExample" name="testcase1" time="0.000"/>
  <system-out/>
  <testcase classname="seleniumpoperties.AlwaysRunExample" name="testcase1" time="0.000"/>
  <system-out/>
  <testcase classname="seleniumpoperties.AlwaysRunExample" name="testcase1" time="0.001"/>
  <system-out/>
  <testcase classname="seleniumpoperties.AlwaysRunExample" name="testcase1" time="0.001"/>
  <system-out/>
  <testcase classname="seleniumpoperties.AlwaysRunExample" name="testcase1" time="0.000"/>
  <system-out/>
  <testcase classname="seleniumpoperties.AlwaysRunExample" name="testcase1" time="0.000"/>
  <system-out/>
  <testcase classname="seleniumpoperties.AlwaysRunExample" name="testcase1" time="0.000"/>
  <system-out/>
  <testcase classname="seleniumpoperties.AlwaysRunExample" name="testcase1" time="0.001"/>
  <system-out/>
  <testcase classname="seleniumpoperties.AlwaysRunExample" name="testcase1" time="0.000"/>
  <system-out/>
  <testcase classname="seleniumpoperties.AlwaysRunExample" name="testcase1" time="0.000"/>
  <system-out/>
  <testcase classname="seleniumpoperties.AlwaysRunExample" name="testcase1" time="0.000"/>
  <system-out/>
  <testcase classname="seleniumpoperties.AlwaysRunExample" name="testcase1" time="0.000"/>
  <system-out/>
  <testcase classname="seleniumpoperties.AlwaysRunExample" name="testcase1" time="0.000"/>
  <system-out/>
  <testcase classname="seleniumpoperties.AlwaysRunExample" name="testcase1" time="0.000"/>
  <system-out/>
  <testcase classname="seleniumpoperties.AlwaysRunExample" name="testcase1" time="0.000"/>
  <system-out/>
  <testcase classname="seleniumpoperties.AlwaysRunExample" name="testcase1" time="0.000"/>
  <system-out/>
  <testcase classname="seleniumpoperties.AlwaysRunExample" name="testcase1" time="0.000"/>
  <system-out/>
  <testcase classname="seleniumpoperties.AlwaysRunExample" name="testcase1" time="0.000"/>
  <system-out/>
  <testcase classname="seleniumpoperties.AlwaysRunExample" name="testcase1" time="0.000"/>
  <system-out/>
  <testcase classname="seleniumpoperties.AlwaysRunExample" name="testcase1" time="0.001"/>
  <system-out/>
  <testcase classname="seleniumpoperties.AlwaysRunExample" name="testcase1" time="0.000"/>
  <system-out/>
  <testcase classname="seleniumpoperties.AlwaysRunExample" name="testcase1" time="0.000"/>
  <system-out/>
  <testcase classname="seleniumpoperties.AlwaysRunExample" name="testcase1" time="0.000"/>
  <system-out/>
  <testcase classname="seleniumpoperties.AlwaysRunExample" name="testcase1" time="0.000"/>
  <system-out/>
  <testcase classname="seleniumpoperties.AlwaysRunExample" name="testcase1" time="0.000"/>
  <system-out/>
  <testcase classname="seleniumpoperties.AlwaysRunExample" name="testcase1" time="0.000"/>
  <system-out/>
  <testcase classname="seleniumpoperties.AlwaysRunExample" name="testcase1" time="0.000"/>
  <system-out/>
  <testcase classname="seleniumpoperties.AlwaysRunExample" name="testcase1" time="0.000"/>
  <system-out/>
  <testcase classname="seleniumpoperties.AlwaysRunExample" name="testcase1" time="0.000"/>
  <system-out/>
  <testcase classname="seleniumpoperties.AlwaysRunExample" name="testcase1" time="0.000"/>
  <system-out/>
  <testcase classname="seleniumpoperties.AlwaysRunExample" name="testcase1" time="0.000"/>
  <system-out/>
  <testcase classname="seleniumpoperties.AlwaysRunExample" name="testcase1" time="0.000"/>
  <system-out/>
  <testcase classname="seleniumpoperties.AlwaysRunExample" name="testcase1" time="0.000"/>
  <system-out/>
  <testcase classname="seleniumpoperties.AlwaysRunExample" name="testcase1" time="0.000"/>
  <system-out/>
  <testcase classname="seleniumpoperties.AlwaysRunExample" name="testcase1" time="0.000"/>
  <system-out/>
  <testcase classname="seleniumpoperties.AlwaysRunExample" name="testcase1" time="0.001"/>
  <system-out/>
  <testcase classname="seleniumpoperties.AlwaysRunExample" name="testcase1" time="0.000"/>
  <system-out/>
  <testcase classname="seleniumpoperties.AlwaysRunExample" name="testcase1" time="0.000"/>
  <system-out/>
  <testcase classname="seleniumpoperties.AlwaysRunExample" name="testcase1" time="0.000"/>
  <system-out/>
  <testcase classname="seleniumpoperties.AlwaysRunExample" name="testcase1" time="0.000"/>
  <system-out/>
  <testcase classname="seleniumpoperties.AlwaysRunExample" name="testcase1" time="0.001"/>
  <system-out/>
  <testcase classname="seleniumpoperties.AlwaysRunExample" name="testcase1" time="0.000"/>
  <system-out/>
  <testcase classname="seleniumpoperties.AlwaysRunExample" name="testcase1" time="0.000"/>
  <system-out/>
  <testcase classname="seleniumpoperties.AlwaysRunExample" name="testcase1" time="0.000"/>
  <system-out/>
  <testcase classname="seleniumpoperties.AlwaysRunExample" name="testcase1" time="0.000"/>
  <system-out/>
  <testcase classname="seleniumpoperties.AlwaysRunExample" name="testcase1" time="0.000"/>
  <system-out/>
  <testcase classname="seleniumpoperties.AlwaysRunExample" name="testcase1" time="0.000"/>
  <system-out/>
  <testcase classname="seleniumpoperties.AlwaysRunExample" name="testcase1" time="0.000"/>
  <system-out/>
  <testcase classname="seleniumpoperties.AlwaysRunExample" name="testcase1" time="0.000"/>
  <system-out/>
  <testcase classname="seleniumpoperties.AlwaysRunExample" name="testcase1" time="0.000"/>
  <system-out/>
  <testcase classname="seleniumpoperties.AlwaysRunExample" name="testcase1" time="0.000"/>
  <system-out/>
  <testcase classname="seleniumpoperties.AlwaysRunExample" name="testcase1" time="0.000"/>
  <system-out/>
  <testcase classname="seleniumpoperties.AlwaysRunExample" name="testcase1" time="0.000"/>
  <system-out/>
  <testcase classname="seleniumpoperties.AlwaysRunExample" name="testcase1" time="0.000"/>
  <system-out/>
  <testcase classname="seleniumpoperties.AlwaysRunExample" name="testcase1" time="0.000"/>
  <system-out/>
  <testcase classname="seleniumpoperties.AlwaysRunExample" name="testcase1" time="0.000"/>
  <system-out/>
  <testcase classname="seleniumpoperties.AlwaysRunExample" name="testcase1" time="0.000"/>
  <system-out/>
  <testcase classname="seleniumpoperties.AlwaysRunExample" name="testcase1" time="0.000"/>
  <system-out/>
  <testcase classname="seleniumpoperties.AlwaysRunExample" name="testcase1" time="0.000"/>
  <system-out/>
  <testcase classname="seleniumpoperties.AlwaysRunExample" name="testcase1" time="0.000"/>
  <system-out/>
  <testcase classname="seleniumpoperties.AlwaysRunExample" name="testcase1" time="0.001"/>
  <system-out/>
  <testcase classname="seleniumpoperties.AlwaysRunExample" name="testcase1" time="0.000"/>
  <system-out/>
  <testcase classname="seleniumpoperties.AlwaysRunExample" name="testcase1" time="0.000"/>
  <system-out/>
  <testcase classname="seleniumpoperties.AlwaysRunExample" name="testcase1" time="0.000"/>
  <system-out/>
  <testcase classname="seleniumpoperties.AlwaysRunExample" name="testcase1" time="0.002"/>
  <system-out/>
  <testcase classname="seleniumpoperties.AlwaysRunExample" name="testcase1" time="0.001"/>
  <system-out/>
  <testcase classname="seleniumpoperties.AlwaysRunExample" name="testcase1" time="0.000"/>
  <system-out/>
  <testcase classname="seleniumpoperties.AlwaysRunExample" name="testcase1" time="0.000"/>
  <system-out/>
  <testcase classname="seleniumpoperties.AlwaysRunExample" name="testcase1" time="0.000"/>
  <system-out/>
  <testcase classname="seleniumpoperties.AlwaysRunExample" name="testcase1" time="0.001"/>
  <system-out/>
  <testcase classname="seleniumpoperties.AlwaysRunExample" name="testcase1" time="0.000"/>
  <system-out/>
  <testcase classname="seleniumpoperties.AlwaysRunExample" name="testcase1" time="0.000"/>
  <system-out/>
  <testcase classname="seleniumpoperties.AlwaysRunExample" name="testcase1" time="0.000"/>
  <system-out/>
  <testcase classname="seleniumpoperties.AlwaysRunExample" name="testcase1" time="0.000"/>
  <system-out/>
  <testcase classname="seleniumpoperties.AlwaysRunExample" name="testcase1" time="0.000"/>
  <system-out/>
  <testcase classname="seleniumpoperties.AlwaysRunExample" name="testcase1" time="0.000"/>
  <system-out/>
  <testcase classname="seleniumpoperties.AlwaysRunExample" name="testcase1" time="0.000"/>
  <system-out/>
  <testcase classname="seleniumpoperties.AlwaysRunExample" name="testcase1" time="0.000"/>
  <system-out/>
  <testcase classname="seleniumpoperties.AlwaysRunExample" name="testcase1" time="0.000"/>
  <system-out/>
  <testcase classname="seleniumpoperties.AlwaysRunExample" name="testcase1" time="0.000"/>
  <system-out/>
  <testcase classname="seleniumpoperties.AlwaysRunExample" name="testcase1" time="0.000"/>
  <system-out/>
  <testcase classname="seleniumpoperties.AlwaysRunExample" name="testcase1" time="0.001"/>
  <system-out/>
  <testcase classname="seleniumpoperties.AlwaysRunExample" name="testcase1" time="0.000"/>
  <system-out/>
  <testcase classname="seleniumpoperties.AlwaysRunExample" name="testcase1" time="0.000"/>
  <system-out/>
  <testcase classname="seleniumpoperties.AlwaysRunExample" name="testcase1" time="0.000"/>
  <system-out/>
  <testcase classname="seleniumpoperties.AlwaysRunExample" name="testcase1" time="0.001"/>
  <system-out/>
  <testcase classname="seleniumpoperties.AlwaysRunExample" name="testcase1" time="0.000"/>
  <system-out/>
  <testcase classname="seleniumpoperties.AlwaysRunExample" name="testcase1" time="0.000"/>
  <system-out/>
  <testcase classname="seleniumpoperties.AlwaysRunExample" name="testcase1" time="0.000"/>
  <system-out/>
  <testcase classname="seleniumpoperties.AlwaysRunExample" name="testcase1" time="0.000"/>
  <system-out/>
  <testcase classname="seleniumpoperties.AlwaysRunExample" name="testcase1" time="0.000"/>
  <system-out/>
  <testcase classname="seleniumpoperties.AlwaysRunExample" name="testcase1" time="0.000"/>
  <system-out/>
  <testcase classname="seleniumpoperties.AlwaysRunExample" name="testcase1" time="0.000"/>
  <system-out/>
  <testcase classname="seleniumpoperties.AlwaysRunExample" name="testcase1" time="0.001"/>
  <system-out/>
  <testcase classname="seleniumpoperties.AlwaysRunExample" name="testcase1" time="0.000"/>
  <system-out/>
  <testcase classname="seleniumpoperties.AlwaysRunExample" name="testcase1" time="0.000"/>
  <system-out/>
  <testcase classname="seleniumpoperties.AlwaysRunExample" name="testcase1" time="0.001"/>
  <system-out/>
  <testcase classname="seleniumpoperties.AlwaysRunExample" name="testcase1" time="0.000"/>
  <system-out/>
  <testcase classname="seleniumpoperties.AlwaysRunExample" name="testcase1" time="0.000"/>
  <system-out/>
  <testcase classname="seleniumpoperties.AlwaysRunExample" name="testcase1" time="0.000"/>
  <system-out/>
  <testcase classname="seleniumpoperties.AlwaysRunExample" name="testcase1" time="0.000"/>
  <system-out/>
  <testcase classname="seleniumpoperties.AlwaysRunExample" name="testcase1" time="0.000"/>
  <system-out/>
  <testcase classname="seleniumpoperties.AlwaysRunExample" name="testcase1" time="0.000"/>
  <system-out/>
  <testcase classname="seleniumpoperties.AlwaysRunExample" name="testcase1" time="0.000"/>
  <system-out/>
  <testcase classname="seleniumpoperties.AlwaysRunExample" name="testcase1" time="0.000"/>
  <system-out/>
  <testcase classname="seleniumpoperties.AlwaysRunExample" name="testcase1" time="0.000"/>
  <system-out/>
  <testcase classname="seleniumpoperties.AlwaysRunExample" name="testcase1" time="0.000"/>
  <system-out/>
  <testcase classname="seleniumpoperties.AlwaysRunExample" name="testcase1" time="0.001"/>
  <system-out/>
  <testcase classname="seleniumpoperties.AlwaysRunExample" name="testcase1" time="0.000"/>
  <system-out/>
  <testcase classname="seleniumpoperties.AlwaysRunExample" name="testcase1" time="0.000"/>
  <system-out/>
  <testcase classname="seleniumpoperties.AlwaysRunExample" name="testcase1" time="0.000"/>
  <system-out/>
  <testcase classname="seleniumpoperties.AlwaysRunExample" name="testcase1" time="0.000"/>
  <system-out/>
  <testcase classname="seleniumpoperties.AlwaysRunExample" name="testcase1" time="0.000"/>
  <system-out/>
  <testcase classname="seleniumpoperties.AlwaysRunExample" name="testcase1" time="0.000"/>
  <system-out/>
  <testcase classname="seleniumpoperties.AlwaysRunExample" name="testcase1" time="0.000"/>
  <system-out/>
  <testcase classname="seleniumpoperties.AlwaysRunExample" name="testcase1" time="0.000"/>
  <system-out/>
  <testcase classname="seleniumpoperties.AlwaysRunExample" name="testcase1" time="0.000"/>
  <system-out/>
  <testcase classname="seleniumpoperties.AlwaysRunExample" name="testcase1" time="0.000"/>
  <system-out/>
  <testcase classname="seleniumpoperties.AlwaysRunExample" name="testcase1" time="0.001"/>
  <system-out/>
  <testcase classname="seleniumpoperties.AlwaysRunExample" name="testcase1" time="0.000"/>
  <system-out/>
  <testcase classname="seleniumpoperties.AlwaysRunExample" name="testcase1" time="0.001"/>
  <system-out/>
  <testcase classname="seleniumpoperties.AlwaysRunExample" name="testcase1" time="0.000"/>
  <system-out/>
  <testcase classname="seleniumpoperties.AlwaysRunExample" name="testcase1" time="0.000"/>
  <system-out/>
  <testcase classname="seleniumpoperties.AlwaysRunExample" name="testcase1" time="0.000"/>
  <system-out/>
  <testcase classname="seleniumpoperties.AlwaysRunExample" name="testcase1" time="0.000"/>
  <system-out/>
  <testcase classname="seleniumpoperties.AlwaysRunExample" name="testcase1" time="0.000"/>
  <system-out/>
  <testcase classname="seleniumpoperties.AlwaysRunExample" name="testcase1" time="0.000"/>
  <system-out/>
  <testcase classname="seleniumpoperties.AlwaysRunExample" name="testcase1" time="0.000"/>
  <system-out/>
  <testcase classname="seleniumpoperties.AlwaysRunExample" name="testcase1" time="0.001"/>
  <system-out/>
  <testcase classname="seleniumpoperties.AlwaysRunExample" name="testcase1" time="0.000"/>
  <system-out/>
  <testcase classname="seleniumpoperties.AlwaysRunExample" name="testcase1" time="0.002"/>
  <system-out/>
  <testcase classname="seleniumpoperties.AlwaysRunExample" name="testcase1" time="0.000"/>
  <system-out/>
  <testcase classname="seleniumpoperties.AlwaysRunExample" name="testcase1" time="0.000"/>
  <system-out/>
  <testcase classname="seleniumpoperties.AlwaysRunExample" name="testcase1" time="0.000"/>
  <system-out/>
  <testcase classname="seleniumpoperties.AlwaysRunExample" name="testcase1" time="0.000"/>
  <system-out/>
  <testcase classname="seleniumpoperties.AlwaysRunExample" name="testcase1" time="0.001"/>
  <system-out/>
  <testcase classname="seleniumpoperties.AlwaysRunExample" name="testcase1" time="0.000"/>
  <system-out/>
  <testcase classname="seleniumpoperties.AlwaysRunExample" name="testcase1" time="0.000"/>
  <system-out/>
  <testcase classname="seleniumpoperties.AlwaysRunExample" name="testcase1" time="0.000"/>
  <system-out/>
  <testcase classname="seleniumpoperties.AlwaysRunExample" name="testcase1" time="0.000"/>
  <system-out/>
  <testcase classname="seleniumpoperties.AlwaysRunExample" name="testcase1" time="0.000"/>
  <system-out/>
  <testcase classname="seleniumpoperties.AlwaysRunExample" name="testcase1" time="0.000"/>
  <system-out/>
  <testcase classname="seleniumpoperties.AlwaysRunExample" name="testcase1" time="0.000"/>
  <system-out/>
  <testcase classname="seleniumpoperties.AlwaysRunExample" name="testcase1" time="0.000"/>
  <system-out/>
  <testcase classname="seleniumpoperties.AlwaysRunExample" name="testcase1" time="0.001"/>
  <system-out/>
  <testcase classname="seleniumpoperties.AlwaysRunExample" name="testcase1" time="0.000"/>
  <system-out/>
  <testcase classname="seleniumpoperties.AlwaysRunExample" name="testcase1" time="0.000"/>
  <system-out/>
  <testcase classname="seleniumpoperties.AlwaysRunExample" name="testcase1" time="0.000"/>
  <system-out/>
  <testcase classname="seleniumpoperties.AlwaysRunExample" name="testcase1" time="0.000"/>
  <system-out/>
  <testcase classname="seleniumpoperties.AlwaysRunExample" name="testcase1" time="0.001"/>
  <system-out/>
  <testcase classname="seleniumpoperties.AlwaysRunExample" name="testcase1" time="0.000"/>
  <system-out/>
  <testcase classname="seleniumpoperties.AlwaysRunExample" name="testcase1" time="0.000"/>
  <system-out/>
  <testcase classname="seleniumpoperties.AlwaysRunExample" name="testcase1" time="0.000"/>
  <system-out/>
  <testcase classname="seleniumpoperties.AlwaysRunExample" name="testcase1" time="0.000"/>
  <system-out/>
  <testcase classname="seleniumpoperties.AlwaysRunExample" name="testcase1" time="0.000"/>
  <system-out/>
  <testcase classname="seleniumpoperties.AlwaysRunExample" name="testcase1" time="0.000"/>
  <system-out/>
  <testcase classname="seleniumpoperties.AlwaysRunExample" name="testcase1" time="0.000"/>
  <system-out/>
  <testcase classname="seleniumpoperties.AlwaysRunExample" name="testcase1" time="0.000"/>
  <system-out/>
  <testcase classname="seleniumpoperties.AlwaysRunExample" name="testcase1" time="0.000"/>
  <system-out/>
  <testcase classname="seleniumpoperties.AlwaysRunExample" name="testcase1" time="0.000"/>
  <system-out/>
  <testcase classname="seleniumpoperties.AlwaysRunExample" name="testcase1" time="0.000"/>
  <system-out/>
  <testcase classname="seleniumpoperties.AlwaysRunExample" name="testcase1" time="0.000"/>
  <system-out/>
  <testcase classname="seleniumpoperties.AlwaysRunExample" name="testcase1" time="0.000"/>
  <system-out/>
  <testcase classname="seleniumpoperties.AlwaysRunExample" name="testcase1" time="0.000"/>
  <system-out/>
  <testcase classname="seleniumpoperties.AlwaysRunExample" name="testcase1" time="0.001"/>
  <system-out/>
  <testcase classname="seleniumpoperties.AlwaysRunExample" name="testcase1" time="0.000"/>
  <system-out/>
  <testcase classname="seleniumpoperties.AlwaysRunExample" name="testcase1" time="0.000"/>
  <system-out/>
  <testcase classname="seleniumpoperties.AlwaysRunExample" name="testcase1" time="0.000"/>
  <system-out/>
  <testcase classname="seleniumpoperties.AlwaysRunExample" name="testcase1" time="0.001"/>
  <system-out/>
  <testcase classname="seleniumpoperties.AlwaysRunExample" name="testcase1" time="0.000"/>
  <system-out/>
  <testcase classname="seleniumpoperties.AlwaysRunExample" name="testcase1" time="0.002"/>
  <system-out/>
  <testcase classname="seleniumpoperties.AlwaysRunExample" name="testcase1" time="0.001"/>
  <system-out/>
  <testcase classname="seleniumpoperties.AlwaysRunExample" name="testcase1" time="0.000"/>
  <system-out/>
  <testcase classname="seleniumpoperties.AlwaysRunExample" name="testcase1" time="0.000"/>
  <system-out/>
  <testcase classname="seleniumpoperties.AlwaysRunExample" name="testcase1" time="0.001"/>
  <system-out/>
  <testcase classname="seleniumpoperties.AlwaysRunExample" name="testcase1" time="0.000"/>
  <system-out/>
  <testcase classname="seleniumpoperties.AlwaysRunExample" name="testcase1" time="0.000"/>
  <system-out/>
  <testcase classname="seleniumpoperties.AlwaysRunExample" name="testcase1" time="0.000"/>
  <system-out/>
  <testcase classname="seleniumpoperties.AlwaysRunExample" name="testcase1" time="0.000"/>
  <system-out/>
  <testcase classname="seleniumpoperties.AlwaysRunExample" name="testcase1" time="0.000"/>
  <system-out/>
  <testcase classname="seleniumpoperties.AlwaysRunExample" name="testcase1" time="0.000"/>
  <system-out/>
  <testcase classname="seleniumpoperties.AlwaysRunExample" name="testcase1" time="0.000"/>
  <system-out/>
  <testcase classname="seleniumpoperties.AlwaysRunExample" name="testcase1" time="0.000"/>
  <system-out/>
  <testcase classname="seleniumpoperties.AlwaysRunExample" name="testcase1" time="0.000"/>
  <system-out/>
  <testcase classname="seleniumpoperties.AlwaysRunExample" name="testcase1" time="0.000"/>
  <system-out/>
  <testcase classname="seleniumpoperties.AlwaysRunExample" name="testcase1" time="0.000"/>
  <system-out/>
  <testcase classname="seleniumpoperties.AlwaysRunExample" name="testcase1" time="0.000"/>
  <system-out/>
  <testcase classname="seleniumpoperties.AlwaysRunExample" name="testcase1" time="0.000"/>
  <system-out/>
  <testcase classname="seleniumpoperties.AlwaysRunExample" name="testcase1" time="0.000"/>
  <system-out/>
  <testcase classname="seleniumpoperties.AlwaysRunExample" name="testcase1" time="0.000"/>
  <system-out/>
  <testcase classname="seleniumpoperties.AlwaysRunExample" name="testcase1" time="0.000"/>
  <system-out/>
  <testcase classname="seleniumpoperties.AlwaysRunExample" name="testcase1" time="0.000"/>
  <system-out/>
  <testcase classname="seleniumpoperties.AlwaysRunExample" name="testcase1" time="0.000"/>
  <system-out/>
  <testcase classname="seleniumpoperties.AlwaysRunExample" name="testcase1" time="0.000"/>
  <system-out/>
  <testcase classname="seleniumpoperties.AlwaysRunExample" name="testcase1" time="0.000"/>
  <system-out/>
  <testcase classname="seleniumpoperties.AlwaysRunExample" name="testcase1" time="0.001"/>
  <system-out/>
  <testcase classname="seleniumpoperties.AlwaysRunExample" name="testcase1" time="0.000"/>
  <system-out/>
  <testcase classname="seleniumpoperties.AlwaysRunExample" name="testcase1" time="0.000"/>
  <system-out/>
  <testcase classname="seleniumpoperties.AlwaysRunExample" name="testcase1" time="0.000"/>
  <system-out/>
  <testcase classname="seleniumpoperties.AlwaysRunExample" name="testcase1" time="0.001"/>
  <system-out/>
  <testcase classname="seleniumpoperties.AlwaysRunExample" name="testcase1" time="0.001"/>
  <system-out/>
  <testcase classname="seleniumpoperties.AlwaysRunExample" name="testcase1" time="0.000"/>
  <system-out/>
  <testcase classname="seleniumpoperties.AlwaysRunExample" name="testcase1" time="0.000"/>
  <system-out/>
  <testcase classname="seleniumpoperties.AlwaysRunExample" name="testcase1" time="0.000"/>
  <system-out/>
  <testcase classname="seleniumpoperties.AlwaysRunExample" name="testcase1" time="0.000"/>
  <system-out/>
  <testcase classname="seleniumpoperties.AlwaysRunExample" name="testcase1" time="0.000"/>
  <system-out/>
  <testcase classname="seleniumpoperties.AlwaysRunExample" name="testcase1" time="0.000"/>
  <system-out/>
  <testcase classname="seleniumpoperties.AlwaysRunExample" name="testcase1" time="0.000"/>
  <system-out/>
  <testcase classname="seleniumpoperties.AlwaysRunExample" name="testcase1" time="0.000"/>
  <system-out/>
  <testcase classname="seleniumpoperties.AlwaysRunExample" name="testcase1" time="0.000"/>
  <system-out/>
  <testcase classname="seleniumpoperties.AlwaysRunExample" name="testcase1" time="0.000"/>
  <system-out/>
  <testcase classname="seleniumpoperties.AlwaysRunExample" name="testcase1" time="0.000"/>
  <system-out/>
  <testcase classname="seleniumpoperties.AlwaysRunExample" name="testcase1" time="0.000"/>
  <system-out/>
  <testcase classname="seleniumpoperties.AlwaysRunExample" name="testcase1" time="0.000"/>
  <system-out/>
  <testcase classname="seleniumpoperties.AlwaysRunExample" name="testcase1" time="0.000"/>
  <system-out/>
  <testcase classname="seleniumpoperties.AlwaysRunExample" name="testcase1" time="0.000"/>
  <system-out/>
  <testcase classname="seleniumpoperties.AlwaysRunExample" name="testcase1" time="0.001"/>
  <system-out/>
  <testcase classname="seleniumpoperties.AlwaysRunExample" name="testcase1" time="0.000"/>
  <system-out/>
  <testcase classname="seleniumpoperties.AlwaysRunExample" name="testcase1" time="0.000"/>
  <system-out/>
  <testcase classname="seleniumpoperties.AlwaysRunExample" name="testcase1" time="0.000"/>
  <system-out/>
  <testcase classname="seleniumpoperties.AlwaysRunExample" name="testcase1" time="0.000"/>
  <system-out/>
  <testcase classname="seleniumpoperties.AlwaysRunExample" name="testcase1" time="0.000"/>
  <system-out/>
  <testcase classname="seleniumpoperties.AlwaysRunExample" name="testcase1" time="0.000"/>
  <system-out/>
  <testcase classname="seleniumpoperties.AlwaysRunExample" name="testcase1" time="0.001"/>
  <system-out/>
  <testcase classname="seleniumpoperties.AlwaysRunExample" name="testcase1" time="0.000"/>
  <system-out/>
  <testcase classname="seleniumpoperties.AlwaysRunExample" name="testcase1" time="0.002"/>
  <system-out/>
  <testcase classname="seleniumpoperties.AlwaysRunExample" name="testcase1" time="0.000"/>
  <system-out/>
  <testcase classname="seleniumpoperties.AlwaysRunExample" name="testcase1" time="0.000"/>
  <system-out/>
  <testcase classname="seleniumpoperties.AlwaysRunExample" name="testcase1" time="0.000"/>
  <system-out/>
  <testcase classname="seleniumpoperties.AlwaysRunExample" name="testcase1" time="0.000"/>
  <system-out/>
  <testcase classname="seleniumpoperties.AlwaysRunExample" name="testcase1" time="0.000"/>
  <system-out/>
  <testcase classname="seleniumpoperties.AlwaysRunExample" name="testcase1" time="0.000"/>
  <system-out/>
  <testcase classname="seleniumpoperties.AlwaysRunExample" name="testcase1" time="0.000"/>
  <system-out/>
  <testcase classname="seleniumpoperties.AlwaysRunExample" name="testcase1" time="0.000"/>
  <system-out/>
  <testcase classname="seleniumpoperties.AlwaysRunExample" name="testcase1" time="0.001"/>
  <system-out/>
  <testcase classname="seleniumpoperties.AlwaysRunExample" name="testcase1" time="0.000"/>
  <system-out/>
  <testcase classname="seleniumpoperties.AlwaysRunExample" name="testcase1" time="0.000"/>
  <system-out/>
  <testcase classname="seleniumpoperties.AlwaysRunExample" name="testcase1" time="0.001"/>
  <system-out/>
  <testcase classname="seleniumpoperties.AlwaysRunExample" name="testcase1" time="0.001"/>
  <system-out/>
  <testcase classname="seleniumpoperties.AlwaysRunExample" name="testcase1" time="0.001"/>
  <system-out/>
  <testcase classname="seleniumpoperties.AlwaysRunExample" name="testcase1" time="0.000"/>
  <system-out/>
  <testcase classname="seleniumpoperties.AlwaysRunExample" name="testcase1" time="0.000"/>
  <system-out/>
  <testcase classname="seleniumpoperties.AlwaysRunExample" name="testcase1" time="0.000"/>
  <system-out/>
  <testcase classname="seleniumpoperties.AlwaysRunExample" name="testcase1" time="0.000"/>
  <system-out/>
  <testcase classname="seleniumpoperties.AlwaysRunExample" name="testcase1" time="0.000"/>
  <system-out/>
  <testcase classname="seleniumpoperties.AlwaysRunExample" name="testcase1" time="0.000"/>
  <system-out/>
  <testcase classname="seleniumpoperties.AlwaysRunExample" name="testcase1" time="0.000"/>
  <system-out/>
  <testcase classname="seleniumpoperties.AlwaysRunExample" name="testcase1" time="0.000"/>
  <system-out/>
  <testcase classname="seleniumpoperties.AlwaysRunExample" name="testcase1" time="0.000"/>
  <system-out/>
  <testcase classname="seleniumpoperties.AlwaysRunExample" name="testcase1" time="0.000"/>
  <system-out/>
  <testcase classname="seleniumpoperties.AlwaysRunExample" name="testcase1" time="0.001"/>
  <system-out/>
  <testcase classname="seleniumpoperties.AlwaysRunExample" name="testcase1" time="0.001"/>
  <system-out/>
  <testcase classname="seleniumpoperties.AlwaysRunExample" name="testcase1" time="0.000"/>
  <system-out/>
  <testcase classname="seleniumpoperties.AlwaysRunExample" name="testcase1" time="0.000"/>
  <system-out/>
  <testcase classname="seleniumpoperties.AlwaysRunExample" name="testcase1" time="0.001"/>
  <system-out/>
  <testcase classname="seleniumpoperties.AlwaysRunExample" name="testcase1" time="0.000"/>
  <system-out/>
  <testcase classname="seleniumpoperties.AlwaysRunExample" name="testcase1" time="0.000"/>
  <system-out/>
  <testcase classname="seleniumpoperties.AlwaysRunExample" name="testcase1" time="0.000"/>
  <system-out/>
  <testcase classname="seleniumpoperties.AlwaysRunExample" name="testcase1" time="0.000"/>
  <system-out/>
  <testcase classname="seleniumpoperties.AlwaysRunExample" name="testcase1" time="0.001"/>
  <system-out/>
  <testcase classname="seleniumpoperties.AlwaysRunExample" name="testcase1" time="0.000"/>
  <system-out/>
  <testcase classname="seleniumpoperties.AlwaysRunExample" name="testcase1" time="0.000"/>
  <system-out/>
  <testcase classname="seleniumpoperties.AlwaysRunExample" name="testcase1" time="0.001"/>
  <system-out/>
  <testcase classname="seleniumpoperties.AlwaysRunExample" name="testcase1" time="0.000"/>
  <system-out/>
  <testcase classname="seleniumpoperties.AlwaysRunExample" name="testcase1" time="0.000"/>
  <system-out/>
  <testcase classname="seleniumpoperties.AlwaysRunExample" name="testcase1" time="0.001"/>
  <system-out/>
  <testcase classname="seleniumpoperties.AlwaysRunExample" name="testcase1" time="0.001"/>
  <system-out/>
  <testcase classname="seleniumpoperties.AlwaysRunExample" name="testcase1" time="0.000"/>
  <system-out/>
  <testcase classname="seleniumpoperties.AlwaysRunExample" name="testcase1" time="0.000"/>
  <system-out/>
  <testcase classname="seleniumpoperties.AlwaysRunExample" name="testcase1" time="0.000"/>
  <system-out/>
  <testcase classname="seleniumpoperties.AlwaysRunExample" name="testcase1" time="0.000"/>
  <system-out/>
  <testcase classname="seleniumpoperties.AlwaysRunExample" name="testcase1" time="0.000"/>
  <system-out/>
  <testcase classname="seleniumpoperties.AlwaysRunExample" name="testcase1" time="0.000"/>
  <system-out/>
  <testcase classname="seleniumpoperties.AlwaysRunExample" name="testcase1" time="0.000"/>
  <system-out/>
  <testcase classname="seleniumpoperties.AlwaysRunExample" name="testcase1" time="0.000"/>
  <system-out/>
  <testcase classname="seleniumpoperties.AlwaysRunExample" name="testcase1" time="0.000"/>
  <system-out/>
  <testcase classname="seleniumpoperties.AlwaysRunExample" name="testcase1" time="0.000"/>
  <system-out/>
  <testcase classname="seleniumpoperties.AlwaysRunExample" name="testcase1" time="0.000"/>
  <system-out/>
  <testcase classname="seleniumpoperties.AlwaysRunExample" name="testcase1" time="0.000"/>
  <system-out/>
  <testcase classname="seleniumpoperties.AlwaysRunExample" name="testcase1" time="0.001"/>
  <system-out/>
  <testcase classname="seleniumpoperties.AlwaysRunExample" name="testcase1" time="0.000"/>
  <system-out/>
  <testcase classname="seleniumpoperties.AlwaysRunExample" name="testcase1" time="0.000"/>
  <system-out/>
  <testcase classname="seleniumpoperties.AlwaysRunExample" name="testcase1" time="0.000"/>
  <system-out/>
  <testcase classname="seleniumpoperties.AlwaysRunExample" name="testcase1" time="0.000"/>
  <system-out/>
  <testcase classname="seleniumpoperties.AlwaysRunExample" name="testcase1" time="0.000"/>
  <system-out/>
  <testcase classname="seleniumpoperties.AlwaysRunExample" name="testcase1" time="0.000"/>
  <system-out/>
  <testcase classname="seleniumpoperties.AlwaysRunExample" name="testcase1" time="0.000"/>
  <system-out/>
  <testcase classname="seleniumpoperties.AlwaysRunExample" name="testcase1" time="0.000"/>
  <system-out/>
  <testcase classname="seleniumpoperties.AlwaysRunExample" name="testcase1" time="0.001"/>
  <system-out/>
  <testcase classname="seleniumpoperties.AlwaysRunExample" name="testcase1" time="0.000"/>
  <system-out/>
  <testcase classname="seleniumpoperties.AlwaysRunExample" name="testcase1" time="0.000"/>
  <system-out/>
  <testcase classname="seleniumpoperties.AlwaysRunExample" name="testcase1" time="0.000"/>
  <system-out/>
  <testcase classname="seleniumpoperties.AlwaysRunExample" name="testcase1" time="0.001"/>
  <system-out/>
  <testcase classname="seleniumpoperties.AlwaysRunExample" name="testcase1" time="0.000"/>
  <system-out/>
  <testcase classname="seleniumpoperties.AlwaysRunExample" name="testcase1" time="0.000"/>
  <system-out/>
  <testcase classname="seleniumpoperties.AlwaysRunExample" name="testcase1" time="0.000"/>
  <system-out/>
  <testcase classname="seleniumpoperties.AlwaysRunExample" name="testcase1" time="0.000"/>
  <system-out/>
  <testcase classname="seleniumpoperties.AlwaysRunExample" name="testcase1" time="0.000"/>
  <system-out/>
  <testcase classname="seleniumpoperties.AlwaysRunExample" name="testcase1" time="0.001"/>
  <system-out/>
  <testcase classname="seleniumpoperties.AlwaysRunExample" name="testcase1" time="0.000"/>
  <system-out/>
  <testcase classname="seleniumpoperties.AlwaysRunExample" name="testcase1" time="0.000"/>
  <system-out/>
  <testcase classname="seleniumpoperties.AlwaysRunExample" name="testcase1" time="0.000"/>
  <system-out/>
  <testcase classname="seleniumpoperties.AlwaysRunExample" name="testcase1" time="0.000"/>
  <system-out/>
  <testcase classname="seleniumpoperties.AlwaysRunExample" name="testcase1" time="0.000"/>
  <system-out/>
  <testcase classname="seleniumpoperties.AlwaysRunExample" name="testcase1" time="0.000"/>
  <system-out/>
  <testcase classname="seleniumpoperties.AlwaysRunExample" name="testcase1" time="0.001"/>
  <system-out/>
  <testcase classname="seleniumpoperties.AlwaysRunExample" name="testcase1" time="0.000"/>
  <system-out/>
  <testcase classname="seleniumpoperties.AlwaysRunExample" name="testcase1" time="0.001"/>
  <system-out/>
  <testcase classname="seleniumpoperties.AlwaysRunExample" name="testcase1" time="0.001"/>
  <system-out/>
  <testcase classname="seleniumpoperties.AlwaysRunExample" name="testcase1" time="0.000"/>
  <system-out/>
  <testcase classname="seleniumpoperties.AlwaysRunExample" name="testcase1" time="0.000"/>
  <system-out/>
  <testcase classname="seleniumpoperties.AlwaysRunExample" name="testcase1" time="0.000"/>
  <system-out/>
  <testcase classname="seleniumpoperties.AlwaysRunExample" name="testcase1" time="0.000"/>
  <system-out/>
  <testcase classname="seleniumpoperties.AlwaysRunExample" name="testcase1" time="0.000"/>
  <system-out/>
  <testcase classname="seleniumpoperties.AlwaysRunExample" name="testcase1" time="0.001"/>
  <system-out/>
  <testcase classname="seleniumpoperties.AlwaysRunExample" name="testcase1" time="0.000"/>
  <system-out/>
  <testcase classname="seleniumpoperties.AlwaysRunExample" name="testcase1" time="0.001"/>
  <system-out/>
  <testcase classname="seleniumpoperties.AlwaysRunExample" name="testcase1" time="0.000"/>
  <system-out/>
  <testcase classname="seleniumpoperties.AlwaysRunExample" name="testcase1" time="0.000"/>
  <system-out/>
  <testcase classname="seleniumpoperties.AlwaysRunExample" name="testcase1" time="0.000"/>
  <system-out/>
  <testcase classname="seleniumpoperties.AlwaysRunExample" name="testcase1" time="0.000"/>
  <system-out/>
  <testcase classname="seleniumpoperties.AlwaysRunExample" name="testcase1" time="0.000"/>
  <system-out/>
  <testcase classname="seleniumpoperties.AlwaysRunExample" name="testcase1" time="0.001"/>
  <system-out/>
  <testcase classname="seleniumpoperties.AlwaysRunExample" name="testcase1" time="0.000"/>
  <system-out/>
  <testcase classname="seleniumpoperties.AlwaysRunExample" name="testcase1" time="0.000"/>
  <system-out/>
  <testcase classname="seleniumpoperties.AlwaysRunExample" name="testcase1" time="0.000"/>
  <system-out/>
  <testcase classname="seleniumpoperties.AlwaysRunExample" name="testcase1" time="0.000"/>
  <system-out/>
  <testcase classname="seleniumpoperties.AlwaysRunExample" name="testcase1" time="0.000"/>
  <system-out/>
  <testcase classname="seleniumpoperties.AlwaysRunExample" name="testcase1" time="0.000"/>
  <system-out/>
  <testcase classname="seleniumpoperties.AlwaysRunExample" name="testcase1" time="0.000"/>
  <system-out/>
  <testcase classname="seleniumpoperties.AlwaysRunExample" name="testcase1" time="0.000"/>
  <system-out/>
  <testcase classname="seleniumpoperties.AlwaysRunExample" name="testcase1" time="0.000"/>
  <system-out/>
  <testcase classname="seleniumpoperties.AlwaysRunExample" name="testcase1" time="0.000"/>
  <system-out/>
  <testcase classname="seleniumpoperties.AlwaysRunExample" name="testcase1" time="0.000"/>
  <system-out/>
  <testcase classname="seleniumpoperties.AlwaysRunExample" name="testcase1" time="0.000"/>
  <system-out/>
  <testcase classname="seleniumpoperties.AlwaysRunExample" name="testcase1" time="0.000"/>
  <system-out/>
  <testcase classname="seleniumpoperties.AlwaysRunExample" name="testcase1" time="0.000"/>
  <system-out/>
  <testcase classname="seleniumpoperties.AlwaysRunExample" name="testcase1" time="0.000"/>
  <system-out/>
  <testcase classname="seleniumpoperties.AlwaysRunExample" name="testcase1" time="0.000"/>
  <system-out/>
  <testcase classname="seleniumpoperties.AlwaysRunExample" name="testcase1" time="0.000"/>
  <system-out/>
  <testcase classname="seleniumpoperties.AlwaysRunExample" name="testcase1" time="0.000"/>
  <system-out/>
  <testcase classname="seleniumpoperties.AlwaysRunExample" name="testcase1" time="0.001"/>
  <system-out/>
  <testcase classname="seleniumpoperties.AlwaysRunExample" name="testcase1" time="0.000"/>
  <system-out/>
  <testcase classname="seleniumpoperties.AlwaysRunExample" name="testcase1" time="0.000"/>
  <system-out/>
  <testcase classname="seleniumpoperties.AlwaysRunExample" name="testcase1" time="0.000"/>
  <system-out/>
  <testcase classname="seleniumpoperties.AlwaysRunExample" name="testcase1" time="0.000"/>
  <system-out/>
  <testcase classname="seleniumpoperties.AlwaysRunExample" name="testcase1" time="0.000"/>
  <system-out/>
  <testcase classname="seleniumpoperties.AlwaysRunExample" name="testcase1" time="0.000"/>
  <system-out/>
  <testcase classname="seleniumpoperties.AlwaysRunExample" name="testcase1" time="0.000"/>
  <system-out/>
  <testcase classname="seleniumpoperties.AlwaysRunExample" name="testcase1" time="0.000"/>
  <system-out/>
  <testcase classname="seleniumpoperties.AlwaysRunExample" name="testcase1" time="0.000"/>
  <system-out/>
  <testcase classname="seleniumpoperties.AlwaysRunExample" name="testcase1" time="0.000"/>
  <system-out/>
  <testcase classname="seleniumpoperties.AlwaysRunExample" name="testcase1" time="0.000"/>
  <system-out/>
  <testcase classname="seleniumpoperties.AlwaysRunExample" name="testcase1" time="0.000"/>
  <system-out/>
  <testcase classname="seleniumpoperties.AlwaysRunExample" name="testcase1" time="0.000"/>
  <system-out/>
  <testcase classname="seleniumpoperties.AlwaysRunExample" name="testcase1" time="0.001"/>
  <system-out/>
  <testcase classname="seleniumpoperties.AlwaysRunExample" name="testcase1" time="0.000"/>
  <system-out/>
  <testcase classname="seleniumpoperties.AlwaysRunExample" name="testcase1" time="0.000"/>
  <system-out/>
  <testcase classname="seleniumpoperties.AlwaysRunExample" name="testcase1" time="0.000"/>
  <system-out/>
  <testcase classname="seleniumpoperties.AlwaysRunExample" name="testcase1" time="0.000"/>
  <system-out/>
  <testcase classname="seleniumpoperties.AlwaysRunExample" name="testcase1" time="0.000"/>
  <system-out/>
  <testcase classname="seleniumpoperties.AlwaysRunExample" name="testcase1" time="0.001"/>
  <system-out/>
  <testcase classname="seleniumpoperties.AlwaysRunExample" name="testcase1" time="0.000"/>
  <system-out/>
  <testcase classname="seleniumpoperties.AlwaysRunExample" name="testcase1" time="0.001"/>
  <system-out/>
  <testcase classname="seleniumpoperties.AlwaysRunExample" name="testcase1" time="0.000"/>
  <system-out/>
  <testcase classname="seleniumpoperties.AlwaysRunExample" name="testcase1" time="0.000"/>
  <system-out/>
  <testcase classname="seleniumpoperties.AlwaysRunExample" name="testcase1" time="0.000"/>
  <system-out/>
  <testcase classname="seleniumpoperties.AlwaysRunExample" name="testcase1" time="0.000"/>
  <system-out/>
  <testcase classname="seleniumpoperties.AlwaysRunExample" name="testcase1" time="0.000"/>
  <system-out/>
  <testcase classname="seleniumpoperties.AlwaysRunExample" name="testcase1" time="0.000"/>
  <system-out/>
  <testcase classname="seleniumpoperties.AlwaysRunExample" name="testcase1" time="0.000"/>
  <system-out/>
  <testcase classname="seleniumpoperties.AlwaysRunExample" name="testcase1" time="0.001"/>
  <system-out/>
  <testcase classname="seleniumpoperties.AlwaysRunExample" name="testcase1" time="0.000"/>
  <system-out/>
  <testcase classname="seleniumpoperties.AlwaysRunExample" name="testcase1" time="0.000"/>
  <system-out/>
  <testcase classname="seleniumpoperties.AlwaysRunExample" name="testcase1" time="0.000"/>
  <system-out/>
  <testcase classname="seleniumpoperties.AlwaysRunExample" name="testcase1" time="0.003"/>
  <system-out/>
  <testcase classname="seleniumpoperties.AlwaysRunExample" name="testcase1" time="0.000"/>
  <system-out/>
  <testcase classname="seleniumpoperties.AlwaysRunExample" name="testcase1" time="0.000"/>
  <system-out/>
  <testcase classname="seleniumpoperties.AlwaysRunExample" name="testcase1" time="0.000"/>
  <system-out/>
  <testcase classname="seleniumpoperties.AlwaysRunExample" name="testcase1" time="0.001"/>
  <system-out/>
  <testcase classname="seleniumpoperties.AlwaysRunExample" name="testcase1" time="0.000"/>
  <system-out/>
  <testcase classname="seleniumpoperties.AlwaysRunExample" name="testcase1" time="0.001"/>
  <system-out/>
  <testcase classname="seleniumpoperties.AlwaysRunExample" name="testcase1" time="0.001"/>
  <system-out/>
  <testcase classname="seleniumpoperties.AlwaysRunExample" name="testcase1" time="0.000"/>
  <system-out/>
  <testcase classname="seleniumpoperties.AlwaysRunExample" name="testcase1" time="0.004"/>
  <system-out/>
  <testcase classname="seleniumpoperties.AlwaysRunExample" name="testcase1" time="0.000"/>
  <system-out/>
  <testcase classname="seleniumpoperties.AlwaysRunExample" name="testcase1" time="0.000"/>
  <system-out/>
  <testcase classname="seleniumpoperties.AlwaysRunExample" name="testcase1" time="0.000"/>
  <system-out/>
  <testcase classname="seleniumpoperties.AlwaysRunExample" name="testcase1" time="0.001"/>
  <system-out/>
  <testcase classname="seleniumpoperties.AlwaysRunExample" name="testcase1" time="0.000"/>
  <system-out/>
  <testcase classname="seleniumpoperties.AlwaysRunExample" name="testcase1" time="0.000"/>
  <system-out/>
  <testcase classname="seleniumpoperties.AlwaysRunExample" name="testcase1" time="0.000"/>
  <system-out/>
  <testcase classname="seleniumpoperties.AlwaysRunExample" name="testcase1" time="0.000"/>
  <system-out/>
  <testcase classname="seleniumpoperties.AlwaysRunExample" name="testcase1" time="0.000"/>
  <system-out/>
  <testcase classname="seleniumpoperties.AlwaysRunExample" name="testcase1" time="0.000"/>
  <system-out/>
  <testcase classname="seleniumpoperties.AlwaysRunExample" name="testcase1" time="0.000"/>
  <system-out/>
  <testcase classname="seleniumpoperties.AlwaysRunExample" name="testcase1" time="0.000"/>
  <system-out/>
  <testcase classname="seleniumpoperties.AlwaysRunExample" name="testcase1" time="0.000"/>
  <system-out/>
  <testcase classname="seleniumpoperties.AlwaysRunExample" name="testcase1" time="0.000"/>
  <system-out/>
  <testcase classname="seleniumpoperties.AlwaysRunExample" name="testcase1" time="0.000"/>
  <system-out/>
  <testcase classname="seleniumpoperties.AlwaysRunExample" name="testcase1" time="0.000"/>
  <system-out/>
  <testcase classname="seleniumpoperties.AlwaysRunExample" name="testcase1" time="0.000"/>
  <system-out/>
  <testcase classname="seleniumpoperties.AlwaysRunExample" name="testcase1" time="0.000"/>
  <system-out/>
  <testcase classname="seleniumpoperties.AlwaysRunExample" name="testcase1" time="0.000"/>
  <system-out/>
  <testcase classname="seleniumpoperties.AlwaysRunExample" name="testcase1" time="0.000"/>
  <system-out/>
  <testcase classname="seleniumpoperties.AlwaysRunExample" name="testcase1" time="0.000"/>
  <system-out/>
  <testcase classname="seleniumpoperties.AlwaysRunExample" name="testcase1" time="0.000"/>
  <system-out/>
  <testcase classname="seleniumpoperties.AlwaysRunExample" name="testcase1" time="0.000"/>
  <system-out/>
  <testcase classname="seleniumpoperties.AlwaysRunExample" name="testcase1" time="0.000"/>
  <system-out/>
  <testcase classname="seleniumpoperties.AlwaysRunExample" name="testcase1" time="0.000"/>
  <system-out/>
  <testcase classname="seleniumpoperties.AlwaysRunExample" name="testcase1" time="0.000"/>
  <system-out/>
  <testcase classname="seleniumpoperties.AlwaysRunExample" name="testcase1" time="0.000"/>
  <system-out/>
  <testcase classname="seleniumpoperties.AlwaysRunExample" name="testcase1" time="0.000"/>
  <system-out/>
  <testcase classname="seleniumpoperties.AlwaysRunExample" name="testcase1" time="0.000"/>
  <system-out/>
  <testcase classname="seleniumpoperties.AlwaysRunExample" name="testcase1" time="0.000"/>
  <system-out/>
  <testcase classname="seleniumpoperties.AlwaysRunExample" name="testcase1" time="0.000"/>
  <system-out/>
  <testcase classname="seleniumpoperties.AlwaysRunExample" name="testcase1" time="0.000"/>
  <system-out/>
  <testcase classname="seleniumpoperties.AlwaysRunExample" name="testcase1" time="0.000"/>
  <system-out/>
  <testcase classname="seleniumpoperties.AlwaysRunExample" name="testcase1" time="0.000"/>
  <system-out/>
  <testcase classname="seleniumpoperties.AlwaysRunExample" name="testcase1" time="0.000"/>
  <system-out/>
  <testcase classname="seleniumpoperties.AlwaysRunExample" name="testcase1" time="0.000"/>
  <system-out/>
  <testcase classname="seleniumpoperties.AlwaysRunExample" name="testcase1" time="0.000"/>
  <system-out/>
  <testcase classname="seleniumpoperties.AlwaysRunExample" name="testcase1" time="0.001"/>
  <system-out/>
  <testcase classname="seleniumpoperties.AlwaysRunExample" name="testcase1" time="0.000"/>
  <system-out/>
  <testcase classname="seleniumpoperties.AlwaysRunExample" name="testcase1" time="0.000"/>
  <system-out/>
  <testcase classname="seleniumpoperties.AlwaysRunExample" name="testcase1" time="0.001"/>
  <system-out/>
  <testcase classname="seleniumpoperties.AlwaysRunExample" name="testcase1" time="0.000"/>
  <system-out/>
  <testcase classname="seleniumpoperties.AlwaysRunExample" name="testcase1" time="0.001"/>
  <system-out/>
  <testcase classname="seleniumpoperties.AlwaysRunExample" name="testcase1" time="0.000"/>
  <system-out/>
  <testcase classname="seleniumpoperties.AlwaysRunExample" name="testcase1" time="0.000"/>
  <system-out/>
  <testcase classname="seleniumpoperties.AlwaysRunExample" name="testcase1" time="0.000"/>
  <system-out/>
  <testcase classname="seleniumpoperties.AlwaysRunExample" name="testcase1" time="0.000"/>
  <system-out/>
  <testcase classname="seleniumpoperties.AlwaysRunExample" name="testcase1" time="0.000"/>
  <system-out/>
  <testcase classname="seleniumpoperties.AlwaysRunExample" name="testcase1" time="0.000"/>
  <system-out/>
  <testcase classname="seleniumpoperties.AlwaysRunExample" name="testcase1" time="0.000"/>
  <system-out/>
  <testcase classname="seleniumpoperties.AlwaysRunExample" name="testcase1" time="0.000"/>
  <system-out/>
  <testcase classname="seleniumpoperties.AlwaysRunExample" name="testcase1" time="0.000"/>
  <system-out/>
  <testcase classname="seleniumpoperties.AlwaysRunExample" name="testcase1" time="0.000"/>
  <system-out/>
  <testcase classname="seleniumpoperties.AlwaysRunExample" name="testcase1" time="0.000"/>
  <system-out/>
  <testcase classname="seleniumpoperties.AlwaysRunExample" name="testcase1" time="0.000"/>
  <system-out/>
  <testcase classname="seleniumpoperties.AlwaysRunExample" name="testcase1" time="0.000"/>
  <system-out/>
  <testcase classname="seleniumpoperties.AlwaysRunExample" name="testcase1" time="0.000"/>
  <system-out/>
  <testcase classname="seleniumpoperties.AlwaysRunExample" name="testcase1" time="0.000"/>
  <system-out/>
  <testcase classname="seleniumpoperties.AlwaysRunExample" name="testcase1" time="0.000"/>
  <system-out/>
  <testcase classname="seleniumpoperties.AlwaysRunExample" name="testcase1" time="0.001"/>
  <system-out/>
  <testcase classname="seleniumpoperties.AlwaysRunExample" name="testcase1" time="0.000"/>
  <system-out/>
  <testcase classname="seleniumpoperties.AlwaysRunExample" name="testcase1" time="0.000"/>
  <system-out/>
  <testcase classname="seleniumpoperties.AlwaysRunExample" name="testcase1" time="0.001"/>
  <system-out/>
  <testcase classname="seleniumpoperties.AlwaysRunExample" name="testcase1" time="0.000"/>
  <system-out/>
  <testcase classname="seleniumpoperties.AlwaysRunExample" name="testcase1" time="0.000"/>
  <system-out/>
  <testcase classname="seleniumpoperties.AlwaysRunExample" name="testcase1" time="0.001"/>
  <system-out/>
  <testcase classname="seleniumpoperties.AlwaysRunExample" name="testcase1" time="0.001"/>
  <system-out/>
  <testcase classname="seleniumpoperties.AlwaysRunExample" name="testcase1" time="0.000"/>
  <system-out/>
  <testcase classname="seleniumpoperties.AlwaysRunExample" name="testcase1" time="0.001"/>
  <system-out/>
  <testcase classname="seleniumpoperties.AlwaysRunExample" name="testcase1" time="0.000"/>
  <system-out/>
  <testcase classname="seleniumpoperties.AlwaysRunExample" name="testcase1" time="0.000"/>
  <system-out/>
  <testcase classname="seleniumpoperties.AlwaysRunExample" name="testcase1" time="0.000"/>
  <system-out/>
  <testcase classname="seleniumpoperties.AlwaysRunExample" name="testcase1" time="0.000"/>
  <system-out/>
  <testcase classname="seleniumpoperties.AlwaysRunExample" name="testcase1" time="0.000"/>
  <system-out/>
  <testcase classname="seleniumpoperties.AlwaysRunExample" name="testcase1" time="0.000"/>
  <system-out/>
  <testcase classname="seleniumpoperties.AlwaysRunExample" name="testcase1" time="0.000"/>
  <system-out/>
  <testcase classname="seleniumpoperties.AlwaysRunExample" name="testcase1" time="0.000"/>
  <system-out/>
  <testcase classname="seleniumpoperties.AlwaysRunExample" name="testcase1" time="0.000"/>
  <system-out/>
  <testcase classname="seleniumpoperties.AlwaysRunExample" name="testcase1" time="0.000"/>
  <system-out/>
  <testcase classname="seleniumpoperties.AlwaysRunExample" name="testcase1" time="0.000"/>
  <system-out/>
  <testcase classname="seleniumpoperties.AlwaysRunExample" name="testcase1" time="0.000"/>
  <system-out/>
  <testcase classname="seleniumpoperties.AlwaysRunExample" name="testcase1" time="0.001"/>
  <system-out/>
  <testcase classname="seleniumpoperties.AlwaysRunExample" name="testcase1" time="0.000"/>
  <system-out/>
  <testcase classname="seleniumpoperties.AlwaysRunExample" name="testcase1" time="0.000"/>
  <system-out/>
  <testcase classname="seleniumpoperties.AlwaysRunExample" name="testcase1" time="0.000"/>
  <system-out/>
  <testcase classname="seleniumpoperties.AlwaysRunExample" name="testcase1" time="0.000"/>
  <system-out/>
  <testcase classname="seleniumpoperties.AlwaysRunExample" name="testcase1" time="0.001"/>
  <system-out/>
  <testcase classname="seleniumpoperties.AlwaysRunExample" name="testcase1" time="0.000"/>
  <system-out/>
  <testcase classname="seleniumpoperties.AlwaysRunExample" name="testcase1" time="0.000"/>
  <system-out/>
  <testcase classname="seleniumpoperties.AlwaysRunExample" name="testcase1" time="0.000"/>
  <system-out/>
  <testcase classname="seleniumpoperties.AlwaysRunExample" name="testcase1" time="0.000"/>
  <system-out/>
  <testcase classname="seleniumpoperties.AlwaysRunExample" name="testcase1" time="0.000"/>
  <system-out/>
  <testcase classname="seleniumpoperties.AlwaysRunExample" name="testcase1" time="0.000"/>
  <system-out/>
  <testcase classname="seleniumpoperties.AlwaysRunExample" name="testcase1" time="0.001"/>
  <system-out/>
  <testcase classname="seleniumpoperties.AlwaysRunExample" name="testcase1" time="0.000"/>
  <system-out/>
  <testcase classname="seleniumpoperties.AlwaysRunExample" name="testcase1" time="0.002"/>
  <system-out/>
  <testcase classname="seleniumpoperties.AlwaysRunExample" name="testcase1" time="0.000"/>
  <system-out/>
  <testcase classname="seleniumpoperties.AlwaysRunExample" name="testcase1" time="0.000"/>
  <system-out/>
  <testcase classname="seleniumpoperties.AlwaysRunExample" name="testcase1" time="0.000"/>
  <system-out/>
  <testcase classname="seleniumpoperties.AlwaysRunExample" name="testcase1" time="0.000"/>
  <system-out/>
  <testcase classname="seleniumpoperties.AlwaysRunExample" name="testcase1" time="0.000"/>
  <system-out/>
  <testcase classname="seleniumpoperties.AlwaysRunExample" name="testcase1" time="0.000"/>
  <system-out/>
  <testcase classname="seleniumpoperties.AlwaysRunExample" name="testcase1" time="0.001"/>
  <system-out/>
  <testcase classname="seleniumpoperties.AlwaysRunExample" name="testcase1" time="0.000"/>
  <system-out/>
  <testcase classname="seleniumpoperties.AlwaysRunExample" name="testcase1" time="0.000"/>
  <system-out/>
  <testcase classname="seleniumpoperties.AlwaysRunExample" name="testcase1" time="0.000"/>
  <system-out/>
  <testcase classname="seleniumpoperties.AlwaysRunExample" name="testcase1" time="0.000"/>
  <system-out/>
  <testcase classname="seleniumpoperties.AlwaysRunExample" name="testcase1" time="0.001"/>
  <system-out/>
  <testcase classname="seleniumpoperties.AlwaysRunExample" name="testcase1" time="0.000"/>
  <system-out/>
  <testcase classname="seleniumpoperties.AlwaysRunExample" name="testcase1" time="0.000"/>
  <system-out/>
  <testcase classname="seleniumpoperties.AlwaysRunExample" name="testcase1" time="0.000"/>
  <system-out/>
  <testcase classname="seleniumpoperties.AlwaysRunExample" name="testcase1" time="0.000"/>
  <system-out/>
  <testcase classname="seleniumpoperties.AlwaysRunExample" name="testcase1" time="0.000"/>
  <system-out/>
  <testcase classname="seleniumpoperties.AlwaysRunExample" name="testcase1" time="0.000"/>
  <system-out/>
  <testcase classname="seleniumpoperties.AlwaysRunExample" name="testcase1" time="0.000"/>
  <system-out/>
  <testcase classname="seleniumpoperties.AlwaysRunExample" name="testcase1" time="0.000"/>
  <system-out/>
  <testcase classname="seleniumpoperties.AlwaysRunExample" name="testcase1" time="0.000"/>
  <system-out/>
  <testcase classname="seleniumpoperties.AlwaysRunExample" name="testcase1" time="0.000"/>
  <system-out/>
  <testcase classname="seleniumpoperties.AlwaysRunExample" name="testcase1" time="0.000"/>
  <system-out/>
  <testcase classname="seleniumpoperties.AlwaysRunExample" name="testcase1" time="0.000"/>
  <system-out/>
  <testcase classname="seleniumpoperties.AlwaysRunExample" name="testcase1" time="0.000"/>
  <system-out/>
  <testcase classname="seleniumpoperties.AlwaysRunExample" name="testcase1" time="0.000"/>
  <system-out/>
  <testcase classname="seleniumpoperties.AlwaysRunExample" name="testcase1" time="0.000"/>
  <system-out/>
  <testcase classname="seleniumpoperties.AlwaysRunExample" name="testcase1" time="0.000"/>
  <system-out/>
  <testcase classname="seleniumpoperties.AlwaysRunExample" name="testcase1" time="0.000"/>
  <system-out/>
  <testcase classname="seleniumpoperties.AlwaysRunExample" name="testcase1" time="0.000"/>
  <system-out/>
  <testcase classname="seleniumpoperties.AlwaysRunExample" name="testcase1" time="0.000"/>
  <system-out/>
  <testcase classname="seleniumpoperties.AlwaysRunExample" name="testcase1" time="0.000"/>
  <system-out/>
  <testcase classname="seleniumpoperties.AlwaysRunExample" name="testcase1" time="0.001"/>
  <system-out/>
  <testcase classname="seleniumpoperties.AlwaysRunExample" name="testcase1" time="0.001"/>
  <system-out/>
  <testcase classname="seleniumpoperties.AlwaysRunExample" name="testcase1" time="0.000"/>
  <system-out/>
  <testcase classname="seleniumpoperties.AlwaysRunExample" name="testcase1" time="0.000"/>
  <system-out/>
  <testcase classname="seleniumpoperties.AlwaysRunExample" name="testcase1" time="0.000"/>
  <system-out/>
  <testcase classname="seleniumpoperties.AlwaysRunExample" name="testcase1" time="0.000"/>
  <system-out/>
  <testcase classname="seleniumpoperties.AlwaysRunExample" name="testcase1" time="0.966"/>
  <system-out/>
  <testcase classname="seleniumpoperties.AlwaysRunExample" name="testcase1" time="0.000"/>
  <system-out/>
  <testcase classname="seleniumpoperties.AlwaysRunExample" name="testcase1" time="0.001"/>
  <system-out/>
  <testcase classname="seleniumpoperties.AlwaysRunExample" name="testcase1" time="0.000"/>
  <system-out/>
  <testcase classname="seleniumpoperties.AlwaysRunExample" name="testcase1" time="0.001"/>
  <system-out/>
  <testcase classname="seleniumpoperties.AlwaysRunExample" name="testcase1" time="0.001"/>
  <system-out/>
  <testcase classname="seleniumpoperties.AlwaysRunExample" name="testcase1" time="0.000"/>
  <system-out/>
  <testcase classname="seleniumpoperties.AlwaysRunExample" name="testcase1" time="0.001"/>
  <system-out/>
  <testcase classname="seleniumpoperties.AlwaysRunExample" name="testcase1" time="0.000"/>
  <system-out/>
  <testcase classname="seleniumpoperties.AlwaysRunExample" name="testcase1" time="0.000"/>
  <system-out/>
  <testcase classname="seleniumpoperties.AlwaysRunExample" name="testcase1" time="0.001"/>
  <system-out/>
  <testcase classname="seleniumpoperties.AlwaysRunExample" name="testcase1" time="0.002"/>
  <system-out/>
  <testcase classname="seleniumpoperties.AlwaysRunExample" name="testcase1" time="0.000"/>
  <system-out/>
  <testcase classname="seleniumpoperties.AlwaysRunExample" name="testcase1" time="0.000"/>
  <system-out/>
  <testcase classname="seleniumpoperties.AlwaysRunExample" name="testcase1" time="0.000"/>
  <system-out/>
  <testcase classname="seleniumpoperties.AlwaysRunExample" name="testcase1" time="0.000"/>
  <system-out/>
  <testcase classname="seleniumpoperties.AlwaysRunExample" name="testcase1" time="0.001"/>
  <system-out/>
  <testcase classname="seleniumpoperties.AlwaysRunExample" name="testcase1" time="0.000"/>
  <system-out/>
  <testcase classname="seleniumpoperties.AlwaysRunExample" name="testcase1" time="0.000"/>
  <system-out/>
  <testcase classname="seleniumpoperties.AlwaysRunExample" name="testcase1" time="0.000"/>
  <system-out/>
  <testcase classname="seleniumpoperties.AlwaysRunExample" name="testcase1" time="0.000"/>
  <system-out/>
  <testcase classname="seleniumpoperties.AlwaysRunExample" name="testcase1" time="0.000"/>
  <system-out/>
  <testcase classname="seleniumpoperties.AlwaysRunExample" name="testcase1" time="0.000"/>
  <system-out/>
  <testcase classname="seleniumpoperties.AlwaysRunExample" name="testcase1" time="0.000"/>
  <system-out/>
  <testcase classname="seleniumpoperties.AlwaysRunExample" name="testcase1" time="0.000"/>
  <system-out/>
  <testcase classname="seleniumpoperties.AlwaysRunExample" name="testcase1" time="0.000"/>
  <system-out/>
  <testcase classname="seleniumpoperties.AlwaysRunExample" name="testcase1" time="0.000"/>
  <system-out/>
  <testcase classname="seleniumpoperties.AlwaysRunExample" name="testcase1" time="0.000"/>
  <system-out/>
  <testcase classname="seleniumpoperties.AlwaysRunExample" name="testcase1" time="0.000"/>
  <system-out/>
  <testcase classname="seleniumpoperties.AlwaysRunExample" name="testcase1" time="0.000"/>
  <system-out/>
  <testcase classname="seleniumpoperties.AlwaysRunExample" name="testcase1" time="0.000"/>
  <system-out/>
  <testcase classname="seleniumpoperties.AlwaysRunExample" name="testcase1" time="0.000"/>
  <system-out/>
  <testcase classname="seleniumpoperties.AlwaysRunExample" name="testcase1" time="0.001"/>
  <system-out/>
  <testcase classname="seleniumpoperties.AlwaysRunExample" name="testcase1" time="0.000"/>
  <system-out/>
  <testcase classname="seleniumpoperties.AlwaysRunExample" name="testcase1" time="0.000"/>
  <system-out/>
  <testcase classname="seleniumpoperties.AlwaysRunExample" name="testcase1" time="0.000"/>
  <system-out/>
  <testcase classname="seleniumpoperties.AlwaysRunExample" name="testcase1" time="0.000"/>
  <system-out/>
  <testcase classname="seleniumpoperties.AlwaysRunExample" name="testcase1" time="0.000"/>
  <system-out/>
  <testcase classname="seleniumpoperties.AlwaysRunExample" name="testcase1" time="0.000"/>
  <system-out/>
  <testcase classname="seleniumpoperties.AlwaysRunExample" name="testcase1" time="0.001"/>
  <system-out/>
  <testcase classname="seleniumpoperties.AlwaysRunExample" name="testcase1" time="0.000"/>
  <system-out/>
  <testcase classname="seleniumpoperties.AlwaysRunExample" name="testcase1" time="0.000"/>
  <system-out/>
  <testcase classname="seleniumpoperties.AlwaysRunExample" name="testcase1" time="0.000"/>
  <system-out/>
  <testcase classname="seleniumpoperties.AlwaysRunExample" name="testcase1" time="0.000"/>
  <system-out/>
  <testcase classname="seleniumpoperties.AlwaysRunExample" name="testcase1" time="0.000"/>
  <system-out/>
  <testcase classname="seleniumpoperties.AlwaysRunExample" name="testcase1" time="0.000"/>
  <system-out/>
  <testcase classname="seleniumpoperties.AlwaysRunExample" name="testcase1" time="0.000"/>
  <system-out/>
  <testcase classname="seleniumpoperties.AlwaysRunExample" name="testcase1" time="0.001"/>
  <system-out/>
  <testcase classname="seleniumpoperties.AlwaysRunExample" name="testcase1" time="0.000"/>
  <system-out/>
  <testcase classname="seleniumpoperties.AlwaysRunExample" name="testcase1" time="0.000"/>
  <system-out/>
  <testcase classname="seleniumpoperties.AlwaysRunExample" name="testcase1" time="0.000"/>
  <system-out/>
  <testcase classname="seleniumpoperties.AlwaysRunExample" name="testcase1" time="0.000"/>
  <system-out/>
  <testcase classname="seleniumpoperties.AlwaysRunExample" name="testcase1" time="0.001"/>
  <system-out/>
  <testcase classname="seleniumpoperties.AlwaysRunExample" name="testcase1" time="0.000"/>
  <system-out/>
  <testcase classname="seleniumpoperties.AlwaysRunExample" name="testcase1" time="0.000"/>
  <system-out/>
  <testcase classname="seleniumpoperties.AlwaysRunExample" name="testcase1" time="0.000"/>
  <system-out/>
  <testcase classname="seleniumpoperties.AlwaysRunExample" name="testcase1" time="0.000"/>
  <system-out/>
  <testcase classname="seleniumpoperties.AlwaysRunExample" name="testcase1" time="0.000"/>
  <system-out/>
  <testcase classname="seleniumpoperties.AlwaysRunExample" name="testcase1" time="0.000"/>
  <system-out/>
  <testcase classname="seleniumpoperties.AlwaysRunExample" name="testcase1" time="0.000"/>
  <system-out/>
  <testcase classname="seleniumpoperties.AlwaysRunExample" name="testcase1" time="0.000"/>
  <system-out/>
  <testcase classname="seleniumpoperties.AlwaysRunExample" name="testcase1" time="0.001"/>
  <system-out/>
  <testcase classname="seleniumpoperties.AlwaysRunExample" name="testcase1" time="0.000"/>
  <system-out/>
  <testcase classname="seleniumpoperties.AlwaysRunExample" name="testcase1" time="0.000"/>
  <system-out/>
  <testcase classname="seleniumpoperties.AlwaysRunExample" name="testcase1" time="0.001"/>
  <system-out/>
  <testcase classname="seleniumpoperties.AlwaysRunExample" name="testcase1" time="0.000"/>
  <system-out/>
  <testcase classname="seleniumpoperties.AlwaysRunExample" name="testcase1" time="0.000"/>
  <system-out/>
  <testcase classname="seleniumpoperties.AlwaysRunExample" name="testcase1" time="0.000"/>
  <system-out/>
  <testcase classname="seleniumpoperties.AlwaysRunExample" name="testcase1" time="0.000"/>
  <system-out/>
  <testcase classname="seleniumpoperties.AlwaysRunExample" name="testcase1" time="0.000"/>
  <system-out/>
  <testcase classname="seleniumpoperties.AlwaysRunExample" name="testcase1" time="0.000"/>
  <system-out/>
  <testcase classname="seleniumpoperties.AlwaysRunExample" name="testcase1" time="0.001"/>
  <system-out/>
  <testcase classname="seleniumpoperties.AlwaysRunExample" name="testcase1" time="0.000"/>
  <system-out/>
  <testcase classname="seleniumpoperties.AlwaysRunExample" name="testcase1" time="0.001"/>
  <system-out/>
  <testcase classname="seleniumpoperties.AlwaysRunExample" name="testcase1" time="0.000"/>
  <system-out/>
  <testcase classname="seleniumpoperties.AlwaysRunExample" name="testcase1" time="0.000"/>
  <system-out/>
  <testcase classname="seleniumpoperties.AlwaysRunExample" name="testcase1" time="0.000"/>
  <system-out/>
  <testcase classname="seleniumpoperties.AlwaysRunExample" name="testcase1" time="0.000"/>
  <system-out/>
  <testcase classname="seleniumpoperties.AlwaysRunExample" name="testcase1" time="0.001"/>
  <system-out/>
  <testcase classname="seleniumpoperties.AlwaysRunExample" name="testcase1" time="0.000"/>
  <system-out/>
  <testcase classname="seleniumpoperties.AlwaysRunExample" name="testcase1" time="0.000"/>
  <system-out/>
  <testcase classname="seleniumpoperties.AlwaysRunExample" name="testcase1" time="0.000"/>
  <system-out/>
  <testcase classname="seleniumpoperties.AlwaysRunExample" name="testcase1" time="0.000"/>
  <system-out/>
  <testcase classname="seleniumpoperties.AlwaysRunExample" name="testcase1" time="0.001"/>
  <system-out/>
  <testcase classname="seleniumpoperties.AlwaysRunExample" name="testcase1" time="0.000"/>
  <system-out/>
  <testcase classname="seleniumpoperties.AlwaysRunExample" name="testcase1" time="0.000"/>
  <system-out/>
  <testcase classname="seleniumpoperties.AlwaysRunExample" name="testcase1" time="0.000"/>
  <system-out/>
  <testcase classname="seleniumpoperties.AlwaysRunExample" name="testcase1" time="0.001"/>
  <system-out/>
  <testcase classname="seleniumpoperties.AlwaysRunExample" name="testcase1" time="0.000"/>
  <system-out/>
  <testcase classname="seleniumpoperties.AlwaysRunExample" name="testcase1" time="0.000"/>
  <system-out/>
  <testcase classname="seleniumpoperties.AlwaysRunExample" name="testcase1" time="0.000"/>
  <system-out/>
  <testcase classname="seleniumpoperties.AlwaysRunExample" name="testcase1" time="0.001"/>
  <system-out/>
  <testcase classname="seleniumpoperties.AlwaysRunExample" name="testcase1" time="0.001"/>
  <system-out/>
  <testcase classname="seleniumpoperties.AlwaysRunExample" name="testcase1" time="0.000"/>
  <system-out/>
  <testcase classname="seleniumpoperties.AlwaysRunExample" name="testcase1" time="0.000"/>
  <system-out/>
  <testcase classname="seleniumpoperties.AlwaysRunExample" name="testcase1" time="0.001"/>
  <system-out/>
  <testcase classname="seleniumpoperties.AlwaysRunExample" name="testcase1" time="0.000"/>
  <system-out/>
  <testcase classname="seleniumpoperties.AlwaysRunExample" name="testcase1" time="0.000"/>
  <system-out/>
  <testcase classname="seleniumpoperties.AlwaysRunExample" name="testcase1" time="0.000"/>
  <system-out/>
  <testcase classname="seleniumpoperties.AlwaysRunExample" name="testcase1" time="0.000"/>
  <system-out/>
  <testcase classname="seleniumpoperties.AlwaysRunExample" name="testcase1" time="0.000"/>
  <system-out/>
  <testcase classname="seleniumpoperties.AlwaysRunExample" name="testcase1" time="0.001"/>
  <system-out/>
  <testcase classname="seleniumpoperties.AlwaysRunExample" name="testcase1" time="0.000"/>
  <system-out/>
  <testcase classname="seleniumpoperties.AlwaysRunExample" name="testcase1" time="0.001"/>
  <system-out/>
  <testcase classname="seleniumpoperties.AlwaysRunExample" name="testcase1" time="0.000"/>
  <system-out/>
  <testcase classname="seleniumpoperties.AlwaysRunExample" name="testcase1" time="0.001"/>
  <system-out/>
  <testcase classname="seleniumpoperties.AlwaysRunExample" name="testcase1" time="0.000"/>
  <system-out/>
  <testcase classname="seleniumpoperties.AlwaysRunExample" name="testcase1" time="0.000"/>
  <system-out/>
  <testcase classname="seleniumpoperties.AlwaysRunExample" name="testcase1" time="0.000"/>
  <system-out/>
  <testcase classname="seleniumpoperties.AlwaysRunExample" name="testcase1" time="0.000"/>
  <system-out/>
  <testcase classname="seleniumpoperties.AlwaysRunExample" name="testcase1" time="0.000"/>
  <system-out/>
  <testcase classname="seleniumpoperties.AlwaysRunExample" name="testcase1" time="0.000"/>
  <system-out/>
  <testcase classname="seleniumpoperties.AlwaysRunExample" name="testcase1" time="0.001"/>
  <system-out/>
  <testcase classname="seleniumpoperties.AlwaysRunExample" name="testcase1" time="0.001"/>
  <system-out/>
  <testcase classname="seleniumpoperties.AlwaysRunExample" name="testcase1" time="0.000"/>
  <system-out/>
  <testcase classname="seleniumpoperties.AlwaysRunExample" name="testcase1" time="0.000"/>
  <system-out/>
  <testcase classname="seleniumpoperties.AlwaysRunExample" name="testcase1" time="0.000"/>
  <system-out/>
  <testcase classname="seleniumpoperties.AlwaysRunExample" name="testcase1" time="0.000"/>
  <system-out/>
  <testcase classname="seleniumpoperties.AlwaysRunExample" name="testcase1" time="0.001"/>
  <system-out/>
  <testcase classname="seleniumpoperties.AlwaysRunExample" name="testcase1" time="0.000"/>
  <system-out/>
  <testcase classname="seleniumpoperties.AlwaysRunExample" name="testcase1" time="0.000"/>
  <system-out/>
  <testcase classname="seleniumpoperties.AlwaysRunExample" name="testcase1" time="0.000"/>
  <system-out/>
  <testcase classname="seleniumpoperties.AlwaysRunExample" name="testcase1" time="0.000"/>
  <system-out/>
  <testcase classname="seleniumpoperties.AlwaysRunExample" name="testcase1" time="0.000"/>
  <system-out/>
  <testcase classname="seleniumpoperties.AlwaysRunExample" name="testcase1" time="0.000"/>
  <system-out/>
  <testcase classname="seleniumpoperties.AlwaysRunExample" name="testcase1" time="0.000"/>
  <system-out/>
  <testcase classname="seleniumpoperties.AlwaysRunExample" name="testcase1" time="0.000"/>
  <system-out/>
  <testcase classname="seleniumpoperties.AlwaysRunExample" name="testcase1" time="0.000"/>
  <system-out/>
  <testcase classname="seleniumpoperties.AlwaysRunExample" name="testcase1" time="0.000"/>
  <system-out/>
  <testcase classname="seleniumpoperties.AlwaysRunExample" name="testcase1" time="0.000"/>
  <system-out/>
  <testcase classname="seleniumpoperties.AlwaysRunExample" name="testcase1" time="0.000"/>
  <system-out/>
  <testcase classname="seleniumpoperties.AlwaysRunExample" name="testcase1" time="0.000"/>
  <system-out/>
  <testcase classname="seleniumpoperties.AlwaysRunExample" name="testcase1" time="0.000"/>
  <system-out/>
  <testcase classname="seleniumpoperties.AlwaysRunExample" name="testcase1" time="0.000"/>
  <system-out/>
  <testcase classname="seleniumpoperties.AlwaysRunExample" name="testcase1" time="0.000"/>
  <system-out/>
  <testcase classname="seleniumpoperties.AlwaysRunExample" name="testcase1" time="0.000"/>
  <system-out/>
  <testcase classname="seleniumpoperties.AlwaysRunExample" name="testcase1" time="0.000"/>
  <system-out/>
  <testcase classname="seleniumpoperties.AlwaysRunExample" name="testcase1" time="0.001"/>
  <system-out/>
  <testcase classname="seleniumpoperties.AlwaysRunExample" name="testcase1" time="0.000"/>
  <system-out/>
  <testcase classname="seleniumpoperties.AlwaysRunExample" name="testcase1" time="0.000"/>
  <system-out/>
  <testcase classname="seleniumpoperties.AlwaysRunExample" name="testcase1" time="0.001"/>
  <system-out/>
  <testcase classname="seleniumpoperties.AlwaysRunExample" name="testcase1" time="0.000"/>
  <system-out/>
  <testcase classname="seleniumpoperties.AlwaysRunExample" name="testcase1" time="0.000"/>
  <system-out/>
  <testcase classname="seleniumpoperties.AlwaysRunExample" name="testcase1" time="0.001"/>
  <system-out/>
  <testcase classname="seleniumpoperties.AlwaysRunExample" name="testcase1" time="0.000"/>
  <system-out/>
  <testcase classname="seleniumpoperties.AlwaysRunExample" name="testcase1" time="0.000"/>
  <system-out/>
  <testcase classname="seleniumpoperties.AlwaysRunExample" name="testcase1" time="0.000"/>
  <system-out/>
  <testcase classname="seleniumpoperties.AlwaysRunExample" name="testcase1" time="0.001"/>
  <system-out/>
  <testcase classname="seleniumpoperties.AlwaysRunExample" name="testcase1" time="0.000"/>
  <system-out/>
  <testcase classname="seleniumpoperties.AlwaysRunExample" name="testcase1" time="0.000"/>
  <system-out/>
  <testcase classname="seleniumpoperties.AlwaysRunExample" name="testcase1" time="0.000"/>
  <system-out/>
  <testcase classname="seleniumpoperties.AlwaysRunExample" name="testcase1" time="0.000"/>
  <system-out/>
  <testcase classname="seleniumpoperties.AlwaysRunExample" name="testcase1" time="0.000"/>
  <system-out/>
  <testcase classname="seleniumpoperties.AlwaysRunExample" name="testcase1" time="0.000"/>
  <system-out/>
  <testcase classname="seleniumpoperties.AlwaysRunExample" name="testcase1" time="0.001"/>
  <system-out/>
  <testcase classname="seleniumpoperties.AlwaysRunExample" name="testcase1" time="0.000"/>
  <system-out/>
  <testcase classname="seleniumpoperties.AlwaysRunExample" name="testcase1" time="0.000"/>
  <system-out/>
  <testcase classname="seleniumpoperties.AlwaysRunExample" name="testcase1" time="0.000"/>
  <system-out/>
  <testcase classname="seleniumpoperties.AlwaysRunExample" name="testcase1" time="0.000"/>
  <system-out/>
  <testcase classname="seleniumpoperties.AlwaysRunExample" name="testcase1" time="0.001"/>
  <system-out/>
  <testcase classname="seleniumpoperties.AlwaysRunExample" name="testcase1" time="0.000"/>
  <system-out/>
  <testcase classname="seleniumpoperties.AlwaysRunExample" name="testcase1" time="0.000"/>
  <system-out/>
  <testcase classname="seleniumpoperties.AlwaysRunExample" name="testcase1" time="0.001"/>
  <system-out/>
  <testcase classname="seleniumpoperties.AlwaysRunExample" name="testcase1" time="0.000"/>
  <system-out/>
  <testcase classname="seleniumpoperties.AlwaysRunExample" name="testcase1" time="0.000"/>
  <system-out/>
  <testcase classname="seleniumpoperties.AlwaysRunExample" name="testcase1" time="0.000"/>
  <system-out/>
  <testcase classname="seleniumpoperties.AlwaysRunExample" name="testcase1" time="0.001"/>
  <system-out/>
  <testcase classname="seleniumpoperties.AlwaysRunExample" name="testcase1" time="0.000"/>
  <system-out/>
  <testcase classname="seleniumpoperties.AlwaysRunExample" name="testcase1" time="0.000"/>
  <system-out/>
  <testcase classname="seleniumpoperties.AlwaysRunExample" name="testcase1" time="0.000"/>
  <system-out/>
  <testcase classname="seleniumpoperties.AlwaysRunExample" name="testcase1" time="0.000"/>
  <system-out/>
  <testcase classname="seleniumpoperties.AlwaysRunExample" name="testcase1" time="0.000"/>
  <system-out/>
  <testcase classname="seleniumpoperties.AlwaysRunExample" name="testcase1" time="0.000"/>
  <system-out/>
  <testcase classname="seleniumpoperties.AlwaysRunExample" name="testcase1" time="0.000"/>
  <system-out/>
  <testcase classname="seleniumpoperties.AlwaysRunExample" name="testcase1" time="0.001"/>
  <system-out/>
  <testcase classname="seleniumpoperties.AlwaysRunExample" name="testcase1" time="0.000"/>
  <system-out/>
  <testcase classname="seleniumpoperties.AlwaysRunExample" name="testcase1" time="0.001"/>
  <system-out/>
  <testcase classname="seleniumpoperties.AlwaysRunExample" name="testcase1" time="0.000"/>
  <system-out/>
  <testcase classname="seleniumpoperties.AlwaysRunExample" name="testcase1" time="0.000"/>
  <system-out/>
  <testcase classname="seleniumpoperties.AlwaysRunExample" name="testcase1" time="0.000"/>
  <system-out/>
  <testcase classname="seleniumpoperties.AlwaysRunExample" name="testcase1" time="0.000"/>
  <system-out/>
  <testcase classname="seleniumpoperties.AlwaysRunExample" name="testcase1" time="0.001"/>
  <system-out/>
  <testcase classname="seleniumpoperties.AlwaysRunExample" name="testcase1" time="0.001"/>
  <system-out/>
  <testcase classname="seleniumpoperties.AlwaysRunExample" name="testcase1" time="0.000"/>
  <system-out/>
  <testcase classname="seleniumpoperties.AlwaysRunExample" name="testcase1" time="0.000"/>
  <system-out/>
  <testcase classname="seleniumpoperties.AlwaysRunExample" name="testcase1" time="0.000"/>
  <system-out/>
  <testcase classname="seleniumpoperties.AlwaysRunExample" name="testcase1" time="0.000"/>
  <system-out/>
  <testcase classname="seleniumpoperties.AlwaysRunExample" name="testcase1" time="0.000"/>
  <system-out/>
  <testcase classname="seleniumpoperties.AlwaysRunExample" name="testcase1" time="0.000"/>
  <system-out/>
  <testcase classname="seleniumpoperties.AlwaysRunExample" name="testcase1" time="0.001"/>
  <system-out/>
  <testcase classname="seleniumpoperties.AlwaysRunExample" name="testcase1" time="0.000"/>
  <system-out/>
  <testcase classname="seleniumpoperties.AlwaysRunExample" name="testcase1" time="0.001"/>
  <system-out/>
  <testcase classname="seleniumpoperties.AlwaysRunExample" name="testcase1" time="0.000"/>
  <system-out/>
  <testcase classname="seleniumpoperties.AlwaysRunExample" name="testcase1" time="0.000"/>
  <system-out/>
  <testcase classname="seleniumpoperties.AlwaysRunExample" name="testcase1" time="0.000"/>
  <system-out/>
  <testcase classname="seleniumpoperties.AlwaysRunExample" name="testcase1" time="0.000"/>
  <system-out/>
  <testcase classname="seleniumpoperties.AlwaysRunExample" name="testcase1" time="0.000"/>
  <system-out/>
  <testcase classname="seleniumpoperties.AlwaysRunExample" name="testcase1" time="0.000"/>
  <system-out/>
  <testcase classname="seleniumpoperties.AlwaysRunExample" name="testcase1" time="0.000"/>
  <system-out/>
  <testcase classname="seleniumpoperties.AlwaysRunExample" name="testcase1" time="0.000"/>
  <system-out/>
  <testcase classname="seleniumpoperties.AlwaysRunExample" name="testcase1" time="0.000"/>
  <system-out/>
  <testcase classname="seleniumpoperties.AlwaysRunExample" name="testcase1" time="0.000"/>
  <system-out/>
  <testcase classname="seleniumpoperties.AlwaysRunExample" name="testcase1" time="0.000"/>
  <system-out/>
  <testcase classname="seleniumpoperties.AlwaysRunExample" name="testcase1" time="0.001"/>
  <system-out/>
  <testcase classname="seleniumpoperties.AlwaysRunExample" name="testcase1" time="0.000"/>
  <system-out/>
  <testcase classname="seleniumpoperties.AlwaysRunExample" name="testcase1" time="0.000"/>
  <system-out/>
  <testcase classname="seleniumpoperties.AlwaysRunExample" name="testcase1" time="0.001"/>
  <system-out/>
  <testcase classname="seleniumpoperties.AlwaysRunExample" name="testcase1" time="0.000"/>
  <system-out/>
  <testcase classname="seleniumpoperties.AlwaysRunExample" name="testcase1" time="0.000"/>
  <system-out/>
  <testcase classname="seleniumpoperties.AlwaysRunExample" name="testcase1" time="0.001"/>
  <system-out/>
  <testcase classname="seleniumpoperties.AlwaysRunExample" name="testcase1" time="0.000"/>
  <system-out/>
  <testcase classname="seleniumpoperties.AlwaysRunExample" name="testcase1" time="0.000"/>
  <system-out/>
  <testcase classname="seleniumpoperties.AlwaysRunExample" name="testcase1" time="0.000"/>
  <system-out/>
  <testcase classname="seleniumpoperties.AlwaysRunExample" name="testcase1" time="0.000"/>
  <system-out/>
  <testcase classname="seleniumpoperties.AlwaysRunExample" name="testcase1" time="0.000"/>
  <system-out/>
  <testcase classname="seleniumpoperties.AlwaysRunExample" name="testcase1" time="0.000"/>
  <system-out/>
  <testcase classname="seleniumpoperties.AlwaysRunExample" name="testcase1" time="0.000"/>
  <system-out/>
  <testcase classname="seleniumpoperties.AlwaysRunExample" name="testcase1" time="0.001"/>
  <system-out/>
  <testcase classname="seleniumpoperties.AlwaysRunExample" name="testcase1" time="0.001"/>
  <system-out/>
  <testcase classname="seleniumpoperties.AlwaysRunExample" name="testcase1" time="0.000"/>
  <system-out/>
  <testcase classname="seleniumpoperties.AlwaysRunExample" name="testcase1" time="0.001"/>
  <system-out/>
  <testcase classname="seleniumpoperties.AlwaysRunExample" name="testcase1" time="0.000"/>
  <system-out/>
  <testcase classname="seleniumpoperties.AlwaysRunExample" name="testcase1" time="0.000"/>
  <system-out/>
  <testcase classname="seleniumpoperties.AlwaysRunExample" name="testcase1" time="0.001"/>
  <system-out/>
  <testcase classname="seleniumpoperties.AlwaysRunExample" name="testcase1" time="0.000"/>
  <system-out/>
  <testcase classname="seleniumpoperties.AlwaysRunExample" name="testcase1" time="0.000"/>
  <system-out/>
  <testcase classname="seleniumpoperties.AlwaysRunExample" name="testcase1" time="0.000"/>
  <system-out/>
  <testcase classname="seleniumpoperties.AlwaysRunExample" name="testcase1" time="0.003"/>
  <system-out/>
  <testcase classname="seleniumpoperties.AlwaysRunExample" name="testcase1" time="0.000"/>
  <system-out/>
  <testcase classname="seleniumpoperties.AlwaysRunExample" name="testcase1" time="0.000"/>
  <system-out/>
  <testcase classname="seleniumpoperties.AlwaysRunExample" name="testcase1" time="0.001"/>
  <system-out/>
  <testcase classname="seleniumpoperties.AlwaysRunExample" name="testcase1" time="0.000"/>
  <system-out/>
  <testcase classname="seleniumpoperties.AlwaysRunExample" name="testcase1" time="0.000"/>
  <system-out/>
  <testcase classname="seleniumpoperties.AlwaysRunExample" name="testcase1" time="0.000"/>
  <system-out/>
  <testcase classname="seleniumpoperties.AlwaysRunExample" name="testcase1" time="0.000"/>
  <system-out/>
  <testcase classname="seleniumpoperties.AlwaysRunExample" name="testcase1" time="0.000"/>
  <system-out/>
  <testcase classname="seleniumpoperties.AlwaysRunExample" name="testcase1" time="0.000"/>
  <system-out/>
  <testcase classname="seleniumpoperties.AlwaysRunExample" name="testcase1" time="0.000"/>
  <system-out/>
  <testcase classname="seleniumpoperties.AlwaysRunExample" name="testcase1" time="0.001"/>
  <system-out/>
  <testcase classname="seleniumpoperties.AlwaysRunExample" name="testcase1" time="0.000"/>
  <system-out/>
  <testcase classname="seleniumpoperties.AlwaysRunExample" name="testcase1" time="0.000"/>
  <system-out/>
  <testcase classname="seleniumpoperties.AlwaysRunExample" name="testcase1" time="0.000"/>
  <system-out/>
  <testcase classname="seleniumpoperties.AlwaysRunExample" name="testcase1" time="0.000"/>
  <system-out/>
  <testcase classname="seleniumpoperties.AlwaysRunExample" name="testcase1" time="0.000"/>
  <system-out/>
  <testcase classname="seleniumpoperties.AlwaysRunExample" name="testcase1" time="0.000"/>
  <system-out/>
  <testcase classname="seleniumpoperties.AlwaysRunExample" name="testcase1" time="0.000"/>
  <system-out/>
  <testcase classname="seleniumpoperties.AlwaysRunExample" name="testcase1" time="0.000"/>
  <system-out/>
  <testcase classname="seleniumpoperties.AlwaysRunExample" name="testcase1" time="0.001"/>
  <system-out/>
  <testcase classname="seleniumpoperties.AlwaysRunExample" name="testcase1" time="0.000"/>
  <system-out/>
  <testcase classname="seleniumpoperties.AlwaysRunExample" name="testcase1" time="0.000"/>
  <system-out/>
  <testcase classname="seleniumpoperties.AlwaysRunExample" name="testcase1" time="0.000"/>
  <system-out/>
  <testcase classname="seleniumpoperties.AlwaysRunExample" name="testcase1" time="0.000"/>
  <system-out/>
  <testcase classname="seleniumpoperties.AlwaysRunExample" name="testcase1" time="0.000"/>
  <system-out/>
  <testcase classname="seleniumpoperties.AlwaysRunExample" name="testcase1" time="0.000"/>
  <system-out/>
  <testcase classname="seleniumpoperties.AlwaysRunExample" name="testcase1" time="0.001"/>
  <system-out/>
  <testcase classname="seleniumpoperties.AlwaysRunExample" name="testcase1" time="0.000"/>
  <system-out/>
  <testcase classname="seleniumpoperties.AlwaysRunExample" name="testcase1" time="0.000"/>
  <system-out/>
  <testcase classname="seleniumpoperties.AlwaysRunExample" name="testcase1" time="0.000"/>
  <system-out/>
  <testcase classname="seleniumpoperties.AlwaysRunExample" name="testcase1" time="0.000"/>
  <system-out/>
  <testcase classname="seleniumpoperties.AlwaysRunExample" name="testcase1" time="0.000"/>
  <system-out/>
  <testcase classname="seleniumpoperties.AlwaysRunExample" name="testcase1" time="0.000"/>
  <system-out/>
  <testcase classname="seleniumpoperties.AlwaysRunExample" name="testcase1" time="0.000"/>
  <system-out/>
  <testcase classname="seleniumpoperties.AlwaysRunExample" name="testcase1" time="0.000"/>
  <system-out/>
  <testcase classname="seleniumpoperties.AlwaysRunExample" name="testcase1" time="0.000"/>
  <system-out/>
  <testcase classname="seleniumpoperties.AlwaysRunExample" name="testcase1" time="0.001"/>
  <system-out/>
  <testcase classname="seleniumpoperties.AlwaysRunExample" name="testcase1" time="0.000"/>
  <system-out/>
  <testcase classname="seleniumpoperties.AlwaysRunExample" name="testcase1" time="0.001"/>
  <system-out/>
  <testcase classname="seleniumpoperties.AlwaysRunExample" name="testcase1" time="0.001"/>
  <system-out/>
  <testcase classname="seleniumpoperties.AlwaysRunExample" name="testcase1" time="0.000"/>
  <system-out/>
  <testcase classname="seleniumpoperties.AlwaysRunExample" name="testcase1" time="0.000"/>
  <system-out/>
  <testcase classname="seleniumpoperties.AlwaysRunExample" name="testcase1" time="0.001"/>
  <system-out/>
  <testcase classname="seleniumpoperties.AlwaysRunExample" name="testcase1" time="0.000"/>
  <system-out/>
  <testcase classname="seleniumpoperties.AlwaysRunExample" name="testcase1" time="0.000"/>
  <system-out/>
  <testcase classname="seleniumpoperties.AlwaysRunExample" name="testcase1" time="0.000"/>
  <system-out/>
  <testcase classname="seleniumpoperties.AlwaysRunExample" name="testcase1" time="0.001"/>
  <system-out/>
  <testcase classname="seleniumpoperties.AlwaysRunExample" name="testcase1" time="0.000"/>
  <system-out/>
  <testcase classname="seleniumpoperties.AlwaysRunExample" name="testcase1" time="0.000"/>
  <system-out/>
  <testcase classname="seleniumpoperties.AlwaysRunExample" name="testcase1" time="0.000"/>
  <system-out/>
  <testcase classname="seleniumpoperties.AlwaysRunExample" name="testcase1" time="0.000"/>
  <system-out/>
  <testcase classname="seleniumpoperties.AlwaysRunExample" name="testcase1" time="0.000"/>
  <system-out/>
  <testcase classname="seleniumpoperties.AlwaysRunExample" name="testcase1" time="0.000"/>
  <system-out/>
  <testcase classname="seleniumpoperties.AlwaysRunExample" name="testcase1" time="0.000"/>
  <system-out/>
  <testcase classname="seleniumpoperties.AlwaysRunExample" name="testcase1" time="0.001"/>
  <system-out/>
  <testcase classname="seleniumpoperties.AlwaysRunExample" name="testcase1" time="0.001"/>
  <system-out/>
  <testcase classname="seleniumpoperties.AlwaysRunExample" name="testcase1" time="0.000"/>
  <system-out/>
  <testcase classname="seleniumpoperties.AlwaysRunExample" name="testcase1" time="0.000"/>
  <system-out/>
  <testcase classname="seleniumpoperties.AlwaysRunExample" name="testcase1" time="0.000"/>
  <system-out/>
  <testcase classname="seleniumpoperties.AlwaysRunExample" name="testcase1" time="0.000"/>
  <system-out/>
  <testcase classname="seleniumpoperties.AlwaysRunExample" name="testcase1" time="0.000"/>
  <system-out/>
  <testcase classname="seleniumpoperties.AlwaysRunExample" name="testcase1" time="0.000"/>
  <system-out/>
  <testcase classname="seleniumpoperties.AlwaysRunExample" name="testcase1" time="0.000"/>
  <system-out/>
  <testcase classname="seleniumpoperties.AlwaysRunExample" name="testcase1" time="0.000"/>
  <system-out/>
  <testcase classname="seleniumpoperties.AlwaysRunExample" name="testcase1" time="0.001"/>
  <system-out/>
  <testcase classname="seleniumpoperties.AlwaysRunExample" name="testcase1" time="0.000"/>
  <system-out/>
  <testcase classname="seleniumpoperties.AlwaysRunExample" name="testcase1" time="0.000"/>
  <system-out/>
  <testcase classname="seleniumpoperties.AlwaysRunExample" name="testcase1" time="0.001"/>
  <system-out/>
  <testcase classname="seleniumpoperties.AlwaysRunExample" name="testcase1" time="0.000"/>
  <system-out/>
  <testcase classname="seleniumpoperties.AlwaysRunExample" name="testcase1" time="0.000"/>
  <system-out/>
  <testcase classname="seleniumpoperties.AlwaysRunExample" name="testcase1" time="0.000"/>
  <system-out/>
  <testcase classname="seleniumpoperties.AlwaysRunExample" name="testcase1" time="0.000"/>
  <system-out/>
  <testcase classname="seleniumpoperties.AlwaysRunExample" name="testcase1" time="0.000"/>
  <system-out/>
  <testcase classname="seleniumpoperties.AlwaysRunExample" name="testcase1" time="0.000"/>
  <system-out/>
  <testcase classname="seleniumpoperties.AlwaysRunExample" name="testcase1" time="0.000"/>
  <system-out/>
  <testcase classname="seleniumpoperties.AlwaysRunExample" name="testcase1" time="0.001"/>
  <system-out/>
  <testcase classname="seleniumpoperties.AlwaysRunExample" name="testcase1" time="0.000"/>
  <system-out/>
  <testcase classname="seleniumpoperties.AlwaysRunExample" name="testcase1" time="0.000"/>
  <system-out/>
  <testcase classname="seleniumpoperties.AlwaysRunExample" name="testcase1" time="0.000"/>
  <system-out/>
  <testcase classname="seleniumpoperties.AlwaysRunExample" name="testcase1" time="0.000"/>
  <system-out/>
  <testcase classname="seleniumpoperties.AlwaysRunExample" name="testcase1" time="0.000"/>
  <system-out/>
  <testcase classname="seleniumpoperties.AlwaysRunExample" name="testcase1" time="0.000"/>
  <system-out/>
  <testcase classname="seleniumpoperties.AlwaysRunExample" name="testcase1" time="0.000"/>
  <system-out/>
  <testcase classname="seleniumpoperties.AlwaysRunExample" name="testcase1" time="0.000"/>
  <system-out/>
  <testcase classname="seleniumpoperties.AlwaysRunExample" name="testcase1" time="0.000"/>
  <system-out/>
  <testcase classname="seleniumpoperties.AlwaysRunExample" name="testcase1" time="0.000"/>
  <system-out/>
  <testcase classname="seleniumpoperties.AlwaysRunExample" name="testcase1" time="0.000"/>
  <system-out/>
  <testcase classname="seleniumpoperties.AlwaysRunExample" name="testcase1" time="0.000"/>
  <system-out/>
  <testcase classname="seleniumpoperties.AlwaysRunExample" name="testcase1" time="0.000"/>
  <system-out/>
  <testcase classname="seleniumpoperties.AlwaysRunExample" name="testcase1" time="0.000"/>
  <system-out/>
  <testcase classname="seleniumpoperties.AlwaysRunExample" name="testcase1" time="0.000"/>
  <system-out/>
  <testcase classname="seleniumpoperties.AlwaysRunExample" name="testcase1" time="0.000"/>
  <system-out/>
  <testcase classname="seleniumpoperties.AlwaysRunExample" name="testcase1" time="0.000"/>
  <system-out/>
  <testcase classname="seleniumpoperties.AlwaysRunExample" name="testcase1" time="0.000"/>
  <system-out/>
  <testcase classname="seleniumpoperties.AlwaysRunExample" name="testcase1" time="0.000"/>
  <system-out/>
  <testcase classname="seleniumpoperties.AlwaysRunExample" name="testcase1" time="0.000"/>
  <system-out/>
  <testcase classname="seleniumpoperties.AlwaysRunExample" name="testcase1" time="0.000"/>
  <system-out/>
  <testcase classname="seleniumpoperties.AlwaysRunExample" name="testcase1" time="0.000"/>
  <system-out/>
  <testcase classname="seleniumpoperties.AlwaysRunExample" name="testcase1" time="0.000"/>
  <system-out/>
  <testcase classname="seleniumpoperties.AlwaysRunExample" name="testcase1" time="0.000"/>
  <system-out/>
  <testcase classname="seleniumpoperties.AlwaysRunExample" name="testcase1" time="0.000"/>
  <system-out/>
  <testcase classname="seleniumpoperties.AlwaysRunExample" name="testcase1" time="0.000"/>
  <system-out/>
  <testcase classname="seleniumpoperties.AlwaysRunExample" name="testcase1" time="0.000"/>
  <system-out/>
  <testcase classname="seleniumpoperties.AlwaysRunExample" name="testcase1" time="0.000"/>
  <system-out/>
  <testcase classname="seleniumpoperties.AlwaysRunExample" name="testcase1" time="0.001"/>
  <system-out/>
  <testcase classname="seleniumpoperties.AlwaysRunExample" name="testcase1" time="0.000"/>
  <system-out/>
  <testcase classname="seleniumpoperties.AlwaysRunExample" name="testcase1" time="0.000"/>
  <system-out/>
  <testcase classname="seleniumpoperties.AlwaysRunExample" name="testcase1" time="0.000"/>
  <system-out/>
  <testcase classname="seleniumpoperties.AlwaysRunExample" name="testcase1" time="0.000"/>
  <system-out/>
  <testcase classname="seleniumpoperties.AlwaysRunExample" name="testcase1" time="0.001"/>
  <system-out/>
  <testcase classname="seleniumpoperties.AlwaysRunExample" name="testcase1" time="0.000"/>
  <system-out/>
  <testcase classname="seleniumpoperties.AlwaysRunExample" name="testcase1" time="0.001"/>
  <system-out/>
  <testcase classname="seleniumpoperties.AlwaysRunExample" name="testcase1" time="0.000"/>
  <system-out/>
  <testcase classname="seleniumpoperties.AlwaysRunExample" name="testcase1" time="0.000"/>
  <system-out/>
  <testcase classname="seleniumpoperties.AlwaysRunExample" name="testcase1" time="0.000"/>
  <system-out/>
  <testcase classname="seleniumpoperties.AlwaysRunExample" name="testcase1" time="0.000"/>
  <system-out/>
  <testcase classname="seleniumpoperties.AlwaysRunExample" name="testcase1" time="0.000"/>
  <system-out/>
  <testcase classname="seleniumpoperties.AlwaysRunExample" name="testcase1" time="0.000"/>
  <system-out/>
  <testcase classname="seleniumpoperties.AlwaysRunExample" name="testcase1" time="0.000"/>
  <system-out/>
  <testcase classname="seleniumpoperties.AlwaysRunExample" name="testcase1" time="0.000"/>
  <system-out/>
  <testcase classname="seleniumpoperties.AlwaysRunExample" name="testcase1" time="0.000"/>
  <system-out/>
  <testcase classname="seleniumpoperties.AlwaysRunExample" name="testcase1" time="0.000"/>
  <system-out/>
  <testcase classname="seleniumpoperties.AlwaysRunExample" name="testcase1" time="0.000"/>
  <system-out/>
  <testcase classname="seleniumpoperties.AlwaysRunExample" name="testcase1" time="0.000"/>
  <system-out/>
  <testcase classname="seleniumpoperties.AlwaysRunExample" name="testcase1" time="0.001"/>
  <system-out/>
  <testcase classname="seleniumpoperties.AlwaysRunExample" name="testcase1" time="0.000"/>
  <system-out/>
  <testcase classname="seleniumpoperties.AlwaysRunExample" name="testcase1" time="0.000"/>
  <system-out/>
  <testcase classname="seleniumpoperties.AlwaysRunExample" name="testcase1" time="0.000"/>
  <system-out/>
  <testcase classname="seleniumpoperties.AlwaysRunExample" name="testcase1" time="0.002"/>
  <system-out/>
  <testcase classname="seleniumpoperties.AlwaysRunExample" name="testcase1" time="0.000"/>
  <system-out/>
  <testcase classname="seleniumpoperties.AlwaysRunExample" name="testcase1" time="0.000"/>
  <system-out/>
  <testcase classname="seleniumpoperties.AlwaysRunExample" name="testcase1" time="0.000"/>
  <system-out/>
  <testcase classname="seleniumpoperties.AlwaysRunExample" name="testcase1" time="0.001"/>
  <system-out/>
  <testcase classname="seleniumpoperties.AlwaysRunExample" name="testcase1" time="0.000"/>
  <system-out/>
  <testcase classname="seleniumpoperties.AlwaysRunExample" name="testcase1" time="0.000"/>
  <system-out/>
  <testcase classname="seleniumpoperties.AlwaysRunExample" name="testcase1" time="0.000"/>
  <system-out/>
  <testcase classname="seleniumpoperties.AlwaysRunExample" name="testcase1" time="0.001"/>
  <system-out/>
  <testcase classname="seleniumpoperties.AlwaysRunExample" name="testcase1" time="0.001"/>
  <system-out/>
  <testcase classname="seleniumpoperties.AlwaysRunExample" name="testcase1" time="0.000"/>
  <system-out/>
  <testcase classname="seleniumpoperties.AlwaysRunExample" name="testcase1" time="0.001"/>
  <system-out/>
  <testcase classname="seleniumpoperties.AlwaysRunExample" name="testcase1" time="0.000"/>
  <system-out/>
  <testcase classname="seleniumpoperties.AlwaysRunExample" name="testcase1" time="0.000"/>
  <system-out/>
  <testcase classname="seleniumpoperties.AlwaysRunExample" name="testcase1" time="0.000"/>
  <system-out/>
  <testcase classname="seleniumpoperties.AlwaysRunExample" name="testcase1" time="0.000"/>
  <system-out/>
  <testcase classname="seleniumpoperties.AlwaysRunExample" name="testcase1" time="0.000"/>
  <system-out/>
  <testcase classname="seleniumpoperties.AlwaysRunExample" name="testcase1" time="0.000"/>
  <system-out/>
  <testcase classname="seleniumpoperties.AlwaysRunExample" name="testcase1" time="0.000"/>
  <system-out/>
  <testcase classname="seleniumpoperties.AlwaysRunExample" name="testcase1" time="0.000"/>
  <system-out/>
  <testcase classname="seleniumpoperties.AlwaysRunExample" name="testcase1" time="0.000"/>
  <system-out/>
  <testcase classname="seleniumpoperties.AlwaysRunExample" name="testcase1" time="0.000"/>
  <system-out/>
  <testcase classname="seleniumpoperties.AlwaysRunExample" name="testcase1" time="0.000"/>
  <system-out/>
  <testcase classname="seleniumpoperties.AlwaysRunExample" name="testcase1" time="0.000"/>
  <system-out/>
  <testcase classname="seleniumpoperties.AlwaysRunExample" name="testcase1" time="0.001"/>
  <system-out/>
  <testcase classname="seleniumpoperties.AlwaysRunExample" name="testcase1" time="0.000"/>
  <system-out/>
  <testcase classname="seleniumpoperties.AlwaysRunExample" name="testcase1" time="0.000"/>
  <system-out/>
  <testcase classname="seleniumpoperties.AlwaysRunExample" name="testcase1" time="0.000"/>
  <system-out/>
  <testcase classname="seleniumpoperties.AlwaysRunExample" name="testcase1" time="0.000"/>
  <system-out/>
  <testcase classname="seleniumpoperties.AlwaysRunExample" name="testcase1" time="0.000"/>
  <system-out/>
  <testcase classname="seleniumpoperties.AlwaysRunExample" name="testcase1" time="0.001"/>
  <system-out/>
  <testcase classname="seleniumpoperties.AlwaysRunExample" name="testcase1" time="0.000"/>
  <system-out/>
  <testcase classname="seleniumpoperties.AlwaysRunExample" name="testcase1" time="0.000"/>
  <system-out/>
  <testcase classname="seleniumpoperties.AlwaysRunExample" name="testcase1" time="0.001"/>
  <system-out/>
  <testcase classname="seleniumpoperties.AlwaysRunExample" name="testcase1" time="0.000"/>
  <system-out/>
  <testcase classname="seleniumpoperties.AlwaysRunExample" name="testcase1" time="0.001"/>
  <system-out/>
  <testcase classname="seleniumpoperties.AlwaysRunExample" name="testcase1" time="0.001"/>
  <system-out/>
  <testcase classname="seleniumpoperties.AlwaysRunExample" name="testcase1" time="0.000"/>
  <system-out/>
  <testcase classname="seleniumpoperties.AlwaysRunExample" name="testcase1" time="0.000"/>
  <system-out/>
  <testcase classname="seleniumpoperties.AlwaysRunExample" name="testcase1" time="0.001"/>
  <system-out/>
  <testcase classname="seleniumpoperties.AlwaysRunExample" name="testcase1" time="0.000"/>
  <system-out/>
  <testcase classname="seleniumpoperties.AlwaysRunExample" name="testcase1" time="0.000"/>
  <system-out/>
  <testcase classname="seleniumpoperties.AlwaysRunExample" name="testcase1" time="0.001"/>
  <system-out/>
  <testcase classname="seleniumpoperties.AlwaysRunExample" name="testcase1" time="0.000"/>
  <system-out/>
  <testcase classname="seleniumpoperties.AlwaysRunExample" name="testcase1" time="0.000"/>
  <system-out/>
  <testcase classname="seleniumpoperties.AlwaysRunExample" name="testcase1" time="0.000"/>
  <system-out/>
  <testcase classname="seleniumpoperties.AlwaysRunExample" name="testcase1" time="0.000"/>
  <system-out/>
  <testcase classname="seleniumpoperties.AlwaysRunExample" name="testcase1" time="0.000"/>
  <system-out/>
  <testcase classname="seleniumpoperties.AlwaysRunExample" name="testcase1" time="0.000"/>
  <system-out/>
  <testcase classname="seleniumpoperties.AlwaysRunExample" name="testcase1" time="0.000"/>
  <system-out/>
  <testcase classname="seleniumpoperties.AlwaysRunExample" name="testcase1" time="0.000"/>
  <system-out/>
  <testcase classname="seleniumpoperties.AlwaysRunExample" name="testcase1" time="0.000"/>
  <system-out/>
  <testcase classname="seleniumpoperties.AlwaysRunExample" name="testcase1" time="0.000"/>
  <system-out/>
  <testcase classname="seleniumpoperties.AlwaysRunExample" name="testcase1" time="0.001"/>
  <system-out/>
  <testcase classname="seleniumpoperties.AlwaysRunExample" name="testcase1" time="0.001"/>
  <system-out/>
  <testcase classname="seleniumpoperties.AlwaysRunExample" name="testcase1" time="0.000"/>
  <system-out/>
  <testcase classname="seleniumpoperties.AlwaysRunExample" name="testcase1" time="0.000"/>
  <system-out/>
  <testcase classname="seleniumpoperties.AlwaysRunExample" name="testcase1" time="0.001"/>
  <system-out/>
  <testcase classname="seleniumpoperties.AlwaysRunExample" name="testcase1" time="0.001"/>
  <system-out/>
  <testcase classname="seleniumpoperties.AlwaysRunExample" name="testcase1" time="0.001"/>
  <system-out/>
  <testcase classname="seleniumpoperties.AlwaysRunExample" name="testcase1" time="0.000"/>
  <system-out/>
  <testcase classname="seleniumpoperties.AlwaysRunExample" name="testcase1" time="0.000"/>
  <system-out/>
  <testcase classname="seleniumpoperties.AlwaysRunExample" name="testcase1" time="0.000"/>
  <system-out/>
  <testcase classname="seleniumpoperties.AlwaysRunExample" name="testcase1" time="0.000"/>
  <system-out/>
  <testcase classname="seleniumpoperties.AlwaysRunExample" name="testcase1" time="0.000"/>
  <system-out/>
  <testcase classname="seleniumpoperties.AlwaysRunExample" name="testcase1" time="0.000"/>
  <system-out/>
  <testcase classname="seleniumpoperties.AlwaysRunExample" name="testcase1" time="0.001"/>
  <system-out/>
  <testcase classname="seleniumpoperties.AlwaysRunExample" name="testcase1" time="0.000"/>
  <system-out/>
  <testcase classname="seleniumpoperties.AlwaysRunExample" name="testcase1" time="0.000"/>
  <system-out/>
  <testcase classname="seleniumpoperties.AlwaysRunExample" name="testcase1" time="0.000"/>
  <system-out/>
  <testcase classname="seleniumpoperties.AlwaysRunExample" name="testcase1" time="0.000"/>
  <system-out/>
  <testcase classname="seleniumpoperties.AlwaysRunExample" name="testcase1" time="0.000"/>
  <system-out/>
  <testcase classname="seleniumpoperties.AlwaysRunExample" name="testcase1" time="0.000"/>
  <system-out/>
  <testcase classname="seleniumpoperties.AlwaysRunExample" name="testcase1" time="0.000"/>
  <system-out/>
  <testcase classname="seleniumpoperties.AlwaysRunExample" name="testcase1" time="1.168"/>
  <system-out/>
  <testcase classname="seleniumpoperties.AlwaysRunExample" name="testcase1" time="0.000"/>
  <system-out/>
  <testcase classname="seleniumpoperties.AlwaysRunExample" name="testcase1" time="0.000"/>
  <system-out/>
  <testcase classname="seleniumpoperties.AlwaysRunExample" name="testcase1" time="0.000"/>
  <system-out/>
  <testcase classname="seleniumpoperties.AlwaysRunExample" name="testcase1" time="0.000"/>
  <system-out/>
  <testcase classname="seleniumpoperties.AlwaysRunExample" name="testcase1" time="0.000"/>
  <system-out/>
  <testcase classname="seleniumpoperties.AlwaysRunExample" name="testcase1" time="0.000"/>
  <system-out/>
  <testcase classname="seleniumpoperties.AlwaysRunExample" name="testcase1" time="0.001"/>
  <system-out/>
  <testcase classname="seleniumpoperties.AlwaysRunExample" name="testcase1" time="0.000"/>
  <system-out/>
  <testcase classname="seleniumpoperties.AlwaysRunExample" name="testcase1" time="0.000"/>
  <system-out/>
  <testcase classname="seleniumpoperties.AlwaysRunExample" name="testcase1" time="0.000"/>
  <system-out/>
  <testcase classname="seleniumpoperties.AlwaysRunExample" name="testcase1" time="0.000"/>
  <system-out/>
  <testcase classname="seleniumpoperties.AlwaysRunExample" name="testcase1" time="0.000"/>
  <system-out/>
  <testcase classname="seleniumpoperties.AlwaysRunExample" name="testcase1" time="0.000"/>
  <system-out/>
  <testcase classname="seleniumpoperties.AlwaysRunExample" name="testcase1" time="0.000"/>
  <system-out/>
  <testcase classname="seleniumpoperties.AlwaysRunExample" name="testcase1" time="0.000"/>
  <system-out/>
  <testcase classname="seleniumpoperties.AlwaysRunExample" name="testcase1" time="0.000"/>
  <system-out/>
  <testcase classname="seleniumpoperties.AlwaysRunExample" name="testcase1" time="0.000"/>
  <system-out/>
  <testcase classname="seleniumpoperties.AlwaysRunExample" name="testcase1" time="0.000"/>
  <system-out/>
  <testcase classname="seleniumpoperties.AlwaysRunExample" name="testcase1" time="0.001"/>
  <system-out/>
  <testcase classname="seleniumpoperties.AlwaysRunExample" name="testcase1" time="0.000"/>
  <system-out/>
  <testcase classname="seleniumpoperties.AlwaysRunExample" name="testcase1" time="0.000"/>
  <system-out/>
  <testcase classname="seleniumpoperties.AlwaysRunExample" name="testcase1" time="0.000"/>
  <system-out/>
  <testcase classname="seleniumpoperties.AlwaysRunExample" name="testcase1" time="0.000"/>
  <system-out/>
  <testcase classname="seleniumpoperties.AlwaysRunExample" name="testcase1" time="0.001"/>
  <system-out/>
  <testcase classname="seleniumpoperties.AlwaysRunExample" name="testcase1" time="0.000"/>
  <system-out/>
  <testcase classname="seleniumpoperties.AlwaysRunExample" name="testcase1" time="0.001"/>
  <system-out/>
  <testcase classname="seleniumpoperties.AlwaysRunExample" name="testcase1" time="0.000"/>
  <system-out/>
  <testcase classname="seleniumpoperties.AlwaysRunExample" name="testcase1" time="0.001"/>
  <system-out/>
  <testcase classname="seleniumpoperties.AlwaysRunExample" name="testcase1" time="0.000"/>
  <system-out/>
  <testcase classname="seleniumpoperties.AlwaysRunExample" name="testcase1" time="0.001"/>
  <system-out/>
  <testcase classname="seleniumpoperties.AlwaysRunExample" name="testcase1" time="0.000"/>
  <system-out/>
  <testcase classname="seleniumpoperties.AlwaysRunExample" name="testcase1" time="0.000"/>
  <system-out/>
  <testcase classname="seleniumpoperties.AlwaysRunExample" name="testcase1" time="0.001"/>
  <system-out/>
  <testcase classname="seleniumpoperties.AlwaysRunExample" name="testcase1" time="0.000"/>
  <system-out/>
  <testcase classname="seleniumpoperties.AlwaysRunExample" name="testcase1" time="0.000"/>
  <system-out/>
  <testcase classname="seleniumpoperties.AlwaysRunExample" name="testcase1" time="0.000"/>
  <system-out/>
  <testcase classname="seleniumpoperties.AlwaysRunExample" name="testcase1" time="0.000"/>
  <system-out/>
  <testcase classname="seleniumpoperties.AlwaysRunExample" name="testcase1" time="0.001"/>
  <system-out/>
  <testcase classname="seleniumpoperties.AlwaysRunExample" name="testcase1" time="0.001"/>
  <system-out/>
  <testcase classname="seleniumpoperties.AlwaysRunExample" name="testcase1" time="0.001"/>
  <system-out/>
  <testcase classname="seleniumpoperties.AlwaysRunExample" name="testcase1" time="0.000"/>
  <system-out/>
  <testcase classname="seleniumpoperties.AlwaysRunExample" name="testcase1" time="0.000"/>
  <system-out/>
  <testcase classname="seleniumpoperties.AlwaysRunExample" name="testcase1" time="0.000"/>
  <system-out/>
  <testcase classname="seleniumpoperties.AlwaysRunExample" name="testcase1" time="0.000"/>
  <system-out/>
  <testcase classname="seleniumpoperties.AlwaysRunExample" name="testcase1" time="0.000"/>
  <system-out/>
  <testcase classname="seleniumpoperties.AlwaysRunExample" name="testcase1" time="0.000"/>
  <system-out/>
  <testcase classname="seleniumpoperties.AlwaysRunExample" name="testcase1" time="0.000"/>
  <system-out/>
  <testcase classname="seleniumpoperties.AlwaysRunExample" name="testcase1" time="0.000"/>
  <system-out/>
  <testcase classname="seleniumpoperties.AlwaysRunExample" name="testcase1" time="0.000"/>
  <system-out/>
  <testcase classname="seleniumpoperties.AlwaysRunExample" name="testcase1" time="0.000"/>
  <system-out/>
  <testcase classname="seleniumpoperties.AlwaysRunExample" name="testcase1" time="0.000"/>
  <system-out/>
  <testcase classname="seleniumpoperties.AlwaysRunExample" name="testcase1" time="0.001"/>
  <system-out/>
  <testcase classname="seleniumpoperties.AlwaysRunExample" name="testcase1" time="0.000"/>
  <system-out/>
  <testcase classname="seleniumpoperties.AlwaysRunExample" name="testcase1" time="0.000"/>
  <system-out/>
  <testcase classname="seleniumpoperties.AlwaysRunExample" name="testcase1" time="0.000"/>
  <system-out/>
  <testcase classname="seleniumpoperties.AlwaysRunExample" name="testcase1" time="0.000"/>
  <system-out/>
  <testcase classname="seleniumpoperties.AlwaysRunExample" name="testcase1" time="0.001"/>
  <system-out/>
  <testcase classname="seleniumpoperties.AlwaysRunExample" name="testcase1" time="0.001"/>
  <system-out/>
  <testcase classname="seleniumpoperties.AlwaysRunExample" name="testcase1" time="0.000"/>
  <system-out/>
  <testcase classname="seleniumpoperties.AlwaysRunExample" name="testcase1" time="0.001"/>
  <system-out/>
  <testcase classname="seleniumpoperties.AlwaysRunExample" name="testcase1" time="0.000"/>
  <system-out/>
  <testcase classname="seleniumpoperties.AlwaysRunExample" name="testcase1" time="0.000"/>
  <system-out/>
  <testcase classname="seleniumpoperties.AlwaysRunExample" name="testcase1" time="0.000"/>
  <system-out/>
  <testcase classname="seleniumpoperties.AlwaysRunExample" name="testcase1" time="0.000"/>
  <system-out/>
  <testcase classname="seleniumpoperties.AlwaysRunExample" name="testcase1" time="0.000"/>
  <system-out/>
  <testcase classname="seleniumpoperties.AlwaysRunExample" name="testcase1" time="0.000"/>
  <system-out/>
  <testcase classname="seleniumpoperties.AlwaysRunExample" name="testcase1" time="0.000"/>
  <system-out/>
  <testcase classname="seleniumpoperties.AlwaysRunExample" name="testcase1" time="0.000"/>
  <system-out/>
  <testcase classname="seleniumpoperties.AlwaysRunExample" name="testcase1" time="0.000"/>
  <system-out/>
  <testcase classname="seleniumpoperties.AlwaysRunExample" name="testcase1" time="0.000"/>
  <system-out/>
  <testcase classname="seleniumpoperties.AlwaysRunExample" name="testcase1" time="0.001"/>
  <system-out/>
  <testcase classname="seleniumpoperties.AlwaysRunExample" name="testcase1" time="0.000"/>
  <system-out/>
  <testcase classname="seleniumpoperties.AlwaysRunExample" name="testcase1" time="0.000"/>
  <system-out/>
  <testcase classname="seleniumpoperties.AlwaysRunExample" name="testcase1" time="0.000"/>
  <system-out/>
  <testcase classname="seleniumpoperties.AlwaysRunExample" name="testcase1" time="0.000"/>
  <system-out/>
  <testcase classname="seleniumpoperties.AlwaysRunExample" name="testcase1" time="0.000"/>
  <system-out/>
  <testcase classname="seleniumpoperties.AlwaysRunExample" name="testcase1" time="0.000"/>
  <system-out/>
  <testcase classname="seleniumpoperties.AlwaysRunExample" name="testcase1" time="0.000"/>
  <system-out/>
  <testcase classname="seleniumpoperties.AlwaysRunExample" name="testcase1" time="0.000"/>
  <system-out/>
  <testcase classname="seleniumpoperties.AlwaysRunExample" name="testcase1" time="0.000"/>
  <system-out/>
  <testcase classname="seleniumpoperties.AlwaysRunExample" name="testcase1" time="0.000"/>
  <system-out/>
  <testcase classname="seleniumpoperties.AlwaysRunExample" name="testcase1" time="0.000"/>
  <system-out/>
  <testcase classname="seleniumpoperties.AlwaysRunExample" name="testcase1" time="0.000"/>
  <system-out/>
  <testcase classname="seleniumpoperties.AlwaysRunExample" name="testcase1" time="0.000"/>
  <system-out/>
  <testcase classname="seleniumpoperties.AlwaysRunExample" name="testcase1" time="0.000"/>
  <system-out/>
  <testcase classname="seleniumpoperties.AlwaysRunExample" name="testcase1" time="0.001"/>
  <system-out/>
  <testcase classname="seleniumpoperties.AlwaysRunExample" name="testcase1" time="0.001"/>
  <system-out/>
  <testcase classname="seleniumpoperties.AlwaysRunExample" name="testcase1" time="0.000"/>
  <system-out/>
  <testcase classname="seleniumpoperties.AlwaysRunExample" name="testcase1" time="0.000"/>
  <system-out/>
  <testcase classname="seleniumpoperties.AlwaysRunExample" name="testcase1" time="0.000"/>
  <system-out/>
  <testcase classname="seleniumpoperties.AlwaysRunExample" name="testcase1" time="0.000"/>
  <system-out/>
  <testcase classname="seleniumpoperties.AlwaysRunExample" name="testcase1" time="0.001"/>
  <system-out/>
  <testcase classname="seleniumpoperties.AlwaysRunExample" name="testcase1" time="0.000"/>
  <system-out/>
  <testcase classname="seleniumpoperties.AlwaysRunExample" name="testcase1" time="0.000"/>
  <system-out/>
  <testcase classname="seleniumpoperties.AlwaysRunExample" name="testcase1" time="0.001"/>
  <system-out/>
  <testcase classname="seleniumpoperties.AlwaysRunExample" name="testcase1" time="0.000"/>
  <system-out/>
  <testcase classname="seleniumpoperties.AlwaysRunExample" name="testcase1" time="0.000"/>
  <system-out/>
  <testcase classname="seleniumpoperties.AlwaysRunExample" name="testcase1" time="0.001"/>
  <system-out/>
  <testcase classname="seleniumpoperties.AlwaysRunExample" name="testcase1" time="0.000"/>
  <system-out/>
  <testcase classname="seleniumpoperties.AlwaysRunExample" name="testcase1" time="0.001"/>
  <system-out/>
  <testcase classname="seleniumpoperties.AlwaysRunExample" name="testcase1" time="0.000"/>
  <system-out/>
  <testcase classname="seleniumpoperties.AlwaysRunExample" name="testcase1" time="0.000"/>
  <system-out/>
  <testcase classname="seleniumpoperties.AlwaysRunExample" name="testcase1" time="0.000"/>
  <system-out/>
  <testcase classname="seleniumpoperties.AlwaysRunExample" name="testcase1" time="0.000"/>
  <system-out/>
  <testcase classname="seleniumpoperties.AlwaysRunExample" name="testcase1" time="0.001"/>
  <system-out/>
  <testcase classname="seleniumpoperties.AlwaysRunExample" name="testcase1" time="0.000"/>
  <system-out/>
  <testcase classname="seleniumpoperties.AlwaysRunExample" name="testcase1" time="0.001"/>
  <system-out/>
  <testcase classname="seleniumpoperties.AlwaysRunExample" name="testcase1" time="0.000"/>
  <system-out/>
  <testcase classname="seleniumpoperties.AlwaysRunExample" name="testcase1" time="0.000"/>
  <system-out/>
  <testcase classname="seleniumpoperties.AlwaysRunExample" name="testcase1" time="0.000"/>
  <system-out/>
  <testcase classname="seleniumpoperties.AlwaysRunExample" name="testcase1" time="0.001"/>
  <system-out/>
  <testcase classname="seleniumpoperties.AlwaysRunExample" name="testcase1" time="0.000"/>
  <system-out/>
  <testcase classname="seleniumpoperties.AlwaysRunExample" name="testcase1" time="0.000"/>
  <system-out/>
  <testcase classname="seleniumpoperties.AlwaysRunExample" name="testcase1" time="0.000"/>
  <system-out/>
  <testcase classname="seleniumpoperties.AlwaysRunExample" name="testcase1" time="0.000"/>
  <system-out/>
  <testcase classname="seleniumpoperties.AlwaysRunExample" name="testcase1" time="0.000"/>
  <system-out/>
  <testcase classname="seleniumpoperties.AlwaysRunExample" name="testcase1" time="0.000"/>
  <system-out/>
  <testcase classname="seleniumpoperties.AlwaysRunExample" name="testcase1" time="0.000"/>
  <system-out/>
  <testcase classname="seleniumpoperties.AlwaysRunExample" name="testcase1" time="0.000"/>
  <system-out/>
  <testcase classname="seleniumpoperties.AlwaysRunExample" name="testcase1" time="0.000"/>
  <system-out/>
  <testcase classname="seleniumpoperties.AlwaysRunExample" name="testcase1" time="0.000"/>
  <system-out/>
  <testcase classname="seleniumpoperties.AlwaysRunExample" name="testcase1" time="0.000"/>
  <system-out/>
  <testcase classname="seleniumpoperties.AlwaysRunExample" name="testcase1" time="0.000"/>
  <system-out/>
  <testcase classname="seleniumpoperties.AlwaysRunExample" name="testcase1" time="0.000"/>
  <system-out/>
  <testcase classname="seleniumpoperties.AlwaysRunExample" name="testcase1" time="0.000"/>
  <system-out/>
  <testcase classname="seleniumpoperties.AlwaysRunExample" name="testcase1" time="0.000"/>
  <system-out/>
  <testcase classname="seleniumpoperties.AlwaysRunExample" name="testcase1" time="0.000"/>
  <system-out/>
  <testcase classname="seleniumpoperties.AlwaysRunExample" name="testcase1" time="0.000"/>
  <system-out/>
  <testcase classname="seleniumpoperties.AlwaysRunExample" name="testcase1" time="0.000"/>
  <system-out/>
  <testcase classname="seleniumpoperties.AlwaysRunExample" name="testcase1" time="0.001"/>
  <system-out/>
  <testcase classname="seleniumpoperties.AlwaysRunExample" name="testcase1" time="0.000"/>
  <system-out/>
  <testcase classname="seleniumpoperties.AlwaysRunExample" name="testcase1" time="0.000"/>
  <system-out/>
  <testcase classname="seleniumpoperties.AlwaysRunExample" name="testcase1" time="0.001"/>
  <system-out/>
  <testcase classname="seleniumpoperties.AlwaysRunExample" name="testcase1" time="0.000"/>
  <system-out/>
  <testcase classname="seleniumpoperties.AlwaysRunExample" name="testcase1" time="0.000"/>
  <system-out/>
  <testcase classname="seleniumpoperties.AlwaysRunExample" name="testcase1" time="0.001"/>
  <system-out/>
  <testcase classname="seleniumpoperties.AlwaysRunExample" name="testcase1" time="0.001"/>
  <system-out/>
  <testcase classname="seleniumpoperties.AlwaysRunExample" name="testcase1" time="0.000"/>
  <system-out/>
  <testcase classname="seleniumpoperties.AlwaysRunExample" name="testcase1" time="0.000"/>
  <system-out/>
  <testcase classname="seleniumpoperties.AlwaysRunExample" name="testcase1" time="0.001"/>
  <system-out/>
  <testcase classname="seleniumpoperties.AlwaysRunExample" name="testcase1" time="0.000"/>
  <system-out/>
  <testcase classname="seleniumpoperties.AlwaysRunExample" name="testcase1" time="0.000"/>
  <system-out/>
  <testcase classname="seleniumpoperties.AlwaysRunExample" name="testcase1" time="0.000"/>
  <system-out/>
  <testcase classname="seleniumpoperties.AlwaysRunExample" name="testcase1" time="0.000"/>
  <system-out/>
  <testcase classname="seleniumpoperties.AlwaysRunExample" name="testcase1" time="0.001"/>
  <system-out/>
  <testcase classname="seleniumpoperties.AlwaysRunExample" name="testcase1" time="0.000"/>
  <system-out/>
  <testcase classname="seleniumpoperties.AlwaysRunExample" name="testcase1" time="0.000"/>
  <system-out/>
  <testcase classname="seleniumpoperties.AlwaysRunExample" name="testcase1" time="0.000"/>
  <system-out/>
  <testcase classname="seleniumpoperties.AlwaysRunExample" name="testcase1" time="0.000"/>
  <system-out/>
  <testcase classname="seleniumpoperties.AlwaysRunExample" name="testcase1" time="0.000"/>
  <system-out/>
  <testcase classname="seleniumpoperties.AlwaysRunExample" name="testcase1" time="0.000"/>
  <system-out/>
  <testcase classname="seleniumpoperties.AlwaysRunExample" name="testcase1" time="0.000"/>
  <system-out/>
  <testcase classname="seleniumpoperties.AlwaysRunExample" name="testcase1" time="0.000"/>
  <system-out/>
  <testcase classname="seleniumpoperties.AlwaysRunExample" name="testcase1" time="0.000"/>
  <system-out/>
  <testcase classname="seleniumpoperties.AlwaysRunExample" name="testcase1" time="0.000"/>
  <system-out/>
  <testcase classname="seleniumpoperties.AlwaysRunExample" name="testcase1" time="0.001"/>
  <system-out/>
  <testcase classname="seleniumpoperties.AlwaysRunExample" name="testcase1" time="0.001"/>
  <system-out/>
  <testcase classname="seleniumpoperties.AlwaysRunExample" name="testcase1" time="0.000"/>
  <system-out/>
  <testcase classname="seleniumpoperties.AlwaysRunExample" name="testcase1" time="0.000"/>
  <system-out/>
  <testcase classname="seleniumpoperties.AlwaysRunExample" name="testcase1" time="0.000"/>
  <system-out/>
  <testcase classname="seleniumpoperties.AlwaysRunExample" name="testcase1" time="0.000"/>
  <system-out/>
  <testcase classname="seleniumpoperties.AlwaysRunExample" name="testcase1" time="0.000"/>
  <system-out/>
  <testcase classname="seleniumpoperties.AlwaysRunExample" name="testcase1" time="0.001"/>
  <system-out/>
  <testcase classname="seleniumpoperties.AlwaysRunExample" name="testcase1" time="0.000"/>
  <system-out/>
  <testcase classname="seleniumpoperties.AlwaysRunExample" name="testcase1" time="0.000"/>
  <system-out/>
  <testcase classname="seleniumpoperties.AlwaysRunExample" name="testcase1" time="0.000"/>
  <system-out/>
  <testcase classname="seleniumpoperties.AlwaysRunExample" name="testcase1" time="0.000"/>
  <system-out/>
  <testcase classname="seleniumpoperties.AlwaysRunExample" name="testcase1" time="0.000"/>
  <system-out/>
  <testcase classname="seleniumpoperties.AlwaysRunExample" name="testcase1" time="0.001"/>
  <system-out/>
  <testcase classname="seleniumpoperties.AlwaysRunExample" name="testcase1" time="0.000"/>
  <system-out/>
  <testcase classname="seleniumpoperties.AlwaysRunExample" name="testcase1" time="0.000"/>
  <system-out/>
  <testcase classname="seleniumpoperties.AlwaysRunExample" name="testcase1" time="0.000"/>
  <system-out/>
  <testcase classname="seleniumpoperties.AlwaysRunExample" name="testcase1" time="0.000"/>
  <system-out/>
  <testcase classname="seleniumpoperties.AlwaysRunExample" name="testcase1" time="0.000"/>
  <system-out/>
  <testcase classname="seleniumpoperties.AlwaysRunExample" name="testcase1" time="0.000"/>
  <system-out/>
  <testcase classname="seleniumpoperties.AlwaysRunExample" name="testcase1" time="0.000"/>
  <system-out/>
  <testcase classname="seleniumpoperties.AlwaysRunExample" name="testcase1" time="0.000"/>
  <system-out/>
  <testcase classname="seleniumpoperties.AlwaysRunExample" name="testcase1" time="0.001"/>
  <system-out/>
  <testcase classname="seleniumpoperties.AlwaysRunExample" name="testcase1" time="0.000"/>
  <system-out/>
  <testcase classname="seleniumpoperties.AlwaysRunExample" name="testcase1" time="0.000"/>
  <system-out/>
  <testcase classname="seleniumpoperties.AlwaysRunExample" name="testcase1" time="0.000"/>
  <system-out/>
  <testcase classname="seleniumpoperties.AlwaysRunExample" name="testcase1" time="0.000"/>
  <system-out/>
  <testcase classname="seleniumpoperties.AlwaysRunExample" name="testcase1" time="0.000"/>
  <system-out/>
  <testcase classname="seleniumpoperties.AlwaysRunExample" name="testcase1" time="0.000"/>
  <system-out/>
  <testcase classname="seleniumpoperties.AlwaysRunExample" name="testcase1" time="0.000"/>
  <system-out/>
  <testcase classname="seleniumpoperties.AlwaysRunExample" name="testcase1" time="0.000"/>
  <system-out/>
  <testcase classname="seleniumpoperties.AlwaysRunExample" name="testcase1" time="0.000"/>
  <system-out/>
  <testcase classname="seleniumpoperties.AlwaysRunExample" name="testcase1" time="0.000"/>
  <system-out/>
  <testcase classname="seleniumpoperties.AlwaysRunExample" name="testcase1" time="0.000"/>
  <system-out/>
  <testcase classname="seleniumpoperties.AlwaysRunExample" name="testcase1" time="0.000"/>
  <system-out/>
  <testcase classname="seleniumpoperties.AlwaysRunExample" name="testcase1" time="0.000"/>
  <system-out/>
  <testcase classname="seleniumpoperties.AlwaysRunExample" name="testcase1" time="0.000"/>
  <system-out/>
  <testcase classname="seleniumpoperties.AlwaysRunExample" name="testcase1" time="0.000"/>
  <system-out/>
  <testcase classname="seleniumpoperties.AlwaysRunExample" name="testcase1" time="0.000"/>
  <system-out/>
  <testcase classname="seleniumpoperties.AlwaysRunExample" name="testcase1" time="0.000"/>
  <system-out/>
  <testcase classname="seleniumpoperties.AlwaysRunExample" name="testcase1" time="0.000"/>
  <system-out/>
  <testcase classname="seleniumpoperties.AlwaysRunExample" name="testcase1" time="0.001"/>
  <system-out/>
  <testcase classname="seleniumpoperties.AlwaysRunExample" name="testcase1" time="0.000"/>
  <system-out/>
  <testcase classname="seleniumpoperties.AlwaysRunExample" name="testcase1" time="0.001"/>
  <system-out/>
  <testcase classname="seleniumpoperties.AlwaysRunExample" name="testcase1" time="0.000"/>
  <system-out/>
  <testcase classname="seleniumpoperties.AlwaysRunExample" name="testcase1" time="0.001"/>
  <system-out/>
  <testcase classname="seleniumpoperties.AlwaysRunExample" name="testcase1" time="0.000"/>
  <system-out/>
  <testcase classname="seleniumpoperties.AlwaysRunExample" name="testcase1" time="0.000"/>
  <system-out/>
  <testcase classname="seleniumpoperties.AlwaysRunExample" name="testcase1" time="0.000"/>
  <system-out/>
  <testcase classname="seleniumpoperties.AlwaysRunExample" name="testcase1" time="0.000"/>
  <system-out/>
  <testcase classname="seleniumpoperties.AlwaysRunExample" name="testcase1" time="0.001"/>
  <system-out/>
  <testcase classname="seleniumpoperties.AlwaysRunExample" name="testcase1" time="0.001"/>
  <system-out/>
  <testcase classname="seleniumpoperties.AlwaysRunExample" name="testcase1" time="0.000"/>
  <system-out/>
  <testcase classname="seleniumpoperties.AlwaysRunExample" name="testcase1" time="0.000"/>
  <system-out/>
  <testcase classname="seleniumpoperties.AlwaysRunExample" name="testcase1" time="0.001"/>
  <system-out/>
  <testcase classname="seleniumpoperties.AlwaysRunExample" name="testcase1" time="0.000"/>
  <system-out/>
  <testcase classname="seleniumpoperties.AlwaysRunExample" name="testcase1" time="0.000"/>
  <system-out/>
  <testcase classname="seleniumpoperties.AlwaysRunExample" name="testcase1" time="0.000"/>
  <system-out/>
  <testcase classname="seleniumpoperties.AlwaysRunExample" name="testcase1" time="0.000"/>
  <system-out/>
  <testcase classname="seleniumpoperties.AlwaysRunExample" name="testcase1" time="0.001"/>
  <system-out/>
  <testcase classname="seleniumpoperties.AlwaysRunExample" name="testcase1" time="0.000"/>
  <system-out/>
  <testcase classname="seleniumpoperties.AlwaysRunExample" name="testcase1" time="0.001"/>
  <system-out/>
  <testcase classname="seleniumpoperties.AlwaysRunExample" name="testcase1" time="0.000"/>
  <system-out/>
  <testcase classname="seleniumpoperties.AlwaysRunExample" name="testcase1" time="0.000"/>
  <system-out/>
  <testcase classname="seleniumpoperties.AlwaysRunExample" name="testcase1" time="0.000"/>
  <system-out/>
  <testcase classname="seleniumpoperties.AlwaysRunExample" name="testcase1" time="0.000"/>
  <system-out/>
  <testcase classname="seleniumpoperties.AlwaysRunExample" name="testcase1" time="0.000"/>
  <system-out/>
  <testcase classname="seleniumpoperties.AlwaysRunExample" name="testcase1" time="0.000"/>
  <system-out/>
  <testcase classname="seleniumpoperties.AlwaysRunExample" name="testcase1" time="0.000"/>
  <system-out/>
  <testcase classname="seleniumpoperties.AlwaysRunExample" name="testcase1" time="0.000"/>
  <system-out/>
  <testcase classname="seleniumpoperties.AlwaysRunExample" name="testcase1" time="0.000"/>
  <system-out/>
  <testcase classname="seleniumpoperties.AlwaysRunExample" name="testcase1" time="0.000"/>
  <system-out/>
  <testcase classname="seleniumpoperties.AlwaysRunExample" name="testcase1" time="0.001"/>
  <system-out/>
  <testcase classname="seleniumpoperties.AlwaysRunExample" name="testcase1" time="0.000"/>
  <system-out/>
  <testcase classname="seleniumpoperties.AlwaysRunExample" name="testcase1" time="0.000"/>
  <system-out/>
  <testcase classname="seleniumpoperties.AlwaysRunExample" name="testcase1" time="0.000"/>
  <system-out/>
  <testcase classname="seleniumpoperties.AlwaysRunExample" name="testcase1" time="0.000"/>
  <system-out/>
  <testcase classname="seleniumpoperties.AlwaysRunExample" name="testcase1" time="0.000"/>
  <system-out/>
  <testcase classname="seleniumpoperties.AlwaysRunExample" name="testcase1" time="0.000"/>
  <system-out/>
  <testcase classname="seleniumpoperties.AlwaysRunExample" name="testcase1" time="0.001"/>
  <system-out/>
  <testcase classname="seleniumpoperties.AlwaysRunExample" name="testcase1" time="0.000"/>
  <system-out/>
  <testcase classname="seleniumpoperties.AlwaysRunExample" name="testcase1" time="0.000"/>
  <system-out/>
  <testcase classname="seleniumpoperties.AlwaysRunExample" name="testcase1" time="0.001"/>
  <system-out/>
  <testcase classname="seleniumpoperties.AlwaysRunExample" name="testcase1" time="0.000"/>
  <system-out/>
  <testcase classname="seleniumpoperties.AlwaysRunExample" name="testcase1" time="0.000"/>
  <system-out/>
  <testcase classname="seleniumpoperties.AlwaysRunExample" name="testcase1" time="0.001"/>
  <system-out/>
  <testcase classname="seleniumpoperties.AlwaysRunExample" name="testcase1" time="0.000"/>
  <system-out/>
  <testcase classname="seleniumpoperties.AlwaysRunExample" name="testcase1" time="0.000"/>
  <system-out/>
  <testcase classname="seleniumpoperties.AlwaysRunExample" name="testcase1" time="0.000"/>
  <system-out/>
  <testcase classname="seleniumpoperties.AlwaysRunExample" name="testcase1" time="0.000"/>
  <system-out/>
  <testcase classname="seleniumpoperties.AlwaysRunExample" name="testcase1" time="0.000"/>
  <system-out/>
  <testcase classname="seleniumpoperties.AlwaysRunExample" name="testcase1" time="0.000"/>
  <system-out/>
  <testcase classname="seleniumpoperties.AlwaysRunExample" name="testcase1" time="0.001"/>
  <system-out/>
  <testcase classname="seleniumpoperties.AlwaysRunExample" name="testcase1" time="0.000"/>
  <system-out/>
  <testcase classname="seleniumpoperties.AlwaysRunExample" name="testcase1" time="0.000"/>
  <system-out/>
  <testcase classname="seleniumpoperties.AlwaysRunExample" name="testcase1" time="0.000"/>
  <system-out/>
  <testcase classname="seleniumpoperties.AlwaysRunExample" name="testcase1" time="0.001"/>
  <system-out/>
  <testcase classname="seleniumpoperties.AlwaysRunExample" name="testcase1" time="0.000"/>
  <system-out/>
  <testcase classname="seleniumpoperties.AlwaysRunExample" name="testcase1" time="0.000"/>
  <system-out/>
  <testcase classname="seleniumpoperties.AlwaysRunExample" name="testcase1" time="0.000"/>
  <system-out/>
  <testcase classname="seleniumpoperties.AlwaysRunExample" name="testcase1" time="0.000"/>
  <system-out/>
  <testcase classname="seleniumpoperties.AlwaysRunExample" name="testcase1" time="0.000"/>
  <system-out/>
  <testcase classname="seleniumpoperties.AlwaysRunExample" name="testcase1" time="0.001"/>
  <system-out/>
  <testcase classname="seleniumpoperties.AlwaysRunExample" name="testcase1" time="0.000"/>
  <system-out/>
  <testcase classname="seleniumpoperties.AlwaysRunExample" name="testcase1" time="0.000"/>
  <system-out/>
  <testcase classname="seleniumpoperties.AlwaysRunExample" name="testcase1" time="0.000"/>
  <system-out/>
  <testcase classname="seleniumpoperties.AlwaysRunExample" name="testcase1" time="0.000"/>
  <system-out/>
  <testcase classname="seleniumpoperties.AlwaysRunExample" name="testcase1" time="0.000"/>
  <system-out/>
  <testcase classname="seleniumpoperties.AlwaysRunExample" name="testcase1" time="0.000"/>
  <system-out/>
  <testcase classname="seleniumpoperties.AlwaysRunExample" name="testcase1" time="0.000"/>
  <system-out/>
  <testcase classname="seleniumpoperties.AlwaysRunExample" name="testcase1" time="0.000"/>
  <system-out/>
  <testcase classname="seleniumpoperties.AlwaysRunExample" name="testcase1" time="0.000"/>
  <system-out/>
  <testcase classname="seleniumpoperties.AlwaysRunExample" name="testcase1" time="0.001"/>
  <system-out/>
  <testcase classname="seleniumpoperties.AlwaysRunExample" name="testcase1" time="0.000"/>
  <system-out/>
  <testcase classname="seleniumpoperties.AlwaysRunExample" name="testcase1" time="0.000"/>
  <system-out/>
  <testcase classname="seleniumpoperties.AlwaysRunExample" name="testcase1" time="0.000"/>
  <system-out/>
  <testcase classname="seleniumpoperties.AlwaysRunExample" name="testcase1" time="0.000"/>
  <system-out/>
  <testcase classname="seleniumpoperties.AlwaysRunExample" name="testcase1" time="0.000"/>
  <system-out/>
  <testcase classname="seleniumpoperties.AlwaysRunExample" name="testcase1" time="0.001"/>
  <system-out/>
  <testcase classname="seleniumpoperties.AlwaysRunExample" name="testcase1" time="0.001"/>
  <system-out/>
  <testcase classname="seleniumpoperties.AlwaysRunExample" name="testcase1" time="0.000"/>
  <system-out/>
  <testcase classname="seleniumpoperties.AlwaysRunExample" name="testcase1" time="0.000"/>
  <system-out/>
  <testcase classname="seleniumpoperties.AlwaysRunExample" name="testcase1" time="0.000"/>
  <system-out/>
  <testcase classname="seleniumpoperties.AlwaysRunExample" name="testcase1" time="0.001"/>
  <system-out/>
  <testcase classname="seleniumpoperties.AlwaysRunExample" name="testcase1" time="0.000"/>
  <system-out/>
  <testcase classname="seleniumpoperties.AlwaysRunExample" name="testcase1" time="0.001"/>
  <system-out/>
  <testcase classname="seleniumpoperties.AlwaysRunExample" name="testcase1" time="0.000"/>
  <system-out/>
  <testcase classname="seleniumpoperties.AlwaysRunExample" name="testcase1" time="0.000"/>
  <system-out/>
  <testcase classname="seleniumpoperties.AlwaysRunExample" name="testcase1" time="0.000"/>
  <system-out/>
  <testcase classname="seleniumpoperties.AlwaysRunExample" name="testcase1" time="0.001"/>
  <system-out/>
  <testcase classname="seleniumpoperties.AlwaysRunExample" name="testcase1" time="0.000"/>
  <system-out/>
  <testcase classname="seleniumpoperties.AlwaysRunExample" name="testcase1" time="0.000"/>
  <system-out/>
  <testcase classname="seleniumpoperties.AlwaysRunExample" name="testcase1" time="0.000"/>
  <system-out/>
  <testcase classname="seleniumpoperties.AlwaysRunExample" name="testcase1" time="0.001"/>
  <system-out/>
  <testcase classname="seleniumpoperties.AlwaysRunExample" name="testcase1" time="0.001"/>
  <system-out/>
  <testcase classname="seleniumpoperties.AlwaysRunExample" name="testcase1" time="0.001"/>
  <system-out/>
  <testcase classname="seleniumpoperties.AlwaysRunExample" name="testcase1" time="0.000"/>
  <system-out/>
  <testcase classname="seleniumpoperties.AlwaysRunExample" name="testcase1" time="0.000"/>
  <system-out/>
  <testcase classname="seleniumpoperties.AlwaysRunExample" name="testcase1" time="0.000"/>
  <system-out/>
  <testcase classname="seleniumpoperties.AlwaysRunExample" name="testcase1" time="0.000"/>
  <system-out/>
  <testcase classname="seleniumpoperties.AlwaysRunExample" name="testcase1" time="0.000"/>
  <system-out/>
  <testcase classname="seleniumpoperties.AlwaysRunExample" name="testcase1" time="0.000"/>
  <system-out/>
  <testcase classname="seleniumpoperties.AlwaysRunExample" name="testcase1" time="0.000"/>
  <system-out/>
  <testcase classname="seleniumpoperties.AlwaysRunExample" name="testcase1" time="0.000"/>
  <system-out/>
  <testcase classname="seleniumpoperties.AlwaysRunExample" name="testcase1" time="0.000"/>
  <system-out/>
  <testcase classname="seleniumpoperties.AlwaysRunExample" name="testcase1" time="0.000"/>
  <system-out/>
  <testcase classname="seleniumpoperties.AlwaysRunExample" name="testcase1" time="0.000"/>
  <system-out/>
  <testcase classname="seleniumpoperties.AlwaysRunExample" name="testcase1" time="0.000"/>
  <system-out/>
  <testcase classname="seleniumpoperties.AlwaysRunExample" name="testcase1" time="0.000"/>
  <system-out/>
  <testcase classname="seleniumpoperties.AlwaysRunExample" name="testcase1" time="0.000"/>
  <system-out/>
  <testcase classname="seleniumpoperties.AlwaysRunExample" name="testcase1" time="0.000"/>
  <system-out/>
  <testcase classname="seleniumpoperties.AlwaysRunExample" name="testcase1" time="0.001"/>
  <system-out/>
  <testcase classname="seleniumpoperties.AlwaysRunExample" name="testcase1" time="0.000"/>
  <system-out/>
  <testcase classname="seleniumpoperties.AlwaysRunExample" name="testcase1" time="0.000"/>
  <system-out/>
  <testcase classname="seleniumpoperties.AlwaysRunExample" name="testcase1" time="0.000"/>
  <system-out/>
  <testcase classname="seleniumpoperties.AlwaysRunExample" name="testcase1" time="0.000"/>
  <system-out/>
  <testcase classname="seleniumpoperties.AlwaysRunExample" name="testcase1" time="0.000"/>
  <system-out/>
  <testcase classname="seleniumpoperties.AlwaysRunExample" name="testcase1" time="0.001"/>
  <system-out/>
  <testcase classname="seleniumpoperties.AlwaysRunExample" name="testcase1" time="0.000"/>
  <system-out/>
  <testcase classname="seleniumpoperties.AlwaysRunExample" name="testcase1" time="0.000"/>
  <system-out/>
  <testcase classname="seleniumpoperties.AlwaysRunExample" name="testcase1" time="0.001"/>
  <system-out/>
  <testcase classname="seleniumpoperties.AlwaysRunExample" name="testcase1" time="0.000"/>
  <system-out/>
  <testcase classname="seleniumpoperties.AlwaysRunExample" name="testcase1" time="0.000"/>
  <system-out/>
  <testcase classname="seleniumpoperties.AlwaysRunExample" name="testcase1" time="0.000"/>
  <system-out/>
  <testcase classname="seleniumpoperties.AlwaysRunExample" name="testcase1" time="0.001"/>
  <system-out/>
  <testcase classname="seleniumpoperties.AlwaysRunExample" name="testcase1" time="0.000"/>
  <system-out/>
  <testcase classname="seleniumpoperties.AlwaysRunExample" name="testcase1" time="0.000"/>
  <system-out/>
  <testcase classname="seleniumpoperties.AlwaysRunExample" name="testcase1" time="0.000"/>
  <system-out/>
  <testcase classname="seleniumpoperties.AlwaysRunExample" name="testcase1" time="0.001"/>
  <system-out/>
  <testcase classname="seleniumpoperties.AlwaysRunExample" name="testcase1" time="0.000"/>
  <system-out/>
  <testcase classname="seleniumpoperties.AlwaysRunExample" name="testcase1" time="0.001"/>
  <system-out/>
  <testcase classname="seleniumpoperties.AlwaysRunExample" name="testcase1" time="0.000"/>
  <system-out/>
  <testcase classname="seleniumpoperties.AlwaysRunExample" name="testcase1" time="0.000"/>
  <system-out/>
  <testcase classname="seleniumpoperties.AlwaysRunExample" name="testcase1" time="0.000"/>
  <system-out/>
  <testcase classname="seleniumpoperties.AlwaysRunExample" name="testcase1" time="0.000"/>
  <system-out/>
  <testcase classname="seleniumpoperties.AlwaysRunExample" name="testcase1" time="0.000"/>
  <system-out/>
  <testcase classname="seleniumpoperties.AlwaysRunExample" name="testcase1" time="0.000"/>
  <system-out/>
  <testcase classname="seleniumpoperties.AlwaysRunExample" name="testcase1" time="0.000"/>
  <system-out/>
  <testcase classname="seleniumpoperties.AlwaysRunExample" name="testcase1" time="0.000"/>
  <system-out/>
  <testcase classname="seleniumpoperties.AlwaysRunExample" name="testcase1" time="0.000"/>
  <system-out/>
  <testcase classname="seleniumpoperties.AlwaysRunExample" name="testcase1" time="0.000"/>
  <system-out/>
  <testcase classname="seleniumpoperties.AlwaysRunExample" name="testcase1" time="0.000"/>
  <system-out/>
  <testcase classname="seleniumpoperties.AlwaysRunExample" name="testcase1" time="0.000"/>
  <system-out/>
  <testcase classname="seleniumpoperties.AlwaysRunExample" name="testcase1" time="0.000"/>
  <system-out/>
  <testcase classname="seleniumpoperties.AlwaysRunExample" name="testcase1" time="0.000"/>
  <system-out/>
  <testcase classname="seleniumpoperties.AlwaysRunExample" name="testcase1" time="0.000"/>
  <system-out/>
  <testcase classname="seleniumpoperties.AlwaysRunExample" name="testcase1" time="0.001"/>
  <system-out/>
  <testcase classname="seleniumpoperties.AlwaysRunExample" name="testcase1" time="0.000"/>
  <system-out/>
  <testcase classname="seleniumpoperties.AlwaysRunExample" name="testcase1" time="0.000"/>
  <system-out/>
  <testcase classname="seleniumpoperties.AlwaysRunExample" name="testcase1" time="0.001"/>
  <system-out/>
  <testcase classname="seleniumpoperties.AlwaysRunExample" name="testcase1" time="0.000"/>
  <system-out/>
  <testcase classname="seleniumpoperties.AlwaysRunExample" name="testcase1" time="0.000"/>
  <system-out/>
  <testcase classname="seleniumpoperties.AlwaysRunExample" name="testcase1" time="0.001"/>
  <system-out/>
  <testcase classname="seleniumpoperties.AlwaysRunExample" name="testcase1" time="0.000"/>
  <system-out/>
  <testcase classname="seleniumpoperties.AlwaysRunExample" name="testcase1" time="0.000"/>
  <system-out/>
  <testcase classname="seleniumpoperties.AlwaysRunExample" name="testcase1" time="0.000"/>
  <system-out/>
  <testcase classname="seleniumpoperties.AlwaysRunExample" name="testcase1" time="0.000"/>
  <system-out/>
  <testcase classname="seleniumpoperties.AlwaysRunExample" name="testcase1" time="0.000"/>
  <system-out/>
  <testcase classname="seleniumpoperties.AlwaysRunExample" name="testcase1" time="0.000"/>
  <system-out/>
  <testcase classname="seleniumpoperties.AlwaysRunExample" name="testcase1" time="0.000"/>
  <system-out/>
  <testcase classname="seleniumpoperties.AlwaysRunExample" name="testcase1" time="0.000"/>
  <system-out/>
  <testcase classname="seleniumpoperties.AlwaysRunExample" name="testcase1" time="0.001"/>
  <system-out/>
  <testcase classname="seleniumpoperties.AlwaysRunExample" name="testcase1" time="0.000"/>
  <system-out/>
  <testcase classname="seleniumpoperties.AlwaysRunExample" name="testcase1" time="0.000"/>
  <system-out/>
  <testcase classname="seleniumpoperties.AlwaysRunExample" name="testcase1" time="0.000"/>
  <system-out/>
  <testcase classname="seleniumpoperties.AlwaysRunExample" name="testcase1" time="0.000"/>
  <system-out/>
  <testcase classname="seleniumpoperties.AlwaysRunExample" name="testcase1" time="0.000"/>
  <system-out/>
  <testcase classname="seleniumpoperties.AlwaysRunExample" name="testcase1" time="0.000"/>
  <system-out/>
  <testcase classname="seleniumpoperties.AlwaysRunExample" name="testcase1" time="0.000"/>
  <system-out/>
  <testcase classname="seleniumpoperties.AlwaysRunExample" name="testcase1" time="0.000"/>
  <system-out/>
  <testcase classname="seleniumpoperties.AlwaysRunExample" name="testcase1" time="0.000"/>
  <system-out/>
  <testcase classname="seleniumpoperties.AlwaysRunExample" name="testcase1" time="0.000"/>
  <system-out/>
  <testcase classname="seleniumpoperties.AlwaysRunExample" name="testcase1" time="0.000"/>
  <system-out/>
  <testcase classname="seleniumpoperties.AlwaysRunExample" name="testcase1" time="0.000"/>
  <system-out/>
  <testcase classname="seleniumpoperties.AlwaysRunExample" name="testcase1" time="0.000"/>
  <system-out/>
  <testcase classname="seleniumpoperties.AlwaysRunExample" name="testcase1" time="0.000"/>
  <system-out/>
  <testcase classname="seleniumpoperties.AlwaysRunExample" name="testcase1" time="0.000"/>
  <system-out/>
  <testcase classname="seleniumpoperties.AlwaysRunExample" name="testcase1" time="0.000"/>
  <system-out/>
  <testcase classname="seleniumpoperties.AlwaysRunExample" name="testcase1" time="0.000"/>
  <system-out/>
  <testcase classname="seleniumpoperties.AlwaysRunExample" name="testcase1" time="0.000"/>
  <system-out/>
  <testcase classname="seleniumpoperties.AlwaysRunExample" name="testcase1" time="0.000"/>
  <system-out/>
  <testcase classname="seleniumpoperties.AlwaysRunExample" name="testcase1" time="0.000"/>
  <system-out/>
  <testcase classname="seleniumpoperties.AlwaysRunExample" name="testcase1" time="0.000"/>
  <system-out/>
  <testcase classname="seleniumpoperties.AlwaysRunExample" name="testcase1" time="0.000"/>
  <system-out/>
  <testcase classname="seleniumpoperties.AlwaysRunExample" name="testcase1" time="0.000"/>
  <system-out/>
  <testcase classname="seleniumpoperties.AlwaysRunExample" name="testcase1" time="0.000"/>
  <system-out/>
  <testcase classname="seleniumpoperties.AlwaysRunExample" name="testcase1" time="0.000"/>
  <system-out/>
  <testcase classname="seleniumpoperties.AlwaysRunExample" name="testcase1" time="0.001"/>
  <system-out/>
  <testcase classname="seleniumpoperties.AlwaysRunExample" name="testcase1" time="0.000"/>
  <system-out/>
  <testcase classname="seleniumpoperties.AlwaysRunExample" name="testcase1" time="0.000"/>
  <system-out/>
  <testcase classname="seleniumpoperties.AlwaysRunExample" name="testcase1" time="0.000"/>
  <system-out/>
  <testcase classname="seleniumpoperties.AlwaysRunExample" name="testcase1" time="0.000"/>
  <system-out/>
  <testcase classname="seleniumpoperties.AlwaysRunExample" name="testcase1" time="0.000"/>
  <system-out/>
  <testcase classname="seleniumpoperties.AlwaysRunExample" name="testcase1" time="0.000"/>
  <system-out/>
  <testcase classname="seleniumpoperties.AlwaysRunExample" name="testcase1" time="0.000"/>
  <system-out/>
  <testcase classname="seleniumpoperties.AlwaysRunExample" name="testcase1" time="0.000"/>
  <system-out/>
  <testcase classname="seleniumpoperties.AlwaysRunExample" name="testcase1" time="0.001"/>
  <system-out/>
  <testcase classname="seleniumpoperties.AlwaysRunExample" name="testcase1" time="0.001"/>
  <system-out/>
  <testcase classname="seleniumpoperties.AlwaysRunExample" name="testcase1" time="0.000"/>
  <system-out/>
  <testcase classname="seleniumpoperties.AlwaysRunExample" name="testcase1" time="0.000"/>
  <system-out/>
  <testcase classname="seleniumpoperties.AlwaysRunExample" name="testcase1" time="0.000"/>
  <system-out/>
  <testcase classname="seleniumpoperties.AlwaysRunExample" name="testcase1" time="0.000"/>
  <system-out/>
  <testcase classname="seleniumpoperties.AlwaysRunExample" name="testcase1" time="0.000"/>
  <system-out/>
  <testcase classname="seleniumpoperties.AlwaysRunExample" name="testcase1" time="0.001"/>
  <system-out/>
  <testcase classname="seleniumpoperties.AlwaysRunExample" name="testcase1" time="0.000"/>
  <system-out/>
  <testcase classname="seleniumpoperties.AlwaysRunExample" name="testcase1" time="0.000"/>
  <system-out/>
  <testcase classname="seleniumpoperties.AlwaysRunExample" name="testcase1" time="0.000"/>
  <system-out/>
  <testcase classname="seleniumpoperties.AlwaysRunExample" name="testcase1" time="0.000"/>
  <system-out/>
  <testcase classname="seleniumpoperties.AlwaysRunExample" name="testcase1" time="0.000"/>
  <system-out/>
  <testcase classname="seleniumpoperties.AlwaysRunExample" name="testcase1" time="0.000"/>
  <system-out/>
  <testcase classname="seleniumpoperties.AlwaysRunExample" name="testcase1" time="0.000"/>
  <system-out/>
  <testcase classname="seleniumpoperties.AlwaysRunExample" name="testcase1" time="0.000"/>
  <system-out/>
  <testcase classname="seleniumpoperties.AlwaysRunExample" name="testcase1" time="0.000"/>
  <system-out/>
  <testcase classname="seleniumpoperties.AlwaysRunExample" name="testcase1" time="0.000"/>
  <system-out/>
  <testcase classname="seleniumpoperties.AlwaysRunExample" name="testcase1" time="0.000"/>
  <system-out/>
  <testcase classname="seleniumpoperties.AlwaysRunExample" name="testcase1" time="0.001"/>
  <system-out/>
  <testcase classname="seleniumpoperties.AlwaysRunExample" name="testcase1" time="0.000"/>
  <system-out/>
  <testcase classname="seleniumpoperties.AlwaysRunExample" name="testcase1" time="0.000"/>
  <system-out/>
  <testcase classname="seleniumpoperties.AlwaysRunExample" name="testcase1" time="0.000"/>
  <system-out/>
  <testcase classname="seleniumpoperties.AlwaysRunExample" name="testcase1" time="0.000"/>
  <system-out/>
  <testcase classname="seleniumpoperties.AlwaysRunExample" name="testcase1" time="0.000"/>
  <system-out/>
  <testcase classname="seleniumpoperties.AlwaysRunExample" name="testcase1" time="0.000"/>
  <system-out/>
  <testcase classname="seleniumpoperties.AlwaysRunExample" name="testcase1" time="0.000"/>
  <system-out/>
  <testcase classname="seleniumpoperties.AlwaysRunExample" name="testcase1" time="0.000"/>
  <system-out/>
  <testcase classname="seleniumpoperties.AlwaysRunExample" name="testcase1" time="0.000"/>
  <system-out/>
  <testcase classname="seleniumpoperties.AlwaysRunExample" name="testcase1" time="0.001"/>
  <system-out/>
  <testcase classname="seleniumpoperties.AlwaysRunExample" name="testcase1" time="0.000"/>
  <system-out/>
  <testcase classname="seleniumpoperties.AlwaysRunExample" name="testcase1" time="0.000"/>
  <system-out/>
  <testcase classname="seleniumpoperties.AlwaysRunExample" name="testcase1" time="0.000"/>
  <system-out/>
  <testcase classname="seleniumpoperties.AlwaysRunExample" name="testcase1" time="0.017"/>
  <system-out/>
  <testcase classname="seleniumpoperties.AlwaysRunExample" name="testcase1" time="0.000"/>
  <system-out/>
  <testcase classname="seleniumpoperties.AlwaysRunExample" name="testcase1" time="0.000"/>
  <system-out/>
  <testcase classname="seleniumpoperties.AlwaysRunExample" name="testcase1" time="0.000"/>
  <system-out/>
  <testcase classname="seleniumpoperties.AlwaysRunExample" name="testcase1" time="0.000"/>
  <system-out/>
  <testcase classname="seleniumpoperties.AlwaysRunExample" name="testcase1" time="0.001"/>
  <system-out/>
  <testcase classname="seleniumpoperties.AlwaysRunExample" name="testcase1" time="0.000"/>
  <system-out/>
  <testcase classname="seleniumpoperties.AlwaysRunExample" name="testcase1" time="0.000"/>
  <system-out/>
  <testcase classname="seleniumpoperties.AlwaysRunExample" name="testcase1" time="0.000"/>
  <system-out/>
  <testcase classname="seleniumpoperties.AlwaysRunExample" name="testcase1" time="0.000"/>
  <system-out/>
  <testcase classname="seleniumpoperties.AlwaysRunExample" name="testcase1" time="0.001"/>
  <system-out/>
  <testcase classname="seleniumpoperties.AlwaysRunExample" name="testcase1" time="0.000"/>
  <system-out/>
  <testcase classname="seleniumpoperties.AlwaysRunExample" name="testcase1" time="0.000"/>
  <system-out/>
  <testcase classname="seleniumpoperties.AlwaysRunExample" name="testcase1" time="0.001"/>
  <system-out/>
  <testcase classname="seleniumpoperties.AlwaysRunExample" name="testcase1" time="0.000"/>
  <system-out/>
  <testcase classname="seleniumpoperties.AlwaysRunExample" name="testcase1" time="0.001"/>
  <system-out/>
  <testcase classname="seleniumpoperties.AlwaysRunExample" name="testcase1" time="0.000"/>
  <system-out/>
  <testcase classname="seleniumpoperties.AlwaysRunExample" name="testcase1" time="0.000"/>
  <system-out/>
  <testcase classname="seleniumpoperties.AlwaysRunExample" name="testcase1" time="0.000"/>
  <system-out/>
  <testcase classname="seleniumpoperties.AlwaysRunExample" name="testcase1" time="0.000"/>
  <system-out/>
  <testcase classname="seleniumpoperties.AlwaysRunExample" name="testcase1" time="0.000"/>
  <system-out/>
  <testcase classname="seleniumpoperties.AlwaysRunExample" name="testcase1" time="0.000"/>
  <system-out/>
  <testcase classname="seleniumpoperties.AlwaysRunExample" name="testcase1" time="0.000"/>
  <system-out/>
  <testcase classname="seleniumpoperties.AlwaysRunExample" name="testcase1" time="0.001"/>
  <system-out/>
  <testcase classname="seleniumpoperties.AlwaysRunExample" name="testcase1" time="0.001"/>
  <system-out/>
  <testcase classname="seleniumpoperties.AlwaysRunExample" name="testcase1" time="0.000"/>
  <system-out/>
  <testcase classname="seleniumpoperties.AlwaysRunExample" name="testcase1" time="0.000"/>
  <system-out/>
  <testcase classname="seleniumpoperties.AlwaysRunExample" name="testcase1" time="0.000"/>
  <system-out/>
  <testcase classname="seleniumpoperties.AlwaysRunExample" name="testcase1" time="0.000"/>
  <system-out/>
  <testcase classname="seleniumpoperties.AlwaysRunExample" name="testcase1" time="0.000"/>
  <system-out/>
  <testcase classname="seleniumpoperties.AlwaysRunExample" name="testcase1" time="0.000"/>
  <system-out/>
  <testcase classname="seleniumpoperties.AlwaysRunExample" name="testcase1" time="0.000"/>
  <system-out/>
  <testcase classname="seleniumpoperties.AlwaysRunExample" name="testcase1" time="0.000"/>
  <system-out/>
  <testcase classname="seleniumpoperties.AlwaysRunExample" name="testcase1" time="0.000"/>
  <system-out/>
  <testcase classname="seleniumpoperties.AlwaysRunExample" name="testcase1" time="0.000"/>
  <system-out/>
  <testcase classname="seleniumpoperties.AlwaysRunExample" name="testcase1" time="0.000"/>
  <system-out/>
  <testcase classname="seleniumpoperties.AlwaysRunExample" name="testcase1" time="0.000"/>
  <system-out/>
  <testcase classname="seleniumpoperties.AlwaysRunExample" name="testcase1" time="0.001"/>
  <system-out/>
  <testcase classname="seleniumpoperties.AlwaysRunExample" name="testcase1" time="0.000"/>
  <system-out/>
  <testcase classname="seleniumpoperties.AlwaysRunExample" name="testcase1" time="0.000"/>
  <system-out/>
  <testcase classname="seleniumpoperties.AlwaysRunExample" name="testcase1" time="0.000"/>
  <system-out/>
  <testcase classname="seleniumpoperties.AlwaysRunExample" name="testcase1" time="0.000"/>
  <system-out/>
  <testcase classname="seleniumpoperties.AlwaysRunExample" name="testcase1" time="0.000"/>
  <system-out/>
  <testcase classname="seleniumpoperties.AlwaysRunExample" name="testcase1" time="0.000"/>
  <system-out/>
  <testcase classname="seleniumpoperties.AlwaysRunExample" name="testcase1" time="0.000"/>
  <system-out/>
  <testcase classname="seleniumpoperties.AlwaysRunExample" name="testcase1" time="0.000"/>
  <system-out/>
  <testcase classname="seleniumpoperties.AlwaysRunExample" name="testcase1" time="0.000"/>
  <system-out/>
  <testcase classname="seleniumpoperties.AlwaysRunExample" name="testcase1" time="0.000"/>
  <system-out/>
  <testcase classname="seleniumpoperties.AlwaysRunExample" name="testcase1" time="0.000"/>
  <system-out/>
  <testcase classname="seleniumpoperties.AlwaysRunExample" name="testcase1" time="0.001"/>
  <system-out/>
  <testcase classname="seleniumpoperties.AlwaysRunExample" name="testcase1" time="0.000"/>
  <system-out/>
  <testcase classname="seleniumpoperties.AlwaysRunExample" name="testcase1" time="0.000"/>
  <system-out/>
  <testcase classname="seleniumpoperties.AlwaysRunExample" name="testcase1" time="0.000"/>
  <system-out/>
  <testcase classname="seleniumpoperties.AlwaysRunExample" name="testcase1" time="0.000"/>
  <system-out/>
  <testcase classname="seleniumpoperties.AlwaysRunExample" name="testcase1" time="0.000"/>
  <system-out/>
  <testcase classname="seleniumpoperties.AlwaysRunExample" name="testcase1" time="0.000"/>
  <system-out/>
  <testcase classname="seleniumpoperties.AlwaysRunExample" name="testcase1" time="0.001"/>
  <system-out/>
  <testcase classname="seleniumpoperties.AlwaysRunExample" name="testcase1" time="0.000"/>
  <system-out/>
  <testcase classname="seleniumpoperties.AlwaysRunExample" name="testcase1" time="0.000"/>
  <system-out/>
  <testcase classname="seleniumpoperties.AlwaysRunExample" name="testcase1" time="0.000"/>
  <system-out/>
  <testcase classname="seleniumpoperties.AlwaysRunExample" name="testcase1" time="0.000"/>
  <system-out/>
  <testcase classname="seleniumpoperties.AlwaysRunExample" name="testcase1" time="0.000"/>
  <system-out/>
  <testcase classname="seleniumpoperties.AlwaysRunExample" name="testcase1" time="0.000"/>
  <system-out/>
  <testcase classname="seleniumpoperties.AlwaysRunExample" name="testcase1" time="0.000"/>
  <system-out/>
  <testcase classname="seleniumpoperties.AlwaysRunExample" name="testcase1" time="0.000"/>
  <system-out/>
  <testcase classname="seleniumpoperties.AlwaysRunExample" name="testcase1" time="0.000"/>
  <system-out/>
  <testcase classname="seleniumpoperties.AlwaysRunExample" name="testcase1" time="0.001"/>
  <system-out/>
  <testcase classname="seleniumpoperties.AlwaysRunExample" name="testcase1" time="0.000"/>
  <system-out/>
  <testcase classname="seleniumpoperties.AlwaysRunExample" name="testcase1" time="0.000"/>
  <system-out/>
  <testcase classname="seleniumpoperties.AlwaysRunExample" name="testcase1" time="0.000"/>
  <system-out/>
  <testcase classname="seleniumpoperties.AlwaysRunExample" name="testcase1" time="0.000"/>
  <system-out/>
  <testcase classname="seleniumpoperties.AlwaysRunExample" name="testcase1" time="0.000"/>
  <system-out/>
  <testcase classname="seleniumpoperties.AlwaysRunExample" name="testcase1" time="0.001"/>
  <system-out/>
  <testcase classname="seleniumpoperties.AlwaysRunExample" name="testcase1" time="0.000"/>
  <system-out/>
  <testcase classname="seleniumpoperties.AlwaysRunExample" name="testcase1" time="0.000"/>
  <system-out/>
  <testcase classname="seleniumpoperties.AlwaysRunExample" name="testcase1" time="0.000"/>
  <system-out/>
  <testcase classname="seleniumpoperties.AlwaysRunExample" name="testcase1" time="0.001"/>
  <system-out/>
  <testcase classname="seleniumpoperties.AlwaysRunExample" name="testcase1" time="0.000"/>
  <system-out/>
  <testcase classname="seleniumpoperties.AlwaysRunExample" name="testcase1" time="0.000"/>
  <system-out/>
  <testcase classname="seleniumpoperties.AlwaysRunExample" name="testcase1" time="0.000"/>
  <system-out/>
  <testcase classname="seleniumpoperties.AlwaysRunExample" name="testcase1" time="0.001"/>
  <system-out/>
  <testcase classname="seleniumpoperties.AlwaysRunExample" name="testcase1" time="0.001"/>
  <system-out/>
  <testcase classname="seleniumpoperties.AlwaysRunExample" name="testcase1" time="0.001"/>
  <system-out/>
  <testcase classname="seleniumpoperties.AlwaysRunExample" name="testcase1" time="0.000"/>
  <system-out/>
  <testcase classname="seleniumpoperties.AlwaysRunExample" name="testcase1" time="0.000"/>
  <system-out/>
  <testcase classname="seleniumpoperties.AlwaysRunExample" name="testcase1" time="0.000"/>
  <system-out/>
  <testcase classname="seleniumpoperties.AlwaysRunExample" name="testcase1" time="0.000"/>
  <system-out/>
  <testcase classname="seleniumpoperties.AlwaysRunExample" name="testcase1" time="0.000"/>
  <system-out/>
  <testcase classname="seleniumpoperties.AlwaysRunExample" name="testcase1" time="0.000"/>
  <system-out/>
  <testcase classname="seleniumpoperties.AlwaysRunExample" name="testcase1" time="0.000"/>
  <system-out/>
  <testcase classname="seleniumpoperties.AlwaysRunExample" name="testcase1" time="0.000"/>
  <system-out/>
  <testcase classname="seleniumpoperties.AlwaysRunExample" name="testcase1" time="0.000"/>
  <system-out/>
  <testcase classname="seleniumpoperties.AlwaysRunExample" name="testcase1" time="0.000"/>
  <system-out/>
  <testcase classname="seleniumpoperties.AlwaysRunExample" name="testcase1" time="0.000"/>
  <system-out/>
  <testcase classname="seleniumpoperties.AlwaysRunExample" name="testcase1" time="0.000"/>
  <system-out/>
  <testcase classname="seleniumpoperties.AlwaysRunExample" name="testcase1" time="0.000"/>
  <system-out/>
  <testcase classname="seleniumpoperties.AlwaysRunExample" name="testcase1" time="0.000"/>
  <system-out/>
  <testcase classname="seleniumpoperties.AlwaysRunExample" name="testcase1" time="0.001"/>
  <system-out/>
  <testcase classname="seleniumpoperties.AlwaysRunExample" name="testcase1" time="0.001"/>
  <system-out/>
  <testcase classname="seleniumpoperties.AlwaysRunExample" name="testcase1" time="0.000"/>
  <system-out/>
  <testcase classname="seleniumpoperties.AlwaysRunExample" name="testcase1" time="0.000"/>
  <system-out/>
  <testcase classname="seleniumpoperties.AlwaysRunExample" name="testcase1" time="0.000"/>
  <system-out/>
  <testcase classname="seleniumpoperties.AlwaysRunExample" name="testcase1" time="0.000"/>
  <system-out/>
  <testcase classname="seleniumpoperties.AlwaysRunExample" name="testcase1" time="0.000"/>
  <system-out/>
  <testcase classname="seleniumpoperties.AlwaysRunExample" name="testcase1" time="0.000"/>
  <system-out/>
  <testcase classname="seleniumpoperties.AlwaysRunExample" name="testcase1" time="0.000"/>
  <system-out/>
  <testcase classname="seleniumpoperties.AlwaysRunExample" name="testcase1" time="0.000"/>
  <system-out/>
  <testcase classname="seleniumpoperties.AlwaysRunExample" name="testcase1" time="0.000"/>
  <system-out/>
  <testcase classname="seleniumpoperties.AlwaysRunExample" name="testcase1" time="0.000"/>
  <system-out/>
  <testcase classname="seleniumpoperties.AlwaysRunExample" name="testcase1" time="0.000"/>
  <system-out/>
  <testcase classname="seleniumpoperties.AlwaysRunExample" name="testcase1" time="0.000"/>
  <system-out/>
  <testcase classname="seleniumpoperties.AlwaysRunExample" name="testcase1" time="0.000"/>
  <system-out/>
  <testcase classname="seleniumpoperties.AlwaysRunExample" name="testcase1" time="0.000"/>
  <system-out/>
  <testcase classname="seleniumpoperties.AlwaysRunExample" name="testcase1" time="0.000"/>
  <system-out/>
  <testcase classname="seleniumpoperties.AlwaysRunExample" name="testcase1" time="0.000"/>
  <system-out/>
  <testcase classname="seleniumpoperties.AlwaysRunExample" name="testcase1" time="0.000"/>
  <system-out/>
  <testcase classname="seleniumpoperties.AlwaysRunExample" name="testcase1" time="0.000"/>
  <system-out/>
  <testcase classname="seleniumpoperties.AlwaysRunExample" name="testcase1" time="0.000"/>
  <system-out/>
  <testcase classname="seleniumpoperties.AlwaysRunExample" name="testcase1" time="0.000"/>
  <system-out/>
  <testcase classname="seleniumpoperties.AlwaysRunExample" name="testcase1" time="0.000"/>
  <system-out/>
  <testcase classname="seleniumpoperties.AlwaysRunExample" name="testcase1" time="0.000"/>
  <system-out/>
  <testcase classname="seleniumpoperties.AlwaysRunExample" name="testcase1" time="0.000"/>
  <system-out/>
  <testcase classname="seleniumpoperties.AlwaysRunExample" name="testcase1" time="0.001"/>
  <system-out/>
  <testcase classname="seleniumpoperties.AlwaysRunExample" name="testcase1" time="0.000"/>
  <system-out/>
  <testcase classname="seleniumpoperties.AlwaysRunExample" name="testcase1" time="0.000"/>
  <system-out/>
  <testcase classname="seleniumpoperties.AlwaysRunExample" name="testcase1" time="0.000"/>
  <system-out/>
  <testcase classname="seleniumpoperties.AlwaysRunExample" name="testcase1" time="0.000"/>
  <system-out/>
  <testcase classname="seleniumpoperties.AlwaysRunExample" name="testcase1" time="0.000"/>
  <system-out/>
  <testcase classname="seleniumpoperties.AlwaysRunExample" name="testcase1" time="0.000"/>
  <system-out/>
  <testcase classname="seleniumpoperties.AlwaysRunExample" name="testcase1" time="0.000"/>
  <system-out/>
  <testcase classname="seleniumpoperties.AlwaysRunExample" name="testcase1" time="0.000"/>
  <system-out/>
  <testcase classname="seleniumpoperties.AlwaysRunExample" name="testcase1" time="0.000"/>
  <system-out/>
  <testcase classname="seleniumpoperties.AlwaysRunExample" name="testcase1" time="0.000"/>
  <system-out/>
  <testcase classname="seleniumpoperties.AlwaysRunExample" name="testcase1" time="0.000"/>
  <system-out/>
  <testcase classname="seleniumpoperties.AlwaysRunExample" name="testcase1" time="0.000"/>
  <system-out/>
  <testcase classname="seleniumpoperties.AlwaysRunExample" name="testcase1" time="0.001"/>
  <system-out/>
  <testcase classname="seleniumpoperties.AlwaysRunExample" name="testcase1" time="0.001"/>
  <system-out/>
  <testcase classname="seleniumpoperties.AlwaysRunExample" name="testcase1" time="0.000"/>
  <system-out/>
  <testcase classname="seleniumpoperties.AlwaysRunExample" name="testcase1" time="0.000"/>
  <system-out/>
  <testcase classname="seleniumpoperties.AlwaysRunExample" name="testcase1" time="0.000"/>
  <system-out/>
  <testcase classname="seleniumpoperties.AlwaysRunExample" name="testcase1" time="0.001"/>
  <system-out/>
  <testcase classname="seleniumpoperties.AlwaysRunExample" name="testcase1" time="0.001"/>
  <system-out/>
  <testcase classname="seleniumpoperties.AlwaysRunExample" name="testcase1" time="0.000"/>
  <system-out/>
  <testcase classname="seleniumpoperties.AlwaysRunExample" name="testcase1" time="0.000"/>
  <system-out/>
  <testcase classname="seleniumpoperties.AlwaysRunExample" name="testcase1" time="0.000"/>
  <system-out/>
  <testcase classname="seleniumpoperties.AlwaysRunExample" name="testcase1" time="0.000"/>
  <system-out/>
  <testcase classname="seleniumpoperties.AlwaysRunExample" name="testcase1" time="0.000"/>
  <system-out/>
  <testcase classname="seleniumpoperties.AlwaysRunExample" name="testcase1" time="0.000"/>
  <system-out/>
  <testcase classname="seleniumpoperties.AlwaysRunExample" name="testcase1" time="0.000"/>
  <system-out/>
  <testcase classname="seleniumpoperties.AlwaysRunExample" name="testcase1" time="0.000"/>
  <system-out/>
  <testcase classname="seleniumpoperties.AlwaysRunExample" name="testcase1" time="0.001"/>
  <system-out/>
  <testcase classname="seleniumpoperties.AlwaysRunExample" name="testcase1" time="0.000"/>
  <system-out/>
  <testcase classname="seleniumpoperties.AlwaysRunExample" name="testcase1" time="0.001"/>
  <system-out/>
  <testcase classname="seleniumpoperties.AlwaysRunExample" name="testcase1" time="0.000"/>
  <system-out/>
  <testcase classname="seleniumpoperties.AlwaysRunExample" name="testcase1" time="0.000"/>
  <system-out/>
  <testcase classname="seleniumpoperties.AlwaysRunExample" name="testcase1" time="0.000"/>
  <system-out/>
  <testcase classname="seleniumpoperties.AlwaysRunExample" name="testcase1" time="0.000"/>
  <system-out/>
  <testcase classname="seleniumpoperties.AlwaysRunExample" name="testcase1" time="0.000"/>
  <system-out/>
  <testcase classname="seleniumpoperties.AlwaysRunExample" name="testcase1" time="0.000"/>
  <system-out/>
  <testcase classname="seleniumpoperties.AlwaysRunExample" name="testcase1" time="0.000"/>
  <system-out/>
  <testcase classname="seleniumpoperties.AlwaysRunExample" name="testcase1" time="0.000"/>
  <system-out/>
  <testcase classname="seleniumpoperties.AlwaysRunExample" name="testcase1" time="0.000"/>
  <system-out/>
  <testcase classname="seleniumpoperties.AlwaysRunExample" name="testcase1" time="0.000"/>
  <system-out/>
  <testcase classname="seleniumpoperties.AlwaysRunExample" name="testcase1" time="0.000"/>
  <system-out/>
  <testcase classname="seleniumpoperties.AlwaysRunExample" name="testcase1" time="0.000"/>
  <system-out/>
  <testcase classname="seleniumpoperties.AlwaysRunExample" name="testcase1" time="0.000"/>
  <system-out/>
  <testcase classname="seleniumpoperties.AlwaysRunExample" name="testcase1" time="0.000"/>
  <system-out/>
  <testcase classname="seleniumpoperties.AlwaysRunExample" name="testcase1" time="0.000"/>
  <system-out/>
  <testcase classname="seleniumpoperties.AlwaysRunExample" name="testcase1" time="0.000"/>
  <system-out/>
  <testcase classname="seleniumpoperties.AlwaysRunExample" name="testcase1" time="0.000"/>
  <system-out/>
  <testcase classname="seleniumpoperties.AlwaysRunExample" name="testcase1" time="0.001"/>
  <system-out/>
  <testcase classname="seleniumpoperties.AlwaysRunExample" name="testcase1" time="0.000"/>
  <system-out/>
  <testcase classname="seleniumpoperties.AlwaysRunExample" name="testcase1" time="0.000"/>
  <system-out/>
  <testcase classname="seleniumpoperties.AlwaysRunExample" name="testcase1" time="0.000"/>
  <system-out/>
  <testcase classname="seleniumpoperties.AlwaysRunExample" name="testcase1" time="0.000"/>
  <system-out/>
  <testcase classname="seleniumpoperties.AlwaysRunExample" name="testcase1" time="0.000"/>
  <system-out/>
  <testcase classname="seleniumpoperties.AlwaysRunExample" name="testcase1" time="0.001"/>
  <system-out/>
  <testcase classname="seleniumpoperties.AlwaysRunExample" name="testcase1" time="0.000"/>
  <system-out/>
  <testcase classname="seleniumpoperties.AlwaysRunExample" name="testcase1" time="0.000"/>
  <system-out/>
  <testcase classname="seleniumpoperties.AlwaysRunExample" name="testcase1" time="0.000"/>
  <system-out/>
  <testcase classname="seleniumpoperties.AlwaysRunExample" name="testcase1" time="0.000"/>
  <system-out/>
  <testcase classname="seleniumpoperties.AlwaysRunExample" name="testcase1" time="0.001"/>
  <system-out/>
  <testcase classname="seleniumpoperties.AlwaysRunExample" name="testcase1" time="0.000"/>
  <system-out/>
  <testcase classname="seleniumpoperties.AlwaysRunExample" name="testcase1" time="0.001"/>
  <system-out/>
  <testcase classname="seleniumpoperties.AlwaysRunExample" name="testcase1" time="0.000"/>
  <system-out/>
  <testcase classname="seleniumpoperties.AlwaysRunExample" name="testcase1" time="0.000"/>
  <system-out/>
  <testcase classname="seleniumpoperties.AlwaysRunExample" name="testcase1" time="0.000"/>
  <system-out/>
  <testcase classname="seleniumpoperties.AlwaysRunExample" name="testcase1" time="0.000"/>
  <system-out/>
  <testcase classname="seleniumpoperties.AlwaysRunExample" name="testcase1" time="0.000"/>
  <system-out/>
  <testcase classname="seleniumpoperties.AlwaysRunExample" name="testcase1" time="0.000"/>
  <system-out/>
  <testcase classname="seleniumpoperties.AlwaysRunExample" name="testcase1" time="0.000"/>
  <system-out/>
  <testcase classname="seleniumpoperties.AlwaysRunExample" name="testcase1" time="0.001"/>
  <system-out/>
  <testcase classname="seleniumpoperties.AlwaysRunExample" name="testcase1" time="0.000"/>
  <system-out/>
  <testcase classname="seleniumpoperties.AlwaysRunExample" name="testcase1" time="0.000"/>
  <system-out/>
  <testcase classname="seleniumpoperties.AlwaysRunExample" name="testcase1" time="0.000"/>
  <system-out/>
  <testcase classname="seleniumpoperties.AlwaysRunExample" name="testcase1" time="0.000"/>
  <system-out/>
  <testcase classname="seleniumpoperties.AlwaysRunExample" name="testcase1" time="0.000"/>
  <system-out/>
  <testcase classname="seleniumpoperties.AlwaysRunExample" name="testcase1" time="0.000"/>
  <system-out/>
  <testcase classname="seleniumpoperties.AlwaysRunExample" name="testcase1" time="0.000"/>
  <system-out/>
  <testcase classname="seleniumpoperties.AlwaysRunExample" name="testcase1" time="0.000"/>
  <system-out/>
  <testcase classname="seleniumpoperties.AlwaysRunExample" name="testcase1" time="0.001"/>
  <system-out/>
  <testcase classname="seleniumpoperties.AlwaysRunExample" name="testcase1" time="0.000"/>
  <system-out/>
  <testcase classname="seleniumpoperties.AlwaysRunExample" name="testcase1" time="0.000"/>
  <system-out/>
  <testcase classname="seleniumpoperties.AlwaysRunExample" name="testcase1" time="0.000"/>
  <system-out/>
  <testcase classname="seleniumpoperties.AlwaysRunExample" name="testcase1" time="0.000"/>
  <system-out/>
  <testcase classname="seleniumpoperties.AlwaysRunExample" name="testcase1" time="0.000"/>
  <system-out/>
  <testcase classname="seleniumpoperties.AlwaysRunExample" name="testcase1" time="0.001"/>
  <system-out/>
  <testcase classname="seleniumpoperties.AlwaysRunExample" name="testcase1" time="0.000"/>
  <system-out/>
  <testcase classname="seleniumpoperties.AlwaysRunExample" name="testcase1" time="0.000"/>
  <system-out/>
  <testcase classname="seleniumpoperties.AlwaysRunExample" name="testcase1" time="0.000"/>
  <system-out/>
  <testcase classname="seleniumpoperties.AlwaysRunExample" name="testcase1" time="0.000"/>
  <system-out/>
  <testcase classname="seleniumpoperties.AlwaysRunExample" name="testcase1" time="0.000"/>
  <system-out/>
  <testcase classname="seleniumpoperties.AlwaysRunExample" name="testcase1" time="0.000"/>
  <system-out/>
  <testcase classname="seleniumpoperties.AlwaysRunExample" name="testcase1" time="0.000"/>
  <system-out/>
  <testcase classname="seleniumpoperties.AlwaysRunExample" name="testcase1" time="0.001"/>
  <system-out/>
  <testcase classname="seleniumpoperties.AlwaysRunExample" name="testcase1" time="0.000"/>
  <system-out/>
  <testcase classname="seleniumpoperties.AlwaysRunExample" name="testcase1" time="0.001"/>
  <system-out/>
  <testcase classname="seleniumpoperties.AlwaysRunExample" name="testcase1" time="0.000"/>
  <system-out/>
  <testcase classname="seleniumpoperties.AlwaysRunExample" name="testcase1" time="0.000"/>
  <system-out/>
  <testcase classname="seleniumpoperties.AlwaysRunExample" name="testcase1" time="0.000"/>
  <system-out/>
  <testcase classname="seleniumpoperties.AlwaysRunExample" name="testcase1" time="0.000"/>
  <system-out/>
  <testcase classname="seleniumpoperties.AlwaysRunExample" name="testcase1" time="0.000"/>
  <system-out/>
  <testcase classname="seleniumpoperties.AlwaysRunExample" name="testcase1" time="0.000"/>
  <system-out/>
  <testcase classname="seleniumpoperties.AlwaysRunExample" name="testcase1" time="0.000"/>
  <system-out/>
  <testcase classname="seleniumpoperties.AlwaysRunExample" name="testcase1" time="0.000"/>
  <system-out/>
  <testcase classname="seleniumpoperties.AlwaysRunExample" name="testcase1" time="0.000"/>
  <system-out/>
  <testcase classname="seleniumpoperties.AlwaysRunExample" name="testcase1" time="0.000"/>
  <system-out/>
  <testcase classname="seleniumpoperties.AlwaysRunExample" name="testcase1" time="0.000"/>
  <system-out/>
  <testcase classname="seleniumpoperties.AlwaysRunExample" name="testcase1" time="0.000"/>
  <system-out/>
  <testcase classname="seleniumpoperties.AlwaysRunExample" name="testcase1" time="0.000"/>
  <system-out/>
  <testcase classname="seleniumpoperties.AlwaysRunExample" name="testcase1" time="0.000"/>
  <system-out/>
  <testcase classname="seleniumpoperties.AlwaysRunExample" name="testcase1" time="0.000"/>
  <system-out/>
  <testcase classname="seleniumpoperties.AlwaysRunExample" name="testcase1" time="0.000"/>
  <system-out/>
  <testcase classname="seleniumpoperties.AlwaysRunExample" name="testcase1" time="0.000"/>
  <system-out/>
  <testcase classname="seleniumpoperties.AlwaysRunExample" name="testcase1" time="0.000"/>
  <system-out/>
  <testcase classname="seleniumpoperties.AlwaysRunExample" name="testcase1" time="0.000"/>
  <system-out/>
  <testcase classname="seleniumpoperties.AlwaysRunExample" name="testcase1" time="0.000"/>
  <system-out/>
  <testcase classname="seleniumpoperties.AlwaysRunExample" name="testcase1" time="0.000"/>
  <system-out/>
  <testcase classname="seleniumpoperties.AlwaysRunExample" name="testcase1" time="0.000"/>
  <system-out/>
  <testcase classname="seleniumpoperties.AlwaysRunExample" name="testcase1" time="0.001"/>
  <system-out/>
  <testcase classname="seleniumpoperties.AlwaysRunExample" name="testcase1" time="0.000"/>
  <system-out/>
  <testcase classname="seleniumpoperties.AlwaysRunExample" name="testcase1" time="0.000"/>
  <system-out/>
  <testcase classname="seleniumpoperties.AlwaysRunExample" name="testcase1" time="0.000"/>
  <system-out/>
  <testcase classname="seleniumpoperties.AlwaysRunExample" name="testcase1" time="0.000"/>
  <system-out/>
  <testcase classname="seleniumpoperties.AlwaysRunExample" name="testcase1" time="0.000"/>
  <system-out/>
  <testcase classname="seleniumpoperties.AlwaysRunExample" name="testcase1" time="0.000"/>
  <system-out/>
  <testcase classname="seleniumpoperties.AlwaysRunExample" name="testcase1" time="0.000"/>
  <system-out/>
  <testcase classname="seleniumpoperties.AlwaysRunExample" name="testcase1" time="0.000"/>
  <system-out/>
  <testcase classname="seleniumpoperties.AlwaysRunExample" name="testcase1" time="0.000"/>
  <system-out/>
  <testcase classname="seleniumpoperties.AlwaysRunExample" name="testcase1" time="0.000"/>
  <system-out/>
  <testcase classname="seleniumpoperties.AlwaysRunExample" name="testcase1" time="0.000"/>
  <system-out/>
  <testcase classname="seleniumpoperties.AlwaysRunExample" name="testcase1" time="0.001"/>
  <system-out/>
  <testcase classname="seleniumpoperties.AlwaysRunExample" name="testcase1" time="0.000"/>
  <system-out/>
  <testcase classname="seleniumpoperties.AlwaysRunExample" name="testcase1" time="0.000"/>
  <system-out/>
  <testcase classname="seleniumpoperties.AlwaysRunExample" name="testcase1" time="0.001"/>
  <system-out/>
  <testcase classname="seleniumpoperties.AlwaysRunExample" name="testcase1" time="0.000"/>
  <system-out/>
  <testcase classname="seleniumpoperties.AlwaysRunExample" name="testcase1" time="0.000"/>
  <system-out/>
  <testcase classname="seleniumpoperties.AlwaysRunExample" name="testcase1" time="0.000"/>
  <system-out/>
  <testcase classname="seleniumpoperties.AlwaysRunExample" name="testcase1" time="0.000"/>
  <system-out/>
  <testcase classname="seleniumpoperties.AlwaysRunExample" name="testcase1" time="0.000"/>
  <system-out/>
  <testcase classname="seleniumpoperties.AlwaysRunExample" name="testcase1" time="0.000"/>
  <system-out/>
  <testcase classname="seleniumpoperties.AlwaysRunExample" name="testcase1" time="0.000"/>
  <system-out/>
  <testcase classname="seleniumpoperties.AlwaysRunExample" name="testcase1" time="0.000"/>
  <system-out/>
  <testcase classname="seleniumpoperties.AlwaysRunExample" name="testcase1" time="0.000"/>
  <system-out/>
  <testcase classname="seleniumpoperties.AlwaysRunExample" name="testcase1" time="0.000"/>
  <system-out/>
  <testcase classname="seleniumpoperties.AlwaysRunExample" name="testcase1" time="0.001"/>
  <system-out/>
  <testcase classname="seleniumpoperties.AlwaysRunExample" name="testcase1" time="0.000"/>
  <system-out/>
  <testcase classname="seleniumpoperties.AlwaysRunExample" name="testcase1" time="0.001"/>
  <system-out/>
  <testcase classname="seleniumpoperties.AlwaysRunExample" name="testcase1" time="0.000"/>
  <system-out/>
  <testcase classname="seleniumpoperties.AlwaysRunExample" name="testcase1" time="0.000"/>
  <system-out/>
  <testcase classname="seleniumpoperties.AlwaysRunExample" name="testcase1" time="0.000"/>
  <system-out/>
  <testcase classname="seleniumpoperties.AlwaysRunExample" name="testcase1" time="0.000"/>
  <system-out/>
  <testcase classname="seleniumpoperties.AlwaysRunExample" name="testcase1" time="0.000"/>
  <system-out/>
  <testcase classname="seleniumpoperties.AlwaysRunExample" name="testcase1" time="0.000"/>
  <system-out/>
  <testcase classname="seleniumpoperties.AlwaysRunExample" name="testcase1" time="0.000"/>
  <system-out/>
  <testcase classname="seleniumpoperties.AlwaysRunExample" name="testcase1" time="0.002"/>
  <system-out/>
  <testcase classname="seleniumpoperties.AlwaysRunExample" name="testcase1" time="0.000"/>
  <system-out/>
  <testcase classname="seleniumpoperties.AlwaysRunExample" name="testcase1" time="0.001"/>
  <system-out/>
  <testcase classname="seleniumpoperties.AlwaysRunExample" name="testcase1" time="0.000"/>
  <system-out/>
  <testcase classname="seleniumpoperties.AlwaysRunExample" name="testcase1" time="0.000"/>
  <system-out/>
  <testcase classname="seleniumpoperties.AlwaysRunExample" name="testcase1" time="0.000"/>
  <system-out/>
  <testcase classname="seleniumpoperties.AlwaysRunExample" name="testcase1" time="0.000"/>
  <system-out/>
  <testcase classname="seleniumpoperties.AlwaysRunExample" name="testcase1" time="0.001"/>
  <system-out/>
  <testcase classname="seleniumpoperties.AlwaysRunExample" name="testcase1" time="0.000"/>
  <system-out/>
  <testcase classname="seleniumpoperties.AlwaysRunExample" name="testcase1" time="0.000"/>
  <system-out/>
  <testcase classname="seleniumpoperties.AlwaysRunExample" name="testcase1" time="0.001"/>
  <system-out/>
  <testcase classname="seleniumpoperties.AlwaysRunExample" name="testcase1" time="0.000"/>
  <system-out/>
  <testcase classname="seleniumpoperties.AlwaysRunExample" name="testcase1" time="0.000"/>
  <system-out/>
  <testcase classname="seleniumpoperties.AlwaysRunExample" name="testcase1" time="0.000"/>
  <system-out/>
  <testcase classname="seleniumpoperties.AlwaysRunExample" name="testcase1" time="0.000"/>
  <system-out/>
  <testcase classname="seleniumpoperties.AlwaysRunExample" name="testcase1" time="0.000"/>
  <system-out/>
  <testcase classname="seleniumpoperties.AlwaysRunExample" name="testcase1" time="0.000"/>
  <system-out/>
  <testcase classname="seleniumpoperties.AlwaysRunExample" name="testcase1" time="0.000"/>
  <system-out/>
  <testcase classname="seleniumpoperties.AlwaysRunExample" name="testcase1" time="0.000"/>
  <system-out/>
  <testcase classname="seleniumpoperties.AlwaysRunExample" name="testcase1" time="0.000"/>
  <system-out/>
  <testcase classname="seleniumpoperties.AlwaysRunExample" name="testcase1" time="0.000"/>
  <system-out/>
  <testcase classname="seleniumpoperties.AlwaysRunExample" name="testcase1" time="0.001"/>
  <system-out/>
  <testcase classname="seleniumpoperties.AlwaysRunExample" name="testcase1" time="0.001"/>
  <system-out/>
  <testcase classname="seleniumpoperties.AlwaysRunExample" name="testcase1" time="0.000"/>
  <system-out/>
  <testcase classname="seleniumpoperties.AlwaysRunExample" name="testcase1" time="0.000"/>
  <system-out/>
  <testcase classname="seleniumpoperties.AlwaysRunExample" name="testcase1" time="0.000"/>
  <system-out/>
  <testcase classname="seleniumpoperties.AlwaysRunExample" name="testcase1" time="0.000"/>
  <system-out/>
  <testcase classname="seleniumpoperties.AlwaysRunExample" name="testcase1" time="0.000"/>
  <system-out/>
  <testcase classname="seleniumpoperties.AlwaysRunExample" name="testcase1" time="0.001"/>
  <system-out/>
  <testcase classname="seleniumpoperties.AlwaysRunExample" name="testcase1" time="0.000"/>
  <system-out/>
  <testcase classname="seleniumpoperties.AlwaysRunExample" name="testcase1" time="0.000"/>
  <system-out/>
  <testcase classname="seleniumpoperties.AlwaysRunExample" name="testcase1" time="0.000"/>
  <system-out/>
  <testcase classname="seleniumpoperties.AlwaysRunExample" name="testcase1" time="0.000"/>
  <system-out/>
  <testcase classname="seleniumpoperties.AlwaysRunExample" name="testcase1" time="0.000"/>
  <system-out/>
  <testcase classname="seleniumpoperties.AlwaysRunExample" name="testcase1" time="0.001"/>
  <system-out/>
  <testcase classname="seleniumpoperties.AlwaysRunExample" name="testcase1" time="0.000"/>
  <system-out/>
  <testcase classname="seleniumpoperties.AlwaysRunExample" name="testcase1" time="0.000"/>
  <system-out/>
  <testcase classname="seleniumpoperties.AlwaysRunExample" name="testcase1" time="0.000"/>
  <system-out/>
  <testcase classname="seleniumpoperties.AlwaysRunExample" name="testcase1" time="0.000"/>
  <system-out/>
  <testcase classname="seleniumpoperties.AlwaysRunExample" name="testcase1" time="0.000"/>
  <system-out/>
  <testcase classname="seleniumpoperties.AlwaysRunExample" name="testcase1" time="0.000"/>
  <system-out/>
  <testcase classname="seleniumpoperties.AlwaysRunExample" name="testcase1" time="0.000"/>
  <system-out/>
  <testcase classname="seleniumpoperties.AlwaysRunExample" name="testcase1" time="0.000"/>
  <system-out/>
  <testcase classname="seleniumpoperties.AlwaysRunExample" name="testcase1" time="0.000"/>
  <system-out/>
  <testcase classname="seleniumpoperties.AlwaysRunExample" name="testcase1" time="0.001"/>
  <system-out/>
  <testcase classname="seleniumpoperties.AlwaysRunExample" name="testcase1" time="0.000"/>
  <system-out/>
  <testcase classname="seleniumpoperties.AlwaysRunExample" name="testcase1" time="0.000"/>
  <system-out/>
  <testcase classname="seleniumpoperties.AlwaysRunExample" name="testcase1" time="0.000"/>
  <system-out/>
  <testcase classname="seleniumpoperties.AlwaysRunExample" name="testcase1" time="0.000"/>
  <system-out/>
  <testcase classname="seleniumpoperties.AlwaysRunExample" name="testcase1" time="0.000"/>
  <system-out/>
  <testcase classname="seleniumpoperties.AlwaysRunExample" name="testcase1" time="0.000"/>
  <system-out/>
  <testcase classname="seleniumpoperties.AlwaysRunExample" name="testcase1" time="0.000"/>
  <system-out/>
  <testcase classname="seleniumpoperties.AlwaysRunExample" name="testcase1" time="0.000"/>
  <system-out/>
  <testcase classname="seleniumpoperties.AlwaysRunExample" name="testcase1" time="0.000"/>
  <system-out/>
  <testcase classname="seleniumpoperties.AlwaysRunExample" name="testcase1" time="0.000"/>
  <system-out/>
  <testcase classname="seleniumpoperties.AlwaysRunExample" name="testcase1" time="0.000"/>
  <system-out/>
  <testcase classname="seleniumpoperties.AlwaysRunExample" name="testcase1" time="0.000"/>
  <system-out/>
  <testcase classname="seleniumpoperties.AlwaysRunExample" name="testcase1" time="0.000"/>
  <system-out/>
  <testcase classname="seleniumpoperties.AlwaysRunExample" name="testcase1" time="0.000"/>
  <system-out/>
  <testcase classname="seleniumpoperties.AlwaysRunExample" name="testcase1" time="0.000"/>
  <system-out/>
  <testcase classname="seleniumpoperties.AlwaysRunExample" name="testcase1" time="0.000"/>
  <system-out/>
  <testcase classname="seleniumpoperties.AlwaysRunExample" name="testcase1" time="0.000"/>
  <system-out/>
  <testcase classname="seleniumpoperties.AlwaysRunExample" name="testcase1" time="0.000"/>
  <system-out/>
  <testcase classname="seleniumpoperties.AlwaysRunExample" name="testcase1" time="0.000"/>
  <system-out/>
  <testcase classname="seleniumpoperties.AlwaysRunExample" name="testcase1" time="0.000"/>
  <system-out/>
  <testcase classname="seleniumpoperties.AlwaysRunExample" name="testcase1" time="0.000"/>
  <system-out/>
  <testcase classname="seleniumpoperties.AlwaysRunExample" name="testcase1" time="0.002"/>
  <system-out/>
  <testcase classname="seleniumpoperties.AlwaysRunExample" name="testcase1" time="0.000"/>
  <system-out/>
  <testcase classname="seleniumpoperties.AlwaysRunExample" name="testcase1" time="0.000"/>
  <system-out/>
  <testcase classname="seleniumpoperties.AlwaysRunExample" name="testcase1" time="0.001"/>
  <system-out/>
  <testcase classname="seleniumpoperties.AlwaysRunExample" name="testcase1" time="0.001"/>
  <system-out/>
  <testcase classname="seleniumpoperties.AlwaysRunExample" name="testcase1" time="0.001"/>
  <system-out/>
  <testcase classname="seleniumpoperties.AlwaysRunExample" name="testcase1" time="0.000"/>
  <system-out/>
  <testcase classname="seleniumpoperties.AlwaysRunExample" name="testcase1" time="0.000"/>
  <system-out/>
  <testcase classname="seleniumpoperties.AlwaysRunExample" name="testcase1" time="0.000"/>
  <system-out/>
  <testcase classname="seleniumpoperties.AlwaysRunExample" name="testcase1" time="0.001"/>
  <system-out/>
  <testcase classname="seleniumpoperties.AlwaysRunExample" name="testcase1" time="0.000"/>
  <system-out/>
  <testcase classname="seleniumpoperties.AlwaysRunExample" name="testcase1" time="0.000"/>
  <system-out/>
  <testcase classname="seleniumpoperties.AlwaysRunExample" name="testcase1" time="0.000"/>
  <system-out/>
  <testcase classname="seleniumpoperties.AlwaysRunExample" name="testcase1" time="0.000"/>
  <system-out/>
  <testcase classname="seleniumpoperties.AlwaysRunExample" name="testcase1" time="0.000"/>
  <system-out/>
  <testcase classname="seleniumpoperties.AlwaysRunExample" name="testcase1" time="0.000"/>
  <system-out/>
  <testcase classname="seleniumpoperties.AlwaysRunExample" name="testcase1" time="0.001"/>
  <system-out/>
  <testcase classname="seleniumpoperties.AlwaysRunExample" name="testcase1" time="0.000"/>
  <system-out/>
  <testcase classname="seleniumpoperties.AlwaysRunExample" name="testcase1" time="0.000"/>
  <system-out/>
  <testcase classname="seleniumpoperties.AlwaysRunExample" name="testcase1" time="0.001"/>
  <system-out/>
  <testcase classname="seleniumpoperties.AlwaysRunExample" name="testcase1" time="0.000"/>
  <system-out/>
  <testcase classname="seleniumpoperties.AlwaysRunExample" name="testcase1" time="0.000"/>
  <system-out/>
  <testcase classname="seleniumpoperties.AlwaysRunExample" name="testcase1" time="0.001"/>
  <system-out/>
  <testcase classname="seleniumpoperties.AlwaysRunExample" name="testcase1" time="0.000"/>
  <system-out/>
  <testcase classname="seleniumpoperties.AlwaysRunExample" name="testcase1" time="0.001"/>
  <system-out/>
  <testcase classname="seleniumpoperties.AlwaysRunExample" name="testcase1" time="0.000"/>
  <system-out/>
  <testcase classname="seleniumpoperties.AlwaysRunExample" name="testcase1" time="0.000"/>
  <system-out/>
  <testcase classname="seleniumpoperties.AlwaysRunExample" name="testcase1" time="0.000"/>
  <system-out/>
  <testcase classname="seleniumpoperties.AlwaysRunExample" name="testcase1" time="0.000"/>
  <system-out/>
  <testcase classname="seleniumpoperties.AlwaysRunExample" name="testcase1" time="0.000"/>
  <system-out/>
  <testcase classname="seleniumpoperties.AlwaysRunExample" name="testcase1" time="0.000"/>
  <system-out/>
  <testcase classname="seleniumpoperties.AlwaysRunExample" name="testcase1" time="0.000"/>
  <system-out/>
  <testcase classname="seleniumpoperties.AlwaysRunExample" name="testcase1" time="0.000"/>
  <system-out/>
  <testcase classname="seleniumpoperties.AlwaysRunExample" name="testcase1" time="0.000"/>
  <system-out/>
  <testcase classname="seleniumpoperties.AlwaysRunExample" name="testcase1" time="0.000"/>
  <system-out/>
  <testcase classname="seleniumpoperties.AlwaysRunExample" name="testcase1" time="0.000"/>
  <system-out/>
  <testcase classname="seleniumpoperties.AlwaysRunExample" name="testcase1" time="0.000"/>
  <system-out/>
  <testcase classname="seleniumpoperties.AlwaysRunExample" name="testcase1" time="0.000"/>
  <system-out/>
  <testcase classname="seleniumpoperties.AlwaysRunExample" name="testcase1" time="0.000"/>
  <system-out/>
  <testcase classname="seleniumpoperties.AlwaysRunExample" name="testcase1" time="0.001"/>
  <system-out/>
  <testcase classname="seleniumpoperties.AlwaysRunExample" name="testcase1" time="0.000"/>
  <system-out/>
  <testcase classname="seleniumpoperties.AlwaysRunExample" name="testcase1" time="0.000"/>
  <system-out/>
  <testcase classname="seleniumpoperties.AlwaysRunExample" name="testcase1" time="0.000"/>
  <system-out/>
  <testcase classname="seleniumpoperties.AlwaysRunExample" name="testcase1" time="0.000"/>
  <system-out/>
  <testcase classname="seleniumpoperties.AlwaysRunExample" name="testcase1" time="0.000"/>
  <system-out/>
  <testcase classname="seleniumpoperties.AlwaysRunExample" name="testcase1" time="0.000"/>
  <system-out/>
  <testcase classname="seleniumpoperties.AlwaysRunExample" name="testcase1" time="0.000"/>
  <system-out/>
  <testcase classname="seleniumpoperties.AlwaysRunExample" name="testcase1" time="0.001"/>
  <system-out/>
  <testcase classname="seleniumpoperties.AlwaysRunExample" name="testcase1" time="0.000"/>
  <system-out/>
  <testcase classname="seleniumpoperties.AlwaysRunExample" name="testcase1" time="0.000"/>
  <system-out/>
  <testcase classname="seleniumpoperties.AlwaysRunExample" name="testcase1" time="0.000"/>
  <system-out/>
  <testcase classname="seleniumpoperties.AlwaysRunExample" name="testcase1" time="0.000"/>
  <system-out/>
  <testcase classname="seleniumpoperties.AlwaysRunExample" name="testcase1" time="0.000"/>
  <system-out/>
  <testcase classname="seleniumpoperties.AlwaysRunExample" name="testcase1" time="0.000"/>
  <system-out/>
  <testcase classname="seleniumpoperties.AlwaysRunExample" name="testcase1" time="0.000"/>
  <system-out/>
  <testcase classname="seleniumpoperties.AlwaysRunExample" name="testcase1" time="0.000"/>
  <system-out/>
  <testcase classname="seleniumpoperties.AlwaysRunExample" name="testcase1" time="0.001"/>
  <system-out/>
  <testcase classname="seleniumpoperties.AlwaysRunExample" name="testcase1" time="0.000"/>
  <system-out/>
  <testcase classname="seleniumpoperties.AlwaysRunExample" name="testcase1" time="0.000"/>
  <system-out/>
  <testcase classname="seleniumpoperties.AlwaysRunExample" name="testcase1" time="0.001"/>
  <system-out/>
  <testcase classname="seleniumpoperties.AlwaysRunExample" name="testcase1" time="0.000"/>
  <system-out/>
  <testcase classname="seleniumpoperties.AlwaysRunExample" name="testcase1" time="0.000"/>
  <system-out/>
  <testcase classname="seleniumpoperties.AlwaysRunExample" name="testcase1" time="0.000"/>
  <system-out/>
  <testcase classname="seleniumpoperties.AlwaysRunExample" name="testcase1" time="0.001"/>
  <system-out/>
  <testcase classname="seleniumpoperties.AlwaysRunExample" name="testcase1" time="0.001"/>
  <system-out/>
  <testcase classname="seleniumpoperties.AlwaysRunExample" name="testcase1" time="0.001"/>
  <system-out/>
  <testcase classname="seleniumpoperties.AlwaysRunExample" name="testcase1" time="0.000"/>
  <system-out/>
  <testcase classname="seleniumpoperties.AlwaysRunExample" name="testcase1" time="0.000"/>
  <system-out/>
  <testcase classname="seleniumpoperties.AlwaysRunExample" name="testcase1" time="0.000"/>
  <system-out/>
  <testcase classname="seleniumpoperties.AlwaysRunExample" name="testcase1" time="0.000"/>
  <system-out/>
  <testcase classname="seleniumpoperties.AlwaysRunExample" name="testcase1" time="0.000"/>
  <system-out/>
  <testcase classname="seleniumpoperties.AlwaysRunExample" name="testcase1" time="0.000"/>
  <system-out/>
  <testcase classname="seleniumpoperties.AlwaysRunExample" name="testcase1" time="0.000"/>
  <system-out/>
  <testcase classname="seleniumpoperties.AlwaysRunExample" name="testcase1" time="0.000"/>
  <system-out/>
  <testcase classname="seleniumpoperties.AlwaysRunExample" name="testcase1" time="0.001"/>
  <system-out/>
  <testcase classname="seleniumpoperties.AlwaysRunExample" name="testcase1" time="0.001"/>
  <system-out/>
  <testcase classname="seleniumpoperties.AlwaysRunExample" name="testcase1" time="0.000"/>
  <system-out/>
  <testcase classname="seleniumpoperties.AlwaysRunExample" name="testcase1" time="0.001"/>
  <system-out/>
  <testcase classname="seleniumpoperties.AlwaysRunExample" name="testcase1" time="0.001"/>
  <system-out/>
  <testcase classname="seleniumpoperties.AlwaysRunExample" name="testcase1" time="0.000"/>
  <system-out/>
  <testcase classname="seleniumpoperties.AlwaysRunExample" name="testcase1" time="0.000"/>
  <system-out/>
  <testcase classname="seleniumpoperties.AlwaysRunExample" name="testcase1" time="0.000"/>
  <system-out/>
  <testcase classname="seleniumpoperties.AlwaysRunExample" name="testcase1" time="0.000"/>
  <system-out/>
  <testcase classname="seleniumpoperties.AlwaysRunExample" name="testcase1" time="0.000"/>
  <system-out/>
  <testcase classname="seleniumpoperties.AlwaysRunExample" name="testcase1" time="0.000"/>
  <system-out/>
  <testcase classname="seleniumpoperties.AlwaysRunExample" name="testcase1" time="0.001"/>
  <system-out/>
  <testcase classname="seleniumpoperties.AlwaysRunExample" name="testcase1" time="0.000"/>
  <system-out/>
  <testcase classname="seleniumpoperties.AlwaysRunExample" name="testcase1" time="0.000"/>
  <system-out/>
  <testcase classname="seleniumpoperties.AlwaysRunExample" name="testcase1" time="0.000"/>
  <system-out/>
  <testcase classname="seleniumpoperties.AlwaysRunExample" name="testcase1" time="0.000"/>
  <system-out/>
  <testcase classname="seleniumpoperties.AlwaysRunExample" name="testcase1" time="0.000"/>
  <system-out/>
  <testcase classname="seleniumpoperties.AlwaysRunExample" name="testcase1" time="0.001"/>
  <system-out/>
  <testcase classname="seleniumpoperties.AlwaysRunExample" name="testcase1" time="0.001"/>
  <system-out/>
  <testcase classname="seleniumpoperties.AlwaysRunExample" name="testcase1" time="0.000"/>
  <system-out/>
  <testcase classname="seleniumpoperties.AlwaysRunExample" name="testcase1" time="0.001"/>
  <system-out/>
  <testcase classname="seleniumpoperties.AlwaysRunExample" name="testcase1" time="0.000"/>
  <system-out/>
  <testcase classname="seleniumpoperties.AlwaysRunExample" name="testcase1" time="0.000"/>
  <system-out/>
  <testcase classname="seleniumpoperties.AlwaysRunExample" name="testcase1" time="0.001"/>
  <system-out/>
  <testcase classname="seleniumpoperties.AlwaysRunExample" name="testcase1" time="0.000"/>
  <system-out/>
  <testcase classname="seleniumpoperties.AlwaysRunExample" name="testcase1" time="0.001"/>
  <system-out/>
  <testcase classname="seleniumpoperties.AlwaysRunExample" name="testcase1" time="0.000"/>
  <system-out/>
  <testcase classname="seleniumpoperties.AlwaysRunExample" name="testcase1" time="0.000"/>
  <system-out/>
  <testcase classname="seleniumpoperties.AlwaysRunExample" name="testcase1" time="0.000"/>
  <system-out/>
  <testcase classname="seleniumpoperties.AlwaysRunExample" name="testcase1" time="0.001"/>
  <system-out/>
  <testcase classname="seleniumpoperties.AlwaysRunExample" name="testcase1" time="0.000"/>
  <system-out/>
  <testcase classname="seleniumpoperties.AlwaysRunExample" name="testcase1" time="0.000"/>
  <system-out/>
  <testcase classname="seleniumpoperties.AlwaysRunExample" name="testcase1" time="0.000"/>
  <system-out/>
  <testcase classname="seleniumpoperties.AlwaysRunExample" name="testcase1" time="0.000"/>
  <system-out/>
  <testcase classname="seleniumpoperties.AlwaysRunExample" name="testcase1" time="0.000"/>
  <system-out/>
  <testcase classname="seleniumpoperties.AlwaysRunExample" name="testcase1" time="0.000"/>
  <system-out/>
  <testcase classname="seleniumpoperties.AlwaysRunExample" name="testcase1" time="0.001"/>
  <system-out/>
  <testcase classname="seleniumpoperties.AlwaysRunExample" name="testcase1" time="0.000"/>
  <system-out/>
  <testcase classname="seleniumpoperties.AlwaysRunExample" name="testcase1" time="0.000"/>
  <system-out/>
  <testcase classname="seleniumpoperties.AlwaysRunExample" name="testcase1" time="0.000"/>
  <system-out/>
  <testcase classname="seleniumpoperties.AlwaysRunExample" name="testcase1" time="0.001"/>
  <system-out/>
  <testcase classname="seleniumpoperties.AlwaysRunExample" name="testcase1" time="0.000"/>
  <system-out/>
  <testcase classname="seleniumpoperties.AlwaysRunExample" name="testcase1" time="0.000"/>
  <system-out/>
  <testcase classname="seleniumpoperties.AlwaysRunExample" name="testcase1" time="0.001"/>
  <system-out/>
  <testcase classname="seleniumpoperties.AlwaysRunExample" name="testcase1" time="0.000"/>
  <system-out/>
  <testcase classname="seleniumpoperties.AlwaysRunExample" name="testcase1" time="0.000"/>
  <system-out/>
  <testcase classname="seleniumpoperties.AlwaysRunExample" name="testcase1" time="0.001"/>
  <system-out/>
  <testcase classname="seleniumpoperties.AlwaysRunExample" name="testcase1" time="0.000"/>
  <system-out/>
  <testcase classname="seleniumpoperties.AlwaysRunExample" name="testcase1" time="0.000"/>
  <system-out/>
  <testcase classname="seleniumpoperties.AlwaysRunExample" name="testcase1" time="0.000"/>
  <system-out/>
  <testcase classname="seleniumpoperties.AlwaysRunExample" name="testcase1" time="0.000"/>
  <system-out/>
  <testcase classname="seleniumpoperties.AlwaysRunExample" name="testcase1" time="0.001"/>
  <system-out/>
  <testcase classname="seleniumpoperties.AlwaysRunExample" name="testcase1" time="0.000"/>
  <system-out/>
  <testcase classname="seleniumpoperties.AlwaysRunExample" name="testcase1" time="0.000"/>
  <system-out/>
  <testcase classname="seleniumpoperties.AlwaysRunExample" name="testcase1" time="0.000"/>
  <system-out/>
  <testcase classname="seleniumpoperties.AlwaysRunExample" name="testcase1" time="0.000"/>
  <system-out/>
  <testcase classname="seleniumpoperties.AlwaysRunExample" name="testcase1" time="0.000"/>
  <system-out/>
  <testcase classname="seleniumpoperties.AlwaysRunExample" name="testcase1" time="0.001"/>
  <system-out/>
  <testcase classname="seleniumpoperties.AlwaysRunExample" name="testcase1" time="0.000"/>
  <system-out/>
  <testcase classname="seleniumpoperties.AlwaysRunExample" name="testcase1" time="0.000"/>
  <system-out/>
  <testcase classname="seleniumpoperties.AlwaysRunExample" name="testcase1" time="0.000"/>
  <system-out/>
  <testcase classname="seleniumpoperties.AlwaysRunExample" name="testcase1" time="0.000"/>
  <system-out/>
  <testcase classname="seleniumpoperties.AlwaysRunExample" name="testcase1" time="0.002"/>
  <system-out/>
  <testcase classname="seleniumpoperties.AlwaysRunExample" name="testcase1" time="0.000"/>
  <system-out/>
  <testcase classname="seleniumpoperties.AlwaysRunExample" name="testcase1" time="0.000"/>
  <system-out/>
  <testcase classname="seleniumpoperties.AlwaysRunExample" name="testcase1" time="0.000"/>
  <system-out/>
  <testcase classname="seleniumpoperties.AlwaysRunExample" name="testcase1" time="0.000"/>
  <system-out/>
  <testcase classname="seleniumpoperties.AlwaysRunExample" name="testcase1" time="0.000"/>
  <system-out/>
  <testcase classname="seleniumpoperties.AlwaysRunExample" name="testcase1" time="0.000"/>
  <system-out/>
  <testcase classname="seleniumpoperties.AlwaysRunExample" name="testcase1" time="0.000"/>
  <system-out/>
  <testcase classname="seleniumpoperties.AlwaysRunExample" name="testcase1" time="0.000"/>
  <system-out/>
  <testcase classname="seleniumpoperties.AlwaysRunExample" name="testcase1" time="0.000"/>
  <system-out/>
  <testcase classname="seleniumpoperties.AlwaysRunExample" name="testcase1" time="0.001"/>
  <system-out/>
  <testcase classname="seleniumpoperties.AlwaysRunExample" name="testcase1" time="0.000"/>
  <system-out/>
  <testcase classname="seleniumpoperties.AlwaysRunExample" name="testcase1" time="0.000"/>
  <system-out/>
  <testcase classname="seleniumpoperties.AlwaysRunExample" name="testcase1" time="0.000"/>
  <system-out/>
  <testcase classname="seleniumpoperties.AlwaysRunExample" name="testcase1" time="0.000"/>
  <system-out/>
  <testcase classname="seleniumpoperties.AlwaysRunExample" name="testcase1" time="0.001"/>
  <system-out/>
  <testcase classname="seleniumpoperties.AlwaysRunExample" name="testcase1" time="0.000"/>
  <system-out/>
  <testcase classname="seleniumpoperties.AlwaysRunExample" name="testcase1" time="0.000"/>
  <system-out/>
  <testcase classname="seleniumpoperties.AlwaysRunExample" name="testcase1" time="0.000"/>
  <system-out/>
  <testcase classname="seleniumpoperties.AlwaysRunExample" name="testcase1" time="0.000"/>
  <system-out/>
  <testcase classname="seleniumpoperties.AlwaysRunExample" name="testcase1" time="0.000"/>
  <system-out/>
  <testcase classname="seleniumpoperties.AlwaysRunExample" name="testcase1" time="0.000"/>
  <system-out/>
  <testcase classname="seleniumpoperties.AlwaysRunExample" name="testcase1" time="0.000"/>
  <system-out/>
  <testcase classname="seleniumpoperties.AlwaysRunExample" name="testcase1" time="0.000"/>
  <system-out/>
  <testcase classname="seleniumpoperties.AlwaysRunExample" name="testcase1" time="0.001"/>
  <system-out/>
  <testcase classname="seleniumpoperties.AlwaysRunExample" name="testcase1" time="0.001"/>
  <system-out/>
  <testcase classname="seleniumpoperties.AlwaysRunExample" name="testcase1" time="0.000"/>
  <system-out/>
  <testcase classname="seleniumpoperties.AlwaysRunExample" name="testcase1" time="0.000"/>
  <system-out/>
  <testcase classname="seleniumpoperties.AlwaysRunExample" name="testcase1" time="0.000"/>
  <system-out/>
  <testcase classname="seleniumpoperties.AlwaysRunExample" name="testcase1" time="0.000"/>
  <system-out/>
  <testcase classname="seleniumpoperties.AlwaysRunExample" name="testcase1" time="0.000"/>
  <system-out/>
  <testcase classname="seleniumpoperties.AlwaysRunExample" name="testcase1" time="0.000"/>
  <system-out/>
  <testcase classname="seleniumpoperties.AlwaysRunExample" name="testcase1" time="0.000"/>
  <system-out/>
  <testcase classname="seleniumpoperties.AlwaysRunExample" name="testcase1" time="0.000"/>
  <system-out/>
  <testcase classname="seleniumpoperties.AlwaysRunExample" name="testcase1" time="0.000"/>
  <system-out/>
  <testcase classname="seleniumpoperties.AlwaysRunExample" name="testcase1" time="0.000"/>
  <system-out/>
  <testcase classname="seleniumpoperties.AlwaysRunExample" name="testcase1" time="0.000"/>
  <system-out/>
  <testcase classname="seleniumpoperties.AlwaysRunExample" name="testcase1" time="0.000"/>
  <system-out/>
  <testcase classname="seleniumpoperties.AlwaysRunExample" name="testcase1" time="0.000"/>
  <system-out/>
  <testcase classname="seleniumpoperties.AlwaysRunExample" name="testcase1" time="0.000"/>
  <system-out/>
  <testcase classname="seleniumpoperties.AlwaysRunExample" name="testcase1" time="0.000"/>
  <system-out/>
  <testcase classname="seleniumpoperties.AlwaysRunExample" name="testcase1" time="0.000"/>
  <system-out/>
  <testcase classname="seleniumpoperties.AlwaysRunExample" name="testcase1" time="0.000"/>
  <system-out/>
  <testcase classname="seleniumpoperties.AlwaysRunExample" name="testcase1" time="0.000"/>
  <system-out/>
  <testcase classname="seleniumpoperties.AlwaysRunExample" name="testcase1" time="0.000"/>
  <system-out/>
  <testcase classname="seleniumpoperties.AlwaysRunExample" name="testcase1" time="0.000"/>
  <system-out/>
  <testcase classname="seleniumpoperties.AlwaysRunExample" name="testcase1" time="0.000"/>
  <system-out/>
  <testcase classname="seleniumpoperties.AlwaysRunExample" name="testcase1" time="0.000"/>
  <system-out/>
  <testcase classname="seleniumpoperties.AlwaysRunExample" name="testcase1" time="0.000"/>
  <system-out/>
  <testcase classname="seleniumpoperties.AlwaysRunExample" name="testcase1" time="0.000"/>
  <system-out/>
  <testcase classname="seleniumpoperties.AlwaysRunExample" name="testcase1" time="0.001"/>
  <system-out/>
  <testcase classname="seleniumpoperties.AlwaysRunExample" name="testcase1" time="0.000"/>
  <system-out/>
  <testcase classname="seleniumpoperties.AlwaysRunExample" name="testcase1" time="0.000"/>
  <system-out/>
  <testcase classname="seleniumpoperties.AlwaysRunExample" name="testcase1" time="0.000"/>
  <system-out/>
  <testcase classname="seleniumpoperties.AlwaysRunExample" name="testcase1" time="0.000"/>
  <system-out/>
  <testcase classname="seleniumpoperties.AlwaysRunExample" name="testcase1" time="0.000"/>
  <system-out/>
  <testcase classname="seleniumpoperties.AlwaysRunExample" name="testcase1" time="0.000"/>
  <system-out/>
  <testcase classname="seleniumpoperties.AlwaysRunExample" name="testcase1" time="0.000"/>
  <system-out/>
  <testcase classname="seleniumpoperties.AlwaysRunExample" name="testcase1" time="0.000"/>
  <system-out/>
  <testcase classname="seleniumpoperties.AlwaysRunExample" name="testcase1" time="0.000"/>
  <system-out/>
  <testcase classname="seleniumpoperties.AlwaysRunExample" name="testcase1" time="0.000"/>
  <system-out/>
  <testcase classname="seleniumpoperties.AlwaysRunExample" name="testcase1" time="0.000"/>
  <system-out/>
  <testcase classname="seleniumpoperties.AlwaysRunExample" name="testcase1" time="0.000"/>
  <system-out/>
  <testcase classname="seleniumpoperties.AlwaysRunExample" name="testcase1" time="0.000"/>
  <system-out/>
  <testcase classname="seleniumpoperties.AlwaysRunExample" name="testcase1" time="0.000"/>
  <system-out/>
  <testcase classname="seleniumpoperties.AlwaysRunExample" name="testcase1" time="0.001"/>
  <system-out/>
  <testcase classname="seleniumpoperties.AlwaysRunExample" name="testcase1" time="0.000"/>
  <system-out/>
  <testcase classname="seleniumpoperties.AlwaysRunExample" name="testcase1" time="0.000"/>
  <system-out/>
  <testcase classname="seleniumpoperties.AlwaysRunExample" name="testcase1" time="0.000"/>
  <system-out/>
  <testcase classname="seleniumpoperties.AlwaysRunExample" name="testcase1" time="0.000"/>
  <system-out/>
  <testcase classname="seleniumpoperties.AlwaysRunExample" name="testcase1" time="0.000"/>
  <system-out/>
  <testcase classname="seleniumpoperties.AlwaysRunExample" name="testcase1" time="0.000"/>
  <system-out/>
  <testcase classname="seleniumpoperties.AlwaysRunExample" name="testcase1" time="0.000"/>
  <system-out/>
  <testcase classname="seleniumpoperties.AlwaysRunExample" name="testcase1" time="0.000"/>
  <system-out/>
  <testcase classname="seleniumpoperties.AlwaysRunExample" name="testcase1" time="0.001"/>
  <system-out/>
  <testcase classname="seleniumpoperties.AlwaysRunExample" name="testcase1" time="0.000"/>
  <system-out/>
  <testcase classname="seleniumpoperties.AlwaysRunExample" name="testcase1" time="0.000"/>
  <system-out/>
  <testcase classname="seleniumpoperties.AlwaysRunExample" name="testcase1" time="0.000"/>
  <system-out/>
  <testcase classname="seleniumpoperties.AlwaysRunExample" name="testcase1" time="0.000"/>
  <system-out/>
  <testcase classname="seleniumpoperties.AlwaysRunExample" name="testcase1" time="0.001"/>
  <system-out/>
  <testcase classname="seleniumpoperties.AlwaysRunExample" name="testcase1" time="0.001"/>
  <system-out/>
  <testcase classname="seleniumpoperties.AlwaysRunExample" name="testcase1" time="0.000"/>
  <system-out/>
  <testcase classname="seleniumpoperties.AlwaysRunExample" name="testcase1" time="0.000"/>
  <system-out/>
  <testcase classname="seleniumpoperties.AlwaysRunExample" name="testcase1" time="0.000"/>
  <system-out/>
  <testcase classname="seleniumpoperties.AlwaysRunExample" name="testcase1" time="0.000"/>
  <system-out/>
  <testcase classname="seleniumpoperties.AlwaysRunExample" name="testcase1" time="0.000"/>
  <system-out/>
  <testcase classname="seleniumpoperties.AlwaysRunExample" name="testcase1" time="0.000"/>
  <system-out/>
  <testcase classname="seleniumpoperties.AlwaysRunExample" name="testcase1" time="0.000"/>
  <system-out/>
  <testcase classname="seleniumpoperties.AlwaysRunExample" name="testcase1" time="0.000"/>
  <system-out/>
  <testcase classname="seleniumpoperties.AlwaysRunExample" name="testcase1" time="0.000"/>
  <system-out/>
  <testcase classname="seleniumpoperties.AlwaysRunExample" name="testcase1" time="0.001"/>
  <system-out/>
  <testcase classname="seleniumpoperties.AlwaysRunExample" name="testcase1" time="0.001"/>
  <system-out/>
  <testcase classname="seleniumpoperties.AlwaysRunExample" name="testcase1" time="0.000"/>
  <system-out/>
  <testcase classname="seleniumpoperties.AlwaysRunExample" name="testcase1" time="0.001"/>
  <system-out/>
  <testcase classname="seleniumpoperties.AlwaysRunExample" name="testcase1" time="0.000"/>
  <system-out/>
  <testcase classname="seleniumpoperties.AlwaysRunExample" name="testcase1" time="0.000"/>
  <system-out/>
  <testcase classname="seleniumpoperties.AlwaysRunExample" name="testcase1" time="0.000"/>
  <system-out/>
  <testcase classname="seleniumpoperties.AlwaysRunExample" name="testcase1" time="0.000"/>
  <system-out/>
  <testcase classname="seleniumpoperties.AlwaysRunExample" name="testcase1" time="0.001"/>
  <system-out/>
  <testcase classname="seleniumpoperties.AlwaysRunExample" name="testcase1" time="0.001"/>
  <system-out/>
  <testcase classname="seleniumpoperties.AlwaysRunExample" name="testcase1" time="0.000"/>
  <system-out/>
  <testcase classname="seleniumpoperties.AlwaysRunExample" name="testcase1" time="0.000"/>
  <system-out/>
  <testcase classname="seleniumpoperties.AlwaysRunExample" name="testcase1" time="0.000"/>
  <system-out/>
  <testcase classname="seleniumpoperties.AlwaysRunExample" name="testcase1" time="0.000"/>
  <system-out/>
  <testcase classname="seleniumpoperties.AlwaysRunExample" name="testcase1" time="0.000"/>
  <system-out/>
  <testcase classname="seleniumpoperties.AlwaysRunExample" name="testcase1" time="0.002"/>
  <system-out/>
  <testcase classname="seleniumpoperties.AlwaysRunExample" name="testcase1" time="0.000"/>
  <system-out/>
  <testcase classname="seleniumpoperties.AlwaysRunExample" name="testcase1" time="0.001"/>
  <system-out/>
  <testcase classname="seleniumpoperties.AlwaysRunExample" name="testcase1" time="0.000"/>
  <system-out/>
  <testcase classname="seleniumpoperties.AlwaysRunExample" name="testcase1" time="0.001"/>
  <system-out/>
  <testcase classname="seleniumpoperties.AlwaysRunExample" name="testcase1" time="0.000"/>
  <system-out/>
  <testcase classname="seleniumpoperties.AlwaysRunExample" name="testcase1" time="0.000"/>
  <system-out/>
  <testcase classname="seleniumpoperties.AlwaysRunExample" name="testcase1" time="0.000"/>
  <system-out/>
  <testcase classname="seleniumpoperties.AlwaysRunExample" name="testcase1" time="0.000"/>
  <system-out/>
  <testcase classname="seleniumpoperties.AlwaysRunExample" name="testcase1" time="0.000"/>
  <system-out/>
  <testcase classname="seleniumpoperties.AlwaysRunExample" name="testcase1" time="0.000"/>
  <system-out/>
  <testcase classname="seleniumpoperties.AlwaysRunExample" name="testcase1" time="0.000"/>
  <system-out/>
  <testcase classname="seleniumpoperties.AlwaysRunExample" name="testcase1" time="0.000"/>
  <system-out/>
  <testcase classname="seleniumpoperties.AlwaysRunExample" name="testcase1" time="0.000"/>
  <system-out/>
  <testcase classname="seleniumpoperties.AlwaysRunExample" name="testcase1" time="0.000"/>
  <system-out/>
  <testcase classname="seleniumpoperties.AlwaysRunExample" name="testcase1" time="0.000"/>
  <system-out/>
  <testcase classname="seleniumpoperties.AlwaysRunExample" name="testcase1" time="0.000"/>
  <system-out/>
  <testcase classname="seleniumpoperties.AlwaysRunExample" name="testcase1" time="0.000"/>
  <system-out/>
  <testcase classname="seleniumpoperties.AlwaysRunExample" name="testcase1" time="0.000"/>
  <system-out/>
  <testcase classname="seleniumpoperties.AlwaysRunExample" name="testcase1" time="0.000"/>
  <system-out/>
  <testcase classname="seleniumpoperties.AlwaysRunExample" name="testcase1" time="0.001"/>
  <system-out/>
  <testcase classname="seleniumpoperties.AlwaysRunExample" name="testcase1" time="0.000"/>
  <system-out/>
  <testcase classname="seleniumpoperties.AlwaysRunExample" name="testcase1" time="0.000"/>
  <system-out/>
  <testcase classname="seleniumpoperties.AlwaysRunExample" name="testcase1" time="0.000"/>
  <system-out/>
  <testcase classname="seleniumpoperties.AlwaysRunExample" name="testcase1" time="0.000"/>
  <system-out/>
  <testcase classname="seleniumpoperties.AlwaysRunExample" name="testcase1" time="0.000"/>
  <system-out/>
  <testcase classname="seleniumpoperties.AlwaysRunExample" name="testcase1" time="0.000"/>
  <system-out/>
  <testcase classname="seleniumpoperties.AlwaysRunExample" name="testcase1" time="0.000"/>
  <system-out/>
  <testcase classname="seleniumpoperties.AlwaysRunExample" name="testcase1" time="0.000"/>
  <system-out/>
  <testcase classname="seleniumpoperties.AlwaysRunExample" name="testcase1" time="0.000"/>
  <system-out/>
  <testcase classname="seleniumpoperties.AlwaysRunExample" name="testcase1" time="0.001"/>
  <system-out/>
  <testcase classname="seleniumpoperties.AlwaysRunExample" name="testcase1" time="0.000"/>
  <system-out/>
  <testcase classname="seleniumpoperties.AlwaysRunExample" name="testcase1" time="0.000"/>
  <system-out/>
  <testcase classname="seleniumpoperties.AlwaysRunExample" name="testcase1" time="0.000"/>
  <system-out/>
  <testcase classname="seleniumpoperties.AlwaysRunExample" name="testcase1" time="0.000"/>
  <system-out/>
  <testcase classname="seleniumpoperties.AlwaysRunExample" name="testcase1" time="0.000"/>
  <system-out/>
  <testcase classname="seleniumpoperties.AlwaysRunExample" name="testcase1" time="0.000"/>
  <system-out/>
  <testcase classname="seleniumpoperties.AlwaysRunExample" name="testcase1" time="0.000"/>
  <system-out/>
  <testcase classname="seleniumpoperties.AlwaysRunExample" name="testcase1" time="0.000"/>
  <system-out/>
  <testcase classname="seleniumpoperties.AlwaysRunExample" name="testcase1" time="0.000"/>
  <system-out/>
  <testcase classname="seleniumpoperties.AlwaysRunExample" name="testcase1" time="0.001"/>
  <system-out/>
  <testcase classname="seleniumpoperties.AlwaysRunExample" name="testcase1" time="0.001"/>
  <system-out/>
  <testcase classname="seleniumpoperties.AlwaysRunExample" name="testcase1" time="0.001"/>
  <system-out/>
  <testcase classname="seleniumpoperties.AlwaysRunExample" name="testcase1" time="0.000"/>
  <system-out/>
  <testcase classname="seleniumpoperties.AlwaysRunExample" name="testcase1" time="0.000"/>
  <system-out/>
  <testcase classname="seleniumpoperties.AlwaysRunExample" name="testcase1" time="0.000"/>
  <system-out/>
  <testcase classname="seleniumpoperties.AlwaysRunExample" name="testcase1" time="0.000"/>
  <system-out/>
  <testcase classname="seleniumpoperties.AlwaysRunExample" name="testcase1" time="0.000"/>
  <system-out/>
  <testcase classname="seleniumpoperties.AlwaysRunExample" name="testcase1" time="0.001"/>
  <system-out/>
  <testcase classname="seleniumpoperties.AlwaysRunExample" name="testcase1" time="0.000"/>
  <system-out/>
  <testcase classname="seleniumpoperties.AlwaysRunExample" name="testcase1" time="0.001"/>
  <system-out/>
  <testcase classname="seleniumpoperties.AlwaysRunExample" name="testcase1" time="0.000"/>
  <system-out/>
  <testcase classname="seleniumpoperties.AlwaysRunExample" name="testcase1" time="0.000"/>
  <system-out/>
  <testcase classname="seleniumpoperties.AlwaysRunExample" name="testcase1" time="0.000"/>
  <system-out/>
  <testcase classname="seleniumpoperties.AlwaysRunExample" name="testcase1" time="0.000"/>
  <system-out/>
  <testcase classname="seleniumpoperties.AlwaysRunExample" name="testcase1" time="0.000"/>
  <system-out/>
  <testcase classname="seleniumpoperties.AlwaysRunExample" name="testcase1" time="0.000"/>
  <system-out/>
  <testcase classname="seleniumpoperties.AlwaysRunExample" name="testcase1" time="0.000"/>
  <system-out/>
  <testcase classname="seleniumpoperties.AlwaysRunExample" name="testcase1" time="0.000"/>
  <system-out/>
  <testcase classname="seleniumpoperties.AlwaysRunExample" name="testcase1" time="0.001"/>
  <system-out/>
  <testcase classname="seleniumpoperties.AlwaysRunExample" name="testcase1" time="0.000"/>
  <system-out/>
  <testcase classname="seleniumpoperties.AlwaysRunExample" name="testcase1" time="0.000"/>
  <system-out/>
  <testcase classname="seleniumpoperties.AlwaysRunExample" name="testcase1" time="0.001"/>
  <system-out/>
  <testcase classname="seleniumpoperties.AlwaysRunExample" name="testcase1" time="0.000"/>
  <system-out/>
  <testcase classname="seleniumpoperties.AlwaysRunExample" name="testcase1" time="0.000"/>
  <system-out/>
  <testcase classname="seleniumpoperties.AlwaysRunExample" name="testcase1" time="0.001"/>
  <system-out/>
  <testcase classname="seleniumpoperties.AlwaysRunExample" name="testcase1" time="0.000"/>
  <system-out/>
  <testcase classname="seleniumpoperties.AlwaysRunExample" name="testcase1" time="0.001"/>
  <system-out/>
  <testcase classname="seleniumpoperties.AlwaysRunExample" name="testcase1" time="0.001"/>
  <system-out/>
  <testcase classname="seleniumpoperties.AlwaysRunExample" name="testcase1" time="0.001"/>
  <system-out/>
  <testcase classname="seleniumpoperties.AlwaysRunExample" name="testcase1" time="0.000"/>
  <system-out/>
  <testcase classname="seleniumpoperties.AlwaysRunExample" name="testcase1" time="0.000"/>
  <system-out/>
  <testcase classname="seleniumpoperties.AlwaysRunExample" name="testcase1" time="0.000"/>
  <system-out/>
  <testcase classname="seleniumpoperties.AlwaysRunExample" name="testcase1" time="0.000"/>
  <system-out/>
  <testcase classname="seleniumpoperties.AlwaysRunExample" name="testcase1" time="0.000"/>
  <system-out/>
  <testcase classname="seleniumpoperties.AlwaysRunExample" name="testcase1" time="0.000"/>
  <system-out/>
  <testcase classname="seleniumpoperties.AlwaysRunExample" name="testcase1" time="0.000"/>
  <system-out/>
  <testcase classname="seleniumpoperties.AlwaysRunExample" name="testcase1" time="0.001"/>
  <system-out/>
  <testcase classname="seleniumpoperties.AlwaysRunExample" name="testcase1" time="0.000"/>
  <system-out/>
  <testcase classname="seleniumpoperties.AlwaysRunExample" name="testcase1" time="0.000"/>
  <system-out/>
  <testcase classname="seleniumpoperties.AlwaysRunExample" name="testcase1" time="0.000"/>
  <system-out/>
  <testcase classname="seleniumpoperties.AlwaysRunExample" name="testcase1" time="0.000"/>
  <system-out/>
  <testcase classname="seleniumpoperties.AlwaysRunExample" name="testcase1" time="0.000"/>
  <system-out/>
  <testcase classname="seleniumpoperties.AlwaysRunExample" name="testcase1" time="0.000"/>
  <system-out/>
  <testcase classname="seleniumpoperties.AlwaysRunExample" name="testcase1" time="0.000"/>
  <system-out/>
  <testcase classname="seleniumpoperties.AlwaysRunExample" name="testcase1" time="0.000"/>
  <system-out/>
  <testcase classname="seleniumpoperties.AlwaysRunExample" name="testcase1" time="0.001"/>
  <system-out/>
  <testcase classname="seleniumpoperties.AlwaysRunExample" name="testcase1" time="0.000"/>
  <system-out/>
  <testcase classname="seleniumpoperties.AlwaysRunExample" name="testcase1" time="0.000"/>
  <system-out/>
  <testcase classname="seleniumpoperties.AlwaysRunExample" name="testcase1" time="0.000"/>
  <system-out/>
  <testcase classname="seleniumpoperties.AlwaysRunExample" name="testcase1" time="0.000"/>
  <system-out/>
  <testcase classname="seleniumpoperties.AlwaysRunExample" name="testcase1" time="0.000"/>
  <system-out/>
  <testcase classname="seleniumpoperties.AlwaysRunExample" name="testcase1" time="0.000"/>
  <system-out/>
  <testcase classname="seleniumpoperties.AlwaysRunExample" name="testcase1" time="0.001"/>
  <system-out/>
  <testcase classname="seleniumpoperties.AlwaysRunExample" name="testcase1" time="0.000"/>
  <system-out/>
  <testcase classname="seleniumpoperties.AlwaysRunExample" name="testcase1" time="0.000"/>
  <system-out/>
  <testcase classname="seleniumpoperties.AlwaysRunExample" name="testcase1" time="0.000"/>
  <system-out/>
  <testcase classname="seleniumpoperties.AlwaysRunExample" name="testcase1" time="0.001"/>
  <system-out/>
  <testcase classname="seleniumpoperties.AlwaysRunExample" name="testcase1" time="0.000"/>
  <system-out/>
  <testcase classname="seleniumpoperties.AlwaysRunExample" name="testcase1" time="0.000"/>
  <system-out/>
  <testcase classname="seleniumpoperties.AlwaysRunExample" name="testcase1" time="0.000"/>
  <system-out/>
  <testcase classname="seleniumpoperties.AlwaysRunExample" name="testcase1" time="0.000"/>
  <system-out/>
  <testcase classname="seleniumpoperties.AlwaysRunExample" name="testcase1" time="0.001"/>
  <system-out/>
  <testcase classname="seleniumpoperties.AlwaysRunExample" name="testcase1" time="0.000"/>
  <system-out/>
  <testcase classname="seleniumpoperties.AlwaysRunExample" name="testcase1" time="0.001"/>
  <system-out/>
  <testcase classname="seleniumpoperties.AlwaysRunExample" name="testcase1" time="0.000"/>
  <system-out/>
  <testcase classname="seleniumpoperties.AlwaysRunExample" name="testcase1" time="0.000"/>
  <system-out/>
  <testcase classname="seleniumpoperties.AlwaysRunExample" name="testcase1" time="0.001"/>
  <system-out/>
  <testcase classname="seleniumpoperties.AlwaysRunExample" name="testcase1" time="0.001"/>
  <system-out/>
  <testcase classname="seleniumpoperties.AlwaysRunExample" name="testcase1" time="0.000"/>
  <system-out/>
  <testcase classname="seleniumpoperties.AlwaysRunExample" name="testcase1" time="0.000"/>
  <system-out/>
  <testcase classname="seleniumpoperties.AlwaysRunExample" name="testcase1" time="0.000"/>
  <system-out/>
  <testcase classname="seleniumpoperties.AlwaysRunExample" name="testcase1" time="0.000"/>
  <system-out/>
  <testcase classname="seleniumpoperties.AlwaysRunExample" name="testcase1" time="0.000"/>
  <system-out/>
  <testcase classname="seleniumpoperties.AlwaysRunExample" name="testcase1" time="0.001"/>
  <system-out/>
  <testcase classname="seleniumpoperties.AlwaysRunExample" name="testcase1" time="0.000"/>
  <system-out/>
  <testcase classname="seleniumpoperties.AlwaysRunExample" name="testcase1" time="0.000"/>
  <system-out/>
  <testcase classname="seleniumpoperties.AlwaysRunExample" name="testcase1" time="0.001"/>
  <system-out/>
  <testcase classname="seleniumpoperties.AlwaysRunExample" name="testcase1" time="0.000"/>
  <system-out/>
  <testcase classname="seleniumpoperties.AlwaysRunExample" name="testcase1" time="0.000"/>
  <system-out/>
  <testcase classname="seleniumpoperties.AlwaysRunExample" name="testcase1" time="0.000"/>
  <system-out/>
  <testcase classname="seleniumpoperties.AlwaysRunExample" name="testcase1" time="0.000"/>
  <system-out/>
  <testcase classname="seleniumpoperties.AlwaysRunExample" name="testcase1" time="0.000"/>
  <system-out/>
  <testcase classname="seleniumpoperties.AlwaysRunExample" name="testcase1" time="0.001"/>
  <system-out/>
  <testcase classname="seleniumpoperties.AlwaysRunExample" name="testcase1" time="0.000"/>
  <system-out/>
  <testcase classname="seleniumpoperties.AlwaysRunExample" name="testcase1" time="0.000"/>
  <system-out/>
  <testcase classname="seleniumpoperties.AlwaysRunExample" name="testcase1" time="0.000"/>
  <system-out/>
  <testcase classname="seleniumpoperties.AlwaysRunExample" name="testcase1" time="0.001"/>
  <system-out/>
  <testcase classname="seleniumpoperties.AlwaysRunExample" name="testcase1" time="0.000"/>
  <system-out/>
  <testcase classname="seleniumpoperties.AlwaysRunExample" name="testcase1" time="0.000"/>
  <system-out/>
  <testcase classname="seleniumpoperties.AlwaysRunExample" name="testcase1" time="0.000"/>
  <system-out/>
  <testcase classname="seleniumpoperties.AlwaysRunExample" name="testcase1" time="0.000"/>
  <system-out/>
  <testcase classname="seleniumpoperties.AlwaysRunExample" name="testcase1" time="0.000"/>
  <system-out/>
  <testcase classname="seleniumpoperties.AlwaysRunExample" name="testcase1" time="0.000"/>
  <system-out/>
  <testcase classname="seleniumpoperties.AlwaysRunExample" name="testcase1" time="0.000"/>
  <system-out/>
  <testcase classname="seleniumpoperties.AlwaysRunExample" name="testcase1" time="0.000"/>
  <system-out/>
  <testcase classname="seleniumpoperties.AlwaysRunExample" name="testcase1" time="0.001"/>
  <system-out/>
  <testcase classname="seleniumpoperties.AlwaysRunExample" name="testcase1" time="0.000"/>
  <system-out/>
  <testcase classname="seleniumpoperties.AlwaysRunExample" name="testcase1" time="0.001"/>
  <system-out/>
  <testcase classname="seleniumpoperties.AlwaysRunExample" name="testcase1" time="0.000"/>
  <system-out/>
  <testcase classname="seleniumpoperties.AlwaysRunExample" name="testcase1" time="0.001"/>
  <system-out/>
  <testcase classname="seleniumpoperties.AlwaysRunExample" name="testcase1" time="0.000"/>
  <system-out/>
  <testcase classname="seleniumpoperties.AlwaysRunExample" name="testcase1" time="0.000"/>
  <system-out/>
  <testcase classname="seleniumpoperties.AlwaysRunExample" name="testcase1" time="0.000"/>
  <system-out/>
  <testcase classname="seleniumpoperties.AlwaysRunExample" name="testcase1" time="0.000"/>
  <system-out/>
  <testcase classname="seleniumpoperties.AlwaysRunExample" name="testcase1" time="0.002"/>
  <system-out/>
  <testcase classname="seleniumpoperties.AlwaysRunExample" name="testcase1" time="0.000"/>
  <system-out/>
  <testcase classname="seleniumpoperties.AlwaysRunExample" name="testcase1" time="0.000"/>
  <system-out/>
  <testcase classname="seleniumpoperties.AlwaysRunExample" name="testcase1" time="0.001"/>
  <system-out/>
  <testcase classname="seleniumpoperties.AlwaysRunExample" name="testcase1" time="0.001"/>
  <system-out/>
  <testcase classname="seleniumpoperties.AlwaysRunExample" name="testcase1" time="0.000"/>
  <system-out/>
  <testcase classname="seleniumpoperties.AlwaysRunExample" name="testcase1" time="0.000"/>
  <system-out/>
  <testcase classname="seleniumpoperties.AlwaysRunExample" name="testcase1" time="0.000"/>
  <system-out/>
  <testcase classname="seleniumpoperties.AlwaysRunExample" name="testcase1" time="0.000"/>
  <system-out/>
  <testcase classname="seleniumpoperties.AlwaysRunExample" name="testcase1" time="0.001"/>
  <system-out/>
  <testcase classname="seleniumpoperties.AlwaysRunExample" name="testcase1" time="0.000"/>
  <system-out/>
  <testcase classname="seleniumpoperties.AlwaysRunExample" name="testcase1" time="0.000"/>
  <system-out/>
  <testcase classname="seleniumpoperties.AlwaysRunExample" name="testcase1" time="0.000"/>
  <system-out/>
  <testcase classname="seleniumpoperties.AlwaysRunExample" name="testcase1" time="0.000"/>
  <system-out/>
  <testcase classname="seleniumpoperties.AlwaysRunExample" name="testcase1" time="0.000"/>
  <system-out/>
  <testcase classname="seleniumpoperties.AlwaysRunExample" name="testcase1" time="0.000"/>
  <system-out/>
  <testcase classname="seleniumpoperties.AlwaysRunExample" name="testcase1" time="0.000"/>
  <system-out/>
  <testcase classname="seleniumpoperties.AlwaysRunExample" name="testcase1" time="0.000"/>
  <system-out/>
  <testcase classname="seleniumpoperties.AlwaysRunExample" name="testcase1" time="0.000"/>
  <system-out/>
  <testcase classname="seleniumpoperties.AlwaysRunExample" name="testcase1" time="0.000"/>
  <system-out/>
  <testcase classname="seleniumpoperties.AlwaysRunExample" name="testcase1" time="0.000"/>
  <system-out/>
  <testcase classname="seleniumpoperties.AlwaysRunExample" name="testcase1" time="0.000"/>
  <system-out/>
  <testcase classname="seleniumpoperties.AlwaysRunExample" name="testcase1" time="0.000"/>
  <system-out/>
  <testcase classname="seleniumpoperties.AlwaysRunExample" name="testcase1" time="0.000"/>
  <system-out/>
  <testcase classname="seleniumpoperties.AlwaysRunExample" name="testcase1" time="0.001"/>
  <system-out/>
  <testcase classname="seleniumpoperties.AlwaysRunExample" name="testcase1" time="0.000"/>
  <system-out/>
  <testcase classname="seleniumpoperties.AlwaysRunExample" name="testcase1" time="0.000"/>
  <system-out/>
  <testcase classname="seleniumpoperties.AlwaysRunExample" name="testcase1" time="0.000"/>
  <system-out/>
  <testcase classname="seleniumpoperties.AlwaysRunExample" name="testcase1" time="0.000"/>
  <system-out/>
  <testcase classname="seleniumpoperties.AlwaysRunExample" name="testcase1" time="0.000"/>
  <system-out/>
  <testcase classname="seleniumpoperties.AlwaysRunExample" name="testcase1" time="0.000"/>
  <system-out/>
  <testcase classname="seleniumpoperties.AlwaysRunExample" name="testcase1" time="0.000"/>
  <system-out/>
  <testcase classname="seleniumpoperties.AlwaysRunExample" name="testcase1" time="0.000"/>
  <system-out/>
  <testcase classname="seleniumpoperties.AlwaysRunExample" name="testcase1" time="0.000"/>
  <system-out/>
  <testcase classname="seleniumpoperties.AlwaysRunExample" name="testcase1" time="0.000"/>
  <system-out/>
  <testcase classname="seleniumpoperties.AlwaysRunExample" name="testcase1" time="0.000"/>
  <system-out/>
  <testcase classname="seleniumpoperties.AlwaysRunExample" name="testcase1" time="0.000"/>
  <system-out/>
  <testcase classname="seleniumpoperties.AlwaysRunExample" name="testcase1" time="0.000"/>
  <system-out/>
  <testcase classname="seleniumpoperties.AlwaysRunExample" name="testcase1" time="0.000"/>
  <system-out/>
  <testcase classname="seleniumpoperties.AlwaysRunExample" name="testcase1" time="0.001"/>
  <system-out/>
  <testcase classname="seleniumpoperties.AlwaysRunExample" name="testcase1" time="0.000"/>
  <system-out/>
  <testcase classname="seleniumpoperties.AlwaysRunExample" name="testcase1" time="0.000"/>
  <system-out/>
  <testcase classname="seleniumpoperties.AlwaysRunExample" name="testcase1" time="0.000"/>
  <system-out/>
  <testcase classname="seleniumpoperties.AlwaysRunExample" name="testcase1" time="0.000"/>
  <system-out/>
  <testcase classname="seleniumpoperties.AlwaysRunExample" name="testcase1" time="0.000"/>
  <system-out/>
  <testcase classname="seleniumpoperties.AlwaysRunExample" name="testcase1" time="0.000"/>
  <system-out/>
  <testcase classname="seleniumpoperties.AlwaysRunExample" name="testcase1" time="0.002"/>
  <system-out/>
  <testcase classname="seleniumpoperties.AlwaysRunExample" name="testcase1" time="0.000"/>
  <system-out/>
  <testcase classname="seleniumpoperties.AlwaysRunExample" name="testcase1" time="0.000"/>
  <system-out/>
  <testcase classname="seleniumpoperties.AlwaysRunExample" name="testcase1" time="0.001"/>
  <system-out/>
  <testcase classname="seleniumpoperties.AlwaysRunExample" name="testcase1" time="0.000"/>
  <system-out/>
  <testcase classname="seleniumpoperties.AlwaysRunExample" name="testcase1" time="0.000"/>
  <system-out/>
  <testcase classname="seleniumpoperties.AlwaysRunExample" name="testcase1" time="0.000"/>
  <system-out/>
  <testcase classname="seleniumpoperties.AlwaysRunExample" name="testcase1" time="0.000"/>
  <system-out/>
  <testcase classname="seleniumpoperties.AlwaysRunExample" name="testcase1" time="0.000"/>
  <system-out/>
  <testcase classname="seleniumpoperties.AlwaysRunExample" name="testcase1" time="0.000"/>
  <system-out/>
  <testcase classname="seleniumpoperties.AlwaysRunExample" name="testcase1" time="0.000"/>
  <system-out/>
  <testcase classname="seleniumpoperties.AlwaysRunExample" name="testcase1" time="0.000"/>
  <system-out/>
  <testcase classname="seleniumpoperties.AlwaysRunExample" name="testcase1" time="0.000"/>
  <system-out/>
  <testcase classname="seleniumpoperties.AlwaysRunExample" name="testcase1" time="0.000"/>
  <system-out/>
  <testcase classname="seleniumpoperties.AlwaysRunExample" name="testcase1" time="0.000"/>
  <system-out/>
  <testcase classname="seleniumpoperties.AlwaysRunExample" name="testcase1" time="0.000"/>
  <system-out/>
  <testcase classname="seleniumpoperties.AlwaysRunExample" name="testcase1" time="0.000"/>
  <system-out/>
  <testcase classname="seleniumpoperties.AlwaysRunExample" name="testcase1" time="0.000"/>
  <system-out/>
  <testcase classname="seleniumpoperties.AlwaysRunExample" name="testcase1" time="0.000"/>
  <system-out/>
  <testcase classname="seleniumpoperties.AlwaysRunExample" name="testcase1" time="0.000"/>
  <system-out/>
  <testcase classname="seleniumpoperties.AlwaysRunExample" name="testcase1" time="0.000"/>
  <system-out/>
  <testcase classname="seleniumpoperties.AlwaysRunExample" name="testcase1" time="0.000"/>
  <system-out/>
  <testcase classname="seleniumpoperties.AlwaysRunExample" name="testcase1" time="0.000"/>
  <system-out/>
  <testcase classname="seleniumpoperties.AlwaysRunExample" name="testcase1" time="0.000"/>
  <system-out/>
  <testcase classname="seleniumpoperties.AlwaysRunExample" name="testcase1" time="0.001"/>
  <system-out/>
  <testcase classname="seleniumpoperties.AlwaysRunExample" name="testcase1" time="0.001"/>
  <system-out/>
  <testcase classname="seleniumpoperties.AlwaysRunExample" name="testcase1" time="0.000"/>
  <system-out/>
  <testcase classname="seleniumpoperties.AlwaysRunExample" name="testcase1" time="0.000"/>
  <system-out/>
  <testcase classname="seleniumpoperties.AlwaysRunExample" name="testcase1" time="0.000"/>
  <system-out/>
  <testcase classname="seleniumpoperties.AlwaysRunExample" name="testcase1" time="0.000"/>
  <system-out/>
  <testcase classname="seleniumpoperties.AlwaysRunExample" name="testcase1" time="0.001"/>
  <system-out/>
  <testcase classname="seleniumpoperties.AlwaysRunExample" name="testcase1" time="0.000"/>
  <system-out/>
  <testcase classname="seleniumpoperties.AlwaysRunExample" name="testcase1" time="0.000"/>
  <system-out/>
  <testcase classname="seleniumpoperties.AlwaysRunExample" name="testcase1" time="0.001"/>
  <system-out/>
  <testcase classname="seleniumpoperties.AlwaysRunExample" name="testcase1" time="0.000"/>
  <system-out/>
  <testcase classname="seleniumpoperties.AlwaysRunExample" name="testcase1" time="0.000"/>
  <system-out/>
  <testcase classname="seleniumpoperties.AlwaysRunExample" name="testcase1" time="0.000"/>
  <system-out/>
  <testcase classname="seleniumpoperties.AlwaysRunExample" name="testcase1" time="0.000"/>
  <system-out/>
  <testcase classname="seleniumpoperties.AlwaysRunExample" name="testcase1" time="0.000"/>
  <system-out/>
  <testcase classname="seleniumpoperties.AlwaysRunExample" name="testcase1" time="0.000"/>
  <system-out/>
  <testcase classname="seleniumpoperties.AlwaysRunExample" name="testcase1" time="0.001"/>
  <system-out/>
  <testcase classname="seleniumpoperties.AlwaysRunExample" name="testcase1" time="0.000"/>
  <system-out/>
  <testcase classname="seleniumpoperties.AlwaysRunExample" name="testcase1" time="0.008"/>
  <system-out/>
  <testcase classname="seleniumpoperties.AlwaysRunExample" name="testcase1" time="0.001"/>
  <system-out/>
  <testcase classname="seleniumpoperties.AlwaysRunExample" name="testcase1" time="0.000"/>
  <system-out/>
  <testcase classname="seleniumpoperties.AlwaysRunExample" name="testcase1" time="0.001"/>
  <system-out/>
  <testcase classname="seleniumpoperties.AlwaysRunExample" name="testcase1" time="0.000"/>
  <system-out/>
  <testcase classname="seleniumpoperties.AlwaysRunExample" name="testcase1" time="0.000"/>
  <system-out/>
  <testcase classname="seleniumpoperties.AlwaysRunExample" name="testcase1" time="0.000"/>
  <system-out/>
  <testcase classname="seleniumpoperties.AlwaysRunExample" name="testcase1" time="0.000"/>
  <system-out/>
  <testcase classname="seleniumpoperties.AlwaysRunExample" name="testcase1" time="0.001"/>
  <system-out/>
  <testcase classname="seleniumpoperties.AlwaysRunExample" name="testcase1" time="0.001"/>
  <system-out/>
  <testcase classname="seleniumpoperties.AlwaysRunExample" name="testcase1" time="0.000"/>
  <system-out/>
  <testcase classname="seleniumpoperties.AlwaysRunExample" name="testcase1" time="0.000"/>
  <system-out/>
  <testcase classname="seleniumpoperties.AlwaysRunExample" name="testcase1" time="0.000"/>
  <system-out/>
  <testcase classname="seleniumpoperties.AlwaysRunExample" name="testcase1" time="0.000"/>
  <system-out/>
  <testcase classname="seleniumpoperties.AlwaysRunExample" name="testcase1" time="0.000"/>
  <system-out/>
  <testcase classname="seleniumpoperties.AlwaysRunExample" name="testcase1" time="0.000"/>
  <system-out/>
  <testcase classname="seleniumpoperties.AlwaysRunExample" name="testcase1" time="0.001"/>
  <system-out/>
  <testcase classname="seleniumpoperties.AlwaysRunExample" name="testcase1" time="0.000"/>
  <system-out/>
  <testcase classname="seleniumpoperties.AlwaysRunExample" name="testcase1" time="0.001"/>
  <system-out/>
  <testcase classname="seleniumpoperties.AlwaysRunExample" name="testcase1" time="0.000"/>
  <system-out/>
  <testcase classname="seleniumpoperties.AlwaysRunExample" name="testcase1" time="0.000"/>
  <system-out/>
  <testcase classname="seleniumpoperties.AlwaysRunExample" name="testcase1" time="0.001"/>
  <system-out/>
  <testcase classname="seleniumpoperties.AlwaysRunExample" name="testcase1" time="0.000"/>
  <system-out/>
  <testcase classname="seleniumpoperties.AlwaysRunExample" name="testcase1" time="0.000"/>
  <system-out/>
  <testcase classname="seleniumpoperties.AlwaysRunExample" name="testcase1" time="0.000"/>
  <system-out/>
  <testcase classname="seleniumpoperties.AlwaysRunExample" name="testcase1" time="0.000"/>
  <system-out/>
  <testcase classname="seleniumpoperties.AlwaysRunExample" name="testcase1" time="0.000"/>
  <system-out/>
  <testcase classname="seleniumpoperties.AlwaysRunExample" name="testcase1" time="0.000"/>
  <system-out/>
  <testcase classname="seleniumpoperties.AlwaysRunExample" name="testcase1" time="0.000"/>
  <system-out/>
  <testcase classname="seleniumpoperties.AlwaysRunExample" name="testcase1" time="0.000"/>
  <system-out/>
  <testcase classname="seleniumpoperties.AlwaysRunExample" name="testcase1" time="0.000"/>
  <system-out/>
  <testcase classname="seleniumpoperties.AlwaysRunExample" name="testcase1" time="0.000"/>
  <system-out/>
  <testcase classname="seleniumpoperties.AlwaysRunExample" name="testcase1" time="0.000"/>
  <system-out/>
  <testcase classname="seleniumpoperties.AlwaysRunExample" name="testcase1" time="0.000"/>
  <system-out/>
  <testcase classname="seleniumpoperties.AlwaysRunExample" name="testcase1" time="0.000"/>
  <system-out/>
  <testcase classname="seleniumpoperties.AlwaysRunExample" name="testcase1" time="0.000"/>
  <system-out/>
  <testcase classname="seleniumpoperties.AlwaysRunExample" name="testcase1" time="0.000"/>
  <system-out/>
  <testcase classname="seleniumpoperties.AlwaysRunExample" name="testcase1" time="0.000"/>
  <system-out/>
  <testcase classname="seleniumpoperties.AlwaysRunExample" name="testcase1" time="0.000"/>
  <system-out/>
  <testcase classname="seleniumpoperties.AlwaysRunExample" name="testcase1" time="0.000"/>
  <system-out/>
  <testcase classname="seleniumpoperties.AlwaysRunExample" name="testcase1" time="0.000"/>
  <system-out/>
  <testcase classname="seleniumpoperties.AlwaysRunExample" name="testcase1" time="0.000"/>
  <system-out/>
  <testcase classname="seleniumpoperties.AlwaysRunExample" name="testcase1" time="0.001"/>
  <system-out/>
  <testcase classname="seleniumpoperties.AlwaysRunExample" name="testcase1" time="0.000"/>
  <system-out/>
  <testcase classname="seleniumpoperties.AlwaysRunExample" name="testcase1" time="0.000"/>
  <system-out/>
  <testcase classname="seleniumpoperties.AlwaysRunExample" name="testcase1" time="0.000"/>
  <system-out/>
  <testcase classname="seleniumpoperties.AlwaysRunExample" name="testcase1" time="0.000"/>
  <system-out/>
  <testcase classname="seleniumpoperties.AlwaysRunExample" name="testcase1" time="0.000"/>
  <system-out/>
  <testcase classname="seleniumpoperties.AlwaysRunExample" name="testcase1" time="0.000"/>
  <system-out/>
  <testcase classname="seleniumpoperties.AlwaysRunExample" name="testcase1" time="0.000"/>
  <system-out/>
  <testcase classname="seleniumpoperties.AlwaysRunExample" name="testcase1" time="0.000"/>
  <system-out/>
  <testcase classname="seleniumpoperties.AlwaysRunExample" name="testcase1" time="0.000"/>
  <system-out/>
  <testcase classname="seleniumpoperties.AlwaysRunExample" name="testcase1" time="0.000"/>
  <system-out/>
  <testcase classname="seleniumpoperties.AlwaysRunExample" name="testcase1" time="0.001"/>
  <system-out/>
  <testcase classname="seleniumpoperties.AlwaysRunExample" name="testcase1" time="0.000"/>
  <system-out/>
  <testcase classname="seleniumpoperties.AlwaysRunExample" name="testcase1" time="0.000"/>
  <system-out/>
  <testcase classname="seleniumpoperties.AlwaysRunExample" name="testcase1" time="0.000"/>
  <system-out/>
  <testcase classname="seleniumpoperties.AlwaysRunExample" name="testcase1" time="0.000"/>
  <system-out/>
  <testcase classname="seleniumpoperties.AlwaysRunExample" name="testcase1" time="0.000"/>
  <system-out/>
  <testcase classname="seleniumpoperties.AlwaysRunExample" name="testcase1" time="0.000"/>
  <system-out/>
  <testcase classname="seleniumpoperties.AlwaysRunExample" name="testcase1" time="0.001"/>
  <system-out/>
  <testcase classname="seleniumpoperties.AlwaysRunExample" name="testcase1" time="0.000"/>
  <system-out/>
  <testcase classname="seleniumpoperties.AlwaysRunExample" name="testcase1" time="0.000"/>
  <system-out/>
  <testcase classname="seleniumpoperties.AlwaysRunExample" name="testcase1" time="0.000"/>
  <system-out/>
  <testcase classname="seleniumpoperties.AlwaysRunExample" name="testcase1" time="0.000"/>
  <system-out/>
  <testcase classname="seleniumpoperties.AlwaysRunExample" name="testcase1" time="0.000"/>
  <system-out/>
  <testcase classname="seleniumpoperties.AlwaysRunExample" name="testcase1" time="0.001"/>
  <system-out/>
  <testcase classname="seleniumpoperties.AlwaysRunExample" name="testcase1" time="0.000"/>
  <system-out/>
  <testcase classname="seleniumpoperties.AlwaysRunExample" name="testcase1" time="0.000"/>
  <system-out/>
  <testcase classname="seleniumpoperties.AlwaysRunExample" name="testcase1" time="0.000"/>
  <system-out/>
  <testcase classname="seleniumpoperties.AlwaysRunExample" name="testcase1" time="0.000"/>
  <system-out/>
  <testcase classname="seleniumpoperties.AlwaysRunExample" name="testcase1" time="0.001"/>
  <system-out/>
  <testcase classname="seleniumpoperties.AlwaysRunExample" name="testcase1" time="0.000"/>
  <system-out/>
  <testcase classname="seleniumpoperties.AlwaysRunExample" name="testcase1" time="0.000"/>
  <system-out/>
  <testcase classname="seleniumpoperties.AlwaysRunExample" name="testcase1" time="0.000"/>
  <system-out/>
  <testcase classname="seleniumpoperties.AlwaysRunExample" name="testcase1" time="0.001"/>
  <system-out/>
  <testcase classname="seleniumpoperties.AlwaysRunExample" name="testcase1" time="0.000"/>
  <system-out/>
  <testcase classname="seleniumpoperties.AlwaysRunExample" name="testcase1" time="0.000"/>
  <system-out/>
  <testcase classname="seleniumpoperties.AlwaysRunExample" name="testcase1" time="0.001"/>
  <system-out/>
  <testcase classname="seleniumpoperties.AlwaysRunExample" name="testcase1" time="0.001"/>
  <system-out/>
  <testcase classname="seleniumpoperties.AlwaysRunExample" name="testcase1" time="0.000"/>
  <system-out/>
  <testcase classname="seleniumpoperties.AlwaysRunExample" name="testcase1" time="0.000"/>
  <system-out/>
  <testcase classname="seleniumpoperties.AlwaysRunExample" name="testcase1" time="0.000"/>
  <system-out/>
  <testcase classname="seleniumpoperties.AlwaysRunExample" name="testcase1" time="0.000"/>
  <system-out/>
  <testcase classname="seleniumpoperties.AlwaysRunExample" name="testcase1" time="0.000"/>
  <system-out/>
  <testcase classname="seleniumpoperties.AlwaysRunExample" name="testcase1" time="0.000"/>
  <system-out/>
  <testcase classname="seleniumpoperties.AlwaysRunExample" name="testcase1" time="0.000"/>
  <system-out/>
  <testcase classname="seleniumpoperties.AlwaysRunExample" name="testcase1" time="0.000"/>
  <system-out/>
  <testcase classname="seleniumpoperties.AlwaysRunExample" name="testcase1" time="0.000"/>
  <system-out/>
  <testcase classname="seleniumpoperties.AlwaysRunExample" name="testcase1" time="0.000"/>
  <system-out/>
  <testcase classname="seleniumpoperties.AlwaysRunExample" name="testcase1" time="0.000"/>
  <system-out/>
  <testcase classname="seleniumpoperties.AlwaysRunExample" name="testcase1" time="0.001"/>
  <system-out/>
  <testcase classname="seleniumpoperties.AlwaysRunExample" name="testcase1" time="0.000"/>
  <system-out/>
  <testcase classname="seleniumpoperties.AlwaysRunExample" name="testcase1" time="0.000"/>
  <system-out/>
  <testcase classname="seleniumpoperties.AlwaysRunExample" name="testcase1" time="0.000"/>
  <system-out/>
  <testcase classname="seleniumpoperties.AlwaysRunExample" name="testcase1" time="0.000"/>
  <system-out/>
  <testcase classname="seleniumpoperties.AlwaysRunExample" name="testcase1" time="0.000"/>
  <system-out/>
  <testcase classname="seleniumpoperties.AlwaysRunExample" name="testcase1" time="0.000"/>
  <system-out/>
  <testcase classname="seleniumpoperties.AlwaysRunExample" name="testcase1" time="0.000"/>
  <system-out/>
  <testcase classname="seleniumpoperties.AlwaysRunExample" name="testcase1" time="0.000"/>
  <system-out/>
  <testcase classname="seleniumpoperties.AlwaysRunExample" name="testcase1" time="0.000"/>
  <system-out/>
  <testcase classname="seleniumpoperties.AlwaysRunExample" name="testcase1" time="0.000"/>
  <system-out/>
  <testcase classname="seleniumpoperties.AlwaysRunExample" name="testcase1" time="0.002"/>
  <system-out/>
  <testcase classname="seleniumpoperties.AlwaysRunExample" name="testcase1" time="0.000"/>
  <system-out/>
  <testcase classname="seleniumpoperties.AlwaysRunExample" name="testcase1" time="0.000"/>
  <system-out/>
  <testcase classname="seleniumpoperties.AlwaysRunExample" name="testcase1" time="0.000"/>
  <system-out/>
  <testcase classname="seleniumpoperties.AlwaysRunExample" name="testcase1" time="0.000"/>
  <system-out/>
  <testcase classname="seleniumpoperties.AlwaysRunExample" name="testcase1" time="0.000"/>
  <system-out/>
  <testcase classname="seleniumpoperties.AlwaysRunExample" name="testcase1" time="0.000"/>
  <system-out/>
  <testcase classname="seleniumpoperties.AlwaysRunExample" name="testcase1" time="0.000"/>
  <system-out/>
  <testcase classname="seleniumpoperties.AlwaysRunExample" name="testcase1" time="0.000"/>
  <system-out/>
  <testcase classname="seleniumpoperties.AlwaysRunExample" name="testcase1" time="0.000"/>
  <system-out/>
  <testcase classname="seleniumpoperties.AlwaysRunExample" name="testcase1" time="0.000"/>
  <system-out/>
  <testcase classname="seleniumpoperties.AlwaysRunExample" name="testcase1" time="0.000"/>
  <system-out/>
  <testcase classname="seleniumpoperties.AlwaysRunExample" name="testcase1" time="0.000"/>
  <system-out/>
  <testcase classname="seleniumpoperties.AlwaysRunExample" name="testcase1" time="0.000"/>
  <system-out/>
  <testcase classname="seleniumpoperties.AlwaysRunExample" name="testcase1" time="0.001"/>
  <system-out/>
  <testcase classname="seleniumpoperties.AlwaysRunExample" name="testcase1" time="0.000"/>
  <system-out/>
  <testcase classname="seleniumpoperties.AlwaysRunExample" name="testcase1" time="0.000"/>
  <system-out/>
  <testcase classname="seleniumpoperties.AlwaysRunExample" name="testcase1" time="0.000"/>
  <system-out/>
  <testcase classname="seleniumpoperties.AlwaysRunExample" name="testcase1" time="0.000"/>
  <system-out/>
  <testcase classname="seleniumpoperties.AlwaysRunExample" name="testcase1" time="0.000"/>
  <system-out/>
  <testcase classname="seleniumpoperties.AlwaysRunExample" name="testcase1" time="0.000"/>
  <system-out/>
  <testcase classname="seleniumpoperties.AlwaysRunExample" name="testcase1" time="0.000"/>
  <system-out/>
  <testcase classname="seleniumpoperties.AlwaysRunExample" name="testcase1" time="0.000"/>
  <system-out/>
  <testcase classname="seleniumpoperties.AlwaysRunExample" name="testcase1" time="0.001"/>
  <system-out/>
  <testcase classname="seleniumpoperties.AlwaysRunExample" name="testcase1" time="0.001"/>
  <system-out/>
  <testcase classname="seleniumpoperties.AlwaysRunExample" name="testcase1" time="0.001"/>
  <system-out/>
  <testcase classname="seleniumpoperties.AlwaysRunExample" name="testcase1" time="0.000"/>
  <system-out/>
  <testcase classname="seleniumpoperties.AlwaysRunExample" name="testcase1" time="0.000"/>
  <system-out/>
  <testcase classname="seleniumpoperties.AlwaysRunExample" name="testcase1" time="0.000"/>
  <system-out/>
  <testcase classname="seleniumpoperties.AlwaysRunExample" name="testcase1" time="0.000"/>
  <system-out/>
  <testcase classname="seleniumpoperties.AlwaysRunExample" name="testcase1" time="0.000"/>
  <system-out/>
  <testcase classname="seleniumpoperties.AlwaysRunExample" name="testcase1" time="0.000"/>
  <system-out/>
  <testcase classname="seleniumpoperties.AlwaysRunExample" name="testcase1" time="0.000"/>
  <system-out/>
  <testcase classname="seleniumpoperties.AlwaysRunExample" name="testcase1" time="0.000"/>
  <system-out/>
  <testcase classname="seleniumpoperties.AlwaysRunExample" name="testcase1" time="0.001"/>
  <system-out/>
  <testcase classname="seleniumpoperties.AlwaysRunExample" name="testcase1" time="0.001"/>
  <system-out/>
  <testcase classname="seleniumpoperties.AlwaysRunExample" name="testcase1" time="0.000"/>
  <system-out/>
  <testcase classname="seleniumpoperties.AlwaysRunExample" name="testcase1" time="0.000"/>
  <system-out/>
  <testcase classname="seleniumpoperties.AlwaysRunExample" name="testcase1" time="0.001"/>
  <system-out/>
  <testcase classname="seleniumpoperties.AlwaysRunExample" name="testcase1" time="0.000"/>
  <system-out/>
  <testcase classname="seleniumpoperties.AlwaysRunExample" name="testcase1" time="0.000"/>
  <system-out/>
  <testcase classname="seleniumpoperties.AlwaysRunExample" name="testcase1" time="0.000"/>
  <system-out/>
  <testcase classname="seleniumpoperties.AlwaysRunExample" name="testcase1" time="0.000"/>
  <system-out/>
  <testcase classname="seleniumpoperties.AlwaysRunExample" name="testcase1" time="0.000"/>
  <system-out/>
  <testcase classname="seleniumpoperties.AlwaysRunExample" name="testcase1" time="0.000"/>
  <system-out/>
  <testcase classname="seleniumpoperties.AlwaysRunExample" name="testcase1" time="0.000"/>
  <system-out/>
  <testcase classname="seleniumpoperties.AlwaysRunExample" name="testcase1" time="0.000"/>
  <system-out/>
  <testcase classname="seleniumpoperties.AlwaysRunExample" name="testcase1" time="0.000"/>
  <system-out/>
  <testcase classname="seleniumpoperties.AlwaysRunExample" name="testcase1" time="0.000"/>
  <system-out/>
  <testcase classname="seleniumpoperties.AlwaysRunExample" name="testcase1" time="0.000"/>
  <system-out/>
  <testcase classname="seleniumpoperties.AlwaysRunExample" name="testcase1" time="0.000"/>
  <system-out/>
  <testcase classname="seleniumpoperties.AlwaysRunExample" name="testcase1" time="0.001"/>
  <system-out/>
  <testcase classname="seleniumpoperties.AlwaysRunExample" name="testcase1" time="0.000"/>
  <system-out/>
  <testcase classname="seleniumpoperties.AlwaysRunExample" name="testcase1" time="0.000"/>
  <system-out/>
  <testcase classname="seleniumpoperties.AlwaysRunExample" name="testcase1" time="0.000"/>
  <system-out/>
  <testcase classname="seleniumpoperties.AlwaysRunExample" name="testcase1" time="0.000"/>
  <system-out/>
  <testcase classname="seleniumpoperties.AlwaysRunExample" name="testcase1" time="0.000"/>
  <system-out/>
  <testcase classname="seleniumpoperties.AlwaysRunExample" name="testcase1" time="0.001"/>
  <system-out/>
  <testcase classname="seleniumpoperties.AlwaysRunExample" name="testcase1" time="0.000"/>
  <system-out/>
  <testcase classname="seleniumpoperties.AlwaysRunExample" name="testcase1" time="0.000"/>
  <system-out/>
  <testcase classname="seleniumpoperties.AlwaysRunExample" name="testcase1" time="0.000"/>
  <system-out/>
  <testcase classname="seleniumpoperties.AlwaysRunExample" name="testcase1" time="0.000"/>
  <system-out/>
  <testcase classname="seleniumpoperties.AlwaysRunExample" name="testcase1" time="0.000"/>
  <system-out/>
  <testcase classname="seleniumpoperties.AlwaysRunExample" name="testcase1" time="0.000"/>
  <system-out/>
  <testcase classname="seleniumpoperties.AlwaysRunExample" name="testcase1" time="0.000"/>
  <system-out/>
  <testcase classname="seleniumpoperties.AlwaysRunExample" name="testcase1" time="0.000"/>
  <system-out/>
  <testcase classname="seleniumpoperties.AlwaysRunExample" name="testcase1" time="0.000"/>
  <system-out/>
  <testcase classname="seleniumpoperties.AlwaysRunExample" name="testcase1" time="0.000"/>
  <system-out/>
  <testcase classname="seleniumpoperties.AlwaysRunExample" name="testcase1" time="0.000"/>
  <system-out/>
  <testcase classname="seleniumpoperties.AlwaysRunExample" name="testcase1" time="0.000"/>
  <system-out/>
  <testcase classname="seleniumpoperties.AlwaysRunExample" name="testcase1" time="0.000"/>
  <system-out/>
  <testcase classname="seleniumpoperties.AlwaysRunExample" name="testcase1" time="0.001"/>
  <system-out/>
  <testcase classname="seleniumpoperties.AlwaysRunExample" name="testcase1" time="0.000"/>
  <system-out/>
  <testcase classname="seleniumpoperties.AlwaysRunExample" name="testcase1" time="0.000"/>
  <system-out/>
  <testcase classname="seleniumpoperties.AlwaysRunExample" name="testcase1" time="0.000"/>
  <system-out/>
  <testcase classname="seleniumpoperties.AlwaysRunExample" name="testcase1" time="0.000"/>
  <system-out/>
  <testcase classname="seleniumpoperties.AlwaysRunExample" name="testcase1" time="0.002"/>
  <system-out/>
  <testcase classname="seleniumpoperties.AlwaysRunExample" name="testcase1" time="0.000"/>
  <system-out/>
  <testcase classname="seleniumpoperties.AlwaysRunExample" name="testcase1" time="0.001"/>
  <system-out/>
  <testcase classname="seleniumpoperties.AlwaysRunExample" name="testcase1" time="0.000"/>
  <system-out/>
  <testcase classname="seleniumpoperties.AlwaysRunExample" name="testcase1" time="0.000"/>
  <system-out/>
  <testcase classname="seleniumpoperties.AlwaysRunExample" name="testcase1" time="0.000"/>
  <system-out/>
  <testcase classname="seleniumpoperties.AlwaysRunExample" name="testcase1" time="0.000"/>
  <system-out/>
  <testcase classname="seleniumpoperties.AlwaysRunExample" name="testcase1" time="0.000"/>
  <system-out/>
  <testcase classname="seleniumpoperties.AlwaysRunExample" name="testcase1" time="0.000"/>
  <system-out/>
  <testcase classname="seleniumpoperties.AlwaysRunExample" name="testcase1" time="0.000"/>
  <system-out/>
  <testcase classname="seleniumpoperties.AlwaysRunExample" name="testcase1" time="0.000"/>
  <system-out/>
  <testcase classname="seleniumpoperties.AlwaysRunExample" name="testcase1" time="0.000"/>
  <system-out/>
  <testcase classname="seleniumpoperties.AlwaysRunExample" name="testcase1" time="0.000"/>
  <system-out/>
  <testcase classname="seleniumpoperties.AlwaysRunExample" name="testcase1" time="0.000"/>
  <system-out/>
  <testcase classname="seleniumpoperties.AlwaysRunExample" name="testcase1" time="0.000"/>
  <system-out/>
  <testcase classname="seleniumpoperties.AlwaysRunExample" name="testcase1" time="0.000"/>
  <system-out/>
  <testcase classname="seleniumpoperties.AlwaysRunExample" name="testcase1" time="0.000"/>
  <system-out/>
  <testcase classname="seleniumpoperties.AlwaysRunExample" name="testcase1" time="0.000"/>
  <system-out/>
  <testcase classname="seleniumpoperties.AlwaysRunExample" name="testcase1" time="0.000"/>
  <system-out/>
  <testcase classname="seleniumpoperties.AlwaysRunExample" name="testcase1" time="0.000"/>
  <system-out/>
  <testcase classname="seleniumpoperties.AlwaysRunExample" name="testcase1" time="0.000"/>
  <system-out/>
  <testcase classname="seleniumpoperties.AlwaysRunExample" name="testcase1" time="0.000"/>
  <system-out/>
  <testcase classname="seleniumpoperties.AlwaysRunExample" name="testcase1" time="0.000"/>
  <system-out/>
  <testcase classname="seleniumpoperties.AlwaysRunExample" name="testcase1" time="0.001"/>
  <system-out/>
  <testcase classname="seleniumpoperties.AlwaysRunExample" name="testcase1" time="0.001"/>
  <system-out/>
  <testcase classname="seleniumpoperties.AlwaysRunExample" name="testcase1" time="0.001"/>
  <system-out/>
  <testcase classname="seleniumpoperties.AlwaysRunExample" name="testcase1" time="0.000"/>
  <system-out/>
  <testcase classname="seleniumpoperties.AlwaysRunExample" name="testcase1" time="0.001"/>
  <system-out/>
  <testcase classname="seleniumpoperties.AlwaysRunExample" name="testcase1" time="0.000"/>
  <system-out/>
  <testcase classname="seleniumpoperties.AlwaysRunExample" name="testcase1" time="0.000"/>
  <system-out/>
  <testcase classname="seleniumpoperties.AlwaysRunExample" name="testcase1" time="0.000"/>
  <system-out/>
  <testcase classname="seleniumpoperties.AlwaysRunExample" name="testcase1" time="0.001"/>
  <system-out/>
  <testcase classname="seleniumpoperties.AlwaysRunExample" name="testcase1" time="0.000"/>
  <system-out/>
  <testcase classname="seleniumpoperties.AlwaysRunExample" name="testcase1" time="0.000"/>
  <system-out/>
  <testcase classname="seleniumpoperties.AlwaysRunExample" name="testcase1" time="0.001"/>
  <system-out/>
  <testcase classname="seleniumpoperties.AlwaysRunExample" name="testcase1" time="0.000"/>
  <system-out/>
  <testcase classname="seleniumpoperties.AlwaysRunExample" name="testcase1" time="0.000"/>
  <system-out/>
  <testcase classname="seleniumpoperties.AlwaysRunExample" name="testcase1" time="0.000"/>
  <system-out/>
  <testcase classname="seleniumpoperties.AlwaysRunExample" name="testcase1" time="0.000"/>
  <system-out/>
  <testcase classname="seleniumpoperties.AlwaysRunExample" name="testcase1" time="0.000"/>
  <system-out/>
  <testcase classname="seleniumpoperties.AlwaysRunExample" name="testcase1" time="0.000"/>
  <system-out/>
  <testcase classname="seleniumpoperties.AlwaysRunExample" name="testcase1" time="0.000"/>
  <system-out/>
  <testcase classname="seleniumpoperties.AlwaysRunExample" name="testcase1" time="0.000"/>
  <system-out/>
  <testcase classname="seleniumpoperties.AlwaysRunExample" name="testcase1" time="0.001"/>
  <system-out/>
  <testcase classname="seleniumpoperties.AlwaysRunExample" name="testcase1" time="0.000"/>
  <system-out/>
  <testcase classname="seleniumpoperties.AlwaysRunExample" name="testcase1" time="0.000"/>
  <system-out/>
  <testcase classname="seleniumpoperties.AlwaysRunExample" name="testcase1" time="0.000"/>
  <system-out/>
  <testcase classname="seleniumpoperties.AlwaysRunExample" name="testcase1" time="0.000"/>
  <system-out/>
  <testcase classname="seleniumpoperties.AlwaysRunExample" name="testcase1" time="0.000"/>
  <system-out/>
  <testcase classname="seleniumpoperties.AlwaysRunExample" name="testcase1" time="0.000"/>
  <system-out/>
  <testcase classname="seleniumpoperties.AlwaysRunExample" name="testcase1" time="0.000"/>
  <system-out/>
  <testcase classname="seleniumpoperties.AlwaysRunExample" name="testcase1" time="0.000"/>
  <system-out/>
  <testcase classname="seleniumpoperties.AlwaysRunExample" name="testcase1" time="0.000"/>
  <system-out/>
  <testcase classname="seleniumpoperties.AlwaysRunExample" name="testcase1" time="0.000"/>
  <system-out/>
  <testcase classname="seleniumpoperties.AlwaysRunExample" name="testcase1" time="0.000"/>
  <system-out/>
  <testcase classname="seleniumpoperties.AlwaysRunExample" name="testcase1" time="0.000"/>
  <system-out/>
  <testcase classname="seleniumpoperties.AlwaysRunExample" name="testcase1" time="0.001"/>
  <system-out/>
  <testcase classname="seleniumpoperties.AlwaysRunExample" name="testcase1" time="0.001"/>
  <system-out/>
  <testcase classname="seleniumpoperties.AlwaysRunExample" name="testcase1" time="0.001"/>
  <system-out/>
  <testcase classname="seleniumpoperties.AlwaysRunExample" name="testcase1" time="0.000"/>
  <system-out/>
  <testcase classname="seleniumpoperties.AlwaysRunExample" name="testcase1" time="0.000"/>
  <system-out/>
  <testcase classname="seleniumpoperties.AlwaysRunExample" name="testcase1" time="0.000"/>
  <system-out/>
  <testcase classname="seleniumpoperties.AlwaysRunExample" name="testcase1" time="0.001"/>
  <system-out/>
  <testcase classname="seleniumpoperties.AlwaysRunExample" name="testcase1" time="0.000"/>
  <system-out/>
  <testcase classname="seleniumpoperties.AlwaysRunExample" name="testcase1" time="0.000"/>
  <system-out/>
  <testcase classname="seleniumpoperties.AlwaysRunExample" name="testcase1" time="0.000"/>
  <system-out/>
  <testcase classname="seleniumpoperties.AlwaysRunExample" name="testcase1" time="0.000"/>
  <system-out/>
  <testcase classname="seleniumpoperties.AlwaysRunExample" name="testcase1" time="0.000"/>
  <system-out/>
  <testcase classname="seleniumpoperties.AlwaysRunExample" name="testcase1" time="0.000"/>
  <system-out/>
  <testcase classname="seleniumpoperties.AlwaysRunExample" name="testcase1" time="0.000"/>
  <system-out/>
  <testcase classname="seleniumpoperties.AlwaysRunExample" name="testcase1" time="0.000"/>
  <system-out/>
  <testcase classname="seleniumpoperties.AlwaysRunExample" name="testcase1" time="0.000"/>
  <system-out/>
  <testcase classname="seleniumpoperties.AlwaysRunExample" name="testcase1" time="0.000"/>
  <system-out/>
  <testcase classname="seleniumpoperties.AlwaysRunExample" name="testcase1" time="0.001"/>
  <system-out/>
  <testcase classname="seleniumpoperties.AlwaysRunExample" name="testcase1" time="0.001"/>
  <system-out/>
  <testcase classname="seleniumpoperties.AlwaysRunExample" name="testcase1" time="0.000"/>
  <system-out/>
  <testcase classname="seleniumpoperties.AlwaysRunExample" name="testcase1" time="0.000"/>
  <system-out/>
  <testcase classname="seleniumpoperties.AlwaysRunExample" name="testcase1" time="0.000"/>
  <system-out/>
  <testcase classname="seleniumpoperties.AlwaysRunExample" name="testcase1" time="0.000"/>
  <system-out/>
  <testcase classname="seleniumpoperties.AlwaysRunExample" name="testcase1" time="0.000"/>
  <system-out/>
  <testcase classname="seleniumpoperties.AlwaysRunExample" name="testcase1" time="0.000"/>
  <system-out/>
  <testcase classname="seleniumpoperties.AlwaysRunExample" name="testcase1" time="0.000"/>
  <system-out/>
  <testcase classname="seleniumpoperties.AlwaysRunExample" name="testcase1" time="0.000"/>
  <system-out/>
  <testcase classname="seleniumpoperties.AlwaysRunExample" name="testcase1" time="0.000"/>
  <system-out/>
  <testcase classname="seleniumpoperties.AlwaysRunExample" name="testcase1" time="0.000"/>
  <system-out/>
  <testcase classname="seleniumpoperties.AlwaysRunExample" name="testcase1" time="0.000"/>
  <system-out/>
  <testcase classname="seleniumpoperties.AlwaysRunExample" name="testcase1" time="0.000"/>
  <system-out/>
  <testcase classname="seleniumpoperties.AlwaysRunExample" name="testcase1" time="0.000"/>
  <system-out/>
  <testcase classname="seleniumpoperties.AlwaysRunExample" name="testcase1" time="0.001"/>
  <system-out/>
  <testcase classname="seleniumpoperties.AlwaysRunExample" name="testcase1" time="0.000"/>
  <system-out/>
  <testcase classname="seleniumpoperties.AlwaysRunExample" name="testcase1" time="0.002"/>
  <system-out/>
  <testcase classname="seleniumpoperties.AlwaysRunExample" name="testcase1" time="0.001"/>
  <system-out/>
  <testcase classname="seleniumpoperties.AlwaysRunExample" name="testcase1" time="0.001"/>
  <system-out/>
  <testcase classname="seleniumpoperties.AlwaysRunExample" name="testcase1" time="0.000"/>
  <system-out/>
  <testcase classname="seleniumpoperties.AlwaysRunExample" name="testcase1" time="0.001"/>
  <system-out/>
  <testcase classname="seleniumpoperties.AlwaysRunExample" name="testcase1" time="0.001"/>
  <system-out/>
  <testcase classname="seleniumpoperties.AlwaysRunExample" name="testcase1" time="0.000"/>
  <system-out/>
  <testcase classname="seleniumpoperties.AlwaysRunExample" name="testcase1" time="0.000"/>
  <system-out/>
  <testcase classname="seleniumpoperties.AlwaysRunExample" name="testcase1" time="0.000"/>
  <system-out/>
  <testcase classname="seleniumpoperties.AlwaysRunExample" name="testcase1" time="0.000"/>
  <system-out/>
  <testcase classname="seleniumpoperties.AlwaysRunExample" name="testcase1" time="0.000"/>
  <system-out/>
  <testcase classname="seleniumpoperties.AlwaysRunExample" name="testcase1" time="0.000"/>
  <system-out/>
  <testcase classname="seleniumpoperties.AlwaysRunExample" name="testcase1" time="0.000"/>
  <system-out/>
  <testcase classname="seleniumpoperties.AlwaysRunExample" name="testcase1" time="0.001"/>
  <system-out/>
  <testcase classname="seleniumpoperties.AlwaysRunExample" name="testcase1" time="0.000"/>
  <system-out/>
  <testcase classname="seleniumpoperties.AlwaysRunExample" name="testcase1" time="0.000"/>
  <system-out/>
  <testcase classname="seleniumpoperties.AlwaysRunExample" name="testcase1" time="0.001"/>
  <system-out/>
  <testcase classname="seleniumpoperties.AlwaysRunExample" name="testcase1" time="0.000"/>
  <system-out/>
  <testcase classname="seleniumpoperties.AlwaysRunExample" name="testcase1" time="0.001"/>
  <system-out/>
  <testcase classname="seleniumpoperties.AlwaysRunExample" name="testcase1" time="0.000"/>
  <system-out/>
  <testcase classname="seleniumpoperties.AlwaysRunExample" name="testcase1" time="0.000"/>
  <system-out/>
  <testcase classname="seleniumpoperties.AlwaysRunExample" name="testcase1" time="0.001"/>
  <system-out/>
  <testcase classname="seleniumpoperties.AlwaysRunExample" name="testcase1" time="0.000"/>
  <system-out/>
  <testcase classname="seleniumpoperties.AlwaysRunExample" name="testcase1" time="0.000"/>
  <system-out/>
  <testcase classname="seleniumpoperties.AlwaysRunExample" name="testcase1" time="0.000"/>
  <system-out/>
  <testcase classname="seleniumpoperties.AlwaysRunExample" name="testcase1" time="0.000"/>
  <system-out/>
  <testcase classname="seleniumpoperties.AlwaysRunExample" name="testcase1" time="0.000"/>
  <system-out/>
  <testcase classname="seleniumpoperties.AlwaysRunExample" name="testcase1" time="0.001"/>
  <system-out/>
  <testcase classname="seleniumpoperties.AlwaysRunExample" name="testcase1" time="0.000"/>
  <system-out/>
  <testcase classname="seleniumpoperties.AlwaysRunExample" name="testcase1" time="0.000"/>
  <system-out/>
  <testcase classname="seleniumpoperties.AlwaysRunExample" name="testcase1" time="0.000"/>
  <system-out/>
  <testcase classname="seleniumpoperties.AlwaysRunExample" name="testcase1" time="0.000"/>
  <system-out/>
  <testcase classname="seleniumpoperties.AlwaysRunExample" name="testcase1" time="0.001"/>
  <system-out/>
  <testcase classname="seleniumpoperties.AlwaysRunExample" name="testcase1" time="0.000"/>
  <system-out/>
  <testcase classname="seleniumpoperties.AlwaysRunExample" name="testcase1" time="0.000"/>
  <system-out/>
  <testcase classname="seleniumpoperties.AlwaysRunExample" name="testcase1" time="0.000"/>
  <system-out/>
  <testcase classname="seleniumpoperties.AlwaysRunExample" name="testcase1" time="0.001"/>
  <system-out/>
  <testcase classname="seleniumpoperties.AlwaysRunExample" name="testcase1" time="0.000"/>
  <system-out/>
  <testcase classname="seleniumpoperties.AlwaysRunExample" name="testcase1" time="0.001"/>
  <system-out/>
  <testcase classname="seleniumpoperties.AlwaysRunExample" name="testcase1" time="0.000"/>
  <system-out/>
  <testcase classname="seleniumpoperties.AlwaysRunExample" name="testcase1" time="0.000"/>
  <system-out/>
  <testcase classname="seleniumpoperties.AlwaysRunExample" name="testcase1" time="0.000"/>
  <system-out/>
  <testcase classname="seleniumpoperties.AlwaysRunExample" name="testcase1" time="0.000"/>
  <system-out/>
  <testcase classname="seleniumpoperties.AlwaysRunExample" name="testcase1" time="0.000"/>
  <system-out/>
  <testcase classname="seleniumpoperties.AlwaysRunExample" name="testcase1" time="0.000"/>
  <system-out/>
  <testcase classname="seleniumpoperties.AlwaysRunExample" name="testcase1" time="0.000"/>
  <system-out/>
  <testcase classname="seleniumpoperties.AlwaysRunExample" name="testcase1" time="0.000"/>
  <system-out/>
  <testcase classname="seleniumpoperties.AlwaysRunExample" name="testcase1" time="0.000"/>
  <system-out/>
  <testcase classname="seleniumpoperties.AlwaysRunExample" name="testcase1" time="0.001"/>
  <system-out/>
  <testcase classname="seleniumpoperties.AlwaysRunExample" name="testcase1" time="0.000"/>
  <system-out/>
  <testcase classname="seleniumpoperties.AlwaysRunExample" name="testcase1" time="0.000"/>
  <system-out/>
  <testcase classname="seleniumpoperties.AlwaysRunExample" name="testcase1" time="0.000"/>
  <system-out/>
  <testcase classname="seleniumpoperties.AlwaysRunExample" name="testcase1" time="0.000"/>
  <system-out/>
  <testcase classname="seleniumpoperties.AlwaysRunExample" name="testcase1" time="0.000"/>
  <system-out/>
  <testcase classname="seleniumpoperties.AlwaysRunExample" name="testcase1" time="0.000"/>
  <system-out/>
  <testcase classname="seleniumpoperties.AlwaysRunExample" name="testcase1" time="0.000"/>
  <system-out/>
  <testcase classname="seleniumpoperties.AlwaysRunExample" name="testcase1" time="0.000"/>
  <system-out/>
  <testcase classname="seleniumpoperties.AlwaysRunExample" name="testcase1" time="0.000"/>
  <system-out/>
  <testcase classname="seleniumpoperties.AlwaysRunExample" name="testcase1" time="0.000"/>
  <system-out/>
  <testcase classname="seleniumpoperties.AlwaysRunExample" name="testcase1" time="0.000"/>
  <system-out/>
  <testcase classname="seleniumpoperties.AlwaysRunExample" name="testcase1" time="0.001"/>
  <system-out/>
  <testcase classname="seleniumpoperties.AlwaysRunExample" name="testcase1" time="0.000"/>
  <system-out/>
  <testcase classname="seleniumpoperties.AlwaysRunExample" name="testcase1" time="0.000"/>
  <system-out/>
  <testcase classname="seleniumpoperties.AlwaysRunExample" name="testcase1" time="0.000"/>
  <system-out/>
  <testcase classname="seleniumpoperties.AlwaysRunExample" name="testcase1" time="0.000"/>
  <system-out/>
  <testcase classname="seleniumpoperties.AlwaysRunExample" name="testcase1" time="0.000"/>
  <system-out/>
  <testcase classname="seleniumpoperties.AlwaysRunExample" name="testcase1" time="0.000"/>
  <system-out/>
  <testcase classname="seleniumpoperties.AlwaysRunExample" name="testcase1" time="0.000"/>
  <system-out/>
  <testcase classname="seleniumpoperties.AlwaysRunExample" name="testcase1" time="0.000"/>
  <system-out/>
  <testcase classname="seleniumpoperties.AlwaysRunExample" name="testcase1" time="0.000"/>
  <system-out/>
  <testcase classname="seleniumpoperties.AlwaysRunExample" name="testcase1" time="0.000"/>
  <system-out/>
  <testcase classname="seleniumpoperties.AlwaysRunExample" name="testcase1" time="0.001"/>
  <system-out/>
  <testcase classname="seleniumpoperties.AlwaysRunExample" name="testcase1" time="0.000"/>
  <system-out/>
  <testcase classname="seleniumpoperties.AlwaysRunExample" name="testcase1" time="0.001"/>
  <system-out/>
  <testcase classname="seleniumpoperties.AlwaysRunExample" name="testcase1" time="0.000"/>
  <system-out/>
  <testcase classname="seleniumpoperties.AlwaysRunExample" name="testcase1" time="0.001"/>
  <system-out/>
  <testcase classname="seleniumpoperties.AlwaysRunExample" name="testcase1" time="0.000"/>
  <system-out/>
  <testcase classname="seleniumpoperties.AlwaysRunExample" name="testcase1" time="0.000"/>
  <system-out/>
  <testcase classname="seleniumpoperties.AlwaysRunExample" name="testcase1" time="0.000"/>
  <system-out/>
  <testcase classname="seleniumpoperties.AlwaysRunExample" name="testcase1" time="0.000"/>
  <system-out/>
  <testcase classname="seleniumpoperties.AlwaysRunExample" name="testcase1" time="0.000"/>
  <system-out/>
  <testcase classname="seleniumpoperties.AlwaysRunExample" name="testcase1" time="0.001"/>
  <system-out/>
  <testcase classname="seleniumpoperties.AlwaysRunExample" name="testcase1" time="0.000"/>
  <system-out/>
  <testcase classname="seleniumpoperties.AlwaysRunExample" name="testcase1" time="0.000"/>
  <system-out/>
  <testcase classname="seleniumpoperties.AlwaysRunExample" name="testcase1" time="0.000"/>
  <system-out/>
  <testcase classname="seleniumpoperties.AlwaysRunExample" name="testcase1" time="0.000"/>
  <system-out/>
  <testcase classname="seleniumpoperties.AlwaysRunExample" name="testcase1" time="0.000"/>
  <system-out/>
  <testcase classname="seleniumpoperties.AlwaysRunExample" name="testcase1" time="0.000"/>
  <system-out/>
  <testcase classname="seleniumpoperties.AlwaysRunExample" name="testcase1" time="0.000"/>
  <system-out/>
  <testcase classname="seleniumpoperties.AlwaysRunExample" name="testcase1" time="0.001"/>
  <system-out/>
  <testcase classname="seleniumpoperties.AlwaysRunExample" name="testcase1" time="0.000"/>
  <system-out/>
  <testcase classname="seleniumpoperties.AlwaysRunExample" name="testcase1" time="0.000"/>
  <system-out/>
  <testcase classname="seleniumpoperties.AlwaysRunExample" name="testcase1" time="0.000"/>
  <system-out/>
  <testcase classname="seleniumpoperties.AlwaysRunExample" name="testcase1" time="0.000"/>
  <system-out/>
  <testcase classname="seleniumpoperties.AlwaysRunExample" name="testcase1" time="0.000"/>
  <system-out/>
  <testcase classname="seleniumpoperties.AlwaysRunExample" name="testcase1" time="0.000"/>
  <system-out/>
  <testcase classname="seleniumpoperties.AlwaysRunExample" name="testcase1" time="0.001"/>
  <system-out/>
  <testcase classname="seleniumpoperties.AlwaysRunExample" name="testcase1" time="0.000"/>
  <system-out/>
  <testcase classname="seleniumpoperties.AlwaysRunExample" name="testcase1" time="0.000"/>
  <system-out/>
  <testcase classname="seleniumpoperties.AlwaysRunExample" name="testcase1" time="0.000"/>
  <system-out/>
  <testcase classname="seleniumpoperties.AlwaysRunExample" name="testcase1" time="0.000"/>
  <system-out/>
  <testcase classname="seleniumpoperties.AlwaysRunExample" name="testcase1" time="0.000"/>
  <system-out/>
  <testcase classname="seleniumpoperties.AlwaysRunExample" name="testcase1" time="0.000"/>
  <system-out/>
  <testcase classname="seleniumpoperties.AlwaysRunExample" name="testcase1" time="0.000"/>
  <system-out/>
  <testcase classname="seleniumpoperties.AlwaysRunExample" name="testcase1" time="0.000"/>
  <system-out/>
  <testcase classname="seleniumpoperties.AlwaysRunExample" name="testcase1" time="0.000"/>
  <system-out/>
  <testcase classname="seleniumpoperties.AlwaysRunExample" name="testcase1" time="0.000"/>
  <system-out/>
  <testcase classname="seleniumpoperties.AlwaysRunExample" name="testcase1" time="0.000"/>
  <system-out/>
  <testcase classname="seleniumpoperties.AlwaysRunExample" name="testcase1" time="0.000"/>
  <system-out/>
  <testcase classname="seleniumpoperties.AlwaysRunExample" name="testcase1" time="0.000"/>
  <system-out/>
  <testcase classname="seleniumpoperties.AlwaysRunExample" name="testcase1" time="0.000"/>
  <system-out/>
  <testcase classname="seleniumpoperties.AlwaysRunExample" name="testcase1" time="0.000"/>
  <system-out/>
  <testcase classname="seleniumpoperties.AlwaysRunExample" name="testcase1" time="0.000"/>
  <system-out/>
  <testcase classname="seleniumpoperties.AlwaysRunExample" name="testcase1" time="0.001"/>
  <system-out/>
  <testcase classname="seleniumpoperties.AlwaysRunExample" name="testcase1" time="0.000"/>
  <system-out/>
  <testcase classname="seleniumpoperties.AlwaysRunExample" name="testcase1" time="0.000"/>
  <system-out/>
  <testcase classname="seleniumpoperties.AlwaysRunExample" name="testcase1" time="0.000"/>
  <system-out/>
  <testcase classname="seleniumpoperties.AlwaysRunExample" name="testcase1" time="0.000"/>
  <system-out/>
  <testcase classname="seleniumpoperties.AlwaysRunExample" name="testcase1" time="0.000"/>
  <system-out/>
  <testcase classname="seleniumpoperties.AlwaysRunExample" name="testcase1" time="0.000"/>
  <system-out/>
  <testcase classname="seleniumpoperties.AlwaysRunExample" name="testcase1" time="0.000"/>
  <system-out/>
  <testcase classname="seleniumpoperties.AlwaysRunExample" name="testcase1" time="0.000"/>
  <system-out/>
  <testcase classname="seleniumpoperties.AlwaysRunExample" name="testcase1" time="0.000"/>
  <system-out/>
  <testcase classname="seleniumpoperties.AlwaysRunExample" name="testcase1" time="0.001"/>
  <system-out/>
  <testcase classname="seleniumpoperties.AlwaysRunExample" name="testcase1" time="0.000"/>
  <system-out/>
  <testcase classname="seleniumpoperties.AlwaysRunExample" name="testcase1" time="0.000"/>
  <system-out/>
  <testcase classname="seleniumpoperties.AlwaysRunExample" name="testcase1" time="0.000"/>
  <system-out/>
  <testcase classname="seleniumpoperties.AlwaysRunExample" name="testcase1" time="0.000"/>
  <system-out/>
  <testcase classname="seleniumpoperties.AlwaysRunExample" name="testcase1" time="0.000"/>
  <system-out/>
  <testcase classname="seleniumpoperties.AlwaysRunExample" name="testcase1" time="0.000"/>
  <system-out/>
  <testcase classname="seleniumpoperties.AlwaysRunExample" name="testcase1" time="0.000"/>
  <system-out/>
  <testcase classname="seleniumpoperties.AlwaysRunExample" name="testcase1" time="0.001"/>
  <system-out/>
  <testcase classname="seleniumpoperties.AlwaysRunExample" name="testcase1" time="0.000"/>
  <system-out/>
  <testcase classname="seleniumpoperties.AlwaysRunExample" name="testcase1" time="0.000"/>
  <system-out/>
  <testcase classname="seleniumpoperties.AlwaysRunExample" name="testcase1" time="0.000"/>
  <system-out/>
  <testcase classname="seleniumpoperties.AlwaysRunExample" name="testcase1" time="0.000"/>
  <system-out/>
  <testcase classname="seleniumpoperties.AlwaysRunExample" name="testcase1" time="0.001"/>
  <system-out/>
  <testcase classname="seleniumpoperties.AlwaysRunExample" name="testcase1" time="0.000"/>
  <system-out/>
  <testcase classname="seleniumpoperties.AlwaysRunExample" name="testcase1" time="0.001"/>
  <system-out/>
  <testcase classname="seleniumpoperties.AlwaysRunExample" name="testcase1" time="0.000"/>
  <system-out/>
  <testcase classname="seleniumpoperties.AlwaysRunExample" name="testcase1" time="0.000"/>
  <system-out/>
  <testcase classname="seleniumpoperties.AlwaysRunExample" name="testcase1" time="0.000"/>
  <system-out/>
  <testcase classname="seleniumpoperties.AlwaysRunExample" name="testcase1" time="0.000"/>
  <system-out/>
  <testcase classname="seleniumpoperties.AlwaysRunExample" name="testcase1" time="0.000"/>
  <system-out/>
  <testcase classname="seleniumpoperties.AlwaysRunExample" name="testcase1" time="0.000"/>
  <system-out/>
  <testcase classname="seleniumpoperties.AlwaysRunExample" name="testcase1" time="0.000"/>
  <system-out/>
  <testcase classname="seleniumpoperties.AlwaysRunExample" name="testcase1" time="0.000"/>
  <system-out/>
  <testcase classname="seleniumpoperties.AlwaysRunExample" name="testcase1" time="0.000"/>
  <system-out/>
  <testcase classname="seleniumpoperties.AlwaysRunExample" name="testcase1" time="0.002"/>
  <system-out/>
  <testcase classname="seleniumpoperties.AlwaysRunExample" name="testcase1" time="0.000"/>
  <system-out/>
  <testcase classname="seleniumpoperties.AlwaysRunExample" name="testcase1" time="0.000"/>
  <system-out/>
  <testcase classname="seleniumpoperties.AlwaysRunExample" name="testcase1" time="0.001"/>
  <system-out/>
  <testcase classname="seleniumpoperties.AlwaysRunExample" name="testcase1" time="0.000"/>
  <system-out/>
  <testcase classname="seleniumpoperties.AlwaysRunExample" name="testcase1" time="0.001"/>
  <system-out/>
  <testcase classname="seleniumpoperties.AlwaysRunExample" name="testcase1" time="0.000"/>
  <system-out/>
  <testcase classname="seleniumpoperties.AlwaysRunExample" name="testcase1" time="0.000"/>
  <system-out/>
  <testcase classname="seleniumpoperties.AlwaysRunExample" name="testcase1" time="0.001"/>
  <system-out/>
  <testcase classname="seleniumpoperties.AlwaysRunExample" name="testcase1" time="0.000"/>
  <system-out/>
  <testcase classname="seleniumpoperties.AlwaysRunExample" name="testcase1" time="0.000"/>
  <system-out/>
  <testcase classname="seleniumpoperties.AlwaysRunExample" name="testcase1" time="0.000"/>
  <system-out/>
  <testcase classname="seleniumpoperties.AlwaysRunExample" name="testcase1" time="0.000"/>
  <system-out/>
  <testcase classname="seleniumpoperties.AlwaysRunExample" name="testcase1" time="0.000"/>
  <system-out/>
  <testcase classname="seleniumpoperties.AlwaysRunExample" name="testcase1" time="0.001"/>
  <system-out/>
  <testcase classname="seleniumpoperties.AlwaysRunExample" name="testcase1" time="0.000"/>
  <system-out/>
  <testcase classname="seleniumpoperties.AlwaysRunExample" name="testcase1" time="0.000"/>
  <system-out/>
  <testcase classname="seleniumpoperties.AlwaysRunExample" name="testcase1" time="0.000"/>
  <system-out/>
  <testcase classname="seleniumpoperties.AlwaysRunExample" name="testcase1" time="0.001"/>
  <system-out/>
  <testcase classname="seleniumpoperties.AlwaysRunExample" name="testcase1" time="0.001"/>
  <system-out/>
  <testcase classname="seleniumpoperties.AlwaysRunExample" name="testcase1" time="0.000"/>
  <system-out/>
  <testcase classname="seleniumpoperties.AlwaysRunExample" name="testcase1" time="0.001"/>
  <system-out/>
  <testcase classname="seleniumpoperties.AlwaysRunExample" name="testcase1" time="0.000"/>
  <system-out/>
  <testcase classname="seleniumpoperties.AlwaysRunExample" name="testcase1" time="0.000"/>
  <system-out/>
  <testcase classname="seleniumpoperties.AlwaysRunExample" name="testcase1" time="0.000"/>
  <system-out/>
  <testcase classname="seleniumpoperties.AlwaysRunExample" name="testcase1" time="0.000"/>
  <system-out/>
  <testcase classname="seleniumpoperties.AlwaysRunExample" name="testcase1" time="0.000"/>
  <system-out/>
  <testcase classname="seleniumpoperties.AlwaysRunExample" name="testcase1" time="0.001"/>
  <system-out/>
  <testcase classname="seleniumpoperties.AlwaysRunExample" name="testcase1" time="0.000"/>
  <system-out/>
  <testcase classname="seleniumpoperties.AlwaysRunExample" name="testcase1" time="0.000"/>
  <system-out/>
  <testcase classname="seleniumpoperties.AlwaysRunExample" name="testcase1" time="0.000"/>
  <system-out/>
  <testcase classname="seleniumpoperties.AlwaysRunExample" name="testcase1" time="0.000"/>
  <system-out/>
  <testcase classname="seleniumpoperties.AlwaysRunExample" name="testcase1" time="0.000"/>
  <system-out/>
  <testcase classname="seleniumpoperties.AlwaysRunExample" name="testcase1" time="0.000"/>
  <system-out/>
  <testcase classname="seleniumpoperties.AlwaysRunExample" name="testcase1" time="0.000"/>
  <system-out/>
  <testcase classname="seleniumpoperties.AlwaysRunExample" name="testcase1" time="0.000"/>
  <system-out/>
  <testcase classname="seleniumpoperties.AlwaysRunExample" name="testcase1" time="0.000"/>
  <system-out/>
  <testcase classname="seleniumpoperties.AlwaysRunExample" name="testcase1" time="0.001"/>
  <system-out/>
  <testcase classname="seleniumpoperties.AlwaysRunExample" name="testcase1" time="0.007"/>
  <system-out/>
  <testcase classname="seleniumpoperties.AlwaysRunExample" name="testcase1" time="0.000"/>
  <system-out/>
  <testcase classname="seleniumpoperties.AlwaysRunExample" name="testcase1" time="0.001"/>
  <system-out/>
  <testcase classname="seleniumpoperties.AlwaysRunExample" name="testcase1" time="0.000"/>
  <system-out/>
  <testcase classname="seleniumpoperties.AlwaysRunExample" name="testcase1" time="0.000"/>
  <system-out/>
  <testcase classname="seleniumpoperties.AlwaysRunExample" name="testcase1" time="0.000"/>
  <system-out/>
  <testcase classname="seleniumpoperties.AlwaysRunExample" name="testcase1" time="0.000"/>
  <system-out/>
  <testcase classname="seleniumpoperties.AlwaysRunExample" name="testcase1" time="0.000"/>
  <system-out/>
  <testcase classname="seleniumpoperties.AlwaysRunExample" name="testcase1" time="0.000"/>
  <system-out/>
  <testcase classname="seleniumpoperties.AlwaysRunExample" name="testcase1" time="0.000"/>
  <system-out/>
  <testcase classname="seleniumpoperties.AlwaysRunExample" name="testcase1" time="0.000"/>
  <system-out/>
  <testcase classname="seleniumpoperties.AlwaysRunExample" name="testcase1" time="0.000"/>
  <system-out/>
  <testcase classname="seleniumpoperties.AlwaysRunExample" name="testcase1" time="0.000"/>
  <system-out/>
  <testcase classname="seleniumpoperties.AlwaysRunExample" name="testcase1" time="0.000"/>
  <system-out/>
  <testcase classname="seleniumpoperties.AlwaysRunExample" name="testcase1" time="0.000"/>
  <system-out/>
  <testcase classname="seleniumpoperties.AlwaysRunExample" name="testcase1" time="0.000"/>
  <system-out/>
  <testcase classname="seleniumpoperties.AlwaysRunExample" name="testcase1" time="0.000"/>
  <system-out/>
  <testcase classname="seleniumpoperties.AlwaysRunExample" name="testcase1" time="0.000"/>
  <system-out/>
  <testcase classname="seleniumpoperties.AlwaysRunExample" name="testcase1" time="0.000"/>
  <system-out/>
  <testcase classname="seleniumpoperties.AlwaysRunExample" name="testcase1" time="0.000"/>
  <system-out/>
  <testcase classname="seleniumpoperties.AlwaysRunExample" name="testcase1" time="0.000"/>
  <system-out/>
  <testcase classname="seleniumpoperties.AlwaysRunExample" name="testcase1" time="0.000"/>
  <system-out/>
  <testcase classname="seleniumpoperties.AlwaysRunExample" name="testcase1" time="0.001"/>
  <system-out/>
  <testcase classname="seleniumpoperties.AlwaysRunExample" name="testcase1" time="0.001"/>
  <system-out/>
  <testcase classname="seleniumpoperties.AlwaysRunExample" name="testcase1" time="0.000"/>
  <system-out/>
  <testcase classname="seleniumpoperties.AlwaysRunExample" name="testcase1" time="0.000"/>
  <system-out/>
  <testcase classname="seleniumpoperties.AlwaysRunExample" name="testcase1" time="0.000"/>
  <system-out/>
  <testcase classname="seleniumpoperties.AlwaysRunExample" name="testcase1" time="0.001"/>
  <system-out/>
  <testcase classname="seleniumpoperties.AlwaysRunExample" name="testcase1" time="0.000"/>
  <system-out/>
  <testcase classname="seleniumpoperties.AlwaysRunExample" name="testcase1" time="0.000"/>
  <system-out/>
  <testcase classname="seleniumpoperties.AlwaysRunExample" name="testcase1" time="0.000"/>
  <system-out/>
  <testcase classname="seleniumpoperties.AlwaysRunExample" name="testcase1" time="0.000"/>
  <system-out/>
  <testcase classname="seleniumpoperties.AlwaysRunExample" name="testcase1" time="0.000"/>
  <system-out/>
  <testcase classname="seleniumpoperties.AlwaysRunExample" name="testcase1" time="0.000"/>
  <system-out/>
  <testcase classname="seleniumpoperties.AlwaysRunExample" name="testcase1" time="0.018"/>
  <system-out/>
  <testcase classname="seleniumpoperties.AlwaysRunExample" name="testcase1" time="0.002"/>
  <system-out/>
  <testcase classname="seleniumpoperties.AlwaysRunExample" name="testcase1" time="0.000"/>
  <system-out/>
  <testcase classname="seleniumpoperties.AlwaysRunExample" name="testcase1" time="0.001"/>
  <system-out/>
  <testcase classname="seleniumpoperties.AlwaysRunExample" name="testcase1" time="0.000"/>
  <system-out/>
  <testcase classname="seleniumpoperties.AlwaysRunExample" name="testcase1" time="0.000"/>
  <system-out/>
  <testcase classname="seleniumpoperties.AlwaysRunExample" name="testcase1" time="0.000"/>
  <system-out/>
  <testcase classname="seleniumpoperties.AlwaysRunExample" name="testcase1" time="0.000"/>
  <system-out/>
  <testcase classname="seleniumpoperties.AlwaysRunExample" name="testcase1" time="0.001"/>
  <system-out/>
  <testcase classname="seleniumpoperties.AlwaysRunExample" name="testcase1" time="0.000"/>
  <system-out/>
  <testcase classname="seleniumpoperties.AlwaysRunExample" name="testcase1" time="0.000"/>
  <system-out/>
  <testcase classname="seleniumpoperties.AlwaysRunExample" name="testcase1" time="0.000"/>
  <system-out/>
  <testcase classname="seleniumpoperties.AlwaysRunExample" name="testcase1" time="0.000"/>
  <system-out/>
  <testcase classname="seleniumpoperties.AlwaysRunExample" name="testcase1" time="0.001"/>
  <system-out/>
  <testcase classname="seleniumpoperties.AlwaysRunExample" name="testcase1" time="0.000"/>
  <system-out/>
  <testcase classname="seleniumpoperties.AlwaysRunExample" name="testcase1" time="0.000"/>
  <system-out/>
  <testcase classname="seleniumpoperties.AlwaysRunExample" name="testcase1" time="0.000"/>
  <system-out/>
  <testcase classname="seleniumpoperties.AlwaysRunExample" name="testcase1" time="0.000"/>
  <system-out/>
  <testcase classname="seleniumpoperties.AlwaysRunExample" name="testcase1" time="0.000"/>
  <system-out/>
  <testcase classname="seleniumpoperties.AlwaysRunExample" name="testcase1" time="0.000"/>
  <system-out/>
  <testcase classname="seleniumpoperties.AlwaysRunExample" name="testcase1" time="0.000"/>
  <system-out/>
  <testcase classname="seleniumpoperties.AlwaysRunExample" name="testcase1" time="0.001"/>
  <system-out/>
  <testcase classname="seleniumpoperties.AlwaysRunExample" name="testcase1" time="0.000"/>
  <system-out/>
  <testcase classname="seleniumpoperties.AlwaysRunExample" name="testcase1" time="0.000"/>
  <system-out/>
  <testcase classname="seleniumpoperties.AlwaysRunExample" name="testcase1" time="0.000"/>
  <system-out/>
  <testcase classname="seleniumpoperties.AlwaysRunExample" name="testcase1" time="0.000"/>
  <system-out/>
  <testcase classname="seleniumpoperties.AlwaysRunExample" name="testcase1" time="0.001"/>
  <system-out/>
  <testcase classname="seleniumpoperties.AlwaysRunExample" name="testcase1" time="0.001"/>
  <system-out/>
  <testcase classname="seleniumpoperties.AlwaysRunExample" name="testcase1" time="0.000"/>
  <system-out/>
  <testcase classname="seleniumpoperties.AlwaysRunExample" name="testcase1" time="0.000"/>
  <system-out/>
  <testcase classname="seleniumpoperties.AlwaysRunExample" name="testcase1" time="0.000"/>
  <system-out/>
  <testcase classname="seleniumpoperties.AlwaysRunExample" name="testcase1" time="0.000"/>
  <system-out/>
  <testcase classname="seleniumpoperties.AlwaysRunExample" name="testcase1" time="0.000"/>
  <system-out/>
  <testcase classname="seleniumpoperties.AlwaysRunExample" name="testcase1" time="0.000"/>
  <system-out/>
  <testcase classname="seleniumpoperties.AlwaysRunExample" name="testcase1" time="0.000"/>
  <system-out/>
  <testcase classname="seleniumpoperties.AlwaysRunExample" name="testcase1" time="0.000"/>
  <system-out/>
  <testcase classname="seleniumpoperties.AlwaysRunExample" name="testcase1" time="0.000"/>
  <system-out/>
  <testcase classname="seleniumpoperties.AlwaysRunExample" name="testcase1" time="0.000"/>
  <system-out/>
  <testcase classname="seleniumpoperties.AlwaysRunExample" name="testcase1" time="0.000"/>
  <system-out/>
  <testcase classname="seleniumpoperties.AlwaysRunExample" name="testcase1" time="0.001"/>
  <system-out/>
  <testcase classname="seleniumpoperties.AlwaysRunExample" name="testcase1" time="0.000"/>
  <system-out/>
  <testcase classname="seleniumpoperties.AlwaysRunExample" name="testcase1" time="0.000"/>
  <system-out/>
  <testcase classname="seleniumpoperties.AlwaysRunExample" name="testcase1" time="0.000"/>
  <system-out/>
  <testcase classname="seleniumpoperties.AlwaysRunExample" name="testcase1" time="0.000"/>
  <system-out/>
  <testcase classname="seleniumpoperties.AlwaysRunExample" name="testcase1" time="0.000"/>
  <system-out/>
  <testcase classname="seleniumpoperties.AlwaysRunExample" name="testcase1" time="0.000"/>
  <system-out/>
  <testcase classname="seleniumpoperties.AlwaysRunExample" name="testcase1" time="0.000"/>
  <system-out/>
  <testcase classname="seleniumpoperties.AlwaysRunExample" name="testcase1" time="0.000"/>
  <system-out/>
  <testcase classname="seleniumpoperties.AlwaysRunExample" name="testcase1" time="0.000"/>
  <system-out/>
  <testcase classname="seleniumpoperties.AlwaysRunExample" name="testcase1" time="0.001"/>
  <system-out/>
  <testcase classname="seleniumpoperties.AlwaysRunExample" name="testcase1" time="0.001"/>
  <system-out/>
  <testcase classname="seleniumpoperties.AlwaysRunExample" name="testcase1" time="0.000"/>
  <system-out/>
  <testcase classname="seleniumpoperties.AlwaysRunExample" name="testcase1" time="0.000"/>
  <system-out/>
  <testcase classname="seleniumpoperties.AlwaysRunExample" name="testcase1" time="0.000"/>
  <system-out/>
  <testcase classname="seleniumpoperties.AlwaysRunExample" name="testcase1" time="0.001"/>
  <system-out/>
  <testcase classname="seleniumpoperties.AlwaysRunExample" name="testcase1" time="0.000"/>
  <system-out/>
  <testcase classname="seleniumpoperties.AlwaysRunExample" name="testcase1" time="0.000"/>
  <system-out/>
  <testcase classname="seleniumpoperties.AlwaysRunExample" name="testcase1" time="0.001"/>
  <system-out/>
  <testcase classname="seleniumpoperties.AlwaysRunExample" name="testcase1" time="0.001"/>
  <system-out/>
  <testcase classname="seleniumpoperties.AlwaysRunExample" name="testcase1" time="0.000"/>
  <system-out/>
  <testcase classname="seleniumpoperties.AlwaysRunExample" name="testcase1" time="0.000"/>
  <system-out/>
  <testcase classname="seleniumpoperties.AlwaysRunExample" name="testcase1" time="0.000"/>
  <system-out/>
  <testcase classname="seleniumpoperties.AlwaysRunExample" name="testcase1" time="0.000"/>
  <system-out/>
  <testcase classname="seleniumpoperties.AlwaysRunExample" name="testcase1" time="0.000"/>
  <system-out/>
  <testcase classname="seleniumpoperties.AlwaysRunExample" name="testcase1" time="0.000"/>
  <system-out/>
  <testcase classname="seleniumpoperties.AlwaysRunExample" name="testcase1" time="0.000"/>
  <system-out/>
  <testcase classname="seleniumpoperties.AlwaysRunExample" name="testcase1" time="0.000"/>
  <system-out/>
  <testcase classname="seleniumpoperties.AlwaysRunExample" name="testcase1" time="0.000"/>
  <system-out/>
  <testcase classname="seleniumpoperties.AlwaysRunExample" name="testcase1" time="0.001"/>
  <system-out/>
  <testcase classname="seleniumpoperties.AlwaysRunExample" name="testcase1" time="0.000"/>
  <system-out/>
  <testcase classname="seleniumpoperties.AlwaysRunExample" name="testcase1" time="0.001"/>
  <system-out/>
  <testcase classname="seleniumpoperties.AlwaysRunExample" name="testcase1" time="0.000"/>
  <system-out/>
  <testcase classname="seleniumpoperties.AlwaysRunExample" name="testcase1" time="0.000"/>
  <system-out/>
  <testcase classname="seleniumpoperties.AlwaysRunExample" name="testcase1" time="0.000"/>
  <system-out/>
  <testcase classname="seleniumpoperties.AlwaysRunExample" name="testcase1" time="0.000"/>
  <system-out/>
  <testcase classname="seleniumpoperties.AlwaysRunExample" name="testcase1" time="0.000"/>
  <system-out/>
  <testcase classname="seleniumpoperties.AlwaysRunExample" name="testcase1" time="0.000"/>
  <system-out/>
  <testcase classname="seleniumpoperties.AlwaysRunExample" name="testcase1" time="0.001"/>
  <system-out/>
  <testcase classname="seleniumpoperties.AlwaysRunExample" name="testcase1" time="0.000"/>
  <system-out/>
  <testcase classname="seleniumpoperties.AlwaysRunExample" name="testcase1" time="0.000"/>
  <system-out/>
  <testcase classname="seleniumpoperties.AlwaysRunExample" name="testcase1" time="0.000"/>
  <system-out/>
  <testcase classname="seleniumpoperties.AlwaysRunExample" name="testcase1" time="0.000"/>
  <system-out/>
  <testcase classname="seleniumpoperties.AlwaysRunExample" name="testcase1" time="0.000"/>
  <system-out/>
  <testcase classname="seleniumpoperties.AlwaysRunExample" name="testcase1" time="0.001"/>
  <system-out/>
  <testcase classname="seleniumpoperties.AlwaysRunExample" name="testcase1" time="0.000"/>
  <system-out/>
  <testcase classname="seleniumpoperties.AlwaysRunExample" name="testcase1" time="0.000"/>
  <system-out/>
  <testcase classname="seleniumpoperties.AlwaysRunExample" name="testcase1" time="0.000"/>
  <system-out/>
  <testcase classname="seleniumpoperties.AlwaysRunExample" name="testcase1" time="0.000"/>
  <system-out/>
  <testcase classname="seleniumpoperties.AlwaysRunExample" name="testcase1" time="0.000"/>
  <system-out/>
  <testcase classname="seleniumpoperties.AlwaysRunExample" name="testcase1" time="0.000"/>
  <system-out/>
  <testcase classname="seleniumpoperties.AlwaysRunExample" name="testcase1" time="0.000"/>
  <system-out/>
  <testcase classname="seleniumpoperties.AlwaysRunExample" name="testcase1" time="0.000"/>
  <system-out/>
  <testcase classname="seleniumpoperties.AlwaysRunExample" name="testcase1" time="0.000"/>
  <system-out/>
  <testcase classname="seleniumpoperties.AlwaysRunExample" name="testcase1" time="0.000"/>
  <system-out/>
  <testcase classname="seleniumpoperties.AlwaysRunExample" name="testcase1" time="0.000"/>
  <system-out/>
  <testcase classname="seleniumpoperties.AlwaysRunExample" name="testcase1" time="0.001"/>
  <system-out/>
  <testcase classname="seleniumpoperties.AlwaysRunExample" name="testcase1" time="0.000"/>
  <system-out/>
  <testcase classname="seleniumpoperties.AlwaysRunExample" name="testcase1" time="0.000"/>
  <system-out/>
  <testcase classname="seleniumpoperties.AlwaysRunExample" name="testcase1" time="0.000"/>
  <system-out/>
  <testcase classname="seleniumpoperties.AlwaysRunExample" name="testcase1" time="0.000"/>
  <system-out/>
  <testcase classname="seleniumpoperties.AlwaysRunExample" name="testcase1" time="0.000"/>
  <system-out/>
  <testcase classname="seleniumpoperties.AlwaysRunExample" name="testcase1" time="0.000"/>
  <system-out/>
  <testcase classname="seleniumpoperties.AlwaysRunExample" name="testcase1" time="0.000"/>
  <system-out/>
  <testcase classname="seleniumpoperties.AlwaysRunExample" name="testcase1" time="0.000"/>
  <system-out/>
  <testcase classname="seleniumpoperties.AlwaysRunExample" name="testcase1" time="0.000"/>
  <system-out/>
  <testcase classname="seleniumpoperties.AlwaysRunExample" name="testcase1" time="0.000"/>
  <system-out/>
  <testcase classname="seleniumpoperties.AlwaysRunExample" name="testcase1" time="0.000"/>
  <system-out/>
  <testcase classname="seleniumpoperties.AlwaysRunExample" name="testcase1" time="0.000"/>
  <system-out/>
  <testcase classname="seleniumpoperties.AlwaysRunExample" name="testcase1" time="0.000"/>
  <system-out/>
  <testcase classname="seleniumpoperties.AlwaysRunExample" name="testcase1" time="0.000"/>
  <system-out/>
  <testcase classname="seleniumpoperties.AlwaysRunExample" name="testcase1" time="0.000"/>
  <system-out/>
  <testcase classname="seleniumpoperties.AlwaysRunExample" name="testcase1" time="0.001"/>
  <system-out/>
  <testcase classname="seleniumpoperties.AlwaysRunExample" name="testcase1" time="0.000"/>
  <system-out/>
  <testcase classname="seleniumpoperties.AlwaysRunExample" name="testcase1" time="0.000"/>
  <system-out/>
  <testcase classname="seleniumpoperties.AlwaysRunExample" name="testcase1" time="0.001"/>
  <system-out/>
  <testcase classname="seleniumpoperties.AlwaysRunExample" name="testcase1" time="0.000"/>
  <system-out/>
  <testcase classname="seleniumpoperties.AlwaysRunExample" name="testcase1" time="0.000"/>
  <system-out/>
  <testcase classname="seleniumpoperties.AlwaysRunExample" name="testcase1" time="0.000"/>
  <system-out/>
  <testcase classname="seleniumpoperties.AlwaysRunExample" name="testcase1" time="0.001"/>
  <system-out/>
  <testcase classname="seleniumpoperties.AlwaysRunExample" name="testcase1" time="0.000"/>
  <system-out/>
  <testcase classname="seleniumpoperties.AlwaysRunExample" name="testcase1" time="0.001"/>
  <system-out/>
  <testcase classname="seleniumpoperties.AlwaysRunExample" name="testcase1" time="0.001"/>
  <system-out/>
  <testcase classname="seleniumpoperties.AlwaysRunExample" name="testcase1" time="0.001"/>
  <system-out/>
  <testcase classname="seleniumpoperties.AlwaysRunExample" name="testcase1" time="0.001"/>
  <system-out/>
  <testcase classname="seleniumpoperties.AlwaysRunExample" name="testcase1" time="0.000"/>
  <system-out/>
  <testcase classname="seleniumpoperties.AlwaysRunExample" name="testcase1" time="0.000"/>
  <system-out/>
  <testcase classname="seleniumpoperties.AlwaysRunExample" name="testcase1" time="0.000"/>
  <system-out/>
  <testcase classname="seleniumpoperties.AlwaysRunExample" name="testcase1" time="0.000"/>
  <system-out/>
  <testcase classname="seleniumpoperties.AlwaysRunExample" name="testcase1" time="0.000"/>
  <system-out/>
  <testcase classname="seleniumpoperties.AlwaysRunExample" name="testcase1" time="0.000"/>
  <system-out/>
  <testcase classname="seleniumpoperties.AlwaysRunExample" name="testcase1" time="0.001"/>
  <system-out/>
  <testcase classname="seleniumpoperties.AlwaysRunExample" name="testcase1" time="0.001"/>
  <system-out/>
  <testcase classname="seleniumpoperties.AlwaysRunExample" name="testcase1" time="0.000"/>
  <system-out/>
  <testcase classname="seleniumpoperties.AlwaysRunExample" name="testcase1" time="0.000"/>
  <system-out/>
  <testcase classname="seleniumpoperties.AlwaysRunExample" name="testcase1" time="0.000"/>
  <system-out/>
  <testcase classname="seleniumpoperties.AlwaysRunExample" name="testcase1" time="0.000"/>
  <system-out/>
  <testcase classname="seleniumpoperties.AlwaysRunExample" name="testcase1" time="0.001"/>
  <system-out/>
  <testcase classname="seleniumpoperties.AlwaysRunExample" name="testcase1" time="0.001"/>
  <system-out/>
  <testcase classname="seleniumpoperties.AlwaysRunExample" name="testcase1" time="0.000"/>
  <system-out/>
  <testcase classname="seleniumpoperties.AlwaysRunExample" name="testcase1" time="0.001"/>
  <system-out/>
  <testcase classname="seleniumpoperties.AlwaysRunExample" name="testcase1" time="0.001"/>
  <system-out/>
  <testcase classname="seleniumpoperties.AlwaysRunExample" name="testcase1" time="0.000"/>
  <system-out/>
  <testcase classname="seleniumpoperties.AlwaysRunExample" name="testcase1" time="0.000"/>
  <system-out/>
  <testcase classname="seleniumpoperties.AlwaysRunExample" name="testcase1" time="0.000"/>
  <system-out/>
  <testcase classname="seleniumpoperties.AlwaysRunExample" name="testcase1" time="0.000"/>
  <system-out/>
  <testcase classname="seleniumpoperties.AlwaysRunExample" name="testcase1" time="0.000"/>
  <system-out/>
  <testcase classname="seleniumpoperties.AlwaysRunExample" name="testcase1" time="0.000"/>
  <system-out/>
  <testcase classname="seleniumpoperties.AlwaysRunExample" name="testcase1" time="0.000"/>
  <system-out/>
  <testcase classname="seleniumpoperties.AlwaysRunExample" name="testcase1" time="0.000"/>
  <system-out/>
  <testcase classname="seleniumpoperties.AlwaysRunExample" name="testcase1" time="0.000"/>
  <system-out/>
  <testcase classname="seleniumpoperties.AlwaysRunExample" name="testcase1" time="0.000"/>
  <system-out/>
  <testcase classname="seleniumpoperties.AlwaysRunExample" name="testcase1" time="0.001"/>
  <system-out/>
  <testcase classname="seleniumpoperties.AlwaysRunExample" name="testcase1" time="0.000"/>
  <system-out/>
  <testcase classname="seleniumpoperties.AlwaysRunExample" name="testcase1" time="0.001"/>
  <system-out/>
  <testcase classname="seleniumpoperties.AlwaysRunExample" name="testcase1" time="0.000"/>
  <system-out/>
  <testcase classname="seleniumpoperties.AlwaysRunExample" name="testcase1" time="0.001"/>
  <system-out/>
  <testcase classname="seleniumpoperties.AlwaysRunExample" name="testcase1" time="0.000"/>
  <system-out/>
  <testcase classname="seleniumpoperties.AlwaysRunExample" name="testcase1" time="0.000"/>
  <system-out/>
  <testcase classname="seleniumpoperties.AlwaysRunExample" name="testcase1" time="0.000"/>
  <system-out/>
  <testcase classname="seleniumpoperties.AlwaysRunExample" name="testcase1" time="0.001"/>
  <system-out/>
  <testcase classname="seleniumpoperties.AlwaysRunExample" name="testcase1" time="0.000"/>
  <system-out/>
  <testcase classname="seleniumpoperties.AlwaysRunExample" name="testcase1" time="0.001"/>
  <system-out/>
  <testcase classname="seleniumpoperties.AlwaysRunExample" name="testcase1" time="0.000"/>
  <system-out/>
  <testcase classname="seleniumpoperties.AlwaysRunExample" name="testcase1" time="0.000"/>
  <system-out/>
  <testcase classname="seleniumpoperties.AlwaysRunExample" name="testcase1" time="0.001"/>
  <system-out/>
  <testcase classname="seleniumpoperties.AlwaysRunExample" name="testcase1" time="0.000"/>
  <system-out/>
  <testcase classname="seleniumpoperties.AlwaysRunExample" name="testcase1" time="0.001"/>
  <system-out/>
  <testcase classname="seleniumpoperties.AlwaysRunExample" name="testcase1" time="0.000"/>
  <system-out/>
  <testcase classname="seleniumpoperties.AlwaysRunExample" name="testcase1" time="0.000"/>
  <system-out/>
  <testcase classname="seleniumpoperties.AlwaysRunExample" name="testcase1" time="0.000"/>
  <system-out/>
  <testcase classname="seleniumpoperties.AlwaysRunExample" name="testcase1" time="0.000"/>
  <system-out/>
  <testcase classname="seleniumpoperties.AlwaysRunExample" name="testcase1" time="0.000"/>
  <system-out/>
  <testcase classname="seleniumpoperties.AlwaysRunExample" name="testcase1" time="0.000"/>
  <system-out/>
  <testcase classname="seleniumpoperties.AlwaysRunExample" name="testcase1" time="0.000"/>
  <system-out/>
  <testcase classname="seleniumpoperties.AlwaysRunExample" name="testcase1" time="0.001"/>
  <system-out/>
  <testcase classname="seleniumpoperties.AlwaysRunExample" name="testcase1" time="0.000"/>
  <system-out/>
  <testcase classname="seleniumpoperties.AlwaysRunExample" name="testcase1" time="0.000"/>
  <system-out/>
  <testcase classname="seleniumpoperties.AlwaysRunExample" name="testcase1" time="0.000"/>
  <system-out/>
  <testcase classname="seleniumpoperties.AlwaysRunExample" name="testcase1" time="0.000"/>
  <system-out/>
  <testcase classname="seleniumpoperties.AlwaysRunExample" name="testcase1" time="0.000"/>
  <system-out/>
  <testcase classname="seleniumpoperties.AlwaysRunExample" name="testcase1" time="0.000"/>
  <system-out/>
  <testcase classname="seleniumpoperties.AlwaysRunExample" name="testcase1" time="0.000"/>
  <system-out/>
  <testcase classname="seleniumpoperties.AlwaysRunExample" name="testcase1" time="0.000"/>
  <system-out/>
  <testcase classname="seleniumpoperties.AlwaysRunExample" name="testcase1" time="0.000"/>
  <system-out/>
  <testcase classname="seleniumpoperties.AlwaysRunExample" name="testcase1" time="0.000"/>
  <system-out/>
  <testcase classname="seleniumpoperties.AlwaysRunExample" name="testcase1" time="0.001"/>
  <system-out/>
  <testcase classname="seleniumpoperties.AlwaysRunExample" name="testcase1" time="0.001"/>
  <system-out/>
  <testcase classname="seleniumpoperties.AlwaysRunExample" name="testcase1" time="0.001"/>
  <system-out/>
  <testcase classname="seleniumpoperties.AlwaysRunExample" name="testcase1" time="0.000"/>
  <system-out/>
  <testcase classname="seleniumpoperties.AlwaysRunExample" name="testcase1" time="0.000"/>
  <system-out/>
  <testcase classname="seleniumpoperties.AlwaysRunExample" name="testcase1" time="0.000"/>
  <system-out/>
  <testcase classname="seleniumpoperties.AlwaysRunExample" name="testcase1" time="0.000"/>
  <system-out/>
  <testcase classname="seleniumpoperties.AlwaysRunExample" name="testcase1" time="0.000"/>
  <system-out/>
  <testcase classname="seleniumpoperties.AlwaysRunExample" name="testcase1" time="0.000"/>
  <system-out/>
  <testcase classname="seleniumpoperties.AlwaysRunExample" name="testcase1" time="0.001"/>
  <system-out/>
  <testcase classname="seleniumpoperties.AlwaysRunExample" name="testcase1" time="0.000"/>
  <system-out/>
  <testcase classname="seleniumpoperties.AlwaysRunExample" name="testcase1" time="0.000"/>
  <system-out/>
  <testcase classname="seleniumpoperties.AlwaysRunExample" name="testcase1" time="0.000"/>
  <system-out/>
  <testcase classname="seleniumpoperties.AlwaysRunExample" name="testcase1" time="0.000"/>
  <system-out/>
  <testcase classname="seleniumpoperties.AlwaysRunExample" name="testcase1" time="0.001"/>
  <system-out/>
  <testcase classname="seleniumpoperties.AlwaysRunExample" name="testcase1" time="0.000"/>
  <system-out/>
  <testcase classname="seleniumpoperties.AlwaysRunExample" name="testcase1" time="0.000"/>
  <system-out/>
  <testcase classname="seleniumpoperties.AlwaysRunExample" name="testcase1" time="0.001"/>
  <system-out/>
  <testcase classname="seleniumpoperties.AlwaysRunExample" name="testcase1" time="0.001"/>
  <system-out/>
  <testcase classname="seleniumpoperties.AlwaysRunExample" name="testcase1" time="0.000"/>
  <system-out/>
  <testcase classname="seleniumpoperties.AlwaysRunExample" name="testcase1" time="0.000"/>
  <system-out/>
  <testcase classname="seleniumpoperties.AlwaysRunExample" name="testcase1" time="0.000"/>
  <system-out/>
  <testcase classname="seleniumpoperties.AlwaysRunExample" name="testcase1" time="0.000"/>
  <system-out/>
  <testcase classname="seleniumpoperties.AlwaysRunExample" name="testcase1" time="0.001"/>
  <system-out/>
  <testcase classname="seleniumpoperties.AlwaysRunExample" name="testcase1" time="0.000"/>
  <system-out/>
  <testcase classname="seleniumpoperties.AlwaysRunExample" name="testcase1" time="0.000"/>
  <system-out/>
  <testcase classname="seleniumpoperties.AlwaysRunExample" name="testcase1" time="0.000"/>
  <system-out/>
  <testcase classname="seleniumpoperties.AlwaysRunExample" name="testcase1" time="0.000"/>
  <system-out/>
  <testcase classname="seleniumpoperties.AlwaysRunExample" name="testcase1" time="0.001"/>
  <system-out/>
  <testcase classname="seleniumpoperties.AlwaysRunExample" name="testcase1" time="0.001"/>
  <system-out/>
  <testcase classname="seleniumpoperties.AlwaysRunExample" name="testcase1" time="0.000"/>
  <system-out/>
  <testcase classname="seleniumpoperties.AlwaysRunExample" name="testcase1" time="0.000"/>
  <system-out/>
  <testcase classname="seleniumpoperties.AlwaysRunExample" name="testcase1" time="0.000"/>
  <system-out/>
  <testcase classname="seleniumpoperties.AlwaysRunExample" name="testcase1" time="0.000"/>
  <system-out/>
  <testcase classname="seleniumpoperties.AlwaysRunExample" name="testcase1" time="0.001"/>
  <system-out/>
  <testcase classname="seleniumpoperties.AlwaysRunExample" name="testcase1" time="0.000"/>
  <system-out/>
  <testcase classname="seleniumpoperties.AlwaysRunExample" name="testcase1" time="0.001"/>
  <system-out/>
  <testcase classname="seleniumpoperties.AlwaysRunExample" name="testcase1" time="0.000"/>
  <system-out/>
  <testcase classname="seleniumpoperties.AlwaysRunExample" name="testcase1" time="0.000"/>
  <system-out/>
  <testcase classname="seleniumpoperties.AlwaysRunExample" name="testcase1" time="0.000"/>
  <system-out/>
  <testcase classname="seleniumpoperties.AlwaysRunExample" name="testcase1" time="0.001"/>
  <system-out/>
  <testcase classname="seleniumpoperties.AlwaysRunExample" name="testcase1" time="0.000"/>
  <system-out/>
  <testcase classname="seleniumpoperties.AlwaysRunExample" name="testcase1" time="0.002"/>
  <system-out/>
  <testcase classname="seleniumpoperties.AlwaysRunExample" name="testcase1" time="0.000"/>
  <system-out/>
  <testcase classname="seleniumpoperties.AlwaysRunExample" name="testcase1" time="0.000"/>
  <system-out/>
  <testcase classname="seleniumpoperties.AlwaysRunExample" name="testcase1" time="0.000"/>
  <system-out/>
  <testcase classname="seleniumpoperties.AlwaysRunExample" name="testcase1" time="0.000"/>
  <system-out/>
  <testcase classname="seleniumpoperties.AlwaysRunExample" name="testcase1" time="0.000"/>
  <system-out/>
  <testcase classname="seleniumpoperties.AlwaysRunExample" name="testcase1" time="0.000"/>
  <system-out/>
  <testcase classname="seleniumpoperties.AlwaysRunExample" name="testcase1" time="0.000"/>
  <system-out/>
  <testcase classname="seleniumpoperties.AlwaysRunExample" name="testcase1" time="0.000"/>
  <system-out/>
  <testcase classname="seleniumpoperties.AlwaysRunExample" name="testcase1" time="0.000"/>
  <system-out/>
  <testcase classname="seleniumpoperties.AlwaysRunExample" name="testcase1" time="0.000"/>
  <system-out/>
  <testcase classname="seleniumpoperties.AlwaysRunExample" name="testcase1" time="0.000"/>
  <system-out/>
  <testcase classname="seleniumpoperties.AlwaysRunExample" name="testcase1" time="0.000"/>
  <system-out/>
  <testcase classname="seleniumpoperties.AlwaysRunExample" name="testcase1" time="0.000"/>
  <system-out/>
  <testcase classname="seleniumpoperties.AlwaysRunExample" name="testcase1" time="0.001"/>
  <system-out/>
  <testcase classname="seleniumpoperties.AlwaysRunExample" name="testcase1" time="0.000"/>
  <system-out/>
  <testcase classname="seleniumpoperties.AlwaysRunExample" name="testcase1" time="0.000"/>
  <system-out/>
  <testcase classname="seleniumpoperties.AlwaysRunExample" name="testcase1" time="0.001"/>
  <system-out/>
  <testcase classname="seleniumpoperties.AlwaysRunExample" name="testcase1" time="0.001"/>
  <system-out/>
  <testcase classname="seleniumpoperties.AlwaysRunExample" name="testcase1" time="0.000"/>
  <system-out/>
  <testcase classname="seleniumpoperties.AlwaysRunExample" name="testcase1" time="0.000"/>
  <system-out/>
  <testcase classname="seleniumpoperties.AlwaysRunExample" name="testcase1" time="0.001"/>
  <system-out/>
  <testcase classname="seleniumpoperties.AlwaysRunExample" name="testcase1" time="0.000"/>
  <system-out/>
  <testcase classname="seleniumpoperties.AlwaysRunExample" name="testcase1" time="0.000"/>
  <system-out/>
  <testcase classname="seleniumpoperties.AlwaysRunExample" name="testcase1" time="0.000"/>
  <system-out/>
  <testcase classname="seleniumpoperties.AlwaysRunExample" name="testcase1" time="0.000"/>
  <system-out/>
  <testcase classname="seleniumpoperties.AlwaysRunExample" name="testcase1" time="0.000"/>
  <system-out/>
  <testcase classname="seleniumpoperties.AlwaysRunExample" name="testcase1" time="0.000"/>
  <system-out/>
  <testcase classname="seleniumpoperties.AlwaysRunExample" name="testcase1" time="0.000"/>
  <system-out/>
  <testcase classname="seleniumpoperties.AlwaysRunExample" name="testcase1" time="0.000"/>
  <system-out/>
  <testcase classname="seleniumpoperties.AlwaysRunExample" name="testcase1" time="0.000"/>
  <system-out/>
  <testcase classname="seleniumpoperties.AlwaysRunExample" name="testcase1" time="0.001"/>
  <system-out/>
  <testcase classname="seleniumpoperties.AlwaysRunExample" name="testcase1" time="0.001"/>
  <system-out/>
  <testcase classname="seleniumpoperties.AlwaysRunExample" name="testcase1" time="0.000"/>
  <system-out/>
  <testcase classname="seleniumpoperties.AlwaysRunExample" name="testcase1" time="0.000"/>
  <system-out/>
  <testcase classname="seleniumpoperties.AlwaysRunExample" name="testcase1" time="0.000"/>
  <system-out/>
  <testcase classname="seleniumpoperties.AlwaysRunExample" name="testcase1" time="0.001"/>
  <system-out/>
  <testcase classname="seleniumpoperties.AlwaysRunExample" name="testcase1" time="0.000"/>
  <system-out/>
  <testcase classname="seleniumpoperties.AlwaysRunExample" name="testcase1" time="0.000"/>
  <system-out/>
  <testcase classname="seleniumpoperties.AlwaysRunExample" name="testcase1" time="0.000"/>
  <system-out/>
  <testcase classname="seleniumpoperties.AlwaysRunExample" name="testcase1" time="0.000"/>
  <system-out/>
  <testcase classname="seleniumpoperties.AlwaysRunExample" name="testcase1" time="0.000"/>
  <system-out/>
  <testcase classname="seleniumpoperties.AlwaysRunExample" name="testcase1" time="0.000"/>
  <system-out/>
  <testcase classname="seleniumpoperties.AlwaysRunExample" name="testcase1" time="0.000"/>
  <system-out/>
  <testcase classname="seleniumpoperties.AlwaysRunExample" name="testcase1" time="0.001"/>
  <system-out/>
  <testcase classname="seleniumpoperties.AlwaysRunExample" name="testcase1" time="0.000"/>
  <system-out/>
  <testcase classname="seleniumpoperties.AlwaysRunExample" name="testcase1" time="0.000"/>
  <system-out/>
  <testcase classname="seleniumpoperties.AlwaysRunExample" name="testcase1" time="0.000"/>
  <system-out/>
  <testcase classname="seleniumpoperties.AlwaysRunExample" name="testcase1" time="0.000"/>
  <system-out/>
  <testcase classname="seleniumpoperties.AlwaysRunExample" name="testcase1" time="0.000"/>
  <system-out/>
  <testcase classname="seleniumpoperties.AlwaysRunExample" name="testcase1" time="0.000"/>
  <system-out/>
  <testcase classname="seleniumpoperties.AlwaysRunExample" name="testcase1" time="0.000"/>
  <system-out/>
  <testcase classname="seleniumpoperties.AlwaysRunExample" name="testcase1" time="0.000"/>
  <system-out/>
  <testcase classname="seleniumpoperties.AlwaysRunExample" name="testcase1" time="0.000"/>
  <system-out/>
  <testcase classname="seleniumpoperties.AlwaysRunExample" name="testcase1" time="0.000"/>
  <system-out/>
  <testcase classname="seleniumpoperties.AlwaysRunExample" name="testcase1" time="0.000"/>
  <system-out/>
  <testcase classname="seleniumpoperties.AlwaysRunExample" name="testcase1" time="0.001"/>
  <system-out/>
  <testcase classname="seleniumpoperties.AlwaysRunExample" name="testcase1" time="0.000"/>
  <system-out/>
  <testcase classname="seleniumpoperties.AlwaysRunExample" name="testcase1" time="0.000"/>
  <system-out/>
  <testcase classname="seleniumpoperties.AlwaysRunExample" name="testcase1" time="0.001"/>
  <system-out/>
  <testcase classname="seleniumpoperties.AlwaysRunExample" name="testcase1" time="0.000"/>
  <system-out/>
  <testcase classname="seleniumpoperties.AlwaysRunExample" name="testcase1" time="0.000"/>
  <system-out/>
  <testcase classname="seleniumpoperties.AlwaysRunExample" name="testcase1" time="0.000"/>
  <system-out/>
  <testcase classname="seleniumpoperties.AlwaysRunExample" name="testcase1" time="0.000"/>
  <system-out/>
  <testcase classname="seleniumpoperties.AlwaysRunExample" name="testcase1" time="0.001"/>
  <system-out/>
  <testcase classname="seleniumpoperties.AlwaysRunExample" name="testcase1" time="0.000"/>
  <system-out/>
  <testcase classname="seleniumpoperties.AlwaysRunExample" name="testcase1" time="0.000"/>
  <system-out/>
  <testcase classname="seleniumpoperties.AlwaysRunExample" name="testcase1" time="0.001"/>
  <system-out/>
  <testcase classname="seleniumpoperties.AlwaysRunExample" name="testcase1" time="0.000"/>
  <system-out/>
  <testcase classname="seleniumpoperties.AlwaysRunExample" name="testcase1" time="0.000"/>
  <system-out/>
  <testcase classname="seleniumpoperties.AlwaysRunExample" name="testcase1" time="0.000"/>
  <system-out/>
  <testcase classname="seleniumpoperties.AlwaysRunExample" name="testcase1" time="0.001"/>
  <system-out/>
  <testcase classname="seleniumpoperties.AlwaysRunExample" name="testcase1" time="0.000"/>
  <system-out/>
  <testcase classname="seleniumpoperties.AlwaysRunExample" name="testcase1" time="0.000"/>
  <system-out/>
  <testcase classname="seleniumpoperties.AlwaysRunExample" name="testcase1" time="0.000"/>
  <system-out/>
  <testcase classname="seleniumpoperties.AlwaysRunExample" name="testcase1" time="0.000"/>
  <system-out/>
  <testcase classname="seleniumpoperties.AlwaysRunExample" name="testcase1" time="0.000"/>
  <system-out/>
  <testcase classname="seleniumpoperties.AlwaysRunExample" name="testcase1" time="0.001"/>
  <system-out/>
  <testcase classname="seleniumpoperties.AlwaysRunExample" name="testcase1" time="0.000"/>
  <system-out/>
  <testcase classname="seleniumpoperties.AlwaysRunExample" name="testcase1" time="0.000"/>
  <system-out/>
  <testcase classname="seleniumpoperties.AlwaysRunExample" name="testcase1" time="0.000"/>
  <system-out/>
  <testcase classname="seleniumpoperties.AlwaysRunExample" name="testcase1" time="0.000"/>
  <system-out/>
  <testcase classname="seleniumpoperties.AlwaysRunExample" name="testcase1" time="0.001"/>
  <system-out/>
  <testcase classname="seleniumpoperties.AlwaysRunExample" name="testcase1" time="0.000"/>
  <system-out/>
  <testcase classname="seleniumpoperties.AlwaysRunExample" name="testcase1" time="0.000"/>
  <system-out/>
  <testcase classname="seleniumpoperties.AlwaysRunExample" name="testcase1" time="0.000"/>
  <system-out/>
  <testcase classname="seleniumpoperties.AlwaysRunExample" name="testcase1" time="0.000"/>
  <system-out/>
  <testcase classname="seleniumpoperties.AlwaysRunExample" name="testcase1" time="0.001"/>
  <system-out/>
  <testcase classname="seleniumpoperties.AlwaysRunExample" name="testcase1" time="0.001"/>
  <system-out/>
  <testcase classname="seleniumpoperties.AlwaysRunExample" name="testcase1" time="0.000"/>
  <system-out/>
  <testcase classname="seleniumpoperties.AlwaysRunExample" name="testcase1" time="0.000"/>
  <system-out/>
  <testcase classname="seleniumpoperties.AlwaysRunExample" name="testcase1" time="0.000"/>
  <system-out/>
  <testcase classname="seleniumpoperties.AlwaysRunExample" name="testcase1" time="0.000"/>
  <system-out/>
  <testcase classname="seleniumpoperties.AlwaysRunExample" name="testcase1" time="0.000"/>
  <system-out/>
  <testcase classname="seleniumpoperties.AlwaysRunExample" name="testcase1" time="0.000"/>
  <system-out/>
  <testcase classname="seleniumpoperties.AlwaysRunExample" name="testcase1" time="0.000"/>
  <system-out/>
  <testcase classname="seleniumpoperties.AlwaysRunExample" name="testcase1" time="0.000"/>
  <system-out/>
  <testcase classname="seleniumpoperties.AlwaysRunExample" name="testcase1" time="0.000"/>
  <system-out/>
  <testcase classname="seleniumpoperties.AlwaysRunExample" name="testcase1" time="0.000"/>
  <system-out/>
  <testcase classname="seleniumpoperties.AlwaysRunExample" name="testcase1" time="0.000"/>
  <system-out/>
  <testcase classname="seleniumpoperties.AlwaysRunExample" name="testcase1" time="0.000"/>
  <system-out/>
  <testcase classname="seleniumpoperties.AlwaysRunExample" name="testcase1" time="0.000"/>
  <system-out/>
  <testcase classname="seleniumpoperties.AlwaysRunExample" name="testcase1" time="0.001"/>
  <system-out/>
  <testcase classname="seleniumpoperties.AlwaysRunExample" name="testcase1" time="0.000"/>
  <system-out/>
  <testcase classname="seleniumpoperties.AlwaysRunExample" name="testcase1" time="0.000"/>
  <system-out/>
  <testcase classname="seleniumpoperties.AlwaysRunExample" name="testcase1" time="0.000"/>
  <system-out/>
  <testcase classname="seleniumpoperties.AlwaysRunExample" name="testcase1" time="0.000"/>
  <system-out/>
  <testcase classname="seleniumpoperties.AlwaysRunExample" name="testcase1" time="0.000"/>
  <system-out/>
  <testcase classname="seleniumpoperties.AlwaysRunExample" name="testcase1" time="0.000"/>
  <system-out/>
  <testcase classname="seleniumpoperties.AlwaysRunExample" name="testcase1" time="0.000"/>
  <system-out/>
  <testcase classname="seleniumpoperties.AlwaysRunExample" name="testcase1" time="0.001"/>
  <system-out/>
  <testcase classname="seleniumpoperties.AlwaysRunExample" name="testcase1" time="0.000"/>
  <system-out/>
  <testcase classname="seleniumpoperties.AlwaysRunExample" name="testcase1" time="0.000"/>
  <system-out/>
  <testcase classname="seleniumpoperties.AlwaysRunExample" name="testcase1" time="0.000"/>
  <system-out/>
  <testcase classname="seleniumpoperties.AlwaysRunExample" name="testcase1" time="0.001"/>
  <system-out/>
  <testcase classname="seleniumpoperties.AlwaysRunExample" name="testcase1" time="0.000"/>
  <system-out/>
  <testcase classname="seleniumpoperties.AlwaysRunExample" name="testcase1" time="0.000"/>
  <system-out/>
  <testcase classname="seleniumpoperties.AlwaysRunExample" name="testcase1" time="0.001"/>
  <system-out/>
  <testcase classname="seleniumpoperties.AlwaysRunExample" name="testcase1" time="0.000"/>
  <system-out/>
  <testcase classname="seleniumpoperties.AlwaysRunExample" name="testcase1" time="0.000"/>
  <system-out/>
  <testcase classname="seleniumpoperties.AlwaysRunExample" name="testcase1" time="0.000"/>
  <system-out/>
  <testcase classname="seleniumpoperties.AlwaysRunExample" name="testcase1" time="0.000"/>
  <system-out/>
  <testcase classname="seleniumpoperties.AlwaysRunExample" name="testcase1" time="0.000"/>
  <system-out/>
  <testcase classname="seleniumpoperties.AlwaysRunExample" name="testcase1" time="0.001"/>
  <system-out/>
  <testcase classname="seleniumpoperties.AlwaysRunExample" name="testcase1" time="0.000"/>
  <system-out/>
  <testcase classname="seleniumpoperties.AlwaysRunExample" name="testcase1" time="0.000"/>
  <system-out/>
  <testcase classname="seleniumpoperties.AlwaysRunExample" name="testcase1" time="0.000"/>
  <system-out/>
  <testcase classname="seleniumpoperties.AlwaysRunExample" name="testcase1" time="0.000"/>
  <system-out/>
  <testcase classname="seleniumpoperties.AlwaysRunExample" name="testcase1" time="0.000"/>
  <system-out/>
  <testcase classname="seleniumpoperties.AlwaysRunExample" name="testcase1" time="0.000"/>
  <system-out/>
  <testcase classname="seleniumpoperties.AlwaysRunExample" name="testcase1" time="0.000"/>
  <system-out/>
  <testcase classname="seleniumpoperties.AlwaysRunExample" name="testcase1" time="0.000"/>
  <system-out/>
  <testcase classname="seleniumpoperties.AlwaysRunExample" name="testcase1" time="0.000"/>
  <system-out/>
  <testcase classname="seleniumpoperties.AlwaysRunExample" name="testcase1" time="0.000"/>
  <system-out/>
  <testcase classname="seleniumpoperties.AlwaysRunExample" name="testcase1" time="0.000"/>
  <system-out/>
  <testcase classname="seleniumpoperties.AlwaysRunExample" name="testcase1" time="0.001"/>
  <system-out/>
  <testcase classname="seleniumpoperties.AlwaysRunExample" name="testcase1" time="0.000"/>
  <system-out/>
  <testcase classname="seleniumpoperties.AlwaysRunExample" name="testcase1" time="0.000"/>
  <system-out/>
  <testcase classname="seleniumpoperties.AlwaysRunExample" name="testcase1" time="0.000"/>
  <system-out/>
  <testcase classname="seleniumpoperties.AlwaysRunExample" name="testcase1" time="0.000"/>
  <system-out/>
  <testcase classname="seleniumpoperties.AlwaysRunExample" name="testcase1" time="0.001"/>
  <system-out/>
  <testcase classname="seleniumpoperties.AlwaysRunExample" name="testcase1" time="0.000"/>
  <system-out/>
  <testcase classname="seleniumpoperties.AlwaysRunExample" name="testcase1" time="0.000"/>
  <system-out/>
  <testcase classname="seleniumpoperties.AlwaysRunExample" name="testcase1" time="0.000"/>
  <system-out/>
  <testcase classname="seleniumpoperties.AlwaysRunExample" name="testcase1" time="0.000"/>
  <system-out/>
  <testcase classname="seleniumpoperties.AlwaysRunExample" name="testcase1" time="0.000"/>
  <system-out/>
  <testcase classname="seleniumpoperties.AlwaysRunExample" name="testcase1" time="0.000"/>
  <system-out/>
  <testcase classname="seleniumpoperties.AlwaysRunExample" name="testcase1" time="0.000"/>
  <system-out/>
  <testcase classname="seleniumpoperties.AlwaysRunExample" name="testcase1" time="0.000"/>
  <system-out/>
  <testcase classname="seleniumpoperties.AlwaysRunExample" name="testcase1" time="0.000"/>
  <system-out/>
  <testcase classname="seleniumpoperties.AlwaysRunExample" name="testcase1" time="0.000"/>
  <system-out/>
  <testcase classname="seleniumpoperties.AlwaysRunExample" name="testcase1" time="0.000"/>
  <system-out/>
  <testcase classname="seleniumpoperties.AlwaysRunExample" name="testcase1" time="0.000"/>
  <system-out/>
  <testcase classname="seleniumpoperties.AlwaysRunExample" name="testcase1" time="0.000"/>
  <system-out/>
  <testcase classname="seleniumpoperties.AlwaysRunExample" name="testcase1" time="0.001"/>
  <system-out/>
  <testcase classname="seleniumpoperties.AlwaysRunExample" name="testcase1" time="0.000"/>
  <system-out/>
  <testcase classname="seleniumpoperties.AlwaysRunExample" name="testcase1" time="0.000"/>
  <system-out/>
  <testcase classname="seleniumpoperties.AlwaysRunExample" name="testcase1" time="0.000"/>
  <system-out/>
  <testcase classname="seleniumpoperties.AlwaysRunExample" name="testcase1" time="0.000"/>
  <system-out/>
  <testcase classname="seleniumpoperties.AlwaysRunExample" name="testcase1" time="0.000"/>
  <system-out/>
  <testcase classname="seleniumpoperties.AlwaysRunExample" name="testcase1" time="0.000"/>
  <system-out/>
  <testcase classname="seleniumpoperties.AlwaysRunExample" name="testcase1" time="0.001"/>
  <system-out/>
  <testcase classname="seleniumpoperties.AlwaysRunExample" name="testcase1" time="0.000"/>
  <system-out/>
  <testcase classname="seleniumpoperties.AlwaysRunExample" name="testcase1" time="0.000"/>
  <system-out/>
  <testcase classname="seleniumpoperties.AlwaysRunExample" name="testcase1" time="0.000"/>
  <system-out/>
  <testcase classname="seleniumpoperties.AlwaysRunExample" name="testcase1" time="0.001"/>
  <system-out/>
  <testcase classname="seleniumpoperties.AlwaysRunExample" name="testcase1" time="0.000"/>
  <system-out/>
  <testcase classname="seleniumpoperties.AlwaysRunExample" name="testcase1" time="0.000"/>
  <system-out/>
  <testcase classname="seleniumpoperties.AlwaysRunExample" name="testcase1" time="0.001"/>
  <system-out/>
  <testcase classname="seleniumpoperties.AlwaysRunExample" name="testcase1" time="0.000"/>
  <system-out/>
  <testcase classname="seleniumpoperties.AlwaysRunExample" name="testcase1" time="0.000"/>
  <system-out/>
  <testcase classname="seleniumpoperties.AlwaysRunExample" name="testcase1" time="0.000"/>
  <system-out/>
  <testcase classname="seleniumpoperties.AlwaysRunExample" name="testcase1" time="0.000"/>
  <system-out/>
  <testcase classname="seleniumpoperties.AlwaysRunExample" name="testcase1" time="0.001"/>
  <system-out/>
  <testcase classname="seleniumpoperties.AlwaysRunExample" name="testcase1" time="0.000"/>
  <system-out/>
  <testcase classname="seleniumpoperties.AlwaysRunExample" name="testcase1" time="0.000"/>
  <system-out/>
  <testcase classname="seleniumpoperties.AlwaysRunExample" name="testcase1" time="0.000"/>
  <system-out/>
  <testcase classname="seleniumpoperties.AlwaysRunExample" name="testcase1" time="0.000"/>
  <system-out/>
  <testcase classname="seleniumpoperties.AlwaysRunExample" name="testcase1" time="0.000"/>
  <system-out/>
  <testcase classname="seleniumpoperties.AlwaysRunExample" name="testcase1" time="0.001"/>
  <system-out/>
  <testcase classname="seleniumpoperties.AlwaysRunExample" name="testcase1" time="0.000"/>
  <system-out/>
  <testcase classname="seleniumpoperties.AlwaysRunExample" name="testcase1" time="0.000"/>
  <system-out/>
  <testcase classname="seleniumpoperties.AlwaysRunExample" name="testcase1" time="0.000"/>
  <system-out/>
  <testcase classname="seleniumpoperties.AlwaysRunExample" name="testcase1" time="0.000"/>
  <system-out/>
  <testcase classname="seleniumpoperties.AlwaysRunExample" name="testcase1" time="0.000"/>
  <system-out/>
  <testcase classname="seleniumpoperties.AlwaysRunExample" name="testcase1" time="0.001"/>
  <system-out/>
  <testcase classname="seleniumpoperties.AlwaysRunExample" name="testcase1" time="0.000"/>
  <system-out/>
  <testcase classname="seleniumpoperties.AlwaysRunExample" name="testcase1" time="0.000"/>
  <system-out/>
  <testcase classname="seleniumpoperties.AlwaysRunExample" name="testcase1" time="0.000"/>
  <system-out/>
  <testcase classname="seleniumpoperties.AlwaysRunExample" name="testcase1" time="0.000"/>
  <system-out/>
  <testcase classname="seleniumpoperties.AlwaysRunExample" name="testcase1" time="0.000"/>
  <system-out/>
  <testcase classname="seleniumpoperties.AlwaysRunExample" name="testcase1" time="0.000"/>
  <system-out/>
  <testcase classname="seleniumpoperties.AlwaysRunExample" name="testcase1" time="0.001"/>
  <system-out/>
  <testcase classname="seleniumpoperties.AlwaysRunExample" name="testcase1" time="0.001"/>
  <system-out/>
  <testcase classname="seleniumpoperties.AlwaysRunExample" name="testcase1" time="0.000"/>
  <system-out/>
  <testcase classname="seleniumpoperties.AlwaysRunExample" name="testcase1" time="0.000"/>
  <system-out/>
  <testcase classname="seleniumpoperties.AlwaysRunExample" name="testcase1" time="0.000"/>
  <system-out/>
  <testcase classname="seleniumpoperties.AlwaysRunExample" name="testcase1" time="0.000"/>
  <system-out/>
  <testcase classname="seleniumpoperties.AlwaysRunExample" name="testcase1" time="0.001"/>
  <system-out/>
  <testcase classname="seleniumpoperties.AlwaysRunExample" name="testcase1" time="0.000"/>
  <system-out/>
  <testcase classname="seleniumpoperties.AlwaysRunExample" name="testcase1" time="0.001"/>
  <system-out/>
  <testcase classname="seleniumpoperties.AlwaysRunExample" name="testcase1" time="0.000"/>
  <system-out/>
  <testcase classname="seleniumpoperties.AlwaysRunExample" name="testcase1" time="0.000"/>
  <system-out/>
  <testcase classname="seleniumpoperties.AlwaysRunExample" name="testcase1" time="0.000"/>
  <system-out/>
  <testcase classname="seleniumpoperties.AlwaysRunExample" name="testcase1" time="0.000"/>
  <system-out/>
  <testcase classname="seleniumpoperties.AlwaysRunExample" name="testcase1" time="0.000"/>
  <system-out/>
  <testcase classname="seleniumpoperties.AlwaysRunExample" name="testcase1" time="0.000"/>
  <system-out/>
  <testcase classname="seleniumpoperties.AlwaysRunExample" name="testcase1" time="0.001"/>
  <system-out/>
  <testcase classname="seleniumpoperties.AlwaysRunExample" name="testcase1" time="0.000"/>
  <system-out/>
  <testcase classname="seleniumpoperties.AlwaysRunExample" name="testcase1" time="0.000"/>
  <system-out/>
  <testcase classname="seleniumpoperties.AlwaysRunExample" name="testcase1" time="0.001"/>
  <system-out/>
  <testcase classname="seleniumpoperties.AlwaysRunExample" name="testcase1" time="0.000"/>
  <system-out/>
  <testcase classname="seleniumpoperties.AlwaysRunExample" name="testcase1" time="0.001"/>
  <system-out/>
  <testcase classname="seleniumpoperties.AlwaysRunExample" name="testcase1" time="0.001"/>
  <system-out/>
  <testcase classname="seleniumpoperties.AlwaysRunExample" name="testcase1" time="0.001"/>
  <system-out/>
  <testcase classname="seleniumpoperties.AlwaysRunExample" name="testcase1" time="0.000"/>
  <system-out/>
  <testcase classname="seleniumpoperties.AlwaysRunExample" name="testcase1" time="0.000"/>
  <system-out/>
  <testcase classname="seleniumpoperties.AlwaysRunExample" name="testcase1" time="0.001"/>
  <system-out/>
  <testcase classname="seleniumpoperties.AlwaysRunExample" name="testcase1" time="0.000"/>
  <system-out/>
  <testcase classname="seleniumpoperties.AlwaysRunExample" name="testcase1" time="0.000"/>
  <system-out/>
  <testcase classname="seleniumpoperties.AlwaysRunExample" name="testcase1" time="0.000"/>
  <system-out/>
  <testcase classname="seleniumpoperties.AlwaysRunExample" name="testcase1" time="0.000"/>
  <system-out/>
  <testcase classname="seleniumpoperties.AlwaysRunExample" name="testcase1" time="0.000"/>
  <system-out/>
  <testcase classname="seleniumpoperties.AlwaysRunExample" name="testcase1" time="0.000"/>
  <system-out/>
  <testcase classname="seleniumpoperties.AlwaysRunExample" name="testcase1" time="0.000"/>
  <system-out/>
  <testcase classname="seleniumpoperties.AlwaysRunExample" name="testcase1" time="0.000"/>
  <system-out/>
  <testcase classname="seleniumpoperties.AlwaysRunExample" name="testcase1" time="0.000"/>
  <system-out/>
  <testcase classname="seleniumpoperties.AlwaysRunExample" name="testcase1" time="0.000"/>
  <system-out/>
  <testcase classname="seleniumpoperties.AlwaysRunExample" name="testcase1" time="0.000"/>
  <system-out/>
  <testcase classname="seleniumpoperties.AlwaysRunExample" name="testcase1" time="0.000"/>
  <system-out/>
  <testcase classname="seleniumpoperties.AlwaysRunExample" name="testcase1" time="0.000"/>
  <system-out/>
  <testcase classname="seleniumpoperties.AlwaysRunExample" name="testcase1" time="0.000"/>
  <system-out/>
  <testcase classname="seleniumpoperties.AlwaysRunExample" name="testcase1" time="0.000"/>
  <system-out/>
  <testcase classname="seleniumpoperties.AlwaysRunExample" name="testcase1" time="0.001"/>
  <system-out/>
  <testcase classname="seleniumpoperties.AlwaysRunExample" name="testcase1" time="0.000"/>
  <system-out/>
  <testcase classname="seleniumpoperties.AlwaysRunExample" name="testcase1" time="0.000"/>
  <system-out/>
  <testcase classname="seleniumpoperties.AlwaysRunExample" name="testcase1" time="0.001"/>
  <system-out/>
  <testcase classname="seleniumpoperties.AlwaysRunExample" name="testcase1" time="0.000"/>
  <system-out/>
  <testcase classname="seleniumpoperties.AlwaysRunExample" name="testcase1" time="0.000"/>
  <system-out/>
  <testcase classname="seleniumpoperties.AlwaysRunExample" name="testcase1" time="0.000"/>
  <system-out/>
  <testcase classname="seleniumpoperties.AlwaysRunExample" name="testcase1" time="0.000"/>
  <system-out/>
  <testcase classname="seleniumpoperties.AlwaysRunExample" name="testcase1" time="0.001"/>
  <system-out/>
  <testcase classname="seleniumpoperties.AlwaysRunExample" name="testcase1" time="0.000"/>
  <system-out/>
  <testcase classname="seleniumpoperties.AlwaysRunExample" name="testcase1" time="0.001"/>
  <system-out/>
  <testcase classname="seleniumpoperties.AlwaysRunExample" name="testcase1" time="0.000"/>
  <system-out/>
  <testcase classname="seleniumpoperties.AlwaysRunExample" name="testcase1" time="0.000"/>
  <system-out/>
  <testcase classname="seleniumpoperties.AlwaysRunExample" name="testcase1" time="0.000"/>
  <system-out/>
  <testcase classname="seleniumpoperties.AlwaysRunExample" name="testcase1" time="0.000"/>
  <system-out/>
  <testcase classname="seleniumpoperties.AlwaysRunExample" name="testcase1" time="0.000"/>
  <system-out/>
  <testcase classname="seleniumpoperties.AlwaysRunExample" name="testcase1" time="0.000"/>
  <system-out/>
  <testcase classname="seleniumpoperties.AlwaysRunExample" name="testcase1" time="0.000"/>
  <system-out/>
  <testcase classname="seleniumpoperties.AlwaysRunExample" name="testcase1" time="0.000"/>
  <system-out/>
  <testcase classname="seleniumpoperties.AlwaysRunExample" name="testcase1" time="0.001"/>
  <system-out/>
  <testcase classname="seleniumpoperties.AlwaysRunExample" name="testcase1" time="0.000"/>
  <system-out/>
  <testcase classname="seleniumpoperties.AlwaysRunExample" name="testcase1" time="0.000"/>
  <system-out/>
  <testcase classname="seleniumpoperties.AlwaysRunExample" name="testcase1" time="0.000"/>
  <system-out/>
  <testcase classname="seleniumpoperties.AlwaysRunExample" name="testcase1" time="0.000"/>
  <system-out/>
  <testcase classname="seleniumpoperties.AlwaysRunExample" name="testcase1" time="0.000"/>
  <system-out/>
  <testcase classname="seleniumpoperties.AlwaysRunExample" name="testcase1" time="0.000"/>
  <system-out/>
  <testcase classname="seleniumpoperties.AlwaysRunExample" name="testcase1" time="0.000"/>
  <system-out/>
  <testcase classname="seleniumpoperties.AlwaysRunExample" name="testcase1" time="0.001"/>
  <system-out/>
  <testcase classname="seleniumpoperties.AlwaysRunExample" name="testcase1" time="0.000"/>
  <system-out/>
  <testcase classname="seleniumpoperties.AlwaysRunExample" name="testcase1" time="0.000"/>
  <system-out/>
  <testcase classname="seleniumpoperties.AlwaysRunExample" name="testcase1" time="0.000"/>
  <system-out/>
  <testcase classname="seleniumpoperties.AlwaysRunExample" name="testcase1" time="0.000"/>
  <system-out/>
  <testcase classname="seleniumpoperties.AlwaysRunExample" name="testcase1" time="0.000"/>
  <system-out/>
  <testcase classname="seleniumpoperties.AlwaysRunExample" name="testcase1" time="0.001"/>
  <system-out/>
  <testcase classname="seleniumpoperties.AlwaysRunExample" name="testcase1" time="0.000"/>
  <system-out/>
  <testcase classname="seleniumpoperties.AlwaysRunExample" name="testcase1" time="0.000"/>
  <system-out/>
  <testcase classname="seleniumpoperties.AlwaysRunExample" name="testcase1" time="0.000"/>
  <system-out/>
  <testcase classname="seleniumpoperties.AlwaysRunExample" name="testcase1" time="0.001"/>
  <system-out/>
  <testcase classname="seleniumpoperties.AlwaysRunExample" name="testcase1" time="0.000"/>
  <system-out/>
  <testcase classname="seleniumpoperties.AlwaysRunExample" name="testcase1" time="0.000"/>
  <system-out/>
  <testcase classname="seleniumpoperties.AlwaysRunExample" name="testcase1" time="0.001"/>
  <system-out/>
  <testcase classname="seleniumpoperties.AlwaysRunExample" name="testcase1" time="0.001"/>
  <system-out/>
  <testcase classname="seleniumpoperties.AlwaysRunExample" name="testcase1" time="0.000"/>
  <system-out/>
  <testcase classname="seleniumpoperties.AlwaysRunExample" name="testcase1" time="0.000"/>
  <system-out/>
  <testcase classname="seleniumpoperties.AlwaysRunExample" name="testcase1" time="0.000"/>
  <system-out/>
  <testcase classname="seleniumpoperties.AlwaysRunExample" name="testcase1" time="0.002"/>
  <system-out/>
  <testcase classname="seleniumpoperties.AlwaysRunExample" name="testcase1" time="0.000"/>
  <system-out/>
  <testcase classname="seleniumpoperties.AlwaysRunExample" name="testcase1" time="0.000"/>
  <system-out/>
  <testcase classname="seleniumpoperties.AlwaysRunExample" name="testcase1" time="0.001"/>
  <system-out/>
  <testcase classname="seleniumpoperties.AlwaysRunExample" name="testcase1" time="0.000"/>
  <system-out/>
  <testcase classname="seleniumpoperties.AlwaysRunExample" name="testcase1" time="0.000"/>
  <system-out/>
  <testcase classname="seleniumpoperties.AlwaysRunExample" name="testcase1" time="0.000"/>
  <system-out/>
  <testcase classname="seleniumpoperties.AlwaysRunExample" name="testcase1" time="0.000"/>
  <system-out/>
  <testcase classname="seleniumpoperties.AlwaysRunExample" name="testcase1" time="0.001"/>
  <system-out/>
  <testcase classname="seleniumpoperties.AlwaysRunExample" name="testcase1" time="0.000"/>
  <system-out/>
  <testcase classname="seleniumpoperties.AlwaysRunExample" name="testcase1" time="0.000"/>
  <system-out/>
  <testcase classname="seleniumpoperties.AlwaysRunExample" name="testcase1" time="0.000"/>
  <system-out/>
  <testcase classname="seleniumpoperties.AlwaysRunExample" name="testcase1" time="0.000"/>
  <system-out/>
  <testcase classname="seleniumpoperties.AlwaysRunExample" name="testcase1" time="0.000"/>
  <system-out/>
  <testcase classname="seleniumpoperties.AlwaysRunExample" name="testcase1" time="0.000"/>
  <system-out/>
  <testcase classname="seleniumpoperties.AlwaysRunExample" name="testcase1" time="0.000"/>
  <system-out/>
  <testcase classname="seleniumpoperties.AlwaysRunExample" name="testcase1" time="0.000"/>
  <system-out/>
  <testcase classname="seleniumpoperties.AlwaysRunExample" name="testcase1" time="0.000"/>
  <system-out/>
  <testcase classname="seleniumpoperties.AlwaysRunExample" name="testcase1" time="0.000"/>
  <system-out/>
  <testcase classname="seleniumpoperties.AlwaysRunExample" name="testcase1" time="0.001"/>
  <system-out/>
  <testcase classname="seleniumpoperties.AlwaysRunExample" name="testcase1" time="0.000"/>
  <system-out/>
  <testcase classname="seleniumpoperties.AlwaysRunExample" name="testcase1" time="0.000"/>
  <system-out/>
  <testcase classname="seleniumpoperties.AlwaysRunExample" name="testcase1" time="0.001"/>
  <system-out/>
  <testcase classname="seleniumpoperties.AlwaysRunExample" name="testcase1" time="0.000"/>
  <system-out/>
  <testcase classname="seleniumpoperties.AlwaysRunExample" name="testcase1" time="0.000"/>
  <system-out/>
  <testcase classname="seleniumpoperties.AlwaysRunExample" name="testcase1" time="0.000"/>
  <system-out/>
  <testcase classname="seleniumpoperties.AlwaysRunExample" name="testcase1" time="0.001"/>
  <system-out/>
  <testcase classname="seleniumpoperties.AlwaysRunExample" name="testcase1" time="0.000"/>
  <system-out/>
  <testcase classname="seleniumpoperties.AlwaysRunExample" name="testcase1" time="0.001"/>
  <system-out/>
  <testcase classname="seleniumpoperties.AlwaysRunExample" name="testcase1" time="0.000"/>
  <system-out/>
  <testcase classname="seleniumpoperties.AlwaysRunExample" name="testcase1" time="0.000"/>
  <system-out/>
  <testcase classname="seleniumpoperties.AlwaysRunExample" name="testcase1" time="0.001"/>
  <system-out/>
  <testcase classname="seleniumpoperties.AlwaysRunExample" name="testcase1" time="0.000"/>
  <system-out/>
  <testcase classname="seleniumpoperties.AlwaysRunExample" name="testcase1" time="0.000"/>
  <system-out/>
  <testcase classname="seleniumpoperties.AlwaysRunExample" name="testcase1" time="0.000"/>
  <system-out/>
  <testcase classname="seleniumpoperties.AlwaysRunExample" name="testcase1" time="0.001"/>
  <system-out/>
  <testcase classname="seleniumpoperties.AlwaysRunExample" name="testcase1" time="0.001"/>
  <system-out/>
  <testcase classname="seleniumpoperties.AlwaysRunExample" name="testcase1" time="0.000"/>
  <system-out/>
  <testcase classname="seleniumpoperties.AlwaysRunExample" name="testcase1" time="0.002"/>
  <system-out/>
  <testcase classname="seleniumpoperties.AlwaysRunExample" name="testcase1" time="0.000"/>
  <system-out/>
  <testcase classname="seleniumpoperties.AlwaysRunExample" name="testcase1" time="0.000"/>
  <system-out/>
  <testcase classname="seleniumpoperties.AlwaysRunExample" name="testcase1" time="0.000"/>
  <system-out/>
  <testcase classname="seleniumpoperties.AlwaysRunExample" name="testcase1" time="0.001"/>
  <system-out/>
  <testcase classname="seleniumpoperties.AlwaysRunExample" name="testcase1" time="0.000"/>
  <system-out/>
  <testcase classname="seleniumpoperties.AlwaysRunExample" name="testcase1" time="0.000"/>
  <system-out/>
  <testcase classname="seleniumpoperties.AlwaysRunExample" name="testcase1" time="0.001"/>
  <system-out/>
  <testcase classname="seleniumpoperties.AlwaysRunExample" name="testcase1" time="0.000"/>
  <system-out/>
  <testcase classname="seleniumpoperties.AlwaysRunExample" name="testcase1" time="0.000"/>
  <system-out/>
  <testcase classname="seleniumpoperties.AlwaysRunExample" name="testcase1" time="0.000"/>
  <system-out/>
  <testcase classname="seleniumpoperties.AlwaysRunExample" name="testcase1" time="0.000"/>
  <system-out/>
  <testcase classname="seleniumpoperties.AlwaysRunExample" name="testcase1" time="0.000"/>
  <system-out/>
  <testcase classname="seleniumpoperties.AlwaysRunExample" name="testcase1" time="0.000"/>
  <system-out/>
  <testcase classname="seleniumpoperties.AlwaysRunExample" name="testcase1" time="0.000"/>
  <system-out/>
  <testcase classname="seleniumpoperties.AlwaysRunExample" name="testcase1" time="0.001"/>
  <system-out/>
  <testcase classname="seleniumpoperties.AlwaysRunExample" name="testcase1" time="0.000"/>
  <system-out/>
  <testcase classname="seleniumpoperties.AlwaysRunExample" name="testcase1" time="0.001"/>
  <system-out/>
  <testcase classname="seleniumpoperties.AlwaysRunExample" name="testcase1" time="0.000"/>
  <system-out/>
  <testcase classname="seleniumpoperties.AlwaysRunExample" name="testcase1" time="0.000"/>
  <system-out/>
  <testcase classname="seleniumpoperties.AlwaysRunExample" name="testcase1" time="0.000"/>
  <system-out/>
  <testcase classname="seleniumpoperties.AlwaysRunExample" name="testcase1" time="0.000"/>
  <system-out/>
  <testcase classname="seleniumpoperties.AlwaysRunExample" name="testcase1" time="0.000"/>
  <system-out/>
  <testcase classname="seleniumpoperties.AlwaysRunExample" name="testcase1" time="0.001"/>
  <system-out/>
  <testcase classname="seleniumpoperties.AlwaysRunExample" name="testcase1" time="0.000"/>
  <system-out/>
  <testcase classname="seleniumpoperties.AlwaysRunExample" name="testcase1" time="0.000"/>
  <system-out/>
  <testcase classname="seleniumpoperties.AlwaysRunExample" name="testcase1" time="0.000"/>
  <system-out/>
  <testcase classname="seleniumpoperties.AlwaysRunExample" name="testcase1" time="0.000"/>
  <system-out/>
  <testcase classname="seleniumpoperties.AlwaysRunExample" name="testcase1" time="0.000"/>
  <system-out/>
  <testcase classname="seleniumpoperties.AlwaysRunExample" name="testcase1" time="0.000"/>
  <system-out/>
  <testcase classname="seleniumpoperties.AlwaysRunExample" name="testcase1" time="0.000"/>
  <system-out/>
  <testcase classname="seleniumpoperties.AlwaysRunExample" name="testcase1" time="0.000"/>
  <system-out/>
  <testcase classname="seleniumpoperties.AlwaysRunExample" name="testcase1" time="0.000"/>
  <system-out/>
  <testcase classname="seleniumpoperties.AlwaysRunExample" name="testcase1" time="0.000"/>
  <system-out/>
  <testcase classname="seleniumpoperties.AlwaysRunExample" name="testcase1" time="0.000"/>
  <system-out/>
  <testcase classname="seleniumpoperties.AlwaysRunExample" name="testcase1" time="0.000"/>
  <system-out/>
  <testcase classname="seleniumpoperties.AlwaysRunExample" name="testcase1" time="0.000"/>
  <system-out/>
  <testcase classname="seleniumpoperties.AlwaysRunExample" name="testcase1" time="0.000"/>
  <system-out/>
  <testcase classname="seleniumpoperties.AlwaysRunExample" name="testcase1" time="0.000"/>
  <system-out/>
  <testcase classname="seleniumpoperties.AlwaysRunExample" name="testcase1" time="0.000"/>
  <system-out/>
  <testcase classname="seleniumpoperties.AlwaysRunExample" name="testcase1" time="0.000"/>
  <system-out/>
  <testcase classname="seleniumpoperties.AlwaysRunExample" name="testcase1" time="0.000"/>
  <system-out/>
  <testcase classname="seleniumpoperties.AlwaysRunExample" name="testcase1" time="0.000"/>
  <system-out/>
  <testcase classname="seleniumpoperties.AlwaysRunExample" name="testcase1" time="0.000"/>
  <system-out/>
  <testcase classname="seleniumpoperties.AlwaysRunExample" name="testcase1" time="0.001"/>
  <system-out/>
  <testcase classname="seleniumpoperties.AlwaysRunExample" name="testcase1" time="0.001"/>
  <system-out/>
  <testcase classname="seleniumpoperties.AlwaysRunExample" name="testcase1" time="0.000"/>
  <system-out/>
  <testcase classname="seleniumpoperties.AlwaysRunExample" name="testcase1" time="0.000"/>
  <system-out/>
  <testcase classname="seleniumpoperties.AlwaysRunExample" name="testcase1" time="0.000"/>
  <system-out/>
  <testcase classname="seleniumpoperties.AlwaysRunExample" name="testcase1" time="0.000"/>
  <system-out/>
  <testcase classname="seleniumpoperties.AlwaysRunExample" name="testcase1" time="0.000"/>
  <system-out/>
  <testcase classname="seleniumpoperties.AlwaysRunExample" name="testcase1" time="0.000"/>
  <system-out/>
  <testcase classname="seleniumpoperties.AlwaysRunExample" name="testcase1" time="0.001"/>
  <system-out/>
  <testcase classname="seleniumpoperties.AlwaysRunExample" name="testcase1" time="0.000"/>
  <system-out/>
  <testcase classname="seleniumpoperties.AlwaysRunExample" name="testcase1" time="0.000"/>
  <system-out/>
  <testcase classname="seleniumpoperties.AlwaysRunExample" name="testcase1" time="0.000"/>
  <system-out/>
  <testcase classname="seleniumpoperties.AlwaysRunExample" name="testcase1" time="0.000"/>
  <system-out/>
  <testcase classname="seleniumpoperties.AlwaysRunExample" name="testcase1" time="0.000"/>
  <system-out/>
  <testcase classname="seleniumpoperties.AlwaysRunExample" name="testcase1" time="0.000"/>
  <system-out/>
  <testcase classname="seleniumpoperties.AlwaysRunExample" name="testcase1" time="0.000"/>
  <system-out/>
  <testcase classname="seleniumpoperties.AlwaysRunExample" name="testcase1" time="0.000"/>
  <system-out/>
  <testcase classname="seleniumpoperties.AlwaysRunExample" name="testcase1" time="0.001"/>
  <system-out/>
  <testcase classname="seleniumpoperties.AlwaysRunExample" name="testcase1" time="0.001"/>
  <system-out/>
  <testcase classname="seleniumpoperties.AlwaysRunExample" name="testcase1" time="0.001"/>
  <system-out/>
  <testcase classname="seleniumpoperties.AlwaysRunExample" name="testcase1" time="0.000"/>
  <system-out/>
  <testcase classname="seleniumpoperties.AlwaysRunExample" name="testcase1" time="0.000"/>
  <system-out/>
  <testcase classname="seleniumpoperties.AlwaysRunExample" name="testcase1" time="0.000"/>
  <system-out/>
  <testcase classname="seleniumpoperties.AlwaysRunExample" name="testcase1" time="0.000"/>
  <system-out/>
  <testcase classname="seleniumpoperties.AlwaysRunExample" name="testcase1" time="0.000"/>
  <system-out/>
  <testcase classname="seleniumpoperties.AlwaysRunExample" name="testcase1" time="0.000"/>
  <system-out/>
  <testcase classname="seleniumpoperties.AlwaysRunExample" name="testcase1" time="0.000"/>
  <system-out/>
  <testcase classname="seleniumpoperties.AlwaysRunExample" name="testcase1" time="0.000"/>
  <system-out/>
  <testcase classname="seleniumpoperties.AlwaysRunExample" name="testcase1" time="0.000"/>
  <system-out/>
  <testcase classname="seleniumpoperties.AlwaysRunExample" name="testcase1" time="0.001"/>
  <system-out/>
  <testcase classname="seleniumpoperties.AlwaysRunExample" name="testcase1" time="0.001"/>
  <system-out/>
  <testcase classname="seleniumpoperties.AlwaysRunExample" name="testcase1" time="0.000"/>
  <system-out/>
  <testcase classname="seleniumpoperties.AlwaysRunExample" name="testcase1" time="0.000"/>
  <system-out/>
  <testcase classname="seleniumpoperties.AlwaysRunExample" name="testcase1" time="0.000"/>
  <system-out/>
  <testcase classname="seleniumpoperties.AlwaysRunExample" name="testcase1" time="0.000"/>
  <system-out/>
  <testcase classname="seleniumpoperties.AlwaysRunExample" name="testcase1" time="0.000"/>
  <system-out/>
  <testcase classname="seleniumpoperties.AlwaysRunExample" name="testcase1" time="0.000"/>
  <system-out/>
  <testcase classname="seleniumpoperties.AlwaysRunExample" name="testcase1" time="0.000"/>
  <system-out/>
  <testcase classname="seleniumpoperties.AlwaysRunExample" name="testcase1" time="0.000"/>
  <system-out/>
  <testcase classname="seleniumpoperties.AlwaysRunExample" name="testcase1" time="0.000"/>
  <system-out/>
  <testcase classname="seleniumpoperties.AlwaysRunExample" name="testcase1" time="0.000"/>
  <system-out/>
  <testcase classname="seleniumpoperties.AlwaysRunExample" name="testcase1" time="0.000"/>
  <system-out/>
  <testcase classname="seleniumpoperties.AlwaysRunExample" name="testcase1" time="0.000"/>
  <system-out/>
  <testcase classname="seleniumpoperties.AlwaysRunExample" name="testcase1" time="0.000"/>
  <system-out/>
  <testcase classname="seleniumpoperties.AlwaysRunExample" name="testcase1" time="0.000"/>
  <system-out/>
  <testcase classname="seleniumpoperties.AlwaysRunExample" name="testcase1" time="0.000"/>
  <system-out/>
  <testcase classname="seleniumpoperties.AlwaysRunExample" name="testcase1" time="0.000"/>
  <system-out/>
  <testcase classname="seleniumpoperties.AlwaysRunExample" name="testcase1" time="0.000"/>
  <system-out/>
  <testcase classname="seleniumpoperties.AlwaysRunExample" name="testcase1" time="0.000"/>
  <system-out/>
  <testcase classname="seleniumpoperties.AlwaysRunExample" name="testcase1" time="0.000"/>
  <system-out/>
  <testcase classname="seleniumpoperties.AlwaysRunExample" name="testcase1" time="0.000"/>
  <system-out/>
  <testcase classname="seleniumpoperties.AlwaysRunExample" name="testcase1" time="0.000"/>
  <system-out/>
  <testcase classname="seleniumpoperties.AlwaysRunExample" name="testcase1" time="0.000"/>
  <system-out/>
  <testcase classname="seleniumpoperties.AlwaysRunExample" name="testcase1" time="0.000"/>
  <system-out/>
  <testcase classname="seleniumpoperties.AlwaysRunExample" name="testcase1" time="0.000"/>
  <system-out/>
  <testcase classname="seleniumpoperties.AlwaysRunExample" name="testcase1" time="0.000"/>
  <system-out/>
  <testcase classname="seleniumpoperties.AlwaysRunExample" name="testcase1" time="0.000"/>
  <system-out/>
  <testcase classname="seleniumpoperties.AlwaysRunExample" name="testcase1" time="0.000"/>
  <system-out/>
  <testcase classname="seleniumpoperties.AlwaysRunExample" name="testcase1" time="0.000"/>
  <system-out/>
  <testcase classname="seleniumpoperties.AlwaysRunExample" name="testcase1" time="0.001"/>
  <system-out/>
  <testcase classname="seleniumpoperties.AlwaysRunExample" name="testcase1" time="0.000"/>
  <system-out/>
  <testcase classname="seleniumpoperties.AlwaysRunExample" name="testcase1" time="0.000"/>
  <system-out/>
  <testcase classname="seleniumpoperties.AlwaysRunExample" name="testcase1" time="0.000"/>
  <system-out/>
  <testcase classname="seleniumpoperties.AlwaysRunExample" name="testcase1" time="0.000"/>
  <system-out/>
  <testcase classname="seleniumpoperties.AlwaysRunExample" name="testcase1" time="0.000"/>
  <system-out/>
  <testcase classname="seleniumpoperties.AlwaysRunExample" name="testcase1" time="0.000"/>
  <system-out/>
  <testcase classname="seleniumpoperties.AlwaysRunExample" name="testcase1" time="0.000"/>
  <system-out/>
  <testcase classname="seleniumpoperties.AlwaysRunExample" name="testcase1" time="0.000"/>
  <system-out/>
  <testcase classname="seleniumpoperties.AlwaysRunExample" name="testcase1" time="0.000"/>
  <system-out/>
  <testcase classname="seleniumpoperties.AlwaysRunExample" name="testcase1" time="0.001"/>
  <system-out/>
  <testcase classname="seleniumpoperties.AlwaysRunExample" name="testcase1" time="0.000"/>
  <system-out/>
  <testcase classname="seleniumpoperties.AlwaysRunExample" name="testcase1" time="0.000"/>
  <system-out/>
  <testcase classname="seleniumpoperties.AlwaysRunExample" name="testcase1" time="0.000"/>
  <system-out/>
  <testcase classname="seleniumpoperties.AlwaysRunExample" name="testcase1" time="0.000"/>
  <system-out/>
  <testcase classname="seleniumpoperties.AlwaysRunExample" name="testcase1" time="0.000"/>
  <system-out/>
  <testcase classname="seleniumpoperties.AlwaysRunExample" name="testcase1" time="0.000"/>
  <system-out/>
  <testcase classname="seleniumpoperties.AlwaysRunExample" name="testcase1" time="0.001"/>
  <system-out/>
  <testcase classname="seleniumpoperties.AlwaysRunExample" name="testcase1" time="0.001"/>
  <system-out/>
  <testcase classname="seleniumpoperties.AlwaysRunExample" name="testcase1" time="0.000"/>
  <system-out/>
  <testcase classname="seleniumpoperties.AlwaysRunExample" name="testcase1" time="0.000"/>
  <system-out/>
  <testcase classname="seleniumpoperties.AlwaysRunExample" name="testcase1" time="0.000"/>
  <system-out/>
  <testcase classname="seleniumpoperties.AlwaysRunExample" name="testcase1" time="0.000"/>
  <system-out/>
  <testcase classname="seleniumpoperties.AlwaysRunExample" name="testcase1" time="0.000"/>
  <system-out/>
  <testcase classname="seleniumpoperties.AlwaysRunExample" name="testcase1" time="0.001"/>
  <system-out/>
  <testcase classname="seleniumpoperties.AlwaysRunExample" name="testcase1" time="0.000"/>
  <system-out/>
  <testcase classname="seleniumpoperties.AlwaysRunExample" name="testcase1" time="0.000"/>
  <system-out/>
  <testcase classname="seleniumpoperties.AlwaysRunExample" name="testcase1" time="0.000"/>
  <system-out/>
  <testcase classname="seleniumpoperties.AlwaysRunExample" name="testcase1" time="0.000"/>
  <system-out/>
  <testcase classname="seleniumpoperties.AlwaysRunExample" name="testcase1" time="0.000"/>
  <system-out/>
  <testcase classname="seleniumpoperties.AlwaysRunExample" name="testcase1" time="0.000"/>
  <system-out/>
  <testcase classname="seleniumpoperties.AlwaysRunExample" name="testcase1" time="0.000"/>
  <system-out/>
  <testcase classname="seleniumpoperties.AlwaysRunExample" name="testcase1" time="0.000"/>
  <system-out/>
  <testcase classname="seleniumpoperties.AlwaysRunExample" name="testcase1" time="0.000"/>
  <system-out/>
  <testcase classname="seleniumpoperties.AlwaysRunExample" name="testcase1" time="0.000"/>
  <system-out/>
  <testcase classname="seleniumpoperties.AlwaysRunExample" name="testcase1" time="0.001"/>
  <system-out/>
  <testcase classname="seleniumpoperties.AlwaysRunExample" name="testcase1" time="0.000"/>
  <system-out/>
  <testcase classname="seleniumpoperties.AlwaysRunExample" name="testcase1" time="0.000"/>
  <system-out/>
  <testcase classname="seleniumpoperties.AlwaysRunExample" name="testcase1" time="0.000"/>
  <system-out/>
  <testcase classname="seleniumpoperties.AlwaysRunExample" name="testcase1" time="0.000"/>
  <system-out/>
  <testcase classname="seleniumpoperties.AlwaysRunExample" name="testcase1" time="0.001"/>
  <system-out/>
  <testcase classname="seleniumpoperties.AlwaysRunExample" name="testcase1" time="0.000"/>
  <system-out/>
  <testcase classname="seleniumpoperties.AlwaysRunExample" name="testcase1" time="0.000"/>
  <system-out/>
  <testcase classname="seleniumpoperties.AlwaysRunExample" name="testcase1" time="0.000"/>
  <system-out/>
  <testcase classname="seleniumpoperties.AlwaysRunExample" name="testcase1" time="0.000"/>
  <system-out/>
  <testcase classname="seleniumpoperties.AlwaysRunExample" name="testcase1" time="0.001"/>
  <system-out/>
  <testcase classname="seleniumpoperties.AlwaysRunExample" name="testcase1" time="0.001"/>
  <system-out/>
  <testcase classname="seleniumpoperties.AlwaysRunExample" name="testcase1" time="0.000"/>
  <system-out/>
  <testcase classname="seleniumpoperties.AlwaysRunExample" name="testcase1" time="0.000"/>
  <system-out/>
  <testcase classname="seleniumpoperties.AlwaysRunExample" name="testcase1" time="0.000"/>
  <system-out/>
  <testcase classname="seleniumpoperties.AlwaysRunExample" name="testcase1" time="0.000"/>
  <system-out/>
  <testcase classname="seleniumpoperties.AlwaysRunExample" name="testcase1" time="0.000"/>
  <system-out/>
  <testcase classname="seleniumpoperties.AlwaysRunExample" name="testcase1" time="0.000"/>
  <system-out/>
  <testcase classname="seleniumpoperties.AlwaysRunExample" name="testcase1" time="0.000"/>
  <system-out/>
  <testcase classname="seleniumpoperties.AlwaysRunExample" name="testcase1" time="0.001"/>
  <system-out/>
  <testcase classname="seleniumpoperties.AlwaysRunExample" name="testcase1" time="0.598"/>
  <system-out/>
  <testcase classname="seleniumpoperties.AlwaysRunExample" name="testcase1" time="0.000"/>
  <system-out/>
  <testcase classname="seleniumpoperties.AlwaysRunExample" name="testcase1" time="0.000"/>
  <system-out/>
  <testcase classname="seleniumpoperties.AlwaysRunExample" name="testcase1" time="0.000"/>
  <system-out/>
  <testcase classname="seleniumpoperties.AlwaysRunExample" name="testcase1" time="0.000"/>
  <system-out/>
  <testcase classname="seleniumpoperties.AlwaysRunExample" name="testcase1" time="0.000"/>
  <system-out/>
  <testcase classname="seleniumpoperties.AlwaysRunExample" name="testcase1" time="0.001"/>
  <system-out/>
  <testcase classname="seleniumpoperties.AlwaysRunExample" name="testcase1" time="0.000"/>
  <system-out/>
  <testcase classname="seleniumpoperties.AlwaysRunExample" name="testcase1" time="0.000"/>
  <system-out/>
  <testcase classname="seleniumpoperties.AlwaysRunExample" name="testcase1" time="0.000"/>
  <system-out/>
  <testcase classname="seleniumpoperties.AlwaysRunExample" name="testcase1" time="0.000"/>
  <system-out/>
  <testcase classname="seleniumpoperties.AlwaysRunExample" name="testcase1" time="0.000"/>
  <system-out/>
  <testcase classname="seleniumpoperties.AlwaysRunExample" name="testcase1" time="0.000"/>
  <system-out/>
  <testcase classname="seleniumpoperties.AlwaysRunExample" name="testcase1" time="0.000"/>
  <system-out/>
  <testcase classname="seleniumpoperties.AlwaysRunExample" name="testcase1" time="0.001"/>
  <system-out/>
  <testcase classname="seleniumpoperties.AlwaysRunExample" name="testcase1" time="0.001"/>
  <system-out/>
  <testcase classname="seleniumpoperties.AlwaysRunExample" name="testcase1" time="0.000"/>
  <system-out/>
  <testcase classname="seleniumpoperties.AlwaysRunExample" name="testcase1" time="0.000"/>
  <system-out/>
  <testcase classname="seleniumpoperties.AlwaysRunExample" name="testcase1" time="0.000"/>
  <system-out/>
  <testcase classname="seleniumpoperties.AlwaysRunExample" name="testcase1" time="0.000"/>
  <system-out/>
  <testcase classname="seleniumpoperties.AlwaysRunExample" name="testcase1" time="0.000"/>
  <system-out/>
  <testcase classname="seleniumpoperties.AlwaysRunExample" name="testcase1" time="0.001"/>
  <system-out/>
  <testcase classname="seleniumpoperties.AlwaysRunExample" name="testcase1" time="0.000"/>
  <system-out/>
  <testcase classname="seleniumpoperties.AlwaysRunExample" name="testcase1" time="0.001"/>
  <system-out/>
  <testcase classname="seleniumpoperties.AlwaysRunExample" name="testcase1" time="0.000"/>
  <system-out/>
  <testcase classname="seleniumpoperties.AlwaysRunExample" name="testcase1" time="0.000"/>
  <system-out/>
  <testcase classname="seleniumpoperties.AlwaysRunExample" name="testcase1" time="0.000"/>
  <system-out/>
  <testcase classname="seleniumpoperties.AlwaysRunExample" name="testcase1" time="0.000"/>
  <system-out/>
  <testcase classname="seleniumpoperties.AlwaysRunExample" name="testcase1" time="0.000"/>
  <system-out/>
  <testcase classname="seleniumpoperties.AlwaysRunExample" name="testcase1" time="0.000"/>
  <system-out/>
  <testcase classname="seleniumpoperties.AlwaysRunExample" name="testcase1" time="0.000"/>
  <system-out/>
  <testcase classname="seleniumpoperties.AlwaysRunExample" name="testcase1" time="0.000"/>
  <system-out/>
  <testcase classname="seleniumpoperties.AlwaysRunExample" name="testcase1" time="0.000"/>
  <system-out/>
  <testcase classname="seleniumpoperties.AlwaysRunExample" name="testcase1" time="0.000"/>
  <system-out/>
  <testcase classname="seleniumpoperties.AlwaysRunExample" name="testcase1" time="0.000"/>
  <system-out/>
  <testcase classname="seleniumpoperties.AlwaysRunExample" name="testcase1" time="0.000"/>
  <system-out/>
  <testcase classname="seleniumpoperties.AlwaysRunExample" name="testcase1" time="0.000"/>
  <system-out/>
  <testcase classname="seleniumpoperties.AlwaysRunExample" name="testcase1" time="0.000"/>
  <system-out/>
  <testcase classname="seleniumpoperties.AlwaysRunExample" name="testcase1" time="0.000"/>
  <system-out/>
  <testcase classname="seleniumpoperties.AlwaysRunExample" name="testcase1" time="0.001"/>
  <system-out/>
  <testcase classname="seleniumpoperties.AlwaysRunExample" name="testcase1" time="0.001"/>
  <system-out/>
  <testcase classname="seleniumpoperties.AlwaysRunExample" name="testcase1" time="0.000"/>
  <system-out/>
  <testcase classname="seleniumpoperties.AlwaysRunExample" name="testcase1" time="0.000"/>
  <system-out/>
  <testcase classname="seleniumpoperties.AlwaysRunExample" name="testcase1" time="0.000"/>
  <system-out/>
  <testcase classname="seleniumpoperties.AlwaysRunExample" name="testcase1" time="0.000"/>
  <system-out/>
  <testcase classname="seleniumpoperties.AlwaysRunExample" name="testcase1" time="0.001"/>
  <system-out/>
  <testcase classname="seleniumpoperties.AlwaysRunExample" name="testcase1" time="0.000"/>
  <system-out/>
  <testcase classname="seleniumpoperties.AlwaysRunExample" name="testcase1" time="0.000"/>
  <system-out/>
  <testcase classname="seleniumpoperties.AlwaysRunExample" name="testcase1" time="0.001"/>
  <system-out/>
  <testcase classname="seleniumpoperties.AlwaysRunExample" name="testcase1" time="0.000"/>
  <system-out/>
  <testcase classname="seleniumpoperties.AlwaysRunExample" name="testcase1" time="0.000"/>
  <system-out/>
  <testcase classname="seleniumpoperties.AlwaysRunExample" name="testcase1" time="0.001"/>
  <system-out/>
  <testcase classname="seleniumpoperties.AlwaysRunExample" name="testcase1" time="0.000"/>
  <system-out/>
  <testcase classname="seleniumpoperties.AlwaysRunExample" name="testcase1" time="0.000"/>
  <system-out/>
  <testcase classname="seleniumpoperties.AlwaysRunExample" name="testcase1" time="0.002"/>
  <system-out/>
  <testcase classname="seleniumpoperties.AlwaysRunExample" name="testcase1" time="0.000"/>
  <system-out/>
  <testcase classname="seleniumpoperties.AlwaysRunExample" name="testcase1" time="0.000"/>
  <system-out/>
  <testcase classname="seleniumpoperties.AlwaysRunExample" name="testcase1" time="0.000"/>
  <system-out/>
  <testcase classname="seleniumpoperties.AlwaysRunExample" name="testcase1" time="0.000"/>
  <system-out/>
  <testcase classname="seleniumpoperties.AlwaysRunExample" name="testcase1" time="0.000"/>
  <system-out/>
  <testcase classname="seleniumpoperties.AlwaysRunExample" name="testcase1" time="0.003"/>
  <system-out/>
  <testcase classname="seleniumpoperties.AlwaysRunExample" name="testcase1" time="0.000"/>
  <system-out/>
  <testcase classname="seleniumpoperties.AlwaysRunExample" name="testcase1" time="0.000"/>
  <system-out/>
  <testcase classname="seleniumpoperties.AlwaysRunExample" name="testcase1" time="0.000"/>
  <system-out/>
  <testcase classname="seleniumpoperties.AlwaysRunExample" name="testcase1" time="0.000"/>
  <system-out/>
  <testcase classname="seleniumpoperties.AlwaysRunExample" name="testcase1" time="0.000"/>
  <system-out/>
  <testcase classname="seleniumpoperties.AlwaysRunExample" name="testcase1" time="0.000"/>
  <system-out/>
  <testcase classname="seleniumpoperties.AlwaysRunExample" name="testcase1" time="0.000"/>
  <system-out/>
  <testcase classname="seleniumpoperties.AlwaysRunExample" name="testcase1" time="0.000"/>
  <system-out/>
  <testcase classname="seleniumpoperties.AlwaysRunExample" name="testcase1" time="0.000"/>
  <system-out/>
  <testcase classname="seleniumpoperties.AlwaysRunExample" name="testcase1" time="0.000"/>
  <system-out/>
  <testcase classname="seleniumpoperties.AlwaysRunExample" name="testcase1" time="0.000"/>
  <system-out/>
  <testcase classname="seleniumpoperties.AlwaysRunExample" name="testcase1" time="0.000"/>
  <system-out/>
  <testcase classname="seleniumpoperties.AlwaysRunExample" name="testcase1" time="0.000"/>
  <system-out/>
  <testcase classname="seleniumpoperties.AlwaysRunExample" name="testcase1" time="0.000"/>
  <system-out/>
  <testcase classname="seleniumpoperties.AlwaysRunExample" name="testcase1" time="0.000"/>
  <system-out/>
  <testcase classname="seleniumpoperties.AlwaysRunExample" name="testcase1" time="0.000"/>
  <system-out/>
  <testcase classname="seleniumpoperties.AlwaysRunExample" name="testcase1" time="0.000"/>
  <system-out/>
  <testcase classname="seleniumpoperties.AlwaysRunExample" name="testcase1" time="0.000"/>
  <system-out/>
  <testcase classname="seleniumpoperties.AlwaysRunExample" name="testcase1" time="0.000"/>
  <system-out/>
  <testcase classname="seleniumpoperties.AlwaysRunExample" name="testcase1" time="0.000"/>
  <system-out/>
  <testcase classname="seleniumpoperties.AlwaysRunExample" name="testcase1" time="0.000"/>
  <system-out/>
  <testcase classname="seleniumpoperties.AlwaysRunExample" name="testcase1" time="0.000"/>
  <system-out/>
  <testcase classname="seleniumpoperties.AlwaysRunExample" name="testcase1" time="0.000"/>
  <system-out/>
  <testcase classname="seleniumpoperties.AlwaysRunExample" name="testcase1" time="0.001"/>
  <system-out/>
  <testcase classname="seleniumpoperties.AlwaysRunExample" name="testcase1" time="0.000"/>
  <system-out/>
  <testcase classname="seleniumpoperties.AlwaysRunExample" name="testcase1" time="0.000"/>
  <system-out/>
  <testcase classname="seleniumpoperties.AlwaysRunExample" name="testcase1" time="0.000"/>
  <system-out/>
  <testcase classname="seleniumpoperties.AlwaysRunExample" name="testcase1" time="0.000"/>
  <system-out/>
  <testcase classname="seleniumpoperties.AlwaysRunExample" name="testcase1" time="0.001"/>
  <system-out/>
  <testcase classname="seleniumpoperties.AlwaysRunExample" name="testcase1" time="0.000"/>
  <system-out/>
  <testcase classname="seleniumpoperties.AlwaysRunExample" name="testcase1" time="0.000"/>
  <system-out/>
  <testcase classname="seleniumpoperties.AlwaysRunExample" name="testcase1" time="0.001"/>
  <system-out/>
  <testcase classname="seleniumpoperties.AlwaysRunExample" name="testcase1" time="0.000"/>
  <system-out/>
  <testcase classname="seleniumpoperties.AlwaysRunExample" name="testcase1" time="0.001"/>
  <system-out/>
  <testcase classname="seleniumpoperties.AlwaysRunExample" name="testcase1" time="0.000"/>
  <system-out/>
  <testcase classname="seleniumpoperties.AlwaysRunExample" name="testcase1" time="0.000"/>
  <system-out/>
  <testcase classname="seleniumpoperties.AlwaysRunExample" name="testcase1" time="0.000"/>
  <system-out/>
  <testcase classname="seleniumpoperties.AlwaysRunExample" name="testcase1" time="0.000"/>
  <system-out/>
  <testcase classname="seleniumpoperties.AlwaysRunExample" name="testcase1" time="0.000"/>
  <system-out/>
  <testcase classname="seleniumpoperties.AlwaysRunExample" name="testcase1" time="0.000"/>
  <system-out/>
  <testcase classname="seleniumpoperties.AlwaysRunExample" name="testcase1" time="0.001"/>
  <system-out/>
  <testcase classname="seleniumpoperties.AlwaysRunExample" name="testcase1" time="0.000"/>
  <system-out/>
  <testcase classname="seleniumpoperties.AlwaysRunExample" name="testcase1" time="0.000"/>
  <system-out/>
  <testcase classname="seleniumpoperties.AlwaysRunExample" name="testcase1" time="0.000"/>
  <system-out/>
  <testcase classname="seleniumpoperties.AlwaysRunExample" name="testcase1" time="0.000"/>
  <system-out/>
  <testcase classname="seleniumpoperties.AlwaysRunExample" name="testcase1" time="0.001"/>
  <system-out/>
  <testcase classname="seleniumpoperties.AlwaysRunExample" name="testcase1" time="0.000"/>
  <system-out/>
  <testcase classname="seleniumpoperties.AlwaysRunExample" name="testcase1" time="0.001"/>
  <system-out/>
  <testcase classname="seleniumpoperties.AlwaysRunExample" name="testcase1" time="0.000"/>
  <system-out/>
  <testcase classname="seleniumpoperties.AlwaysRunExample" name="testcase1" time="0.000"/>
  <system-out/>
  <testcase classname="seleniumpoperties.AlwaysRunExample" name="testcase1" time="0.000"/>
  <system-out/>
  <testcase classname="seleniumpoperties.AlwaysRunExample" name="testcase1" time="0.000"/>
  <system-out/>
  <testcase classname="seleniumpoperties.AlwaysRunExample" name="testcase1" time="0.000"/>
  <system-out/>
  <testcase classname="seleniumpoperties.AlwaysRunExample" name="testcase1" time="0.000"/>
  <system-out/>
  <testcase classname="seleniumpoperties.AlwaysRunExample" name="testcase1" time="0.001"/>
  <system-out/>
  <testcase classname="seleniumpoperties.AlwaysRunExample" name="testcase1" time="0.000"/>
  <system-out/>
  <testcase classname="seleniumpoperties.AlwaysRunExample" name="testcase1" time="0.000"/>
  <system-out/>
  <testcase classname="seleniumpoperties.AlwaysRunExample" name="testcase1" time="0.000"/>
  <system-out/>
  <testcase classname="seleniumpoperties.AlwaysRunExample" name="testcase1" time="0.000"/>
  <system-out/>
  <testcase classname="seleniumpoperties.AlwaysRunExample" name="testcase1" time="0.001"/>
  <system-out/>
  <testcase classname="seleniumpoperties.AlwaysRunExample" name="testcase1" time="0.000"/>
  <system-out/>
  <testcase classname="seleniumpoperties.AlwaysRunExample" name="testcase1" time="0.000"/>
  <system-out/>
  <testcase classname="seleniumpoperties.AlwaysRunExample" name="testcase1" time="0.000"/>
  <system-out/>
  <testcase classname="seleniumpoperties.AlwaysRunExample" name="testcase1" time="0.001"/>
  <system-out/>
  <testcase classname="seleniumpoperties.AlwaysRunExample" name="testcase1" time="0.001"/>
  <system-out/>
  <testcase classname="seleniumpoperties.AlwaysRunExample" name="testcase1" time="0.001"/>
  <system-out/>
  <testcase classname="seleniumpoperties.AlwaysRunExample" name="testcase1" time="0.000"/>
  <system-out/>
  <testcase classname="seleniumpoperties.AlwaysRunExample" name="testcase1" time="0.000"/>
  <system-out/>
  <testcase classname="seleniumpoperties.AlwaysRunExample" name="testcase1" time="0.000"/>
  <system-out/>
  <testcase classname="seleniumpoperties.AlwaysRunExample" name="testcase1" time="0.000"/>
  <system-out/>
  <testcase classname="seleniumpoperties.AlwaysRunExample" name="testcase1" time="0.000"/>
  <system-out/>
  <testcase classname="seleniumpoperties.AlwaysRunExample" name="testcase1" time="0.000"/>
  <system-out/>
  <testcase classname="seleniumpoperties.AlwaysRunExample" name="testcase1" time="0.000"/>
  <system-out/>
  <testcase classname="seleniumpoperties.AlwaysRunExample" name="testcase1" time="0.000"/>
  <system-out/>
  <testcase classname="seleniumpoperties.AlwaysRunExample" name="testcase1" time="0.000"/>
  <system-out/>
  <testcase classname="seleniumpoperties.AlwaysRunExample" name="testcase1" time="0.000"/>
  <system-out/>
  <testcase classname="seleniumpoperties.AlwaysRunExample" name="testcase1" time="0.001"/>
  <system-out/>
  <testcase classname="seleniumpoperties.AlwaysRunExample" name="testcase1" time="0.000"/>
  <system-out/>
  <testcase classname="seleniumpoperties.AlwaysRunExample" name="testcase1" time="0.000"/>
  <system-out/>
  <testcase classname="seleniumpoperties.AlwaysRunExample" name="testcase1" time="0.000"/>
  <system-out/>
  <testcase classname="seleniumpoperties.AlwaysRunExample" name="testcase1" time="0.000"/>
  <system-out/>
  <testcase classname="seleniumpoperties.AlwaysRunExample" name="testcase1" time="0.001"/>
  <system-out/>
  <testcase classname="seleniumpoperties.AlwaysRunExample" name="testcase1" time="0.000"/>
  <system-out/>
  <testcase classname="seleniumpoperties.AlwaysRunExample" name="testcase1" time="0.001"/>
  <system-out/>
  <testcase classname="seleniumpoperties.AlwaysRunExample" name="testcase1" time="0.000"/>
  <system-out/>
  <testcase classname="seleniumpoperties.AlwaysRunExample" name="testcase1" time="0.000"/>
  <system-out/>
  <testcase classname="seleniumpoperties.AlwaysRunExample" name="testcase1" time="0.000"/>
  <system-out/>
  <testcase classname="seleniumpoperties.AlwaysRunExample" name="testcase1" time="0.000"/>
  <system-out/>
  <testcase classname="seleniumpoperties.AlwaysRunExample" name="testcase1" time="0.000"/>
  <system-out/>
  <testcase classname="seleniumpoperties.AlwaysRunExample" name="testcase1" time="0.000"/>
  <system-out/>
  <testcase classname="seleniumpoperties.AlwaysRunExample" name="testcase1" time="0.000"/>
  <system-out/>
  <testcase classname="seleniumpoperties.AlwaysRunExample" name="testcase1" time="0.000"/>
  <system-out/>
  <testcase classname="seleniumpoperties.AlwaysRunExample" name="testcase1" time="0.000"/>
  <system-out/>
  <testcase classname="seleniumpoperties.AlwaysRunExample" name="testcase1" time="0.002"/>
  <system-out/>
  <testcase classname="seleniumpoperties.AlwaysRunExample" name="testcase1" time="0.000"/>
  <system-out/>
  <testcase classname="seleniumpoperties.AlwaysRunExample" name="testcase1" time="0.001"/>
  <system-out/>
  <testcase classname="seleniumpoperties.AlwaysRunExample" name="testcase1" time="0.000"/>
  <system-out/>
  <testcase classname="seleniumpoperties.AlwaysRunExample" name="testcase1" time="0.000"/>
  <system-out/>
  <testcase classname="seleniumpoperties.AlwaysRunExample" name="testcase1" time="0.001"/>
  <system-out/>
  <testcase classname="seleniumpoperties.AlwaysRunExample" name="testcase1" time="0.000"/>
  <system-out/>
  <testcase classname="seleniumpoperties.AlwaysRunExample" name="testcase1" time="0.001"/>
  <system-out/>
  <testcase classname="seleniumpoperties.AlwaysRunExample" name="testcase1" time="0.000"/>
  <system-out/>
  <testcase classname="seleniumpoperties.AlwaysRunExample" name="testcase1" time="0.001"/>
  <system-out/>
  <testcase classname="seleniumpoperties.AlwaysRunExample" name="testcase1" time="0.000"/>
  <system-out/>
  <testcase classname="seleniumpoperties.AlwaysRunExample" name="testcase1" time="0.000"/>
  <system-out/>
  <testcase classname="seleniumpoperties.AlwaysRunExample" name="testcase1" time="0.000"/>
  <system-out/>
  <testcase classname="seleniumpoperties.AlwaysRunExample" name="testcase1" time="0.000"/>
  <system-out/>
  <testcase classname="seleniumpoperties.AlwaysRunExample" name="testcase1" time="0.001"/>
  <system-out/>
  <testcase classname="seleniumpoperties.AlwaysRunExample" name="testcase1" time="0.000"/>
  <system-out/>
  <testcase classname="seleniumpoperties.AlwaysRunExample" name="testcase1" time="0.000"/>
  <system-out/>
  <testcase classname="seleniumpoperties.AlwaysRunExample" name="testcase1" time="0.000"/>
  <system-out/>
  <testcase classname="seleniumpoperties.AlwaysRunExample" name="testcase1" time="0.001"/>
  <system-out/>
  <testcase classname="seleniumpoperties.AlwaysRunExample" name="testcase1" time="0.000"/>
  <system-out/>
  <testcase classname="seleniumpoperties.AlwaysRunExample" name="testcase1" time="0.000"/>
  <system-out/>
  <testcase classname="seleniumpoperties.AlwaysRunExample" name="testcase1" time="0.000"/>
  <system-out/>
  <testcase classname="seleniumpoperties.AlwaysRunExample" name="testcase1" time="0.000"/>
  <system-out/>
  <testcase classname="seleniumpoperties.AlwaysRunExample" name="testcase1" time="0.000"/>
  <system-out/>
  <testcase classname="seleniumpoperties.AlwaysRunExample" name="testcase1" time="0.000"/>
  <system-out/>
  <testcase classname="seleniumpoperties.AlwaysRunExample" name="testcase1" time="0.000"/>
  <system-out/>
  <testcase classname="seleniumpoperties.AlwaysRunExample" name="testcase1" time="0.000"/>
  <system-out/>
  <testcase classname="seleniumpoperties.AlwaysRunExample" name="testcase1" time="0.000"/>
  <system-out/>
  <testcase classname="seleniumpoperties.AlwaysRunExample" name="testcase1" time="0.001"/>
  <system-out/>
  <testcase classname="seleniumpoperties.AlwaysRunExample" name="testcase1" time="0.000"/>
  <system-out/>
  <testcase classname="seleniumpoperties.AlwaysRunExample" name="testcase1" time="0.000"/>
  <system-out/>
  <testcase classname="seleniumpoperties.AlwaysRunExample" name="testcase1" time="0.000"/>
  <system-out/>
  <testcase classname="seleniumpoperties.AlwaysRunExample" name="testcase1" time="0.000"/>
  <system-out/>
  <testcase classname="seleniumpoperties.AlwaysRunExample" name="testcase1" time="0.001"/>
  <system-out/>
  <testcase classname="seleniumpoperties.AlwaysRunExample" name="testcase1" time="0.000"/>
  <system-out/>
  <testcase classname="seleniumpoperties.AlwaysRunExample" name="testcase1" time="0.000"/>
  <system-out/>
  <testcase classname="seleniumpoperties.AlwaysRunExample" name="testcase1" time="0.000"/>
  <system-out/>
  <testcase classname="seleniumpoperties.AlwaysRunExample" name="testcase1" time="0.000"/>
  <system-out/>
  <testcase classname="seleniumpoperties.AlwaysRunExample" name="testcase1" time="0.000"/>
  <system-out/>
  <testcase classname="seleniumpoperties.AlwaysRunExample" name="testcase1" time="0.000"/>
  <system-out/>
  <testcase classname="seleniumpoperties.AlwaysRunExample" name="testcase1" time="0.000"/>
  <system-out/>
  <testcase classname="seleniumpoperties.AlwaysRunExample" name="testcase1" time="0.001"/>
  <system-out/>
  <testcase classname="seleniumpoperties.AlwaysRunExample" name="testcase1" time="0.000"/>
  <system-out/>
  <testcase classname="seleniumpoperties.AlwaysRunExample" name="testcase1" time="0.001"/>
  <system-out/>
  <testcase classname="seleniumpoperties.AlwaysRunExample" name="testcase1" time="0.000"/>
  <system-out/>
  <testcase classname="seleniumpoperties.AlwaysRunExample" name="testcase1" time="0.000"/>
  <system-out/>
  <testcase classname="seleniumpoperties.AlwaysRunExample" name="testcase1" time="0.000"/>
  <system-out/>
  <testcase classname="seleniumpoperties.AlwaysRunExample" name="testcase1" time="0.000"/>
  <system-out/>
  <testcase classname="seleniumpoperties.AlwaysRunExample" name="testcase1" time="0.004"/>
  <system-out/>
  <testcase classname="seleniumpoperties.AlwaysRunExample" name="testcase1" time="0.000"/>
  <system-out/>
  <testcase classname="seleniumpoperties.AlwaysRunExample" name="testcase1" time="0.001"/>
  <system-out/>
  <testcase classname="seleniumpoperties.AlwaysRunExample" name="testcase1" time="0.000"/>
  <system-out/>
  <testcase classname="seleniumpoperties.AlwaysRunExample" name="testcase1" time="0.000"/>
  <system-out/>
  <testcase classname="seleniumpoperties.AlwaysRunExample" name="testcase1" time="0.000"/>
  <system-out/>
  <testcase classname="seleniumpoperties.AlwaysRunExample" name="testcase1" time="0.001"/>
  <system-out/>
  <testcase classname="seleniumpoperties.AlwaysRunExample" name="testcase1" time="0.000"/>
  <system-out/>
  <testcase classname="seleniumpoperties.AlwaysRunExample" name="testcase1" time="0.001"/>
  <system-out/>
  <testcase classname="seleniumpoperties.AlwaysRunExample" name="testcase1" time="0.000"/>
  <system-out/>
  <testcase classname="seleniumpoperties.AlwaysRunExample" name="testcase1" time="0.000"/>
  <system-out/>
  <testcase classname="seleniumpoperties.AlwaysRunExample" name="testcase1" time="0.000"/>
  <system-out/>
  <testcase classname="seleniumpoperties.AlwaysRunExample" name="testcase1" time="0.001"/>
  <system-out/>
  <testcase classname="seleniumpoperties.AlwaysRunExample" name="testcase1" time="0.000"/>
  <system-out/>
  <testcase classname="seleniumpoperties.AlwaysRunExample" name="testcase1" time="0.000"/>
  <system-out/>
  <testcase classname="seleniumpoperties.AlwaysRunExample" name="testcase1" time="0.001"/>
  <system-out/>
  <testcase classname="seleniumpoperties.AlwaysRunExample" name="testcase1" time="0.000"/>
  <system-out/>
  <testcase classname="seleniumpoperties.AlwaysRunExample" name="testcase1" time="0.000"/>
  <system-out/>
  <testcase classname="seleniumpoperties.AlwaysRunExample" name="testcase1" time="0.000"/>
  <system-out/>
  <testcase classname="seleniumpoperties.AlwaysRunExample" name="testcase1" time="0.000"/>
  <system-out/>
  <testcase classname="seleniumpoperties.AlwaysRunExample" name="testcase1" time="0.000"/>
  <system-out/>
  <testcase classname="seleniumpoperties.AlwaysRunExample" name="testcase1" time="0.000"/>
  <system-out/>
  <testcase classname="seleniumpoperties.AlwaysRunExample" name="testcase1" time="0.000"/>
  <system-out/>
  <testcase classname="seleniumpoperties.AlwaysRunExample" name="testcase1" time="0.000"/>
  <system-out/>
  <testcase classname="seleniumpoperties.AlwaysRunExample" name="testcase1" time="0.000"/>
  <system-out/>
  <testcase classname="seleniumpoperties.AlwaysRunExample" name="testcase1" time="0.000"/>
  <system-out/>
  <testcase classname="seleniumpoperties.AlwaysRunExample" name="testcase1" time="0.001"/>
  <system-out/>
  <testcase classname="seleniumpoperties.AlwaysRunExample" name="testcase1" time="0.000"/>
  <system-out/>
  <testcase classname="seleniumpoperties.AlwaysRunExample" name="testcase1" time="0.001"/>
  <system-out/>
  <testcase classname="seleniumpoperties.AlwaysRunExample" name="testcase1" time="0.001"/>
  <system-out/>
  <testcase classname="seleniumpoperties.AlwaysRunExample" name="testcase1" time="0.000"/>
  <system-out/>
  <testcase classname="seleniumpoperties.AlwaysRunExample" name="testcase1" time="0.000"/>
  <system-out/>
  <testcase classname="seleniumpoperties.AlwaysRunExample" name="testcase1" time="0.000"/>
  <system-out/>
  <testcase classname="seleniumpoperties.AlwaysRunExample" name="testcase1" time="0.001"/>
  <system-out/>
  <testcase classname="seleniumpoperties.AlwaysRunExample" name="testcase1" time="0.000"/>
  <system-out/>
  <testcase classname="seleniumpoperties.AlwaysRunExample" name="testcase1" time="0.000"/>
  <system-out/>
  <testcase classname="seleniumpoperties.AlwaysRunExample" name="testcase1" time="0.000"/>
  <system-out/>
  <testcase classname="seleniumpoperties.AlwaysRunExample" name="testcase1" time="0.000"/>
  <system-out/>
  <testcase classname="seleniumpoperties.AlwaysRunExample" name="testcase1" time="0.001"/>
  <system-out/>
  <testcase classname="seleniumpoperties.AlwaysRunExample" name="testcase1" time="0.000"/>
  <system-out/>
  <testcase classname="seleniumpoperties.AlwaysRunExample" name="testcase1" time="0.000"/>
  <system-out/>
  <testcase classname="seleniumpoperties.AlwaysRunExample" name="testcase1" time="0.000"/>
  <system-out/>
  <testcase classname="seleniumpoperties.AlwaysRunExample" name="testcase1" time="0.000"/>
  <system-out/>
  <testcase classname="seleniumpoperties.AlwaysRunExample" name="testcase1" time="0.001"/>
  <system-out/>
  <testcase classname="seleniumpoperties.AlwaysRunExample" name="testcase1" time="0.000"/>
  <system-out/>
  <testcase classname="seleniumpoperties.AlwaysRunExample" name="testcase1" time="0.000"/>
  <system-out/>
  <testcase classname="seleniumpoperties.AlwaysRunExample" name="testcase1" time="0.000"/>
  <system-out/>
  <testcase classname="seleniumpoperties.AlwaysRunExample" name="testcase1" time="0.000"/>
  <system-out/>
  <testcase classname="seleniumpoperties.AlwaysRunExample" name="testcase1" time="0.000"/>
  <system-out/>
  <testcase classname="seleniumpoperties.AlwaysRunExample" name="testcase1" time="0.000"/>
  <system-out/>
  <testcase classname="seleniumpoperties.AlwaysRunExample" name="testcase1" time="0.001"/>
  <system-out/>
  <testcase classname="seleniumpoperties.AlwaysRunExample" name="testcase1" time="0.000"/>
  <system-out/>
  <testcase classname="seleniumpoperties.AlwaysRunExample" name="testcase1" time="0.000"/>
  <system-out/>
  <testcase classname="seleniumpoperties.AlwaysRunExample" name="testcase1" time="0.000"/>
  <system-out/>
  <testcase classname="seleniumpoperties.AlwaysRunExample" name="testcase1" time="0.000"/>
  <system-out/>
  <testcase classname="seleniumpoperties.AlwaysRunExample" name="testcase1" time="0.000"/>
  <system-out/>
  <testcase classname="seleniumpoperties.AlwaysRunExample" name="testcase1" time="0.001"/>
  <system-out/>
  <testcase classname="seleniumpoperties.AlwaysRunExample" name="testcase1" time="0.000"/>
  <system-out/>
  <testcase classname="seleniumpoperties.AlwaysRunExample" name="testcase1" time="0.000"/>
  <system-out/>
  <testcase classname="seleniumpoperties.AlwaysRunExample" name="testcase1" time="0.000"/>
  <system-out/>
  <testcase classname="seleniumpoperties.AlwaysRunExample" name="testcase1" time="0.000"/>
  <system-out/>
  <testcase classname="seleniumpoperties.AlwaysRunExample" name="testcase1" time="0.001"/>
  <system-out/>
  <testcase classname="seleniumpoperties.AlwaysRunExample" name="testcase1" time="0.000"/>
  <system-out/>
  <testcase classname="seleniumpoperties.AlwaysRunExample" name="testcase1" time="0.000"/>
  <system-out/>
  <testcase classname="seleniumpoperties.AlwaysRunExample" name="testcase1" time="0.000"/>
  <system-out/>
  <testcase classname="seleniumpoperties.AlwaysRunExample" name="testcase1" time="0.000"/>
  <system-out/>
  <testcase classname="seleniumpoperties.AlwaysRunExample" name="testcase1" time="0.000"/>
  <system-out/>
  <testcase classname="seleniumpoperties.AlwaysRunExample" name="testcase1" time="0.000"/>
  <system-out/>
  <testcase classname="seleniumpoperties.AlwaysRunExample" name="testcase1" time="0.000"/>
  <system-out/>
  <testcase classname="seleniumpoperties.AlwaysRunExample" name="testcase1" time="0.000"/>
  <system-out/>
  <testcase classname="seleniumpoperties.AlwaysRunExample" name="testcase1" time="0.000"/>
  <system-out/>
  <testcase classname="seleniumpoperties.AlwaysRunExample" name="testcase1" time="0.000"/>
  <system-out/>
  <testcase classname="seleniumpoperties.AlwaysRunExample" name="testcase1" time="0.000"/>
  <system-out/>
  <testcase classname="seleniumpoperties.AlwaysRunExample" name="testcase1" time="0.000"/>
  <system-out/>
  <testcase classname="seleniumpoperties.AlwaysRunExample" name="testcase1" time="0.000"/>
  <system-out/>
  <testcase classname="seleniumpoperties.AlwaysRunExample" name="testcase1" time="0.000"/>
  <system-out/>
  <testcase classname="seleniumpoperties.AlwaysRunExample" name="testcase1" time="0.000"/>
  <system-out/>
  <testcase classname="seleniumpoperties.AlwaysRunExample" name="testcase1" time="0.000"/>
  <system-out/>
  <testcase classname="seleniumpoperties.AlwaysRunExample" name="testcase1" time="0.001"/>
  <system-out/>
  <testcase classname="seleniumpoperties.AlwaysRunExample" name="testcase1" time="0.000"/>
  <system-out/>
  <testcase classname="seleniumpoperties.AlwaysRunExample" name="testcase1" time="0.000"/>
  <system-out/>
  <testcase classname="seleniumpoperties.AlwaysRunExample" name="testcase1" time="0.000"/>
  <system-out/>
  <testcase classname="seleniumpoperties.AlwaysRunExample" name="testcase1" time="0.001"/>
  <system-out/>
  <testcase classname="seleniumpoperties.AlwaysRunExample" name="testcase1" time="0.000"/>
  <system-out/>
  <testcase classname="seleniumpoperties.AlwaysRunExample" name="testcase1" time="0.001"/>
  <system-out/>
  <testcase classname="seleniumpoperties.AlwaysRunExample" name="testcase1" time="0.001"/>
  <system-out/>
  <testcase classname="seleniumpoperties.AlwaysRunExample" name="testcase1" time="0.000"/>
  <system-out/>
  <testcase classname="seleniumpoperties.AlwaysRunExample" name="testcase1" time="0.000"/>
  <system-out/>
  <testcase classname="seleniumpoperties.AlwaysRunExample" name="testcase1" time="0.000"/>
  <system-out/>
  <testcase classname="seleniumpoperties.AlwaysRunExample" name="testcase1" time="0.000"/>
  <system-out/>
  <testcase classname="seleniumpoperties.AlwaysRunExample" name="testcase1" time="0.000"/>
  <system-out/>
  <testcase classname="seleniumpoperties.AlwaysRunExample" name="testcase1" time="0.001"/>
  <system-out/>
  <testcase classname="seleniumpoperties.AlwaysRunExample" name="testcase1" time="0.000"/>
  <system-out/>
  <testcase classname="seleniumpoperties.AlwaysRunExample" name="testcase1" time="0.000"/>
  <system-out/>
  <testcase classname="seleniumpoperties.AlwaysRunExample" name="testcase1" time="0.000"/>
  <system-out/>
  <testcase classname="seleniumpoperties.AlwaysRunExample" name="testcase1" time="0.000"/>
  <system-out/>
  <testcase classname="seleniumpoperties.AlwaysRunExample" name="testcase1" time="0.000"/>
  <system-out/>
  <testcase classname="seleniumpoperties.AlwaysRunExample" name="testcase1" time="0.000"/>
  <system-out/>
  <testcase classname="seleniumpoperties.AlwaysRunExample" name="testcase1" time="0.001"/>
  <system-out/>
  <testcase classname="seleniumpoperties.AlwaysRunExample" name="testcase1" time="0.000"/>
  <system-out/>
  <testcase classname="seleniumpoperties.AlwaysRunExample" name="testcase1" time="0.001"/>
  <system-out/>
  <testcase classname="seleniumpoperties.AlwaysRunExample" name="testcase1" time="0.000"/>
  <system-out/>
  <testcase classname="seleniumpoperties.AlwaysRunExample" name="testcase1" time="0.000"/>
  <system-out/>
  <testcase classname="seleniumpoperties.AlwaysRunExample" name="testcase1" time="0.000"/>
  <system-out/>
  <testcase classname="seleniumpoperties.AlwaysRunExample" name="testcase1" time="0.000"/>
  <system-out/>
  <testcase classname="seleniumpoperties.AlwaysRunExample" name="testcase1" time="0.001"/>
  <system-out/>
  <testcase classname="seleniumpoperties.AlwaysRunExample" name="testcase1" time="0.000"/>
  <system-out/>
  <testcase classname="seleniumpoperties.AlwaysRunExample" name="testcase1" time="0.000"/>
  <system-out/>
  <testcase classname="seleniumpoperties.AlwaysRunExample" name="testcase1" time="0.000"/>
  <system-out/>
  <testcase classname="seleniumpoperties.AlwaysRunExample" name="testcase1" time="0.000"/>
  <system-out/>
  <testcase classname="seleniumpoperties.AlwaysRunExample" name="testcase1" time="0.000"/>
  <system-out/>
  <testcase classname="seleniumpoperties.AlwaysRunExample" name="testcase1" time="0.000"/>
  <system-out/>
  <testcase classname="seleniumpoperties.AlwaysRunExample" name="testcase1" time="0.000"/>
  <system-out/>
  <testcase classname="seleniumpoperties.AlwaysRunExample" name="testcase1" time="0.000"/>
  <system-out/>
  <testcase classname="seleniumpoperties.AlwaysRunExample" name="testcase1" time="0.000"/>
  <system-out/>
  <testcase classname="seleniumpoperties.AlwaysRunExample" name="testcase1" time="0.001"/>
  <system-out/>
  <testcase classname="seleniumpoperties.AlwaysRunExample" name="testcase1" time="0.000"/>
  <system-out/>
  <testcase classname="seleniumpoperties.AlwaysRunExample" name="testcase1" time="0.000"/>
  <system-out/>
  <testcase classname="seleniumpoperties.AlwaysRunExample" name="testcase1" time="0.000"/>
  <system-out/>
  <testcase classname="seleniumpoperties.AlwaysRunExample" name="testcase1" time="0.000"/>
  <system-out/>
  <testcase classname="seleniumpoperties.AlwaysRunExample" name="testcase1" time="0.000"/>
  <system-out/>
  <testcase classname="seleniumpoperties.AlwaysRunExample" name="testcase1" time="0.001"/>
  <system-out/>
  <testcase classname="seleniumpoperties.AlwaysRunExample" name="testcase1" time="0.000"/>
  <system-out/>
  <testcase classname="seleniumpoperties.AlwaysRunExample" name="testcase1" time="0.000"/>
  <system-out/>
  <testcase classname="seleniumpoperties.AlwaysRunExample" name="testcase1" time="0.000"/>
  <system-out/>
  <testcase classname="seleniumpoperties.AlwaysRunExample" name="testcase1" time="0.000"/>
  <system-out/>
  <testcase classname="seleniumpoperties.AlwaysRunExample" name="testcase1" time="0.000"/>
  <system-out/>
  <testcase classname="seleniumpoperties.AlwaysRunExample" name="testcase1" time="0.001"/>
  <system-out/>
  <testcase classname="seleniumpoperties.AlwaysRunExample" name="testcase1" time="0.000"/>
  <system-out/>
  <testcase classname="seleniumpoperties.AlwaysRunExample" name="testcase1" time="0.000"/>
  <system-out/>
  <testcase classname="seleniumpoperties.AlwaysRunExample" name="testcase1" time="0.000"/>
  <system-out/>
  <testcase classname="seleniumpoperties.AlwaysRunExample" name="testcase1" time="0.000"/>
  <system-out/>
  <testcase classname="seleniumpoperties.AlwaysRunExample" name="testcase1" time="0.000"/>
  <system-out/>
  <testcase classname="seleniumpoperties.AlwaysRunExample" name="testcase1" time="0.001"/>
  <system-out/>
  <testcase classname="seleniumpoperties.AlwaysRunExample" name="testcase1" time="0.000"/>
  <system-out/>
  <testcase classname="seleniumpoperties.AlwaysRunExample" name="testcase1" time="0.000"/>
  <system-out/>
  <testcase classname="seleniumpoperties.AlwaysRunExample" name="testcase1" time="0.000"/>
  <system-out/>
  <testcase classname="seleniumpoperties.AlwaysRunExample" name="testcase1" time="0.001"/>
  <system-out/>
  <testcase classname="seleniumpoperties.AlwaysRunExample" name="testcase1" time="0.000"/>
  <system-out/>
  <testcase classname="seleniumpoperties.AlwaysRunExample" name="testcase1" time="0.000"/>
  <system-out/>
  <testcase classname="seleniumpoperties.AlwaysRunExample" name="testcase1" time="0.001"/>
  <system-out/>
  <testcase classname="seleniumpoperties.AlwaysRunExample" name="testcase1" time="0.000"/>
  <system-out/>
  <testcase classname="seleniumpoperties.AlwaysRunExample" name="testcase1" time="0.000"/>
  <system-out/>
  <testcase classname="seleniumpoperties.AlwaysRunExample" name="testcase1" time="0.000"/>
  <system-out/>
  <testcase classname="seleniumpoperties.AlwaysRunExample" name="testcase1" time="0.000"/>
  <system-out/>
  <testcase classname="seleniumpoperties.AlwaysRunExample" name="testcase1" time="0.000"/>
  <system-out/>
  <testcase classname="seleniumpoperties.AlwaysRunExample" name="testcase1" time="0.000"/>
  <system-out/>
  <testcase classname="seleniumpoperties.AlwaysRunExample" name="testcase1" time="0.000"/>
  <system-out/>
  <testcase classname="seleniumpoperties.AlwaysRunExample" name="testcase1" time="0.001"/>
  <system-out/>
  <testcase classname="seleniumpoperties.AlwaysRunExample" name="testcase1" time="0.000"/>
  <system-out/>
  <testcase classname="seleniumpoperties.AlwaysRunExample" name="testcase1" time="0.000"/>
  <system-out/>
  <testcase classname="seleniumpoperties.AlwaysRunExample" name="testcase1" time="0.000"/>
  <system-out/>
  <testcase classname="seleniumpoperties.AlwaysRunExample" name="testcase1" time="0.000"/>
  <system-out/>
  <testcase classname="seleniumpoperties.AlwaysRunExample" name="testcase1" time="0.000"/>
  <system-out/>
  <testcase classname="seleniumpoperties.AlwaysRunExample" name="testcase1" time="0.000"/>
  <system-out/>
  <testcase classname="seleniumpoperties.AlwaysRunExample" name="testcase1" time="0.000"/>
  <system-out/>
  <testcase classname="seleniumpoperties.AlwaysRunExample" name="testcase1" time="0.000"/>
  <system-out/>
  <testcase classname="seleniumpoperties.AlwaysRunExample" name="testcase1" time="0.000"/>
  <system-out/>
  <testcase classname="seleniumpoperties.AlwaysRunExample" name="testcase1" time="0.000"/>
  <system-out/>
  <testcase classname="seleniumpoperties.AlwaysRunExample" name="testcase1" time="0.001"/>
  <system-out/>
  <testcase classname="seleniumpoperties.AlwaysRunExample" name="testcase1" time="0.000"/>
  <system-out/>
  <testcase classname="seleniumpoperties.AlwaysRunExample" name="testcase1" time="0.000"/>
  <system-out/>
  <testcase classname="seleniumpoperties.AlwaysRunExample" name="testcase1" time="0.001"/>
  <system-out/>
  <testcase classname="seleniumpoperties.AlwaysRunExample" name="testcase1" time="0.000"/>
  <system-out/>
  <testcase classname="seleniumpoperties.AlwaysRunExample" name="testcase1" time="0.001"/>
  <system-out/>
  <testcase classname="seleniumpoperties.AlwaysRunExample" name="testcase1" time="0.000"/>
  <system-out/>
  <testcase classname="seleniumpoperties.AlwaysRunExample" name="testcase1" time="0.001"/>
  <system-out/>
  <testcase classname="seleniumpoperties.AlwaysRunExample" name="testcase1" time="0.000"/>
  <system-out/>
  <testcase classname="seleniumpoperties.AlwaysRunExample" name="testcase1" time="0.000"/>
  <system-out/>
  <testcase classname="seleniumpoperties.AlwaysRunExample" name="testcase1" time="0.001"/>
  <system-out/>
  <testcase classname="seleniumpoperties.AlwaysRunExample" name="testcase1" time="0.000"/>
  <system-out/>
  <testcase classname="seleniumpoperties.AlwaysRunExample" name="testcase1" time="0.000"/>
  <system-out/>
  <testcase classname="seleniumpoperties.AlwaysRunExample" name="testcase1" time="0.000"/>
  <system-out/>
  <testcase classname="seleniumpoperties.AlwaysRunExample" name="testcase1" time="0.004"/>
  <system-out/>
  <testcase classname="seleniumpoperties.AlwaysRunExample" name="testcase1" time="0.000"/>
  <system-out/>
  <testcase classname="seleniumpoperties.AlwaysRunExample" name="testcase1" time="0.001"/>
  <system-out/>
  <testcase classname="seleniumpoperties.AlwaysRunExample" name="testcase1" time="0.000"/>
  <system-out/>
  <testcase classname="seleniumpoperties.AlwaysRunExample" name="testcase1" time="0.000"/>
  <system-out/>
  <testcase classname="seleniumpoperties.AlwaysRunExample" name="testcase1" time="0.001"/>
  <system-out/>
  <testcase classname="seleniumpoperties.AlwaysRunExample" name="testcase1" time="0.000"/>
  <system-out/>
  <testcase classname="seleniumpoperties.AlwaysRunExample" name="testcase1" time="0.000"/>
  <system-out/>
  <testcase classname="seleniumpoperties.AlwaysRunExample" name="testcase1" time="0.000"/>
  <system-out/>
  <testcase classname="seleniumpoperties.AlwaysRunExample" name="testcase1" time="0.000"/>
  <system-out/>
  <testcase classname="seleniumpoperties.AlwaysRunExample" name="testcase1" time="0.000"/>
  <system-out/>
  <testcase classname="seleniumpoperties.AlwaysRunExample" name="testcase1" time="0.000"/>
  <system-out/>
  <testcase classname="seleniumpoperties.AlwaysRunExample" name="testcase1" time="0.001"/>
  <system-out/>
  <testcase classname="seleniumpoperties.AlwaysRunExample" name="testcase1" time="0.000"/>
  <system-out/>
  <testcase classname="seleniumpoperties.AlwaysRunExample" name="testcase1" time="0.000"/>
  <system-out/>
  <testcase classname="seleniumpoperties.AlwaysRunExample" name="testcase1" time="0.000"/>
  <system-out/>
  <testcase classname="seleniumpoperties.AlwaysRunExample" name="testcase1" time="0.001"/>
  <system-out/>
  <testcase classname="seleniumpoperties.AlwaysRunExample" name="testcase1" time="0.000"/>
  <system-out/>
  <testcase classname="seleniumpoperties.AlwaysRunExample" name="testcase1" time="0.001"/>
  <system-out/>
  <testcase classname="seleniumpoperties.AlwaysRunExample" name="testcase1" time="0.000"/>
  <system-out/>
  <testcase classname="seleniumpoperties.AlwaysRunExample" name="testcase1" time="0.000"/>
  <system-out/>
  <testcase classname="seleniumpoperties.AlwaysRunExample" name="testcase1" time="0.000"/>
  <system-out/>
  <testcase classname="seleniumpoperties.AlwaysRunExample" name="testcase1" time="0.001"/>
  <system-out/>
  <testcase classname="seleniumpoperties.AlwaysRunExample" name="testcase1" time="0.000"/>
  <system-out/>
  <testcase classname="seleniumpoperties.AlwaysRunExample" name="testcase1" time="0.000"/>
  <system-out/>
  <testcase classname="seleniumpoperties.AlwaysRunExample" name="testcase1" time="0.000"/>
  <system-out/>
  <testcase classname="seleniumpoperties.AlwaysRunExample" name="testcase1" time="0.000"/>
  <system-out/>
  <testcase classname="seleniumpoperties.AlwaysRunExample" name="testcase1" time="0.000"/>
  <system-out/>
  <testcase classname="seleniumpoperties.AlwaysRunExample" name="testcase1" time="0.001"/>
  <system-out/>
  <testcase classname="seleniumpoperties.AlwaysRunExample" name="testcase1" time="0.000"/>
  <system-out/>
  <testcase classname="seleniumpoperties.AlwaysRunExample" name="testcase1" time="0.000"/>
  <system-out/>
  <testcase classname="seleniumpoperties.AlwaysRunExample" name="testcase1" time="0.000"/>
  <system-out/>
  <testcase classname="seleniumpoperties.AlwaysRunExample" name="testcase1" time="0.000"/>
  <system-out/>
  <testcase classname="seleniumpoperties.AlwaysRunExample" name="testcase1" time="0.001"/>
  <system-out/>
  <testcase classname="seleniumpoperties.AlwaysRunExample" name="testcase1" time="0.001"/>
  <system-out/>
  <testcase classname="seleniumpoperties.AlwaysRunExample" name="testcase1" time="0.000"/>
  <system-out/>
  <testcase classname="seleniumpoperties.AlwaysRunExample" name="testcase1" time="0.000"/>
  <system-out/>
  <testcase classname="seleniumpoperties.AlwaysRunExample" name="testcase1" time="0.000"/>
  <system-out/>
  <testcase classname="seleniumpoperties.AlwaysRunExample" name="testcase1" time="0.000"/>
  <system-out/>
  <testcase classname="seleniumpoperties.AlwaysRunExample" name="testcase1" time="0.000"/>
  <system-out/>
  <testcase classname="seleniumpoperties.AlwaysRunExample" name="testcase1" time="0.000"/>
  <system-out/>
  <testcase classname="seleniumpoperties.AlwaysRunExample" name="testcase1" time="0.000"/>
  <system-out/>
  <testcase classname="seleniumpoperties.AlwaysRunExample" name="testcase1" time="0.000"/>
  <system-out/>
  <testcase classname="seleniumpoperties.AlwaysRunExample" name="testcase1" time="0.000"/>
  <system-out/>
  <testcase classname="seleniumpoperties.AlwaysRunExample" name="testcase1" time="0.000"/>
  <system-out/>
  <testcase classname="seleniumpoperties.AlwaysRunExample" name="testcase1" time="0.000"/>
  <system-out/>
  <testcase classname="seleniumpoperties.AlwaysRunExample" name="testcase1" time="0.000"/>
  <system-out/>
  <testcase classname="seleniumpoperties.AlwaysRunExample" name="testcase1" time="0.001"/>
  <system-out/>
  <testcase classname="seleniumpoperties.AlwaysRunExample" name="testcase1" time="0.001"/>
  <system-out/>
  <testcase classname="seleniumpoperties.AlwaysRunExample" name="testcase1" time="0.000"/>
  <system-out/>
  <testcase classname="seleniumpoperties.AlwaysRunExample" name="testcase1" time="0.000"/>
  <system-out/>
  <testcase classname="seleniumpoperties.AlwaysRunExample" name="testcase1" time="0.001"/>
  <system-out/>
  <testcase classname="seleniumpoperties.AlwaysRunExample" name="testcase1" time="0.000"/>
  <system-out/>
  <testcase classname="seleniumpoperties.AlwaysRunExample" name="testcase1" time="0.000"/>
  <system-out/>
  <testcase classname="seleniumpoperties.AlwaysRunExample" name="testcase1" time="0.001"/>
  <system-out/>
  <testcase classname="seleniumpoperties.AlwaysRunExample" name="testcase1" time="0.001"/>
  <system-out/>
  <testcase classname="seleniumpoperties.AlwaysRunExample" name="testcase1" time="0.000"/>
  <system-out/>
  <testcase classname="seleniumpoperties.AlwaysRunExample" name="testcase1" time="0.001"/>
  <system-out/>
  <testcase classname="seleniumpoperties.AlwaysRunExample" name="testcase1" time="0.000"/>
  <system-out/>
  <testcase classname="seleniumpoperties.AlwaysRunExample" name="testcase1" time="0.000"/>
  <system-out/>
  <testcase classname="seleniumpoperties.AlwaysRunExample" name="testcase1" time="0.058"/>
  <system-out/>
  <testcase classname="seleniumpoperties.AlwaysRunExample" name="testcase1" time="0.001"/>
  <system-out/>
  <testcase classname="seleniumpoperties.AlwaysRunExample" name="testcase1" time="0.000"/>
  <system-out/>
  <testcase classname="seleniumpoperties.AlwaysRunExample" name="testcase1" time="0.000"/>
  <system-out/>
  <testcase classname="seleniumpoperties.AlwaysRunExample" name="testcase1" time="0.000"/>
  <system-out/>
  <testcase classname="seleniumpoperties.AlwaysRunExample" name="testcase1" time="0.001"/>
  <system-out/>
  <testcase classname="seleniumpoperties.AlwaysRunExample" name="testcase1" time="0.000"/>
  <system-out/>
  <testcase classname="seleniumpoperties.AlwaysRunExample" name="testcase1" time="0.000"/>
  <system-out/>
  <testcase classname="seleniumpoperties.AlwaysRunExample" name="testcase1" time="0.000"/>
  <system-out/>
  <testcase classname="seleniumpoperties.AlwaysRunExample" name="testcase1" time="0.000"/>
  <system-out/>
  <testcase classname="seleniumpoperties.AlwaysRunExample" name="testcase1" time="0.000"/>
  <system-out/>
  <testcase classname="seleniumpoperties.AlwaysRunExample" name="testcase1" time="0.000"/>
  <system-out/>
  <testcase classname="seleniumpoperties.AlwaysRunExample" name="testcase1" time="0.000"/>
  <system-out/>
  <testcase classname="seleniumpoperties.AlwaysRunExample" name="testcase1" time="0.002"/>
  <system-out/>
  <testcase classname="seleniumpoperties.AlwaysRunExample" name="testcase1" time="0.000"/>
  <system-out/>
  <testcase classname="seleniumpoperties.AlwaysRunExample" name="testcase1" time="0.000"/>
  <system-out/>
  <testcase classname="seleniumpoperties.AlwaysRunExample" name="testcase1" time="0.000"/>
  <system-out/>
  <testcase classname="seleniumpoperties.AlwaysRunExample" name="testcase1" time="0.000"/>
  <system-out/>
  <testcase classname="seleniumpoperties.AlwaysRunExample" name="testcase1" time="0.000"/>
  <system-out/>
  <testcase classname="seleniumpoperties.AlwaysRunExample" name="testcase1" time="0.000"/>
  <system-out/>
  <testcase classname="seleniumpoperties.AlwaysRunExample" name="testcase1" time="0.000"/>
  <system-out/>
  <testcase classname="seleniumpoperties.AlwaysRunExample" name="testcase1" time="0.000"/>
  <system-out/>
  <testcase classname="seleniumpoperties.AlwaysRunExample" name="testcase1" time="0.000"/>
  <system-out/>
  <testcase classname="seleniumpoperties.AlwaysRunExample" name="testcase1" time="0.000"/>
  <system-out/>
  <testcase classname="seleniumpoperties.AlwaysRunExample" name="testcase1" time="0.000"/>
  <system-out/>
  <testcase classname="seleniumpoperties.AlwaysRunExample" name="testcase1" time="0.001"/>
  <system-out/>
  <testcase classname="seleniumpoperties.AlwaysRunExample" name="testcase1" time="0.000"/>
  <system-out/>
  <testcase classname="seleniumpoperties.AlwaysRunExample" name="testcase1" time="0.000"/>
  <system-out/>
  <testcase classname="seleniumpoperties.AlwaysRunExample" name="testcase1" time="0.000"/>
  <system-out/>
  <testcase classname="seleniumpoperties.AlwaysRunExample" name="testcase1" time="0.000"/>
  <system-out/>
  <testcase classname="seleniumpoperties.AlwaysRunExample" name="testcase1" time="0.001"/>
  <system-out/>
  <testcase classname="seleniumpoperties.AlwaysRunExample" name="testcase1" time="0.000"/>
  <system-out/>
  <testcase classname="seleniumpoperties.AlwaysRunExample" name="testcase1" time="0.000"/>
  <system-out/>
  <testcase classname="seleniumpoperties.AlwaysRunExample" name="testcase1" time="0.000"/>
  <system-out/>
  <testcase classname="seleniumpoperties.AlwaysRunExample" name="testcase1" time="0.000"/>
  <system-out/>
  <testcase classname="seleniumpoperties.AlwaysRunExample" name="testcase1" time="0.000"/>
  <system-out/>
  <testcase classname="seleniumpoperties.AlwaysRunExample" name="testcase1" time="0.000"/>
  <system-out/>
  <testcase classname="seleniumpoperties.AlwaysRunExample" name="testcase1" time="0.000"/>
  <system-out/>
  <testcase classname="seleniumpoperties.AlwaysRunExample" name="testcase1" time="0.000"/>
  <system-out/>
  <testcase classname="seleniumpoperties.AlwaysRunExample" name="testcase1" time="0.000"/>
  <system-out/>
  <testcase classname="seleniumpoperties.AlwaysRunExample" name="testcase1" time="0.001"/>
  <system-out/>
  <testcase classname="seleniumpoperties.AlwaysRunExample" name="testcase1" time="0.000"/>
  <system-out/>
  <testcase classname="seleniumpoperties.AlwaysRunExample" name="testcase1" time="0.000"/>
  <system-out/>
  <testcase classname="seleniumpoperties.AlwaysRunExample" name="testcase1" time="0.001"/>
  <system-out/>
  <testcase classname="seleniumpoperties.AlwaysRunExample" name="testcase1" time="0.000"/>
  <system-out/>
  <testcase classname="seleniumpoperties.AlwaysRunExample" name="testcase1" time="0.000"/>
  <system-out/>
  <testcase classname="seleniumpoperties.AlwaysRunExample" name="testcase1" time="0.001"/>
  <system-out/>
  <testcase classname="seleniumpoperties.AlwaysRunExample" name="testcase1" time="0.001"/>
  <system-out/>
  <testcase classname="seleniumpoperties.AlwaysRunExample" name="testcase1" time="0.000"/>
  <system-out/>
  <testcase classname="seleniumpoperties.AlwaysRunExample" name="testcase1" time="0.000"/>
  <system-out/>
  <testcase classname="seleniumpoperties.AlwaysRunExample" name="testcase1" time="0.000"/>
  <system-out/>
  <testcase classname="seleniumpoperties.AlwaysRunExample" name="testcase1" time="0.000"/>
  <system-out/>
  <testcase classname="seleniumpoperties.AlwaysRunExample" name="testcase1" time="0.006"/>
  <system-out/>
  <testcase classname="seleniumpoperties.AlwaysRunExample" name="testcase1" time="0.000"/>
  <system-out/>
  <testcase classname="seleniumpoperties.AlwaysRunExample" name="testcase1" time="0.000"/>
  <system-out/>
  <testcase classname="seleniumpoperties.AlwaysRunExample" name="testcase1" time="0.001"/>
  <system-out/>
  <testcase classname="seleniumpoperties.AlwaysRunExample" name="testcase1" time="0.001"/>
  <system-out/>
  <testcase classname="seleniumpoperties.AlwaysRunExample" name="testcase1" time="0.000"/>
  <system-out/>
  <testcase classname="seleniumpoperties.AlwaysRunExample" name="testcase1" time="0.000"/>
  <system-out/>
  <testcase classname="seleniumpoperties.AlwaysRunExample" name="testcase1" time="0.000"/>
  <system-out/>
  <testcase classname="seleniumpoperties.AlwaysRunExample" name="testcase1" time="0.000"/>
  <system-out/>
  <testcase classname="seleniumpoperties.AlwaysRunExample" name="testcase1" time="0.000"/>
  <system-out/>
  <testcase classname="seleniumpoperties.AlwaysRunExample" name="testcase1" time="0.000"/>
  <system-out/>
  <testcase classname="seleniumpoperties.AlwaysRunExample" name="testcase1" time="0.000"/>
  <system-out/>
  <testcase classname="seleniumpoperties.AlwaysRunExample" name="testcase1" time="0.000"/>
  <system-out/>
  <testcase classname="seleniumpoperties.AlwaysRunExample" name="testcase1" time="0.000"/>
  <system-out/>
  <testcase classname="seleniumpoperties.AlwaysRunExample" name="testcase1" time="0.000"/>
  <system-out/>
  <testcase classname="seleniumpoperties.AlwaysRunExample" name="testcase1" time="0.000"/>
  <system-out/>
  <testcase classname="seleniumpoperties.AlwaysRunExample" name="testcase1" time="0.001"/>
  <system-out/>
  <testcase classname="seleniumpoperties.AlwaysRunExample" name="testcase1" time="0.000"/>
  <system-out/>
  <testcase classname="seleniumpoperties.AlwaysRunExample" name="testcase1" time="0.000"/>
  <system-out/>
  <testcase classname="seleniumpoperties.AlwaysRunExample" name="testcase1" time="0.001"/>
  <system-out/>
  <testcase classname="seleniumpoperties.AlwaysRunExample" name="testcase1" time="0.000"/>
  <system-out/>
  <testcase classname="seleniumpoperties.AlwaysRunExample" name="testcase1" time="0.000"/>
  <system-out/>
  <testcase classname="seleniumpoperties.AlwaysRunExample" name="testcase1" time="0.000"/>
  <system-out/>
  <testcase classname="seleniumpoperties.AlwaysRunExample" name="testcase1" time="0.000"/>
  <system-out/>
  <testcase classname="seleniumpoperties.AlwaysRunExample" name="testcase1" time="0.000"/>
  <system-out/>
  <testcase classname="seleniumpoperties.AlwaysRunExample" name="testcase1" time="0.000"/>
  <system-out/>
  <testcase classname="seleniumpoperties.AlwaysRunExample" name="testcase1" time="0.000"/>
  <system-out/>
  <testcase classname="seleniumpoperties.AlwaysRunExample" name="testcase1" time="0.000"/>
  <system-out/>
  <testcase classname="seleniumpoperties.AlwaysRunExample" name="testcase1" time="0.000"/>
  <system-out/>
  <testcase classname="seleniumpoperties.AlwaysRunExample" name="testcase1" time="0.000"/>
  <system-out/>
  <testcase classname="seleniumpoperties.AlwaysRunExample" name="testcase1" time="0.000"/>
  <system-out/>
  <testcase classname="seleniumpoperties.AlwaysRunExample" name="testcase1" time="0.000"/>
  <system-out/>
  <testcase classname="seleniumpoperties.AlwaysRunExample" name="testcase1" time="0.000"/>
  <system-out/>
  <testcase classname="seleniumpoperties.AlwaysRunExample" name="testcase1" time="0.001"/>
  <system-out/>
  <testcase classname="seleniumpoperties.AlwaysRunExample" name="testcase1" time="0.000"/>
  <system-out/>
  <testcase classname="seleniumpoperties.AlwaysRunExample" name="testcase1" time="0.000"/>
  <system-out/>
  <testcase classname="seleniumpoperties.AlwaysRunExample" name="testcase1" time="0.000"/>
  <system-out/>
  <testcase classname="seleniumpoperties.AlwaysRunExample" name="testcase1" time="0.000"/>
  <system-out/>
  <testcase classname="seleniumpoperties.AlwaysRunExample" name="testcase1" time="0.000"/>
  <system-out/>
  <testcase classname="seleniumpoperties.AlwaysRunExample" name="testcase1" time="0.000"/>
  <system-out/>
  <testcase classname="seleniumpoperties.AlwaysRunExample" name="testcase1" time="0.000"/>
  <system-out/>
  <testcase classname="seleniumpoperties.AlwaysRunExample" name="testcase1" time="0.000"/>
  <system-out/>
  <testcase classname="seleniumpoperties.AlwaysRunExample" name="testcase1" time="0.000"/>
  <system-out/>
  <testcase classname="seleniumpoperties.AlwaysRunExample" name="testcase1" time="0.000"/>
  <system-out/>
  <testcase classname="seleniumpoperties.AlwaysRunExample" name="testcase1" time="0.000"/>
  <system-out/>
  <testcase classname="seleniumpoperties.AlwaysRunExample" name="testcase1" time="0.000"/>
  <system-out/>
  <testcase classname="seleniumpoperties.AlwaysRunExample" name="testcase1" time="0.000"/>
  <system-out/>
  <testcase classname="seleniumpoperties.AlwaysRunExample" name="testcase1" time="0.000"/>
  <system-out/>
  <testcase classname="seleniumpoperties.AlwaysRunExample" name="testcase1" time="0.002"/>
  <system-out/>
  <testcase classname="seleniumpoperties.AlwaysRunExample" name="testcase1" time="0.001"/>
  <system-out/>
  <testcase classname="seleniumpoperties.AlwaysRunExample" name="testcase1" time="0.000"/>
  <system-out/>
  <testcase classname="seleniumpoperties.AlwaysRunExample" name="testcase1" time="0.000"/>
  <system-out/>
  <testcase classname="seleniumpoperties.AlwaysRunExample" name="testcase1" time="0.001"/>
  <system-out/>
  <testcase classname="seleniumpoperties.AlwaysRunExample" name="testcase1" time="0.000"/>
  <system-out/>
  <testcase classname="seleniumpoperties.AlwaysRunExample" name="testcase1" time="0.000"/>
  <system-out/>
  <testcase classname="seleniumpoperties.AlwaysRunExample" name="testcase1" time="0.000"/>
  <system-out/>
  <testcase classname="seleniumpoperties.AlwaysRunExample" name="testcase1" time="0.000"/>
  <system-out/>
  <testcase classname="seleniumpoperties.AlwaysRunExample" name="testcase1" time="0.000"/>
  <system-out/>
  <testcase classname="seleniumpoperties.AlwaysRunExample" name="testcase1" time="0.000"/>
  <system-out/>
  <testcase classname="seleniumpoperties.AlwaysRunExample" name="testcase1" time="0.000"/>
  <system-out/>
  <testcase classname="seleniumpoperties.AlwaysRunExample" name="testcase1" time="0.000"/>
  <system-out/>
  <testcase classname="seleniumpoperties.AlwaysRunExample" name="testcase1" time="0.000"/>
  <system-out/>
  <testcase classname="seleniumpoperties.AlwaysRunExample" name="testcase1" time="0.000"/>
  <system-out/>
  <testcase classname="seleniumpoperties.AlwaysRunExample" name="testcase1" time="0.000"/>
  <system-out/>
  <testcase classname="seleniumpoperties.AlwaysRunExample" name="testcase1" time="0.000"/>
  <system-out/>
  <testcase classname="seleniumpoperties.AlwaysRunExample" name="testcase1" time="0.000"/>
  <system-out/>
  <testcase classname="seleniumpoperties.AlwaysRunExample" name="testcase1" time="0.000"/>
  <system-out/>
  <testcase classname="seleniumpoperties.AlwaysRunExample" name="testcase1" time="0.000"/>
  <system-out/>
  <testcase classname="seleniumpoperties.AlwaysRunExample" name="testcase1" time="0.000"/>
  <system-out/>
  <testcase classname="seleniumpoperties.AlwaysRunExample" name="testcase1" time="0.000"/>
  <system-out/>
  <testcase classname="seleniumpoperties.AlwaysRunExample" name="testcase1" time="0.001"/>
  <system-out/>
  <testcase classname="seleniumpoperties.AlwaysRunExample" name="testcase1" time="0.000"/>
  <system-out/>
  <testcase classname="seleniumpoperties.AlwaysRunExample" name="testcase1" time="0.000"/>
  <system-out/>
  <testcase classname="seleniumpoperties.AlwaysRunExample" name="testcase1" time="0.000"/>
  <system-out/>
  <testcase classname="seleniumpoperties.AlwaysRunExample" name="testcase1" time="0.000"/>
  <system-out/>
  <testcase classname="seleniumpoperties.AlwaysRunExample" name="testcase1" time="0.000"/>
  <system-out/>
  <testcase classname="seleniumpoperties.AlwaysRunExample" name="testcase1" time="0.000"/>
  <system-out/>
  <testcase classname="seleniumpoperties.AlwaysRunExample" name="testcase1" time="0.000"/>
  <system-out/>
  <testcase classname="seleniumpoperties.AlwaysRunExample" name="testcase1" time="0.000"/>
  <system-out/>
  <testcase classname="seleniumpoperties.AlwaysRunExample" name="testcase1" time="0.000"/>
  <system-out/>
  <testcase classname="seleniumpoperties.AlwaysRunExample" name="testcase1" time="0.000"/>
  <system-out/>
  <testcase classname="seleniumpoperties.AlwaysRunExample" name="testcase1" time="0.000"/>
  <system-out/>
  <testcase classname="seleniumpoperties.AlwaysRunExample" name="testcase1" time="0.000"/>
  <system-out/>
  <testcase classname="seleniumpoperties.AlwaysRunExample" name="testcase1" time="0.000"/>
  <system-out/>
  <testcase classname="seleniumpoperties.AlwaysRunExample" name="testcase1" time="0.000"/>
  <system-out/>
  <testcase classname="seleniumpoperties.AlwaysRunExample" name="testcase1" time="0.000"/>
  <system-out/>
  <testcase classname="seleniumpoperties.AlwaysRunExample" name="testcase1" time="0.000"/>
  <system-out/>
  <testcase classname="seleniumpoperties.AlwaysRunExample" name="testcase1" time="0.000"/>
  <system-out/>
  <testcase classname="seleniumpoperties.AlwaysRunExample" name="testcase1" time="0.000"/>
  <system-out/>
  <testcase classname="seleniumpoperties.AlwaysRunExample" name="testcase1" time="0.000"/>
  <system-out/>
  <testcase classname="seleniumpoperties.AlwaysRunExample" name="testcase1" time="0.000"/>
  <system-out/>
  <testcase classname="seleniumpoperties.AlwaysRunExample" name="testcase1" time="0.000"/>
  <system-out/>
  <testcase classname="seleniumpoperties.AlwaysRunExample" name="testcase1" time="0.001"/>
  <system-out/>
  <testcase classname="seleniumpoperties.AlwaysRunExample" name="testcase1" time="0.000"/>
  <system-out/>
  <testcase classname="seleniumpoperties.AlwaysRunExample" name="testcase1" time="0.000"/>
  <system-out/>
  <testcase classname="seleniumpoperties.AlwaysRunExample" name="testcase1" time="0.001"/>
  <system-out/>
  <testcase classname="seleniumpoperties.AlwaysRunExample" name="testcase1" time="0.000"/>
  <system-out/>
  <testcase classname="seleniumpoperties.AlwaysRunExample" name="testcase1" time="0.000"/>
  <system-out/>
  <testcase classname="seleniumpoperties.AlwaysRunExample" name="testcase1" time="0.000"/>
  <system-out/>
  <testcase classname="seleniumpoperties.AlwaysRunExample" name="testcase1" time="0.001"/>
  <system-out/>
  <testcase classname="seleniumpoperties.AlwaysRunExample" name="testcase1" time="0.000"/>
  <system-out/>
  <testcase classname="seleniumpoperties.AlwaysRunExample" name="testcase1" time="0.000"/>
  <system-out/>
  <testcase classname="seleniumpoperties.AlwaysRunExample" name="testcase1" time="0.000"/>
  <system-out/>
  <testcase classname="seleniumpoperties.AlwaysRunExample" name="testcase1" time="0.000"/>
  <system-out/>
  <testcase classname="seleniumpoperties.AlwaysRunExample" name="testcase1" time="0.000"/>
  <system-out/>
  <testcase classname="seleniumpoperties.AlwaysRunExample" name="testcase1" time="0.000"/>
  <system-out/>
  <testcase classname="seleniumpoperties.AlwaysRunExample" name="testcase1" time="0.000"/>
  <system-out/>
  <testcase classname="seleniumpoperties.AlwaysRunExample" name="testcase1" time="0.000"/>
  <system-out/>
  <testcase classname="seleniumpoperties.AlwaysRunExample" name="testcase1" time="0.000"/>
  <system-out/>
  <testcase classname="seleniumpoperties.AlwaysRunExample" name="testcase1" time="0.000"/>
  <system-out/>
  <testcase classname="seleniumpoperties.AlwaysRunExample" name="testcase1" time="0.000"/>
  <system-out/>
  <testcase classname="seleniumpoperties.AlwaysRunExample" name="testcase1" time="0.000"/>
  <system-out/>
  <testcase classname="seleniumpoperties.AlwaysRunExample" name="testcase1" time="0.000"/>
  <system-out/>
  <testcase classname="seleniumpoperties.AlwaysRunExample" name="testcase1" time="0.000"/>
  <system-out/>
  <testcase classname="seleniumpoperties.AlwaysRunExample" name="testcase1" time="0.000"/>
  <system-out/>
  <testcase classname="seleniumpoperties.AlwaysRunExample" name="testcase1" time="0.000"/>
  <system-out/>
  <testcase classname="seleniumpoperties.AlwaysRunExample" name="testcase1" time="0.000"/>
  <system-out/>
  <testcase classname="seleniumpoperties.AlwaysRunExample" name="testcase1" time="0.000"/>
  <system-out/>
  <testcase classname="seleniumpoperties.AlwaysRunExample" name="testcase1" time="0.000"/>
  <system-out/>
  <testcase classname="seleniumpoperties.AlwaysRunExample" name="testcase1" time="0.000"/>
  <system-out/>
  <testcase classname="seleniumpoperties.AlwaysRunExample" name="testcase1" time="0.000"/>
  <system-out/>
  <testcase classname="seleniumpoperties.AlwaysRunExample" name="testcase1" time="0.000"/>
  <system-out/>
  <testcase classname="seleniumpoperties.AlwaysRunExample" name="testcase1" time="0.001"/>
  <system-out/>
  <testcase classname="seleniumpoperties.AlwaysRunExample" name="testcase1" time="0.383"/>
  <system-out/>
  <testcase classname="seleniumpoperties.AlwaysRunExample" name="testcase1" time="0.000"/>
  <system-out/>
  <testcase classname="seleniumpoperties.AlwaysRunExample" name="testcase1" time="0.001"/>
  <system-out/>
  <testcase classname="seleniumpoperties.AlwaysRunExample" name="testcase1" time="0.000"/>
  <system-out/>
  <testcase classname="seleniumpoperties.AlwaysRunExample" name="testcase1" time="0.000"/>
  <system-out/>
  <testcase classname="seleniumpoperties.AlwaysRunExample" name="testcase1" time="0.000"/>
  <system-out/>
  <testcase classname="seleniumpoperties.AlwaysRunExample" name="testcase1" time="0.000"/>
  <system-out/>
  <testcase classname="seleniumpoperties.AlwaysRunExample" name="testcase1" time="0.000"/>
  <system-out/>
  <testcase classname="seleniumpoperties.AlwaysRunExample" name="testcase1" time="0.000"/>
  <system-out/>
  <testcase classname="seleniumpoperties.AlwaysRunExample" name="testcase1" time="0.001"/>
  <system-out/>
  <testcase classname="seleniumpoperties.AlwaysRunExample" name="testcase1" time="0.000"/>
  <system-out/>
  <testcase classname="seleniumpoperties.AlwaysRunExample" name="testcase1" time="0.000"/>
  <system-out/>
  <testcase classname="seleniumpoperties.AlwaysRunExample" name="testcase1" time="0.000"/>
  <system-out/>
  <testcase classname="seleniumpoperties.AlwaysRunExample" name="testcase1" time="0.001"/>
  <system-out/>
  <testcase classname="seleniumpoperties.AlwaysRunExample" name="testcase1" time="0.000"/>
  <system-out/>
  <testcase classname="seleniumpoperties.AlwaysRunExample" name="testcase1" time="0.000"/>
  <system-out/>
  <testcase classname="seleniumpoperties.AlwaysRunExample" name="testcase1" time="0.000"/>
  <system-out/>
  <testcase classname="seleniumpoperties.AlwaysRunExample" name="testcase1" time="0.000"/>
  <system-out/>
  <testcase classname="seleniumpoperties.AlwaysRunExample" name="testcase1" time="0.000"/>
  <system-out/>
  <testcase classname="seleniumpoperties.AlwaysRunExample" name="testcase1" time="0.000"/>
  <system-out/>
  <testcase classname="seleniumpoperties.AlwaysRunExample" name="testcase1" time="0.000"/>
  <system-out/>
  <testcase classname="seleniumpoperties.AlwaysRunExample" name="testcase1" time="0.000"/>
  <system-out/>
  <testcase classname="seleniumpoperties.AlwaysRunExample" name="testcase1" time="0.001"/>
  <system-out/>
  <testcase classname="seleniumpoperties.AlwaysRunExample" name="testcase1" time="0.000"/>
  <system-out/>
  <testcase classname="seleniumpoperties.AlwaysRunExample" name="testcase1" time="0.000"/>
  <system-out/>
  <testcase classname="seleniumpoperties.AlwaysRunExample" name="testcase1" time="0.000"/>
  <system-out/>
  <testcase classname="seleniumpoperties.AlwaysRunExample" name="testcase1" time="0.000"/>
  <system-out/>
  <testcase classname="seleniumpoperties.AlwaysRunExample" name="testcase1" time="0.001"/>
  <system-out/>
  <testcase classname="seleniumpoperties.AlwaysRunExample" name="testcase1" time="0.000"/>
  <system-out/>
  <testcase classname="seleniumpoperties.AlwaysRunExample" name="testcase1" time="0.001"/>
  <system-out/>
  <testcase classname="seleniumpoperties.AlwaysRunExample" name="testcase1" time="0.000"/>
  <system-out/>
  <testcase classname="seleniumpoperties.AlwaysRunExample" name="testcase1" time="0.000"/>
  <system-out/>
  <testcase classname="seleniumpoperties.AlwaysRunExample" name="testcase1" time="0.000"/>
  <system-out/>
  <testcase classname="seleniumpoperties.AlwaysRunExample" name="testcase1" time="0.000"/>
  <system-out/>
  <testcase classname="seleniumpoperties.AlwaysRunExample" name="testcase1" time="0.000"/>
  <system-out/>
  <testcase classname="seleniumpoperties.AlwaysRunExample" name="testcase1" time="0.000"/>
  <system-out/>
  <testcase classname="seleniumpoperties.AlwaysRunExample" name="testcase1" time="0.000"/>
  <system-out/>
  <testcase classname="seleniumpoperties.AlwaysRunExample" name="testcase1" time="0.001"/>
  <system-out/>
  <testcase classname="seleniumpoperties.AlwaysRunExample" name="testcase1" time="0.000"/>
  <system-out/>
  <testcase classname="seleniumpoperties.AlwaysRunExample" name="testcase1" time="0.000"/>
  <system-out/>
  <testcase classname="seleniumpoperties.AlwaysRunExample" name="testcase1" time="0.000"/>
  <system-out/>
  <testcase classname="seleniumpoperties.AlwaysRunExample" name="testcase1" time="0.000"/>
  <system-out/>
  <testcase classname="seleniumpoperties.AlwaysRunExample" name="testcase1" time="0.000"/>
  <system-out/>
  <testcase classname="seleniumpoperties.AlwaysRunExample" name="testcase1" time="0.000"/>
  <system-out/>
  <testcase classname="seleniumpoperties.AlwaysRunExample" name="testcase1" time="0.000"/>
  <system-out/>
  <testcase classname="seleniumpoperties.AlwaysRunExample" name="testcase1" time="0.001"/>
  <system-out/>
  <testcase classname="seleniumpoperties.AlwaysRunExample" name="testcase1" time="0.000"/>
  <system-out/>
  <testcase classname="seleniumpoperties.AlwaysRunExample" name="testcase1" time="0.000"/>
  <system-out/>
  <testcase classname="seleniumpoperties.AlwaysRunExample" name="testcase1" time="0.000"/>
  <system-out/>
  <testcase classname="seleniumpoperties.AlwaysRunExample" name="testcase1" time="0.000"/>
  <system-out/>
  <testcase classname="seleniumpoperties.AlwaysRunExample" name="testcase1" time="0.000"/>
  <system-out/>
  <testcase classname="seleniumpoperties.AlwaysRunExample" name="testcase1" time="0.000"/>
  <system-out/>
  <testcase classname="seleniumpoperties.AlwaysRunExample" name="testcase1" time="0.000"/>
  <system-out/>
  <testcase classname="seleniumpoperties.AlwaysRunExample" name="testcase1" time="0.000"/>
  <system-out/>
  <testcase classname="seleniumpoperties.AlwaysRunExample" name="testcase1" time="0.001"/>
  <system-out/>
  <testcase classname="seleniumpoperties.AlwaysRunExample" name="testcase1" time="0.000"/>
  <system-out/>
  <testcase classname="seleniumpoperties.AlwaysRunExample" name="testcase1" time="0.001"/>
  <system-out/>
  <testcase classname="seleniumpoperties.AlwaysRunExample" name="testcase1" time="0.000"/>
  <system-out/>
  <testcase classname="seleniumpoperties.AlwaysRunExample" name="testcase1" time="0.000"/>
  <system-out/>
  <testcase classname="seleniumpoperties.AlwaysRunExample" name="testcase1" time="0.000"/>
  <system-out/>
  <testcase classname="seleniumpoperties.AlwaysRunExample" name="testcase1" time="0.000"/>
  <system-out/>
  <testcase classname="seleniumpoperties.AlwaysRunExample" name="testcase1" time="0.000"/>
  <system-out/>
  <testcase classname="seleniumpoperties.AlwaysRunExample" name="testcase1" time="0.000"/>
  <system-out/>
  <testcase classname="seleniumpoperties.AlwaysRunExample" name="testcase1" time="0.000"/>
  <system-out/>
  <testcase classname="seleniumpoperties.AlwaysRunExample" name="testcase1" time="0.000"/>
  <system-out/>
  <testcase classname="seleniumpoperties.AlwaysRunExample" name="testcase1" time="0.000"/>
  <system-out/>
  <testcase classname="seleniumpoperties.AlwaysRunExample" name="testcase1" time="0.000"/>
  <system-out/>
  <testcase classname="seleniumpoperties.AlwaysRunExample" name="testcase1" time="0.001"/>
  <system-out/>
  <testcase classname="seleniumpoperties.AlwaysRunExample" name="testcase1" time="0.000"/>
  <system-out/>
  <testcase classname="seleniumpoperties.AlwaysRunExample" name="testcase1" time="0.000"/>
  <system-out/>
  <testcase classname="seleniumpoperties.AlwaysRunExample" name="testcase1" time="0.000"/>
  <system-out/>
  <testcase classname="seleniumpoperties.AlwaysRunExample" name="testcase1" time="0.000"/>
  <system-out/>
  <testcase classname="seleniumpoperties.AlwaysRunExample" name="testcase1" time="0.001"/>
  <system-out/>
  <testcase classname="seleniumpoperties.AlwaysRunExample" name="testcase1" time="0.005"/>
  <system-out/>
  <testcase classname="seleniumpoperties.AlwaysRunExample" name="testcase1" time="0.001"/>
  <system-out/>
  <testcase classname="seleniumpoperties.AlwaysRunExample" name="testcase1" time="0.000"/>
  <system-out/>
  <testcase classname="seleniumpoperties.AlwaysRunExample" name="testcase1" time="0.000"/>
  <system-out/>
  <testcase classname="seleniumpoperties.AlwaysRunExample" name="testcase1" time="0.000"/>
  <system-out/>
  <testcase classname="seleniumpoperties.AlwaysRunExample" name="testcase1" time="0.001"/>
  <system-out/>
  <testcase classname="seleniumpoperties.AlwaysRunExample" name="testcase1" time="0.000"/>
  <system-out/>
  <testcase classname="seleniumpoperties.AlwaysRunExample" name="testcase1" time="0.000"/>
  <system-out/>
  <testcase classname="seleniumpoperties.AlwaysRunExample" name="testcase1" time="0.000"/>
  <system-out/>
  <testcase classname="seleniumpoperties.AlwaysRunExample" name="testcase1" time="0.000"/>
  <system-out/>
  <testcase classname="seleniumpoperties.AlwaysRunExample" name="testcase1" time="0.000"/>
  <system-out/>
  <testcase classname="seleniumpoperties.AlwaysRunExample" name="testcase1" time="0.000"/>
  <system-out/>
  <testcase classname="seleniumpoperties.AlwaysRunExample" name="testcase1" time="0.001"/>
  <system-out/>
  <testcase classname="seleniumpoperties.AlwaysRunExample" name="testcase1" time="0.000"/>
  <system-out/>
  <testcase classname="seleniumpoperties.AlwaysRunExample" name="testcase1" time="0.000"/>
  <system-out/>
  <testcase classname="seleniumpoperties.AlwaysRunExample" name="testcase1" time="0.000"/>
  <system-out/>
  <testcase classname="seleniumpoperties.AlwaysRunExample" name="testcase1" time="0.001"/>
  <system-out/>
  <testcase classname="seleniumpoperties.AlwaysRunExample" name="testcase1" time="0.000"/>
  <system-out/>
  <testcase classname="seleniumpoperties.AlwaysRunExample" name="testcase1" time="0.000"/>
  <system-out/>
  <testcase classname="seleniumpoperties.AlwaysRunExample" name="testcase1" time="0.001"/>
  <system-out/>
  <testcase classname="seleniumpoperties.AlwaysRunExample" name="testcase1" time="0.000"/>
  <system-out/>
  <testcase classname="seleniumpoperties.AlwaysRunExample" name="testcase1" time="0.000"/>
  <system-out/>
  <testcase classname="seleniumpoperties.AlwaysRunExample" name="testcase1" time="0.000"/>
  <system-out/>
  <testcase classname="seleniumpoperties.AlwaysRunExample" name="testcase1" time="0.001"/>
  <system-out/>
  <testcase classname="seleniumpoperties.AlwaysRunExample" name="testcase1" time="0.000"/>
  <system-out/>
  <testcase classname="seleniumpoperties.AlwaysRunExample" name="testcase1" time="0.000"/>
  <system-out/>
  <testcase classname="seleniumpoperties.AlwaysRunExample" name="testcase1" time="0.000"/>
  <system-out/>
  <testcase classname="seleniumpoperties.AlwaysRunExample" name="testcase1" time="0.001"/>
  <system-out/>
  <testcase classname="seleniumpoperties.AlwaysRunExample" name="testcase1" time="0.001"/>
  <system-out/>
  <testcase classname="seleniumpoperties.AlwaysRunExample" name="testcase1" time="0.000"/>
  <system-out/>
  <testcase classname="seleniumpoperties.AlwaysRunExample" name="testcase1" time="0.000"/>
  <system-out/>
  <testcase classname="seleniumpoperties.AlwaysRunExample" name="testcase1" time="0.000"/>
  <system-out/>
  <testcase classname="seleniumpoperties.AlwaysRunExample" name="testcase1" time="0.000"/>
  <system-out/>
  <testcase classname="seleniumpoperties.AlwaysRunExample" name="testcase1" time="0.000"/>
  <system-out/>
  <testcase classname="seleniumpoperties.AlwaysRunExample" name="testcase1" time="0.000"/>
  <system-out/>
  <testcase classname="seleniumpoperties.AlwaysRunExample" name="testcase1" time="0.000"/>
  <system-out/>
  <testcase classname="seleniumpoperties.AlwaysRunExample" name="testcase1" time="0.000"/>
  <system-out/>
  <testcase classname="seleniumpoperties.AlwaysRunExample" name="testcase1" time="0.001"/>
  <system-out/>
  <testcase classname="seleniumpoperties.AlwaysRunExample" name="testcase1" time="0.000"/>
  <system-out/>
  <testcase classname="seleniumpoperties.AlwaysRunExample" name="testcase1" time="0.001"/>
  <system-out/>
  <testcase classname="seleniumpoperties.AlwaysRunExample" name="testcase1" time="0.001"/>
  <system-out/>
  <testcase classname="seleniumpoperties.AlwaysRunExample" name="testcase1" time="0.000"/>
  <system-out/>
  <testcase classname="seleniumpoperties.AlwaysRunExample" name="testcase1" time="0.000"/>
  <system-out/>
  <testcase classname="seleniumpoperties.AlwaysRunExample" name="testcase1" time="0.000"/>
  <system-out/>
  <testcase classname="seleniumpoperties.AlwaysRunExample" name="testcase1" time="0.000"/>
  <system-out/>
  <testcase classname="seleniumpoperties.AlwaysRunExample" name="testcase1" time="0.000"/>
  <system-out/>
  <testcase classname="seleniumpoperties.AlwaysRunExample" name="testcase1" time="0.000"/>
  <system-out/>
  <testcase classname="seleniumpoperties.AlwaysRunExample" name="testcase1" time="0.000"/>
  <system-out/>
  <testcase classname="seleniumpoperties.AlwaysRunExample" name="testcase1" time="0.000"/>
  <system-out/>
  <testcase classname="seleniumpoperties.AlwaysRunExample" name="testcase1" time="0.000"/>
  <system-out/>
  <testcase classname="seleniumpoperties.AlwaysRunExample" name="testcase1" time="0.001"/>
  <system-out/>
  <testcase classname="seleniumpoperties.AlwaysRunExample" name="testcase1" time="0.000"/>
  <system-out/>
  <testcase classname="seleniumpoperties.AlwaysRunExample" name="testcase1" time="0.000"/>
  <system-out/>
  <testcase classname="seleniumpoperties.AlwaysRunExample" name="testcase1" time="0.000"/>
  <system-out/>
  <testcase classname="seleniumpoperties.AlwaysRunExample" name="testcase1" time="0.000"/>
  <system-out/>
  <testcase classname="seleniumpoperties.AlwaysRunExample" name="testcase1" time="0.000"/>
  <system-out/>
  <testcase classname="seleniumpoperties.AlwaysRunExample" name="testcase1" time="0.000"/>
  <system-out/>
  <testcase classname="seleniumpoperties.AlwaysRunExample" name="testcase1" time="0.000"/>
  <system-out/>
  <testcase classname="seleniumpoperties.AlwaysRunExample" name="testcase1" time="0.000"/>
  <system-out/>
  <testcase classname="seleniumpoperties.AlwaysRunExample" name="testcase1" time="0.000"/>
  <system-out/>
  <testcase classname="seleniumpoperties.AlwaysRunExample" name="testcase1" time="0.000"/>
  <system-out/>
  <testcase classname="seleniumpoperties.AlwaysRunExample" name="testcase1" time="0.000"/>
  <system-out/>
  <testcase classname="seleniumpoperties.AlwaysRunExample" name="testcase1" time="0.001"/>
  <system-out/>
  <testcase classname="seleniumpoperties.AlwaysRunExample" name="testcase1" time="0.000"/>
  <system-out/>
  <testcase classname="seleniumpoperties.AlwaysRunExample" name="testcase1" time="0.000"/>
  <system-out/>
  <testcase classname="seleniumpoperties.AlwaysRunExample" name="testcase1" time="0.000"/>
  <system-out/>
  <testcase classname="seleniumpoperties.AlwaysRunExample" name="testcase1" time="0.000"/>
  <system-out/>
  <testcase classname="seleniumpoperties.AlwaysRunExample" name="testcase1" time="0.000"/>
  <system-out/>
  <testcase classname="seleniumpoperties.AlwaysRunExample" name="testcase1" time="0.000"/>
  <system-out/>
  <testcase classname="seleniumpoperties.AlwaysRunExample" name="testcase1" time="0.000"/>
  <system-out/>
  <testcase classname="seleniumpoperties.AlwaysRunExample" name="testcase1" time="0.000"/>
  <system-out/>
  <testcase classname="seleniumpoperties.AlwaysRunExample" name="testcase1" time="0.000"/>
  <system-out/>
  <testcase classname="seleniumpoperties.AlwaysRunExample" name="testcase1" time="0.000"/>
  <system-out/>
  <testcase classname="seleniumpoperties.AlwaysRunExample" name="testcase1" time="0.000"/>
  <system-out/>
  <testcase classname="seleniumpoperties.AlwaysRunExample" name="testcase1" time="0.000"/>
  <system-out/>
  <testcase classname="seleniumpoperties.AlwaysRunExample" name="testcase1" time="0.000"/>
  <system-out/>
  <testcase classname="seleniumpoperties.AlwaysRunExample" name="testcase1" time="0.000"/>
  <system-out/>
  <testcase classname="seleniumpoperties.AlwaysRunExample" name="testcase1" time="0.000"/>
  <system-out/>
  <testcase classname="seleniumpoperties.AlwaysRunExample" name="testcase1" time="0.000"/>
  <system-out/>
  <testcase classname="seleniumpoperties.AlwaysRunExample" name="testcase1" time="0.000"/>
  <system-out/>
  <testcase classname="seleniumpoperties.AlwaysRunExample" name="testcase1" time="0.000"/>
  <system-out/>
  <testcase classname="seleniumpoperties.AlwaysRunExample" name="testcase1" time="0.000"/>
  <system-out/>
  <testcase classname="seleniumpoperties.AlwaysRunExample" name="testcase1" time="0.000"/>
  <system-out/>
  <testcase classname="seleniumpoperties.AlwaysRunExample" name="testcase1" time="0.000"/>
  <system-out/>
  <testcase classname="seleniumpoperties.AlwaysRunExample" name="testcase1" time="0.001"/>
  <system-out/>
  <testcase classname="seleniumpoperties.AlwaysRunExample" name="testcase1" time="0.000"/>
  <system-out/>
  <testcase classname="seleniumpoperties.AlwaysRunExample" name="testcase1" time="0.000"/>
  <system-out/>
  <testcase classname="seleniumpoperties.AlwaysRunExample" name="testcase1" time="0.000"/>
  <system-out/>
  <testcase classname="seleniumpoperties.AlwaysRunExample" name="testcase1" time="0.001"/>
  <system-out/>
  <testcase classname="seleniumpoperties.AlwaysRunExample" name="testcase1" time="0.000"/>
  <system-out/>
  <testcase classname="seleniumpoperties.AlwaysRunExample" name="testcase1" time="0.000"/>
  <system-out/>
  <testcase classname="seleniumpoperties.AlwaysRunExample" name="testcase1" time="0.000"/>
  <system-out/>
  <testcase classname="seleniumpoperties.AlwaysRunExample" name="testcase1" time="0.000"/>
  <system-out/>
  <testcase classname="seleniumpoperties.AlwaysRunExample" name="testcase1" time="0.000"/>
  <system-out/>
  <testcase classname="seleniumpoperties.AlwaysRunExample" name="testcase1" time="0.000"/>
  <system-out/>
  <testcase classname="seleniumpoperties.AlwaysRunExample" name="testcase1" time="0.000"/>
  <system-out/>
  <testcase classname="seleniumpoperties.AlwaysRunExample" name="testcase1" time="0.000"/>
  <system-out/>
  <testcase classname="seleniumpoperties.AlwaysRunExample" name="testcase1" time="0.000"/>
  <system-out/>
  <testcase classname="seleniumpoperties.AlwaysRunExample" name="testcase1" time="0.000"/>
  <system-out/>
  <testcase classname="seleniumpoperties.AlwaysRunExample" name="testcase1" time="0.001"/>
  <system-out/>
  <testcase classname="seleniumpoperties.AlwaysRunExample" name="testcase1" time="0.000"/>
  <system-out/>
  <testcase classname="seleniumpoperties.AlwaysRunExample" name="testcase1" time="0.000"/>
  <system-out/>
  <testcase classname="seleniumpoperties.AlwaysRunExample" name="testcase1" time="0.000"/>
  <system-out/>
  <testcase classname="seleniumpoperties.AlwaysRunExample" name="testcase1" time="0.001"/>
  <system-out/>
  <testcase classname="seleniumpoperties.AlwaysRunExample" name="testcase1" time="0.000"/>
  <system-out/>
  <testcase classname="seleniumpoperties.AlwaysRunExample" name="testcase1" time="0.000"/>
  <system-out/>
  <testcase classname="seleniumpoperties.AlwaysRunExample" name="testcase1" time="0.000"/>
  <system-out/>
  <testcase classname="seleniumpoperties.AlwaysRunExample" name="testcase1" time="0.000"/>
  <system-out/>
  <testcase classname="seleniumpoperties.AlwaysRunExample" name="testcase1" time="0.000"/>
  <system-out/>
  <testcase classname="seleniumpoperties.AlwaysRunExample" name="testcase1" time="0.002"/>
  <system-out/>
  <testcase classname="seleniumpoperties.AlwaysRunExample" name="testcase1" time="0.000"/>
  <system-out/>
  <testcase classname="seleniumpoperties.AlwaysRunExample" name="testcase1" time="0.000"/>
  <system-out/>
  <testcase classname="seleniumpoperties.AlwaysRunExample" name="testcase1" time="0.000"/>
  <system-out/>
  <testcase classname="seleniumpoperties.AlwaysRunExample" name="testcase1" time="0.000"/>
  <system-out/>
  <testcase classname="seleniumpoperties.AlwaysRunExample" name="testcase1" time="0.000"/>
  <system-out/>
  <testcase classname="seleniumpoperties.AlwaysRunExample" name="testcase1" time="0.000"/>
  <system-out/>
  <testcase classname="seleniumpoperties.AlwaysRunExample" name="testcase1" time="0.000"/>
  <system-out/>
  <testcase classname="seleniumpoperties.AlwaysRunExample" name="testcase1" time="0.000"/>
  <system-out/>
  <testcase classname="seleniumpoperties.AlwaysRunExample" name="testcase1" time="0.000"/>
  <system-out/>
  <testcase classname="seleniumpoperties.AlwaysRunExample" name="testcase1" time="0.000"/>
  <system-out/>
  <testcase classname="seleniumpoperties.AlwaysRunExample" name="testcase1" time="0.000"/>
  <system-out/>
  <testcase classname="seleniumpoperties.AlwaysRunExample" name="testcase1" time="0.000"/>
  <system-out/>
  <testcase classname="seleniumpoperties.AlwaysRunExample" name="testcase1" time="0.000"/>
  <system-out/>
  <testcase classname="seleniumpoperties.AlwaysRunExample" name="testcase1" time="0.000"/>
  <system-out/>
  <testcase classname="seleniumpoperties.AlwaysRunExample" name="testcase1" time="0.001"/>
  <system-out/>
  <testcase classname="seleniumpoperties.AlwaysRunExample" name="testcase1" time="0.000"/>
  <system-out/>
  <testcase classname="seleniumpoperties.AlwaysRunExample" name="testcase1" time="0.000"/>
  <system-out/>
  <testcase classname="seleniumpoperties.AlwaysRunExample" name="testcase1" time="0.000"/>
  <system-out/>
  <testcase classname="seleniumpoperties.AlwaysRunExample" name="testcase1" time="0.000"/>
  <system-out/>
  <testcase classname="seleniumpoperties.AlwaysRunExample" name="testcase1" time="0.000"/>
  <system-out/>
  <testcase classname="seleniumpoperties.AlwaysRunExample" name="testcase1" time="0.000"/>
  <system-out/>
  <testcase classname="seleniumpoperties.AlwaysRunExample" name="testcase1" time="0.000"/>
  <system-out/>
  <testcase classname="seleniumpoperties.AlwaysRunExample" name="testcase1" time="0.000"/>
  <system-out/>
  <testcase classname="seleniumpoperties.AlwaysRunExample" name="testcase1" time="0.000"/>
  <system-out/>
  <testcase classname="seleniumpoperties.AlwaysRunExample" name="testcase1" time="0.000"/>
  <system-out/>
  <testcase classname="seleniumpoperties.AlwaysRunExample" name="testcase1" time="0.000"/>
  <system-out/>
  <testcase classname="seleniumpoperties.AlwaysRunExample" name="testcase1" time="0.000"/>
  <system-out/>
  <testcase classname="seleniumpoperties.AlwaysRunExample" name="testcase1" time="0.000"/>
  <system-out/>
  <testcase classname="seleniumpoperties.AlwaysRunExample" name="testcase1" time="0.000"/>
  <system-out/>
  <testcase classname="seleniumpoperties.AlwaysRunExample" name="testcase1" time="0.000"/>
  <system-out/>
  <testcase classname="seleniumpoperties.AlwaysRunExample" name="testcase1" time="0.000"/>
  <system-out/>
  <testcase classname="seleniumpoperties.AlwaysRunExample" name="testcase1" time="0.000"/>
  <system-out/>
  <testcase classname="seleniumpoperties.AlwaysRunExample" name="testcase1" time="0.000"/>
  <system-out/>
  <testcase classname="seleniumpoperties.AlwaysRunExample" name="testcase1" time="0.000"/>
  <system-out/>
  <testcase classname="seleniumpoperties.AlwaysRunExample" name="testcase1" time="0.000"/>
  <system-out/>
  <testcase classname="seleniumpoperties.AlwaysRunExample" name="testcase1" time="0.001"/>
  <system-out/>
  <testcase classname="seleniumpoperties.AlwaysRunExample" name="testcase1" time="0.000"/>
  <system-out/>
  <testcase classname="seleniumpoperties.AlwaysRunExample" name="testcase1" time="0.000"/>
  <system-out/>
  <testcase classname="seleniumpoperties.AlwaysRunExample" name="testcase1" time="0.000"/>
  <system-out/>
  <testcase classname="seleniumpoperties.AlwaysRunExample" name="testcase1" time="0.004"/>
  <system-out/>
  <testcase classname="seleniumpoperties.AlwaysRunExample" name="testcase1" time="0.000"/>
  <system-out/>
  <testcase classname="seleniumpoperties.AlwaysRunExample" name="testcase1" time="0.000"/>
  <system-out/>
  <testcase classname="seleniumpoperties.AlwaysRunExample" name="testcase1" time="0.001"/>
  <system-out/>
  <testcase classname="seleniumpoperties.AlwaysRunExample" name="testcase1" time="0.000"/>
  <system-out/>
  <testcase classname="seleniumpoperties.AlwaysRunExample" name="testcase1" time="0.000"/>
  <system-out/>
  <testcase classname="seleniumpoperties.AlwaysRunExample" name="testcase1" time="0.001"/>
  <system-out/>
  <testcase classname="seleniumpoperties.AlwaysRunExample" name="testcase1" time="0.000"/>
  <system-out/>
  <testcase classname="seleniumpoperties.AlwaysRunExample" name="testcase1" time="0.001"/>
  <system-out/>
  <testcase classname="seleniumpoperties.AlwaysRunExample" name="testcase1" time="0.001"/>
  <system-out/>
  <testcase classname="seleniumpoperties.AlwaysRunExample" name="testcase1" time="0.000"/>
  <system-out/>
  <testcase classname="seleniumpoperties.AlwaysRunExample" name="testcase1" time="0.000"/>
  <system-out/>
  <testcase classname="seleniumpoperties.AlwaysRunExample" name="testcase1" time="0.000"/>
  <system-out/>
  <testcase classname="seleniumpoperties.AlwaysRunExample" name="testcase1" time="0.000"/>
  <system-out/>
  <testcase classname="seleniumpoperties.AlwaysRunExample" name="testcase1" time="0.000"/>
  <system-out/>
  <testcase classname="seleniumpoperties.AlwaysRunExample" name="testcase1" time="0.000"/>
  <system-out/>
  <testcase classname="seleniumpoperties.AlwaysRunExample" name="testcase1" time="0.000"/>
  <system-out/>
  <testcase classname="seleniumpoperties.AlwaysRunExample" name="testcase1" time="0.000"/>
  <system-out/>
  <testcase classname="seleniumpoperties.AlwaysRunExample" name="testcase1" time="0.001"/>
  <system-out/>
  <testcase classname="seleniumpoperties.AlwaysRunExample" name="testcase1" time="0.000"/>
  <system-out/>
  <testcase classname="seleniumpoperties.AlwaysRunExample" name="testcase1" time="0.000"/>
  <system-out/>
  <testcase classname="seleniumpoperties.AlwaysRunExample" name="testcase1" time="0.000"/>
  <system-out/>
  <testcase classname="seleniumpoperties.AlwaysRunExample" name="testcase1" time="0.000"/>
  <system-out/>
  <testcase classname="seleniumpoperties.AlwaysRunExample" name="testcase1" time="0.000"/>
  <system-out/>
  <testcase classname="seleniumpoperties.AlwaysRunExample" name="testcase1" time="0.000"/>
  <system-out/>
  <testcase classname="seleniumpoperties.AlwaysRunExample" name="testcase1" time="0.000"/>
  <system-out/>
  <testcase classname="seleniumpoperties.AlwaysRunExample" name="testcase1" time="0.000"/>
  <system-out/>
  <testcase classname="seleniumpoperties.AlwaysRunExample" name="testcase1" time="0.000"/>
  <system-out/>
  <testcase classname="seleniumpoperties.AlwaysRunExample" name="testcase1" time="0.001"/>
  <system-out/>
  <testcase classname="seleniumpoperties.AlwaysRunExample" name="testcase1" time="0.001"/>
  <system-out/>
  <testcase classname="seleniumpoperties.AlwaysRunExample" name="testcase1" time="0.000"/>
  <system-out/>
  <testcase classname="seleniumpoperties.AlwaysRunExample" name="testcase1" time="0.000"/>
  <system-out/>
  <testcase classname="seleniumpoperties.AlwaysRunExample" name="testcase1" time="0.000"/>
  <system-out/>
  <testcase classname="seleniumpoperties.AlwaysRunExample" name="testcase1" time="0.000"/>
  <system-out/>
  <testcase classname="seleniumpoperties.AlwaysRunExample" name="testcase1" time="0.000"/>
  <system-out/>
  <testcase classname="seleniumpoperties.AlwaysRunExample" name="testcase1" time="0.000"/>
  <system-out/>
  <testcase classname="seleniumpoperties.AlwaysRunExample" name="testcase1" time="0.000"/>
  <system-out/>
  <testcase classname="seleniumpoperties.AlwaysRunExample" name="testcase1" time="0.000"/>
  <system-out/>
  <testcase classname="seleniumpoperties.AlwaysRunExample" name="testcase1" time="0.000"/>
  <system-out/>
  <testcase classname="seleniumpoperties.AlwaysRunExample" name="testcase1" time="0.000"/>
  <system-out/>
  <testcase classname="seleniumpoperties.AlwaysRunExample" name="testcase1" time="0.000"/>
  <system-out/>
  <testcase classname="seleniumpoperties.AlwaysRunExample" name="testcase1" time="0.001"/>
  <system-out/>
  <testcase classname="seleniumpoperties.AlwaysRunExample" name="testcase1" time="0.000"/>
  <system-out/>
  <testcase classname="seleniumpoperties.AlwaysRunExample" name="testcase1" time="0.000"/>
  <system-out/>
  <testcase classname="seleniumpoperties.AlwaysRunExample" name="testcase1" time="0.000"/>
  <system-out/>
  <testcase classname="seleniumpoperties.AlwaysRunExample" name="testcase1" time="0.000"/>
  <system-out/>
  <testcase classname="seleniumpoperties.AlwaysRunExample" name="testcase1" time="0.000"/>
  <system-out/>
  <testcase classname="seleniumpoperties.AlwaysRunExample" name="testcase1" time="0.000"/>
  <system-out/>
  <testcase classname="seleniumpoperties.AlwaysRunExample" name="testcase1" time="0.000"/>
  <system-out/>
  <testcase classname="seleniumpoperties.AlwaysRunExample" name="testcase1" time="0.000"/>
  <system-out/>
  <testcase classname="seleniumpoperties.AlwaysRunExample" name="testcase1" time="0.000"/>
  <system-out/>
  <testcase classname="seleniumpoperties.AlwaysRunExample" name="testcase1" time="0.000"/>
  <system-out/>
  <testcase classname="seleniumpoperties.AlwaysRunExample" name="testcase1" time="0.000"/>
  <system-out/>
  <testcase classname="seleniumpoperties.AlwaysRunExample" name="testcase1" time="0.000"/>
  <system-out/>
  <testcase classname="seleniumpoperties.AlwaysRunExample" name="testcase1" time="0.000"/>
  <system-out/>
  <testcase classname="seleniumpoperties.AlwaysRunExample" name="testcase1" time="0.000"/>
  <system-out/>
  <testcase classname="seleniumpoperties.AlwaysRunExample" name="testcase1" time="0.000"/>
  <system-out/>
  <testcase classname="seleniumpoperties.AlwaysRunExample" name="testcase1" time="0.000"/>
  <system-out/>
  <testcase classname="seleniumpoperties.AlwaysRunExample" name="testcase1" time="0.000"/>
  <system-out/>
  <testcase classname="seleniumpoperties.AlwaysRunExample" name="testcase1" time="0.000"/>
  <system-out/>
  <testcase classname="seleniumpoperties.AlwaysRunExample" name="testcase1" time="0.000"/>
  <system-out/>
  <testcase classname="seleniumpoperties.AlwaysRunExample" name="testcase1" time="0.000"/>
  <system-out/>
  <testcase classname="seleniumpoperties.AlwaysRunExample" name="testcase1" time="0.000"/>
  <system-out/>
  <testcase classname="seleniumpoperties.AlwaysRunExample" name="testcase1" time="0.000"/>
  <system-out/>
  <testcase classname="seleniumpoperties.AlwaysRunExample" name="testcase1" time="0.000"/>
  <system-out/>
  <testcase classname="seleniumpoperties.AlwaysRunExample" name="testcase1" time="0.001"/>
  <system-out/>
  <testcase classname="seleniumpoperties.AlwaysRunExample" name="testcase1" time="0.000"/>
  <system-out/>
  <testcase classname="seleniumpoperties.AlwaysRunExample" name="testcase1" time="0.000"/>
  <system-out/>
  <testcase classname="seleniumpoperties.AlwaysRunExample" name="testcase1" time="0.000"/>
  <system-out/>
  <testcase classname="seleniumpoperties.AlwaysRunExample" name="testcase1" time="0.001"/>
  <system-out/>
  <testcase classname="seleniumpoperties.AlwaysRunExample" name="testcase1" time="0.001"/>
  <system-out/>
  <testcase classname="seleniumpoperties.AlwaysRunExample" name="testcase1" time="0.000"/>
  <system-out/>
  <testcase classname="seleniumpoperties.AlwaysRunExample" name="testcase1" time="0.000"/>
  <system-out/>
  <testcase classname="seleniumpoperties.AlwaysRunExample" name="testcase1" time="0.000"/>
  <system-out/>
  <testcase classname="seleniumpoperties.AlwaysRunExample" name="testcase1" time="0.000"/>
  <system-out/>
  <testcase classname="seleniumpoperties.AlwaysRunExample" name="testcase1" time="0.000"/>
  <system-out/>
  <testcase classname="seleniumpoperties.AlwaysRunExample" name="testcase1" time="0.000"/>
  <system-out/>
  <testcase classname="seleniumpoperties.AlwaysRunExample" name="testcase1" time="0.000"/>
  <system-out/>
  <testcase classname="seleniumpoperties.AlwaysRunExample" name="testcase1" time="0.000"/>
  <system-out/>
  <testcase classname="seleniumpoperties.AlwaysRunExample" name="testcase1" time="0.000"/>
  <system-out/>
  <testcase classname="seleniumpoperties.AlwaysRunExample" name="testcase1" time="0.000"/>
  <system-out/>
  <testcase classname="seleniumpoperties.AlwaysRunExample" name="testcase1" time="0.000"/>
  <system-out/>
  <testcase classname="seleniumpoperties.AlwaysRunExample" name="testcase1" time="0.000"/>
  <system-out/>
  <testcase classname="seleniumpoperties.AlwaysRunExample" name="testcase1" time="0.000"/>
  <system-out/>
  <testcase classname="seleniumpoperties.AlwaysRunExample" name="testcase1" time="0.000"/>
  <system-out/>
  <testcase classname="seleniumpoperties.AlwaysRunExample" name="testcase1" time="0.001"/>
  <system-out/>
  <testcase classname="seleniumpoperties.AlwaysRunExample" name="testcase1" time="0.000"/>
  <system-out/>
  <testcase classname="seleniumpoperties.AlwaysRunExample" name="testcase1" time="0.000"/>
  <system-out/>
  <testcase classname="seleniumpoperties.AlwaysRunExample" name="testcase1" time="0.000"/>
  <system-out/>
  <testcase classname="seleniumpoperties.AlwaysRunExample" name="testcase1" time="0.000"/>
  <system-out/>
  <testcase classname="seleniumpoperties.AlwaysRunExample" name="testcase1" time="0.000"/>
  <system-out/>
  <testcase classname="seleniumpoperties.AlwaysRunExample" name="testcase1" time="0.000"/>
  <system-out/>
  <testcase classname="seleniumpoperties.AlwaysRunExample" name="testcase1" time="0.000"/>
  <system-out/>
  <testcase classname="seleniumpoperties.AlwaysRunExample" name="testcase1" time="0.001"/>
  <system-out/>
  <testcase classname="seleniumpoperties.AlwaysRunExample" name="testcase1" time="0.000"/>
  <system-out/>
  <testcase classname="seleniumpoperties.AlwaysRunExample" name="testcase1" time="0.000"/>
  <system-out/>
  <testcase classname="seleniumpoperties.AlwaysRunExample" name="testcase1" time="0.000"/>
  <system-out/>
  <testcase classname="seleniumpoperties.AlwaysRunExample" name="testcase1" time="0.000"/>
  <system-out/>
  <testcase classname="seleniumpoperties.AlwaysRunExample" name="testcase1" time="0.000"/>
  <system-out/>
  <testcase classname="seleniumpoperties.AlwaysRunExample" name="testcase1" time="0.000"/>
  <system-out/>
  <testcase classname="seleniumpoperties.AlwaysRunExample" name="testcase1" time="0.001"/>
  <system-out/>
  <testcase classname="seleniumpoperties.AlwaysRunExample" name="testcase1" time="0.000"/>
  <system-out/>
  <testcase classname="seleniumpoperties.AlwaysRunExample" name="testcase1" time="0.000"/>
  <system-out/>
  <testcase classname="seleniumpoperties.AlwaysRunExample" name="testcase1" time="0.001"/>
  <system-out/>
  <testcase classname="seleniumpoperties.AlwaysRunExample" name="testcase1" time="0.002"/>
  <system-out/>
  <testcase classname="seleniumpoperties.AlwaysRunExample" name="testcase1" time="0.000"/>
  <system-out/>
  <testcase classname="seleniumpoperties.AlwaysRunExample" name="testcase1" time="0.001"/>
  <system-out/>
  <testcase classname="seleniumpoperties.AlwaysRunExample" name="testcase1" time="0.000"/>
  <system-out/>
  <testcase classname="seleniumpoperties.AlwaysRunExample" name="testcase1" time="0.000"/>
  <system-out/>
  <testcase classname="seleniumpoperties.AlwaysRunExample" name="testcase1" time="0.000"/>
  <system-out/>
  <testcase classname="seleniumpoperties.AlwaysRunExample" name="testcase1" time="0.000"/>
  <system-out/>
  <testcase classname="seleniumpoperties.AlwaysRunExample" name="testcase1" time="0.000"/>
  <system-out/>
  <testcase classname="seleniumpoperties.AlwaysRunExample" name="testcase1" time="0.000"/>
  <system-out/>
  <testcase classname="seleniumpoperties.AlwaysRunExample" name="testcase1" time="0.001"/>
  <system-out/>
  <testcase classname="seleniumpoperties.AlwaysRunExample" name="testcase1" time="0.000"/>
  <system-out/>
  <testcase classname="seleniumpoperties.AlwaysRunExample" name="testcase1" time="0.001"/>
  <system-out/>
  <testcase classname="seleniumpoperties.AlwaysRunExample" name="testcase1" time="0.000"/>
  <system-out/>
  <testcase classname="seleniumpoperties.AlwaysRunExample" name="testcase1" time="0.000"/>
  <system-out/>
  <testcase classname="seleniumpoperties.AlwaysRunExample" name="testcase1" time="0.000"/>
  <system-out/>
  <testcase classname="seleniumpoperties.AlwaysRunExample" name="testcase1" time="0.000"/>
  <system-out/>
  <testcase classname="seleniumpoperties.AlwaysRunExample" name="testcase1" time="0.000"/>
  <system-out/>
  <testcase classname="seleniumpoperties.AlwaysRunExample" name="testcase1" time="0.000"/>
  <system-out/>
  <testcase classname="seleniumpoperties.AlwaysRunExample" name="testcase1" time="0.000"/>
  <system-out/>
  <testcase classname="seleniumpoperties.AlwaysRunExample" name="testcase1" time="0.000"/>
  <system-out/>
  <testcase classname="seleniumpoperties.AlwaysRunExample" name="testcase1" time="0.001"/>
  <system-out/>
  <testcase classname="seleniumpoperties.AlwaysRunExample" name="testcase1" time="0.000"/>
  <system-out/>
  <testcase classname="seleniumpoperties.AlwaysRunExample" name="testcase1" time="0.000"/>
  <system-out/>
  <testcase classname="seleniumpoperties.AlwaysRunExample" name="testcase1" time="0.000"/>
  <system-out/>
  <testcase classname="seleniumpoperties.AlwaysRunExample" name="testcase1" time="0.000"/>
  <system-out/>
  <testcase classname="seleniumpoperties.AlwaysRunExample" name="testcase1" time="0.000"/>
  <system-out/>
  <testcase classname="seleniumpoperties.AlwaysRunExample" name="testcase1" time="0.000"/>
  <system-out/>
  <testcase classname="seleniumpoperties.AlwaysRunExample" name="testcase1" time="0.001"/>
  <system-out/>
  <testcase classname="seleniumpoperties.AlwaysRunExample" name="testcase1" time="0.000"/>
  <system-out/>
  <testcase classname="seleniumpoperties.AlwaysRunExample" name="testcase1" time="0.001"/>
  <system-out/>
  <testcase classname="seleniumpoperties.AlwaysRunExample" name="testcase1" time="0.001"/>
  <system-out/>
  <testcase classname="seleniumpoperties.AlwaysRunExample" name="testcase1" time="0.000"/>
  <system-out/>
  <testcase classname="seleniumpoperties.AlwaysRunExample" name="testcase1" time="0.000"/>
  <system-out/>
  <testcase classname="seleniumpoperties.AlwaysRunExample" name="testcase1" time="0.000"/>
  <system-out/>
  <testcase classname="seleniumpoperties.AlwaysRunExample" name="testcase1" time="0.000"/>
  <system-out/>
  <testcase classname="seleniumpoperties.AlwaysRunExample" name="testcase1" time="0.000"/>
  <system-out/>
  <testcase classname="seleniumpoperties.AlwaysRunExample" name="testcase1" time="0.000"/>
  <system-out/>
  <testcase classname="seleniumpoperties.AlwaysRunExample" name="testcase1" time="0.000"/>
  <system-out/>
  <testcase classname="seleniumpoperties.AlwaysRunExample" name="testcase1" time="0.000"/>
  <system-out/>
  <testcase classname="seleniumpoperties.AlwaysRunExample" name="testcase1" time="0.000"/>
  <system-out/>
  <testcase classname="seleniumpoperties.AlwaysRunExample" name="testcase1" time="0.000"/>
  <system-out/>
  <testcase classname="seleniumpoperties.AlwaysRunExample" name="testcase1" time="0.001"/>
  <system-out/>
  <testcase classname="seleniumpoperties.AlwaysRunExample" name="testcase1" time="0.001"/>
  <system-out/>
  <testcase classname="seleniumpoperties.AlwaysRunExample" name="testcase1" time="0.001"/>
  <system-out/>
  <testcase classname="seleniumpoperties.AlwaysRunExample" name="testcase1" time="0.000"/>
  <system-out/>
  <testcase classname="seleniumpoperties.AlwaysRunExample" name="testcase1" time="0.000"/>
  <system-out/>
  <testcase classname="seleniumpoperties.AlwaysRunExample" name="testcase1" time="0.000"/>
  <system-out/>
  <testcase classname="seleniumpoperties.AlwaysRunExample" name="testcase1" time="0.001"/>
  <system-out/>
  <testcase classname="seleniumpoperties.AlwaysRunExample" name="testcase1" time="0.000"/>
  <system-out/>
  <testcase classname="seleniumpoperties.AlwaysRunExample" name="testcase1" time="0.000"/>
  <system-out/>
  <testcase classname="seleniumpoperties.AlwaysRunExample" name="testcase1" time="0.001"/>
  <system-out/>
  <testcase classname="seleniumpoperties.AlwaysRunExample" name="testcase1" time="0.000"/>
  <system-out/>
  <testcase classname="seleniumpoperties.AlwaysRunExample" name="testcase1" time="0.000"/>
  <system-out/>
  <testcase classname="seleniumpoperties.AlwaysRunExample" name="testcase1" time="0.000"/>
  <system-out/>
  <testcase classname="seleniumpoperties.AlwaysRunExample" name="testcase1" time="0.000"/>
  <system-out/>
  <testcase classname="seleniumpoperties.AlwaysRunExample" name="testcase1" time="0.000"/>
  <system-out/>
  <testcase classname="seleniumpoperties.AlwaysRunExample" name="testcase1" time="0.000"/>
  <system-out/>
  <testcase classname="seleniumpoperties.AlwaysRunExample" name="testcase1" time="0.001"/>
  <system-out/>
  <testcase classname="seleniumpoperties.AlwaysRunExample" name="testcase1" time="0.000"/>
  <system-out/>
  <testcase classname="seleniumpoperties.AlwaysRunExample" name="testcase1" time="0.000"/>
  <system-out/>
  <testcase classname="seleniumpoperties.AlwaysRunExample" name="testcase1" time="0.000"/>
  <system-out/>
  <testcase classname="seleniumpoperties.AlwaysRunExample" name="testcase1" time="0.000"/>
  <system-out/>
  <testcase classname="seleniumpoperties.AlwaysRunExample" name="testcase1" time="0.000"/>
  <system-out/>
  <testcase classname="seleniumpoperties.AlwaysRunExample" name="testcase1" time="0.000"/>
  <system-out/>
  <testcase classname="seleniumpoperties.AlwaysRunExample" name="testcase1" time="0.000"/>
  <system-out/>
  <testcase classname="seleniumpoperties.AlwaysRunExample" name="testcase1" time="0.000"/>
  <system-out/>
  <testcase classname="seleniumpoperties.AlwaysRunExample" name="testcase1" time="0.000"/>
  <system-out/>
  <testcase classname="seleniumpoperties.AlwaysRunExample" name="testcase1" time="0.000"/>
  <system-out/>
  <testcase classname="seleniumpoperties.AlwaysRunExample" name="testcase1" time="0.000"/>
  <system-out/>
  <testcase classname="seleniumpoperties.AlwaysRunExample" name="testcase1" time="0.000"/>
  <system-out/>
  <testcase classname="seleniumpoperties.AlwaysRunExample" name="testcase1" time="0.000"/>
  <system-out/>
  <testcase classname="seleniumpoperties.AlwaysRunExample" name="testcase1" time="0.000"/>
  <system-out/>
  <testcase classname="seleniumpoperties.AlwaysRunExample" name="testcase1" time="0.001"/>
  <system-out/>
  <testcase classname="seleniumpoperties.AlwaysRunExample" name="testcase1" time="0.000"/>
  <system-out/>
  <testcase classname="seleniumpoperties.AlwaysRunExample" name="testcase1" time="0.000"/>
  <system-out/>
  <testcase classname="seleniumpoperties.AlwaysRunExample" name="testcase1" time="0.000"/>
  <system-out/>
  <testcase classname="seleniumpoperties.AlwaysRunExample" name="testcase1" time="0.000"/>
  <system-out/>
  <testcase classname="seleniumpoperties.AlwaysRunExample" name="testcase1" time="0.000"/>
  <system-out/>
  <testcase classname="seleniumpoperties.AlwaysRunExample" name="testcase1" time="0.000"/>
  <system-out/>
  <testcase classname="seleniumpoperties.AlwaysRunExample" name="testcase1" time="0.001"/>
  <system-out/>
  <testcase classname="seleniumpoperties.AlwaysRunExample" name="testcase1" time="0.000"/>
  <system-out/>
  <testcase classname="seleniumpoperties.AlwaysRunExample" name="testcase1" time="0.001"/>
  <system-out/>
  <testcase classname="seleniumpoperties.AlwaysRunExample" name="testcase1" time="0.000"/>
  <system-out/>
  <testcase classname="seleniumpoperties.AlwaysRunExample" name="testcase1" time="0.000"/>
  <system-out/>
  <testcase classname="seleniumpoperties.AlwaysRunExample" name="testcase1" time="0.001"/>
  <system-out/>
  <testcase classname="seleniumpoperties.AlwaysRunExample" name="testcase1" time="0.000"/>
  <system-out/>
  <testcase classname="seleniumpoperties.AlwaysRunExample" name="testcase1" time="0.000"/>
  <system-out/>
  <testcase classname="seleniumpoperties.AlwaysRunExample" name="testcase1" time="0.000"/>
  <system-out/>
  <testcase classname="seleniumpoperties.AlwaysRunExample" name="testcase1" time="0.000"/>
  <system-out/>
  <testcase classname="seleniumpoperties.AlwaysRunExample" name="testcase1" time="0.000"/>
  <system-out/>
  <testcase classname="seleniumpoperties.AlwaysRunExample" name="testcase1" time="0.000"/>
  <system-out/>
  <testcase classname="seleniumpoperties.AlwaysRunExample" name="testcase1" time="0.000"/>
  <system-out/>
  <testcase classname="seleniumpoperties.AlwaysRunExample" name="testcase1" time="0.001"/>
  <system-out/>
  <testcase classname="seleniumpoperties.AlwaysRunExample" name="testcase1" time="0.001"/>
  <system-out/>
  <testcase classname="seleniumpoperties.AlwaysRunExample" name="testcase1" time="0.001"/>
  <system-out/>
  <testcase classname="seleniumpoperties.AlwaysRunExample" name="testcase1" time="0.000"/>
  <system-out/>
  <testcase classname="seleniumpoperties.AlwaysRunExample" name="testcase1" time="0.000"/>
  <system-out/>
  <testcase classname="seleniumpoperties.AlwaysRunExample" name="testcase1" time="0.000"/>
  <system-out/>
  <testcase classname="seleniumpoperties.AlwaysRunExample" name="testcase1" time="0.000"/>
  <system-out/>
  <testcase classname="seleniumpoperties.AlwaysRunExample" name="testcase1" time="0.000"/>
  <system-out/>
  <testcase classname="seleniumpoperties.AlwaysRunExample" name="testcase1" time="0.000"/>
  <system-out/>
  <testcase classname="seleniumpoperties.AlwaysRunExample" name="testcase1" time="0.000"/>
  <system-out/>
  <testcase classname="seleniumpoperties.AlwaysRunExample" name="testcase1" time="0.000"/>
  <system-out/>
  <testcase classname="seleniumpoperties.AlwaysRunExample" name="testcase1" time="0.001"/>
  <system-out/>
  <testcase classname="seleniumpoperties.AlwaysRunExample" name="testcase1" time="0.000"/>
  <system-out/>
  <testcase classname="seleniumpoperties.AlwaysRunExample" name="testcase1" time="0.000"/>
  <system-out/>
  <testcase classname="seleniumpoperties.AlwaysRunExample" name="testcase1" time="0.000"/>
  <system-out/>
  <testcase classname="seleniumpoperties.AlwaysRunExample" name="testcase1" time="0.000"/>
  <system-out/>
  <testcase classname="seleniumpoperties.AlwaysRunExample" name="testcase1" time="0.000"/>
  <system-out/>
  <testcase classname="seleniumpoperties.AlwaysRunExample" name="testcase1" time="0.001"/>
  <system-out/>
  <testcase classname="seleniumpoperties.AlwaysRunExample" name="testcase1" time="0.000"/>
  <system-out/>
  <testcase classname="seleniumpoperties.AlwaysRunExample" name="testcase1" time="0.000"/>
  <system-out/>
  <testcase classname="seleniumpoperties.AlwaysRunExample" name="testcase1" time="0.001"/>
  <system-out/>
  <testcase classname="seleniumpoperties.AlwaysRunExample" name="testcase1" time="0.000"/>
  <system-out/>
  <testcase classname="seleniumpoperties.AlwaysRunExample" name="testcase1" time="0.000"/>
  <system-out/>
  <testcase classname="seleniumpoperties.AlwaysRunExample" name="testcase1" time="0.000"/>
  <system-out/>
  <testcase classname="seleniumpoperties.AlwaysRunExample" name="testcase1" time="0.000"/>
  <system-out/>
  <testcase classname="seleniumpoperties.AlwaysRunExample" name="testcase1" time="0.001"/>
  <system-out/>
  <testcase classname="seleniumpoperties.AlwaysRunExample" name="testcase1" time="0.001"/>
  <system-out/>
  <testcase classname="seleniumpoperties.AlwaysRunExample" name="testcase1" time="0.000"/>
  <system-out/>
  <testcase classname="seleniumpoperties.AlwaysRunExample" name="testcase1" time="0.001"/>
  <system-out/>
  <testcase classname="seleniumpoperties.AlwaysRunExample" name="testcase1" time="0.000"/>
  <system-out/>
  <testcase classname="seleniumpoperties.AlwaysRunExample" name="testcase1" time="0.001"/>
  <system-out/>
  <testcase classname="seleniumpoperties.AlwaysRunExample" name="testcase1" time="0.000"/>
  <system-out/>
  <testcase classname="seleniumpoperties.AlwaysRunExample" name="testcase1" time="0.000"/>
  <system-out/>
  <testcase classname="seleniumpoperties.AlwaysRunExample" name="testcase1" time="0.000"/>
  <system-out/>
  <testcase classname="seleniumpoperties.AlwaysRunExample" name="testcase1" time="0.000"/>
  <system-out/>
  <testcase classname="seleniumpoperties.AlwaysRunExample" name="testcase1" time="0.000"/>
  <system-out/>
  <testcase classname="seleniumpoperties.AlwaysRunExample" name="testcase1" time="0.000"/>
  <system-out/>
  <testcase classname="seleniumpoperties.AlwaysRunExample" name="testcase1" time="0.000"/>
  <system-out/>
  <testcase classname="seleniumpoperties.AlwaysRunExample" name="testcase1" time="0.000"/>
  <system-out/>
  <testcase classname="seleniumpoperties.AlwaysRunExample" name="testcase1" time="0.000"/>
  <system-out/>
  <testcase classname="seleniumpoperties.AlwaysRunExample" name="testcase1" time="0.001"/>
  <system-out/>
  <testcase classname="seleniumpoperties.AlwaysRunExample" name="testcase1" time="0.000"/>
  <system-out/>
  <testcase classname="seleniumpoperties.AlwaysRunExample" name="testcase1" time="0.000"/>
  <system-out/>
  <testcase classname="seleniumpoperties.AlwaysRunExample" name="testcase1" time="0.000"/>
  <system-out/>
  <testcase classname="seleniumpoperties.AlwaysRunExample" name="testcase1" time="0.000"/>
  <system-out/>
  <testcase classname="seleniumpoperties.AlwaysRunExample" name="testcase1" time="0.000"/>
  <system-out/>
  <testcase classname="seleniumpoperties.AlwaysRunExample" name="testcase1" time="0.001"/>
  <system-out/>
  <testcase classname="seleniumpoperties.AlwaysRunExample" name="testcase1" time="0.000"/>
  <system-out/>
  <testcase classname="seleniumpoperties.AlwaysRunExample" name="testcase1" time="0.000"/>
  <system-out/>
  <testcase classname="seleniumpoperties.AlwaysRunExample" name="testcase1" time="0.000"/>
  <system-out/>
  <testcase classname="seleniumpoperties.AlwaysRunExample" name="testcase1" time="0.000"/>
  <system-out/>
  <testcase classname="seleniumpoperties.AlwaysRunExample" name="testcase1" time="0.000"/>
  <system-out/>
  <testcase classname="seleniumpoperties.AlwaysRunExample" name="testcase1" time="0.000"/>
  <system-out/>
  <testcase classname="seleniumpoperties.AlwaysRunExample" name="testcase1" time="0.001"/>
  <system-out/>
  <testcase classname="seleniumpoperties.AlwaysRunExample" name="testcase1" time="0.000"/>
  <system-out/>
  <testcase classname="seleniumpoperties.AlwaysRunExample" name="testcase1" time="0.000"/>
  <system-out/>
  <testcase classname="seleniumpoperties.AlwaysRunExample" name="testcase1" time="0.000"/>
  <system-out/>
  <testcase classname="seleniumpoperties.AlwaysRunExample" name="testcase1" time="0.000"/>
  <system-out/>
  <testcase classname="seleniumpoperties.AlwaysRunExample" name="testcase1" time="0.000"/>
  <system-out/>
  <testcase classname="seleniumpoperties.AlwaysRunExample" name="testcase1" time="0.001"/>
  <system-out/>
  <testcase classname="seleniumpoperties.AlwaysRunExample" name="testcase1" time="0.000"/>
  <system-out/>
  <testcase classname="seleniumpoperties.AlwaysRunExample" name="testcase1" time="0.001"/>
  <system-out/>
  <testcase classname="seleniumpoperties.AlwaysRunExample" name="testcase1" time="0.000"/>
  <system-out/>
  <testcase classname="seleniumpoperties.AlwaysRunExample" name="testcase1" time="0.000"/>
  <system-out/>
  <testcase classname="seleniumpoperties.AlwaysRunExample" name="testcase1" time="0.000"/>
  <system-out/>
  <testcase classname="seleniumpoperties.AlwaysRunExample" name="testcase1" time="0.000"/>
  <system-out/>
  <testcase classname="seleniumpoperties.AlwaysRunExample" name="testcase1" time="0.001"/>
  <system-out/>
  <testcase classname="seleniumpoperties.AlwaysRunExample" name="testcase1" time="0.000"/>
  <system-out/>
  <testcase classname="seleniumpoperties.AlwaysRunExample" name="testcase1" time="0.000"/>
  <system-out/>
  <testcase classname="seleniumpoperties.AlwaysRunExample" name="testcase1" time="0.000"/>
  <system-out/>
  <testcase classname="seleniumpoperties.AlwaysRunExample" name="testcase1" time="0.000"/>
  <system-out/>
  <testcase classname="seleniumpoperties.AlwaysRunExample" name="testcase1" time="0.000"/>
  <system-out/>
  <testcase classname="seleniumpoperties.AlwaysRunExample" name="testcase1" time="0.000"/>
  <system-out/>
  <testcase classname="seleniumpoperties.AlwaysRunExample" name="testcase1" time="0.001"/>
  <system-out/>
  <testcase classname="seleniumpoperties.AlwaysRunExample" name="testcase1" time="0.000"/>
  <system-out/>
  <testcase classname="seleniumpoperties.AlwaysRunExample" name="testcase1" time="0.000"/>
  <system-out/>
  <testcase classname="seleniumpoperties.AlwaysRunExample" name="testcase1" time="0.000"/>
  <system-out/>
  <testcase classname="seleniumpoperties.AlwaysRunExample" name="testcase1" time="0.000"/>
  <system-out/>
  <testcase classname="seleniumpoperties.AlwaysRunExample" name="testcase1" time="0.001"/>
  <system-out/>
  <testcase classname="seleniumpoperties.AlwaysRunExample" name="testcase1" time="0.000"/>
  <system-out/>
  <testcase classname="seleniumpoperties.AlwaysRunExample" name="testcase1" time="0.000"/>
  <system-out/>
  <testcase classname="seleniumpoperties.AlwaysRunExample" name="testcase1" time="0.000"/>
  <system-out/>
  <testcase classname="seleniumpoperties.AlwaysRunExample" name="testcase1" time="0.000"/>
  <system-out/>
  <testcase classname="seleniumpoperties.AlwaysRunExample" name="testcase1" time="0.000"/>
  <system-out/>
  <testcase classname="seleniumpoperties.AlwaysRunExample" name="testcase1" time="0.000"/>
  <system-out/>
  <testcase classname="seleniumpoperties.AlwaysRunExample" name="testcase1" time="0.000"/>
  <system-out/>
  <testcase classname="seleniumpoperties.AlwaysRunExample" name="testcase1" time="0.000"/>
  <system-out/>
  <testcase classname="seleniumpoperties.AlwaysRunExample" name="testcase1" time="0.000"/>
  <system-out/>
  <testcase classname="seleniumpoperties.AlwaysRunExample" name="testcase1" time="0.000"/>
  <system-out/>
  <testcase classname="seleniumpoperties.AlwaysRunExample" name="testcase1" time="0.000"/>
  <system-out/>
  <testcase classname="seleniumpoperties.AlwaysRunExample" name="testcase1" time="0.000"/>
  <system-out/>
  <testcase classname="seleniumpoperties.AlwaysRunExample" name="testcase1" time="0.001"/>
  <system-out/>
  <testcase classname="seleniumpoperties.AlwaysRunExample" name="testcase1" time="0.000"/>
  <system-out/>
  <testcase classname="seleniumpoperties.AlwaysRunExample" name="testcase1" time="0.000"/>
  <system-out/>
  <testcase classname="seleniumpoperties.AlwaysRunExample" name="testcase1" time="0.000"/>
  <system-out/>
  <testcase classname="seleniumpoperties.AlwaysRunExample" name="testcase1" time="0.000"/>
  <system-out/>
  <testcase classname="seleniumpoperties.AlwaysRunExample" name="testcase1" time="0.000"/>
  <system-out/>
  <testcase classname="seleniumpoperties.AlwaysRunExample" name="testcase1" time="0.000"/>
  <system-out/>
  <testcase classname="seleniumpoperties.AlwaysRunExample" name="testcase1" time="0.000"/>
  <system-out/>
  <testcase classname="seleniumpoperties.AlwaysRunExample" name="testcase1" time="0.000"/>
  <system-out/>
  <testcase classname="seleniumpoperties.AlwaysRunExample" name="testcase1" time="0.000"/>
  <system-out/>
  <testcase classname="seleniumpoperties.AlwaysRunExample" name="testcase1" time="0.001"/>
  <system-out/>
  <testcase classname="seleniumpoperties.AlwaysRunExample" name="testcase1" time="0.000"/>
  <system-out/>
  <testcase classname="seleniumpoperties.AlwaysRunExample" name="testcase1" time="0.000"/>
  <system-out/>
  <testcase classname="seleniumpoperties.AlwaysRunExample" name="testcase1" time="0.000"/>
  <system-out/>
  <testcase classname="seleniumpoperties.AlwaysRunExample" name="testcase1" time="0.000"/>
  <system-out/>
  <testcase classname="seleniumpoperties.AlwaysRunExample" name="testcase1" time="0.001"/>
  <system-out/>
  <testcase classname="seleniumpoperties.AlwaysRunExample" name="testcase1" time="0.000"/>
  <system-out/>
  <testcase classname="seleniumpoperties.AlwaysRunExample" name="testcase1" time="0.000"/>
  <system-out/>
  <testcase classname="seleniumpoperties.AlwaysRunExample" name="testcase1" time="0.000"/>
  <system-out/>
  <testcase classname="seleniumpoperties.AlwaysRunExample" name="testcase1" time="0.000"/>
  <system-out/>
  <testcase classname="seleniumpoperties.AlwaysRunExample" name="testcase1" time="0.000"/>
  <system-out/>
  <testcase classname="seleniumpoperties.AlwaysRunExample" name="testcase1" time="0.000"/>
  <system-out/>
  <testcase classname="seleniumpoperties.AlwaysRunExample" name="testcase1" time="0.001"/>
  <system-out/>
  <testcase classname="seleniumpoperties.AlwaysRunExample" name="testcase1" time="0.000"/>
  <system-out/>
  <testcase classname="seleniumpoperties.AlwaysRunExample" name="testcase1" time="0.001"/>
  <system-out/>
  <testcase classname="seleniumpoperties.AlwaysRunExample" name="testcase1" time="0.001"/>
  <system-out/>
  <testcase classname="seleniumpoperties.AlwaysRunExample" name="testcase1" time="0.000"/>
  <system-out/>
  <testcase classname="seleniumpoperties.AlwaysRunExample" name="testcase1" time="0.000"/>
  <system-out/>
  <testcase classname="seleniumpoperties.AlwaysRunExample" name="testcase1" time="0.000"/>
  <system-out/>
  <testcase classname="seleniumpoperties.AlwaysRunExample" name="testcase1" time="0.000"/>
  <system-out/>
  <testcase classname="seleniumpoperties.AlwaysRunExample" name="testcase1" time="0.001"/>
  <system-out/>
  <testcase classname="seleniumpoperties.AlwaysRunExample" name="testcase1" time="0.000"/>
  <system-out/>
  <testcase classname="seleniumpoperties.AlwaysRunExample" name="testcase1" time="0.000"/>
  <system-out/>
  <testcase classname="seleniumpoperties.AlwaysRunExample" name="testcase1" time="0.000"/>
  <system-out/>
  <testcase classname="seleniumpoperties.AlwaysRunExample" name="testcase1" time="0.000"/>
  <system-out/>
  <testcase classname="seleniumpoperties.AlwaysRunExample" name="testcase1" time="0.000"/>
  <system-out/>
  <testcase classname="seleniumpoperties.AlwaysRunExample" name="testcase1" time="0.001"/>
  <system-out/>
  <testcase classname="seleniumpoperties.AlwaysRunExample" name="testcase1" time="0.000"/>
  <system-out/>
  <testcase classname="seleniumpoperties.AlwaysRunExample" name="testcase1" time="0.000"/>
  <system-out/>
  <testcase classname="seleniumpoperties.AlwaysRunExample" name="testcase1" time="0.000"/>
  <system-out/>
  <testcase classname="seleniumpoperties.AlwaysRunExample" name="testcase1" time="0.000"/>
  <system-out/>
  <testcase classname="seleniumpoperties.AlwaysRunExample" name="testcase1" time="0.000"/>
  <system-out/>
  <testcase classname="seleniumpoperties.AlwaysRunExample" name="testcase1" time="0.000"/>
  <system-out/>
  <testcase classname="seleniumpoperties.AlwaysRunExample" name="testcase1" time="0.000"/>
  <system-out/>
  <testcase classname="seleniumpoperties.AlwaysRunExample" name="testcase1" time="0.000"/>
  <system-out/>
  <testcase classname="seleniumpoperties.AlwaysRunExample" name="testcase1" time="0.000"/>
  <system-out/>
  <testcase classname="seleniumpoperties.AlwaysRunExample" name="testcase1" time="0.001"/>
  <system-out/>
  <testcase classname="seleniumpoperties.AlwaysRunExample" name="testcase1" time="0.000"/>
  <system-out/>
  <testcase classname="seleniumpoperties.AlwaysRunExample" name="testcase1" time="0.000"/>
  <system-out/>
  <testcase classname="seleniumpoperties.AlwaysRunExample" name="testcase1" time="0.000"/>
  <system-out/>
  <testcase classname="seleniumpoperties.AlwaysRunExample" name="testcase1" time="0.000"/>
  <system-out/>
  <testcase classname="seleniumpoperties.AlwaysRunExample" name="testcase1" time="0.000"/>
  <system-out/>
  <testcase classname="seleniumpoperties.AlwaysRunExample" name="testcase1" time="0.000"/>
  <system-out/>
  <testcase classname="seleniumpoperties.AlwaysRunExample" name="testcase1" time="0.000"/>
  <system-out/>
  <testcase classname="seleniumpoperties.AlwaysRunExample" name="testcase1" time="0.001"/>
  <system-out/>
  <testcase classname="seleniumpoperties.AlwaysRunExample" name="testcase1" time="0.000"/>
  <system-out/>
  <testcase classname="seleniumpoperties.AlwaysRunExample" name="testcase1" time="0.000"/>
  <system-out/>
  <testcase classname="seleniumpoperties.AlwaysRunExample" name="testcase1" time="0.000"/>
  <system-out/>
  <testcase classname="seleniumpoperties.AlwaysRunExample" name="testcase1" time="0.000"/>
  <system-out/>
  <testcase classname="seleniumpoperties.AlwaysRunExample" name="testcase1" time="0.000"/>
  <system-out/>
  <testcase classname="seleniumpoperties.AlwaysRunExample" name="testcase1" time="0.000"/>
  <system-out/>
  <testcase classname="seleniumpoperties.AlwaysRunExample" name="testcase1" time="0.000"/>
  <system-out/>
  <testcase classname="seleniumpoperties.AlwaysRunExample" name="testcase1" time="0.000"/>
  <system-out/>
  <testcase classname="seleniumpoperties.AlwaysRunExample" name="testcase1" time="0.000"/>
  <system-out/>
  <testcase classname="seleniumpoperties.AlwaysRunExample" name="testcase1" time="0.001"/>
  <system-out/>
  <testcase classname="seleniumpoperties.AlwaysRunExample" name="testcase1" time="0.000"/>
  <system-out/>
  <testcase classname="seleniumpoperties.AlwaysRunExample" name="testcase1" time="0.000"/>
  <system-out/>
  <testcase classname="seleniumpoperties.AlwaysRunExample" name="testcase1" time="0.000"/>
  <system-out/>
  <testcase classname="seleniumpoperties.AlwaysRunExample" name="testcase1" time="0.001"/>
  <system-out/>
  <testcase classname="seleniumpoperties.AlwaysRunExample" name="testcase1" time="0.000"/>
  <system-out/>
  <testcase classname="seleniumpoperties.AlwaysRunExample" name="testcase1" time="0.000"/>
  <system-out/>
  <testcase classname="seleniumpoperties.AlwaysRunExample" name="testcase1" time="0.001"/>
  <system-out/>
  <testcase classname="seleniumpoperties.AlwaysRunExample" name="testcase1" time="0.001"/>
  <system-out/>
  <testcase classname="seleniumpoperties.AlwaysRunExample" name="testcase1" time="0.000"/>
  <system-out/>
  <testcase classname="seleniumpoperties.AlwaysRunExample" name="testcase1" time="0.000"/>
  <system-out/>
  <testcase classname="seleniumpoperties.AlwaysRunExample" name="testcase1" time="0.000"/>
  <system-out/>
  <testcase classname="seleniumpoperties.AlwaysRunExample" name="testcase1" time="0.001"/>
  <system-out/>
  <testcase classname="seleniumpoperties.AlwaysRunExample" name="testcase1" time="0.000"/>
  <system-out/>
  <testcase classname="seleniumpoperties.AlwaysRunExample" name="testcase1" time="0.000"/>
  <system-out/>
  <testcase classname="seleniumpoperties.AlwaysRunExample" name="testcase1" time="0.000"/>
  <system-out/>
  <testcase classname="seleniumpoperties.AlwaysRunExample" name="testcase1" time="0.000"/>
  <system-out/>
  <testcase classname="seleniumpoperties.AlwaysRunExample" name="testcase1" time="0.000"/>
  <system-out/>
  <testcase classname="seleniumpoperties.AlwaysRunExample" name="testcase1" time="0.000"/>
  <system-out/>
  <testcase classname="seleniumpoperties.AlwaysRunExample" name="testcase1" time="0.001"/>
  <system-out/>
  <testcase classname="seleniumpoperties.AlwaysRunExample" name="testcase1" time="0.000"/>
  <system-out/>
  <testcase classname="seleniumpoperties.AlwaysRunExample" name="testcase1" time="0.000"/>
  <system-out/>
  <testcase classname="seleniumpoperties.AlwaysRunExample" name="testcase1" time="0.000"/>
  <system-out/>
  <testcase classname="seleniumpoperties.AlwaysRunExample" name="testcase1" time="0.001"/>
  <system-out/>
  <testcase classname="seleniumpoperties.AlwaysRunExample" name="testcase1" time="0.000"/>
  <system-out/>
  <testcase classname="seleniumpoperties.AlwaysRunExample" name="testcase1" time="0.000"/>
  <system-out/>
  <testcase classname="seleniumpoperties.AlwaysRunExample" name="testcase1" time="0.000"/>
  <system-out/>
  <testcase classname="seleniumpoperties.AlwaysRunExample" name="testcase1" time="0.000"/>
  <system-out/>
  <testcase classname="seleniumpoperties.AlwaysRunExample" name="testcase1" time="0.000"/>
  <system-out/>
  <testcase classname="seleniumpoperties.AlwaysRunExample" name="testcase1" time="0.000"/>
  <system-out/>
  <testcase classname="seleniumpoperties.AlwaysRunExample" name="testcase1" time="0.000"/>
  <system-out/>
  <testcase classname="seleniumpoperties.AlwaysRunExample" name="testcase1" time="0.000"/>
  <system-out/>
  <testcase classname="seleniumpoperties.AlwaysRunExample" name="testcase1" time="0.004"/>
  <system-out/>
  <testcase classname="seleniumpoperties.AlwaysRunExample" name="testcase1" time="0.000"/>
  <system-out/>
  <testcase classname="seleniumpoperties.AlwaysRunExample" name="testcase1" time="0.000"/>
  <system-out/>
  <testcase classname="seleniumpoperties.AlwaysRunExample" name="testcase1" time="0.001"/>
  <system-out/>
  <testcase classname="seleniumpoperties.AlwaysRunExample" name="testcase1" time="0.001"/>
  <system-out/>
  <testcase classname="seleniumpoperties.AlwaysRunExample" name="testcase1" time="0.000"/>
  <system-out/>
  <testcase classname="seleniumpoperties.AlwaysRunExample" name="testcase1" time="0.000"/>
  <system-out/>
  <testcase classname="seleniumpoperties.AlwaysRunExample" name="testcase1" time="0.000"/>
  <system-out/>
  <testcase classname="seleniumpoperties.AlwaysRunExample" name="testcase1" time="0.000"/>
  <system-out/>
  <testcase classname="seleniumpoperties.AlwaysRunExample" name="testcase1" time="0.000"/>
  <system-out/>
  <testcase classname="seleniumpoperties.AlwaysRunExample" name="testcase1" time="0.000"/>
  <system-out/>
  <testcase classname="seleniumpoperties.AlwaysRunExample" name="testcase1" time="0.000"/>
  <system-out/>
  <testcase classname="seleniumpoperties.AlwaysRunExample" name="testcase1" time="0.000"/>
  <system-out/>
  <testcase classname="seleniumpoperties.AlwaysRunExample" name="testcase1" time="0.000"/>
  <system-out/>
  <testcase classname="seleniumpoperties.AlwaysRunExample" name="testcase1" time="0.000"/>
  <system-out/>
  <testcase classname="seleniumpoperties.AlwaysRunExample" name="testcase1" time="0.000"/>
  <system-out/>
  <testcase classname="seleniumpoperties.AlwaysRunExample" name="testcase1" time="0.000"/>
  <system-out/>
  <testcase classname="seleniumpoperties.AlwaysRunExample" name="testcase1" time="0.000"/>
  <system-out/>
  <testcase classname="seleniumpoperties.AlwaysRunExample" name="testcase1" time="0.000"/>
  <system-out/>
  <testcase classname="seleniumpoperties.AlwaysRunExample" name="testcase1" time="0.000"/>
  <system-out/>
  <testcase classname="seleniumpoperties.AlwaysRunExample" name="testcase1" time="0.000"/>
  <system-out/>
  <testcase classname="seleniumpoperties.AlwaysRunExample" name="testcase1" time="0.000"/>
  <system-out/>
  <testcase classname="seleniumpoperties.AlwaysRunExample" name="testcase1" time="0.001"/>
  <system-out/>
  <testcase classname="seleniumpoperties.AlwaysRunExample" name="testcase1" time="0.001"/>
  <system-out/>
  <testcase classname="seleniumpoperties.AlwaysRunExample" name="testcase1" time="0.000"/>
  <system-out/>
  <testcase classname="seleniumpoperties.AlwaysRunExample" name="testcase1" time="0.000"/>
  <system-out/>
  <testcase classname="seleniumpoperties.AlwaysRunExample" name="testcase1" time="0.001"/>
  <system-out/>
  <testcase classname="seleniumpoperties.AlwaysRunExample" name="testcase1" time="0.000"/>
  <system-out/>
  <testcase classname="seleniumpoperties.AlwaysRunExample" name="testcase1" time="0.000"/>
  <system-out/>
  <testcase classname="seleniumpoperties.AlwaysRunExample" name="testcase1" time="0.000"/>
  <system-out/>
  <testcase classname="seleniumpoperties.AlwaysRunExample" name="testcase1" time="0.000"/>
  <system-out/>
  <testcase classname="seleniumpoperties.AlwaysRunExample" name="testcase1" time="0.000"/>
  <system-out/>
  <testcase classname="seleniumpoperties.AlwaysRunExample" name="testcase1" time="0.000"/>
  <system-out/>
  <testcase classname="seleniumpoperties.AlwaysRunExample" name="testcase1" time="0.000"/>
  <system-out/>
  <testcase classname="seleniumpoperties.AlwaysRunExample" name="testcase1" time="0.000"/>
  <system-out/>
  <testcase classname="seleniumpoperties.AlwaysRunExample" name="testcase1" time="0.000"/>
  <system-out/>
  <testcase classname="seleniumpoperties.AlwaysRunExample" name="testcase1" time="0.000"/>
  <system-out/>
  <testcase classname="seleniumpoperties.AlwaysRunExample" name="testcase1" time="0.000"/>
  <system-out/>
  <testcase classname="seleniumpoperties.AlwaysRunExample" name="testcase1" time="0.000"/>
  <system-out/>
  <testcase classname="seleniumpoperties.AlwaysRunExample" name="testcase1" time="0.000"/>
  <system-out/>
  <testcase classname="seleniumpoperties.AlwaysRunExample" name="testcase1" time="0.000"/>
  <system-out/>
  <testcase classname="seleniumpoperties.AlwaysRunExample" name="testcase1" time="0.000"/>
  <system-out/>
  <testcase classname="seleniumpoperties.AlwaysRunExample" name="testcase1" time="0.000"/>
  <system-out/>
  <testcase classname="seleniumpoperties.AlwaysRunExample" name="testcase1" time="0.000"/>
  <system-out/>
  <testcase classname="seleniumpoperties.AlwaysRunExample" name="testcase1" time="0.000"/>
  <system-out/>
  <testcase classname="seleniumpoperties.AlwaysRunExample" name="testcase1" time="0.000"/>
  <system-out/>
  <testcase classname="seleniumpoperties.AlwaysRunExample" name="testcase1" time="0.001"/>
  <system-out/>
  <testcase classname="seleniumpoperties.AlwaysRunExample" name="testcase1" time="0.000"/>
  <system-out/>
  <testcase classname="seleniumpoperties.AlwaysRunExample" name="testcase1" time="0.000"/>
  <system-out/>
  <testcase classname="seleniumpoperties.AlwaysRunExample" name="testcase1" time="0.000"/>
  <system-out/>
  <testcase classname="seleniumpoperties.AlwaysRunExample" name="testcase1" time="0.000"/>
  <system-out/>
  <testcase classname="seleniumpoperties.AlwaysRunExample" name="testcase1" time="0.000"/>
  <system-out/>
  <testcase classname="seleniumpoperties.AlwaysRunExample" name="testcase1" time="0.000"/>
  <system-out/>
  <testcase classname="seleniumpoperties.AlwaysRunExample" name="testcase1" time="0.001"/>
  <system-out/>
  <testcase classname="seleniumpoperties.AlwaysRunExample" name="testcase1" time="0.000"/>
  <system-out/>
  <testcase classname="seleniumpoperties.AlwaysRunExample" name="testcase1" time="0.000"/>
  <system-out/>
  <testcase classname="seleniumpoperties.AlwaysRunExample" name="testcase1" time="0.000"/>
  <system-out/>
  <testcase classname="seleniumpoperties.AlwaysRunExample" name="testcase1" time="0.000"/>
  <system-out/>
  <testcase classname="seleniumpoperties.AlwaysRunExample" name="testcase1" time="0.001"/>
  <system-out/>
  <testcase classname="seleniumpoperties.AlwaysRunExample" name="testcase1" time="0.000"/>
  <system-out/>
  <testcase classname="seleniumpoperties.AlwaysRunExample" name="testcase1" time="0.000"/>
  <system-out/>
  <testcase classname="seleniumpoperties.AlwaysRunExample" name="testcase1" time="0.001"/>
  <system-out/>
  <testcase classname="seleniumpoperties.AlwaysRunExample" name="testcase1" time="0.001"/>
  <system-out/>
  <testcase classname="seleniumpoperties.AlwaysRunExample" name="testcase1" time="0.000"/>
  <system-out/>
  <testcase classname="seleniumpoperties.AlwaysRunExample" name="testcase1" time="0.000"/>
  <system-out/>
  <testcase classname="seleniumpoperties.AlwaysRunExample" name="testcase1" time="0.000"/>
  <system-out/>
  <testcase classname="seleniumpoperties.AlwaysRunExample" name="testcase1" time="0.001"/>
  <system-out/>
  <testcase classname="seleniumpoperties.AlwaysRunExample" name="testcase1" time="0.000"/>
  <system-out/>
  <testcase classname="seleniumpoperties.AlwaysRunExample" name="testcase1" time="0.001"/>
  <system-out/>
  <testcase classname="seleniumpoperties.AlwaysRunExample" name="testcase1" time="0.000"/>
  <system-out/>
  <testcase classname="seleniumpoperties.AlwaysRunExample" name="testcase1" time="0.000"/>
  <system-out/>
  <testcase classname="seleniumpoperties.AlwaysRunExample" name="testcase1" time="0.001"/>
  <system-out/>
  <testcase classname="seleniumpoperties.AlwaysRunExample" name="testcase1" time="0.000"/>
  <system-out/>
  <testcase classname="seleniumpoperties.AlwaysRunExample" name="testcase1" time="0.000"/>
  <system-out/>
  <testcase classname="seleniumpoperties.AlwaysRunExample" name="testcase1" time="0.000"/>
  <system-out/>
  <testcase classname="seleniumpoperties.AlwaysRunExample" name="testcase1" time="0.001"/>
  <system-out/>
  <testcase classname="seleniumpoperties.AlwaysRunExample" name="testcase1" time="0.000"/>
  <system-out/>
  <testcase classname="seleniumpoperties.AlwaysRunExample" name="testcase1" time="0.000"/>
  <system-out/>
  <testcase classname="seleniumpoperties.AlwaysRunExample" name="testcase1" time="0.000"/>
  <system-out/>
  <testcase classname="seleniumpoperties.AlwaysRunExample" name="testcase1" time="0.000"/>
  <system-out/>
  <testcase classname="seleniumpoperties.AlwaysRunExample" name="testcase1" time="0.000"/>
  <system-out/>
  <testcase classname="seleniumpoperties.AlwaysRunExample" name="testcase1" time="0.000"/>
  <system-out/>
  <testcase classname="seleniumpoperties.AlwaysRunExample" name="testcase1" time="0.000"/>
  <system-out/>
  <testcase classname="seleniumpoperties.AlwaysRunExample" name="testcase1" time="0.000"/>
  <system-out/>
  <testcase classname="seleniumpoperties.AlwaysRunExample" name="testcase1" time="0.000"/>
  <system-out/>
  <testcase classname="seleniumpoperties.AlwaysRunExample" name="testcase1" time="0.000"/>
  <system-out/>
  <testcase classname="seleniumpoperties.AlwaysRunExample" name="testcase1" time="0.000"/>
  <system-out/>
  <testcase classname="seleniumpoperties.AlwaysRunExample" name="testcase1" time="0.000"/>
  <system-out/>
  <testcase classname="seleniumpoperties.AlwaysRunExample" name="testcase1" time="0.000"/>
  <system-out/>
  <testcase classname="seleniumpoperties.AlwaysRunExample" name="testcase1" time="0.000"/>
  <system-out/>
  <testcase classname="seleniumpoperties.AlwaysRunExample" name="testcase1" time="0.000"/>
  <system-out/>
  <testcase classname="seleniumpoperties.AlwaysRunExample" name="testcase1" time="0.001"/>
  <system-out/>
  <testcase classname="seleniumpoperties.AlwaysRunExample" name="testcase1" time="0.002"/>
  <system-out/>
  <testcase classname="seleniumpoperties.AlwaysRunExample" name="testcase1" time="0.000"/>
  <system-out/>
  <testcase classname="seleniumpoperties.AlwaysRunExample" name="testcase1" time="0.000"/>
  <system-out/>
  <testcase classname="seleniumpoperties.AlwaysRunExample" name="testcase1" time="0.000"/>
  <system-out/>
  <testcase classname="seleniumpoperties.AlwaysRunExample" name="testcase1" time="0.000"/>
  <system-out/>
  <testcase classname="seleniumpoperties.AlwaysRunExample" name="testcase1" time="0.001"/>
  <system-out/>
  <testcase classname="seleniumpoperties.AlwaysRunExample" name="testcase1" time="0.000"/>
  <system-out/>
  <testcase classname="seleniumpoperties.AlwaysRunExample" name="testcase1" time="0.000"/>
  <system-out/>
  <testcase classname="seleniumpoperties.AlwaysRunExample" name="testcase1" time="0.000"/>
  <system-out/>
  <testcase classname="seleniumpoperties.AlwaysRunExample" name="testcase1" time="0.000"/>
  <system-out/>
  <testcase classname="seleniumpoperties.AlwaysRunExample" name="testcase1" time="0.000"/>
  <system-out/>
  <testcase classname="seleniumpoperties.AlwaysRunExample" name="testcase1" time="0.000"/>
  <system-out/>
  <testcase classname="seleniumpoperties.AlwaysRunExample" name="testcase1" time="0.000"/>
  <system-out/>
  <testcase classname="seleniumpoperties.AlwaysRunExample" name="testcase1" time="0.000"/>
  <system-out/>
  <testcase classname="seleniumpoperties.AlwaysRunExample" name="testcase1" time="0.000"/>
  <system-out/>
  <testcase classname="seleniumpoperties.AlwaysRunExample" name="testcase1" time="0.000"/>
  <system-out/>
  <testcase classname="seleniumpoperties.AlwaysRunExample" name="testcase1" time="0.000"/>
  <system-out/>
  <testcase classname="seleniumpoperties.AlwaysRunExample" name="testcase1" time="0.000"/>
  <system-out/>
  <testcase classname="seleniumpoperties.AlwaysRunExample" name="testcase1" time="0.000"/>
  <system-out/>
  <testcase classname="seleniumpoperties.AlwaysRunExample" name="testcase1" time="0.000"/>
  <system-out/>
  <testcase classname="seleniumpoperties.AlwaysRunExample" name="testcase1" time="0.000"/>
  <system-out/>
  <testcase classname="seleniumpoperties.AlwaysRunExample" name="testcase1" time="0.000"/>
  <system-out/>
  <testcase classname="seleniumpoperties.AlwaysRunExample" name="testcase1" time="0.000"/>
  <system-out/>
  <testcase classname="seleniumpoperties.AlwaysRunExample" name="testcase1" time="0.000"/>
  <system-out/>
  <testcase classname="seleniumpoperties.AlwaysRunExample" name="testcase1" time="0.000"/>
  <system-out/>
  <testcase classname="seleniumpoperties.AlwaysRunExample" name="testcase1" time="0.000"/>
  <system-out/>
  <testcase classname="seleniumpoperties.AlwaysRunExample" name="testcase1" time="0.001"/>
  <system-out/>
  <testcase classname="seleniumpoperties.AlwaysRunExample" name="testcase1" time="0.000"/>
  <system-out/>
  <testcase classname="seleniumpoperties.AlwaysRunExample" name="testcase1" time="0.000"/>
  <system-out/>
  <testcase classname="seleniumpoperties.AlwaysRunExample" name="testcase1" time="0.001"/>
  <system-out/>
  <testcase classname="seleniumpoperties.AlwaysRunExample" name="testcase1" time="0.000"/>
  <system-out/>
  <testcase classname="seleniumpoperties.AlwaysRunExample" name="testcase1" time="0.000"/>
  <system-out/>
  <testcase classname="seleniumpoperties.AlwaysRunExample" name="testcase1" time="0.000"/>
  <system-out/>
  <testcase classname="seleniumpoperties.AlwaysRunExample" name="testcase1" time="0.000"/>
  <system-out/>
  <testcase classname="seleniumpoperties.AlwaysRunExample" name="testcase1" time="0.000"/>
  <system-out/>
  <testcase classname="seleniumpoperties.AlwaysRunExample" name="testcase1" time="0.000"/>
  <system-out/>
  <testcase classname="seleniumpoperties.AlwaysRunExample" name="testcase1" time="0.001"/>
  <system-out/>
  <testcase classname="seleniumpoperties.AlwaysRunExample" name="testcase1" time="0.000"/>
  <system-out/>
  <testcase classname="seleniumpoperties.AlwaysRunExample" name="testcase1" time="0.001"/>
  <system-out/>
  <testcase classname="seleniumpoperties.AlwaysRunExample" name="testcase1" time="0.000"/>
  <system-out/>
  <testcase classname="seleniumpoperties.AlwaysRunExample" name="testcase1" time="0.000"/>
  <system-out/>
  <testcase classname="seleniumpoperties.AlwaysRunExample" name="testcase1" time="0.000"/>
  <system-out/>
  <testcase classname="seleniumpoperties.AlwaysRunExample" name="testcase1" time="0.000"/>
  <system-out/>
  <testcase classname="seleniumpoperties.AlwaysRunExample" name="testcase1" time="0.000"/>
  <system-out/>
  <testcase classname="seleniumpoperties.AlwaysRunExample" name="testcase1" time="0.001"/>
  <system-out/>
  <testcase classname="seleniumpoperties.AlwaysRunExample" name="testcase1" time="0.000"/>
  <system-out/>
  <testcase classname="seleniumpoperties.AlwaysRunExample" name="testcase1" time="0.001"/>
  <system-out/>
  <testcase classname="seleniumpoperties.AlwaysRunExample" name="testcase1" time="0.000"/>
  <system-out/>
  <testcase classname="seleniumpoperties.AlwaysRunExample" name="testcase1" time="0.000"/>
  <system-out/>
  <testcase classname="seleniumpoperties.AlwaysRunExample" name="testcase1" time="0.001"/>
  <system-out/>
  <testcase classname="seleniumpoperties.AlwaysRunExample" name="testcase1" time="0.000"/>
  <system-out/>
  <testcase classname="seleniumpoperties.AlwaysRunExample" name="testcase1" time="0.000"/>
  <system-out/>
  <testcase classname="seleniumpoperties.AlwaysRunExample" name="testcase1" time="0.000"/>
  <system-out/>
  <testcase classname="seleniumpoperties.AlwaysRunExample" name="testcase1" time="0.000"/>
  <system-out/>
  <testcase classname="seleniumpoperties.AlwaysRunExample" name="testcase1" time="0.000"/>
  <system-out/>
  <testcase classname="seleniumpoperties.AlwaysRunExample" name="testcase1" time="0.000"/>
  <system-out/>
  <testcase classname="seleniumpoperties.AlwaysRunExample" name="testcase1" time="0.000"/>
  <system-out/>
  <testcase classname="seleniumpoperties.AlwaysRunExample" name="testcase1" time="0.000"/>
  <system-out/>
  <testcase classname="seleniumpoperties.AlwaysRunExample" name="testcase1" time="0.001"/>
  <system-out/>
  <testcase classname="seleniumpoperties.AlwaysRunExample" name="testcase1" time="0.000"/>
  <system-out/>
  <testcase classname="seleniumpoperties.AlwaysRunExample" name="testcase1" time="0.000"/>
  <system-out/>
  <testcase classname="seleniumpoperties.AlwaysRunExample" name="testcase1" time="0.000"/>
  <system-out/>
  <testcase classname="seleniumpoperties.AlwaysRunExample" name="testcase1" time="0.001"/>
  <system-out/>
  <testcase classname="seleniumpoperties.AlwaysRunExample" name="testcase1" time="0.000"/>
  <system-out/>
  <testcase classname="seleniumpoperties.AlwaysRunExample" name="testcase1" time="0.000"/>
  <system-out/>
  <testcase classname="seleniumpoperties.AlwaysRunExample" name="testcase1" time="0.000"/>
  <system-out/>
  <testcase classname="seleniumpoperties.AlwaysRunExample" name="testcase1" time="0.000"/>
  <system-out/>
  <testcase classname="seleniumpoperties.AlwaysRunExample" name="testcase1" time="0.000"/>
  <system-out/>
  <testcase classname="seleniumpoperties.AlwaysRunExample" name="testcase1" time="0.000"/>
  <system-out/>
  <testcase classname="seleniumpoperties.AlwaysRunExample" name="testcase1" time="0.001"/>
  <system-out/>
  <testcase classname="seleniumpoperties.AlwaysRunExample" name="testcase1" time="0.000"/>
  <system-out/>
  <testcase classname="seleniumpoperties.AlwaysRunExample" name="testcase1" time="0.000"/>
  <system-out/>
  <testcase classname="seleniumpoperties.AlwaysRunExample" name="testcase1" time="0.000"/>
  <system-out/>
  <testcase classname="seleniumpoperties.AlwaysRunExample" name="testcase1" time="0.000"/>
  <system-out/>
  <testcase classname="seleniumpoperties.AlwaysRunExample" name="testcase1" time="0.000"/>
  <system-out/>
  <testcase classname="seleniumpoperties.AlwaysRunExample" name="testcase1" time="0.001"/>
  <system-out/>
  <testcase classname="seleniumpoperties.AlwaysRunExample" name="testcase1" time="0.000"/>
  <system-out/>
  <testcase classname="seleniumpoperties.AlwaysRunExample" name="testcase1" time="0.000"/>
  <system-out/>
  <testcase classname="seleniumpoperties.AlwaysRunExample" name="testcase1" time="0.000"/>
  <system-out/>
  <testcase classname="seleniumpoperties.AlwaysRunExample" name="testcase1" time="0.000"/>
  <system-out/>
  <testcase classname="seleniumpoperties.AlwaysRunExample" name="testcase1" time="0.000"/>
  <system-out/>
  <testcase classname="seleniumpoperties.AlwaysRunExample" name="testcase1" time="0.000"/>
  <system-out/>
  <testcase classname="seleniumpoperties.AlwaysRunExample" name="testcase1" time="0.000"/>
  <system-out/>
  <testcase classname="seleniumpoperties.AlwaysRunExample" name="testcase1" time="0.000"/>
  <system-out/>
  <testcase classname="seleniumpoperties.AlwaysRunExample" name="testcase1" time="0.000"/>
  <system-out/>
  <testcase classname="seleniumpoperties.AlwaysRunExample" name="testcase1" time="0.000"/>
  <system-out/>
  <testcase classname="seleniumpoperties.AlwaysRunExample" name="testcase1" time="0.000"/>
  <system-out/>
  <testcase classname="seleniumpoperties.AlwaysRunExample" name="testcase1" time="0.000"/>
  <system-out/>
  <testcase classname="seleniumpoperties.AlwaysRunExample" name="testcase1" time="0.000"/>
  <system-out/>
  <testcase classname="seleniumpoperties.AlwaysRunExample" name="testcase1" time="0.000"/>
  <system-out/>
  <testcase classname="seleniumpoperties.AlwaysRunExample" name="testcase1" time="0.000"/>
  <system-out/>
  <testcase classname="seleniumpoperties.AlwaysRunExample" name="testcase1" time="0.000"/>
  <system-out/>
  <testcase classname="seleniumpoperties.AlwaysRunExample" name="testcase1" time="0.000"/>
  <system-out/>
  <testcase classname="seleniumpoperties.AlwaysRunExample" name="testcase1" time="0.001"/>
  <system-out/>
  <testcase classname="seleniumpoperties.AlwaysRunExample" name="testcase1" time="0.000"/>
  <system-out/>
  <testcase classname="seleniumpoperties.AlwaysRunExample" name="testcase1" time="0.001"/>
  <system-out/>
  <testcase classname="seleniumpoperties.AlwaysRunExample" name="testcase1" time="0.000"/>
  <system-out/>
  <testcase classname="seleniumpoperties.AlwaysRunExample" name="testcase1" time="0.000"/>
  <system-out/>
  <testcase classname="seleniumpoperties.AlwaysRunExample" name="testcase1" time="0.000"/>
  <system-out/>
  <testcase classname="seleniumpoperties.AlwaysRunExample" name="testcase1" time="0.000"/>
  <system-out/>
  <testcase classname="seleniumpoperties.AlwaysRunExample" name="testcase1" time="0.000"/>
  <system-out/>
  <testcase classname="seleniumpoperties.AlwaysRunExample" name="testcase1" time="0.000"/>
  <system-out/>
  <testcase classname="seleniumpoperties.AlwaysRunExample" name="testcase1" time="0.000"/>
  <system-out/>
  <testcase classname="seleniumpoperties.AlwaysRunExample" name="testcase1" time="0.001"/>
  <system-out/>
  <testcase classname="seleniumpoperties.AlwaysRunExample" name="testcase1" time="0.000"/>
  <system-out/>
  <testcase classname="seleniumpoperties.AlwaysRunExample" name="testcase1" time="0.000"/>
  <system-out/>
  <testcase classname="seleniumpoperties.AlwaysRunExample" name="testcase1" time="0.000"/>
  <system-out/>
  <testcase classname="seleniumpoperties.AlwaysRunExample" name="testcase1" time="0.000"/>
  <system-out/>
  <testcase classname="seleniumpoperties.AlwaysRunExample" name="testcase1" time="0.000"/>
  <system-out/>
  <testcase classname="seleniumpoperties.AlwaysRunExample" name="testcase1" time="0.000"/>
  <system-out/>
  <testcase classname="seleniumpoperties.AlwaysRunExample" name="testcase1" time="0.000"/>
  <system-out/>
  <testcase classname="seleniumpoperties.AlwaysRunExample" name="testcase1" time="0.000"/>
  <system-out/>
  <testcase classname="seleniumpoperties.AlwaysRunExample" name="testcase1" time="0.001"/>
  <system-out/>
  <testcase classname="seleniumpoperties.AlwaysRunExample" name="testcase1" time="0.000"/>
  <system-out/>
  <testcase classname="seleniumpoperties.AlwaysRunExample" name="testcase1" time="0.000"/>
  <system-out/>
  <testcase classname="seleniumpoperties.AlwaysRunExample" name="testcase1" time="0.000"/>
  <system-out/>
  <testcase classname="seleniumpoperties.AlwaysRunExample" name="testcase1" time="0.000"/>
  <system-out/>
  <testcase classname="seleniumpoperties.AlwaysRunExample" name="testcase1" time="0.000"/>
  <system-out/>
  <testcase classname="seleniumpoperties.AlwaysRunExample" name="testcase1" time="0.000"/>
  <system-out/>
  <testcase classname="seleniumpoperties.AlwaysRunExample" name="testcase1" time="0.000"/>
  <system-out/>
  <testcase classname="seleniumpoperties.AlwaysRunExample" name="testcase1" time="0.000"/>
  <system-out/>
  <testcase classname="seleniumpoperties.AlwaysRunExample" name="testcase1" time="0.000"/>
  <system-out/>
  <testcase classname="seleniumpoperties.AlwaysRunExample" name="testcase1" time="0.000"/>
  <system-out/>
  <testcase classname="seleniumpoperties.AlwaysRunExample" name="testcase1" time="0.000"/>
  <system-out/>
  <testcase classname="seleniumpoperties.AlwaysRunExample" name="testcase1" time="0.001"/>
  <system-out/>
  <testcase classname="seleniumpoperties.AlwaysRunExample" name="testcase1" time="0.000"/>
  <system-out/>
  <testcase classname="seleniumpoperties.AlwaysRunExample" name="testcase1" time="0.000"/>
  <system-out/>
  <testcase classname="seleniumpoperties.AlwaysRunExample" name="testcase1" time="0.000"/>
  <system-out/>
  <testcase classname="seleniumpoperties.AlwaysRunExample" name="testcase1" time="0.000"/>
  <system-out/>
  <testcase classname="seleniumpoperties.AlwaysRunExample" name="testcase1" time="0.001"/>
  <system-out/>
  <testcase classname="seleniumpoperties.AlwaysRunExample" name="testcase1" time="0.000"/>
  <system-out/>
  <testcase classname="seleniumpoperties.AlwaysRunExample" name="testcase1" time="0.000"/>
  <system-out/>
  <testcase classname="seleniumpoperties.AlwaysRunExample" name="testcase1" time="0.000"/>
  <system-out/>
  <testcase classname="seleniumpoperties.AlwaysRunExample" name="testcase1" time="0.000"/>
  <system-out/>
  <testcase classname="seleniumpoperties.AlwaysRunExample" name="testcase1" time="0.000"/>
  <system-out/>
  <testcase classname="seleniumpoperties.AlwaysRunExample" name="testcase1" time="0.001"/>
  <system-out/>
  <testcase classname="seleniumpoperties.AlwaysRunExample" name="testcase1" time="0.000"/>
  <system-out/>
  <testcase classname="seleniumpoperties.AlwaysRunExample" name="testcase1" time="0.000"/>
  <system-out/>
  <testcase classname="seleniumpoperties.AlwaysRunExample" name="testcase1" time="0.000"/>
  <system-out/>
  <testcase classname="seleniumpoperties.AlwaysRunExample" name="testcase1" time="0.000"/>
  <system-out/>
  <testcase classname="seleniumpoperties.AlwaysRunExample" name="testcase1" time="0.000"/>
  <system-out/>
  <testcase classname="seleniumpoperties.AlwaysRunExample" name="testcase1" time="0.000"/>
  <system-out/>
  <testcase classname="seleniumpoperties.AlwaysRunExample" name="testcase1" time="0.000"/>
  <system-out/>
  <testcase classname="seleniumpoperties.AlwaysRunExample" name="testcase1" time="0.000"/>
  <system-out/>
  <testcase classname="seleniumpoperties.AlwaysRunExample" name="testcase1" time="0.000"/>
  <system-out/>
  <testcase classname="seleniumpoperties.AlwaysRunExample" name="testcase1" time="0.000"/>
  <system-out/>
  <testcase classname="seleniumpoperties.AlwaysRunExample" name="testcase1" time="0.000"/>
  <system-out/>
  <testcase classname="seleniumpoperties.AlwaysRunExample" name="testcase1" time="0.000"/>
  <system-out/>
  <testcase classname="seleniumpoperties.AlwaysRunExample" name="testcase1" time="0.000"/>
  <system-out/>
  <testcase classname="seleniumpoperties.AlwaysRunExample" name="testcase1" time="0.001"/>
  <system-out/>
  <testcase classname="seleniumpoperties.AlwaysRunExample" name="testcase1" time="0.000"/>
  <system-out/>
  <testcase classname="seleniumpoperties.AlwaysRunExample" name="testcase1" time="0.000"/>
  <system-out/>
  <testcase classname="seleniumpoperties.AlwaysRunExample" name="testcase1" time="0.000"/>
  <system-out/>
  <testcase classname="seleniumpoperties.AlwaysRunExample" name="testcase1" time="0.000"/>
  <system-out/>
  <testcase classname="seleniumpoperties.AlwaysRunExample" name="testcase1" time="0.000"/>
  <system-out/>
  <testcase classname="seleniumpoperties.AlwaysRunExample" name="testcase1" time="0.000"/>
  <system-out/>
  <testcase classname="seleniumpoperties.AlwaysRunExample" name="testcase1" time="0.000"/>
  <system-out/>
  <testcase classname="seleniumpoperties.AlwaysRunExample" name="testcase1" time="0.000"/>
  <system-out/>
  <testcase classname="seleniumpoperties.AlwaysRunExample" name="testcase1" time="0.000"/>
  <system-out/>
  <testcase classname="seleniumpoperties.AlwaysRunExample" name="testcase1" time="0.000"/>
  <system-out/>
  <testcase classname="seleniumpoperties.AlwaysRunExample" name="testcase1" time="0.000"/>
  <system-out/>
  <testcase classname="seleniumpoperties.AlwaysRunExample" name="testcase1" time="0.001"/>
  <system-out/>
  <testcase classname="seleniumpoperties.AlwaysRunExample" name="testcase1" time="0.001"/>
  <system-out/>
  <testcase classname="seleniumpoperties.AlwaysRunExample" name="testcase1" time="0.000"/>
  <system-out/>
  <testcase classname="seleniumpoperties.AlwaysRunExample" name="testcase1" time="0.000"/>
  <system-out/>
  <testcase classname="seleniumpoperties.AlwaysRunExample" name="testcase1" time="0.001"/>
  <system-out/>
  <testcase classname="seleniumpoperties.AlwaysRunExample" name="testcase1" time="0.001"/>
  <system-out/>
  <testcase classname="seleniumpoperties.AlwaysRunExample" name="testcase1" time="0.000"/>
  <system-out/>
  <testcase classname="seleniumpoperties.AlwaysRunExample" name="testcase1" time="0.000"/>
  <system-out/>
  <testcase classname="seleniumpoperties.AlwaysRunExample" name="testcase1" time="0.000"/>
  <system-out/>
  <testcase classname="seleniumpoperties.AlwaysRunExample" name="testcase1" time="0.000"/>
  <system-out/>
  <testcase classname="seleniumpoperties.AlwaysRunExample" name="testcase1" time="0.001"/>
  <system-out/>
  <testcase classname="seleniumpoperties.AlwaysRunExample" name="testcase1" time="0.000"/>
  <system-out/>
  <testcase classname="seleniumpoperties.AlwaysRunExample" name="testcase1" time="0.000"/>
  <system-out/>
  <testcase classname="seleniumpoperties.AlwaysRunExample" name="testcase1" time="0.000"/>
  <system-out/>
  <testcase classname="seleniumpoperties.AlwaysRunExample" name="testcase1" time="0.000"/>
  <system-out/>
  <testcase classname="seleniumpoperties.AlwaysRunExample" name="testcase1" time="0.000"/>
  <system-out/>
  <testcase classname="seleniumpoperties.AlwaysRunExample" name="testcase1" time="0.001"/>
  <system-out/>
  <testcase classname="seleniumpoperties.AlwaysRunExample" name="testcase1" time="0.001"/>
  <system-out/>
  <testcase classname="seleniumpoperties.AlwaysRunExample" name="testcase1" time="0.000"/>
  <system-out/>
  <testcase classname="seleniumpoperties.AlwaysRunExample" name="testcase1" time="0.001"/>
  <system-out/>
  <testcase classname="seleniumpoperties.AlwaysRunExample" name="testcase1" time="0.000"/>
  <system-out/>
  <testcase classname="seleniumpoperties.AlwaysRunExample" name="testcase1" time="0.000"/>
  <system-out/>
  <testcase classname="seleniumpoperties.AlwaysRunExample" name="testcase1" time="0.001"/>
  <system-out/>
  <testcase classname="seleniumpoperties.AlwaysRunExample" name="testcase1" time="0.000"/>
  <system-out/>
  <testcase classname="seleniumpoperties.AlwaysRunExample" name="testcase1" time="0.001"/>
  <system-out/>
  <testcase classname="seleniumpoperties.AlwaysRunExample" name="testcase1" time="0.000"/>
  <system-out/>
  <testcase classname="seleniumpoperties.AlwaysRunExample" name="testcase1" time="0.000"/>
  <system-out/>
  <testcase classname="seleniumpoperties.AlwaysRunExample" name="testcase1" time="0.000"/>
  <system-out/>
  <testcase classname="seleniumpoperties.AlwaysRunExample" name="testcase1" time="0.000"/>
  <system-out/>
  <testcase classname="seleniumpoperties.AlwaysRunExample" name="testcase1" time="0.000"/>
  <system-out/>
  <testcase classname="seleniumpoperties.AlwaysRunExample" name="testcase1" time="0.000"/>
  <system-out/>
  <testcase classname="seleniumpoperties.AlwaysRunExample" name="testcase1" time="0.000"/>
  <system-out/>
  <testcase classname="seleniumpoperties.AlwaysRunExample" name="testcase1" time="0.000"/>
  <system-out/>
  <testcase classname="seleniumpoperties.AlwaysRunExample" name="testcase1" time="0.001"/>
  <system-out/>
  <testcase classname="seleniumpoperties.AlwaysRunExample" name="testcase1" time="0.001"/>
  <system-out/>
  <testcase classname="seleniumpoperties.AlwaysRunExample" name="testcase1" time="0.000"/>
  <system-out/>
  <testcase classname="seleniumpoperties.AlwaysRunExample" name="testcase1" time="0.000"/>
  <system-out/>
  <testcase classname="seleniumpoperties.AlwaysRunExample" name="testcase1" time="0.000"/>
  <system-out/>
  <testcase classname="seleniumpoperties.AlwaysRunExample" name="testcase1" time="0.000"/>
  <system-out/>
  <testcase classname="seleniumpoperties.AlwaysRunExample" name="testcase1" time="0.000"/>
  <system-out/>
  <testcase classname="seleniumpoperties.AlwaysRunExample" name="testcase1" time="0.000"/>
  <system-out/>
  <testcase classname="seleniumpoperties.AlwaysRunExample" name="testcase1" time="0.001"/>
  <system-out/>
  <testcase classname="seleniumpoperties.AlwaysRunExample" name="testcase1" time="0.000"/>
  <system-out/>
  <testcase classname="seleniumpoperties.AlwaysRunExample" name="testcase1" time="0.001"/>
  <system-out/>
  <testcase classname="seleniumpoperties.AlwaysRunExample" name="testcase1" time="0.000"/>
  <system-out/>
  <testcase classname="seleniumpoperties.AlwaysRunExample" name="testcase1" time="0.001"/>
  <system-out/>
  <testcase classname="seleniumpoperties.AlwaysRunExample" name="testcase1" time="0.000"/>
  <system-out/>
  <testcase classname="seleniumpoperties.AlwaysRunExample" name="testcase1" time="0.001"/>
  <system-out/>
  <testcase classname="seleniumpoperties.AlwaysRunExample" name="testcase1" time="0.000"/>
  <system-out/>
  <testcase classname="seleniumpoperties.AlwaysRunExample" name="testcase1" time="0.000"/>
  <system-out/>
  <testcase classname="seleniumpoperties.AlwaysRunExample" name="testcase1" time="0.000"/>
  <system-out/>
  <testcase classname="seleniumpoperties.AlwaysRunExample" name="testcase1" time="0.000"/>
  <system-out/>
  <testcase classname="seleniumpoperties.AlwaysRunExample" name="testcase1" time="0.001"/>
  <system-out/>
  <testcase classname="seleniumpoperties.AlwaysRunExample" name="testcase1" time="0.000"/>
  <system-out/>
  <testcase classname="seleniumpoperties.AlwaysRunExample" name="testcase1" time="0.000"/>
  <system-out/>
  <testcase classname="seleniumpoperties.AlwaysRunExample" name="testcase1" time="0.001"/>
  <system-out/>
  <testcase classname="seleniumpoperties.AlwaysRunExample" name="testcase1" time="0.000"/>
  <system-out/>
  <testcase classname="seleniumpoperties.AlwaysRunExample" name="testcase1" time="0.000"/>
  <system-out/>
  <testcase classname="seleniumpoperties.AlwaysRunExample" name="testcase1" time="0.000"/>
  <system-out/>
  <testcase classname="seleniumpoperties.AlwaysRunExample" name="testcase1" time="0.000"/>
  <system-out/>
  <testcase classname="seleniumpoperties.AlwaysRunExample" name="testcase1" time="0.000"/>
  <system-out/>
  <testcase classname="seleniumpoperties.AlwaysRunExample" name="testcase1" time="0.000"/>
  <system-out/>
  <testcase classname="seleniumpoperties.AlwaysRunExample" name="testcase1" time="0.000"/>
  <system-out/>
  <testcase classname="seleniumpoperties.AlwaysRunExample" name="testcase1" time="0.001"/>
  <system-out/>
  <testcase classname="seleniumpoperties.AlwaysRunExample" name="testcase1" time="0.000"/>
  <system-out/>
  <testcase classname="seleniumpoperties.AlwaysRunExample" name="testcase1" time="0.000"/>
  <system-out/>
  <testcase classname="seleniumpoperties.AlwaysRunExample" name="testcase1" time="0.001"/>
  <system-out/>
  <testcase classname="seleniumpoperties.AlwaysRunExample" name="testcase1" time="0.000"/>
  <system-out/>
  <testcase classname="seleniumpoperties.AlwaysRunExample" name="testcase1" time="0.000"/>
  <system-out/>
  <testcase classname="seleniumpoperties.AlwaysRunExample" name="testcase1" time="0.000"/>
  <system-out/>
  <testcase classname="seleniumpoperties.AlwaysRunExample" name="testcase1" time="0.001"/>
  <system-out/>
  <testcase classname="seleniumpoperties.AlwaysRunExample" name="testcase1" time="0.000"/>
  <system-out/>
  <testcase classname="seleniumpoperties.AlwaysRunExample" name="testcase1" time="0.000"/>
  <system-out/>
  <testcase classname="seleniumpoperties.AlwaysRunExample" name="testcase1" time="0.000"/>
  <system-out/>
  <testcase classname="seleniumpoperties.AlwaysRunExample" name="testcase1" time="0.001"/>
  <system-out/>
  <testcase classname="seleniumpoperties.AlwaysRunExample" name="testcase1" time="0.001"/>
  <system-out/>
  <testcase classname="seleniumpoperties.AlwaysRunExample" name="testcase1" time="0.001"/>
  <system-out/>
  <testcase classname="seleniumpoperties.AlwaysRunExample" name="testcase1" time="0.000"/>
  <system-out/>
  <testcase classname="seleniumpoperties.AlwaysRunExample" name="testcase1" time="0.000"/>
  <system-out/>
  <testcase classname="seleniumpoperties.AlwaysRunExample" name="testcase1" time="0.000"/>
  <system-out/>
  <testcase classname="seleniumpoperties.AlwaysRunExample" name="testcase1" time="0.000"/>
  <system-out/>
  <testcase classname="seleniumpoperties.AlwaysRunExample" name="testcase1" time="0.000"/>
  <system-out/>
  <testcase classname="seleniumpoperties.AlwaysRunExample" name="testcase1" time="0.000"/>
  <system-out/>
  <testcase classname="seleniumpoperties.AlwaysRunExample" name="testcase1" time="0.000"/>
  <system-out/>
  <testcase classname="seleniumpoperties.AlwaysRunExample" name="testcase1" time="0.000"/>
  <system-out/>
  <testcase classname="seleniumpoperties.AlwaysRunExample" name="testcase1" time="0.000"/>
  <system-out/>
  <testcase classname="seleniumpoperties.AlwaysRunExample" name="testcase1" time="0.000"/>
  <system-out/>
  <testcase classname="seleniumpoperties.AlwaysRunExample" name="testcase1" time="0.000"/>
  <system-out/>
  <testcase classname="seleniumpoperties.AlwaysRunExample" name="testcase1" time="0.000"/>
  <system-out/>
  <testcase classname="seleniumpoperties.AlwaysRunExample" name="testcase1" time="0.000"/>
  <system-out/>
  <testcase classname="seleniumpoperties.AlwaysRunExample" name="testcase1" time="0.000"/>
  <system-out/>
  <testcase classname="seleniumpoperties.AlwaysRunExample" name="testcase1" time="0.000"/>
  <system-out/>
  <testcase classname="seleniumpoperties.AlwaysRunExample" name="testcase1" time="0.000"/>
  <system-out/>
  <testcase classname="seleniumpoperties.AlwaysRunExample" name="testcase1" time="0.000"/>
  <system-out/>
  <testcase classname="seleniumpoperties.AlwaysRunExample" name="testcase1" time="0.000"/>
  <system-out/>
  <testcase classname="seleniumpoperties.AlwaysRunExample" name="testcase1" time="0.001"/>
  <system-out/>
  <testcase classname="seleniumpoperties.AlwaysRunExample" name="testcase1" time="0.000"/>
  <system-out/>
  <testcase classname="seleniumpoperties.AlwaysRunExample" name="testcase1" time="0.001"/>
  <system-out/>
  <testcase classname="seleniumpoperties.AlwaysRunExample" name="testcase1" time="0.001"/>
  <system-out/>
  <testcase classname="seleniumpoperties.AlwaysRunExample" name="testcase1" time="0.001"/>
  <system-out/>
  <testcase classname="seleniumpoperties.AlwaysRunExample" name="testcase1" time="0.001"/>
  <system-out/>
  <testcase classname="seleniumpoperties.AlwaysRunExample" name="testcase1" time="0.000"/>
  <system-out/>
  <testcase classname="seleniumpoperties.AlwaysRunExample" name="testcase1" time="0.001"/>
  <system-out/>
  <testcase classname="seleniumpoperties.AlwaysRunExample" name="testcase1" time="0.000"/>
  <system-out/>
  <testcase classname="seleniumpoperties.AlwaysRunExample" name="testcase1" time="0.000"/>
  <system-out/>
  <testcase classname="seleniumpoperties.AlwaysRunExample" name="testcase1" time="0.001"/>
  <system-out/>
  <testcase classname="seleniumpoperties.AlwaysRunExample" name="testcase1" time="0.000"/>
  <system-out/>
  <testcase classname="seleniumpoperties.AlwaysRunExample" name="testcase1" time="0.002"/>
  <system-out/>
  <testcase classname="seleniumpoperties.AlwaysRunExample" name="testcase1" time="0.000"/>
  <system-out/>
  <testcase classname="seleniumpoperties.AlwaysRunExample" name="testcase1" time="0.001"/>
  <system-out/>
  <testcase classname="seleniumpoperties.AlwaysRunExample" name="testcase1" time="0.001"/>
  <system-out/>
  <testcase classname="seleniumpoperties.AlwaysRunExample" name="testcase1" time="0.000"/>
  <system-out/>
  <testcase classname="seleniumpoperties.AlwaysRunExample" name="testcase1" time="0.000"/>
  <system-out/>
  <testcase classname="seleniumpoperties.AlwaysRunExample" name="testcase1" time="0.000"/>
  <system-out/>
  <testcase classname="seleniumpoperties.AlwaysRunExample" name="testcase1" time="0.000"/>
  <system-out/>
  <testcase classname="seleniumpoperties.AlwaysRunExample" name="testcase1" time="0.000"/>
  <system-out/>
  <testcase classname="seleniumpoperties.AlwaysRunExample" name="testcase1" time="0.000"/>
  <system-out/>
  <testcase classname="seleniumpoperties.AlwaysRunExample" name="testcase1" time="0.000"/>
  <system-out/>
  <testcase classname="seleniumpoperties.AlwaysRunExample" name="testcase1" time="0.000"/>
  <system-out/>
  <testcase classname="seleniumpoperties.AlwaysRunExample" name="testcase1" time="0.002"/>
  <system-out/>
  <testcase classname="seleniumpoperties.AlwaysRunExample" name="testcase1" time="0.000"/>
  <system-out/>
  <testcase classname="seleniumpoperties.AlwaysRunExample" name="testcase1" time="0.000"/>
  <system-out/>
  <testcase classname="seleniumpoperties.AlwaysRunExample" name="testcase1" time="0.001"/>
  <system-out/>
  <testcase classname="seleniumpoperties.AlwaysRunExample" name="testcase1" time="0.000"/>
  <system-out/>
  <testcase classname="seleniumpoperties.AlwaysRunExample" name="testcase1" time="0.000"/>
  <system-out/>
  <testcase classname="seleniumpoperties.AlwaysRunExample" name="testcase1" time="0.000"/>
  <system-out/>
  <testcase classname="seleniumpoperties.AlwaysRunExample" name="testcase1" time="0.000"/>
  <system-out/>
  <testcase classname="seleniumpoperties.AlwaysRunExample" name="testcase1" time="0.001"/>
  <system-out/>
  <testcase classname="seleniumpoperties.AlwaysRunExample" name="testcase1" time="0.000"/>
  <system-out/>
  <testcase classname="seleniumpoperties.AlwaysRunExample" name="testcase1" time="0.000"/>
  <system-out/>
  <testcase classname="seleniumpoperties.AlwaysRunExample" name="testcase1" time="0.000"/>
  <system-out/>
  <testcase classname="seleniumpoperties.AlwaysRunExample" name="testcase1" time="0.000"/>
  <system-out/>
  <testcase classname="seleniumpoperties.AlwaysRunExample" name="testcase1" time="0.000"/>
  <system-out/>
  <testcase classname="seleniumpoperties.AlwaysRunExample" name="testcase1" time="0.001"/>
  <system-out/>
  <testcase classname="seleniumpoperties.AlwaysRunExample" name="testcase1" time="0.000"/>
  <system-out/>
  <testcase classname="seleniumpoperties.AlwaysRunExample" name="testcase1" time="0.000"/>
  <system-out/>
</testsuite> <!-- seleniumpoperties.AlwaysRunExample -->
