<?xml version="1.0" encoding="UTF-8"?>
<!-- Generated by org.testng.reporters.JUnitReportReporter -->
<testsuite hostname="LAPTOP-SPH6G305" failures="0" tests="2" name="seleniumpractice.WaitsInSelenium.BeforeMethodAndAfterMethod" time="0.032" errors="0" timestamp="2024-03-21T12:31:48 IST" skipped="0">
  <testcase classname="seleniumpractice.WaitsInSelenium.BeforeMethodAndAfterMethod" name="testCase2" time="0.003"/>
  <testcase classname="seleniumpractice.WaitsInSelenium.BeforeMethodAndAfterMethod" name="testCase1" time="0.029"/>
</testsuite> <!-- seleniumpractice.WaitsInSelenium.BeforeMethodAndAfterMethod -->
