<?xml version="1.0" encoding="UTF-8"?>
<!-- Generated by org.testng.reporters.JUnitReportReporter -->
<testsuite hostname="LAPTOP-SPH6G305" failures="0" tests="1" name="Practice99.Practice99.BeforeAndAfterClass.NewTest" time="0.010" errors="0" timestamp="2024-09-19T14:23:27 IST" skipped="0">
  <testcase classname="Practice99.Practice99.BeforeAndAfterClass.NewTest" name="f" time="0.010"/>
  <system-out/>
</testsuite> <!-- Practice99.Practice99.BeforeAndAfterClass.NewTest -->
