<?xml version="1.0" encoding="UTF-8"?>
<!-- Generated by org.testng.reporters.JUnitReportReporter -->
<testsuite hostname="LAPTOP-SPH6G305" failures="0" tests="5" name="Practice99.BeforeAndAfterClass.TestCasepriority" time="0.033" errors="0" timestamp="2024-03-25T09:02:10 IST" skipped="0">
  <testcase classname="Practice99.BeforeAndAfterClass.TestCasepriority" name="TestMethodA" time="0.021"/>
  <testcase classname="Practice99.BeforeAndAfterClass.TestCasepriority" name="testMethodC" time="0.003"/>
  <testcase classname="Practice99.BeforeAndAfterClass.TestCasepriority" name="testMethodE" time="0.003"/>
  <testcase classname="Practice99.BeforeAndAfterClass.TestCasepriority" name="testMehtodD" time="0.002"/>
  <testcase classname="Practice99.BeforeAndAfterClass.TestCasepriority" name="TestMethodB" time="0.004"/>
</testsuite> <!-- Practice99.BeforeAndAfterClass.TestCasepriority -->
