<?xml version="1.0" encoding="UTF-8"?>
<!-- Generated by org.testng.reporters.JUnitReportReporter -->
<testsuite hostname="LAPTOP-SPH6G305" failures="0" tests="5" name="testNG.TestCasesWithoutPriorityExample" time="0.031" errors="0" timestamp="2024-08-28T12:06:10 IST" skipped="0">
  <testcase classname="testNG.TestCasesWithoutPriorityExample" name="TestMethodB" time="0.003"/>
  <system-out/>
  <testcase classname="testNG.TestCasesWithoutPriorityExample" name="testMehtodC" time="0.002"/>
  <system-out/>
  <testcase classname="testNG.TestCasesWithoutPriorityExample" name="testMethodA" time="0.011"/>
  <system-out/>
  <testcase classname="testNG.TestCasesWithoutPriorityExample" name="TestMethod" time="0.013"/>
  <system-out/>
  <testcase classname="testNG.TestCasesWithoutPriorityExample" name="TestMethodD" time="0.002"/>
  <system-out/>
</testsuite> <!-- testNG.TestCasesWithoutPriorityExample -->
