<?xml version="1.0" encoding="UTF-8"?>
<!-- Generated by org.testng.reporters.JUnitReportReporter -->
<testsuite hostname="LAPTOP-SPH6G305" failures="0" tests="1" name="seleniumpoperties.NewTest" time="0.007" errors="0" timestamp="2024-07-09T12:52:48 IST" skipped="0">
  <testcase classname="seleniumpoperties.NewTest" name="f" time="0.007"/>
  <system-out/>
</testsuite> <!-- seleniumpoperties.NewTest -->
