<?xml version="1.0" encoding="UTF-8"?>
<!-- Generated by org.testng.reporters.JUnitReportReporter -->
<testsuite hostname="LAPTOP-SPH6G305" failures="0" tests="2" name="seleniumpoperties.dependsOnMethods" time="0.012" errors="0" timestamp="2024-07-10T09:07:37 IST" skipped="0">
  <testcase classname="seleniumpoperties.dependsOnMethods" name="testcase1" time="0.011"/>
  <system-out/>
  <testcase classname="seleniumpoperties.dependsOnMethods" name="testcase2" time="0.001"/>
  <system-out/>
</testsuite> <!-- seleniumpoperties.dependsOnMethods -->
