<?xml version="1.0" encoding="UTF-8"?>
<!-- Generated by org.testng.reporters.JUnitReportReporter -->
<testsuite hostname="LAPTOP-SPH6G305" failures="0" tests="1" name="Repractice.TestNG" time="0.007" errors="0" timestamp="2024-01-31T07:01:16 IST" skipped="0">
  <testcase classname="Repractice.TestNG" name="testCase2" time="0.007"/>
</testsuite> <!-- Repractice.TestNG -->
