<?xml version="1.0" encoding="UTF-8"?>
<!-- Generated by org.testng.reporters.JUnitReportReporter -->
<testsuite hostname="LAPTOP-SPH6G305" failures="0" tests="5" name="Repractice.TestCaseWithPriority" time="0.028" errors="0" timestamp="2024-01-31T07:37:56 IST" skipped="0">
  <testcase classname="Repractice.TestCaseWithPriority" name="testMethod3" time="0.012"/>
  <testcase classname="Repractice.TestCaseWithPriority" name="testMethod4" time="0.002"/>
  <testcase classname="Repractice.TestCaseWithPriority" name="testMethod5" time="0.003"/>
  <testcase classname="Repractice.TestCaseWithPriority" name="testMethod1" time="0.008"/>
  <testcase classname="Repractice.TestCaseWithPriority" name="testMethod2" time="0.003"/>
</testsuite> <!-- Repractice.TestCaseWithPriority -->
