<?xml version="1.0" encoding="UTF-8"?>
<!-- Generated by org.testng.reporters.JUnitReportReporter -->
<testsuite hostname="LAPTOP-SPH6G305" failures="0" tests="2" name="Repractice.SecondExample" time="0.054" errors="0" timestamp="2024-01-31T07:03:46 IST" skipped="0">
  <testcase classname="Repractice.SecondExample" name="verifyLoginCredentials" time="0.046"/>
  <testcase classname="Repractice.SecondExample" name="verifyLoginCredentials2" time="0.008"/>
</testsuite> <!-- Repractice.SecondExample -->
