<?xml version="1.0" encoding="UTF-8"?>
<!-- Generated by org.testng.reporters.JUnitReportReporter -->
<testsuite hostname="LAPTOP-SPH6G305" failures="0" tests="2" name="Repractice.BeforeMethodAndAfterMethodExample" time="0.013" errors="0" timestamp="2024-01-31T07:17:07 IST" skipped="0">
  <testcase classname="Repractice.BeforeMethodAndAfterMethodExample" name="testCase1" time="0.011"/>
  <testcase classname="Repractice.BeforeMethodAndAfterMethodExample" name="testCase2" time="0.002"/>
</testsuite> <!-- Repractice.BeforeMethodAndAfterMethodExample -->
