<?xml version="1.0" encoding="UTF-8"?>
<!-- Generated by org.testng.reporters.JUnitReportReporter -->
<testsuite hostname="LAPTOP-SPH6G305" failures="0" tests="2" name="TestNg.DemoTestNg" time="0.010" errors="0" timestamp="2024-01-19T11:36:00 IST" skipped="0">
  <testcase classname="TestNg.DemoTestNg" name="testCase2" time="0.003"/>
  <testcase classname="TestNg.DemoTestNg" name="testCase1" time="0.007"/>
</testsuite> <!-- TestNg.DemoTestNg -->
