<?xml version="1.0" encoding="UTF-8"?>
<!-- Generated by org.testng.reporters.JUnitReportReporter -->
<testsuite hostname="LAPTOP-SPH6G305" failures="0" tests="6" name="Repractice.Priority" time="0.023" errors="0" timestamp="2024-01-31T07:28:31 IST" skipped="0">
  <testcase classname="Repractice.Priority" name="testMethodA" time="0.008"/>
  <testcase classname="Repractice.Priority" name="testMethodF" time="0.005"/>
  <testcase classname="Repractice.Priority" name="testMethodE" time="0.001"/>
  <testcase classname="Repractice.Priority" name="testMethodB" time="0.002"/>
  <testcase classname="Repractice.Priority" name="testMethodC" time="0.006"/>
  <testcase classname="Repractice.Priority" name="testMethodD" time="0.001"/>
</testsuite> <!-- Repractice.Priority -->
